[ 2017-05-26T16:37:48+08:00 ] ::1 /eshop/index.php/admin
ERR: Cron:cron Runat 2017-05-26 16:37:48 Use 0.000289 s

[ 2017-05-26T16:37:48+08:00 ] ::1 /eshop/index.php/admin
ERR: 模板不存在:./App/Admin/View/default/Index/index.html

[ 2017-05-26T16:37:58+08:00 ] ::1 /eshop/index.php/Admin/
ERR: Cron:cron Runat 2017-05-26 16:37:58 Use 0.000791 s

[ 2017-05-26T16:37:58+08:00 ] ::1 /eshop/index.php/Admin/
ERR: 模板不存在:./App/Admin/View/default/Index/index.html

[ 2017-05-26T16:38:11+08:00 ] ::1 /eshop/index.php/Admin/Index/
ERR: Cron:cron Runat 2017-05-26 16:38:11 Use 0.000367 s

[ 2017-05-26T16:38:11+08:00 ] ::1 /eshop/index.php/Admin/Index/
ERR: 模板不存在:./App/Admin/View/default/Index/index.html

[ 2017-05-26T16:38:16+08:00 ] ::1 /eshop/index.php/Admin/Index/index.html
ERR: Cron:cron Runat 2017-05-26 16:38:16 Use 0.000363 s

[ 2017-05-26T16:38:16+08:00 ] ::1 /eshop/index.php/Admin/Index/index.html
ERR: 模板不存在:./App/Admin/View/default/Index/index.html

[ 2017-05-26T16:38:57+08:00 ] ::1 /eshop/index.php/Admin/Index/index.html
ERR: Cron:cron Runat 2017-05-26 16:38:57 Use 0.000511 s

[ 2017-05-26T16:38:57+08:00 ] ::1 /eshop/index.php/Admin/Index/index.html
ERR: 模板不存在:./App/Admin/View/default/Index/index.html

[ 2017-05-26T16:39:05+08:00 ] ::1 /eshop/index.php/Admin/Index/
ERR: Cron:cron Runat 2017-05-26 16:39:05 Use 0.000465 s

[ 2017-05-26T16:39:05+08:00 ] ::1 /eshop/index.php/Admin/Index/
ERR: 模板不存在:./App/Admin/View/default/Index/index.html

[ 2017-05-26T16:39:05+08:00 ] ::1 /eshop/index.php/Admin/
ERR: 模板不存在:./App/Admin/View/default/Index/index.html

[ 2017-05-26T16:39:06+08:00 ] ::1 /eshop/index.php/admin
ERR: 模板不存在:./App/Admin/View/default/Index/index.html

[ 2017-05-26T16:39:20+08:00 ] ::1 /eshop/index.php/Admin/Index/index.html
ERR: Cron:cron Runat 2017-05-26 16:39:20 Use 0.001897 s

[ 2017-05-26T16:39:20+08:00 ] ::1 /eshop/index.php/Admin/Index/index.html
ERR: 模板不存在:./App/Admin/View/default/Index/index.html

[ 2017-05-26T16:40:02+08:00 ] ::1 /eshop/index.php/Admin/Index/index.html
ERR: Cron:cron Runat 2017-05-26 16:40:02 Use 0.000367 s

[ 2017-05-26T16:40:09+08:00 ] ::1 /eshop/index.php/Admin/Index/index.html
ERR: Cron:cron Runat 2017-05-26 16:40:09 Use 0.000371 s

[ 2017-05-26T16:57:59+08:00 ] ::1 /eshop/index.php/Admin/Index/index.html
ERR: Cron:cron Runat 2017-05-26 16:57:59 Use 0.000344 s

[ 2017-05-26T17:03:24+08:00 ] ::1 /eshop/index.php/Admin/Index/index.html
ERR: Cron:cron Runat 2017-05-26 17:03:24 Use 0.000353 s

[ 2017-05-26T17:03:36+08:00 ] ::1 /eshop/index.php/Admin/Index/index.html
ERR: Cron:cron Runat 2017-05-26 17:03:36 Use 0.000312 s

[ 2017-05-26T17:04:16+08:00 ] ::1 /eshop/index.php/Admin/Index/index.html
ERR: Cron:cron Runat 2017-05-26 17:04:16 Use 0.000393 s

[ 2017-05-26T17:05:09+08:00 ] ::1 /eshop/index.php/Admin/Index/index.html
ERR: Cron:cron Runat 2017-05-26 17:05:09 Use 0.000640 s

[ 2017-05-26T17:05:11+08:00 ] ::1 /eshop/index.php/Admin/Index/index.html
ERR: Cron:cron Runat 2017-05-26 17:05:11 Use 0.000340 s

[ 2017-05-26T17:07:43+08:00 ] ::1 /eshop/index.php/Admin/Index/index.html
ERR: Cron:cron Runat 2017-05-26 17:07:43 Use 0.000365 s

[ 2017-05-26T17:07:51+08:00 ] ::1 /eshop/index.php/Admin/Index/index.html
ERR: Cron:cron Runat 2017-05-26 17:07:51 Use 0.000368 s

[ 2017-05-26T17:10:02+08:00 ] ::1 /eshop/index.php/Admin/Index/index.html
ERR: Cron:cron Runat 2017-05-26 17:10:02 Use 0.000302 s

[ 2017-05-26T17:12:30+08:00 ] ::1 /eshop/index.php/Admin/Index/index.html
ERR: Cron:cron Runat 2017-05-26 17:12:30 Use 0.000288 s

[ 2017-05-26T17:12:44+08:00 ] ::1 /eshop/index.php/Admin/Index/index.html
ERR: Cron:cron Runat 2017-05-26 17:12:44 Use 0.001712 s

[ 2017-05-26T17:14:36+08:00 ] ::1 /eshop/index.php/Admin/Index/index.html
ERR: Cron:cron Runat 2017-05-26 17:14:36 Use 0.000330 s

[ 2017-05-26T17:15:09+08:00 ] ::1 /eshop/index.php/Admin/Index/index.html
ERR: Cron:cron Runat 2017-05-26 17:15:09 Use 0.000263 s

[ 2017-05-26T17:16:18+08:00 ] ::1 /eshop/index.php/Admin/Index/index.html
ERR: Cron:cron Runat 2017-05-26 17:16:18 Use 0.001167 s

[ 2017-05-26T17:18:03+08:00 ] ::1 /eshop/index.php/Admin/Index/index.html
ERR: Cron:cron Runat 2017-05-26 17:18:03 Use 0.000302 s

[ 2017-05-26T17:19:19+08:00 ] ::1 /eshop/index.php/Admin/Index/index.html
ERR: Cron:cron Runat 2017-05-26 17:19:19 Use 0.000340 s

[ 2017-05-26T17:19:47+08:00 ] ::1 /eshop/index.php/Admin/Index/index.html
ERR: Cron:cron Runat 2017-05-26 17:19:47 Use 0.001224 s

[ 2017-05-26T17:21:07+08:00 ] ::1 /eshop/index.php/Admin/Index/index.html
ERR: Cron:cron Runat 2017-05-26 17:21:07 Use 0.000351 s

[ 2017-05-26T17:21:27+08:00 ] ::1 /eshop/index.php/Admin/Index/index.html
ERR: Cron:cron Runat 2017-05-26 17:21:27 Use 0.000959 s

[ 2017-05-26T17:21:31+08:00 ] ::1 /eshop/index.php/Admin/Index/index.html
ERR: Cron:cron Runat 2017-05-26 17:21:31 Use 0.001134 s

[ 2017-05-26T17:22:20+08:00 ] ::1 /eshop/index.php/Admin/Index/index.html
ERR: Cron:cron Runat 2017-05-26 17:22:20 Use 0.000330 s

[ 2017-05-26T17:22:39+08:00 ] ::1 /eshop/index.php/Admin/Index/index.html
ERR: Cron:cron Runat 2017-05-26 17:22:39 Use 0.000391 s

