[ 2017-05-28T08:32:24+08:00 ] ::1 /eshop/index.php/Admin/Login/index.html
ERR: Cron:cron Runat 2017-05-28 08:32:24 Use 0.000402 s

[ 2017-05-28T09:00:47+08:00 ] ::1 /eshop/index.php/Admin/Login/index.html
ERR: Cron:cron Runat 2017-05-28 09:00:47 Use 0.000652 s

[ 2017-05-28T09:12:32+08:00 ] ::1 /eshop/index.php/Admin/Login/index.html
ERR: Cron:cron Runat 2017-05-28 09:12:32 Use 0.000348 s

[ 2017-05-28T09:12:49+08:00 ] ::1 /eshop/index.php/Admin/Login/index.html
ERR: Cron:cron Runat 2017-05-28 09:12:49 Use 0.000309 s

[ 2017-05-28T09:14:37+08:00 ] ::1 /eshop/index.php/Admin/Login/index.html
ERR: Cron:cron Runat 2017-05-28 09:14:37 Use 0.000321 s

[ 2017-05-28T09:15:07+08:00 ] ::1 /eshop/index.php/Admin/Login/index.html
ERR: Cron:cron Runat 2017-05-28 09:15:07 Use 0.000347 s

[ 2017-05-28T09:15:43+08:00 ] ::1 /eshop/index.php/Admin/Login/index.html
ERR: Cron:cron Runat 2017-05-28 09:15:43 Use 0.000369 s

[ 2017-05-28T09:15:49+08:00 ] ::1 /eshop/index.php/Admin/Login/index.html
ERR: Cron:cron Runat 2017-05-28 09:15:49 Use 0.000342 s

[ 2017-05-28T09:19:13+08:00 ] ::1 /eshop/index.php/Admin/Login/index.html
ERR: Cron:cron Runat 2017-05-28 09:19:13 Use 0.000367 s

[ 2017-05-28T09:19:23+08:00 ] ::1 /eshop/index.php/Admin/Login/index.html
ERR: Cron:cron Runat 2017-05-28 09:19:23 Use 0.000338 s

[ 2017-05-28T09:19:34+08:00 ] ::1 /eshop/index.php/Admin/Login/index.html
ERR: Cron:cron Runat 2017-05-28 09:19:34 Use 0.000426 s

[ 2017-05-28T09:20:06+08:00 ] ::1 /eshop/index.php/Admin/Login/index.html
ERR: Cron:cron Runat 2017-05-28 09:20:06 Use 0.000595 s

[ 2017-05-28T09:20:18+08:00 ] ::1 /eshop/index.php/Admin/Login/index.html
ERR: Cron:cron Runat 2017-05-28 09:20:18 Use 0.000276 s

[ 2017-05-28T09:20:41+08:00 ] ::1 /eshop/index.php/Admin/Login/index.html
ERR: Cron:cron Runat 2017-05-28 09:20:41 Use 0.000312 s

[ 2017-05-28T09:30:52+08:00 ] ::1 /eshop/index.php/Admin/Login/index.html
ERR: Cron:cron Runat 2017-05-28 09:30:52 Use 0.000428 s

[ 2017-05-28T09:31:19+08:00 ] ::1 /eshop/index.php/Admin/Login/index.html
ERR: Cron:cron Runat 2017-05-28 09:31:19 Use 0.000271 s

[ 2017-05-28T09:31:34+08:00 ] ::1 /eshop/index.php/Admin/Login/index.html
ERR: Cron:cron Runat 2017-05-28 09:31:34 Use 0.000315 s

[ 2017-05-28T09:31:48+08:00 ] ::1 /eshop/index.php/Admin/Login/index.html
ERR: Cron:cron Runat 2017-05-28 09:31:48 Use 0.000290 s

[ 2017-05-28T09:31:54+08:00 ] ::1 /eshop/index.php/Admin/Login/index.html
ERR: Cron:cron Runat 2017-05-28 09:31:54 Use 0.000275 s

[ 2017-05-28T09:32:27+08:00 ] ::1 /eshop/index.php/Admin/Login/index.html
ERR: Cron:cron Runat 2017-05-28 09:32:27 Use 0.000327 s

[ 2017-05-28T09:32:38+08:00 ] ::1 /eshop/index.php/Admin/Login/index.html
ERR: Cron:cron Runat 2017-05-28 09:32:38 Use 0.000263 s

[ 2017-05-28T09:32:58+08:00 ] ::1 /eshop/index.php/Admin/Login/index.html
ERR: Cron:cron Runat 2017-05-28 09:32:58 Use 0.000301 s

[ 2017-05-28T09:33:21+08:00 ] ::1 /eshop/index.php/Admin/Login/index.html
ERR: Cron:cron Runat 2017-05-28 09:33:21 Use 0.000326 s

[ 2017-05-28T09:33:41+08:00 ] ::1 /eshop/index.php/Admin/Login/index.html
ERR: Cron:cron Runat 2017-05-28 09:33:41 Use 0.000338 s

[ 2017-05-28T09:38:19+08:00 ] ::1 /eshop/index.php/Admin/Login/index.html
ERR: Cron:cron Runat 2017-05-28 09:38:19 Use 0.000281 s

[ 2017-05-28T09:38:48+08:00 ] ::1 /eshop/index.php/Admin/Login/index.html
ERR: Cron:cron Runat 2017-05-28 09:38:48 Use 0.000349 s

[ 2017-05-28T09:39:03+08:00 ] ::1 /eshop/index.php/Admin/Login/index.html
ERR: Cron:cron Runat 2017-05-28 09:39:03 Use 0.000392 s

[ 2017-05-28T09:39:28+08:00 ] ::1 /eshop/index.php/Admin/Login/index.html
ERR: Cron:cron Runat 2017-05-28 09:39:28 Use 0.000356 s

[ 2017-05-28T09:41:43+08:00 ] ::1 /eshop/index.php/Admin/Login/index.html
ERR: Cron:cron Runat 2017-05-28 09:41:43 Use 0.000351 s

[ 2017-05-28T09:41:56+08:00 ] ::1 /eshop/index.php/Admin/Login/index.html
ERR: Cron:cron Runat 2017-05-28 09:41:56 Use 0.000336 s

[ 2017-05-28T09:42:06+08:00 ] ::1 /eshop/index.php/Admin/Login/index.html
ERR: Cron:cron Runat 2017-05-28 09:42:06 Use 0.000353 s

[ 2017-05-28T09:42:28+08:00 ] ::1 /eshop/index.php/Admin/Login/index.html
ERR: Cron:cron Runat 2017-05-28 09:42:28 Use 0.000276 s

[ 2017-05-28T09:42:54+08:00 ] ::1 /eshop/index.php/Admin/Login/index.html
ERR: Cron:cron Runat 2017-05-28 09:42:54 Use 0.000326 s

[ 2017-05-28T09:43:02+08:00 ] ::1 /eshop/index.php/Admin/Login/index.html
ERR: Cron:cron Runat 2017-05-28 09:43:02 Use 0.000337 s

[ 2017-05-28T09:43:36+08:00 ] ::1 /eshop/index.php/Admin/Login/index.html
ERR: Cron:cron Runat 2017-05-28 09:43:36 Use 0.000493 s

[ 2017-05-28T09:44:48+08:00 ] ::1 /eshop/index.php/Admin/Login/index.html
ERR: Cron:cron Runat 2017-05-28 09:44:48 Use 0.000300 s

[ 2017-05-28T09:45:08+08:00 ] ::1 /eshop/index.php/Admin/Login/index.html
ERR: Cron:cron Runat 2017-05-28 09:45:08 Use 0.000311 s

[ 2017-05-28T09:45:45+08:00 ] ::1 /eshop/index.php/Admin/Login/index.html
ERR: Cron:cron Runat 2017-05-28 09:45:45 Use 0.000353 s

[ 2017-05-28T09:45:52+08:00 ] ::1 /eshop/index.php/Admin/Login/index.html
ERR: Cron:cron Runat 2017-05-28 09:45:52 Use 0.000266 s

[ 2017-05-28T09:45:57+08:00 ] ::1 /eshop/index.php/Admin/Login/index.html
ERR: Cron:cron Runat 2017-05-28 09:45:57 Use 0.000496 s

[ 2017-05-28T09:46:03+08:00 ] ::1 /eshop/index.php/Admin/Login/index.html
ERR: Cron:cron Runat 2017-05-28 09:46:03 Use 0.000351 s

[ 2017-05-28T09:46:11+08:00 ] ::1 /eshop/index.php/Admin/Login/index.html
ERR: Cron:cron Runat 2017-05-28 09:46:11 Use 0.000403 s

[ 2017-05-28T09:46:16+08:00 ] ::1 /eshop/index.php/Admin/Login/index.html
ERR: Cron:cron Runat 2017-05-28 09:46:16 Use 0.000329 s

[ 2017-05-28T09:46:37+08:00 ] ::1 /eshop/index.php/Admin/Login/index.html
ERR: Cron:cron Runat 2017-05-28 09:46:37 Use 0.000855 s

[ 2017-05-28T09:46:39+08:00 ] ::1 /eshop/index.php/Admin/Login/index.html
ERR: Cron:cron Runat 2017-05-28 09:46:39 Use 0.000314 s

[ 2017-05-28T09:46:56+08:00 ] ::1 /eshop/index.php/Admin/Login/index.html
ERR: Cron:cron Runat 2017-05-28 09:46:56 Use 0.000272 s

[ 2017-05-28T09:47:07+08:00 ] ::1 /eshop/index.php/Admin/Login/index.html
ERR: Cron:cron Runat 2017-05-28 09:47:07 Use 0.000364 s

[ 2017-05-28T09:47:29+08:00 ] ::1 /eshop/index.php/Admin/Login/index.html
ERR: Cron:cron Runat 2017-05-28 09:47:29 Use 0.000287 s

[ 2017-05-28T09:48:48+08:00 ] ::1 /eshop/index.php/Admin/Login/index.html
ERR: Cron:cron Runat 2017-05-28 09:48:48 Use 0.000315 s

[ 2017-05-28T09:48:57+08:00 ] ::1 /eshop/index.php/Admin/Login/index.html
ERR: Cron:cron Runat 2017-05-28 09:48:57 Use 0.000347 s

[ 2017-05-28T09:49:31+08:00 ] ::1 /eshop/index.php/Admin/Login/index.html
ERR: Cron:cron Runat 2017-05-28 09:49:31 Use 0.000355 s

[ 2017-05-28T09:49:58+08:00 ] ::1 /eshop/index.php/Admin/Login/index.html
ERR: Cron:cron Runat 2017-05-28 09:49:58 Use 0.000379 s

[ 2017-05-28T09:50:14+08:00 ] ::1 /eshop/index.php/Admin/Login/index.html
ERR: Cron:cron Runat 2017-05-28 09:50:14 Use 0.000292 s

[ 2017-05-28T09:51:01+08:00 ] ::1 /eshop/index.php/Admin/Login/index.html
ERR: Cron:cron Runat 2017-05-28 09:51:01 Use 0.000302 s

[ 2017-05-28T09:52:28+08:00 ] ::1 /eshop/index.php/Admin/Login/index.html
ERR: Cron:cron Runat 2017-05-28 09:52:28 Use 0.000441 s

[ 2017-05-28T09:55:16+08:00 ] ::1 /eshop/index.php/Admin/Login/index.html
ERR: Cron:cron Runat 2017-05-28 09:55:16 Use 0.000277 s

[ 2017-05-28T09:55:49+08:00 ] ::1 /eshop/index.php/Admin/Login/index.html
ERR: Cron:cron Runat 2017-05-28 09:55:49 Use 0.000339 s

[ 2017-05-28T09:56:36+08:00 ] ::1 /eshop/index.php/Admin/Login/index.html
ERR: Cron:cron Runat 2017-05-28 09:56:36 Use 0.000392 s

[ 2017-05-28T09:56:56+08:00 ] ::1 /eshop/index.php/Admin/Login/index.html
ERR: Cron:cron Runat 2017-05-28 09:56:56 Use 0.000352 s

[ 2017-05-28T09:56:56+08:00 ] ::1 /eshop/index.php/Admin/Login/verify.html
ERR: 非法操作:verify

[ 2017-05-28T10:01:44+08:00 ] ::1 /eshop/index.php/Admin/Login/index.html
ERR: Cron:cron Runat 2017-05-28 10:01:44 Use 0.000372 s

[ 2017-05-28T10:01:45+08:00 ] ::1 /eshop/index.php/Admin/Login/verify.html
ERR: 非法操作:verify

[ 2017-05-28T10:02:38+08:00 ] ::1 /eshop/index.php/Admin/Login/index.html
ERR: Cron:cron Runat 2017-05-28 10:02:38 Use 0.000339 s

[ 2017-05-28T10:02:38+08:00 ] ::1 /eshop/index.php/Admin/Login/verify.html
ERR: 非法操作:verify

[ 2017-05-28T10:03:01+08:00 ] ::1 /eshop/index.php/Admin/Login/index.html
ERR: Cron:cron Runat 2017-05-28 10:03:01 Use 0.000354 s

[ 2017-05-28T10:03:20+08:00 ] ::1 /eshop/index.php/Admin/Login/index.html
ERR: Cron:cron Runat 2017-05-28 10:03:20 Use 0.000340 s

[ 2017-05-28T10:03:20+08:00 ] ::1 /eshop/index.php/Admin/Login/verify.html
ERR: 非法操作:verify

[ 2017-05-28T10:03:27+08:00 ] ::1 /eshop/index.php/Admin/Login/index.html
ERR: Cron:cron Runat 2017-05-28 10:03:27 Use 0.000348 s

[ 2017-05-28T10:03:27+08:00 ] ::1 /eshop/index.php/Admin/Login/verify.html
ERR: 非法操作:verify

[ 2017-05-28T10:04:12+08:00 ] ::1 /eshop/index.php/Admin/Login/index.html
ERR: Cron:cron Runat 2017-05-28 10:04:12 Use 0.000284 s

[ 2017-05-28T10:04:12+08:00 ] ::1 /eshop/index.php/Admin/Login/verify.html
ERR: 非法操作:verify

[ 2017-05-28T10:04:12+08:00 ] ::1 /eshop/index.php/Admin/Login/verify.html
ERR: 非法操作:verify

[ 2017-05-28T10:04:30+08:00 ] ::1 /eshop/index.php/Admin/Login/index.html
ERR: Cron:cron Runat 2017-05-28 10:04:30 Use 0.000273 s

[ 2017-05-28T10:04:30+08:00 ] ::1 /eshop/index.php/Admin/Login/verify.html
ERR: 非法操作:verify

[ 2017-05-28T10:04:31+08:00 ] ::1 /eshop/index.php/Admin/Login/verify.html
ERR: 非法操作:verify

[ 2017-05-28T10:04:47+08:00 ] ::1 /eshop/index.php/Admin/Login/index.html
ERR: Cron:cron Runat 2017-05-28 10:04:47 Use 0.000279 s

[ 2017-05-28T10:04:47+08:00 ] ::1 /eshop/index.php/Admin/Login/verify.html
ERR: 非法操作:verify

[ 2017-05-28T10:04:47+08:00 ] ::1 /eshop/index.php/Admin/Login/verify.html
ERR: 非法操作:verify

[ 2017-05-28T10:09:56+08:00 ] ::1 /eshop/index.php/Admin/Login/index.html
ERR: Cron:cron Runat 2017-05-28 10:09:56 Use 0.000340 s

[ 2017-05-28T10:09:56+08:00 ] ::1 /eshop/index.php/Admin/Login/verify.html
ERR: 非法操作:verify

[ 2017-05-28T10:09:56+08:00 ] ::1 /eshop/index.php/Admin/Login/verify.html
ERR: 非法操作:verify

[ 2017-05-28T10:10:45+08:00 ] ::1 /eshop/index.php/Admin/Login/index.html
ERR: Cron:cron Runat 2017-05-28 10:10:45 Use 0.000362 s

[ 2017-05-28T10:10:45+08:00 ] ::1 /eshop/index.php/Admin/Login/verify.html
ERR: 非法操作:verify

[ 2017-05-28T10:10:52+08:00 ] ::1 /eshop/index.php/Admin/Login/index.html
ERR: Cron:cron Runat 2017-05-28 10:10:52 Use 0.000606 s

[ 2017-05-28T10:10:52+08:00 ] ::1 /eshop/index.php/Admin/Login/verify.html
ERR: 非法操作:verify

[ 2017-05-28T10:11:24+08:00 ] ::1 /eshop/index.php/Admin/Login/index.html
ERR: Cron:cron Runat 2017-05-28 10:11:24 Use 0.000386 s

[ 2017-05-28T10:11:24+08:00 ] ::1 /eshop/index.php/Admin/Login/verify.html
ERR: 非法操作:verify

[ 2017-05-28T10:11:31+08:00 ] ::1 /eshop/index.php/Admin/Login/index.html
ERR: Cron:cron Runat 2017-05-28 10:11:31 Use 0.000347 s

[ 2017-05-28T10:11:32+08:00 ] ::1 /eshop/index.php/Admin/Login/verify.html
ERR: 非法操作:verify

[ 2017-05-28T10:11:42+08:00 ] ::1 /eshop/index.php/Admin/Login/index.html
ERR: Cron:cron Runat 2017-05-28 10:11:42 Use 0.000342 s

[ 2017-05-28T10:11:42+08:00 ] ::1 /eshop/index.php/Admin/Login/verify.html
ERR: 非法操作:verify

[ 2017-05-28T10:11:52+08:00 ] ::1 /eshop/index.php/Admin/Login/index.html
ERR: Cron:cron Runat 2017-05-28 10:11:52 Use 0.000359 s

[ 2017-05-28T10:11:52+08:00 ] ::1 /eshop/index.php/Admin/Login/verify.html
ERR: 非法操作:verify

[ 2017-05-28T10:12:14+08:00 ] ::1 /eshop/index.php/Admin/Login/index.html
ERR: Cron:cron Runat 2017-05-28 10:12:14 Use 0.000353 s

[ 2017-05-28T10:12:14+08:00 ] ::1 /eshop/index.php/Admin/Login/verify.html
ERR: 非法操作:verify

[ 2017-05-28T10:12:33+08:00 ] ::1 /eshop/index.php/Admin/Login/index.html
ERR: Cron:cron Runat 2017-05-28 10:12:33 Use 0.000333 s

[ 2017-05-28T10:12:33+08:00 ] ::1 /eshop/index.php/Admin/Login/verify.html
ERR: 非法操作:verify

[ 2017-05-28T10:12:38+08:00 ] ::1 /eshop/index.php/Admin/Login/index.html
ERR: Cron:cron Runat 2017-05-28 10:12:38 Use 0.000340 s

[ 2017-05-28T10:12:38+08:00 ] ::1 /eshop/index.php/Admin/Login/verify.html
ERR: 非法操作:verify

[ 2017-05-28T10:12:52+08:00 ] ::1 /eshop/index.php/Admin/Login/index.html
ERR: Cron:cron Runat 2017-05-28 10:12:52 Use 0.000465 s

[ 2017-05-28T10:12:52+08:00 ] ::1 /eshop/index.php/Admin/Login/verify.html
ERR: 非法操作:verify

[ 2017-05-28T10:13:36+08:00 ] ::1 /eshop/index.php/Admin/Login/index.html
ERR: Cron:cron Runat 2017-05-28 10:13:36 Use 0.000347 s

[ 2017-05-28T10:13:36+08:00 ] ::1 /eshop/index.php/Admin/Login/verify.html
ERR: 非法操作:verify

[ 2017-05-28T10:15:00+08:00 ] ::1 /eshop/index.php/Admin/Login/index.html
ERR: Cron:cron Runat 2017-05-28 10:15:00 Use 0.000358 s

[ 2017-05-28T10:15:00+08:00 ] ::1 /eshop/index.php/Admin/Login/verify.html
ERR: 非法操作:verify

[ 2017-05-28T10:17:13+08:00 ] ::1 /eshop/index.php/Admin/Login/index.html
ERR: Cron:cron Runat 2017-05-28 10:17:13 Use 0.000367 s

[ 2017-05-28T10:17:13+08:00 ] ::1 /eshop/index.php/Admin/Login/verify.html
ERR: 非法操作:verify

[ 2017-05-28T10:17:22+08:00 ] ::1 /eshop/index.php/Admin/Login/index.html
ERR: Cron:cron Runat 2017-05-28 10:17:22 Use 0.000345 s

[ 2017-05-28T10:17:22+08:00 ] ::1 /eshop/index.php/Admin/Login/verify.html
ERR: 非法操作:verify

[ 2017-05-28T10:18:36+08:00 ] ::1 /eshop/index.php/Admin/Login/index.html
ERR: Cron:cron Runat 2017-05-28 10:18:36 Use 0.000373 s

[ 2017-05-28T10:18:45+08:00 ] ::1 /eshop/index.php/Admin/Login/index.html
ERR: Cron:cron Runat 2017-05-28 10:18:45 Use 0.000623 s

[ 2017-05-28T10:18:46+08:00 ] ::1 /eshop/index.php/Admin/Login/verify.html
ERR: 非法操作:verify

[ 2017-05-28T10:20:10+08:00 ] ::1 /eshop/index.php/Admin/Login/index.html
ERR: Cron:cron Runat 2017-05-28 10:20:10 Use 0.000349 s

[ 2017-05-28T10:20:10+08:00 ] ::1 /eshop/index.php/Admin/Login/verify.html
ERR: 非法操作:verify

[ 2017-05-28T10:21:08+08:00 ] ::1 /eshop/index.php/Admin/Login/index.html
ERR: Cron:cron Runat 2017-05-28 10:21:08 Use 0.000397 s

[ 2017-05-28T10:21:08+08:00 ] ::1 /eshop/index.php/Admin/Login/verify.html
ERR: 非法操作:verify

[ 2017-05-28T10:22:18+08:00 ] ::1 /eshop/index.php/Admin/Login/index.html
ERR: Cron:cron Runat 2017-05-28 10:22:18 Use 0.000292 s

[ 2017-05-28T10:22:18+08:00 ] ::1 /eshop/index.php/Admin/Login/verify.html
ERR: 非法操作:verify

[ 2017-05-28T10:22:54+08:00 ] ::1 /eshop/index.php/Admin/Login/index.html
ERR: Cron:cron Runat 2017-05-28 10:22:54 Use 0.000386 s

[ 2017-05-28T10:22:54+08:00 ] ::1 /eshop/index.php/Admin/Login/verify.html
ERR: 非法操作:verify

[ 2017-05-28T10:23:07+08:00 ] ::1 /eshop/index.php/Admin/Login/index.html
ERR: Cron:cron Runat 2017-05-28 10:23:07 Use 0.000355 s

[ 2017-05-28T10:23:07+08:00 ] ::1 /eshop/index.php/Admin/Login/verify.html
ERR: 非法操作:verify

[ 2017-05-28T10:23:16+08:00 ] ::1 /eshop/index.php/Admin/Login/index.html
ERR: Cron:cron Runat 2017-05-28 10:23:16 Use 0.000297 s

[ 2017-05-28T10:23:16+08:00 ] ::1 /eshop/index.php/Admin/Login/verify.html
ERR: 非法操作:verify

[ 2017-05-28T10:23:53+08:00 ] ::1 /eshop/index.php/Admin/Login/index.html
ERR: Cron:cron Runat 2017-05-28 10:23:53 Use 0.000407 s

[ 2017-05-28T10:23:53+08:00 ] ::1 /eshop/index.php/Admin/Login/verify.html
ERR: 非法操作:verify

[ 2017-05-28T10:23:53+08:00 ] ::1 /eshop/index.php/Admin/Login/verify.html
ERR: 非法操作:verify

[ 2017-05-28T10:24:12+08:00 ] ::1 /eshop/index.php/Admin/Login/index.html
ERR: Cron:cron Runat 2017-05-28 10:24:12 Use 0.000298 s

[ 2017-05-28T10:24:12+08:00 ] ::1 /eshop/index.php/Admin/Login/verify.html
ERR: 非法操作:verify

[ 2017-05-28T10:24:12+08:00 ] ::1 /eshop/index.php/Admin/Login/verify.html
ERR: 非法操作:verify

[ 2017-05-28T10:25:11+08:00 ] ::1 /eshop/index.php/Admin/Login/index.html
ERR: Cron:cron Runat 2017-05-28 10:25:11 Use 0.000436 s

[ 2017-05-28T10:25:11+08:00 ] ::1 /eshop/index.php/Admin/Login/verify.html
ERR: 非法操作:verify

[ 2017-05-28T10:25:13+08:00 ] ::1 /eshop/index.php/Admin/Login/index.html
ERR: Cron:cron Runat 2017-05-28 10:25:13 Use 0.000398 s

[ 2017-05-28T10:25:13+08:00 ] ::1 /eshop/index.php/Admin/Login/verify.html
ERR: 非法操作:verify

[ 2017-05-28T10:25:43+08:00 ] ::1 /eshop/index.php/Admin/Login/index.html
ERR: Cron:cron Runat 2017-05-28 10:25:43 Use 0.000382 s

[ 2017-05-28T10:25:43+08:00 ] ::1 /eshop/index.php/Admin/Login/verify.html
ERR: 非法操作:verify

[ 2017-05-28T10:25:43+08:00 ] ::1 /eshop/index.php/Admin/Login/verify.html
ERR: 非法操作:verify

[ 2017-05-28T10:25:59+08:00 ] ::1 /eshop/index.php/Admin/Login/index.html
ERR: Cron:cron Runat 2017-05-28 10:25:59 Use 0.000696 s

[ 2017-05-28T10:25:59+08:00 ] ::1 /eshop/index.php/Admin/Login/verify.html
ERR: 非法操作:verify

[ 2017-05-28T10:26:20+08:00 ] ::1 /eshop/index.php/Admin/Login/index.html
ERR: Cron:cron Runat 2017-05-28 10:26:20 Use 0.000340 s

[ 2017-05-28T10:26:26+08:00 ] ::1 /eshop/index.php/Admin/Login/verify.html
ERR: Cron:cron Runat 2017-05-28 10:26:26 Use 0.000281 s

[ 2017-05-28T10:26:26+08:00 ] ::1 /eshop/index.php/Admin/Login/verify.html
ERR: 非法操作:verify

[ 2017-05-28T10:26:35+08:00 ] ::1 /eshop/index.php/Admin/Login/index.html
ERR: Cron:cron Runat 2017-05-28 10:26:35 Use 0.000413 s

[ 2017-05-28T10:26:35+08:00 ] ::1 /eshop/index.php/Admin/Login/verify.html
ERR: 非法操作:verify

[ 2017-05-28T10:26:44+08:00 ] ::1 /eshop/index.php/Admin/Login/index.html
ERR: Cron:cron Runat 2017-05-28 10:26:44 Use 0.000365 s

[ 2017-05-28T10:26:45+08:00 ] ::1 /eshop/index.php/Admin/Login/verify.html
ERR: 非法操作:verify

[ 2017-05-28T10:27:53+08:00 ] ::1 /eshop/index.php/Admin/Login/index.html
ERR: Cron:cron Runat 2017-05-28 10:27:53 Use 0.000396 s

[ 2017-05-28T10:27:53+08:00 ] ::1 /eshop/index.php/Admin/Login/verify.html
ERR: 非法操作:verify

[ 2017-05-28T10:28:00+08:00 ] ::1 /eshop/index.php/Admin/Login/index.html
ERR: Cron:cron Runat 2017-05-28 10:28:00 Use 0.000346 s

[ 2017-05-28T10:28:00+08:00 ] ::1 /eshop/index.php/Admin/Login/verify.html
ERR: 非法操作:verify

[ 2017-05-28T10:28:17+08:00 ] ::1 /eshop/index.php/Admin/Login/index.html
ERR: Cron:cron Runat 2017-05-28 10:28:17 Use 0.000362 s

[ 2017-05-28T10:28:18+08:00 ] ::1 /eshop/index.php/Admin/Login/verify.html
ERR: 非法操作:verify

[ 2017-05-28T10:28:51+08:00 ] ::1 /eshop/index.php/Admin/Login/index.html
ERR: Cron:cron Runat 2017-05-28 10:28:51 Use 0.000504 s

[ 2017-05-28T10:28:51+08:00 ] ::1 /eshop/index.php/Admin/Login/verify.html
ERR: 非法操作:verify

[ 2017-05-28T10:29:00+08:00 ] ::1 /eshop/index.php/Admin/Login/index.html
ERR: Cron:cron Runat 2017-05-28 10:29:00 Use 0.000342 s

[ 2017-05-28T10:29:00+08:00 ] ::1 /eshop/index.php/Admin/Login/verify.html
ERR: 非法操作:verify

[ 2017-05-28T10:29:14+08:00 ] ::1 /eshop/index.php/Admin/Login/index.html
ERR: Cron:cron Runat 2017-05-28 10:29:14 Use 0.000338 s

[ 2017-05-28T10:29:19+08:00 ] ::1 /eshop/index.php/Admin/Login/verify.html
ERR: Cron:cron Runat 2017-05-28 10:29:19 Use 0.000276 s

[ 2017-05-28T10:29:19+08:00 ] ::1 /eshop/index.php/Admin/Login/verify.html
ERR: 非法操作:verify

[ 2017-05-28T10:29:29+08:00 ] ::1 /eshop/index.php/Admin/Login/index.html
ERR: Cron:cron Runat 2017-05-28 10:29:29 Use 0.000380 s

[ 2017-05-28T10:29:29+08:00 ] ::1 /eshop/index.php/Admin/Login/verify.html
ERR: 非法操作:verify

[ 2017-05-28T10:29:48+08:00 ] ::1 /eshop/index.php/Admin/Login/index.html
ERR: Cron:cron Runat 2017-05-28 10:29:48 Use 0.000337 s

[ 2017-05-28T10:29:48+08:00 ] ::1 /eshop/index.php/Admin/Login/verify.html
ERR: 非法操作:verify

[ 2017-05-28T10:30:13+08:00 ] ::1 /eshop/index.php/Admin/Login/index.html
ERR: Cron:cron Runat 2017-05-28 10:30:13 Use 0.000435 s

[ 2017-05-28T10:30:13+08:00 ] ::1 /eshop/index.php/Admin/Login/verify.html
ERR: 非法操作:verify

[ 2017-05-28T10:30:13+08:00 ] ::1 /eshop/index.php/Admin/Login/verify.html
ERR: 非法操作:verify

[ 2017-05-28T10:30:26+08:00 ] ::1 /eshop/index.php/Admin/Login/index.html
ERR: Cron:cron Runat 2017-05-28 10:30:26 Use 0.000343 s

[ 2017-05-28T10:30:26+08:00 ] ::1 /eshop/index.php/Admin/Login/verify.html
ERR: 非法操作:verify

[ 2017-05-28T10:30:26+08:00 ] ::1 /eshop/index.php/Admin/Login/verify.html
ERR: 非法操作:verify

[ 2017-05-28T10:30:47+08:00 ] ::1 /eshop/index.php/Admin/Login/index.html
ERR: Cron:cron Runat 2017-05-28 10:30:47 Use 0.000435 s

[ 2017-05-28T10:30:47+08:00 ] ::1 /eshop/index.php/Admin/Login/verify.html
ERR: 非法操作:verify

[ 2017-05-28T10:30:47+08:00 ] ::1 /eshop/index.php/Admin/Login/verify.html
ERR: 非法操作:verify

[ 2017-05-28T10:31:04+08:00 ] ::1 /eshop/index.php/Admin/Login/index.html
ERR: Cron:cron Runat 2017-05-28 10:31:04 Use 0.000307 s

[ 2017-05-28T10:31:04+08:00 ] ::1 /eshop/index.php/Admin/Login/verify.html
ERR: 非法操作:verify

[ 2017-05-28T10:31:04+08:00 ] ::1 /eshop/index.php/Admin/Login/verify.html
ERR: 非法操作:verify

[ 2017-05-28T10:31:33+08:00 ] ::1 /eshop/index.php/Admin/Login/index.html
ERR: Cron:cron Runat 2017-05-28 10:31:33 Use 0.000284 s

[ 2017-05-28T10:31:33+08:00 ] ::1 /eshop/index.php/Admin/Login/verify.html
ERR: 非法操作:verify

[ 2017-05-28T10:31:33+08:00 ] ::1 /eshop/index.php/Admin/Login/verify.html
ERR: 非法操作:verify

[ 2017-05-28T10:32:19+08:00 ] ::1 /eshop/index.php/Admin/Login/index.html
ERR: Cron:cron Runat 2017-05-28 10:32:19 Use 0.000267 s

[ 2017-05-28T10:32:19+08:00 ] ::1 /eshop/index.php/Admin/Login/verify.html
ERR: 非法操作:verify

[ 2017-05-28T10:32:19+08:00 ] ::1 /eshop/index.php/Admin/Login/verify.html
ERR: 非法操作:verify

[ 2017-05-28T10:33:46+08:00 ] ::1 /eshop/index.php/Admin/Login/index.html
ERR: Cron:cron Runat 2017-05-28 10:33:46 Use 0.000400 s

[ 2017-05-28T10:33:46+08:00 ] ::1 /eshop/index.php/Admin/Login/verify.html
ERR: 非法操作:verify

[ 2017-05-28T10:33:46+08:00 ] ::1 /eshop/index.php/Admin/Login/verify.html
ERR: 非法操作:verify

[ 2017-05-28T10:34:07+08:00 ] ::1 /eshop/index.php/Admin/Login/index.html
ERR: Cron:cron Runat 2017-05-28 10:34:07 Use 0.000307 s

[ 2017-05-28T10:34:07+08:00 ] ::1 /eshop/index.php/Admin/Login/verify.html
ERR: 非法操作:verify

[ 2017-05-28T10:34:07+08:00 ] ::1 /eshop/index.php/Admin/Login/verify.html
ERR: 非法操作:verify

[ 2017-05-28T10:34:25+08:00 ] ::1 /eshop/index.php/Admin/Login/index.html
ERR: Cron:cron Runat 2017-05-28 10:34:25 Use 0.000298 s

[ 2017-05-28T10:34:25+08:00 ] ::1 /eshop/index.php/Admin/Login/verify.html
ERR: 非法操作:verify

[ 2017-05-28T10:34:25+08:00 ] ::1 /eshop/index.php/Admin/Login/verify.html
ERR: 非法操作:verify

[ 2017-05-28T10:34:36+08:00 ] ::1 /eshop/index.php/Admin/Login/index.html
ERR: Cron:cron Runat 2017-05-28 10:34:36 Use 0.000343 s

[ 2017-05-28T10:34:37+08:00 ] ::1 /eshop/index.php/Admin/Login/verify.html
ERR: 非法操作:verify

[ 2017-05-28T10:34:37+08:00 ] ::1 /eshop/index.php/Admin/Login/verify.html
ERR: 非法操作:verify

[ 2017-05-28T10:34:59+08:00 ] ::1 /eshop/index.php/Admin/Login/index.html
ERR: Cron:cron Runat 2017-05-28 10:34:59 Use 0.000279 s

[ 2017-05-28T10:34:59+08:00 ] ::1 /eshop/index.php/Admin/Login/verify.html
ERR: 非法操作:verify

[ 2017-05-28T10:34:59+08:00 ] ::1 /eshop/index.php/Admin/Login/verify.html
ERR: 非法操作:verify

[ 2017-05-28T10:35:47+08:00 ] ::1 /eshop/index.php/Admin/Login/index.html
ERR: Cron:cron Runat 2017-05-28 10:35:47 Use 0.000337 s

[ 2017-05-28T10:35:47+08:00 ] ::1 /eshop/index.php/Admin/Login/verify.html
ERR: 非法操作:verify

[ 2017-05-28T10:35:47+08:00 ] ::1 /eshop/index.php/Admin/Login/verify.html
ERR: 非法操作:verify

[ 2017-05-28T10:35:56+08:00 ] ::1 /eshop/index.php/Admin/Login/index.html
ERR: Cron:cron Runat 2017-05-28 10:35:56 Use 0.000282 s

[ 2017-05-28T10:35:57+08:00 ] ::1 /eshop/index.php/Admin/Login/verify.html
ERR: 非法操作:verify

[ 2017-05-28T10:35:57+08:00 ] ::1 /eshop/index.php/Admin/Login/verify.html
ERR: 非法操作:verify

[ 2017-05-28T10:36:11+08:00 ] ::1 /eshop/index.php/Admin/Login/index.html
ERR: Cron:cron Runat 2017-05-28 10:36:11 Use 0.000328 s

[ 2017-05-28T10:36:11+08:00 ] ::1 /eshop/index.php/Admin/Login/verify.html
ERR: 非法操作:verify

[ 2017-05-28T10:36:20+08:00 ] ::1 /eshop/index.php/Admin/Login/index.html
ERR: Cron:cron Runat 2017-05-28 10:36:20 Use 0.000417 s

[ 2017-05-28T10:36:20+08:00 ] ::1 /eshop/index.php/Admin/Login/verify.html
ERR: 非法操作:verify

[ 2017-05-28T10:36:37+08:00 ] ::1 /eshop/index.php/Admin/Login/index.html
ERR: Cron:cron Runat 2017-05-28 10:36:37 Use 0.000343 s

[ 2017-05-28T10:36:37+08:00 ] ::1 /eshop/index.php/Admin/Login/verify.html
ERR: 非法操作:verify

[ 2017-05-28T10:38:12+08:00 ] ::1 /eshop/index.php/Admin/Login/index.html
ERR: Cron:cron Runat 2017-05-28 10:38:12 Use 0.000380 s

[ 2017-05-28T10:38:13+08:00 ] ::1 /eshop/index.php/Admin/Login/verify.html
ERR: 非法操作:verify

[ 2017-05-28T10:38:30+08:00 ] ::1 /eshop/index.php/Admin/Login/index.html
ERR: Cron:cron Runat 2017-05-28 10:38:30 Use 0.000401 s

[ 2017-05-28T10:38:31+08:00 ] ::1 /eshop/index.php/Admin/Login/verify.html
ERR: 非法操作:verify

[ 2017-05-28T10:38:42+08:00 ] ::1 /eshop/index.php/Admin/Login/index.html
ERR: Cron:cron Runat 2017-05-28 10:38:42 Use 0.000345 s

[ 2017-05-28T10:38:42+08:00 ] ::1 /eshop/index.php/Admin/Login/verify.html
ERR: 非法操作:verify

[ 2017-05-28T10:39:15+08:00 ] ::1 /eshop/index.php/Admin/Login/index.html
ERR: Cron:cron Runat 2017-05-28 10:39:15 Use 0.000574 s

[ 2017-05-28T10:39:15+08:00 ] ::1 /eshop/index.php/Admin/Login/verify.html
ERR: 非法操作:verify

[ 2017-05-28T10:39:28+08:00 ] ::1 /eshop/index.php/Admin/Login/index.html
ERR: Cron:cron Runat 2017-05-28 10:39:28 Use 0.000371 s

[ 2017-05-28T10:39:28+08:00 ] ::1 /eshop/index.php/Admin/Login/verify.html
ERR: 非法操作:verify

[ 2017-05-28T10:40:59+08:00 ] ::1 /eshop/index.php/Admin/Login/index.html
ERR: Cron:cron Runat 2017-05-28 10:40:59 Use 0.000332 s

[ 2017-05-28T10:40:59+08:00 ] ::1 /eshop/index.php/Admin/Login/verify.html
ERR: 非法操作:verify

[ 2017-05-28T10:41:00+08:00 ] ::1 /eshop/index.php/Admin/Login/verify.html
ERR: 非法操作:verify

[ 2017-05-28T10:41:50+08:00 ] ::1 /eshop/index.php/Admin/Login/index.html
ERR: Cron:cron Runat 2017-05-28 10:41:50 Use 0.000341 s

[ 2017-05-28T10:41:50+08:00 ] ::1 /eshop/index.php/Admin/Login/verify.html
ERR: 非法操作:verify

[ 2017-05-28T10:41:51+08:00 ] ::1 /eshop/index.php/Admin/Login/verify.html
ERR: 非法操作:verify

[ 2017-05-28T10:42:47+08:00 ] ::1 /eshop/index.php/Admin/Login/index.html
ERR: Cron:cron Runat 2017-05-28 10:42:47 Use 0.000368 s

[ 2017-05-28T10:42:47+08:00 ] ::1 /eshop/index.php/Admin/Login/verify.html
ERR: 非法操作:verify

[ 2017-05-28T10:43:00+08:00 ] ::1 /eshop/index.php/Admin/Login/index.html
ERR: Cron:cron Runat 2017-05-28 10:43:00 Use 0.000355 s

[ 2017-05-28T10:43:00+08:00 ] ::1 /eshop/index.php/Admin/Login/verify.html
ERR: 非法操作:verify

[ 2017-05-28T10:43:26+08:00 ] ::1 /eshop/index.php/Admin/Login/index.html
ERR: Cron:cron Runat 2017-05-28 10:43:26 Use 0.000339 s

[ 2017-05-28T10:43:26+08:00 ] ::1 /eshop/index.php/Admin/Login/verify.html
ERR: 非法操作:verify

[ 2017-05-28T10:43:52+08:00 ] ::1 /eshop/index.php/Admin/Login/index.html
ERR: Cron:cron Runat 2017-05-28 10:43:52 Use 0.000346 s

[ 2017-05-28T10:43:52+08:00 ] ::1 /eshop/index.php/Admin/Login/verify.html
ERR: 非法操作:verify

[ 2017-05-28T10:44:02+08:00 ] ::1 /eshop/index.php/Admin/Login/index.html
ERR: Cron:cron Runat 2017-05-28 10:44:02 Use 0.000368 s

[ 2017-05-28T10:44:02+08:00 ] ::1 /eshop/index.php/Admin/Login/verify.html
ERR: 非法操作:verify

[ 2017-05-28T10:44:21+08:00 ] ::1 /eshop/index.php/Admin/Login/index.html
ERR: Cron:cron Runat 2017-05-28 10:44:21 Use 0.000280 s

[ 2017-05-28T10:44:21+08:00 ] ::1 /eshop/index.php/Admin/Login/verify.html
ERR: 非法操作:verify

[ 2017-05-28T10:44:21+08:00 ] ::1 /eshop/index.php/Admin/Login/verify.html
ERR: 非法操作:verify

[ 2017-05-28T10:44:27+08:00 ] ::1 /eshop/index.php/Admin/Login/index.html
ERR: Cron:cron Runat 2017-05-28 10:44:27 Use 0.000305 s

[ 2017-05-28T10:44:27+08:00 ] ::1 /eshop/index.php/Admin/Login/verify.html
ERR: 非法操作:verify

[ 2017-05-28T10:44:27+08:00 ] ::1 /eshop/index.php/Admin/Login/verify.html
ERR: 非法操作:verify

[ 2017-05-28T10:44:40+08:00 ] ::1 /eshop/index.php/Admin/Login/index.html
ERR: Cron:cron Runat 2017-05-28 10:44:40 Use 0.000339 s

[ 2017-05-28T10:44:40+08:00 ] ::1 /eshop/index.php/Admin/Login/verify.html
ERR: 非法操作:verify

[ 2017-05-28T10:44:40+08:00 ] ::1 /eshop/index.php/Admin/Login/verify.html
ERR: 非法操作:verify

[ 2017-05-28T10:45:04+08:00 ] ::1 /eshop/index.php/Admin/Login/index.html
ERR: Cron:cron Runat 2017-05-28 10:45:04 Use 0.000399 s

[ 2017-05-28T10:45:04+08:00 ] ::1 /eshop/index.php/Admin/Login/verify.html
ERR: 非法操作:verify

[ 2017-05-28T10:45:04+08:00 ] ::1 /eshop/index.php/Admin/Login/verify.html
ERR: 非法操作:verify

[ 2017-05-28T10:45:30+08:00 ] ::1 /eshop/index.php/Admin/Login/index.html
ERR: Cron:cron Runat 2017-05-28 10:45:30 Use 0.000294 s

[ 2017-05-28T10:45:30+08:00 ] ::1 /eshop/index.php/Admin/Login/verify.html
ERR: 非法操作:verify

[ 2017-05-28T10:45:31+08:00 ] ::1 /eshop/index.php/Admin/Login/verify.html
ERR: 非法操作:verify

[ 2017-05-28T10:45:46+08:00 ] ::1 /eshop/index.php/Admin/Login/index.html
ERR: Cron:cron Runat 2017-05-28 10:45:46 Use 0.000286 s

[ 2017-05-28T10:45:47+08:00 ] ::1 /eshop/index.php/Admin/Login/verify.html
ERR: 非法操作:verify

[ 2017-05-28T10:45:47+08:00 ] ::1 /eshop/index.php/Admin/Login/verify.html
ERR: 非法操作:verify

[ 2017-05-28T10:46:31+08:00 ] ::1 /eshop/index.php/Admin/Login/index.html
ERR: Cron:cron Runat 2017-05-28 10:46:31 Use 0.000285 s

[ 2017-05-28T10:46:31+08:00 ] ::1 /eshop/index.php/Admin/Login/verify.html
ERR: 非法操作:verify

[ 2017-05-28T10:46:31+08:00 ] ::1 /eshop/index.php/Admin/Login/verify.html
ERR: 非法操作:verify

[ 2017-05-28T10:46:45+08:00 ] ::1 /eshop/index.php/Admin/Login/index.html
ERR: Cron:cron Runat 2017-05-28 10:46:45 Use 0.000350 s

[ 2017-05-28T10:46:45+08:00 ] ::1 /eshop/index.php/Admin/Login/verify.html
ERR: 非法操作:verify

[ 2017-05-28T10:46:45+08:00 ] ::1 /eshop/index.php/Admin/Login/verify.html
ERR: 非法操作:verify

[ 2017-05-28T10:47:50+08:00 ] ::1 /eshop/index.php/Admin/Login/index.html
ERR: Cron:cron Runat 2017-05-28 10:47:50 Use 0.000300 s

[ 2017-05-28T10:47:50+08:00 ] ::1 /eshop/index.php/Admin/Login/verify.html
ERR: 非法操作:verify

[ 2017-05-28T10:47:50+08:00 ] ::1 /eshop/index.php/Admin/Login/verify.html
ERR: 非法操作:verify

[ 2017-05-28T10:48:59+08:00 ] ::1 /eshop/index.php/Admin/Login/index.html
ERR: Cron:cron Runat 2017-05-28 10:48:59 Use 0.000295 s

[ 2017-05-28T10:48:59+08:00 ] ::1 /eshop/index.php/Admin/Login/verify.html
ERR: 非法操作:verify

[ 2017-05-28T10:48:59+08:00 ] ::1 /eshop/index.php/Admin/Login/verify.html
ERR: 非法操作:verify

[ 2017-05-28T10:49:19+08:00 ] ::1 /eshop/index.php/Admin/Login/index.html
ERR: Cron:cron Runat 2017-05-28 10:49:19 Use 0.000278 s

[ 2017-05-28T10:49:20+08:00 ] ::1 /eshop/index.php/Admin/Login/verify.html
ERR: 非法操作:verify

[ 2017-05-28T10:49:20+08:00 ] ::1 /eshop/index.php/Admin/Login/verify.html
ERR: 非法操作:verify

[ 2017-05-28T10:49:47+08:00 ] ::1 /eshop/index.php/Admin/Login/index.html
ERR: Cron:cron Runat 2017-05-28 10:49:47 Use 0.000332 s

[ 2017-05-28T10:49:47+08:00 ] ::1 /eshop/index.php/Admin/Login/verify.html
ERR: 非法操作:verify

[ 2017-05-28T10:51:22+08:00 ] ::1 /eshop/index.php/Admin/Login/index.html
ERR: Cron:cron Runat 2017-05-28 10:51:22 Use 0.000382 s

[ 2017-05-28T10:52:55+08:00 ] ::1 /eshop/index.php/Admin/Login/index.html
ERR: Cron:cron Runat 2017-05-28 10:52:55 Use 0.000283 s

[ 2017-05-28T10:53:31+08:00 ] ::1 /eshop/index.php/Admin/Login/index.html
ERR: Cron:cron Runat 2017-05-28 10:53:31 Use 0.000296 s

[ 2017-05-28T10:54:27+08:00 ] ::1 /eshop/index.php/Admin/Login/index.html
ERR: Cron:cron Runat 2017-05-28 10:54:27 Use 0.001226 s

[ 2017-05-28T10:54:35+08:00 ] ::1 /eshop/index.php/Admin/Login/index.html
ERR: Cron:cron Runat 2017-05-28 10:54:35 Use 0.000360 s

[ 2017-05-28T10:57:22+08:00 ] ::1 /eshop/index.php/Admin/Login/index.html
ERR: Cron:cron Runat 2017-05-28 10:57:22 Use 0.000367 s

[ 2017-05-28T10:57:31+08:00 ] ::1 /eshop/index.php/Admin/Login/index.html
ERR: Cron:cron Runat 2017-05-28 10:57:31 Use 0.000350 s

[ 2017-05-28T10:58:17+08:00 ] ::1 /eshop/index.php/Admin/Login/index.html
ERR: Cron:cron Runat 2017-05-28 10:58:17 Use 0.000410 s

[ 2017-05-28T10:58:21+08:00 ] ::1 /eshop/index.php/Admin/Login/index.html
ERR: Cron:cron Runat 2017-05-28 10:58:21 Use 0.000304 s

[ 2017-05-28T10:58:30+08:00 ] ::1 /eshop/index.php/Admin/Login/index.html
ERR: Cron:cron Runat 2017-05-28 10:58:30 Use 0.000295 s

[ 2017-05-28T10:59:18+08:00 ] ::1 /eshop/index.php/Admin/Login/index.html
ERR: Cron:cron Runat 2017-05-28 10:59:18 Use 0.000386 s

[ 2017-05-28T10:59:32+08:00 ] ::1 /eshop/index.php/Admin/Login/index.html
ERR: Cron:cron Runat 2017-05-28 10:59:32 Use 0.000344 s

[ 2017-05-28T10:59:59+08:00 ] ::1 /eshop/index.php/Admin/Login/index.html
ERR: Cron:cron Runat 2017-05-28 10:59:59 Use 0.000307 s

[ 2017-05-28T11:00:05+08:00 ] ::1 /eshop/index.php/Admin/Login/verify.html
ERR: Cron:cron Runat 2017-05-28 11:00:05 Use 0.000268 s

[ 2017-05-28T11:00:47+08:00 ] ::1 /eshop/index.php/Admin/Login/index.html
ERR: Cron:cron Runat 2017-05-28 11:00:47 Use 0.000543 s

[ 2017-05-28T11:00:49+08:00 ] ::1 /eshop/index.php/Admin/Login/verify.html?0.18468470661427872
ERR: Cron:cron Runat 2017-05-28 11:00:49 Use 0.000270 s

[ 2017-05-28T11:00:51+08:00 ] ::1 /eshop/index.php/Admin/Login/verify.html?0.18468470661427872?0.4438900622408769?0.64354931478019?0.43773445861020954
ERR: Cron:cron Runat 2017-05-28 11:00:51 Use 0.000344 s

[ 2017-05-28T11:00:53+08:00 ] ::1 /eshop/index.php/Admin/Login/verify.html?0.18468470661427872?0.4438900622408769?0.64354931478019?0.43773445861020954?0.7411256465486515?0.024587245472196928
ERR: Cron:cron Runat 2017-05-28 11:00:53 Use 0.000280 s

[ 2017-05-28T11:01:30+08:00 ] ::1 /eshop/index.php/Admin/Login/index.html
ERR: Cron:cron Runat 2017-05-28 11:01:30 Use 0.000342 s

[ 2017-05-28T11:02:35+08:00 ] ::1 /eshop/index.php/Admin/Login/index.html
ERR: Cron:cron Runat 2017-05-28 11:02:35 Use 0.000294 s

[ 2017-05-28T11:03:06+08:00 ] ::1 /eshop/index.php/Admin/Login/index.html
ERR: Cron:cron Runat 2017-05-28 11:03:06 Use 0.000320 s

[ 2017-05-28T11:04:56+08:00 ] ::1 /eshop/index.php/Admin/Login/index.html
ERR: Cron:cron Runat 2017-05-28 11:04:56 Use 0.000298 s

[ 2017-05-28T11:04:59+08:00 ] ::1 /eshop/index.php/Admin/Login/index.html
ERR: Cron:cron Runat 2017-05-28 11:04:59 Use 0.000563 s

[ 2017-05-28T11:07:42+08:00 ] ::1 /eshop/index.php/Admin/Login/index.html
ERR: Cron:cron Runat 2017-05-28 11:07:42 Use 0.000383 s

[ 2017-05-28T11:08:12+08:00 ] ::1 /eshop/index.php/Admin/Login/index.html
ERR: Cron:cron Runat 2017-05-28 11:08:12 Use 0.000341 s

[ 2017-05-28T11:13:18+08:00 ] ::1 /eshop/index.php/Admin/Login/index.html
ERR: Cron:cron Runat 2017-05-28 11:13:18 Use 0.000493 s

[ 2017-05-28T11:13:20+08:00 ] ::1 /eshop/index.php/Admin/Login/verify.html
ERR: Cron:cron Runat 2017-05-28 11:13:20 Use 0.000422 s

[ 2017-05-28T11:13:59+08:00 ] ::1 /eshop/index.php/Admin/Login/index.html
ERR: Cron:cron Runat 2017-05-28 11:13:59 Use 0.000307 s

[ 2017-05-28T11:14:45+08:00 ] ::1 /eshop/index.php/Admin/Login/index.html
ERR: Cron:cron Runat 2017-05-28 11:14:45 Use 0.000274 s

[ 2017-05-28T11:17:09+08:00 ] ::1 /eshop/index.php/Admin/Login/index.html
ERR: Cron:cron Runat 2017-05-28 11:17:09 Use 0.000382 s

[ 2017-05-28T11:18:18+08:00 ] ::1 /eshop/index.php/Admin/Login/index.html
ERR: Cron:cron Runat 2017-05-28 11:18:18 Use 0.000327 s

[ 2017-05-28T11:18:30+08:00 ] ::1 /eshop/index.php/Admin/Login/index.html
ERR: Cron:cron Runat 2017-05-28 11:18:30 Use 0.000290 s

[ 2017-05-28T11:19:26+08:00 ] ::1 /eshop/index.php/Admin/Login/index.html
ERR: Cron:cron Runat 2017-05-28 11:19:26 Use 0.000300 s

[ 2017-05-28T11:19:58+08:00 ] ::1 /eshop/index.php/Admin/Login/index.html
ERR: Cron:cron Runat 2017-05-28 11:19:58 Use 0.000268 s

[ 2017-05-28T11:20:15+08:00 ] ::1 /eshop/index.php/Admin/Login/index.html
ERR: Cron:cron Runat 2017-05-28 11:20:15 Use 0.000347 s

[ 2017-05-28T11:21:28+08:00 ] ::1 /eshop/index.php/Admin/Login/index.html
ERR: Cron:cron Runat 2017-05-28 11:21:28 Use 0.000326 s

[ 2017-05-28T11:21:38+08:00 ] ::1 /eshop/index.php/Admin/Login/checkVerify
ERR: Cron:cron Runat 2017-05-28 11:21:38 Use 0.000577 s

[ 2017-05-28T11:21:38+08:00 ] ::1 /eshop/index.php/Admin/Login/checkVerify
INFO: [ app_begin ] --START--
INFO: Run Behavior\ReadHtmlCacheBehavior [ RunTime:0.001490s ]
INFO: Run Behavior\CronRunBehavior [ RunTime:0.007944s ]
INFO: [ app_begin ] --END-- [ RunTime:0.010562s ]
INFO: [ app_end ] --START--
INFO: Run Behavior\ShowPageTraceBehavior [ RunTime:0.001479s ]
INFO: [ app_end ] --END-- [ RunTime:0.001642s ]

[ 2017-05-28T11:21:39+08:00 ] ::1 /eshop/index.php/Admin/Login/checkVerify
INFO: [ app_begin ] --START--
INFO: Run Behavior\ReadHtmlCacheBehavior [ RunTime:0.001123s ]
INFO: Run Behavior\CronRunBehavior [ RunTime:0.003256s ]
INFO: [ app_begin ] --END-- [ RunTime:0.005313s ]
INFO: [ app_end ] --START--
INFO: Run Behavior\ShowPageTraceBehavior [ RunTime:0.001198s ]
INFO: [ app_end ] --END-- [ RunTime:0.001329s ]

[ 2017-05-28T11:21:40+08:00 ] ::1 /eshop/index.php/Admin/Login/checkVerify
ERR: Cron:cron Runat 2017-05-28 11:21:40 Use 0.000539 s

[ 2017-05-28T11:21:40+08:00 ] ::1 /eshop/index.php/Admin/Login/checkVerify
INFO: [ app_begin ] --START--
INFO: Run Behavior\ReadHtmlCacheBehavior [ RunTime:0.001190s ]
INFO: Run Behavior\CronRunBehavior [ RunTime:0.006062s ]
INFO: [ app_begin ] --END-- [ RunTime:0.008231s ]
INFO: [ app_end ] --START--
INFO: Run Behavior\ShowPageTraceBehavior [ RunTime:0.001270s ]
INFO: [ app_end ] --END-- [ RunTime:0.001413s ]

[ 2017-05-28T11:21:40+08:00 ] ::1 /eshop/index.php/Admin/Login/checkVerify
INFO: [ app_begin ] --START--
INFO: Run Behavior\ReadHtmlCacheBehavior [ RunTime:0.000741s ]
INFO: Run Behavior\CronRunBehavior [ RunTime:0.002441s ]
INFO: [ app_begin ] --END-- [ RunTime:0.003815s ]
INFO: [ app_end ] --START--
INFO: Run Behavior\ShowPageTraceBehavior [ RunTime:0.000755s ]
INFO: [ app_end ] --END-- [ RunTime:0.000833s ]

[ 2017-05-28T11:21:40+08:00 ] ::1 /eshop/index.php/Admin/Login/checkVerify
INFO: [ app_begin ] --START--
INFO: Run Behavior\ReadHtmlCacheBehavior [ RunTime:0.001307s ]
INFO: Run Behavior\CronRunBehavior [ RunTime:0.004122s ]
INFO: [ app_begin ] --END-- [ RunTime:0.006437s ]
INFO: [ app_end ] --START--
INFO: Run Behavior\ShowPageTraceBehavior [ RunTime:0.001485s ]
INFO: [ app_end ] --END-- [ RunTime:0.001652s ]

[ 2017-05-28T11:21:40+08:00 ] ::1 /eshop/index.php/Admin/Login/checkVerify
INFO: [ app_begin ] --START--
INFO: Run Behavior\ReadHtmlCacheBehavior [ RunTime:0.001202s ]
INFO: Run Behavior\CronRunBehavior [ RunTime:0.003530s ]
INFO: [ app_begin ] --END-- [ RunTime:0.005698s ]
INFO: [ app_end ] --START--
INFO: Run Behavior\ShowPageTraceBehavior [ RunTime:0.000896s ]
INFO: [ app_end ] --END-- [ RunTime:0.000993s ]

[ 2017-05-28T11:22:10+08:00 ] ::1 /eshop/index.php/Admin/Login/verify.html?0.5859604841980303
ERR: Cron:cron Runat 2017-05-28 11:22:10 Use 0.000350 s

[ 2017-05-28T11:22:15+08:00 ] ::1 /eshop/index.php/Admin/Login/checkVerify
ERR: Cron:cron Runat 2017-05-28 11:22:15 Use 0.000422 s

[ 2017-05-28T11:22:15+08:00 ] ::1 /eshop/index.php/Admin/Login/checkVerify
INFO: [ app_begin ] --START--
INFO: Run Behavior\ReadHtmlCacheBehavior [ RunTime:0.000776s ]
INFO: Run Behavior\CronRunBehavior [ RunTime:0.004896s ]
INFO: [ app_begin ] --END-- [ RunTime:0.006345s ]
INFO: [ app_end ] --START--
INFO: Run Behavior\ShowPageTraceBehavior [ RunTime:0.000803s ]
INFO: [ app_end ] --END-- [ RunTime:0.000899s ]

[ 2017-05-28T11:22:16+08:00 ] ::1 /eshop/index.php/Admin/Login/checkVerify
ERR: Cron:cron Runat 2017-05-28 11:22:16 Use 0.000352 s

[ 2017-05-28T11:22:16+08:00 ] ::1 /eshop/index.php/Admin/Login/checkVerify
INFO: [ app_begin ] --START--
INFO: Run Behavior\ReadHtmlCacheBehavior [ RunTime:0.000777s ]
INFO: Run Behavior\CronRunBehavior [ RunTime:0.004230s ]
INFO: [ app_begin ] --END-- [ RunTime:0.005629s ]
INFO: [ app_end ] --START--
INFO: Run Behavior\ShowPageTraceBehavior [ RunTime:0.000784s ]
INFO: [ app_end ] --END-- [ RunTime:0.000863s ]

[ 2017-05-28T11:22:16+08:00 ] ::1 /eshop/index.php/Admin/Login/checkVerify
INFO: [ app_begin ] --START--
INFO: Run Behavior\ReadHtmlCacheBehavior [ RunTime:0.001586s ]
INFO: Run Behavior\CronRunBehavior [ RunTime:0.004177s ]
INFO: [ app_begin ] --END-- [ RunTime:0.006906s ]
INFO: [ app_end ] --START--
INFO: Run Behavior\ShowPageTraceBehavior [ RunTime:0.001468s ]
INFO: [ app_end ] --END-- [ RunTime:0.001643s ]

[ 2017-05-28T11:22:16+08:00 ] ::1 /eshop/index.php/Admin/Login/checkVerify
INFO: [ app_begin ] --START--
INFO: Run Behavior\ReadHtmlCacheBehavior [ RunTime:0.002339s ]
INFO: Run Behavior\CronRunBehavior [ RunTime:0.006500s ]
INFO: [ app_begin ] --END-- [ RunTime:0.010635s ]
INFO: [ app_end ] --START--
INFO: Run Behavior\ShowPageTraceBehavior [ RunTime:0.002429s ]
INFO: [ app_end ] --END-- [ RunTime:0.002699s ]

[ 2017-05-28T11:22:28+08:00 ] ::1 /eshop/index.php/Admin/Login/index.html
ERR: Cron:cron Runat 2017-05-28 11:22:28 Use 0.000339 s

[ 2017-05-28T11:22:37+08:00 ] ::1 /eshop/index.php/Admin/Login/checkVerify
ERR: Cron:cron Runat 2017-05-28 11:22:37 Use 0.000504 s

[ 2017-05-28T11:22:37+08:00 ] ::1 /eshop/index.php/Admin/Login/checkVerify
INFO: [ app_begin ] --START--
INFO: Run Behavior\ReadHtmlCacheBehavior [ RunTime:0.001434s ]
INFO: Run Behavior\CronRunBehavior [ RunTime:0.008247s ]
INFO: [ app_begin ] --END-- [ RunTime:0.010753s ]
INFO: [ app_end ] --START--
INFO: Run Behavior\ShowPageTraceBehavior [ RunTime:0.000982s ]
INFO: [ app_end ] --END-- [ RunTime:0.001091s ]

[ 2017-05-28T11:22:38+08:00 ] ::1 /eshop/index.php/Admin/Login/checkVerify
INFO: [ app_begin ] --START--
INFO: Run Behavior\ReadHtmlCacheBehavior [ RunTime:0.000717s ]
INFO: Run Behavior\CronRunBehavior [ RunTime:0.002729s ]
INFO: [ app_begin ] --END-- [ RunTime:0.004070s ]
INFO: [ app_end ] --START--
INFO: Run Behavior\ShowPageTraceBehavior [ RunTime:0.000808s ]
INFO: [ app_end ] --END-- [ RunTime:0.000920s ]

[ 2017-05-28T11:22:40+08:00 ] ::1 /eshop/index.php/Admin/Login/checkVerify
ERR: Cron:cron Runat 2017-05-28 11:22:40 Use 0.000400 s

[ 2017-05-28T11:22:40+08:00 ] ::1 /eshop/index.php/Admin/Login/checkVerify
INFO: [ app_begin ] --START--
INFO: Run Behavior\ReadHtmlCacheBehavior [ RunTime:0.000710s ]
INFO: Run Behavior\CronRunBehavior [ RunTime:0.004446s ]
INFO: [ app_begin ] --END-- [ RunTime:0.005761s ]
INFO: [ app_end ] --START--
INFO: Run Behavior\ShowPageTraceBehavior [ RunTime:0.000783s ]
INFO: [ app_end ] --END-- [ RunTime:0.000890s ]

[ 2017-05-28T11:22:41+08:00 ] ::1 /eshop/index.php/Admin/Login/checkVerify
INFO: [ app_begin ] --START--
INFO: Run Behavior\ReadHtmlCacheBehavior [ RunTime:0.000914s ]
INFO: Run Behavior\CronRunBehavior [ RunTime:0.002577s ]
INFO: [ app_begin ] --END-- [ RunTime:0.004329s ]
INFO: [ app_end ] --START--
INFO: Run Behavior\ShowPageTraceBehavior [ RunTime:0.000750s ]
INFO: [ app_end ] --END-- [ RunTime:0.000833s ]

[ 2017-05-28T11:22:43+08:00 ] ::1 /eshop/index.php/Admin/Login/checkVerify
ERR: Cron:cron Runat 2017-05-28 11:22:43 Use 0.000342 s

[ 2017-05-28T11:22:43+08:00 ] ::1 /eshop/index.php/Admin/Login/checkVerify
INFO: [ app_begin ] --START--
INFO: Run Behavior\ReadHtmlCacheBehavior [ RunTime:0.000709s ]
INFO: Run Behavior\CronRunBehavior [ RunTime:0.003916s ]
INFO: [ app_begin ] --END-- [ RunTime:0.005224s ]
INFO: [ app_end ] --START--
INFO: Run Behavior\ShowPageTraceBehavior [ RunTime:0.000861s ]
INFO: [ app_end ] --END-- [ RunTime:0.000954s ]

[ 2017-05-28T11:23:21+08:00 ] ::1 /eshop/index.php/Admin/Login/checkVerify
ERR: Cron:cron Runat 2017-05-28 11:23:21 Use 0.000390 s

[ 2017-05-28T11:23:21+08:00 ] ::1 /eshop/index.php/Admin/Login/checkVerify
INFO: [ app_begin ] --START--
INFO: Run Behavior\ReadHtmlCacheBehavior [ RunTime:0.000712s ]
INFO: Run Behavior\CronRunBehavior [ RunTime:0.004252s ]
INFO: [ app_begin ] --END-- [ RunTime:0.005621s ]

[ 2017-05-28T11:23:21+08:00 ] ::1 /eshop/index.php/Admin/Login/checkVerify
INFO: [ app_begin ] --START--
INFO: Run Behavior\ReadHtmlCacheBehavior [ RunTime:0.000767s ]
INFO: Run Behavior\CronRunBehavior [ RunTime:0.002372s ]
INFO: [ app_begin ] --END-- [ RunTime:0.003750s ]

[ 2017-05-28T11:23:50+08:00 ] ::1 /eshop/index.php/Admin/Login/index.html
ERR: Cron:cron Runat 2017-05-28 11:23:50 Use 0.000346 s

[ 2017-05-28T11:23:57+08:00 ] ::1 /eshop/index.php/Admin/Login/checkVerify
ERR: Cron:cron Runat 2017-05-28 11:23:57 Use 0.000533 s

[ 2017-05-28T11:23:57+08:00 ] ::1 /eshop/index.php/Admin/Login/checkVerify
INFO: [ app_begin ] --START--
INFO: Run Behavior\ReadHtmlCacheBehavior [ RunTime:0.001304s ]
INFO: Run Behavior\CronRunBehavior [ RunTime:0.007499s ]
INFO: [ app_begin ] --END-- [ RunTime:0.009804s ]

[ 2017-05-28T11:23:58+08:00 ] ::1 /eshop/index.php/Admin/Login/checkVerify
INFO: [ app_begin ] --START--
INFO: Run Behavior\ReadHtmlCacheBehavior [ RunTime:0.001556s ]
INFO: Run Behavior\CronRunBehavior [ RunTime:0.003267s ]
INFO: [ app_begin ] --END-- [ RunTime:0.005952s ]

[ 2017-05-28T11:23:59+08:00 ] ::1 /eshop/index.php/Admin/Login/checkVerify
ERR: Cron:cron Runat 2017-05-28 11:23:59 Use 0.000271 s

[ 2017-05-28T11:23:59+08:00 ] ::1 /eshop/index.php/Admin/Login/checkVerify
INFO: [ app_begin ] --START--
INFO: Run Behavior\ReadHtmlCacheBehavior [ RunTime:0.000754s ]
INFO: Run Behavior\CronRunBehavior [ RunTime:0.004061s ]
INFO: [ app_begin ] --END-- [ RunTime:0.005468s ]

[ 2017-05-28T11:24:04+08:00 ] ::1 /eshop/index.php/Admin/Login/checkVerify
ERR: Cron:cron Runat 2017-05-28 11:24:04 Use 0.000336 s

[ 2017-05-28T11:24:04+08:00 ] ::1 /eshop/index.php/Admin/Login/checkVerify
INFO: [ app_begin ] --START--
INFO: Run Behavior\ReadHtmlCacheBehavior [ RunTime:0.000872s ]
INFO: Run Behavior\CronRunBehavior [ RunTime:0.004264s ]
INFO: [ app_begin ] --END-- [ RunTime:0.005881s ]

[ 2017-05-28T11:24:04+08:00 ] ::1 /eshop/index.php/Admin/Login/checkVerify
INFO: [ app_begin ] --START--
INFO: Run Behavior\ReadHtmlCacheBehavior [ RunTime:0.000780s ]
INFO: Run Behavior\CronRunBehavior [ RunTime:0.003250s ]
INFO: [ app_begin ] --END-- [ RunTime:0.004754s ]

[ 2017-05-28T11:24:05+08:00 ] ::1 /eshop/index.php/Admin/Login/checkVerify
INFO: [ app_begin ] --START--
INFO: Run Behavior\ReadHtmlCacheBehavior [ RunTime:0.000742s ]
INFO: Run Behavior\CronRunBehavior [ RunTime:0.002260s ]
INFO: [ app_begin ] --END-- [ RunTime:0.003679s ]

[ 2017-05-28T11:24:05+08:00 ] ::1 /eshop/index.php/Admin/Login/checkVerify
INFO: [ app_begin ] --START--
INFO: Run Behavior\ReadHtmlCacheBehavior [ RunTime:0.000782s ]
INFO: Run Behavior\CronRunBehavior [ RunTime:0.002246s ]
INFO: [ app_begin ] --END-- [ RunTime:0.003689s ]

[ 2017-05-28T11:24:06+08:00 ] ::1 /eshop/index.php/Admin/Login/checkVerify
ERR: Cron:cron Runat 2017-05-28 11:24:06 Use 0.000361 s

[ 2017-05-28T11:24:06+08:00 ] ::1 /eshop/index.php/Admin/Login/checkVerify
INFO: [ app_begin ] --START--
INFO: Run Behavior\ReadHtmlCacheBehavior [ RunTime:0.002342s ]
INFO: Run Behavior\CronRunBehavior [ RunTime:0.004536s ]
INFO: [ app_begin ] --END-- [ RunTime:0.007847s ]

[ 2017-05-28T11:24:07+08:00 ] ::1 /eshop/index.php/Admin/Login/checkVerify
INFO: [ app_begin ] --START--
INFO: Run Behavior\ReadHtmlCacheBehavior [ RunTime:0.000754s ]
INFO: Run Behavior\CronRunBehavior [ RunTime:0.002484s ]
INFO: [ app_begin ] --END-- [ RunTime:0.003847s ]

[ 2017-05-28T11:26:49+08:00 ] ::1 /eshop/index.php/Admin/Login/index.html
ERR: Cron:cron Runat 2017-05-28 11:26:49 Use 0.000334 s

[ 2017-05-28T11:26:59+08:00 ] ::1 /eshop/index.php/Admin/Login/checkVerify
ERR: Cron:cron Runat 2017-05-28 11:26:59 Use 0.000339 s

[ 2017-05-28T11:26:59+08:00 ] ::1 /eshop/index.php/Admin/Login/checkVerify
INFO: [ app_begin ] --START--
INFO: Run Behavior\ReadHtmlCacheBehavior [ RunTime:0.000769s ]
INFO: Run Behavior\CronRunBehavior [ RunTime:0.004520s ]
INFO: [ app_begin ] --END-- [ RunTime:0.005913s ]
INFO: [ app_end ] --START--
INFO: Run Behavior\ShowPageTraceBehavior [ RunTime:0.000822s ]
INFO: [ app_end ] --END-- [ RunTime:0.000923s ]

[ 2017-05-28T11:26:59+08:00 ] ::1 /eshop/index.php/Admin/Login/checkVerify
INFO: [ app_begin ] --START--
INFO: Run Behavior\ReadHtmlCacheBehavior [ RunTime:0.000700s ]
INFO: Run Behavior\CronRunBehavior [ RunTime:0.002962s ]
INFO: [ app_begin ] --END-- [ RunTime:0.004315s ]
INFO: [ app_end ] --START--
INFO: Run Behavior\ShowPageTraceBehavior [ RunTime:0.000833s ]
INFO: [ app_end ] --END-- [ RunTime:0.000917s ]

[ 2017-05-28T11:27:02+08:00 ] ::1 /eshop/index.php/Admin/Login/checkVerify
ERR: Cron:cron Runat 2017-05-28 11:27:02 Use 0.000343 s

[ 2017-05-28T11:27:02+08:00 ] ::1 /eshop/index.php/Admin/Login/checkVerify
INFO: [ app_begin ] --START--
INFO: Run Behavior\ReadHtmlCacheBehavior [ RunTime:0.000717s ]
INFO: Run Behavior\CronRunBehavior [ RunTime:0.004822s ]
INFO: [ app_begin ] --END-- [ RunTime:0.006189s ]
INFO: [ app_end ] --START--
INFO: Run Behavior\ShowPageTraceBehavior [ RunTime:0.001042s ]
INFO: [ app_end ] --END-- [ RunTime:0.001164s ]

[ 2017-05-28T11:27:02+08:00 ] ::1 /eshop/index.php/Admin/Login/checkVerify
INFO: [ app_begin ] --START--
INFO: Run Behavior\ReadHtmlCacheBehavior [ RunTime:0.000725s ]
INFO: Run Behavior\CronRunBehavior [ RunTime:0.002184s ]
INFO: [ app_begin ] --END-- [ RunTime:0.003532s ]
INFO: [ app_end ] --START--
INFO: Run Behavior\ShowPageTraceBehavior [ RunTime:0.001028s ]
INFO: [ app_end ] --END-- [ RunTime:0.001164s ]

[ 2017-05-28T11:27:03+08:00 ] ::1 /eshop/index.php/Admin/Login/checkVerify
INFO: [ app_begin ] --START--
INFO: Run Behavior\ReadHtmlCacheBehavior [ RunTime:0.000766s ]
INFO: Run Behavior\CronRunBehavior [ RunTime:0.002344s ]
INFO: [ app_begin ] --END-- [ RunTime:0.003779s ]
INFO: [ app_end ] --START--
INFO: Run Behavior\ShowPageTraceBehavior [ RunTime:0.000825s ]
INFO: [ app_end ] --END-- [ RunTime:0.000928s ]

[ 2017-05-28T11:27:08+08:00 ] ::1 /eshop/index.php/Admin/Login/checkVerify
ERR: Cron:cron Runat 2017-05-28 11:27:08 Use 0.000499 s

[ 2017-05-28T11:27:08+08:00 ] ::1 /eshop/index.php/Admin/Login/checkVerify
INFO: [ app_begin ] --START--
INFO: Run Behavior\ReadHtmlCacheBehavior [ RunTime:0.001171s ]
INFO: Run Behavior\CronRunBehavior [ RunTime:0.006018s ]
INFO: [ app_begin ] --END-- [ RunTime:0.008135s ]
INFO: [ app_end ] --START--
INFO: Run Behavior\ShowPageTraceBehavior [ RunTime:0.001228s ]
INFO: [ app_end ] --END-- [ RunTime:0.001363s ]

[ 2017-05-28T11:27:09+08:00 ] ::1 /eshop/index.php/Admin/Login/checkVerify
INFO: [ app_begin ] --START--
INFO: Run Behavior\ReadHtmlCacheBehavior [ RunTime:0.000837s ]
INFO: Run Behavior\CronRunBehavior [ RunTime:0.002485s ]
INFO: [ app_begin ] --END-- [ RunTime:0.004027s ]
INFO: [ app_end ] --START--
INFO: Run Behavior\ShowPageTraceBehavior [ RunTime:0.000909s ]
INFO: [ app_end ] --END-- [ RunTime:0.001003s ]

[ 2017-05-28T11:27:11+08:00 ] ::1 /eshop/index.php/Admin/Login/verify.html?0.7498468662056856
ERR: Cron:cron Runat 2017-05-28 11:27:11 Use 0.000360 s

[ 2017-05-28T11:27:13+08:00 ] ::1 /eshop/index.php/Admin/Login/checkVerify
ERR: Cron:cron Runat 2017-05-28 11:27:13 Use 0.000383 s

[ 2017-05-28T11:27:13+08:00 ] ::1 /eshop/index.php/Admin/Login/checkVerify
INFO: [ app_begin ] --START--
INFO: Run Behavior\ReadHtmlCacheBehavior [ RunTime:0.000746s ]
INFO: Run Behavior\CronRunBehavior [ RunTime:0.005294s ]
INFO: [ app_begin ] --END-- [ RunTime:0.006730s ]
INFO: [ app_end ] --START--
INFO: Run Behavior\ShowPageTraceBehavior [ RunTime:0.000780s ]
INFO: [ app_end ] --END-- [ RunTime:0.000866s ]

[ 2017-05-28T11:27:14+08:00 ] ::1 /eshop/index.php/Admin/Login/checkVerify
INFO: [ app_begin ] --START--
INFO: Run Behavior\ReadHtmlCacheBehavior [ RunTime:0.000870s ]
INFO: Run Behavior\CronRunBehavior [ RunTime:0.002455s ]
INFO: [ app_begin ] --END-- [ RunTime:0.004079s ]
INFO: [ app_end ] --START--
INFO: Run Behavior\ShowPageTraceBehavior [ RunTime:0.000827s ]
INFO: [ app_end ] --END-- [ RunTime:0.000910s ]

[ 2017-05-28T11:27:14+08:00 ] ::1 /eshop/index.php/Admin/Login/checkVerify
INFO: [ app_begin ] --START--
INFO: Run Behavior\ReadHtmlCacheBehavior [ RunTime:0.001253s ]
INFO: Run Behavior\CronRunBehavior [ RunTime:0.003681s ]
INFO: [ app_begin ] --END-- [ RunTime:0.005974s ]
INFO: [ app_end ] --START--
INFO: Run Behavior\ShowPageTraceBehavior [ RunTime:0.001245s ]
INFO: [ app_end ] --END-- [ RunTime:0.001385s ]

[ 2017-05-28T11:27:16+08:00 ] ::1 /eshop/index.php/Admin/Login/checkVerify
ERR: Cron:cron Runat 2017-05-28 11:27:16 Use 0.000342 s

[ 2017-05-28T11:27:16+08:00 ] ::1 /eshop/index.php/Admin/Login/checkVerify
INFO: [ app_begin ] --START--
INFO: Run Behavior\ReadHtmlCacheBehavior [ RunTime:0.000869s ]
INFO: Run Behavior\CronRunBehavior [ RunTime:0.004029s ]
INFO: [ app_begin ] --END-- [ RunTime:0.005629s ]
INFO: [ app_end ] --START--
INFO: Run Behavior\ShowPageTraceBehavior [ RunTime:0.000952s ]
INFO: [ app_end ] --END-- [ RunTime:0.001118s ]

[ 2017-05-28T11:27:16+08:00 ] ::1 /eshop/index.php/Admin/Login/checkVerify
INFO: [ app_begin ] --START--
INFO: Run Behavior\ReadHtmlCacheBehavior [ RunTime:0.000746s ]
INFO: Run Behavior\CronRunBehavior [ RunTime:0.002293s ]
INFO: [ app_begin ] --END-- [ RunTime:0.003686s ]
INFO: [ app_end ] --START--
INFO: Run Behavior\ShowPageTraceBehavior [ RunTime:0.000883s ]
INFO: [ app_end ] --END-- [ RunTime:0.000979s ]

[ 2017-05-28T11:27:18+08:00 ] ::1 /eshop/index.php/Admin/Login/checkVerify
ERR: Cron:cron Runat 2017-05-28 11:27:18 Use 0.000541 s

[ 2017-05-28T11:27:18+08:00 ] ::1 /eshop/index.php/Admin/Login/checkVerify
INFO: [ app_begin ] --START--
INFO: Run Behavior\ReadHtmlCacheBehavior [ RunTime:0.001798s ]
INFO: Run Behavior\CronRunBehavior [ RunTime:0.006373s ]
INFO: [ app_begin ] --END-- [ RunTime:0.009214s ]
INFO: [ app_end ] --START--
INFO: Run Behavior\ShowPageTraceBehavior [ RunTime:0.000772s ]
INFO: [ app_end ] --END-- [ RunTime:0.000854s ]

[ 2017-05-28T11:27:19+08:00 ] ::1 /eshop/index.php/Admin/Login/checkVerify
INFO: [ app_begin ] --START--
INFO: Run Behavior\ReadHtmlCacheBehavior [ RunTime:0.000799s ]
INFO: Run Behavior\CronRunBehavior [ RunTime:0.002527s ]
INFO: [ app_begin ] --END-- [ RunTime:0.003993s ]
INFO: [ app_end ] --START--
INFO: Run Behavior\ShowPageTraceBehavior [ RunTime:0.000856s ]
INFO: [ app_end ] --END-- [ RunTime:0.000958s ]

[ 2017-05-28T11:27:20+08:00 ] ::1 /eshop/index.php/Admin/Login/checkVerify
ERR: Cron:cron Runat 2017-05-28 11:27:20 Use 0.000387 s

[ 2017-05-28T11:27:20+08:00 ] ::1 /eshop/index.php/Admin/Login/checkVerify
INFO: [ app_begin ] --START--
INFO: Run Behavior\ReadHtmlCacheBehavior [ RunTime:0.000751s ]
INFO: Run Behavior\CronRunBehavior [ RunTime:0.004211s ]
INFO: [ app_begin ] --END-- [ RunTime:0.005566s ]
INFO: [ app_end ] --START--
INFO: Run Behavior\ShowPageTraceBehavior [ RunTime:0.000748s ]
INFO: [ app_end ] --END-- [ RunTime:0.000832s ]

[ 2017-05-28T11:27:21+08:00 ] ::1 /eshop/index.php/Admin/Login/checkVerify
INFO: [ app_begin ] --START--
INFO: Run Behavior\ReadHtmlCacheBehavior [ RunTime:0.001085s ]
INFO: Run Behavior\CronRunBehavior [ RunTime:0.002503s ]
INFO: [ app_begin ] --END-- [ RunTime:0.004635s ]
INFO: [ app_end ] --START--
INFO: Run Behavior\ShowPageTraceBehavior [ RunTime:0.000809s ]
INFO: [ app_end ] --END-- [ RunTime:0.000885s ]

[ 2017-05-28T11:27:24+08:00 ] ::1 /eshop/index.php/Admin/Login/doLogin
ERR: Cron:cron Runat 2017-05-28 11:27:24 Use 0.000279 s

[ 2017-05-28T11:27:24+08:00 ] ::1 /eshop/index.php/Admin/Login/doLogin
INFO: [ app_begin ] --START--
INFO: Run Behavior\ReadHtmlCacheBehavior [ RunTime:0.000714s ]
INFO: Run Behavior\CronRunBehavior [ RunTime:0.004430s ]
INFO: [ app_begin ] --END-- [ RunTime:0.005759s ]
INFO: [ app_end ] --START--
INFO: Run Behavior\ShowPageTraceBehavior [ RunTime:0.000760s ]
INFO: [ app_end ] --END-- [ RunTime:0.000843s ]

[ 2017-05-28T11:27:52+08:00 ] ::1 /eshop/index.php/Admin/Login/doLogin
ERR: Cron:cron Runat 2017-05-28 11:27:52 Use 0.000358 s

[ 2017-05-28T11:27:52+08:00 ] ::1 /eshop/index.php/Admin/Login/doLogin
INFO: [ app_begin ] --START--
INFO: Run Behavior\ReadHtmlCacheBehavior [ RunTime:0.000972s ]
INFO: Run Behavior\CronRunBehavior [ RunTime:0.004585s ]
INFO: [ app_begin ] --END-- [ RunTime:0.006428s ]
INFO: [ app_end ] --START--
INFO: Run Behavior\ShowPageTraceBehavior [ RunTime:0.000942s ]
INFO: [ app_end ] --END-- [ RunTime:0.001047s ]

[ 2017-05-28T11:28:37+08:00 ] ::1 /eshop/index.php/Admin/Login/doLogin
ERR: Cron:cron Runat 2017-05-28 11:28:37 Use 0.000399 s

[ 2017-05-28T11:28:37+08:00 ] ::1 /eshop/index.php/Admin/Login/doLogin
INFO: [ app_begin ] --START--
INFO: Run Behavior\ReadHtmlCacheBehavior [ RunTime:0.000759s ]
INFO: Run Behavior\CronRunBehavior [ RunTime:0.005318s ]
INFO: [ app_begin ] --END-- [ RunTime:0.006739s ]
INFO: [ app_end ] --START--
INFO: Run Behavior\ShowPageTraceBehavior [ RunTime:0.000779s ]
INFO: [ app_end ] --END-- [ RunTime:0.000872s ]

[ 2017-05-28T11:30:00+08:00 ] ::1 /eshop/index.php/Admin/Login/doLogin
ERR: Cron:cron Runat 2017-05-28 11:30:00 Use 0.000406 s

[ 2017-05-28T11:30:00+08:00 ] ::1 /eshop/index.php/Admin/Login/doLogin
INFO: [ app_begin ] --START--
INFO: Run Behavior\ReadHtmlCacheBehavior [ RunTime:0.000700s ]
INFO: Run Behavior\CronRunBehavior [ RunTime:0.005361s ]
INFO: [ app_begin ] --END-- [ RunTime:0.006671s ]
NOTIC: [8] Undefined index: verify D:\wampserver\wamp\www\eshop\App\Admin\Controller\LoginController.class.php 第 22 行.
INFO: [ app_end ] --START--
INFO: Run Behavior\ShowPageTraceBehavior [ RunTime:0.001221s ]
INFO: [ app_end ] --END-- [ RunTime:0.001390s ]

[ 2017-05-28T11:30:19+08:00 ] ::1 /eshop/index.php/Admin/Login/doLogin
ERR: Cron:cron Runat 2017-05-28 11:30:19 Use 0.000428 s

[ 2017-05-28T11:30:19+08:00 ] ::1 /eshop/index.php/Admin/Login/doLogin
INFO: [ app_begin ] --START--
INFO: Run Behavior\ReadHtmlCacheBehavior [ RunTime:0.001201s ]
INFO: Run Behavior\CronRunBehavior [ RunTime:0.006197s ]
INFO: [ app_begin ] --END-- [ RunTime:0.008400s ]
NOTIC: [8] Undefined index: verify1 D:\wampserver\wamp\www\eshop\App\Admin\Controller\LoginController.class.php 第 22 行.
INFO: [ app_end ] --START--
INFO: Run Behavior\ShowPageTraceBehavior [ RunTime:0.001006s ]
INFO: [ app_end ] --END-- [ RunTime:0.001108s ]

[ 2017-05-28T11:30:24+08:00 ] ::1 /eshop/index.php/Admin/Login/doLogin
ERR: Cron:cron Runat 2017-05-28 11:30:24 Use 0.000322 s

[ 2017-05-28T11:30:24+08:00 ] ::1 /eshop/index.php/Admin/Login/doLogin
INFO: [ app_begin ] --START--
INFO: Run Behavior\ReadHtmlCacheBehavior [ RunTime:0.000838s ]
INFO: Run Behavior\CronRunBehavior [ RunTime:0.004752s ]
INFO: [ app_begin ] --END-- [ RunTime:0.006257s ]
NOTIC: [8] Undefined index: verify1 D:\wampserver\wamp\www\eshop\App\Admin\Controller\LoginController.class.php 第 22 行.
INFO: [ app_end ] --START--
INFO: Run Behavior\ShowPageTraceBehavior [ RunTime:0.000907s ]
INFO: [ app_end ] --END-- [ RunTime:0.000985s ]

[ 2017-05-28T11:52:08+08:00 ] ::1 /eshop/index.php/Admin/Login/doLogin
ERR: Cron:cron Runat 2017-05-28 11:52:08 Use 0.000406 s

[ 2017-05-28T11:52:08+08:00 ] ::1 /eshop/index.php/Admin/Login/doLogin
INFO: [ app_begin ] --START--
INFO: Run Behavior\ReadHtmlCacheBehavior [ RunTime:0.000807s ]
INFO: Run Behavior\CronRunBehavior [ RunTime:0.005003s ]
INFO: [ app_begin ] --END-- [ RunTime:0.006427s ]
SQL: SHOW COLUMNS FROM `eshop_admin` [ RunTime:0.0073s ]
NOTIC: [8] Undefined index: verify D:\wampserver\wamp\www\eshop\App\Admin\Model\AdminModel.class.php 第 15 行.
NOTIC: [8] Undefined index: verify D:\wampserver\wamp\www\eshop\App\Admin\Model\AdminModel.class.php 第 15 行.

[ 2017-05-28T11:52:37+08:00 ] ::1 /eshop/index.php/Admin/Login/doLogin
ERR: Cron:cron Runat 2017-05-28 11:52:37 Use 0.000387 s

[ 2017-05-28T11:52:37+08:00 ] ::1 /eshop/index.php/Admin/Login/doLogin
INFO: [ app_begin ] --START--
INFO: Run Behavior\ReadHtmlCacheBehavior [ RunTime:0.000796s ]
INFO: Run Behavior\CronRunBehavior [ RunTime:0.005071s ]
INFO: [ app_begin ] --END-- [ RunTime:0.006494s ]
SQL: SHOW COLUMNS FROM `eshop_admin` [ RunTime:0.0083s ]
NOTIC: [8] Undefined index: verify D:\wampserver\wamp\www\eshop\App\Admin\Model\AdminModel.class.php 第 15 行.

[ 2017-05-28T11:53:37+08:00 ] ::1 /eshop/index.php/Admin/Login/doLogin
ERR: Cron:cron Runat 2017-05-28 11:53:37 Use 0.000365 s

[ 2017-05-28T11:53:37+08:00 ] ::1 /eshop/index.php/Admin/Login/doLogin
INFO: [ app_begin ] --START--
INFO: Run Behavior\ReadHtmlCacheBehavior [ RunTime:0.000723s ]
INFO: Run Behavior\CronRunBehavior [ RunTime:0.004461s ]
INFO: [ app_begin ] --END-- [ RunTime:0.006274s ]
SQL: SHOW COLUMNS FROM `eshop_admin` [ RunTime:0.0055s ]
SQL: SELECT * FROM `eshop_admin` WHERE `name` = '11' LIMIT 1   [ RunTime:0.0004s ]

[ 2017-05-28T11:53:51+08:00 ] ::1 /eshop/index.php/Admin/Login/doLogin
ERR: Cron:cron Runat 2017-05-28 11:53:51 Use 0.000348 s

[ 2017-05-28T11:53:51+08:00 ] ::1 /eshop/index.php/Admin/Login/doLogin
INFO: [ app_begin ] --START--
INFO: Run Behavior\ReadHtmlCacheBehavior [ RunTime:0.000737s ]
INFO: Run Behavior\CronRunBehavior [ RunTime:0.004391s ]
INFO: [ app_begin ] --END-- [ RunTime:0.005768s ]
SQL: SHOW COLUMNS FROM `eshop_admin` [ RunTime:0.0051s ]
SQL: SELECT * FROM `eshop_admin` WHERE `name` = 'admin' LIMIT 1   [ RunTime:0.0004s ]

[ 2017-05-28T11:53:57+08:00 ] ::1 /eshop/index.php/Admin/Login/index.html
ERR: Cron:cron Runat 2017-05-28 11:53:57 Use 0.000455 s

[ 2017-05-28T11:54:12+08:00 ] ::1 /eshop/index.php/Admin/Login/checkVerify
ERR: Cron:cron Runat 2017-05-28 11:54:12 Use 0.000351 s

[ 2017-05-28T11:54:12+08:00 ] ::1 /eshop/index.php/Admin/Login/checkVerify
INFO: [ app_begin ] --START--
INFO: Run Behavior\ReadHtmlCacheBehavior [ RunTime:0.000796s ]
INFO: Run Behavior\CronRunBehavior [ RunTime:0.004675s ]
INFO: [ app_begin ] --END-- [ RunTime:0.006188s ]
INFO: [ app_end ] --START--
INFO: Run Behavior\ShowPageTraceBehavior [ RunTime:0.000760s ]
INFO: [ app_end ] --END-- [ RunTime:0.000862s ]

[ 2017-05-28T11:54:14+08:00 ] ::1 /eshop/index.php/Admin/Login/doLogin
ERR: Cron:cron Runat 2017-05-28 11:54:14 Use 0.000391 s

[ 2017-05-28T11:54:14+08:00 ] ::1 /eshop/index.php/Admin/Login/doLogin
INFO: [ app_begin ] --START--
INFO: Run Behavior\ReadHtmlCacheBehavior [ RunTime:0.000712s ]
INFO: Run Behavior\CronRunBehavior [ RunTime:0.004772s ]
INFO: [ app_begin ] --END-- [ RunTime:0.006131s ]
SQL: SHOW COLUMNS FROM `eshop_admin` [ RunTime:0.0052s ]
SQL: SELECT * FROM `eshop_admin` WHERE `name` = 'admin' LIMIT 1   [ RunTime:0.0004s ]

[ 2017-05-28T11:54:38+08:00 ] ::1 /eshop/index.php/Admin/Login/doLogin
ERR: Cron:cron Runat 2017-05-28 11:54:38 Use 0.000366 s

[ 2017-05-28T11:54:38+08:00 ] ::1 /eshop/index.php/Admin/Login/doLogin
INFO: [ app_begin ] --START--
INFO: Run Behavior\ReadHtmlCacheBehavior [ RunTime:0.000803s ]
INFO: Run Behavior\CronRunBehavior [ RunTime:0.004964s ]
INFO: [ app_begin ] --END-- [ RunTime:0.006460s ]
SQL: SHOW COLUMNS FROM `eshop_admin` [ RunTime:0.0048s ]
SQL: SELECT * FROM `eshop_admin` WHERE `name` = 'admin' LIMIT 1   [ RunTime:0.0004s ]

[ 2017-05-28T11:55:47+08:00 ] ::1 /eshop/index.php/Admin/Login/doLogin
ERR: Cron:cron Runat 2017-05-28 11:55:47 Use 0.000723 s

[ 2017-05-28T11:55:47+08:00 ] ::1 /eshop/index.php/Admin/Login/doLogin
INFO: [ app_begin ] --START--
INFO: Run Behavior\ReadHtmlCacheBehavior [ RunTime:0.000767s ]
INFO: Run Behavior\CronRunBehavior [ RunTime:0.006513s ]
INFO: [ app_begin ] --END-- [ RunTime:0.007923s ]
SQL: SHOW COLUMNS FROM `eshop_admin` [ RunTime:0.0078s ]
SQL: SELECT * FROM `eshop_admin` WHERE `name` = 'admin' LIMIT 1   [ RunTime:0.0004s ]
SQL: UPDATE `eshop_admin` SET `loginTime`='1495943747' WHERE `id` = 1 [ RunTime:0.0977s ]
NOTIC: [8] A session had already been started - ignoring session_start() D:\wampserver\wamp\www\eshop\ThinkPHP\Common\functions.php 第 1263 行.

[ 2017-05-28T11:57:56+08:00 ] ::1 /eshop/index.php/Admin/Login/index.html
ERR: Cron:cron Runat 2017-05-28 11:57:56 Use 0.000294 s

[ 2017-05-28T11:58:05+08:00 ] ::1 /eshop/index.php/Admin/Login/index.html
ERR: Cron:cron Runat 2017-05-28 11:58:05 Use 0.000279 s

[ 2017-05-28T11:58:18+08:00 ] ::1 /eshop/index.php/Admin/Login/checkVerify
ERR: Cron:cron Runat 2017-05-28 11:58:18 Use 0.000374 s

[ 2017-05-28T11:58:18+08:00 ] ::1 /eshop/index.php/Admin/Login/checkVerify
INFO: [ app_begin ] --START--
INFO: Run Behavior\ReadHtmlCacheBehavior [ RunTime:0.000765s ]
INFO: Run Behavior\CronRunBehavior [ RunTime:0.005244s ]
INFO: [ app_begin ] --END-- [ RunTime:0.006642s ]
INFO: [ app_end ] --START--
INFO: Run Behavior\ShowPageTraceBehavior [ RunTime:0.000847s ]
INFO: [ app_end ] --END-- [ RunTime:0.000940s ]

[ 2017-05-28T11:58:19+08:00 ] ::1 /eshop/index.php/Admin/Login/doLogin
INFO: [ app_begin ] --START--
INFO: Run Behavior\ReadHtmlCacheBehavior [ RunTime:0.000712s ]
INFO: Run Behavior\CronRunBehavior [ RunTime:0.002413s ]
INFO: [ app_begin ] --END-- [ RunTime:0.003751s ]
SQL: SHOW COLUMNS FROM `eshop_admin` [ RunTime:0.0053s ]
SQL: SELECT * FROM `eshop_admin` WHERE `name` = 'admin' LIMIT 1   [ RunTime:0.0004s ]
SQL: UPDATE `eshop_admin` SET `loginTime`='1495943899' WHERE `id` = 1 [ RunTime:0.1563s ]
NOTIC: [8] A session had already been started - ignoring session_start() D:\wampserver\wamp\www\eshop\ThinkPHP\Common\functions.php 第 1263 行.

[ 2017-05-28T11:58:36+08:00 ] ::1 /eshop/index.php/Admin/Login/doLogin
ERR: Cron:cron Runat 2017-05-28 11:58:36 Use 0.000286 s

[ 2017-05-28T11:58:36+08:00 ] ::1 /eshop/index.php/Admin/Login/doLogin
INFO: [ app_begin ] --START--
INFO: Run Behavior\ReadHtmlCacheBehavior [ RunTime:0.000755s ]
INFO: Run Behavior\CronRunBehavior [ RunTime:0.004348s ]
INFO: [ app_begin ] --END-- [ RunTime:0.005762s ]
SQL: SHOW COLUMNS FROM `eshop_admin` [ RunTime:0.0065s ]
SQL: SELECT * FROM `eshop_admin` WHERE `name` = 'admin' LIMIT 1   [ RunTime:0.0004s ]
SQL: UPDATE `eshop_admin` SET `loginTime`='1495943916' WHERE `id` = 1 [ RunTime:0.0860s ]
NOTIC: [8] A session had already been started - ignoring session_start() D:\wampserver\wamp\www\eshop\ThinkPHP\Common\functions.php 第 1263 行.

[ 2017-05-28T11:58:38+08:00 ] ::1 /eshop/index.php/Admin/Index/index.html
ERR: Cron:cron Runat 2017-05-28 11:58:38 Use 0.000271 s

[ 2017-05-28T11:58:56+08:00 ] ::1 /eshop/index.php/Admin/Index/index.html
ERR: Cron:cron Runat 2017-05-28 11:58:56 Use 0.000309 s

[ 2017-05-28T12:00:53+08:00 ] ::1 /eshop/index.php/Admin/Index/index.html
ERR: Cron:cron Runat 2017-05-28 12:00:53 Use 0.000428 s

[ 2017-05-28T12:02:22+08:00 ] ::1 /eshop/index.php/Admin/Index/index.html
ERR: Cron:cron Runat 2017-05-28 12:02:22 Use 0.000353 s

[ 2017-05-28T12:02:45+08:00 ] ::1 /eshop/index.php/Admin/Index/index.html
ERR: Cron:cron Runat 2017-05-28 12:02:45 Use 0.000344 s

[ 2017-05-28T12:03:25+08:00 ] ::1 /eshop/index.php/Admin/Index/index.html
ERR: Cron:cron Runat 2017-05-28 12:03:25 Use 0.000316 s

[ 2017-05-28T12:05:38+08:00 ] ::1 /eshop/index.php/Admin/Login/verify.html
ERR: Cron:cron Runat 2017-05-28 12:05:38 Use 0.000273 s

[ 2017-05-28T12:05:40+08:00 ] ::1 /eshop/index.php/Admin/Login/index.html
ERR: Cron:cron Runat 2017-05-28 12:05:40 Use 0.000357 s

[ 2017-05-28T12:05:46+08:00 ] ::1 /eshop/index.php/Admin/Login/verify.html
ERR: Cron:cron Runat 2017-05-28 12:05:46 Use 0.000317 s

[ 2017-05-28T12:06:04+08:00 ] ::1 /eshop/index.php/Admin/Login/checkVerify
ERR: Cron:cron Runat 2017-05-28 12:06:04 Use 0.000299 s

[ 2017-05-28T12:06:04+08:00 ] ::1 /eshop/index.php/Admin/Login/checkVerify
INFO: [ app_begin ] --START--
INFO: Run Behavior\ReadHtmlCacheBehavior [ RunTime:0.000731s ]
INFO: Run Behavior\CronRunBehavior [ RunTime:0.004698s ]
INFO: [ app_begin ] --END-- [ RunTime:0.006032s ]
INFO: [ app_end ] --START--
INFO: Run Behavior\ShowPageTraceBehavior [ RunTime:0.000783s ]
INFO: [ app_end ] --END-- [ RunTime:0.001009s ]

[ 2017-05-28T12:06:08+08:00 ] ::1 /eshop/index.php/Admin/Login/checkVerify
ERR: Cron:cron Runat 2017-05-28 12:06:08 Use 0.000575 s

[ 2017-05-28T12:06:08+08:00 ] ::1 /eshop/index.php/Admin/Login/checkVerify
INFO: [ app_begin ] --START--
INFO: Run Behavior\ReadHtmlCacheBehavior [ RunTime:0.001270s ]
INFO: Run Behavior\CronRunBehavior [ RunTime:0.006891s ]
INFO: [ app_begin ] --END-- [ RunTime:0.009181s ]
INFO: [ app_end ] --START--
INFO: Run Behavior\ShowPageTraceBehavior [ RunTime:0.001381s ]
INFO: [ app_end ] --END-- [ RunTime:0.001543s ]

[ 2017-05-28T12:06:11+08:00 ] ::1 /eshop/index.php/Admin/Login/verify.html?0.9920812325625651?0.8527108034599052
ERR: Cron:cron Runat 2017-05-28 12:06:11 Use 0.000325 s

[ 2017-05-28T12:06:14+08:00 ] ::1 /eshop/index.php/Admin/Login/checkVerify
ERR: Cron:cron Runat 2017-05-28 12:06:14 Use 0.000473 s

[ 2017-05-28T12:06:14+08:00 ] ::1 /eshop/index.php/Admin/Login/checkVerify
INFO: [ app_begin ] --START--
INFO: Run Behavior\ReadHtmlCacheBehavior [ RunTime:0.001440s ]
INFO: Run Behavior\CronRunBehavior [ RunTime:0.006699s ]
INFO: [ app_begin ] --END-- [ RunTime:0.009296s ]
INFO: [ app_end ] --START--
INFO: Run Behavior\ShowPageTraceBehavior [ RunTime:0.000788s ]
INFO: [ app_end ] --END-- [ RunTime:0.000871s ]

[ 2017-05-28T12:06:14+08:00 ] ::1 /eshop/index.php/Admin/Login/checkVerify
INFO: [ app_begin ] --START--
INFO: Run Behavior\ReadHtmlCacheBehavior [ RunTime:0.001113s ]
INFO: Run Behavior\CronRunBehavior [ RunTime:0.003444s ]
INFO: [ app_begin ] --END-- [ RunTime:0.005491s ]
INFO: [ app_end ] --START--
INFO: Run Behavior\ShowPageTraceBehavior [ RunTime:0.001190s ]
INFO: [ app_end ] --END-- [ RunTime:0.001324s ]

[ 2017-05-28T12:06:16+08:00 ] ::1 /eshop/index.php/Admin/Login/checkVerify
ERR: Cron:cron Runat 2017-05-28 12:06:16 Use 0.000895 s

[ 2017-05-28T12:06:16+08:00 ] ::1 /eshop/index.php/Admin/Login/checkVerify
INFO: [ app_begin ] --START--
INFO: Run Behavior\ReadHtmlCacheBehavior [ RunTime:0.002604s ]
INFO: Run Behavior\CronRunBehavior [ RunTime:0.011441s ]
INFO: [ app_begin ] --END-- [ RunTime:0.015761s ]
INFO: [ app_end ] --START--
INFO: Run Behavior\ShowPageTraceBehavior [ RunTime:0.002281s ]
INFO: [ app_end ] --END-- [ RunTime:0.002557s ]

[ 2017-05-28T12:06:17+08:00 ] ::1 /eshop/index.php/Admin/Login/checkVerify
INFO: [ app_begin ] --START--
INFO: Run Behavior\ReadHtmlCacheBehavior [ RunTime:0.001331s ]
INFO: Run Behavior\CronRunBehavior [ RunTime:0.003869s ]
INFO: [ app_begin ] --END-- [ RunTime:0.006277s ]
INFO: [ app_end ] --START--
INFO: Run Behavior\ShowPageTraceBehavior [ RunTime:0.000812s ]
INFO: [ app_end ] --END-- [ RunTime:0.000897s ]

[ 2017-05-28T12:06:18+08:00 ] ::1 /eshop/index.php/Admin/Login/checkVerify
ERR: Cron:cron Runat 2017-05-28 12:06:18 Use 0.000608 s

[ 2017-05-28T12:06:18+08:00 ] ::1 /eshop/index.php/Admin/Login/checkVerify
INFO: [ app_begin ] --START--
INFO: Run Behavior\ReadHtmlCacheBehavior [ RunTime:0.001323s ]
INFO: Run Behavior\CronRunBehavior [ RunTime:0.006575s ]
INFO: [ app_begin ] --END-- [ RunTime:0.008996s ]
INFO: [ app_end ] --START--
INFO: Run Behavior\ShowPageTraceBehavior [ RunTime:0.000760s ]
INFO: [ app_end ] --END-- [ RunTime:0.000843s ]

[ 2017-05-28T12:06:24+08:00 ] ::1 /eshop/index.php/Admin/Login/doLogin
ERR: Cron:cron Runat 2017-05-28 12:06:24 Use 0.000402 s

[ 2017-05-28T12:06:24+08:00 ] ::1 /eshop/index.php/Admin/Login/doLogin
INFO: [ app_begin ] --START--
INFO: Run Behavior\ReadHtmlCacheBehavior [ RunTime:0.001131s ]
INFO: Run Behavior\CronRunBehavior [ RunTime:0.005967s ]
INFO: [ app_begin ] --END-- [ RunTime:0.007974s ]
SQL: SHOW COLUMNS FROM `eshop_admin` [ RunTime:0.0050s ]
SQL: SELECT * FROM `eshop_admin` WHERE `name` = 'admin' LIMIT 1   [ RunTime:0.0004s ]
SQL: UPDATE `eshop_admin` SET `loginTime`='1495944384',`ip`='0.0.0.0' WHERE `id` = 1 [ RunTime:0.0884s ]

[ 2017-05-28T12:07:01+08:00 ] ::1 /eshop/index.php/Admin/Login/doLogin
ERR: Cron:cron Runat 2017-05-28 12:07:01 Use 0.000381 s

[ 2017-05-28T12:07:01+08:00 ] ::1 /eshop/index.php/Admin/Login/doLogin
INFO: [ app_begin ] --START--
INFO: Run Behavior\ReadHtmlCacheBehavior [ RunTime:0.000736s ]
INFO: Run Behavior\CronRunBehavior [ RunTime:0.005101s ]
INFO: [ app_begin ] --END-- [ RunTime:0.006483s ]
SQL: SHOW COLUMNS FROM `eshop_admin` [ RunTime:0.0058s ]
SQL: SELECT * FROM `eshop_admin` WHERE `name` = 'admin' LIMIT 1   [ RunTime:0.0004s ]
SQL: UPDATE `eshop_admin` SET `loginTime`='1495944421',`ip`='0.0.0.0' WHERE `id` = 1 [ RunTime:0.0431s ]
NOTIC: [8] A session had already been started - ignoring session_start() D:\wampserver\wamp\www\eshop\ThinkPHP\Common\functions.php 第 1263 行.
NOTIC: [8] Undefined index: admin D:\wampserver\wamp\www\eshop\App\Admin\Model\AdminModel.class.php 第 35 行.

[ 2017-05-28T12:07:36+08:00 ] ::1 /eshop/index.php/Admin/Login/doLogin
ERR: Cron:cron Runat 2017-05-28 12:07:36 Use 0.000284 s

[ 2017-05-28T12:07:36+08:00 ] ::1 /eshop/index.php/Admin/Login/doLogin
INFO: [ app_begin ] --START--
INFO: Run Behavior\ReadHtmlCacheBehavior [ RunTime:0.000736s ]
INFO: Run Behavior\CronRunBehavior [ RunTime:0.004424s ]
INFO: [ app_begin ] --END-- [ RunTime:0.005769s ]
SQL: SHOW COLUMNS FROM `eshop_admin` [ RunTime:0.0055s ]
SQL: SELECT * FROM `eshop_admin` WHERE `name` = 'admin' LIMIT 1   [ RunTime:0.0003s ]
SQL: UPDATE `eshop_admin` SET `loginTime`='1495944456',`ip`='0.0.0.0' WHERE `id` = 1 [ RunTime:0.0765s ]
NOTIC: [8] A session had already been started - ignoring session_start() D:\wampserver\wamp\www\eshop\ThinkPHP\Common\functions.php 第 1263 行.

[ 2017-05-28T12:09:16+08:00 ] ::1 /eshop/index.php/Admin/Login/doLogin
ERR: Cron:cron Runat 2017-05-28 12:09:16 Use 0.000372 s

[ 2017-05-28T12:09:16+08:00 ] ::1 /eshop/index.php/Admin/Login/doLogin
INFO: [ app_begin ] --START--
INFO: Run Behavior\ReadHtmlCacheBehavior [ RunTime:0.000849s ]
INFO: Run Behavior\CronRunBehavior [ RunTime:0.004359s ]
INFO: [ app_begin ] --END-- [ RunTime:0.005938s ]

[ 2017-05-28T12:09:26+08:00 ] ::1 /eshop/index.php/Admin/Login/doLogin
ERR: Cron:cron Runat 2017-05-28 12:09:26 Use 0.000326 s

[ 2017-05-28T12:09:26+08:00 ] ::1 /eshop/index.php/Admin/Login/doLogin
INFO: [ app_begin ] --START--
INFO: Run Behavior\ReadHtmlCacheBehavior [ RunTime:0.000691s ]
INFO: Run Behavior\CronRunBehavior [ RunTime:0.004253s ]
INFO: [ app_begin ] --END-- [ RunTime:0.005536s ]
SQL: SHOW COLUMNS FROM `eshop_admin` [ RunTime:0.0067s ]
SQL: SELECT * FROM `eshop_admin` WHERE `name` = 'admin' LIMIT 1   [ RunTime:0.0004s ]
SQL: UPDATE `eshop_admin` SET `loginTime`='1495944566',`ip`='0.0.0.0' WHERE `id` = 1 [ RunTime:0.0752s ]

[ 2017-05-28T12:09:37+08:00 ] ::1 /eshop/index.php/Admin/Login/doLogin
ERR: Cron:cron Runat 2017-05-28 12:09:37 Use 0.000339 s

[ 2017-05-28T12:09:37+08:00 ] ::1 /eshop/index.php/Admin/Login/doLogin
INFO: [ app_begin ] --START--
INFO: Run Behavior\ReadHtmlCacheBehavior [ RunTime:0.000826s ]
INFO: Run Behavior\CronRunBehavior [ RunTime:0.004234s ]
INFO: [ app_begin ] --END-- [ RunTime:0.005740s ]
SQL: SHOW COLUMNS FROM `eshop_admin` [ RunTime:0.0055s ]
SQL: SELECT * FROM `eshop_admin` WHERE `name` = 'admin' LIMIT 1   [ RunTime:0.0003s ]
SQL: UPDATE `eshop_admin` SET `loginTime`='1495944577',`ip`='0.0.0.0' WHERE `id` = 1 [ RunTime:0.0814s ]

[ 2017-05-28T12:09:39+08:00 ] ::1 /eshop/index.php/Admin/Index/index.html
ERR: Cron:cron Runat 2017-05-28 12:09:39 Use 0.000420 s

[ 2017-05-28T12:09:47+08:00 ] ::1 /eshop/index.php/Admin/Index/index.html
ERR: Cron:cron Runat 2017-05-28 12:09:47 Use 0.000328 s

[ 2017-05-28T12:12:29+08:00 ] ::1 /eshop/index.php/Admin/Index/index.html
ERR: Cron:cron Runat 2017-05-28 12:12:29 Use 0.000300 s

[ 2017-05-28T12:12:41+08:00 ] ::1 /eshop/index.php/Admin/Index/index.html
ERR: Cron:cron Runat 2017-05-28 12:12:41 Use 0.000339 s

[ 2017-05-28T12:13:05+08:00 ] ::1 /eshop/index.php/Admin/Index/index.html
ERR: Cron:cron Runat 2017-05-28 12:13:05 Use 0.000291 s

[ 2017-05-28T12:13:17+08:00 ] ::1 /eshop/index.php/Admin/Index/index.html
ERR: Cron:cron Runat 2017-05-28 12:13:17 Use 0.000345 s

[ 2017-05-28T17:53:00+08:00 ] ::1 /eshop/index.php/Admin/Index/index.html
ERR: Cron:cron Runat 2017-05-28 17:53:00 Use 0.000431 s

[ 2017-05-28T17:53:03+08:00 ] ::1 /eshop/index.php/Admin/Login/index.html
ERR: Cron:cron Runat 2017-05-28 17:53:03 Use 0.000270 s

[ 2017-05-28T17:53:08+08:00 ] ::1 /eshop/index.php/Admin/Login/verify.html
ERR: Cron:cron Runat 2017-05-28 17:53:08 Use 0.000366 s

[ 2017-05-28T17:53:15+08:00 ] ::1 /eshop/index.php/Admin/Login/checkVerify
ERR: Cron:cron Runat 2017-05-28 17:53:15 Use 0.000402 s

[ 2017-05-28T17:53:15+08:00 ] ::1 /eshop/index.php/Admin/Login/checkVerify
INFO: [ app_begin ] --START--
INFO: Run Behavior\ReadHtmlCacheBehavior [ RunTime:0.000753s ]
INFO: Run Behavior\CronRunBehavior [ RunTime:0.004553s ]
INFO: [ app_begin ] --END-- [ RunTime:0.005971s ]
INFO: [ app_end ] --START--
INFO: Run Behavior\ShowPageTraceBehavior [ RunTime:0.000782s ]
INFO: [ app_end ] --END-- [ RunTime:0.000861s ]

[ 2017-05-28T17:53:16+08:00 ] ::1 /eshop/index.php/Admin/Login/checkVerify
INFO: [ app_begin ] --START--
INFO: Run Behavior\ReadHtmlCacheBehavior [ RunTime:0.002221s ]
INFO: Run Behavior\CronRunBehavior [ RunTime:0.006767s ]
INFO: [ app_begin ] --END-- [ RunTime:0.011112s ]
INFO: [ app_end ] --START--
INFO: Run Behavior\ShowPageTraceBehavior [ RunTime:0.001613s ]
INFO: [ app_end ] --END-- [ RunTime:0.001784s ]

[ 2017-05-28T17:53:17+08:00 ] ::1 /eshop/index.php/Admin/Login/checkVerify
ERR: Cron:cron Runat 2017-05-28 17:53:17 Use 0.000335 s

[ 2017-05-28T17:53:17+08:00 ] ::1 /eshop/index.php/Admin/Login/checkVerify
INFO: [ app_begin ] --START--
INFO: Run Behavior\ReadHtmlCacheBehavior [ RunTime:0.000850s ]
INFO: Run Behavior\CronRunBehavior [ RunTime:0.004006s ]
INFO: [ app_begin ] --END-- [ RunTime:0.005606s ]
INFO: [ app_end ] --START--
INFO: Run Behavior\ShowPageTraceBehavior [ RunTime:0.000821s ]
INFO: [ app_end ] --END-- [ RunTime:0.000908s ]

[ 2017-05-28T17:53:17+08:00 ] ::1 /eshop/index.php/Admin/Login/checkVerify
INFO: [ app_begin ] --START--
INFO: Run Behavior\ReadHtmlCacheBehavior [ RunTime:0.001280s ]
INFO: Run Behavior\CronRunBehavior [ RunTime:0.003898s ]
INFO: [ app_begin ] --END-- [ RunTime:0.006216s ]
INFO: [ app_end ] --START--
INFO: Run Behavior\ShowPageTraceBehavior [ RunTime:0.001374s ]
INFO: [ app_end ] --END-- [ RunTime:0.001526s ]

[ 2017-05-28T17:53:18+08:00 ] ::1 /eshop/index.php/Admin/Login/checkVerify
INFO: [ app_begin ] --START--
INFO: Run Behavior\ReadHtmlCacheBehavior [ RunTime:0.001133s ]
INFO: Run Behavior\CronRunBehavior [ RunTime:0.003271s ]
INFO: [ app_begin ] --END-- [ RunTime:0.005370s ]
INFO: [ app_end ] --START--
INFO: Run Behavior\ShowPageTraceBehavior [ RunTime:0.001024s ]
INFO: [ app_end ] --END-- [ RunTime:0.001130s ]

[ 2017-05-28T17:53:20+08:00 ] ::1 /eshop/index.php/Admin/Login/doLogin
ERR: Cron:cron Runat 2017-05-28 17:53:20 Use 0.000331 s

[ 2017-05-28T17:53:20+08:00 ] ::1 /eshop/index.php/Admin/Login/doLogin
INFO: [ app_begin ] --START--
INFO: Run Behavior\ReadHtmlCacheBehavior [ RunTime:0.000733s ]
INFO: Run Behavior\CronRunBehavior [ RunTime:0.004134s ]
INFO: [ app_begin ] --END-- [ RunTime:0.005472s ]
SQL: SHOW COLUMNS FROM `eshop_admin` [ RunTime:0.0682s ]
SQL: SELECT * FROM `eshop_admin` WHERE `name` = 'admin' LIMIT 1   [ RunTime:0.0436s ]
SQL: UPDATE `eshop_admin` SET `loginTime`='1495965200',`ip`='0.0.0.0' WHERE `id` = 1 [ RunTime:0.0888s ]

[ 2017-05-28T17:53:22+08:00 ] ::1 /eshop/index.php/Admin/Index/index.html
ERR: Cron:cron Runat 2017-05-28 17:53:22 Use 0.000319 s

[ 2017-05-28T17:54:08+08:00 ] ::1 /eshop/index.php/Admin/Index/index.html
ERR: Cron:cron Runat 2017-05-28 17:54:08 Use 0.000319 s

[ 2017-05-28T17:56:41+08:00 ] ::1 /eshop/index.php/Admin/Index/index.html
ERR: Cron:cron Runat 2017-05-28 17:56:41 Use 0.000358 s

[ 2017-05-28T17:57:55+08:00 ] ::1 /eshop/index.php/Admin/Index/index.html
ERR: Cron:cron Runat 2017-05-28 17:57:55 Use 0.000340 s

[ 2017-05-28T17:58:23+08:00 ] ::1 /eshop/index.php/Admin/Index/index.html
ERR: Cron:cron Runat 2017-05-28 17:58:23 Use 0.000405 s

[ 2017-05-28T17:59:06+08:00 ] ::1 /eshop/index.php/Admin/Index/index.html
ERR: Cron:cron Runat 2017-05-28 17:59:06 Use 0.000309 s

[ 2017-05-28T17:59:28+08:00 ] ::1 /eshop/index.php/Admin/Index/index.html
ERR: Cron:cron Runat 2017-05-28 17:59:28 Use 0.000362 s

[ 2017-05-28T18:03:06+08:00 ] ::1 /eshop/index.php/Admin/Index/index.html
ERR: Cron:cron Runat 2017-05-28 18:03:06 Use 0.000377 s

[ 2017-05-28T18:03:21+08:00 ] ::1 /eshop/index.php/Admin/Index/index.html
ERR: Cron:cron Runat 2017-05-28 18:03:21 Use 0.000358 s

[ 2017-05-28T18:05:25+08:00 ] ::1 /eshop/index.php/Admin/Index/index.html
ERR: Cron:cron Runat 2017-05-28 18:05:25 Use 0.000264 s

[ 2017-05-28T18:06:29+08:00 ] ::1 /eshop/index.php/Admin/Index/index.html
ERR: Cron:cron Runat 2017-05-28 18:06:29 Use 0.000409 s

[ 2017-05-28T18:06:40+08:00 ] ::1 /eshop/index.php/Admin/Index/index.html
ERR: Cron:cron Runat 2017-05-28 18:06:40 Use 0.000322 s

[ 2017-05-28T18:07:18+08:00 ] ::1 /eshop/index.php/Admin/Index/index.html
ERR: Cron:cron Runat 2017-05-28 18:07:18 Use 0.000380 s

[ 2017-05-28T18:07:27+08:00 ] ::1 /eshop/index.php/Admin/Index/index.html
ERR: Cron:cron Runat 2017-05-28 18:07:27 Use 0.000332 s

[ 2017-05-28T18:08:30+08:00 ] ::1 /eshop/index.php/Admin/Index/index.html
ERR: Cron:cron Runat 2017-05-28 18:08:30 Use 0.000364 s

[ 2017-05-28T18:08:41+08:00 ] ::1 /eshop/index.php/Admin/Index/index.html
ERR: Cron:cron Runat 2017-05-28 18:08:41 Use 0.000452 s

[ 2017-05-28T18:09:03+08:00 ] ::1 /eshop/index.php/Admin/Index/index.html
ERR: Cron:cron Runat 2017-05-28 18:09:03 Use 0.000371 s

[ 2017-05-28T18:09:10+08:00 ] ::1 /eshop/index.php/Admin/Index/index.html
ERR: Cron:cron Runat 2017-05-28 18:09:10 Use 0.000383 s

[ 2017-05-28T18:09:22+08:00 ] ::1 /eshop/index.php/Admin/Index/index.html
ERR: Cron:cron Runat 2017-05-28 18:09:22 Use 0.000405 s

[ 2017-05-28T18:09:32+08:00 ] ::1 /eshop/index.php/Admin/Index/index.html
ERR: Cron:cron Runat 2017-05-28 18:09:32 Use 0.000395 s

[ 2017-05-28T18:09:37+08:00 ] ::1 /eshop/index.php/Admin/Index/index.html
ERR: Cron:cron Runat 2017-05-28 18:09:37 Use 0.000398 s

[ 2017-05-28T18:09:44+08:00 ] ::1 /eshop/index.php/Admin/Index/index.html
ERR: Cron:cron Runat 2017-05-28 18:09:44 Use 0.000386 s

[ 2017-05-28T18:13:48+08:00 ] ::1 /eshop/index.php/Admin/Index/index.html
ERR: Cron:cron Runat 2017-05-28 18:13:48 Use 0.000392 s

[ 2017-05-28T19:00:02+08:00 ] ::1 /eshop/index.php/Admin/Index/index.html
ERR: Cron:cron Runat 2017-05-28 19:00:02 Use 0.000368 s

[ 2017-05-28T19:00:10+08:00 ] ::1 /eshop/index.php/Admin/Index/index.html
ERR: Cron:cron Runat 2017-05-28 19:00:10 Use 0.000360 s

[ 2017-05-28T19:00:15+08:00 ] ::1 /eshop/index.php/Admin/Index/index.html
ERR: Cron:cron Runat 2017-05-28 19:00:15 Use 0.000441 s

[ 2017-05-28T19:01:51+08:00 ] ::1 /eshop/index.php/Admin/Index/index.html
ERR: Cron:cron Runat 2017-05-28 19:01:51 Use 0.000418 s

[ 2017-05-28T19:02:22+08:00 ] ::1 /eshop/index.php/Admin/Index/index.html
ERR: Cron:cron Runat 2017-05-28 19:02:22 Use 0.000356 s

[ 2017-05-28T19:03:36+08:00 ] ::1 /eshop/index.php/Admin/Index/index.html
ERR: Cron:cron Runat 2017-05-28 19:03:36 Use 0.000311 s

[ 2017-05-28T19:04:46+08:00 ] ::1 /eshop/index.php/Admin/Index/index.html
ERR: Cron:cron Runat 2017-05-28 19:04:46 Use 0.000334 s

[ 2017-05-28T19:06:47+08:00 ] ::1 /eshop/index.php/Admin/Index/index.html
ERR: Cron:cron Runat 2017-05-28 19:06:47 Use 0.000349 s

[ 2017-05-28T19:06:56+08:00 ] ::1 /eshop/index.php/Admin/Index/index.html
ERR: Cron:cron Runat 2017-05-28 19:06:56 Use 0.000348 s

[ 2017-05-28T19:07:04+08:00 ] ::1 /eshop/index.php/Admin/Index/index.html
ERR: Cron:cron Runat 2017-05-28 19:07:04 Use 0.000314 s

[ 2017-05-28T19:07:23+08:00 ] ::1 /eshop/index.php/Admin/Index/index.html
ERR: Cron:cron Runat 2017-05-28 19:07:23 Use 0.000358 s

[ 2017-05-28T19:07:57+08:00 ] ::1 /eshop/index.php/Admin/Index/index.html
ERR: Cron:cron Runat 2017-05-28 19:07:57 Use 0.000328 s

[ 2017-05-28T19:08:19+08:00 ] ::1 /eshop/index.php/Admin/Index/index.html
ERR: Cron:cron Runat 2017-05-28 19:08:19 Use 0.000345 s

[ 2017-05-28T19:08:29+08:00 ] ::1 /eshop/index.php/Admin/Index/index.html
ERR: Cron:cron Runat 2017-05-28 19:08:29 Use 0.000320 s

[ 2017-05-28T19:08:39+08:00 ] ::1 /eshop/index.php/Admin/Index/index.html
ERR: Cron:cron Runat 2017-05-28 19:08:39 Use 0.000468 s

[ 2017-05-28T19:08:49+08:00 ] ::1 /eshop/index.php/Admin/Index/index.html
ERR: Cron:cron Runat 2017-05-28 19:08:49 Use 0.000362 s

[ 2017-05-28T19:09:42+08:00 ] ::1 /eshop/index.php/Admin/Index/index.html
ERR: Cron:cron Runat 2017-05-28 19:09:42 Use 0.000324 s

[ 2017-05-28T19:11:27+08:00 ] ::1 /eshop/index.php/Admin/Index/index.html
ERR: Cron:cron Runat 2017-05-28 19:11:27 Use 0.000357 s

[ 2017-05-28T19:11:55+08:00 ] ::1 /eshop/index.php/Admin/Index/index.html
ERR: Cron:cron Runat 2017-05-28 19:11:55 Use 0.000311 s

[ 2017-05-28T19:12:20+08:00 ] ::1 /eshop/index.php/Admin/Index/index.html
ERR: Cron:cron Runat 2017-05-28 19:12:20 Use 0.000288 s

[ 2017-05-28T19:12:34+08:00 ] ::1 /eshop/index.php/Admin/Index/index.html
ERR: Cron:cron Runat 2017-05-28 19:12:34 Use 0.000323 s

[ 2017-05-28T19:12:43+08:00 ] ::1 /eshop/index.php/Admin/Index/index.html
ERR: Cron:cron Runat 2017-05-28 19:12:43 Use 0.000300 s

[ 2017-05-28T19:13:14+08:00 ] ::1 /eshop/index.php/Admin/Index/index.html
ERR: Cron:cron Runat 2017-05-28 19:13:14 Use 0.000465 s

[ 2017-05-28T19:13:41+08:00 ] ::1 /eshop/index.php/Admin/Index/index.html
ERR: Cron:cron Runat 2017-05-28 19:13:41 Use 0.000463 s

[ 2017-05-28T19:13:53+08:00 ] ::1 /eshop/index.php/Admin/Index/index.html
ERR: Cron:cron Runat 2017-05-28 19:13:53 Use 0.000340 s

[ 2017-05-28T19:14:13+08:00 ] ::1 /eshop/index.php/Admin/Index/index.html
ERR: Cron:cron Runat 2017-05-28 19:14:13 Use 0.000319 s

[ 2017-05-28T19:14:43+08:00 ] ::1 /eshop/index.php/Admin/Index/index.html
ERR: Cron:cron Runat 2017-05-28 19:14:43 Use 0.000400 s

[ 2017-05-28T19:15:04+08:00 ] ::1 /eshop/index.php/Admin/Index/index.html
ERR: Cron:cron Runat 2017-05-28 19:15:04 Use 0.000324 s

[ 2017-05-28T19:15:23+08:00 ] ::1 /eshop/index.php/Admin/Index/index.html
ERR: Cron:cron Runat 2017-05-28 19:15:23 Use 0.000360 s

[ 2017-05-28T19:16:23+08:00 ] ::1 /eshop/index.php/Admin/Index/index.html
ERR: Cron:cron Runat 2017-05-28 19:16:23 Use 0.000323 s

[ 2017-05-28T19:16:45+08:00 ] ::1 /eshop/index.php/Admin/Index/index.html
ERR: Cron:cron Runat 2017-05-28 19:16:45 Use 0.000291 s

[ 2017-05-28T19:16:58+08:00 ] ::1 /eshop/index.php/Admin/Index/index.html
ERR: Cron:cron Runat 2017-05-28 19:16:58 Use 0.000360 s

[ 2017-05-28T19:17:30+08:00 ] ::1 /eshop/index.php/Admin/Index/index.html
ERR: Cron:cron Runat 2017-05-28 19:17:30 Use 0.000381 s

[ 2017-05-28T19:17:52+08:00 ] ::1 /eshop/index.php/Admin/Index/index.html
ERR: Cron:cron Runat 2017-05-28 19:17:52 Use 0.000300 s

[ 2017-05-28T19:18:16+08:00 ] ::1 /eshop/index.php/Admin/Index/index.html
ERR: Cron:cron Runat 2017-05-28 19:18:16 Use 0.000342 s

[ 2017-05-28T19:18:28+08:00 ] ::1 /eshop/index.php/Admin/Index/index.html
ERR: Cron:cron Runat 2017-05-28 19:18:28 Use 0.000312 s

[ 2017-05-28T19:18:36+08:00 ] ::1 /eshop/index.php/Admin/Index/index.html
ERR: Cron:cron Runat 2017-05-28 19:18:36 Use 0.000297 s

[ 2017-05-28T19:18:55+08:00 ] ::1 /eshop/index.php/Admin/Index/index.html
ERR: Cron:cron Runat 2017-05-28 19:18:55 Use 0.000296 s

[ 2017-05-28T19:19:28+08:00 ] ::1 /eshop/index.php/Admin/Index/index.html
ERR: Cron:cron Runat 2017-05-28 19:19:28 Use 0.000324 s

[ 2017-05-28T19:19:58+08:00 ] ::1 /eshop/index.php/Admin/Index/index.html
ERR: Cron:cron Runat 2017-05-28 19:19:58 Use 0.000413 s

[ 2017-05-28T19:20:08+08:00 ] ::1 /eshop/index.php/Admin/Index/index.html
ERR: Cron:cron Runat 2017-05-28 19:20:08 Use 0.000358 s

[ 2017-05-28T19:20:35+08:00 ] ::1 /eshop/index.php/Admin/Index/index.html
ERR: Cron:cron Runat 2017-05-28 19:20:35 Use 0.000314 s

[ 2017-05-28T19:22:04+08:00 ] ::1 /eshop/index.php/Admin/Index/index.html
ERR: Cron:cron Runat 2017-05-28 19:22:04 Use 0.000462 s

[ 2017-05-28T19:22:59+08:00 ] ::1 /eshop/index.php/Admin/Index/index.html
ERR: Cron:cron Runat 2017-05-28 19:22:59 Use 0.000396 s

[ 2017-05-28T19:23:25+08:00 ] ::1 /eshop/index.php/Admin/Index/index.html
ERR: Cron:cron Runat 2017-05-28 19:23:25 Use 0.000323 s

[ 2017-05-28T19:23:36+08:00 ] ::1 /eshop/index.php/Admin/Index/index.html
ERR: Cron:cron Runat 2017-05-28 19:23:36 Use 0.000359 s

[ 2017-05-28T19:24:15+08:00 ] ::1 /eshop/index.php/Admin/Index/index.html
ERR: Cron:cron Runat 2017-05-28 19:24:15 Use 0.000437 s

[ 2017-05-28T19:24:27+08:00 ] ::1 /eshop/index.php/Admin/Index/index.html
ERR: Cron:cron Runat 2017-05-28 19:24:27 Use 0.000354 s

[ 2017-05-28T19:27:51+08:00 ] ::1 /eshop/index.php/Admin/Index/index.html
ERR: Cron:cron Runat 2017-05-28 19:27:51 Use 0.000634 s

[ 2017-05-28T19:34:30+08:00 ] ::1 /eshop/index.php/Admin/Index/index.html
ERR: Cron:cron Runat 2017-05-28 19:34:30 Use 0.000426 s

[ 2017-05-28T19:34:52+08:00 ] ::1 /eshop/index.php/Admin/Index/index.html
ERR: Cron:cron Runat 2017-05-28 19:34:52 Use 0.000348 s

[ 2017-05-28T19:35:34+08:00 ] ::1 /eshop/index.php/Admin/Index/index.html
ERR: Cron:cron Runat 2017-05-28 19:35:34 Use 0.000395 s

[ 2017-05-28T19:35:44+08:00 ] ::1 /eshop/index.php/Admin/Index/index.html
ERR: Cron:cron Runat 2017-05-28 19:35:44 Use 0.000355 s

[ 2017-05-28T19:35:53+08:00 ] ::1 /eshop/index.php/Admin/Index/index.html
ERR: Cron:cron Runat 2017-05-28 19:35:53 Use 0.000399 s

[ 2017-05-28T19:36:49+08:00 ] ::1 /eshop/index.php/Admin/Index/index.html
ERR: Cron:cron Runat 2017-05-28 19:36:49 Use 0.000409 s

[ 2017-05-28T19:40:43+08:00 ] ::1 /eshop/index.php/Admin/Index/index.html
ERR: Cron:cron Runat 2017-05-28 19:40:43 Use 0.000309 s

[ 2017-05-28T19:41:36+08:00 ] ::1 /eshop/index.php/Admin/Index/index.html
ERR: Cron:cron Runat 2017-05-28 19:41:36 Use 0.000856 s

[ 2017-05-28T19:41:56+08:00 ] ::1 /eshop/index.php/Admin/Index/index.html
ERR: Cron:cron Runat 2017-05-28 19:41:56 Use 0.000564 s

[ 2017-05-28T19:43:51+08:00 ] ::1 /eshop/index.php/Admin/Index/index.html
ERR: Cron:cron Runat 2017-05-28 19:43:51 Use 0.000407 s

[ 2017-05-28T19:48:00+08:00 ] ::1 /eshop/index.php/Admin/Index/index.html
ERR: Cron:cron Runat 2017-05-28 19:48:00 Use 0.000323 s

[ 2017-05-28T19:48:42+08:00 ] ::1 /eshop/index.php/Admin/Index/index.html
ERR: Cron:cron Runat 2017-05-28 19:48:42 Use 0.000365 s

[ 2017-05-28T19:49:11+08:00 ] ::1 /eshop/index.php/Admin/Index/index.html
ERR: Cron:cron Runat 2017-05-28 19:49:11 Use 0.000327 s

[ 2017-05-28T19:49:19+08:00 ] ::1 /eshop/index.php/Admin/Index/index.html
ERR: Cron:cron Runat 2017-05-28 19:49:19 Use 0.000293 s

[ 2017-05-28T19:49:38+08:00 ] ::1 /eshop/index.php/Admin/Index/index.html
ERR: Cron:cron Runat 2017-05-28 19:49:38 Use 0.000375 s

[ 2017-05-28T19:50:02+08:00 ] ::1 /eshop/index.php/Admin/Index/index.html
ERR: Cron:cron Runat 2017-05-28 19:50:02 Use 0.000387 s

[ 2017-05-28T19:51:27+08:00 ] ::1 /eshop/index.php/Admin/Index/index.html
ERR: Cron:cron Runat 2017-05-28 19:51:27 Use 0.000294 s

[ 2017-05-28T19:51:42+08:00 ] ::1 /eshop/index.php/Admin/Index/index.html
ERR: Cron:cron Runat 2017-05-28 19:51:42 Use 0.000333 s

[ 2017-05-28T19:52:40+08:00 ] ::1 /eshop/index.php/Admin/Index/index.html
ERR: Cron:cron Runat 2017-05-28 19:52:40 Use 0.000411 s

[ 2017-05-28T19:53:04+08:00 ] ::1 /eshop/index.php/Admin/Index/index.html
ERR: Cron:cron Runat 2017-05-28 19:53:04 Use 0.000303 s

[ 2017-05-28T19:53:23+08:00 ] ::1 /eshop/index.php/Admin/Index/index.html
ERR: Cron:cron Runat 2017-05-28 19:53:23 Use 0.000444 s

[ 2017-05-28T19:53:57+08:00 ] ::1 /eshop/index.php/Admin/Index/index.html
ERR: Cron:cron Runat 2017-05-28 19:53:57 Use 0.000420 s

[ 2017-05-28T19:54:08+08:00 ] ::1 /eshop/index.php/Admin/Index/index.html
ERR: Cron:cron Runat 2017-05-28 19:54:08 Use 0.000694 s

[ 2017-05-28T19:55:40+08:00 ] ::1 /eshop/index.php/Admin/Index/index.html
ERR: Cron:cron Runat 2017-05-28 19:55:40 Use 0.001558 s

[ 2017-05-28T19:56:47+08:00 ] ::1 /eshop/index.php/Admin/Index/index.html
ERR: Cron:cron Runat 2017-05-28 19:56:47 Use 0.000386 s

[ 2017-05-28T19:59:44+08:00 ] ::1 /eshop/index.php/Admin/Index/index.html
ERR: Cron:cron Runat 2017-05-28 19:59:44 Use 0.000318 s

[ 2017-05-28T20:00:06+08:00 ] ::1 /eshop/index.php/Admin/Index/index.html
ERR: Cron:cron Runat 2017-05-28 20:00:06 Use 0.000426 s

[ 2017-05-28T20:00:23+08:00 ] ::1 /eshop/index.php/Admin/Index/index.html
ERR: Cron:cron Runat 2017-05-28 20:00:23 Use 0.000355 s

[ 2017-05-28T20:03:40+08:00 ] ::1 /eshop/index.php/Admin/Index/index.html
ERR: Cron:cron Runat 2017-05-28 20:03:40 Use 0.000301 s

[ 2017-05-28T20:04:34+08:00 ] ::1 /eshop/index.php/Admin/Index/index.html
ERR: Cron:cron Runat 2017-05-28 20:04:34 Use 0.000846 s

[ 2017-05-28T20:05:01+08:00 ] ::1 /eshop/index.php/Admin/Index/index.html
ERR: Cron:cron Runat 2017-05-28 20:05:01 Use 0.000802 s

[ 2017-05-28T20:05:09+08:00 ] ::1 /eshop/index.php/Admin/Index/index.html
ERR: Cron:cron Runat 2017-05-28 20:05:09 Use 0.000964 s

[ 2017-05-28T20:06:08+08:00 ] ::1 /eshop/index.php/Admin/Index/index.html
ERR: Cron:cron Runat 2017-05-28 20:06:08 Use 0.000823 s

[ 2017-05-28T20:06:29+08:00 ] ::1 /eshop/index.php/Admin/Index/index.html
ERR: Cron:cron Runat 2017-05-28 20:06:29 Use 0.000319 s

[ 2017-05-28T20:06:36+08:00 ] ::1 /eshop/index.php/Admin/Index/index.html
ERR: Cron:cron Runat 2017-05-28 20:06:36 Use 0.000372 s

[ 2017-05-28T20:07:06+08:00 ] ::1 /eshop/index.php/Admin/Index/index.html
ERR: Cron:cron Runat 2017-05-28 20:07:06 Use 0.000401 s

[ 2017-05-28T20:08:44+08:00 ] ::1 /eshop/index.php/Admin/Index/index.html
ERR: Cron:cron Runat 2017-05-28 20:08:44 Use 0.000497 s

[ 2017-05-28T20:09:00+08:00 ] ::1 /eshop/index.php/Admin/Index/index.html
ERR: Cron:cron Runat 2017-05-28 20:09:00 Use 0.000393 s

[ 2017-05-28T20:09:40+08:00 ] ::1 /eshop/index.php/Admin/Index/index.html
ERR: Cron:cron Runat 2017-05-28 20:09:40 Use 0.000378 s

[ 2017-05-28T20:10:01+08:00 ] ::1 /eshop/index.php/Admin/Index/index.html
ERR: Cron:cron Runat 2017-05-28 20:10:01 Use 0.000333 s

[ 2017-05-28T20:10:49+08:00 ] ::1 /eshop/index.php/Admin/Index/index.html
ERR: Cron:cron Runat 2017-05-28 20:10:49 Use 0.000406 s

[ 2017-05-28T20:11:08+08:00 ] ::1 /eshop/index.php/Admin/Index/index.html
ERR: Cron:cron Runat 2017-05-28 20:11:08 Use 0.000335 s

[ 2017-05-28T20:12:49+08:00 ] ::1 /eshop/index.php/Admin/Index/index.html
ERR: Cron:cron Runat 2017-05-28 20:12:49 Use 0.000384 s

[ 2017-05-28T20:13:26+08:00 ] ::1 /eshop/index.php/Admin/Index/index.html
ERR: Cron:cron Runat 2017-05-28 20:13:26 Use 0.000356 s

[ 2017-05-28T20:15:07+08:00 ] ::1 /eshop/index.php/Admin/Index/index.html
ERR: Cron:cron Runat 2017-05-28 20:15:07 Use 0.001096 s

[ 2017-05-28T20:15:47+08:00 ] ::1 /eshop/index.php/Admin/Index/index.html
ERR: Cron:cron Runat 2017-05-28 20:15:47 Use 0.000449 s

[ 2017-05-28T20:15:52+08:00 ] ::1 /eshop/index.php/Admin/Index/index.html
ERR: Cron:cron Runat 2017-05-28 20:15:52 Use 0.000325 s

[ 2017-05-28T20:17:05+08:00 ] ::1 /eshop/index.php/Admin/Index/index.html
ERR: Cron:cron Runat 2017-05-28 20:17:05 Use 0.000346 s

[ 2017-05-28T20:17:30+08:00 ] ::1 /eshop/index.php/Admin/Index/index.html
ERR: Cron:cron Runat 2017-05-28 20:17:30 Use 0.001044 s

[ 2017-05-28T20:17:55+08:00 ] ::1 /eshop/index.php/Admin/Index/index.html
ERR: Cron:cron Runat 2017-05-28 20:17:55 Use 0.000304 s

[ 2017-05-28T20:18:27+08:00 ] ::1 /eshop/index.php/Admin/Index/index.html
ERR: Cron:cron Runat 2017-05-28 20:18:27 Use 0.000301 s

[ 2017-05-28T20:18:34+08:00 ] ::1 /eshop/index.php/Admin/Index/index.html
ERR: Cron:cron Runat 2017-05-28 20:18:34 Use 0.000294 s

[ 2017-05-28T20:19:05+08:00 ] ::1 /eshop/index.php/Admin/Index/index.html
ERR: Cron:cron Runat 2017-05-28 20:19:05 Use 0.000346 s

[ 2017-05-28T20:19:27+08:00 ] ::1 /eshop/index.php/Admin/Index/index.html
ERR: Cron:cron Runat 2017-05-28 20:19:27 Use 0.000301 s

[ 2017-05-28T20:19:29+08:00 ] ::1 /eshop/index.php/Admin/Index/index.html
ERR: Cron:cron Runat 2017-05-28 20:19:29 Use 0.000386 s

[ 2017-05-28T20:20:02+08:00 ] ::1 /eshop/index.php/Admin/Index/index.html
ERR: Cron:cron Runat 2017-05-28 20:20:02 Use 0.000371 s

[ 2017-05-28T20:20:14+08:00 ] ::1 /eshop/index.php/Admin/Index/index.html
ERR: Cron:cron Runat 2017-05-28 20:20:14 Use 0.000294 s

[ 2017-05-28T20:20:17+08:00 ] ::1 /eshop/index.php/Admin/Index/index.html
ERR: Cron:cron Runat 2017-05-28 20:20:17 Use 0.000372 s

[ 2017-05-28T20:20:41+08:00 ] ::1 /eshop/index.php/Admin/Index/index.html
ERR: Cron:cron Runat 2017-05-28 20:20:41 Use 0.000423 s

[ 2017-05-28T20:20:45+08:00 ] ::1 /eshop/index.php/Admin/Index/index.html
ERR: Cron:cron Runat 2017-05-28 20:20:45 Use 0.000953 s

[ 2017-05-28T20:22:15+08:00 ] ::1 /eshop/index.php/Admin/Index/index.html
ERR: Cron:cron Runat 2017-05-28 20:22:15 Use 0.000387 s

[ 2017-05-28T20:24:23+08:00 ] ::1 /eshop/index.php/Admin/Index/index.html
ERR: Cron:cron Runat 2017-05-28 20:24:23 Use 0.000356 s

[ 2017-05-28T20:25:16+08:00 ] ::1 /eshop/index.php/Admin/Index/index.html
ERR: Cron:cron Runat 2017-05-28 20:25:16 Use 0.000355 s

[ 2017-05-28T20:25:18+08:00 ] ::1 /eshop/index.php/Admin/Index/index.html
ERR: Cron:cron Runat 2017-05-28 20:25:18 Use 0.000350 s

[ 2017-05-28T20:26:10+08:00 ] ::1 /eshop/index.php/Admin/Index/index.html
ERR: Cron:cron Runat 2017-05-28 20:26:09 Use 0.000631 s

[ 2017-05-28T20:26:52+08:00 ] ::1 /eshop/index.php/Admin/Index/index.html
ERR: Cron:cron Runat 2017-05-28 20:26:52 Use 0.000548 s

[ 2017-05-28T20:27:26+08:00 ] ::1 /eshop/index.php/Admin/Index/index.html
ERR: Cron:cron Runat 2017-05-28 20:27:26 Use 0.000363 s

[ 2017-05-28T20:27:56+08:00 ] ::1 /eshop/index.php/Admin/Index/index.html
ERR: Cron:cron Runat 2017-05-28 20:27:56 Use 0.000399 s

[ 2017-05-28T20:28:52+08:00 ] ::1 /eshop/index.php/Admin/Index/index.html
ERR: Cron:cron Runat 2017-05-28 20:28:52 Use 0.000341 s

[ 2017-05-28T20:29:38+08:00 ] ::1 /eshop/index.php/Admin/Index/index.html
ERR: Cron:cron Runat 2017-05-28 20:29:38 Use 0.000372 s

[ 2017-05-28T20:31:19+08:00 ] ::1 /eshop/index.php/Admin/Index/index.html
ERR: Cron:cron Runat 2017-05-28 20:31:19 Use 0.000368 s

[ 2017-05-28T20:32:52+08:00 ] ::1 /eshop/index.php/Admin/Index/index.html
ERR: Cron:cron Runat 2017-05-28 20:32:52 Use 0.000346 s

[ 2017-05-28T20:33:27+08:00 ] ::1 /eshop/index.php/Admin/Index/index.html
ERR: Cron:cron Runat 2017-05-28 20:33:27 Use 0.000338 s

[ 2017-05-28T20:33:41+08:00 ] ::1 /eshop/index.php/Admin/Index/index.html
ERR: Cron:cron Runat 2017-05-28 20:33:41 Use 0.000376 s

[ 2017-05-28T20:34:59+08:00 ] ::1 /eshop/index.php/Admin/Index/index.html
ERR: Cron:cron Runat 2017-05-28 20:34:59 Use 0.000326 s

[ 2017-05-28T20:35:19+08:00 ] ::1 /eshop/index.php/Admin/Index/index.html
ERR: Cron:cron Runat 2017-05-28 20:35:19 Use 0.000428 s

[ 2017-05-28T22:18:28+08:00 ] ::1 /eshop/index.php/Admin/Index/index.html
ERR: Cron:cron Runat 2017-05-28 22:18:28 Use 0.001145 s

[ 2017-05-28T22:18:30+08:00 ] ::1 /eshop/index.php/Admin/Index/index.html
ERR: Cron:cron Runat 2017-05-28 22:18:30 Use 0.000572 s

[ 2017-05-28T22:18:33+08:00 ] ::1 /eshop/index.php/Admin/Index/index.html
ERR: Cron:cron Runat 2017-05-28 22:18:33 Use 0.000535 s

[ 2017-05-28T22:18:34+08:00 ] ::1 /eshop/index.php/Admin/Index/index.html
ERR: Cron:cron Runat 2017-05-28 22:18:34 Use 0.000526 s

[ 2017-05-28T22:18:36+08:00 ] ::1 /eshop/index.php/Admin/Index/index.html
ERR: Cron:cron Runat 2017-05-28 22:18:36 Use 0.000530 s

