[ 2017-06-01T07:33:56+08:00 ] ::1 /eshop/index.php/Admin/Index/index.html
ERR: Cron:cron Runat 2017-06-01 07:33:56 Use 0.001076 s

[ 2017-06-01T07:33:57+08:00 ] ::1 /eshop/index.php/Admin/Login/index.html
ERR: Cron:cron Runat 2017-06-01 07:33:57 Use 0.000916 s

[ 2017-06-01T07:34:14+08:00 ] ::1 /eshop/index.php/Admin/Login/checkVerify
ERR: Cron:cron Runat 2017-06-01 07:34:14 Use 0.000504 s

[ 2017-06-01T07:34:14+08:00 ] ::1 /eshop/index.php/Admin/Login/checkVerify
INFO: [ app_begin ] --START--
INFO: Run Behavior\ReadHtmlCacheBehavior [ RunTime:0.001349s ]
INFO: Run Behavior\CronRunBehavior [ RunTime:0.008013s ]
INFO: [ app_begin ] --END-- [ RunTime:0.010411s ]
INFO: [ app_end ] --START--
INFO: Run Behavior\ShowPageTraceBehavior [ RunTime:0.001463s ]
INFO: [ app_end ] --END-- [ RunTime:0.001630s ]

[ 2017-06-01T07:34:17+08:00 ] ::1 /eshop/index.php/Admin/Login/doLogin
ERR: Cron:cron Runat 2017-06-01 07:34:16 Use 0.000426 s

[ 2017-06-01T07:34:17+08:00 ] ::1 /eshop/index.php/Admin/Login/doLogin
INFO: [ app_begin ] --START--
INFO: Run Behavior\ReadHtmlCacheBehavior [ RunTime:0.001259s ]
INFO: Run Behavior\CronRunBehavior [ RunTime:0.003545s ]
INFO: [ app_begin ] --END-- [ RunTime:0.005783s ]
SQL: SHOW COLUMNS FROM `eshop_admin` [ RunTime:0.4884s ]
SQL: SELECT * FROM `eshop_admin` WHERE `name` = 'admin' LIMIT 1   [ RunTime:0.1519s ]
SQL: UPDATE `eshop_admin` SET `loginTime`='1496273656',`ip`='0.0.0.0' WHERE `id` = 1 [ RunTime:0.3630s ]

[ 2017-06-01T07:34:17+08:00 ] ::1 /eshop/index.php/Admin/Login/doLogin
INFO: [ app_begin ] --START--
INFO: Run Behavior\ReadHtmlCacheBehavior [ RunTime:0.001217s ]
INFO: Run Behavior\CronRunBehavior [ RunTime:0.006611s ]
INFO: [ app_begin ] --END-- [ RunTime:0.008829s ]
SQL: SHOW COLUMNS FROM `eshop_admin` [ RunTime:0.0121s ]
SQL: SELECT * FROM `eshop_admin` WHERE `name` = 'admin' LIMIT 1   [ RunTime:0.0009s ]
SQL: UPDATE `eshop_admin` SET `loginTime`='1496273657',`ip`='0.0.0.0' WHERE `id` = 1 [ RunTime:0.0914s ]

[ 2017-06-01T07:34:18+08:00 ] ::1 /eshop/index.php/Admin/Index/index.html
ERR: Cron:cron Runat 2017-06-01 07:34:18 Use 0.000749 s

[ 2017-06-01T07:34:42+08:00 ] ::1 /eshop/index.php/Admin/Index/index.html
ERR: Cron:cron Runat 2017-06-01 07:34:42 Use 0.000510 s

[ 2017-06-01T07:34:44+08:00 ] ::1 /eshop/index.php/Admin/ShopManage/autho.html
ERR: Cron:cron Runat 2017-06-01 07:34:44 Use 0.000544 s

[ 2017-06-01T07:34:48+08:00 ] ::1 /eshop/index.php/Admin/ShopManage/addAutho.html
ERR: Cron:cron Runat 2017-06-01 07:34:48 Use 0.000443 s

[ 2017-06-01T07:34:51+08:00 ] ::1 /eshop/index.php/Admin/ShopManage/apply.html
ERR: Cron:cron Runat 2017-06-01 07:34:51 Use 0.000630 s

[ 2017-06-01T07:35:12+08:00 ] ::1 /eshop/index.php/Admin/ArticalManage/index.html
ERR: Cron:cron Runat 2017-06-01 07:35:12 Use 0.000519 s

[ 2017-06-01T07:35:17+08:00 ] ::1 /eshop/index.php/Admin/ArticalManage/index.html
ERR: Cron:cron Runat 2017-06-01 07:35:17 Use 0.000612 s

[ 2017-06-01T07:35:52+08:00 ] ::1 /eshop/index.php/Admin/ArticalManage/index.html
ERR: Cron:cron Runat 2017-06-01 07:35:52 Use 0.000589 s

[ 2017-06-01T07:36:13+08:00 ] ::1 /eshop/index.php/Admin/ArticalManage/index.html
ERR: Cron:cron Runat 2017-06-01 07:36:13 Use 0.000437 s

[ 2017-06-01T07:36:45+08:00 ] ::1 /eshop/index.php/Admin/ArticalManage/index.html
ERR: Cron:cron Runat 2017-06-01 07:36:45 Use 0.000610 s

[ 2017-06-01T07:37:01+08:00 ] ::1 /eshop/index.php/Admin/ArticalManage/index.html
ERR: Cron:cron Runat 2017-06-01 07:37:01 Use 0.000743 s

[ 2017-06-01T07:37:26+08:00 ] ::1 /eshop/index.php/Admin/ArticalManage/index.html
ERR: Cron:cron Runat 2017-06-01 07:37:26 Use 0.000612 s

[ 2017-06-01T07:37:32+08:00 ] ::1 /eshop/index.php/Admin/ArticalManage/index.html
ERR: Cron:cron Runat 2017-06-01 07:37:32 Use 0.000443 s

[ 2017-06-01T07:38:19+08:00 ] ::1 /eshop/index.php/Admin/ArticalManage/index.html
ERR: Cron:cron Runat 2017-06-01 07:38:19 Use 0.000622 s

[ 2017-06-01T07:39:38+08:00 ] ::1 /eshop/index.php/Admin/ArticalManage/index.html
ERR: Cron:cron Runat 2017-06-01 07:39:38 Use 0.000603 s

[ 2017-06-01T07:39:56+08:00 ] ::1 /eshop/index.php/Admin/ArticalManage/index.html
ERR: Cron:cron Runat 2017-06-01 07:39:56 Use 0.000514 s

[ 2017-06-01T07:41:51+08:00 ] ::1 /eshop/index.php/Admin/ArticalManage/index.html
ERR: Cron:cron Runat 2017-06-01 07:41:51 Use 0.000453 s

[ 2017-06-01T07:41:59+08:00 ] ::1 /eshop/index.php/Admin/ArticalManage/index.html
ERR: Cron:cron Runat 2017-06-01 07:41:59 Use 0.000486 s

[ 2017-06-01T07:44:11+08:00 ] ::1 /eshop/index.php/Admin/ArticalManage/index.html
ERR: Cron:cron Runat 2017-06-01 07:44:11 Use 0.000453 s

[ 2017-06-01T07:44:31+08:00 ] ::1 /eshop/index.php/Admin/ArticalManage/index.html
ERR: Cron:cron Runat 2017-06-01 07:44:31 Use 0.000457 s

[ 2017-06-01T07:48:09+08:00 ] ::1 /eshop/index.php/Admin/ArticalManage/index.html
ERR: Cron:cron Runat 2017-06-01 07:48:09 Use 0.000424 s

[ 2017-06-01T07:49:18+08:00 ] ::1 /eshop/index.php/Admin/ArticalManage/index.html
ERR: Cron:cron Runat 2017-06-01 07:49:18 Use 0.000398 s

[ 2017-06-01T07:50:13+08:00 ] ::1 /eshop/index.php/Admin/ArticalManage/index.html
ERR: Cron:cron Runat 2017-06-01 07:50:13 Use 0.000518 s

[ 2017-06-01T07:50:51+08:00 ] ::1 /eshop/index.php/Admin/ArticalManage/index.html
ERR: Cron:cron Runat 2017-06-01 07:50:51 Use 0.000499 s

[ 2017-06-01T07:51:07+08:00 ] ::1 /eshop/index.php/Admin/ArticalManage/index.html
ERR: Cron:cron Runat 2017-06-01 07:51:07 Use 0.000471 s

[ 2017-06-01T07:51:24+08:00 ] ::1 /eshop/index.php/Admin/ArticalManage/index.html
ERR: Cron:cron Runat 2017-06-01 07:51:24 Use 0.000476 s

[ 2017-06-01T07:51:45+08:00 ] ::1 /eshop/index.php/Admin/ArticalManage/index.html
ERR: Cron:cron Runat 2017-06-01 07:51:45 Use 0.000472 s

[ 2017-06-01T07:52:27+08:00 ] ::1 /eshop/index.php/Admin/ArticalManage/index.html
ERR: Cron:cron Runat 2017-06-01 07:52:27 Use 0.000465 s

[ 2017-06-01T07:52:35+08:00 ] ::1 /eshop/index.php/Admin/ArticalManage/index.html
ERR: Cron:cron Runat 2017-06-01 07:52:35 Use 0.000537 s

[ 2017-06-01T07:53:34+08:00 ] ::1 /eshop/index.php/Admin/ArticalManage/index.html
ERR: Cron:cron Runat 2017-06-01 07:53:34 Use 0.000580 s

[ 2017-06-01T07:53:50+08:00 ] ::1 /eshop/index.php/Admin/ArticalManage/index.html
ERR: Cron:cron Runat 2017-06-01 07:53:50 Use 0.000453 s

[ 2017-06-01T07:53:52+08:00 ] ::1 /eshop/index.php/Admin/Index/index.html
ERR: Cron:cron Runat 2017-06-01 07:53:52 Use 0.000528 s

[ 2017-06-01T07:54:40+08:00 ] ::1 /eshop/index.php/Admin/Index/index.html
ERR: Cron:cron Runat 2017-06-01 07:54:40 Use 0.000500 s

[ 2017-06-01T07:55:44+08:00 ] ::1 /eshop/index.php/Admin/Index/index.html
ERR: Cron:cron Runat 2017-06-01 07:55:44 Use 0.000543 s

[ 2017-06-01T07:57:16+08:00 ] ::1 /eshop/index.php/Admin/Index/index.html
ERR: Cron:cron Runat 2017-06-01 07:57:16 Use 0.000525 s

[ 2017-06-01T07:57:29+08:00 ] ::1 /eshop/index.php/Admin/ShopManage/autho.html
ERR: Cron:cron Runat 2017-06-01 07:57:29 Use 0.000850 s

[ 2017-06-01T07:57:34+08:00 ] ::1 /eshop/index.php/Admin/ArticalManage/index.html
ERR: Cron:cron Runat 2017-06-01 07:57:34 Use 0.000524 s

[ 2017-06-01T08:01:14+08:00 ] ::1 /eshop/index.php/Admin/ArticalManage/index.html
ERR: Cron:cron Runat 2017-06-01 08:01:14 Use 0.000439 s

[ 2017-06-01T08:01:32+08:00 ] ::1 /eshop/index.php/Admin/ArticalManage/index.html
ERR: Cron:cron Runat 2017-06-01 08:01:32 Use 0.000538 s

[ 2017-06-01T08:01:35+08:00 ] ::1 /eshop/index.php/Admin/ShopManage/autho.html
ERR: Cron:cron Runat 2017-06-01 08:01:35 Use 0.000487 s

[ 2017-06-01T08:01:37+08:00 ] ::1 /eshop/index.php/Admin/ShopManage/apply.html
ERR: Cron:cron Runat 2017-06-01 08:01:37 Use 0.000467 s

[ 2017-06-01T08:01:46+08:00 ] ::1 /eshop/index.php/Admin/ShopManage/apply.html
ERR: Cron:cron Runat 2017-06-01 08:01:46 Use 0.001236 s

[ 2017-06-01T08:01:52+08:00 ] ::1 /eshop/index.php/Admin/ShopManage/apply.html
ERR: Cron:cron Runat 2017-06-01 08:01:52 Use 0.000800 s

[ 2017-06-01T08:02:11+08:00 ] ::1 /eshop/index.php/Admin/ShopManage/apply.html
ERR: Cron:cron Runat 2017-06-01 08:02:11 Use 0.000498 s

[ 2017-06-01T08:02:14+08:00 ] ::1 /eshop/index.php/Admin/ArticalManage/index.html
ERR: Cron:cron Runat 2017-06-01 08:02:14 Use 0.000476 s

[ 2017-06-01T08:03:10+08:00 ] ::1 /eshop/index.php/Admin/ArticalManage/index.html
ERR: Cron:cron Runat 2017-06-01 08:03:10 Use 0.000498 s

[ 2017-06-01T08:05:42+08:00 ] ::1 /eshop/index.php/Admin/ArticalManage/index.html
ERR: Cron:cron Runat 2017-06-01 08:05:42 Use 0.000523 s

[ 2017-06-01T08:06:12+08:00 ] ::1 /eshop/index.php/Admin/ShopManage/apply.html
ERR: Cron:cron Runat 2017-06-01 08:06:12 Use 0.000439 s

[ 2017-06-01T08:07:35+08:00 ] ::1 /eshop/index.php/Admin/ShopManage/apply.html
ERR: Cron:cron Runat 2017-06-01 08:07:35 Use 0.000481 s

[ 2017-06-01T08:07:39+08:00 ] ::1 /eshop/index.php/Admin/ArticalManage/index.html
ERR: Cron:cron Runat 2017-06-01 08:07:39 Use 0.000419 s

[ 2017-06-01T08:08:20+08:00 ] ::1 /eshop/index.php/Admin/ShopManage/apply.html
ERR: Cron:cron Runat 2017-06-01 08:08:20 Use 0.000524 s

[ 2017-06-01T08:08:50+08:00 ] ::1 /eshop/index.php/Admin/ShopManage/apply.html
ERR: Cron:cron Runat 2017-06-01 08:08:50 Use 0.000570 s

[ 2017-06-01T08:08:55+08:00 ] ::1 /eshop/index.php/Admin/ArticalManage/index.html
ERR: Cron:cron Runat 2017-06-01 08:08:55 Use 0.000420 s

[ 2017-06-01T08:09:27+08:00 ] ::1 /eshop/index.php/Admin/ArticalManage/index.html
ERR: Cron:cron Runat 2017-06-01 08:09:27 Use 0.000402 s

[ 2017-06-01T08:09:33+08:00 ] ::1 /eshop/index.php/Admin/ShopManage/apply.html
ERR: Cron:cron Runat 2017-06-01 08:09:33 Use 0.000433 s

[ 2017-06-01T08:10:05+08:00 ] ::1 /eshop/index.php/Admin/ShopManage/apply.html
ERR: Cron:cron Runat 2017-06-01 08:10:05 Use 0.000564 s

[ 2017-06-01T08:10:16+08:00 ] ::1 /eshop/index.php/Admin/ArticalManage/index.html
ERR: Cron:cron Runat 2017-06-01 08:10:16 Use 0.000449 s

[ 2017-06-01T08:13:59+08:00 ] ::1 /eshop/index.php/Admin/ArticalManage/index.html
ERR: Cron:cron Runat 2017-06-01 08:13:59 Use 0.000527 s

[ 2017-06-01T08:22:50+08:00 ] ::1 /eshop/index.php/Admin/ArticalManage/index.html
ERR: Cron:cron Runat 2017-06-01 08:22:50 Use 0.000337 s

[ 2017-06-01T08:23:22+08:00 ] ::1 /eshop/index.php/Admin/ArticalManage/index.html
ERR: Cron:cron Runat 2017-06-01 08:23:22 Use 0.000268 s

[ 2017-06-01T08:23:35+08:00 ] ::1 /eshop/index.php/Admin/ArticalManage/index.html
ERR: Cron:cron Runat 2017-06-01 08:23:35 Use 0.000389 s

[ 2017-06-01T08:23:42+08:00 ] ::1 /eshop/index.php/Admin/ArticalManage/index.html
ERR: Cron:cron Runat 2017-06-01 08:23:42 Use 0.000378 s

[ 2017-06-01T08:27:57+08:00 ] ::1 /eshop/index.php/Admin/ArticalManage/index.html
ERR: Cron:cron Runat 2017-06-01 08:27:57 Use 0.000294 s

[ 2017-06-01T08:28:47+08:00 ] ::1 /eshop/index.php/Admin/ArticalManage/index.html
ERR: Cron:cron Runat 2017-06-01 08:28:47 Use 0.000399 s

[ 2017-06-01T08:28:52+08:00 ] ::1 /eshop/index.php/Admin/ArticalManage/info.html
ERR: Cron:cron Runat 2017-06-01 08:28:52 Use 0.000367 s

[ 2017-06-01T08:35:23+08:00 ] ::1 /eshop/index.php/Admin/ArticalManage/info.html
ERR: Cron:cron Runat 2017-06-01 08:35:23 Use 0.000363 s

[ 2017-06-01T08:39:14+08:00 ] ::1 /eshop/index.php/Admin/ArticalManage/index.html
ERR: Cron:cron Runat 2017-06-01 08:39:14 Use 0.000348 s

[ 2017-06-01T08:41:04+08:00 ] ::1 /eshop/index.php/Admin/ArticalManage/index.html
ERR: Cron:cron Runat 2017-06-01 08:41:04 Use 0.000406 s

[ 2017-06-01T08:41:39+08:00 ] ::1 /eshop/index.php/Admin/ArticalManage/index.html
ERR: Cron:cron Runat 2017-06-01 08:41:39 Use 0.000251 s

[ 2017-06-01T08:45:56+08:00 ] ::1 /eshop/index.php/Admin/ArticalManage/index.html
ERR: Cron:cron Runat 2017-06-01 08:45:56 Use 0.000445 s

[ 2017-06-01T08:47:07+08:00 ] ::1 /eshop/index.php/Admin/ArticalManage/index.html
ERR: Cron:cron Runat 2017-06-01 08:47:07 Use 0.000352 s

[ 2017-06-01T08:47:12+08:00 ] ::1 /eshop/index.php/Admin/ArticalManage/info.html
ERR: Cron:cron Runat 2017-06-01 08:47:12 Use 0.000337 s

[ 2017-06-01T08:48:41+08:00 ] ::1 /eshop/index.php/Admin/ArticalManage/info.html
ERR: Cron:cron Runat 2017-06-01 08:48:41 Use 0.000351 s

[ 2017-06-01T08:50:03+08:00 ] ::1 /eshop/index.php/Admin/ArticalManage/info.html
ERR: Cron:cron Runat 2017-06-01 08:50:03 Use 0.000386 s

[ 2017-06-01T08:50:15+08:00 ] ::1 /eshop/index.php/Admin/ArticalManage/info.html
ERR: Cron:cron Runat 2017-06-01 08:50:15 Use 0.000385 s

[ 2017-06-01T08:50:22+08:00 ] ::1 /eshop/index.php/Admin/ArticalManage/info.html
ERR: Cron:cron Runat 2017-06-01 08:50:22 Use 0.000272 s

[ 2017-06-01T08:50:59+08:00 ] ::1 /eshop/index.php/Admin/ArticalManage/info.html
ERR: Cron:cron Runat 2017-06-01 08:50:59 Use 0.000281 s

[ 2017-06-01T08:51:21+08:00 ] ::1 /eshop/index.php/Admin/ArticalManage/info.html
ERR: Cron:cron Runat 2017-06-01 08:51:21 Use 0.000368 s

[ 2017-06-01T08:52:18+08:00 ] ::1 /eshop/index.php/Admin/ArticalManage/info.html
ERR: Cron:cron Runat 2017-06-01 08:52:18 Use 0.000334 s

[ 2017-06-01T08:52:49+08:00 ] ::1 /eshop/index.php/Admin/ArticalManage/info.html
ERR: Cron:cron Runat 2017-06-01 08:52:49 Use 0.000349 s

[ 2017-06-01T08:52:56+08:00 ] ::1 /eshop/index.php/Admin/ArticalManage/info.html?title=
ERR: Cron:cron Runat 2017-06-01 08:52:56 Use 0.000387 s

[ 2017-06-01T08:54:13+08:00 ] ::1 /eshop/index.php/Admin/ArticalManage/info.html?title=
ERR: Cron:cron Runat 2017-06-01 08:54:13 Use 0.000315 s

[ 2017-06-01T08:54:39+08:00 ] ::1 /eshop/index.php/Admin/ArticalManage/info.html?title=
ERR: Cron:cron Runat 2017-06-01 08:54:39 Use 0.000438 s

[ 2017-06-01T08:55:09+08:00 ] ::1 /eshop/index.php/Admin/ArticalManage/info.html?title=
ERR: Cron:cron Runat 2017-06-01 08:55:09 Use 0.000337 s

[ 2017-06-01T08:56:21+08:00 ] ::1 /eshop/index.php/Admin/ArticalManage/info.html?title=
ERR: Cron:cron Runat 2017-06-01 08:56:21 Use 0.000357 s

[ 2017-06-01T08:57:27+08:00 ] ::1 /eshop/index.php/Admin/ArticalManage/info.html?title=
ERR: Cron:cron Runat 2017-06-01 08:57:27 Use 0.000553 s

[ 2017-06-01T08:58:10+08:00 ] ::1 /eshop/index.php/Admin/ArticalManage/info.html?title=
ERR: Cron:cron Runat 2017-06-01 08:58:10 Use 0.000390 s

[ 2017-06-01T08:58:40+08:00 ] ::1 /eshop/index.php/Admin/ArticalManage/info.html?title=
ERR: Cron:cron Runat 2017-06-01 08:58:40 Use 0.000800 s

[ 2017-06-01T09:00:16+08:00 ] ::1 /eshop/index.php/Admin/ArticalManage/info.html?title=
ERR: Cron:cron Runat 2017-06-01 09:00:16 Use 0.000324 s

[ 2017-06-01T09:00:22+08:00 ] ::1 /eshop/index.php/Admin/ArticalManage/info.html?title=
ERR: Cron:cron Runat 2017-06-01 09:00:22 Use 0.000367 s

[ 2017-06-01T09:01:01+08:00 ] ::1 /eshop/index.php/Admin/ArticalManage/info.html?title=
ERR: Cron:cron Runat 2017-06-01 09:01:01 Use 0.000279 s

[ 2017-06-01T09:02:17+08:00 ] ::1 /eshop/index.php/Admin/ArticalManage/info.html?title=
ERR: Cron:cron Runat 2017-06-01 09:02:17 Use 0.000339 s

[ 2017-06-01T09:03:07+08:00 ] ::1 /eshop/index.php/Admin/ArticalManage/info.html?title=
ERR: Cron:cron Runat 2017-06-01 09:03:07 Use 0.000332 s

[ 2017-06-01T09:03:36+08:00 ] ::1 /eshop/index.php/Admin/ArticalManage/info.html?title=
ERR: Cron:cron Runat 2017-06-01 09:03:36 Use 0.000341 s

[ 2017-06-01T09:03:40+08:00 ] ::1 /eshop/index.php/Admin/ArticalManage/info.html?title=
ERR: Cron:cron Runat 2017-06-01 09:03:40 Use 0.000340 s

[ 2017-06-01T09:03:43+08:00 ] ::1 /eshop/index.php/Admin/ArticalManage/info.html?title=
ERR: Cron:cron Runat 2017-06-01 09:03:43 Use 0.000326 s

[ 2017-06-01T09:04:11+08:00 ] ::1 /eshop/index.php/Admin/ArticalManage/info.html?title=
ERR: Cron:cron Runat 2017-06-01 09:04:11 Use 0.000290 s

[ 2017-06-01T09:04:23+08:00 ] ::1 /eshop/index.php/Admin/ArticalManage/info.html?title=
ERR: Cron:cron Runat 2017-06-01 09:04:23 Use 0.000361 s

[ 2017-06-01T09:04:47+08:00 ] ::1 /eshop/index.php/Admin/ArticalManage/info.html?title=
ERR: Cron:cron Runat 2017-06-01 09:04:47 Use 0.000329 s

[ 2017-06-01T09:05:18+08:00 ] ::1 /eshop/index.php/Admin/ArticalManage/info.html?title=
ERR: Cron:cron Runat 2017-06-01 09:05:18 Use 0.000373 s

[ 2017-06-01T09:05:42+08:00 ] ::1 /eshop/index.php/Admin/ArticalManage/info.html?title=
ERR: Cron:cron Runat 2017-06-01 09:05:42 Use 0.000338 s

[ 2017-06-01T09:06:00+08:00 ] ::1 /eshop/index.php/Admin/ArticalManage/info.html?title=
ERR: Cron:cron Runat 2017-06-01 09:06:00 Use 0.000270 s

[ 2017-06-01T09:06:35+08:00 ] ::1 /eshop/index.php/Admin/ArticalManage/info.html?title=
ERR: Cron:cron Runat 2017-06-01 09:06:35 Use 0.000349 s

[ 2017-06-01T09:07:43+08:00 ] ::1 /eshop/index.php/Admin/ArticalManage/info.html?title=
ERR: Cron:cron Runat 2017-06-01 09:07:43 Use 0.000357 s

[ 2017-06-01T09:08:22+08:00 ] ::1 /eshop/index.php/Admin/ArticalManage/info.html?title=
ERR: Cron:cron Runat 2017-06-01 09:08:22 Use 0.000365 s

[ 2017-06-01T09:08:24+08:00 ] ::1 /eshop/index.php/Admin/ArticalManage/info.html?title=
ERR: Cron:cron Runat 2017-06-01 09:08:24 Use 0.000267 s

[ 2017-06-01T09:09:24+08:00 ] ::1 /eshop/index.php/Admin/ArticalManage/info.html?title=
ERR: Cron:cron Runat 2017-06-01 09:09:24 Use 0.000346 s

[ 2017-06-01T09:10:05+08:00 ] ::1 /eshop/index.php/Admin/ArticalManage/info.html?title=
ERR: Cron:cron Runat 2017-06-01 09:10:05 Use 0.000559 s

[ 2017-06-01T09:11:03+08:00 ] ::1 /eshop/index.php/Admin/ArticalManage/info.html?title=
ERR: Cron:cron Runat 2017-06-01 09:11:03 Use 0.000276 s

[ 2017-06-01T09:11:45+08:00 ] ::1 /eshop/index.php/Admin/ArticalManage/info.html?title=
ERR: Cron:cron Runat 2017-06-01 09:11:45 Use 0.000276 s

[ 2017-06-01T09:12:40+08:00 ] ::1 /eshop/index.php/Admin/ArticalManage/info.html?title=
ERR: Cron:cron Runat 2017-06-01 09:12:40 Use 0.000437 s

[ 2017-06-01T09:14:29+08:00 ] ::1 /eshop/index.php/Admin/ArticalManage/info.html?title=
ERR: Cron:cron Runat 2017-06-01 09:14:29 Use 0.000294 s

[ 2017-06-01T09:14:38+08:00 ] ::1 /eshop/index.php/Admin/ArticalManage/info.html?title=
ERR: Cron:cron Runat 2017-06-01 09:14:38 Use 0.000275 s

[ 2017-06-01T09:14:47+08:00 ] ::1 /eshop/index.php/Admin/ArticalManage/info.html?title=
ERR: Cron:cron Runat 2017-06-01 09:14:47 Use 0.000303 s

[ 2017-06-01T09:14:54+08:00 ] ::1 /eshop/index.php/Admin/ArticalManage/info.html?title=
ERR: Cron:cron Runat 2017-06-01 09:14:54 Use 0.000373 s

[ 2017-06-01T09:15:04+08:00 ] ::1 /eshop/index.php/Admin/ArticalManage/info.html?title=
ERR: Cron:cron Runat 2017-06-01 09:15:04 Use 0.000339 s

[ 2017-06-01T09:15:36+08:00 ] ::1 /eshop/index.php/Admin/ArticalManage/info.html?title=
ERR: Cron:cron Runat 2017-06-01 09:15:36 Use 0.000345 s

[ 2017-06-01T09:15:48+08:00 ] ::1 /eshop/index.php/Admin/ArticalManage/info.html?title=
ERR: Cron:cron Runat 2017-06-01 09:15:48 Use 0.000307 s

[ 2017-06-01T09:16:36+08:00 ] ::1 /eshop/index.php/Admin/ArticalManage/info.html?title=
ERR: Cron:cron Runat 2017-06-01 09:16:36 Use 0.000352 s

[ 2017-06-01T09:17:55+08:00 ] ::1 /eshop/index.php/Admin/ArticalManage/info.html?title=
ERR: Cron:cron Runat 2017-06-01 09:17:55 Use 0.000341 s

[ 2017-06-01T09:17:57+08:00 ] ::1 /eshop/index.php/Admin/ArticalManage/info.html?title=
ERR: Cron:cron Runat 2017-06-01 09:17:57 Use 0.000264 s

[ 2017-06-01T09:17:59+08:00 ] ::1 /eshop/index.php/Admin/ShopManage/autho.html
ERR: Cron:cron Runat 2017-06-01 09:17:59 Use 0.000373 s

[ 2017-06-01T09:18:17+08:00 ] ::1 /eshop/index.php/Admin/ArticalManage/info.html
ERR: Cron:cron Runat 2017-06-01 09:18:17 Use 0.000333 s

[ 2017-06-01T09:18:24+08:00 ] ::1 /eshop/index.php/Admin/ArticalManage/info.html
ERR: Cron:cron Runat 2017-06-01 09:18:24 Use 0.000529 s

[ 2017-06-01T09:20:18+08:00 ] ::1 /eshop/index.php/Admin/ArticalManage/info.html
ERR: Cron:cron Runat 2017-06-01 09:20:18 Use 0.000342 s

[ 2017-06-01T09:22:21+08:00 ] ::1 /eshop/index.php/Admin/ArticalManage/info.html
ERR: Cron:cron Runat 2017-06-01 09:22:21 Use 0.000450 s

[ 2017-06-01T09:25:03+08:00 ] ::1 /eshop/index.php/Admin/ArticalManage/info.html
ERR: Cron:cron Runat 2017-06-01 09:25:03 Use 0.000287 s

[ 2017-06-01T09:31:55+08:00 ] ::1 /eshop/index.php/Admin/ArticalManage/info.html
ERR: Cron:cron Runat 2017-06-01 09:31:55 Use 0.000336 s

[ 2017-06-01T09:31:59+08:00 ] ::1 /eshop/index.php/Admin/ArticalManage/info.html
ERR: Cron:cron Runat 2017-06-01 09:31:59 Use 0.000319 s

[ 2017-06-01T09:33:42+08:00 ] ::1 /eshop/index.php/Admin/ArticalManage/info.html
ERR: Cron:cron Runat 2017-06-01 09:33:42 Use 0.000385 s

[ 2017-06-01T09:34:52+08:00 ] ::1 /eshop/index.php/Admin/ArticalManage/info.html
ERR: Cron:cron Runat 2017-06-01 09:34:52 Use 0.000382 s

[ 2017-06-01T09:35:17+08:00 ] ::1 /eshop/index.php/Admin/ArticalManage/info.html
ERR: Cron:cron Runat 2017-06-01 09:35:17 Use 0.000348 s

[ 2017-06-01T09:35:57+08:00 ] ::1 /eshop/index.php/Admin/ArticalManage/info.html
ERR: Cron:cron Runat 2017-06-01 09:35:57 Use 0.000357 s

[ 2017-06-01T09:36:54+08:00 ] ::1 /eshop/index.php/Admin/ArticalManage/info.html
ERR: Cron:cron Runat 2017-06-01 09:36:54 Use 0.000386 s

[ 2017-06-01T09:37:12+08:00 ] ::1 /eshop/index.php/Admin/ArticalManage/info.html
ERR: Cron:cron Runat 2017-06-01 09:37:12 Use 0.001243 s

[ 2017-06-01T09:37:42+08:00 ] ::1 /eshop/index.php/Admin/ArticalManage/info.html
ERR: Cron:cron Runat 2017-06-01 09:37:42 Use 0.000313 s

[ 2017-06-01T09:37:51+08:00 ] ::1 /eshop/index.php/Admin/ArticalManage/info.html
ERR: Cron:cron Runat 2017-06-01 09:37:51 Use 0.000338 s

[ 2017-06-01T09:37:59+08:00 ] ::1 /eshop/index.php/Admin/ArticalManage/info.html
ERR: Cron:cron Runat 2017-06-01 09:37:59 Use 0.000286 s

[ 2017-06-01T09:38:23+08:00 ] ::1 /eshop/index.php/Admin/ArticalManage/info.html
ERR: Cron:cron Runat 2017-06-01 09:38:23 Use 0.000348 s

[ 2017-06-01T09:38:30+08:00 ] ::1 /eshop/index.php/Admin/ArticalManage/info.html
ERR: Cron:cron Runat 2017-06-01 09:38:30 Use 0.000352 s

[ 2017-06-01T09:39:14+08:00 ] ::1 /eshop/index.php/Admin/ArticalManage/info.html
ERR: Cron:cron Runat 2017-06-01 09:39:14 Use 0.000373 s

[ 2017-06-01T09:39:27+08:00 ] ::1 /eshop/index.php/Admin/ArticalManage/info.html
ERR: Cron:cron Runat 2017-06-01 09:39:27 Use 0.000387 s

[ 2017-06-01T09:39:37+08:00 ] ::1 /eshop/index.php/Admin/ArticalManage/info.html
ERR: Cron:cron Runat 2017-06-01 09:39:37 Use 0.000638 s

[ 2017-06-01T09:39:54+08:00 ] ::1 /eshop/index.php/Admin/ArticalManage/info.html
ERR: Cron:cron Runat 2017-06-01 09:39:54 Use 0.000289 s

[ 2017-06-01T09:40:36+08:00 ] ::1 /eshop/index.php/Admin/ArticalManage/info.html
ERR: Cron:cron Runat 2017-06-01 09:40:36 Use 0.000353 s

[ 2017-06-01T09:41:04+08:00 ] ::1 /eshop/index.php/Admin/ArticalManage/info.html
ERR: Cron:cron Runat 2017-06-01 09:41:04 Use 0.000360 s

[ 2017-06-01T09:42:06+08:00 ] ::1 /eshop/index.php/Admin/ArticalManage/info.html
ERR: Cron:cron Runat 2017-06-01 09:42:06 Use 0.000338 s

[ 2017-06-01T09:42:57+08:00 ] ::1 /eshop/index.php/Admin/ArticalManage/info.html
ERR: Cron:cron Runat 2017-06-01 09:42:57 Use 0.000371 s

[ 2017-06-01T09:43:26+08:00 ] ::1 /eshop/index.php/Admin/ArticalManage/info.html
ERR: Cron:cron Runat 2017-06-01 09:43:26 Use 0.000350 s

[ 2017-06-01T09:43:43+08:00 ] ::1 /eshop/index.php/Admin/ArticalManage/info.html
ERR: Cron:cron Runat 2017-06-01 09:43:43 Use 0.000313 s

[ 2017-06-01T09:44:01+08:00 ] ::1 /eshop/index.php/Admin/ArticalManage/info.html
ERR: Cron:cron Runat 2017-06-01 09:44:01 Use 0.000347 s

[ 2017-06-01T09:44:42+08:00 ] ::1 /eshop/index.php/Admin/ArticalManage/info.html
ERR: Cron:cron Runat 2017-06-01 09:44:42 Use 0.000388 s

[ 2017-06-01T09:45:01+08:00 ] ::1 /eshop/index.php/Admin/ArticalManage/info.html
ERR: Cron:cron Runat 2017-06-01 09:45:01 Use 0.000368 s

[ 2017-06-01T09:46:02+08:00 ] ::1 /eshop/index.php/Admin/ArticalManage/info.html
ERR: Cron:cron Runat 2017-06-01 09:46:02 Use 0.000282 s

[ 2017-06-01T09:46:23+08:00 ] ::1 /eshop/index.php/Admin/ArticalManage/info.html
ERR: Cron:cron Runat 2017-06-01 09:46:23 Use 0.000372 s

[ 2017-06-01T09:46:30+08:00 ] ::1 /eshop/index.php/Admin/ArticalManage/info.html
ERR: Cron:cron Runat 2017-06-01 09:46:30 Use 0.000320 s

[ 2017-06-01T09:46:38+08:00 ] ::1 /eshop/index.php/Admin/ArticalManage/info.html
ERR: Cron:cron Runat 2017-06-01 09:46:38 Use 0.000285 s

[ 2017-06-01T09:46:46+08:00 ] ::1 /eshop/index.php/Admin/ArticalManage/info.html
ERR: Cron:cron Runat 2017-06-01 09:46:46 Use 0.000318 s

[ 2017-06-01T09:48:21+08:00 ] ::1 /eshop/index.php/Admin/ArticalManage/info.html
ERR: Cron:cron Runat 2017-06-01 09:48:21 Use 0.000356 s

[ 2017-06-01T09:48:27+08:00 ] ::1 /eshop/index.php/Admin/ArticalManage/info.html
ERR: Cron:cron Runat 2017-06-01 09:48:27 Use 0.000286 s

[ 2017-06-01T09:48:32+08:00 ] ::1 /eshop/index.php/Admin/ArticalManage/info.html
ERR: Cron:cron Runat 2017-06-01 09:48:32 Use 0.000358 s

[ 2017-06-01T09:48:41+08:00 ] ::1 /eshop/index.php/Admin/ArticalManage/info.html
ERR: Cron:cron Runat 2017-06-01 09:48:41 Use 0.000364 s

[ 2017-06-01T09:49:42+08:00 ] ::1 /eshop/index.php/Admin/ArticalManage/info.html
ERR: Cron:cron Runat 2017-06-01 09:49:42 Use 0.000328 s

[ 2017-06-01T09:50:06+08:00 ] ::1 /eshop/index.php/Admin/ArticalManage/info.html
ERR: Cron:cron Runat 2017-06-01 09:50:06 Use 0.000289 s

[ 2017-06-01T09:50:26+08:00 ] ::1 /eshop/index.php/Admin/ArticalManage/info.html
ERR: Cron:cron Runat 2017-06-01 09:50:26 Use 0.000338 s

[ 2017-06-01T09:50:37+08:00 ] ::1 /eshop/index.php/Admin/ArticalManage/info.html
ERR: Cron:cron Runat 2017-06-01 09:50:37 Use 0.000347 s

[ 2017-06-01T09:50:46+08:00 ] ::1 /eshop/index.php/Admin/ArticalManage/info.html
ERR: Cron:cron Runat 2017-06-01 09:50:46 Use 0.000354 s

[ 2017-06-01T09:51:15+08:00 ] ::1 /eshop/index.php/Admin/ArticalManage/info.html
ERR: Cron:cron Runat 2017-06-01 09:51:15 Use 0.000433 s

[ 2017-06-01T09:51:43+08:00 ] ::1 /eshop/index.php/Admin/ArticalManage/info.html
ERR: Cron:cron Runat 2017-06-01 09:51:43 Use 0.000371 s

[ 2017-06-01T09:52:12+08:00 ] ::1 /eshop/index.php/Admin/ArticalManage/info.html
ERR: Cron:cron Runat 2017-06-01 09:52:12 Use 0.000354 s

[ 2017-06-01T09:52:14+08:00 ] ::1 /eshop/index.php/Admin/ArticalManage/info.html?artical-title=&cat1=0&content=%09%09%09%09%09%09
ERR: Cron:cron Runat 2017-06-01 09:52:14 Use 0.000355 s

[ 2017-06-01T09:52:19+08:00 ] ::1 /eshop/index.php/Admin/ArticalManage/info.html?artical-title=&cat1=0&content=%09%09%09%09%09%09
ERR: Cron:cron Runat 2017-06-01 09:52:19 Use 0.000421 s

[ 2017-06-01T09:53:50+08:00 ] ::1 /eshop/index.php/Admin/ArticalManage/info.html?artical-title=&cat1=0&content=%09%09%09%09%09%09
ERR: Cron:cron Runat 2017-06-01 09:53:50 Use 0.000309 s

[ 2017-06-01T09:54:32+08:00 ] ::1 /eshop/index.php/Admin/ArticalManage/info.html?artical-title=&cat1=0&content=%09%09%09%09%09%09
ERR: Cron:cron Runat 2017-06-01 09:54:32 Use 0.000360 s

[ 2017-06-01T09:55:12+08:00 ] ::1 /eshop/index.php/Admin/ArticalManage/info.html?artical-title=&cat1=0&content=%09%09%09%09%09%09
ERR: Cron:cron Runat 2017-06-01 09:55:12 Use 0.000319 s

[ 2017-06-01T09:55:30+08:00 ] ::1 /eshop/index.php/Admin/ArticalManage/info.html?artical-title=&cat1=0&content=%09%09%09%09%09%09
ERR: Cron:cron Runat 2017-06-01 09:55:30 Use 0.000356 s

[ 2017-06-01T09:55:59+08:00 ] ::1 /eshop/index.php/Admin/ArticalManage/info.html?artical-title=&cat1=0&content=%09%09%09%09%09%09
ERR: Cron:cron Runat 2017-06-01 09:55:59 Use 0.000408 s

[ 2017-06-01T09:56:20+08:00 ] ::1 /eshop/index.php/Admin/ShopManage/autho.html
ERR: Cron:cron Runat 2017-06-01 09:56:20 Use 0.000326 s

[ 2017-06-01T09:56:23+08:00 ] ::1 /eshop/index.php/Admin/ArticalManage/index.html
ERR: Cron:cron Runat 2017-06-01 09:56:23 Use 0.000419 s

[ 2017-06-01T09:56:27+08:00 ] ::1 /eshop/index.php/Admin/ArticalManage/info.html
ERR: Cron:cron Runat 2017-06-01 09:56:27 Use 0.000332 s

[ 2017-06-01T09:56:32+08:00 ] ::1 /eshop/index.php/Admin/ArticalManage/index.html
ERR: Cron:cron Runat 2017-06-01 09:56:32 Use 0.000300 s

[ 2017-06-01T09:56:34+08:00 ] ::1 /eshop/index.php/Admin/ArticalManage/info.html
ERR: Cron:cron Runat 2017-06-01 09:56:34 Use 0.000756 s

[ 2017-06-01T09:56:50+08:00 ] ::1 /eshop/index.php/Admin/ArticalManage/index.html
ERR: Cron:cron Runat 2017-06-01 09:56:50 Use 0.000349 s

[ 2017-06-01T09:57:04+08:00 ] ::1 /eshop/index.php/Admin/ArticalManage/index.html
ERR: Cron:cron Runat 2017-06-01 09:57:04 Use 0.000355 s

[ 2017-06-01T09:57:55+08:00 ] ::1 /eshop/index.php/Admin/ShopManage/autho.html
ERR: Cron:cron Runat 2017-06-01 09:57:55 Use 0.000376 s

[ 2017-06-01T09:57:57+08:00 ] ::1 /eshop/index.php/Admin/ShopManage/apply.html
ERR: Cron:cron Runat 2017-06-01 09:57:57 Use 0.000321 s

[ 2017-06-01T09:59:30+08:00 ] ::1 /eshop/index.php/Admin/ShopManage/apply.html
ERR: Cron:cron Runat 2017-06-01 09:59:30 Use 0.000338 s

[ 2017-06-01T10:00:08+08:00 ] ::1 /eshop/index.php/Admin/ShopManage/apply.html
ERR: Cron:cron Runat 2017-06-01 10:00:08 Use 0.000347 s

[ 2017-06-01T10:00:58+08:00 ] ::1 /eshop/index.php/Admin/ShopManage/apply.html
ERR: Cron:cron Runat 2017-06-01 10:00:58 Use 0.000370 s

[ 2017-06-01T10:01:56+08:00 ] ::1 /eshop/index.php/Admin/ShopManage/apply.html
ERR: Cron:cron Runat 2017-06-01 10:01:56 Use 0.000287 s

[ 2017-06-01T10:02:17+08:00 ] ::1 /eshop/index.php/Admin/ShopManage/apply.html
ERR: Cron:cron Runat 2017-06-01 10:02:17 Use 0.000327 s

[ 2017-06-01T10:02:33+08:00 ] ::1 /eshop/index.php/Admin/ShopManage/apply.html
ERR: Cron:cron Runat 2017-06-01 10:02:33 Use 0.000281 s

[ 2017-06-01T10:03:15+08:00 ] ::1 /eshop/index.php/Admin/ShopManage/apply.html
ERR: Cron:cron Runat 2017-06-01 10:03:15 Use 0.000396 s

[ 2017-06-01T10:04:14+08:00 ] ::1 /eshop/index.php/Admin/ShopManage/apply.html
ERR: Cron:cron Runat 2017-06-01 10:04:14 Use 0.000376 s

[ 2017-06-01T10:04:23+08:00 ] ::1 /eshop/index.php/Admin/ArticalManage/index.html
ERR: Cron:cron Runat 2017-06-01 10:04:23 Use 0.000375 s

[ 2017-06-01T10:05:20+08:00 ] ::1 /eshop/index.php/Admin/ArticalManage/index.html
ERR: Cron:cron Runat 2017-06-01 10:05:20 Use 0.000300 s

[ 2017-06-01T10:05:34+08:00 ] ::1 /eshop/index.php/Admin/ArticalManage/index.html
ERR: Cron:cron Runat 2017-06-01 10:05:34 Use 0.000401 s

[ 2017-06-01T10:08:39+08:00 ] ::1 /eshop/index.php/Admin/ArticalManage/index.html
ERR: Cron:cron Runat 2017-06-01 10:08:39 Use 0.000307 s

[ 2017-06-01T10:09:18+08:00 ] ::1 /eshop/index.php/Admin/ArticalManage/index.html
ERR: Cron:cron Runat 2017-06-01 10:09:18 Use 0.000282 s

[ 2017-06-01T10:11:17+08:00 ] ::1 /eshop/index.php/Admin/ArticalManage/index.html
ERR: Cron:cron Runat 2017-06-01 10:11:17 Use 0.000280 s

[ 2017-06-01T10:12:52+08:00 ] ::1 /eshop/index.php/Admin/ArticalManage/index.html
ERR: Cron:cron Runat 2017-06-01 10:12:52 Use 0.000303 s

[ 2017-06-01T10:14:16+08:00 ] ::1 /eshop/index.php/Admin/ArticalManage/index.html
ERR: Cron:cron Runat 2017-06-01 10:14:16 Use 0.000303 s

[ 2017-06-01T10:14:37+08:00 ] ::1 /eshop/index.php/Admin/ArticalManage/index.html
ERR: Cron:cron Runat 2017-06-01 10:14:37 Use 0.000394 s

[ 2017-06-01T10:15:14+08:00 ] ::1 /eshop/index.php/Admin/ArticalManage/index.html
ERR: Cron:cron Runat 2017-06-01 10:15:14 Use 0.000330 s

[ 2017-06-01T10:15:53+08:00 ] ::1 /eshop/index.php/Admin/ArticalManage/index.html
ERR: Cron:cron Runat 2017-06-01 10:15:53 Use 0.000265 s

[ 2017-06-01T10:16:22+08:00 ] ::1 /eshop/index.php/Admin/ArticalManage/index.html
ERR: Cron:cron Runat 2017-06-01 10:16:22 Use 0.000278 s

[ 2017-06-01T10:17:53+08:00 ] ::1 /eshop/index.php/Admin/ArticalManage/index.html
ERR: Cron:cron Runat 2017-06-01 10:17:53 Use 0.000334 s

[ 2017-06-01T10:18:03+08:00 ] ::1 /eshop/index.php/Admin/ShopManage/autho.html
ERR: Cron:cron Runat 2017-06-01 10:18:03 Use 0.000325 s

[ 2017-06-01T10:18:07+08:00 ] ::1 /eshop/index.php/Admin/ShopManage/apply.html
ERR: Cron:cron Runat 2017-06-01 10:18:07 Use 0.000264 s

[ 2017-06-01T10:18:13+08:00 ] ::1 /eshop/index.php/Admin/ArticalManage/index.html
ERR: Cron:cron Runat 2017-06-01 10:18:13 Use 0.000782 s

[ 2017-06-01T10:18:29+08:00 ] ::1 /eshop/index.php/Admin/ArticalManage/index.html
ERR: Cron:cron Runat 2017-06-01 10:18:29 Use 0.000361 s

[ 2017-06-01T10:18:55+08:00 ] ::1 /eshop/index.php/Admin/ArticalManage/index.html
ERR: Cron:cron Runat 2017-06-01 10:18:55 Use 0.000348 s

[ 2017-06-01T10:19:09+08:00 ] ::1 /eshop/index.php/Admin/ArticalManage/index.html
ERR: Cron:cron Runat 2017-06-01 10:19:09 Use 0.000299 s

[ 2017-06-01T10:19:38+08:00 ] ::1 /eshop/index.php/Admin/ShopManage/autho.html
ERR: Cron:cron Runat 2017-06-01 10:19:38 Use 0.000349 s

[ 2017-06-01T10:19:42+08:00 ] ::1 /eshop/index.php/Admin/ShopManage/autho.html
ERR: Cron:cron Runat 2017-06-01 10:19:42 Use 0.000311 s

[ 2017-06-01T10:21:06+08:00 ] ::1 /eshop/index.php/Admin/ShopManage/autho.html
ERR: Cron:cron Runat 2017-06-01 10:21:06 Use 0.000346 s

[ 2017-06-01T10:21:34+08:00 ] ::1 /eshop/index.php/Admin/ShopManage/autho.html
ERR: Cron:cron Runat 2017-06-01 10:21:34 Use 0.000452 s

[ 2017-06-01T10:21:50+08:00 ] ::1 /eshop/index.php/Admin/ShopManage/autho.html
ERR: Cron:cron Runat 2017-06-01 10:21:50 Use 0.000365 s

[ 2017-06-01T10:21:53+08:00 ] ::1 /eshop/index.php/Admin/ShopManage/apply.html
ERR: Cron:cron Runat 2017-06-01 10:21:53 Use 0.000364 s

[ 2017-06-01T10:22:13+08:00 ] ::1 /eshop/index.php/Admin/ShopManage/apply.html
ERR: Cron:cron Runat 2017-06-01 10:22:13 Use 0.000396 s

[ 2017-06-01T10:22:55+08:00 ] ::1 /eshop/index.php/Admin/ShopManage/apply.html
ERR: Cron:cron Runat 2017-06-01 10:22:55 Use 0.001278 s

[ 2017-06-01T10:23:25+08:00 ] ::1 /eshop/index.php/Admin/ShopManage/apply.html
ERR: Cron:cron Runat 2017-06-01 10:23:25 Use 0.000334 s

[ 2017-06-01T10:24:35+08:00 ] ::1 /eshop/index.php/Admin/ShopManage/apply.html
ERR: Cron:cron Runat 2017-06-01 10:24:35 Use 0.000292 s

[ 2017-06-01T10:24:45+08:00 ] ::1 /eshop/index.php/Admin/ShopManage/apply.html
ERR: Cron:cron Runat 2017-06-01 10:24:45 Use 0.000429 s

[ 2017-06-01T10:25:11+08:00 ] ::1 /eshop/index.php/Admin/ShopManage/apply.html
ERR: Cron:cron Runat 2017-06-01 10:25:11 Use 0.000355 s

[ 2017-06-01T10:25:21+08:00 ] ::1 /eshop/index.php/Admin/ShopManage/apply.html
ERR: Cron:cron Runat 2017-06-01 10:25:21 Use 0.000418 s

[ 2017-06-01T10:25:45+08:00 ] ::1 /eshop/index.php/Admin/ShopManage/apply.html
ERR: Cron:cron Runat 2017-06-01 10:25:45 Use 0.000339 s

[ 2017-06-01T10:26:31+08:00 ] ::1 /eshop/index.php/Admin/ShopManage/apply.html
ERR: Cron:cron Runat 2017-06-01 10:26:31 Use 0.000333 s

[ 2017-06-01T10:26:47+08:00 ] ::1 /eshop/index.php/Admin/ShopManage/apply.html
ERR: Cron:cron Runat 2017-06-01 10:26:47 Use 0.000802 s

[ 2017-06-01T10:27:18+08:00 ] ::1 /eshop/index.php/Admin/ShopManage/apply.html
ERR: Cron:cron Runat 2017-06-01 10:27:18 Use 0.000351 s

[ 2017-06-01T10:27:32+08:00 ] ::1 /eshop/index.php/Admin/ShopManage/apply.html
ERR: Cron:cron Runat 2017-06-01 10:27:32 Use 0.000342 s

[ 2017-06-01T10:27:44+08:00 ] ::1 /eshop/index.php/Admin/ShopManage/apply.html
ERR: Cron:cron Runat 2017-06-01 10:27:44 Use 0.000356 s

[ 2017-06-01T10:28:20+08:00 ] ::1 /eshop/index.php/Admin/ShopManage/apply.html
ERR: Cron:cron Runat 2017-06-01 10:28:20 Use 0.000590 s

[ 2017-06-01T10:28:29+08:00 ] ::1 /eshop/index.php/Admin/ShopManage/apply.html
ERR: Cron:cron Runat 2017-06-01 10:28:29 Use 0.000295 s

[ 2017-06-01T10:28:47+08:00 ] ::1 /eshop/index.php/Admin/ShopManage/apply.html
ERR: Cron:cron Runat 2017-06-01 10:28:47 Use 0.000492 s

[ 2017-06-01T10:29:01+08:00 ] ::1 /eshop/index.php/Admin/ShopManage/apply.html
ERR: Cron:cron Runat 2017-06-01 10:29:01 Use 0.000334 s

[ 2017-06-01T10:29:09+08:00 ] ::1 /eshop/index.php/Admin/ArticalManage/index.html
ERR: Cron:cron Runat 2017-06-01 10:29:09 Use 0.000350 s

[ 2017-06-01T10:29:13+08:00 ] ::1 /eshop/index.php/Admin/ArticalManage/info.html
ERR: Cron:cron Runat 2017-06-01 10:29:13 Use 0.000317 s

[ 2017-06-01T10:29:34+08:00 ] ::1 /eshop/index.php/Admin/ArticalManage/info.html
ERR: Cron:cron Runat 2017-06-01 10:29:34 Use 0.000301 s

[ 2017-06-01T10:30:40+08:00 ] ::1 /eshop/index.php/Admin/ArticalManage/info.html
ERR: Cron:cron Runat 2017-06-01 10:30:40 Use 0.000392 s

[ 2017-06-01T10:31:08+08:00 ] ::1 /eshop/index.php/Admin/ArticalManage/info.html
ERR: Cron:cron Runat 2017-06-01 10:31:08 Use 0.000355 s

[ 2017-06-01T10:32:00+08:00 ] ::1 /eshop/index.php/Admin/ArticalManage/info.html
ERR: Cron:cron Runat 2017-06-01 10:32:00 Use 0.000441 s

[ 2017-06-01T10:32:07+08:00 ] ::1 /eshop/index.php/Admin/ArticalManage/info.html
ERR: Cron:cron Runat 2017-06-01 10:32:07 Use 0.000367 s

[ 2017-06-01T10:32:21+08:00 ] ::1 /eshop/index.php/Admin/ArticalManage/info.html
ERR: Cron:cron Runat 2017-06-01 10:32:21 Use 0.000317 s

[ 2017-06-01T10:32:32+08:00 ] ::1 /eshop/index.php/Admin/ArticalManage/index.html
ERR: Cron:cron Runat 2017-06-01 10:32:32 Use 0.000391 s

[ 2017-06-01T10:32:34+08:00 ] ::1 /eshop/index.php/Admin/ArticalManage/info.html
ERR: Cron:cron Runat 2017-06-01 10:32:34 Use 0.000365 s

[ 2017-06-01T10:32:39+08:00 ] ::1 /eshop/index.php/Admin/ArticalManage/info.html
ERR: Cron:cron Runat 2017-06-01 10:32:39 Use 0.000378 s

[ 2017-06-01T10:36:40+08:00 ] ::1 /eshop/index.php/Admin/ArticalManage/info.html
ERR: Cron:cron Runat 2017-06-01 10:36:40 Use 0.000343 s

[ 2017-06-01T10:38:36+08:00 ] ::1 /eshop/index.php/Admin/ArticalManage/info.html
ERR: Cron:cron Runat 2017-06-01 10:38:36 Use 0.000371 s

[ 2017-06-01T10:39:41+08:00 ] ::1 /eshop/index.php/Admin/ArticalManage/info.html
ERR: Cron:cron Runat 2017-06-01 10:39:41 Use 0.000339 s

[ 2017-06-01T10:39:52+08:00 ] ::1 /eshop/index.php/Admin/ArticalManage/info.html
ERR: Cron:cron Runat 2017-06-01 10:39:52 Use 0.000393 s

[ 2017-06-01T10:40:04+08:00 ] ::1 /eshop/index.php/Admin/ArticalManage/info.html
ERR: Cron:cron Runat 2017-06-01 10:40:04 Use 0.000395 s

[ 2017-06-01T10:40:30+08:00 ] ::1 /eshop/index.php/Admin/ArticalManage/info.html
ERR: Cron:cron Runat 2017-06-01 10:40:30 Use 0.000360 s

[ 2017-06-01T10:40:42+08:00 ] ::1 /eshop/index.php/Admin/ArticalManage/index.html
ERR: Cron:cron Runat 2017-06-01 10:40:42 Use 0.000348 s

[ 2017-06-01T10:42:22+08:00 ] ::1 /eshop/index.php/Admin/ArticalManage/info.html
ERR: Cron:cron Runat 2017-06-01 10:42:22 Use 0.000371 s

[ 2017-06-01T10:42:30+08:00 ] ::1 /eshop/index.php/Admin/ArticalManage/index.html
ERR: Cron:cron Runat 2017-06-01 10:42:30 Use 0.000332 s

[ 2017-06-01T10:42:56+08:00 ] ::1 /eshop/index.php/Admin/ArticalManage/info.html
ERR: Cron:cron Runat 2017-06-01 10:42:56 Use 0.000326 s

[ 2017-06-01T10:43:06+08:00 ] ::1 /eshop/index.php/Admin/ArticalManage/info.html
ERR: Cron:cron Runat 2017-06-01 10:43:06 Use 0.000249 s

[ 2017-06-01T10:47:30+08:00 ] ::1 /eshop/index.php/Admin/ArticalManage/info.html
ERR: Cron:cron Runat 2017-06-01 10:47:30 Use 0.000287 s

[ 2017-06-01T10:47:43+08:00 ] ::1 /eshop/index.php/Admin/ArticalManage/info.html
ERR: Cron:cron Runat 2017-06-01 10:47:43 Use 0.000309 s

[ 2017-06-01T10:48:18+08:00 ] ::1 /eshop/index.php/Admin/ArticalManage/info.html
ERR: Cron:cron Runat 2017-06-01 10:48:18 Use 0.000359 s

[ 2017-06-01T10:48:28+08:00 ] ::1 /eshop/index.php/Admin/ArticalManage/info.html
ERR: Cron:cron Runat 2017-06-01 10:48:28 Use 0.000298 s

[ 2017-06-01T10:48:36+08:00 ] ::1 /eshop/index.php/Admin/ArticalManage/info.html
ERR: Cron:cron Runat 2017-06-01 10:48:36 Use 0.000386 s

[ 2017-06-01T10:48:38+08:00 ] ::1 /eshop/index.php/Admin/ArticalManage/nav.html
ERR: Cron:cron Runat 2017-06-01 10:48:38 Use 0.000382 s

[ 2017-06-01T10:49:22+08:00 ] ::1 /eshop/index.php/Admin/ArticalManage/nav.html
ERR: Cron:cron Runat 2017-06-01 10:49:22 Use 0.000363 s

[ 2017-06-01T10:50:08+08:00 ] ::1 /eshop/index.php/Admin/ArticalManage/nav.html
ERR: Cron:cron Runat 2017-06-01 10:50:08 Use 0.000350 s

[ 2017-06-01T10:50:19+08:00 ] ::1 /eshop/index.php/Admin/ArticalManage/nav.html
ERR: Cron:cron Runat 2017-06-01 10:50:19 Use 0.000344 s

[ 2017-06-01T11:00:42+08:00 ] ::1 /eshop/index.php/Admin/ArticalManage/index.html
ERR: Cron:cron Runat 2017-06-01 11:00:42 Use 0.000813 s

[ 2017-06-01T11:02:06+08:00 ] ::1 /eshop/index.php/Admin/ArticalManage/index.html
ERR: Cron:cron Runat 2017-06-01 11:02:06 Use 0.000401 s

[ 2017-06-01T11:04:01+08:00 ] ::1 /eshop/index.php/Admin/ArticalManage/index.html
ERR: Cron:cron Runat 2017-06-01 11:04:01 Use 0.000395 s

[ 2017-06-01T11:04:03+08:00 ] ::1 /eshop/index.php/Admin/ArticalManage/nav.html
ERR: Cron:cron Runat 2017-06-01 11:04:03 Use 0.000350 s

[ 2017-06-01T11:05:26+08:00 ] ::1 /eshop/index.php/Admin/ArticalManage/nav.html
ERR: Cron:cron Runat 2017-06-01 11:05:26 Use 0.000363 s

[ 2017-06-01T11:05:38+08:00 ] ::1 /eshop/index.php/Admin/ArticalManage/nav.html
ERR: Cron:cron Runat 2017-06-01 11:05:38 Use 0.000377 s

[ 2017-06-01T11:06:14+08:00 ] ::1 /eshop/index.php/Admin/ArticalManage/index.html
ERR: Cron:cron Runat 2017-06-01 11:06:14 Use 0.000353 s

[ 2017-06-01T11:07:04+08:00 ] ::1 /eshop/index.php/Admin/ArticalManage/index.html
ERR: Cron:cron Runat 2017-06-01 11:07:04 Use 0.000374 s

[ 2017-06-01T11:07:06+08:00 ] ::1 /eshop/index.php/Admin/ArticalManage/nav.html
ERR: Cron:cron Runat 2017-06-01 11:07:06 Use 0.000363 s

[ 2017-06-01T11:07:19+08:00 ] ::1 /eshop/index.php/Admin/ArticalManage/nav.html
ERR: Cron:cron Runat 2017-06-01 11:07:19 Use 0.000298 s

[ 2017-06-01T11:07:48+08:00 ] ::1 /eshop/index.php/Admin/ArticalManage/nav.html
ERR: Cron:cron Runat 2017-06-01 11:07:48 Use 0.000340 s

[ 2017-06-01T11:07:54+08:00 ] ::1 /eshop/index.php/Admin/ArticalManage/nav.html
ERR: Cron:cron Runat 2017-06-01 11:07:54 Use 0.000355 s

[ 2017-06-01T11:08:01+08:00 ] ::1 /eshop/index.php/Admin/ArticalManage/nav.html
ERR: Cron:cron Runat 2017-06-01 11:08:01 Use 0.000394 s

[ 2017-06-01T11:08:31+08:00 ] ::1 /eshop/index.php/Admin/ArticalManage/nav.html
ERR: Cron:cron Runat 2017-06-01 11:08:31 Use 0.000338 s

[ 2017-06-01T11:09:13+08:00 ] ::1 /eshop/index.php/Admin/ArticalManage/nav.html
ERR: Cron:cron Runat 2017-06-01 11:09:13 Use 0.000269 s

[ 2017-06-01T11:09:33+08:00 ] ::1 /eshop/index.php/Admin/ArticalManage/nav.html
ERR: Cron:cron Runat 2017-06-01 11:09:33 Use 0.000319 s

[ 2017-06-01T11:09:39+08:00 ] ::1 /eshop/index.php/Admin/ArticalManage/nav.html
ERR: Cron:cron Runat 2017-06-01 11:09:39 Use 0.000400 s

[ 2017-06-01T11:09:42+08:00 ] ::1 /eshop/index.php/Admin/ArticalManage/nav.html
ERR: Cron:cron Runat 2017-06-01 11:09:42 Use 0.000351 s

[ 2017-06-01T11:09:51+08:00 ] ::1 /eshop/index.php/Admin/ArticalManage/nav.html
ERR: Cron:cron Runat 2017-06-01 11:09:51 Use 0.000354 s

[ 2017-06-01T11:10:01+08:00 ] ::1 /eshop/index.php/Admin/ArticalManage/nav.html
ERR: Cron:cron Runat 2017-06-01 11:10:01 Use 0.000292 s

[ 2017-06-01T11:10:10+08:00 ] ::1 /eshop/index.php/Admin/ShopManage/autho.html
ERR: Cron:cron Runat 2017-06-01 11:10:10 Use 0.000337 s

[ 2017-06-01T11:10:49+08:00 ] ::1 /eshop/index.php/Admin/ArticalManage/nav.html
ERR: Cron:cron Runat 2017-06-01 11:10:49 Use 0.001024 s

[ 2017-06-01T11:10:57+08:00 ] ::1 /eshop/index.php/Admin/ShopManage/autho.html
ERR: Cron:cron Runat 2017-06-01 11:10:57 Use 0.000310 s

[ 2017-06-01T11:11:24+08:00 ] ::1 /eshop/index.php/Admin/ArticalManage/nav.html
ERR: Cron:cron Runat 2017-06-01 11:11:24 Use 0.000389 s

[ 2017-06-01T11:12:14+08:00 ] ::1 /eshop/index.php/Admin/ArticalManage/nav.html
ERR: Cron:cron Runat 2017-06-01 11:12:14 Use 0.000333 s

[ 2017-06-01T11:12:22+08:00 ] ::1 /eshop/index.php/Admin/ArticalManage/nav.html
ERR: Cron:cron Runat 2017-06-01 11:12:22 Use 0.000362 s

[ 2017-06-01T11:12:33+08:00 ] ::1 /eshop/index.php/Admin/ArticalManage/nav.html
ERR: Cron:cron Runat 2017-06-01 11:12:33 Use 0.000368 s

[ 2017-06-01T11:12:40+08:00 ] ::1 /eshop/index.php/Admin/ArticalManage/nav.html
ERR: Cron:cron Runat 2017-06-01 11:12:40 Use 0.000288 s

[ 2017-06-01T11:12:54+08:00 ] ::1 /eshop/index.php/Admin/ArticalManage/nav.html
ERR: Cron:cron Runat 2017-06-01 11:12:54 Use 0.000376 s

[ 2017-06-01T11:13:17+08:00 ] ::1 /eshop/index.php/Admin/ArticalManage/nav.html
ERR: Cron:cron Runat 2017-06-01 11:13:17 Use 0.000336 s

[ 2017-06-01T11:14:11+08:00 ] ::1 /eshop/index.php/Admin/ArticalManage/nav.html
ERR: Cron:cron Runat 2017-06-01 11:14:11 Use 0.000329 s

[ 2017-06-01T11:14:18+08:00 ] ::1 /eshop/index.php/Admin/ArticalManage/nav.html
ERR: Cron:cron Runat 2017-06-01 11:14:18 Use 0.000327 s

[ 2017-06-01T11:14:57+08:00 ] ::1 /eshop/index.php/Admin/ArticalManage/nav.html
ERR: Cron:cron Runat 2017-06-01 11:14:57 Use 0.000318 s

[ 2017-06-01T11:19:03+08:00 ] ::1 /eshop/index.php/Admin/ArticalManage/nav.html
ERR: Cron:cron Runat 2017-06-01 11:19:03 Use 0.000344 s

[ 2017-06-01T11:19:08+08:00 ] ::1 /eshop/index.php/Admin/ArticalManage/nav.html
ERR: Cron:cron Runat 2017-06-01 11:19:08 Use 0.000339 s

[ 2017-06-01T11:19:12+08:00 ] ::1 /eshop/index.php/Admin/ArticalManage/nav.html
ERR: Cron:cron Runat 2017-06-01 11:19:12 Use 0.000273 s

[ 2017-06-01T11:22:11+08:00 ] ::1 /eshop/index.php/Admin/ArticalManage/nav.html
ERR: Cron:cron Runat 2017-06-01 11:22:11 Use 0.000345 s

[ 2017-06-01T11:23:18+08:00 ] ::1 /eshop/index.php/Admin/ArticalManage/nav.html
ERR: Cron:cron Runat 2017-06-01 11:23:18 Use 0.000360 s

[ 2017-06-01T11:24:07+08:00 ] ::1 /eshop/index.php/Admin/ArticalManage/nav.html
ERR: Cron:cron Runat 2017-06-01 11:24:07 Use 0.000371 s

[ 2017-06-01T11:25:06+08:00 ] ::1 /eshop/index.php/Admin/ArticalManage/nav.html
ERR: Cron:cron Runat 2017-06-01 11:25:06 Use 0.000309 s

[ 2017-06-01T11:25:28+08:00 ] ::1 /eshop/index.php/Admin/ArticalManage/nav.html
ERR: Cron:cron Runat 2017-06-01 11:25:28 Use 0.000356 s

[ 2017-06-01T11:25:51+08:00 ] ::1 /eshop/index.php/Admin/ArticalManage/nav.html
ERR: Cron:cron Runat 2017-06-01 11:25:51 Use 0.000286 s

[ 2017-06-01T11:27:00+08:00 ] ::1 /eshop/index.php/Admin/ArticalManage/nav.html
ERR: Cron:cron Runat 2017-06-01 11:27:00 Use 0.000295 s

[ 2017-06-01T11:28:07+08:00 ] ::1 /eshop/index.php/Admin/ArticalManage/nav.html
ERR: Cron:cron Runat 2017-06-01 11:28:07 Use 0.000283 s

[ 2017-06-01T11:29:04+08:00 ] ::1 /eshop/index.php/Admin/ArticalManage/nav.html
ERR: Cron:cron Runat 2017-06-01 11:29:04 Use 0.000273 s

[ 2017-06-01T11:29:10+08:00 ] ::1 /eshop/index.php/Admin/ArticalManage/addCart.html
ERR: Cron:cron Runat 2017-06-01 11:29:10 Use 0.000316 s

[ 2017-06-01T11:29:19+08:00 ] ::1 /eshop/index.php/Admin/ArticalManage/nav.html
ERR: Cron:cron Runat 2017-06-01 11:29:19 Use 0.000302 s

[ 2017-06-01T11:29:22+08:00 ] ::1 /eshop/index.php/Admin/ArticalManage/addCart.html
ERR: Cron:cron Runat 2017-06-01 11:29:22 Use 0.000589 s

[ 2017-06-01T11:29:24+08:00 ] ::1 /eshop/index.php/Admin/ArticalManage/addCart.html
ERR: Cron:cron Runat 2017-06-01 11:29:24 Use 0.000372 s

[ 2017-06-01T11:29:47+08:00 ] ::1 /eshop/index.php/Admin/ArticalManage/nav.html
ERR: Cron:cron Runat 2017-06-01 11:29:47 Use 0.000393 s

[ 2017-06-01T11:29:49+08:00 ] ::1 /eshop/index.php/Admin/ArticalManage/addCart.html
ERR: Cron:cron Runat 2017-06-01 11:29:49 Use 0.000294 s

[ 2017-06-01T11:29:58+08:00 ] ::1 /eshop/index.php/Admin/ArticalManage/nav.html
ERR: Cron:cron Runat 2017-06-01 11:29:58 Use 0.000400 s

[ 2017-06-01T11:30:00+08:00 ] ::1 /eshop/index.php/Admin/ArticalManage/addCart.html
ERR: Cron:cron Runat 2017-06-01 11:30:00 Use 0.000464 s

[ 2017-06-01T11:30:08+08:00 ] ::1 /eshop/index.php/Admin/ArticalManage/nav.html
ERR: Cron:cron Runat 2017-06-01 11:30:08 Use 0.000371 s

[ 2017-06-01T11:30:39+08:00 ] ::1 /eshop/index.php/Admin/ArticalManage/nav.html
ERR: Cron:cron Runat 2017-06-01 11:30:39 Use 0.000379 s

