[ 2017-05-30T07:58:11+08:00 ] ::1 /eshop/index.php/Admin/Index/index.html
ERR: Cron:cron Runat 2017-05-30 07:58:11 Use 0.000618 s

[ 2017-05-30T07:58:12+08:00 ] ::1 /eshop/index.php/Admin/Login/index.html
ERR: Cron:cron Runat 2017-05-30 07:58:12 Use 0.000552 s

[ 2017-05-30T07:58:31+08:00 ] ::1 /eshop/index.php/Admin/Login/checkVerify
ERR: Cron:cron Runat 2017-05-30 07:58:31 Use 0.000253 s

[ 2017-05-30T07:58:31+08:00 ] ::1 /eshop/index.php/Admin/Login/checkVerify
INFO: [ app_begin ] --START--
INFO: Run Behavior\ReadHtmlCacheBehavior [ RunTime:0.000727s ]
INFO: Run Behavior\CronRunBehavior [ RunTime:0.004223s ]
INFO: [ app_begin ] --END-- [ RunTime:0.005767s ]
INFO: [ app_end ] --START--
INFO: Run Behavior\ShowPageTraceBehavior [ RunTime:0.000733s ]
INFO: [ app_end ] --END-- [ RunTime:0.000826s ]

[ 2017-05-30T07:58:37+08:00 ] ::1 /eshop/index.php/Admin/Login/verify.html?0.9975437797105918
ERR: Cron:cron Runat 2017-05-30 07:58:37 Use 0.000359 s

[ 2017-05-30T07:58:39+08:00 ] ::1 /eshop/index.php/Admin/Login/checkVerify
ERR: Cron:cron Runat 2017-05-30 07:58:39 Use 0.000252 s

[ 2017-05-30T07:58:39+08:00 ] ::1 /eshop/index.php/Admin/Login/checkVerify
INFO: [ app_begin ] --START--
INFO: Run Behavior\ReadHtmlCacheBehavior [ RunTime:0.000757s ]
INFO: Run Behavior\CronRunBehavior [ RunTime:0.003812s ]
INFO: [ app_begin ] --END-- [ RunTime:0.005350s ]
INFO: [ app_end ] --START--
INFO: Run Behavior\ShowPageTraceBehavior [ RunTime:0.000739s ]
INFO: [ app_end ] --END-- [ RunTime:0.000834s ]

[ 2017-05-30T07:58:39+08:00 ] ::1 /eshop/index.php/Admin/Login/checkVerify
INFO: [ app_begin ] --START--
INFO: Run Behavior\ReadHtmlCacheBehavior [ RunTime:0.000758s ]
INFO: Run Behavior\CronRunBehavior [ RunTime:0.002100s ]
INFO: [ app_begin ] --END-- [ RunTime:0.003509s ]
INFO: [ app_end ] --START--
INFO: Run Behavior\ShowPageTraceBehavior [ RunTime:0.000815s ]
INFO: [ app_end ] --END-- [ RunTime:0.000910s ]

[ 2017-05-30T07:58:41+08:00 ] ::1 /eshop/index.php/Admin/Login/checkVerify
ERR: Cron:cron Runat 2017-05-30 07:58:41 Use 0.000290 s

[ 2017-05-30T07:58:41+08:00 ] ::1 /eshop/index.php/Admin/Login/checkVerify
INFO: [ app_begin ] --START--
INFO: Run Behavior\ReadHtmlCacheBehavior [ RunTime:0.000837s ]
INFO: Run Behavior\CronRunBehavior [ RunTime:0.003416s ]
INFO: [ app_begin ] --END-- [ RunTime:0.005065s ]
INFO: [ app_end ] --START--
INFO: Run Behavior\ShowPageTraceBehavior [ RunTime:0.000758s ]
INFO: [ app_end ] --END-- [ RunTime:0.000857s ]

[ 2017-05-30T07:58:43+08:00 ] ::1 /eshop/index.php/Admin/Login/checkVerify
ERR: Cron:cron Runat 2017-05-30 07:58:43 Use 0.000277 s

[ 2017-05-30T07:58:43+08:00 ] ::1 /eshop/index.php/Admin/Login/checkVerify
INFO: [ app_begin ] --START--
INFO: Run Behavior\ReadHtmlCacheBehavior [ RunTime:0.000694s ]
INFO: Run Behavior\CronRunBehavior [ RunTime:0.003389s ]
INFO: [ app_begin ] --END-- [ RunTime:0.004726s ]
INFO: [ app_end ] --START--
INFO: Run Behavior\ShowPageTraceBehavior [ RunTime:0.000670s ]
INFO: [ app_end ] --END-- [ RunTime:0.000762s ]

[ 2017-05-30T07:58:43+08:00 ] ::1 /eshop/index.php/Admin/Login/checkVerify
INFO: [ app_begin ] --START--
INFO: Run Behavior\ReadHtmlCacheBehavior [ RunTime:0.000707s ]
INFO: Run Behavior\CronRunBehavior [ RunTime:0.001978s ]
INFO: [ app_begin ] --END-- [ RunTime:0.003350s ]
INFO: [ app_end ] --START--
INFO: Run Behavior\ShowPageTraceBehavior [ RunTime:0.000913s ]
INFO: [ app_end ] --END-- [ RunTime:0.001017s ]

[ 2017-05-30T07:58:45+08:00 ] ::1 /eshop/index.php/Admin/Login/doLogin
ERR: Cron:cron Runat 2017-05-30 07:58:45 Use 0.000287 s

[ 2017-05-30T07:58:46+08:00 ] ::1 /eshop/index.php/Admin/Login/doLogin
INFO: [ app_begin ] --START--
INFO: Run Behavior\ReadHtmlCacheBehavior [ RunTime:0.000725s ]
INFO: Run Behavior\CronRunBehavior [ RunTime:0.003707s ]
INFO: [ app_begin ] --END-- [ RunTime:0.005085s ]
SQL: SHOW COLUMNS FROM `eshop_admin` [ RunTime:0.5345s ]
SQL: SELECT * FROM `eshop_admin` WHERE `name` = 'admin' LIMIT 1   [ RunTime:0.1077s ]
SQL: UPDATE `eshop_admin` SET `loginTime`='1496102326',`ip`='0.0.0.0' WHERE `id` = 1 [ RunTime:0.1146s ]

[ 2017-05-30T07:58:48+08:00 ] ::1 /eshop/index.php/Admin/Index/index.html
ERR: Cron:cron Runat 2017-05-30 07:58:48 Use 0.000349 s

[ 2017-05-30T07:59:04+08:00 ] ::1 /eshop/index.php/Admin/ShopManage/autho.html
ERR: Cron:cron Runat 2017-05-30 07:59:04 Use 0.000381 s

[ 2017-05-30T08:00:07+08:00 ] ::1 /eshop/index.php/Admin/ShopManage/autho.html
ERR: Cron:cron Runat 2017-05-30 08:00:07 Use 0.000314 s

[ 2017-05-30T08:02:59+08:00 ] ::1 /eshop/index.php/Admin/ShopManage/autho.html
ERR: Cron:cron Runat 2017-05-30 08:02:59 Use 0.000401 s

[ 2017-05-30T08:03:22+08:00 ] ::1 /eshop/index.php/Admin/ShopManage/autho.html
ERR: Cron:cron Runat 2017-05-30 08:03:22 Use 0.000624 s

[ 2017-05-30T08:10:48+08:00 ] ::1 /eshop/index.php/Admin/ShopManage/autho.html
ERR: Cron:cron Runat 2017-05-30 08:10:48 Use 0.000357 s

[ 2017-05-30T08:11:54+08:00 ] ::1 /eshop/index.php/Admin/ShopManage/autho.html
ERR: Cron:cron Runat 2017-05-30 08:11:54 Use 0.000339 s

[ 2017-05-30T08:13:03+08:00 ] ::1 /eshop/index.php/Admin/ShopManage/autho.html
ERR: Cron:cron Runat 2017-05-30 08:13:03 Use 0.000366 s

[ 2017-05-30T08:13:25+08:00 ] ::1 /eshop/index.php/Admin/ShopManage/autho.html
ERR: Cron:cron Runat 2017-05-30 08:13:25 Use 0.000387 s

[ 2017-05-30T08:13:30+08:00 ] ::1 /eshop/index.php/Admin/ShopManage/autho.html
ERR: Cron:cron Runat 2017-05-30 08:13:30 Use 0.000434 s

[ 2017-05-30T08:13:39+08:00 ] ::1 /eshop/index.php/Admin/ShopManage/addAutho.html
ERR: Cron:cron Runat 2017-05-30 08:13:39 Use 0.001080 s

[ 2017-05-30T08:13:54+08:00 ] ::1 /eshop/index.php/Admin/ShopManage/autho.html
ERR: Cron:cron Runat 2017-05-30 08:13:54 Use 0.000372 s

[ 2017-05-30T08:13:56+08:00 ] ::1 /eshop/index.php/Admin/ShopManage/addAutho.html
ERR: Cron:cron Runat 2017-05-30 08:13:56 Use 0.000463 s

[ 2017-05-30T08:14:04+08:00 ] ::1 /eshop/index.php/Admin/ShopManage/autho.html
ERR: Cron:cron Runat 2017-05-30 08:14:04 Use 0.000418 s

[ 2017-05-30T08:14:12+08:00 ] ::1 /eshop/index.php/Admin/ShopManage/autho.html
ERR: Cron:cron Runat 2017-05-30 08:14:12 Use 0.000396 s

[ 2017-05-30T08:14:14+08:00 ] ::1 /eshop/index.php/Admin/ShopManage/addAutho.html
ERR: Cron:cron Runat 2017-05-30 08:14:14 Use 0.001120 s

[ 2017-05-30T08:14:42+08:00 ] ::1 /eshop/index.php/Admin/ShopManage/autho.html
ERR: Cron:cron Runat 2017-05-30 08:14:42 Use 0.000386 s

[ 2017-05-30T08:14:56+08:00 ] ::1 /eshop/index.php/Admin/ShopManage/addAutho.html
ERR: Cron:cron Runat 2017-05-30 08:14:56 Use 0.001159 s

[ 2017-05-30T08:15:13+08:00 ] ::1 /eshop/index.php/Admin/ShopManage/autho.html
ERR: Cron:cron Runat 2017-05-30 08:15:13 Use 0.000351 s

[ 2017-05-30T08:15:40+08:00 ] ::1 /eshop/index.php/Admin/ShopManage/autho.html
ERR: Cron:cron Runat 2017-05-30 08:15:40 Use 0.000274 s

[ 2017-05-30T08:16:03+08:00 ] ::1 /eshop/index.php/Admin/ShopManage/autho.html
ERR: Cron:cron Runat 2017-05-30 08:16:03 Use 0.000340 s

[ 2017-05-30T08:16:05+08:00 ] ::1 /eshop/index.php/Admin/ShopManage/addAutho.html
ERR: Cron:cron Runat 2017-05-30 08:16:05 Use 0.000376 s

[ 2017-05-30T08:17:00+08:00 ] ::1 /eshop/index.php/Admin/ShopManage/autho.html
ERR: Cron:cron Runat 2017-05-30 08:17:00 Use 0.000423 s

[ 2017-05-30T08:17:19+08:00 ] ::1 /eshop/index.php/Admin/ShopManage/autho.html
ERR: Cron:cron Runat 2017-05-30 08:17:19 Use 0.000356 s

[ 2017-05-30T08:17:23+08:00 ] ::1 /eshop/index.php/Admin/ShopManage/addAutho.html
ERR: Cron:cron Runat 2017-05-30 08:17:23 Use 0.000433 s

[ 2017-05-30T08:18:58+08:00 ] ::1 /eshop/index.php/Admin/ShopManage/autho.html
ERR: Cron:cron Runat 2017-05-30 08:18:58 Use 0.000363 s

[ 2017-05-30T08:19:01+08:00 ] ::1 /eshop/index.php/Admin/ShopManage/autho.html
ERR: Cron:cron Runat 2017-05-30 08:19:01 Use 0.000278 s

[ 2017-05-30T08:19:03+08:00 ] ::1 /eshop/index.php/Admin/ShopManage/addAutho.html
ERR: Cron:cron Runat 2017-05-30 08:19:03 Use 0.000382 s

[ 2017-05-30T08:20:22+08:00 ] ::1 /eshop/index.php/Admin/ShopManage/autho.html
ERR: Cron:cron Runat 2017-05-30 08:20:22 Use 0.000352 s

[ 2017-05-30T08:21:22+08:00 ] ::1 /eshop/index.php/Admin/ShopManage/autho.html
ERR: Cron:cron Runat 2017-05-30 08:21:22 Use 0.000438 s

[ 2017-05-30T08:22:19+08:00 ] ::1 /eshop/index.php/Admin/ShopManage/autho.html
ERR: Cron:cron Runat 2017-05-30 08:22:19 Use 0.000332 s

[ 2017-05-30T08:22:21+08:00 ] ::1 /eshop/index.php/Admin/ShopManage/addAutho.html
ERR: Cron:cron Runat 2017-05-30 08:22:21 Use 0.000296 s

[ 2017-05-30T08:22:39+08:00 ] ::1 /eshop/index.php/Admin/ShopManage/autho.html
ERR: Cron:cron Runat 2017-05-30 08:22:39 Use 0.000380 s

[ 2017-05-30T08:22:41+08:00 ] ::1 /eshop/index.php/Admin/ShopManage/addAutho.html
ERR: Cron:cron Runat 2017-05-30 08:22:41 Use 0.000421 s

[ 2017-05-30T08:22:56+08:00 ] ::1 /eshop/index.php/Admin/ShopManage/autho.html
ERR: Cron:cron Runat 2017-05-30 08:22:56 Use 0.000368 s

[ 2017-05-30T08:24:24+08:00 ] ::1 /eshop/index.php/Admin/ShopManage/autho.html
ERR: Cron:cron Runat 2017-05-30 08:24:24 Use 0.000351 s

[ 2017-05-30T08:24:26+08:00 ] ::1 /eshop/index.php/Admin/ShopManage/addAutho.html
ERR: Cron:cron Runat 2017-05-30 08:24:26 Use 0.000360 s

[ 2017-05-30T08:25:19+08:00 ] ::1 /eshop/index.php/Admin/ShopManage/autho.html
ERR: Cron:cron Runat 2017-05-30 08:25:19 Use 0.000371 s

[ 2017-05-30T08:26:27+08:00 ] ::1 /eshop/index.php/Admin/ShopManage/autho.html
ERR: Cron:cron Runat 2017-05-30 08:26:27 Use 0.000344 s

[ 2017-05-30T08:26:53+08:00 ] ::1 /eshop/index.php/Admin/ShopManage/autho.html
ERR: Cron:cron Runat 2017-05-30 08:26:53 Use 0.000347 s

[ 2017-05-30T08:26:55+08:00 ] ::1 /eshop/index.php/Admin/ShopManage/addAutho.html
ERR: Cron:cron Runat 2017-05-30 08:26:55 Use 0.000260 s

[ 2017-05-30T08:28:20+08:00 ] ::1 /eshop/index.php/Admin/ShopManage/autho.html
ERR: Cron:cron Runat 2017-05-30 08:28:20 Use 0.000440 s

[ 2017-05-30T08:28:47+08:00 ] ::1 /eshop/index.php/Admin/ShopManage/autho.html
ERR: Cron:cron Runat 2017-05-30 08:28:47 Use 0.000326 s

[ 2017-05-30T08:28:49+08:00 ] ::1 /eshop/index.php/Admin/ShopManage/addAutho.html
ERR: Cron:cron Runat 2017-05-30 08:28:49 Use 0.000368 s

[ 2017-05-30T08:28:52+08:00 ] ::1 /eshop/index.php/Admin/ShopManage/addAutho.html?authoname=&photo=&btn-submit=%E6%8F%90%E4%BA%A4
ERR: Cron:cron Runat 2017-05-30 08:28:52 Use 0.000338 s

[ 2017-05-30T08:29:14+08:00 ] ::1 /eshop/index.php/Admin/ShopManage/autho.html
ERR: Cron:cron Runat 2017-05-30 08:29:14 Use 0.000350 s

[ 2017-05-30T08:30:08+08:00 ] ::1 /eshop/index.php/Admin/ShopManage/autho.html
ERR: Cron:cron Runat 2017-05-30 08:30:08 Use 0.000349 s

[ 2017-05-30T08:30:16+08:00 ] ::1 /eshop/index.php/Admin/ShopManage/addAutho.html
ERR: Cron:cron Runat 2017-05-30 08:30:16 Use 0.000347 s

[ 2017-05-30T08:30:57+08:00 ] ::1 /eshop/index.php/Admin/ShopManage/autho.html
ERR: Cron:cron Runat 2017-05-30 08:30:57 Use 0.000396 s

[ 2017-05-30T08:31:05+08:00 ] ::1 /eshop/index.php/Admin/ShopManage/autho.html
ERR: Cron:cron Runat 2017-05-30 08:31:05 Use 0.000337 s

[ 2017-05-30T08:31:07+08:00 ] ::1 /eshop/index.php/Admin/ShopManage/addAutho.html
ERR: Cron:cron Runat 2017-05-30 08:31:07 Use 0.000413 s

[ 2017-05-30T08:32:39+08:00 ] ::1 /eshop/index.php/Admin/ShopManage/autho.html
ERR: Cron:cron Runat 2017-05-30 08:32:39 Use 0.000411 s

[ 2017-05-30T08:32:41+08:00 ] ::1 /eshop/index.php/Admin/ShopManage/addAutho.html
ERR: Cron:cron Runat 2017-05-30 08:32:41 Use 0.000281 s

[ 2017-05-30T08:33:27+08:00 ] ::1 /eshop/index.php/Admin/ShopManage/autho.html
ERR: Cron:cron Runat 2017-05-30 08:33:27 Use 0.000255 s

[ 2017-05-30T08:33:29+08:00 ] ::1 /eshop/index.php/Admin/ShopManage/addAutho.html
ERR: Cron:cron Runat 2017-05-30 08:33:29 Use 0.000576 s

[ 2017-05-30T08:34:47+08:00 ] ::1 /eshop/index.php/Admin/ShopManage/autho.html
ERR: Cron:cron Runat 2017-05-30 08:34:47 Use 0.000375 s

[ 2017-05-30T08:35:10+08:00 ] ::1 /eshop/index.php/Admin/ShopManage/autho.html
ERR: Cron:cron Runat 2017-05-30 08:35:10 Use 0.000340 s

[ 2017-05-30T08:35:20+08:00 ] ::1 /eshop/index.php/Admin/ShopManage/autho.html
ERR: Cron:cron Runat 2017-05-30 08:35:20 Use 0.000284 s

[ 2017-05-30T08:35:23+08:00 ] ::1 /eshop/index.php/Admin/ShopManage/addAutho.html
ERR: Cron:cron Runat 2017-05-30 08:35:23 Use 0.000352 s

[ 2017-05-30T08:35:58+08:00 ] ::1 /eshop/index.php/Admin/ShopManage/autho.html
ERR: Cron:cron Runat 2017-05-30 08:35:58 Use 0.000277 s

[ 2017-05-30T08:37:55+08:00 ] ::1 /eshop/index.php/Admin/ShopManage/autho.html
ERR: Cron:cron Runat 2017-05-30 08:37:55 Use 0.000408 s

[ 2017-05-30T08:37:57+08:00 ] ::1 /eshop/index.php/Admin/ShopManage/addAutho.html
ERR: Cron:cron Runat 2017-05-30 08:37:57 Use 0.000290 s

[ 2017-05-30T08:38:15+08:00 ] ::1 /eshop/index.php/Admin/ShopManage/autho.html
ERR: Cron:cron Runat 2017-05-30 08:38:15 Use 0.000279 s

[ 2017-05-30T08:38:17+08:00 ] ::1 /eshop/index.php/Admin/ShopManage/addAutho.html
ERR: Cron:cron Runat 2017-05-30 08:38:17 Use 0.000323 s

[ 2017-05-30T08:38:24+08:00 ] ::1 /eshop/index.php/Admin/ShopManage/autho.html
ERR: Cron:cron Runat 2017-05-30 08:38:24 Use 0.000430 s

[ 2017-05-30T08:39:17+08:00 ] ::1 /eshop/index.php/Admin/ShopManage/autho.html
ERR: Cron:cron Runat 2017-05-30 08:39:17 Use 0.000282 s

[ 2017-05-30T08:39:19+08:00 ] ::1 /eshop/index.php/Admin/ShopManage/addAutho.html
ERR: Cron:cron Runat 2017-05-30 08:39:19 Use 0.000283 s

[ 2017-05-30T08:39:32+08:00 ] ::1 /eshop/index.php/Admin/ShopManage/autho.html
ERR: Cron:cron Runat 2017-05-30 08:39:32 Use 0.000287 s

[ 2017-05-30T08:39:55+08:00 ] ::1 /eshop/index.php/Admin/ShopManage/autho.html
ERR: Cron:cron Runat 2017-05-30 08:39:55 Use 0.000397 s

[ 2017-05-30T08:41:33+08:00 ] ::1 /eshop/index.php/Admin/ShopManage/autho.html
ERR: Cron:cron Runat 2017-05-30 08:41:33 Use 0.000264 s

[ 2017-05-30T08:42:06+08:00 ] ::1 /eshop/index.php/Admin/ShopManage/autho.html
ERR: Cron:cron Runat 2017-05-30 08:42:06 Use 0.000338 s

[ 2017-05-30T08:42:53+08:00 ] ::1 /eshop/index.php/Admin/ShopManage/autho.html
ERR: Cron:cron Runat 2017-05-30 08:42:53 Use 0.000279 s

[ 2017-05-30T08:42:55+08:00 ] ::1 /eshop/index.php/Admin/ShopManage/addAutho.html
ERR: Cron:cron Runat 2017-05-30 08:42:55 Use 0.000253 s

[ 2017-05-30T08:43:23+08:00 ] ::1 /eshop/index.php/Admin/ShopManage/autho.html
ERR: Cron:cron Runat 2017-05-30 08:43:23 Use 0.000361 s

[ 2017-05-30T08:43:38+08:00 ] ::1 /eshop/index.php/Admin/ShopManage/autho.html
ERR: Cron:cron Runat 2017-05-30 08:43:38 Use 0.000341 s

[ 2017-05-30T08:43:40+08:00 ] ::1 /eshop/index.php/Admin/ShopManage/addAutho.html
ERR: Cron:cron Runat 2017-05-30 08:43:40 Use 0.000648 s

[ 2017-05-30T08:45:17+08:00 ] ::1 /eshop/index.php/Admin/ShopManage/autho.html
ERR: Cron:cron Runat 2017-05-30 08:45:17 Use 0.000404 s

[ 2017-05-30T08:45:19+08:00 ] ::1 /eshop/index.php/Admin/ShopManage/addAutho.html
ERR: Cron:cron Runat 2017-05-30 08:45:19 Use 0.000332 s

[ 2017-05-30T08:45:31+08:00 ] ::1 /eshop/index.php/Admin/ShopManage/autho.html
ERR: Cron:cron Runat 2017-05-30 08:45:31 Use 0.000301 s

[ 2017-05-30T08:45:33+08:00 ] ::1 /eshop/index.php/Admin/ShopManage/addAutho.html
ERR: Cron:cron Runat 2017-05-30 08:45:33 Use 0.000417 s

[ 2017-05-30T08:48:15+08:00 ] ::1 /eshop/index.php/Admin/ShopManage/autho.html
ERR: Cron:cron Runat 2017-05-30 08:48:15 Use 0.000421 s

[ 2017-05-30T08:48:17+08:00 ] ::1 /eshop/index.php/Admin/ShopManage/addAutho.html
ERR: Cron:cron Runat 2017-05-30 08:48:17 Use 0.000296 s

[ 2017-05-30T08:49:01+08:00 ] ::1 /eshop/index.php/Admin/ShopManage/autho.html
ERR: Cron:cron Runat 2017-05-30 08:49:01 Use 0.000292 s

[ 2017-05-30T08:49:36+08:00 ] ::1 /eshop/index.php/Admin/ShopManage/autho.html
ERR: Cron:cron Runat 2017-05-30 08:49:36 Use 0.000316 s

[ 2017-05-30T08:49:41+08:00 ] ::1 /eshop/index.php/Admin/ShopManage/addAutho.html
ERR: Cron:cron Runat 2017-05-30 08:49:41 Use 0.000313 s

[ 2017-05-30T08:50:05+08:00 ] ::1 /eshop/index.php/Admin/ShopManage/autho.html
ERR: Cron:cron Runat 2017-05-30 08:50:05 Use 0.000288 s

[ 2017-05-30T08:50:07+08:00 ] ::1 /eshop/index.php/Admin/ShopManage/addAutho.html
ERR: Cron:cron Runat 2017-05-30 08:50:07 Use 0.000436 s

[ 2017-05-30T08:50:18+08:00 ] ::1 /eshop/index.php/Admin/ShopManage/autho.html
ERR: Cron:cron Runat 2017-05-30 08:50:18 Use 0.000313 s

[ 2017-05-30T08:50:20+08:00 ] ::1 /eshop/index.php/Admin/ShopManage/addAutho.html
ERR: Cron:cron Runat 2017-05-30 08:50:20 Use 0.000490 s

[ 2017-05-30T08:50:26+08:00 ] ::1 /eshop/index.php/Admin/ShopManage/autho.html
ERR: Cron:cron Runat 2017-05-30 08:50:26 Use 0.000366 s

[ 2017-05-30T08:50:35+08:00 ] ::1 /eshop/index.php/Admin/ShopManage/autho.html
ERR: Cron:cron Runat 2017-05-30 08:50:35 Use 0.000296 s

[ 2017-05-30T08:50:36+08:00 ] ::1 /eshop/index.php/Admin/ShopManage/addAutho.html
ERR: Cron:cron Runat 2017-05-30 08:50:36 Use 0.000280 s

[ 2017-05-30T08:50:44+08:00 ] ::1 /eshop/index.php/Admin/ShopManage/autho.html
ERR: Cron:cron Runat 2017-05-30 08:50:44 Use 0.000379 s

[ 2017-05-30T08:51:15+08:00 ] ::1 /eshop/index.php/Admin/ShopManage/autho.html
ERR: Cron:cron Runat 2017-05-30 08:51:15 Use 0.000341 s

[ 2017-05-30T08:51:17+08:00 ] ::1 /eshop/index.php/Admin/ShopManage/addAutho.html
ERR: Cron:cron Runat 2017-05-30 08:51:17 Use 0.000282 s

[ 2017-05-30T08:52:16+08:00 ] ::1 /eshop/index.php/Admin/ShopManage/autho.html
ERR: Cron:cron Runat 2017-05-30 08:52:16 Use 0.000273 s

[ 2017-05-30T08:52:20+08:00 ] ::1 /eshop/index.php/Admin/ShopManage/addAutho.html
ERR: Cron:cron Runat 2017-05-30 08:52:20 Use 0.000400 s

[ 2017-05-30T08:52:52+08:00 ] ::1 /eshop/index.php/Admin/ShopManage/autho.html
ERR: Cron:cron Runat 2017-05-30 08:52:52 Use 0.000364 s

[ 2017-05-30T08:52:54+08:00 ] ::1 /eshop/index.php/Admin/ShopManage/addAutho.html
ERR: Cron:cron Runat 2017-05-30 08:52:54 Use 0.000312 s

[ 2017-05-30T08:53:18+08:00 ] ::1 /eshop/index.php/Admin/ShopManage/autho.html
ERR: Cron:cron Runat 2017-05-30 08:53:18 Use 0.000288 s

[ 2017-05-30T08:53:27+08:00 ] ::1 /eshop/index.php/Admin/ShopManage/autho.html
ERR: Cron:cron Runat 2017-05-30 08:53:27 Use 0.000257 s

[ 2017-05-30T08:54:47+08:00 ] ::1 /eshop/index.php/Admin/ShopManage/autho.html
ERR: Cron:cron Runat 2017-05-30 08:54:47 Use 0.000351 s

[ 2017-05-30T08:54:50+08:00 ] ::1 /eshop/index.php/Admin/ShopManage/addAutho.html
ERR: Cron:cron Runat 2017-05-30 08:54:50 Use 0.000253 s

[ 2017-05-30T08:55:18+08:00 ] ::1 /eshop/index.php/Admin/ShopManage/autho.html
ERR: Cron:cron Runat 2017-05-30 08:55:18 Use 0.000599 s

[ 2017-05-30T08:55:21+08:00 ] ::1 /eshop/index.php/Admin/ShopManage/addAutho.html
ERR: Cron:cron Runat 2017-05-30 08:55:21 Use 0.000348 s

[ 2017-05-30T08:55:29+08:00 ] ::1 /eshop/index.php/Admin/ShopManage/autho.html
ERR: Cron:cron Runat 2017-05-30 08:55:29 Use 0.000276 s

[ 2017-05-30T08:55:30+08:00 ] ::1 /eshop/index.php/Admin/ShopManage/addAutho.html
ERR: Cron:cron Runat 2017-05-30 08:55:30 Use 0.001042 s

[ 2017-05-30T08:55:51+08:00 ] ::1 /eshop/index.php/Admin/ShopManage/autho.html
ERR: Cron:cron Runat 2017-05-30 08:55:51 Use 0.000334 s

[ 2017-05-30T08:55:53+08:00 ] ::1 /eshop/index.php/Admin/ShopManage/addAutho.html
ERR: Cron:cron Runat 2017-05-30 08:55:53 Use 0.000423 s

[ 2017-05-30T08:56:00+08:00 ] ::1 /eshop/index.php/Admin/ShopManage/autho.html
ERR: Cron:cron Runat 2017-05-30 08:56:00 Use 0.000426 s

[ 2017-05-30T08:56:07+08:00 ] ::1 /eshop/index.php/Admin/ShopManage/autho.html
ERR: Cron:cron Runat 2017-05-30 08:56:07 Use 0.000350 s

[ 2017-05-30T08:56:09+08:00 ] ::1 /eshop/index.php/Admin/ShopManage/addAutho.html
ERR: Cron:cron Runat 2017-05-30 08:56:09 Use 0.000375 s

[ 2017-05-30T08:56:48+08:00 ] ::1 /eshop/index.php/Admin/ShopManage/autho.html
ERR: Cron:cron Runat 2017-05-30 08:56:48 Use 0.000397 s

[ 2017-05-30T08:56:50+08:00 ] ::1 /eshop/index.php/Admin/ShopManage/addAutho.html
ERR: Cron:cron Runat 2017-05-30 08:56:50 Use 0.000260 s

[ 2017-05-30T08:57:00+08:00 ] ::1 /eshop/index.php/Admin/ShopManage/autho.html
ERR: Cron:cron Runat 2017-05-30 08:57:00 Use 0.000376 s

[ 2017-05-30T08:58:08+08:00 ] ::1 /eshop/index.php/Admin/ShopManage/autho.html
ERR: Cron:cron Runat 2017-05-30 08:58:08 Use 0.000387 s

[ 2017-05-30T08:58:31+08:00 ] ::1 /eshop/index.php/Admin/ShopManage/autho.html
ERR: Cron:cron Runat 2017-05-30 08:58:31 Use 0.000254 s

[ 2017-05-30T08:58:33+08:00 ] ::1 /eshop/index.php/Admin/ShopManage/addAutho.html
ERR: Cron:cron Runat 2017-05-30 08:58:33 Use 0.000415 s

[ 2017-05-30T08:58:55+08:00 ] ::1 /eshop/index.php/Admin/ShopManage/autho.html
ERR: Cron:cron Runat 2017-05-30 08:58:55 Use 0.000297 s

[ 2017-05-30T08:59:29+08:00 ] ::1 /eshop/index.php/Admin/ShopManage/autho.html
ERR: Cron:cron Runat 2017-05-30 08:59:29 Use 0.000258 s

[ 2017-05-30T08:59:40+08:00 ] ::1 /eshop/index.php/Admin/ShopManage/autho.html
ERR: Cron:cron Runat 2017-05-30 08:59:40 Use 0.000267 s

[ 2017-05-30T08:59:57+08:00 ] ::1 /eshop/index.php/Admin/ShopManage/autho.html
ERR: Cron:cron Runat 2017-05-30 08:59:57 Use 0.000341 s

[ 2017-05-30T09:00:01+08:00 ] ::1 /eshop/index.php/Admin/ShopManage/addAutho.html
ERR: Cron:cron Runat 2017-05-30 09:00:01 Use 0.000308 s

[ 2017-05-30T09:00:21+08:00 ] ::1 /eshop/index.php/Admin/ShopManage/autho.html
ERR: Cron:cron Runat 2017-05-30 09:00:21 Use 0.000537 s

[ 2017-05-30T09:00:26+08:00 ] ::1 /eshop/index.php/Admin/ShopManage/addAutho.html
ERR: Cron:cron Runat 2017-05-30 09:00:26 Use 0.000283 s

[ 2017-05-30T09:01:08+08:00 ] ::1 /eshop/index.php/Admin/ShopManage/autho.html
ERR: Cron:cron Runat 2017-05-30 09:01:08 Use 0.000275 s

[ 2017-05-30T09:01:39+08:00 ] ::1 /eshop/index.php/Admin/ShopManage/autho.html
ERR: Cron:cron Runat 2017-05-30 09:01:39 Use 0.000280 s

[ 2017-05-30T09:01:41+08:00 ] ::1 /eshop/index.php/Admin/ShopManage/addAutho.html
ERR: Cron:cron Runat 2017-05-30 09:01:41 Use 0.000273 s

[ 2017-05-30T09:01:57+08:00 ] ::1 /eshop/index.php/Admin/ShopManage/autho.html
ERR: Cron:cron Runat 2017-05-30 09:01:57 Use 0.000325 s

[ 2017-05-30T09:02:15+08:00 ] ::1 /eshop/index.php/Admin/ShopManage/autho.html
ERR: Cron:cron Runat 2017-05-30 09:02:15 Use 0.000297 s

[ 2017-05-30T09:02:17+08:00 ] ::1 /eshop/index.php/Admin/ShopManage/addAutho.html
ERR: Cron:cron Runat 2017-05-30 09:02:17 Use 0.000286 s

[ 2017-05-30T09:02:34+08:00 ] ::1 /eshop/index.php/Admin/ShopManage/autho.html
ERR: Cron:cron Runat 2017-05-30 09:02:34 Use 0.000313 s

[ 2017-05-30T09:02:38+08:00 ] ::1 /eshop/index.php/Admin/ShopManage/addAutho.html
ERR: Cron:cron Runat 2017-05-30 09:02:38 Use 0.000279 s

[ 2017-05-30T09:04:01+08:00 ] ::1 /eshop/index.php/Admin/ShopManage/autho.html
ERR: Cron:cron Runat 2017-05-30 09:04:01 Use 0.000289 s

[ 2017-05-30T09:04:03+08:00 ] ::1 /eshop/index.php/Admin/ShopManage/addAutho.html
ERR: Cron:cron Runat 2017-05-30 09:04:03 Use 0.000259 s

[ 2017-05-30T09:04:26+08:00 ] ::1 /eshop/index.php/Admin/ShopManage/autho.html
ERR: Cron:cron Runat 2017-05-30 09:04:26 Use 0.000312 s

[ 2017-05-30T09:06:38+08:00 ] ::1 /eshop/index.php/Admin/ShopManage/autho.html
ERR: Cron:cron Runat 2017-05-30 09:06:38 Use 0.000278 s

[ 2017-05-30T09:06:40+08:00 ] ::1 /eshop/index.php/Admin/ShopManage/addAutho.html
ERR: Cron:cron Runat 2017-05-30 09:06:40 Use 0.001150 s

[ 2017-05-30T09:06:59+08:00 ] ::1 /eshop/index.php/Admin/ShopManage/autho.html
ERR: Cron:cron Runat 2017-05-30 09:06:59 Use 0.000316 s

[ 2017-05-30T09:07:34+08:00 ] ::1 /eshop/index.php/Admin/ShopManage/autho.html
ERR: Cron:cron Runat 2017-05-30 09:07:34 Use 0.000335 s

[ 2017-05-30T09:07:48+08:00 ] ::1 /eshop/index.php/Admin/ShopManage/autho.html
ERR: Cron:cron Runat 2017-05-30 09:07:48 Use 0.000282 s

[ 2017-05-30T09:07:52+08:00 ] ::1 /eshop/index.php/Admin/ShopManage/addAutho.html
ERR: Cron:cron Runat 2017-05-30 09:07:52 Use 0.000512 s

[ 2017-05-30T09:08:04+08:00 ] ::1 /eshop/index.php/Admin/ShopManage/autho.html
ERR: Cron:cron Runat 2017-05-30 09:08:04 Use 0.000366 s

[ 2017-05-30T09:10:49+08:00 ] ::1 /eshop/index.php/Admin/ShopManage/autho.html
ERR: Cron:cron Runat 2017-05-30 09:10:49 Use 0.000292 s

[ 2017-05-30T09:10:51+08:00 ] ::1 /eshop/index.php/Admin/ShopManage/addAutho.html
ERR: Cron:cron Runat 2017-05-30 09:10:51 Use 0.000313 s

[ 2017-05-30T09:11:06+08:00 ] ::1 /eshop/index.php/Admin/ShopManage/autho.html
ERR: Cron:cron Runat 2017-05-30 09:11:06 Use 0.000377 s

[ 2017-05-30T09:11:14+08:00 ] ::1 /eshop/index.php/Admin/ShopManage/autho.html
ERR: Cron:cron Runat 2017-05-30 09:11:14 Use 0.000329 s

[ 2017-05-30T09:13:09+08:00 ] ::1 /eshop/index.php/Admin/ShopManage/autho.html
ERR: Cron:cron Runat 2017-05-30 09:13:09 Use 0.000375 s

[ 2017-05-30T09:13:11+08:00 ] ::1 /eshop/index.php/Admin/ShopManage/addAutho.html
ERR: Cron:cron Runat 2017-05-30 09:13:11 Use 0.001208 s

[ 2017-05-30T09:14:30+08:00 ] ::1 /eshop/index.php/Admin/ShopManage/autho.html
ERR: Cron:cron Runat 2017-05-30 09:14:30 Use 0.000270 s

[ 2017-05-30T09:15:02+08:00 ] ::1 /eshop/index.php/Admin/ShopManage/autho.html
ERR: Cron:cron Runat 2017-05-30 09:15:02 Use 0.000269 s

[ 2017-05-30T09:15:04+08:00 ] ::1 /eshop/index.php/Admin/ShopManage/addAutho.html
ERR: Cron:cron Runat 2017-05-30 09:15:04 Use 0.000278 s

[ 2017-05-30T09:15:18+08:00 ] ::1 /eshop/index.php/Admin/ShopManage/autho.html
ERR: Cron:cron Runat 2017-05-30 09:15:18 Use 0.000382 s

[ 2017-05-30T09:15:20+08:00 ] ::1 /eshop/index.php/Admin/ShopManage/addAutho.html
ERR: Cron:cron Runat 2017-05-30 09:15:20 Use 0.000335 s

[ 2017-05-30T09:15:25+08:00 ] ::1 /eshop/index.php/Admin/ShopManage/autho.html
ERR: Cron:cron Runat 2017-05-30 09:15:25 Use 0.000398 s

[ 2017-05-30T09:15:27+08:00 ] ::1 /eshop/index.php/Admin/ShopManage/addAutho.html
ERR: Cron:cron Runat 2017-05-30 09:15:27 Use 0.001198 s

[ 2017-05-30T09:15:32+08:00 ] ::1 /eshop/index.php/Admin/ShopManage/autho.html
ERR: Cron:cron Runat 2017-05-30 09:15:32 Use 0.000282 s

[ 2017-05-30T09:16:14+08:00 ] ::1 /eshop/index.php/Admin/ShopManage/autho.html
ERR: Cron:cron Runat 2017-05-30 09:16:14 Use 0.000345 s

[ 2017-05-30T09:16:16+08:00 ] ::1 /eshop/index.php/Admin/ShopManage/addAutho.html
ERR: Cron:cron Runat 2017-05-30 09:16:16 Use 0.000338 s

[ 2017-05-30T09:19:02+08:00 ] ::1 /eshop/index.php/Admin/ShopManage/addAutho.html
ERR: Cron:cron Runat 2017-05-30 09:19:02 Use 0.000267 s

[ 2017-05-30T09:19:35+08:00 ] ::1 /eshop/index.php/Admin/ShopManage/autho.html
ERR: Cron:cron Runat 2017-05-30 09:19:35 Use 0.000384 s

[ 2017-05-30T09:19:38+08:00 ] ::1 /eshop/index.php/Admin/ShopManage/addAutho.html?authoname=&photo=
ERR: Cron:cron Runat 2017-05-30 09:19:38 Use 0.001166 s

[ 2017-05-30T09:19:48+08:00 ] ::1 /eshop/index.php/Admin/ShopManage/addAutho.html?authoname=&photo=
ERR: Cron:cron Runat 2017-05-30 09:19:48 Use 0.000322 s

[ 2017-05-30T09:20:39+08:00 ] ::1 /eshop/index.php/Admin/ShopManage/autho.html
ERR: Cron:cron Runat 2017-05-30 09:20:39 Use 0.000345 s

[ 2017-05-30T09:22:44+08:00 ] ::1 /eshop/index.php/Admin/ShopManage/autho.html
ERR: Cron:cron Runat 2017-05-30 09:22:44 Use 0.000311 s

[ 2017-05-30T09:22:46+08:00 ] ::1 /eshop/index.php/Admin/ShopManage/addAutho.html
ERR: Cron:cron Runat 2017-05-30 09:22:46 Use 0.000292 s

[ 2017-05-30T09:22:48+08:00 ] ::1 /eshop/index.php/Admin/ShopManage/addAutho.html
ERR: Cron:cron Runat 2017-05-30 09:22:48 Use 0.000313 s

[ 2017-05-30T09:24:08+08:00 ] ::1 /eshop/index.php/Admin/ShopManage/autho.html
ERR: Cron:cron Runat 2017-05-30 09:24:08 Use 0.000371 s

[ 2017-05-30T09:24:12+08:00 ] ::1 /eshop/index.php/Admin/ShopManage/addAutho.html?authoname=&photo=
ERR: Cron:cron Runat 2017-05-30 09:24:12 Use 0.000320 s

[ 2017-05-30T09:24:44+08:00 ] ::1 /eshop/index.php/Admin/ShopManage/autho.html
ERR: Cron:cron Runat 2017-05-30 09:24:44 Use 0.000456 s

[ 2017-05-30T09:24:46+08:00 ] ::1 /eshop/index.php/Admin/ShopManage/addAutho.html
ERR: Cron:cron Runat 2017-05-30 09:24:46 Use 0.000258 s

[ 2017-05-30T09:24:50+08:00 ] ::1 /eshop/index.php/Admin/ShopManage/addAutho.html
ERR: Cron:cron Runat 2017-05-30 09:24:50 Use 0.000360 s

[ 2017-05-30T09:24:52+08:00 ] ::1 /eshop/index.php/Admin/ShopManage/addAutho.html
ERR: Cron:cron Runat 2017-05-30 09:24:52 Use 0.000260 s

[ 2017-05-30T09:25:33+08:00 ] ::1 /eshop/index.php/Admin/ShopManage/autho.html
ERR: Cron:cron Runat 2017-05-30 09:25:33 Use 0.000322 s

[ 2017-05-30T09:25:35+08:00 ] ::1 /eshop/index.php/Admin/ShopManage/addAutho.html
ERR: Cron:cron Runat 2017-05-30 09:25:35 Use 0.000279 s

[ 2017-05-30T09:25:37+08:00 ] ::1 /eshop/index.php/Admin/ShopManage/addAutho.html
ERR: Cron:cron Runat 2017-05-30 09:25:37 Use 0.000340 s

[ 2017-05-30T09:27:13+08:00 ] ::1 /eshop/index.php/Admin/ShopManage/addAutho.html
ERR: Cron:cron Runat 2017-05-30 09:27:13 Use 0.000276 s

[ 2017-05-30T09:27:15+08:00 ] ::1 /eshop/index.php/Admin/ShopManage/addAutho.html
ERR: Cron:cron Runat 2017-05-30 09:27:15 Use 0.000341 s

[ 2017-05-30T09:27:56+08:00 ] ::1 /eshop/index.php/Admin/ShopManage/autho.html
ERR: Cron:cron Runat 2017-05-30 09:27:56 Use 0.000290 s

[ 2017-05-30T09:28:04+08:00 ] ::1 /eshop/index.php/Admin/ShopManage/addAutho.html
ERR: Cron:cron Runat 2017-05-30 09:28:04 Use 0.000332 s

[ 2017-05-30T09:28:06+08:00 ] ::1 /eshop/index.php/Admin/ShopManage/addAutho.html
ERR: Cron:cron Runat 2017-05-30 09:28:06 Use 0.000363 s

[ 2017-05-30T09:28:08+08:00 ] ::1 /eshop/index.php/Admin/ShopManage/addAutho.html
ERR: Cron:cron Runat 2017-05-30 09:28:08 Use 0.000332 s

[ 2017-05-30T09:29:50+08:00 ] ::1 /eshop/index.php/Admin/ShopManage/autho.html
ERR: Cron:cron Runat 2017-05-30 09:29:50 Use 0.000319 s

[ 2017-05-30T09:30:39+08:00 ] ::1 /eshop/index.php/Admin/ShopManage/autho.html
ERR: Cron:cron Runat 2017-05-30 09:30:39 Use 0.000352 s

[ 2017-05-30T09:30:41+08:00 ] ::1 /eshop/index.php/Admin/ShopManage/addAutho.html
ERR: Cron:cron Runat 2017-05-30 09:30:41 Use 0.000331 s

[ 2017-05-30T09:31:01+08:00 ] ::1 /eshop/index.php/Admin/ShopManage/autho.html
ERR: Cron:cron Runat 2017-05-30 09:31:01 Use 0.000399 s

[ 2017-05-30T09:31:05+08:00 ] ::1 /eshop/index.php/Admin/ShopManage/addAutho.html
ERR: Cron:cron Runat 2017-05-30 09:31:05 Use 0.000337 s

[ 2017-05-30T09:31:14+08:00 ] ::1 /eshop/index.php/Admin/ShopManage/addAutho.html
ERR: Cron:cron Runat 2017-05-30 09:31:14 Use 0.000425 s

[ 2017-05-30T09:32:08+08:00 ] ::1 /eshop/index.php/Admin/ShopManage/autho.html
ERR: Cron:cron Runat 2017-05-30 09:32:08 Use 0.000297 s

[ 2017-05-30T09:32:49+08:00 ] ::1 /eshop/index.php/Admin/ShopManage/autho.html
ERR: Cron:cron Runat 2017-05-30 09:32:49 Use 0.000278 s

[ 2017-05-30T09:32:52+08:00 ] ::1 /eshop/index.php/Admin/ShopManage/addAutho.html
ERR: Cron:cron Runat 2017-05-30 09:32:52 Use 0.000314 s

[ 2017-05-30T09:34:18+08:00 ] ::1 /eshop/index.php/Admin/ShopManage/autho.html
ERR: Cron:cron Runat 2017-05-30 09:34:18 Use 0.000305 s

[ 2017-05-30T09:34:43+08:00 ] ::1 /eshop/index.php/Admin/ShopManage/addAutho.html
ERR: Cron:cron Runat 2017-05-30 09:34:43 Use 0.000359 s

[ 2017-05-30T09:34:46+08:00 ] ::1 /eshop/index.php/Admin/ShopManage/addAutho.html
ERR: Cron:cron Runat 2017-05-30 09:34:46 Use 0.000373 s

[ 2017-05-30T09:34:52+08:00 ] ::1 /eshop/index.php/Admin/ShopManage/addAutho.html
ERR: Cron:cron Runat 2017-05-30 09:34:52 Use 0.000372 s

[ 2017-05-30T09:35:35+08:00 ] ::1 /eshop/index.php/Admin/ShopManage/autho.html
ERR: Cron:cron Runat 2017-05-30 09:35:35 Use 0.000340 s

[ 2017-05-30T09:35:38+08:00 ] ::1 /eshop/index.php/Admin/ShopManage/addAutho.html
ERR: Cron:cron Runat 2017-05-30 09:35:38 Use 0.000282 s

[ 2017-05-30T09:35:41+08:00 ] ::1 /eshop/index.php/Admin/ShopManage/addAutho.html
ERR: Cron:cron Runat 2017-05-30 09:35:41 Use 0.000317 s

[ 2017-05-30T09:35:45+08:00 ] ::1 /eshop/index.php/Admin/ShopManage/addAutho.html
ERR: Cron:cron Runat 2017-05-30 09:35:45 Use 0.000350 s

[ 2017-05-30T09:36:03+08:00 ] ::1 /eshop/index.php/Admin/ShopManage/autho.html
ERR: Cron:cron Runat 2017-05-30 09:36:03 Use 0.000398 s

[ 2017-05-30T09:36:12+08:00 ] ::1 /eshop/index.php/Admin/ShopManage/addAutho.html
ERR: Cron:cron Runat 2017-05-30 09:36:12 Use 0.000368 s

[ 2017-05-30T09:36:15+08:00 ] ::1 /eshop/index.php/Admin/ShopManage/addAutho.html
ERR: Cron:cron Runat 2017-05-30 09:36:15 Use 0.000320 s

[ 2017-05-30T09:36:17+08:00 ] ::1 /eshop/index.php/Admin/ShopManage/addAutho.html
ERR: Cron:cron Runat 2017-05-30 09:36:17 Use 0.000451 s

[ 2017-05-30T09:36:19+08:00 ] ::1 /eshop/index.php/Admin/ShopManage/addAutho.html
ERR: Cron:cron Runat 2017-05-30 09:36:19 Use 0.000322 s

[ 2017-05-30T09:37:11+08:00 ] ::1 /eshop/index.php/Admin/ShopManage/autho.html
ERR: Cron:cron Runat 2017-05-30 09:37:11 Use 0.000289 s

[ 2017-05-30T09:37:17+08:00 ] ::1 /eshop/index.php/Admin/ShopManage/addAutho.html
ERR: Cron:cron Runat 2017-05-30 09:37:17 Use 0.000286 s

[ 2017-05-30T09:40:28+08:00 ] ::1 /eshop/index.php/Admin/ShopManage/autho.html
ERR: Cron:cron Runat 2017-05-30 09:40:28 Use 0.000321 s

[ 2017-05-30T09:40:32+08:00 ] ::1 /eshop/index.php/Admin/ShopManage/addAutho.html
ERR: Cron:cron Runat 2017-05-30 09:40:32 Use 0.000525 s

[ 2017-05-30T09:44:01+08:00 ] ::1 /eshop/index.php/Admin/ShopManage/autho.html
ERR: Cron:cron Runat 2017-05-30 09:44:01 Use 0.000266 s

[ 2017-05-30T09:44:04+08:00 ] ::1 /eshop/index.php/Admin/ShopManage/addAutho.html
ERR: Cron:cron Runat 2017-05-30 09:44:04 Use 0.000371 s

[ 2017-05-30T09:45:07+08:00 ] ::1 /eshop/index.php/Admin/ShopManage/autho.html
ERR: Cron:cron Runat 2017-05-30 09:45:07 Use 0.000348 s

[ 2017-05-30T09:45:36+08:00 ] ::1 /eshop/index.php/Admin/ShopManage/autho.html
ERR: Cron:cron Runat 2017-05-30 09:45:36 Use 0.000345 s

[ 2017-05-30T09:46:37+08:00 ] ::1 /eshop/index.php/Admin/ShopManage/autho.html
ERR: Cron:cron Runat 2017-05-30 09:46:37 Use 0.000335 s

[ 2017-05-30T09:47:24+08:00 ] ::1 /eshop/index.php/Admin/ShopManage/autho.html
ERR: Cron:cron Runat 2017-05-30 09:47:24 Use 0.000329 s

[ 2017-05-30T09:48:34+08:00 ] ::1 /eshop/index.php/Admin/ShopManage/autho.html
ERR: Cron:cron Runat 2017-05-30 09:48:34 Use 0.000299 s

[ 2017-05-30T09:48:36+08:00 ] ::1 /eshop/index.php/Admin/ShopManage/addAutho.html
ERR: Cron:cron Runat 2017-05-30 09:48:36 Use 0.000332 s

[ 2017-05-30T09:48:57+08:00 ] ::1 /eshop/index.php/Admin/ShopManage/addAutho.html
ERR: Cron:cron Runat 2017-05-30 09:48:57 Use 0.000294 s

[ 2017-05-30T09:49:04+08:00 ] ::1 /eshop/index.php/Admin/ShopManage/addAutho.html
ERR: Cron:cron Runat 2017-05-30 09:49:04 Use 0.000336 s

[ 2017-05-30T09:49:40+08:00 ] ::1 /eshop/index.php/Admin/ShopManage/autho.html
ERR: Cron:cron Runat 2017-05-30 09:49:40 Use 0.000379 s

[ 2017-05-30T09:49:54+08:00 ] ::1 /eshop/index.php/Admin/ShopManage/autho.html
ERR: Cron:cron Runat 2017-05-30 09:49:54 Use 0.000364 s

[ 2017-05-30T09:51:02+08:00 ] ::1 /eshop/index.php/Admin/ShopManage/autho.html
ERR: Cron:cron Runat 2017-05-30 09:51:02 Use 0.000343 s

[ 2017-05-30T09:51:04+08:00 ] ::1 /eshop/index.php/Admin/ShopManage/addAutho.html
ERR: Cron:cron Runat 2017-05-30 09:51:04 Use 0.000344 s

[ 2017-05-30T09:52:17+08:00 ] ::1 /eshop/index.php/Admin/ShopManage/autho.html
ERR: Cron:cron Runat 2017-05-30 09:52:17 Use 0.000316 s

[ 2017-05-30T09:52:20+08:00 ] ::1 /eshop/index.php/Admin/ShopManage/addAutho.html
ERR: Cron:cron Runat 2017-05-30 09:52:20 Use 0.000361 s

[ 2017-05-30T09:52:48+08:00 ] ::1 /eshop/index.php/Admin/ShopManage/autho.html
ERR: Cron:cron Runat 2017-05-30 09:52:48 Use 0.000296 s

[ 2017-05-30T09:58:54+08:00 ] ::1 /eshop/index.php/Admin/ShopManage/autho.html
ERR: Cron:cron Runat 2017-05-30 09:58:54 Use 0.000258 s

[ 2017-05-30T09:59:33+08:00 ] ::1 /eshop/index.php/Admin/ShopManage/autho.html
ERR: Cron:cron Runat 2017-05-30 09:59:33 Use 0.000261 s

[ 2017-05-30T09:59:36+08:00 ] ::1 /eshop/index.php/Admin/ShopManage/addAutho.html
ERR: Cron:cron Runat 2017-05-30 09:59:36 Use 0.001178 s

[ 2017-05-30T10:00:30+08:00 ] ::1 /eshop/index.php/Admin/ShopManage/autho.html
ERR: Cron:cron Runat 2017-05-30 10:00:30 Use 0.000305 s

[ 2017-05-30T10:00:34+08:00 ] ::1 /eshop/index.php/Admin/ShopManage/addAutho.html
ERR: Cron:cron Runat 2017-05-30 10:00:34 Use 0.000266 s

[ 2017-05-30T10:00:49+08:00 ] ::1 /eshop/index.php/Admin/ShopManage/autho.html
ERR: Cron:cron Runat 2017-05-30 10:00:49 Use 0.000398 s

[ 2017-05-30T10:01:25+08:00 ] ::1 /eshop/index.php/Admin/ShopManage/addAutho.html
ERR: Cron:cron Runat 2017-05-30 10:01:25 Use 0.000368 s

[ 2017-05-30T10:01:38+08:00 ] ::1 /eshop/index.php/Admin/ShopManage/autho.html
ERR: Cron:cron Runat 2017-05-30 10:01:38 Use 0.000456 s

[ 2017-05-30T10:01:39+08:00 ] ::1 /eshop/index.php/Admin/ShopManage/addAutho.html
ERR: Cron:cron Runat 2017-05-30 10:01:39 Use 0.000408 s

[ 2017-05-30T10:02:45+08:00 ] ::1 /eshop/index.php/Admin/ShopManage/autho.html
ERR: Cron:cron Runat 2017-05-30 10:02:45 Use 0.000352 s

[ 2017-05-30T10:02:47+08:00 ] ::1 /eshop/index.php/Admin/ShopManage/addAutho.html
ERR: Cron:cron Runat 2017-05-30 10:02:47 Use 0.000324 s

[ 2017-05-30T10:02:56+08:00 ] ::1 /eshop/index.php/Admin/ShopManage/addAutho.html
ERR: Cron:cron Runat 2017-05-30 10:02:56 Use 0.001367 s

[ 2017-05-30T10:03:20+08:00 ] ::1 /eshop/index.php/Admin/ShopManage/addAuthoDo
ERR: Cron:cron Runat 2017-05-30 10:03:20 Use 0.000353 s

[ 2017-05-30T10:03:20+08:00 ] ::1 /eshop/index.php/Admin/ShopManage/addAuthoDo
INFO: [ app_begin ] --START--
INFO: Run Behavior\ReadHtmlCacheBehavior [ RunTime:0.000887s ]
INFO: Run Behavior\CronRunBehavior [ RunTime:0.004274s ]
INFO: [ app_begin ] --END-- [ RunTime:0.005780s ]
INFO: [ app_end ] --START--
INFO: Run Behavior\ShowPageTraceBehavior [ RunTime:0.000919s ]
INFO: [ app_end ] --END-- [ RunTime:0.001014s ]

[ 2017-05-30T10:04:17+08:00 ] ::1 /eshop/index.php/Admin/ShopManage/autho.html
ERR: Cron:cron Runat 2017-05-30 10:04:17 Use 0.000282 s

[ 2017-05-30T10:04:20+08:00 ] ::1 /eshop/index.php/Admin/ShopManage/addAutho.html
ERR: Cron:cron Runat 2017-05-30 10:04:20 Use 0.000399 s

[ 2017-05-30T10:04:38+08:00 ] ::1 /eshop/index.php/Admin/ShopManage/addAuthoDo
ERR: Cron:cron Runat 2017-05-30 10:04:38 Use 0.000354 s

[ 2017-05-30T10:04:38+08:00 ] ::1 /eshop/index.php/Admin/ShopManage/addAuthoDo
INFO: [ app_begin ] --START--
INFO: Run Behavior\ReadHtmlCacheBehavior [ RunTime:0.000761s ]
INFO: Run Behavior\CronRunBehavior [ RunTime:0.004715s ]
INFO: [ app_begin ] --END-- [ RunTime:0.006102s ]
INFO: [ app_end ] --START--
INFO: Run Behavior\ShowPageTraceBehavior [ RunTime:0.000861s ]
INFO: [ app_end ] --END-- [ RunTime:0.000959s ]

[ 2017-05-30T10:06:18+08:00 ] ::1 /eshop/index.php/Admin/ShopManage/autho.html
ERR: Cron:cron Runat 2017-05-30 10:06:18 Use 0.000273 s

[ 2017-05-30T10:06:20+08:00 ] ::1 /eshop/index.php/Admin/ShopManage/addAutho.html
ERR: Cron:cron Runat 2017-05-30 10:06:20 Use 0.000312 s

[ 2017-05-30T10:06:35+08:00 ] ::1 /eshop/index.php/Admin/ShopManage/addAuthoDo
ERR: Cron:cron Runat 2017-05-30 10:06:35 Use 0.000411 s

[ 2017-05-30T10:06:35+08:00 ] ::1 /eshop/index.php/Admin/ShopManage/addAuthoDo
INFO: [ app_begin ] --START--
INFO: Run Behavior\ReadHtmlCacheBehavior [ RunTime:0.000727s ]
INFO: Run Behavior\CronRunBehavior [ RunTime:0.005156s ]
INFO: [ app_begin ] --END-- [ RunTime:0.006498s ]
INFO: [ app_end ] --START--
INFO: Run Behavior\ShowPageTraceBehavior [ RunTime:0.000927s ]
INFO: [ app_end ] --END-- [ RunTime:0.001041s ]

[ 2017-05-30T10:07:14+08:00 ] ::1 /eshop/index.php/Admin/ShopManage/autho.html
ERR: Cron:cron Runat 2017-05-30 10:07:14 Use 0.000284 s

[ 2017-05-30T10:07:17+08:00 ] ::1 /eshop/index.php/Admin/ShopManage/addAutho.html
ERR: Cron:cron Runat 2017-05-30 10:07:17 Use 0.000278 s

[ 2017-05-30T10:07:27+08:00 ] ::1 /eshop/index.php/Admin/ShopManage/addAutho.html?authoname=111&photo=u%3D1653827517%2C3235502768%26fm%3D23%26gp%3D0.jpg
ERR: Cron:cron Runat 2017-05-30 10:07:27 Use 0.000381 s

[ 2017-05-30T10:07:48+08:00 ] ::1 /eshop/index.php/Admin/ShopManage/addAutho.html?authoname=11&photo=u%3D1653827517%2C3235502768%26fm%3D23%26gp%3D0.jpg
ERR: Cron:cron Runat 2017-05-30 10:07:48 Use 0.000370 s

[ 2017-05-30T10:08:02+08:00 ] ::1 /eshop/index.php/Admin/ShopManage/autho.html
ERR: Cron:cron Runat 2017-05-30 10:08:02 Use 0.000477 s

[ 2017-05-30T10:08:05+08:00 ] ::1 /eshop/index.php/Admin/ShopManage/addAutho.html
ERR: Cron:cron Runat 2017-05-30 10:08:05 Use 0.000269 s

[ 2017-05-30T10:08:13+08:00 ] ::1 /eshop/index.php/Admin/ShopManage/addAutho.html?authoname=11&photo=u%3D1653827517%2C3235502768%26fm%3D23%26gp%3D0.jpg
ERR: Cron:cron Runat 2017-05-30 10:08:13 Use 0.000363 s

[ 2017-05-30T10:08:31+08:00 ] ::1 /eshop/index.php/Admin/ShopManage/autho.html
ERR: Cron:cron Runat 2017-05-30 10:08:31 Use 0.000374 s

[ 2017-05-30T10:08:47+08:00 ] ::1 /eshop/index.php/Admin/ShopManage/addAutho.html?authoname=11&photo=u%3D1653827517%2C3235502768%26fm%3D23%26gp%3D0.jpg
ERR: Cron:cron Runat 2017-05-30 10:08:47 Use 0.000356 s

[ 2017-05-30T10:09:33+08:00 ] ::1 /eshop/index.php/Admin/ShopManage/autho.html
ERR: Cron:cron Runat 2017-05-30 10:09:33 Use 0.000304 s

[ 2017-05-30T10:09:41+08:00 ] ::1 /eshop/index.php/Admin/ShopManage/autho.html
ERR: Cron:cron Runat 2017-05-30 10:09:41 Use 0.000414 s

[ 2017-05-30T10:09:43+08:00 ] ::1 /eshop/index.php/Admin/ShopManage/addAutho.html
ERR: Cron:cron Runat 2017-05-30 10:09:43 Use 0.000719 s

[ 2017-05-30T10:09:52+08:00 ] ::1 /eshop/index.php/Admin/ShopManage/addAuthoDo
ERR: Cron:cron Runat 2017-05-30 10:09:52 Use 0.000292 s

[ 2017-05-30T10:09:52+08:00 ] ::1 /eshop/index.php/Admin/ShopManage/addAuthoDo
INFO: [ app_begin ] --START--
INFO: Run Behavior\ReadHtmlCacheBehavior [ RunTime:0.000770s ]
INFO: Run Behavior\CronRunBehavior [ RunTime:0.005192s ]
INFO: [ app_begin ] --END-- [ RunTime:0.006561s ]

[ 2017-05-30T10:11:42+08:00 ] ::1 /eshop/index.php/Admin/ShopManage/autho.html
ERR: Cron:cron Runat 2017-05-30 10:11:42 Use 0.000275 s

[ 2017-05-30T10:11:46+08:00 ] ::1 /eshop/index.php/Admin/ShopManage/addAutho.html
ERR: Cron:cron Runat 2017-05-30 10:11:46 Use 0.000333 s

[ 2017-05-30T10:11:52+08:00 ] ::1 /eshop/index.php/Admin/ShopManage/addAuthoDo
ERR: Cron:cron Runat 2017-05-30 10:11:52 Use 0.000371 s

[ 2017-05-30T10:11:52+08:00 ] ::1 /eshop/index.php/Admin/ShopManage/addAuthoDo
INFO: [ app_begin ] --START--
INFO: Run Behavior\ReadHtmlCacheBehavior [ RunTime:0.000750s ]
INFO: Run Behavior\CronRunBehavior [ RunTime:0.005371s ]
INFO: [ app_begin ] --END-- [ RunTime:0.006738s ]

[ 2017-05-30T10:12:37+08:00 ] ::1 /eshop/index.php/Admin/ShopManage/addAuthoDo
ERR: Cron:cron Runat 2017-05-30 10:12:37 Use 0.000262 s

[ 2017-05-30T10:12:37+08:00 ] ::1 /eshop/index.php/Admin/ShopManage/addAuthoDo
INFO: [ app_begin ] --START--
INFO: Run Behavior\ReadHtmlCacheBehavior [ RunTime:0.000765s ]
INFO: Run Behavior\CronRunBehavior [ RunTime:0.004493s ]
INFO: [ app_begin ] --END-- [ RunTime:0.005934s ]

[ 2017-05-30T10:14:30+08:00 ] ::1 /eshop/index.php/Admin/ShopManage/addAuthoDo
ERR: Cron:cron Runat 2017-05-30 10:14:30 Use 0.000373 s

[ 2017-05-30T10:14:30+08:00 ] ::1 /eshop/index.php/Admin/ShopManage/addAuthoDo
INFO: [ app_begin ] --START--
INFO: Run Behavior\ReadHtmlCacheBehavior [ RunTime:0.000757s ]
INFO: Run Behavior\CronRunBehavior [ RunTime:0.004550s ]
INFO: [ app_begin ] --END-- [ RunTime:0.005960s ]

[ 2017-05-30T10:18:03+08:00 ] ::1 /eshop/index.php/Admin/ShopManage/autho.html
ERR: Cron:cron Runat 2017-05-30 10:18:03 Use 0.000355 s

[ 2017-05-30T10:18:05+08:00 ] ::1 /eshop/index.php/Admin/ShopManage/addAutho.html
ERR: Cron:cron Runat 2017-05-30 10:18:05 Use 0.000268 s

[ 2017-05-30T10:18:49+08:00 ] ::1 /eshop/index.php/Admin/ShopManage/autho.html
ERR: Cron:cron Runat 2017-05-30 10:18:49 Use 0.000282 s

[ 2017-05-30T10:18:52+08:00 ] ::1 /eshop/index.php/Admin/ShopManage/addAutho.html
ERR: Cron:cron Runat 2017-05-30 10:18:52 Use 0.000466 s

[ 2017-05-30T10:19:04+08:00 ] ::1 /eshop/index.php/Admin/ShopManage/addAuthoDo
ERR: Cron:cron Runat 2017-05-30 10:19:04 Use 0.000297 s

[ 2017-05-30T10:19:04+08:00 ] ::1 /eshop/index.php/Admin/ShopManage/addAuthoDo
INFO: [ app_begin ] --START--
INFO: Run Behavior\ReadHtmlCacheBehavior [ RunTime:0.000751s ]
INFO: Run Behavior\CronRunBehavior [ RunTime:0.005493s ]
INFO: [ app_begin ] --END-- [ RunTime:0.006913s ]

[ 2017-05-30T10:22:31+08:00 ] ::1 /eshop/index.php/Admin/ShopManage/autho.html
ERR: Cron:cron Runat 2017-05-30 10:22:31 Use 0.000359 s

[ 2017-05-30T10:22:34+08:00 ] ::1 /eshop/index.php/Admin/ShopManage/addAutho.html
ERR: Cron:cron Runat 2017-05-30 10:22:34 Use 0.000274 s

[ 2017-05-30T10:23:29+08:00 ] ::1 /eshop/index.php/Admin/ShopManage/autho.html
ERR: Cron:cron Runat 2017-05-30 10:23:29 Use 0.000296 s

[ 2017-05-30T10:23:58+08:00 ] ::1 /eshop/index.php/Admin/ShopManage/autho.html
ERR: Cron:cron Runat 2017-05-30 10:23:58 Use 0.000258 s

[ 2017-05-30T10:24:01+08:00 ] ::1 /eshop/index.php/Admin/ShopManage/addAutho.html
ERR: Cron:cron Runat 2017-05-30 10:24:01 Use 0.000995 s

[ 2017-05-30T10:24:10+08:00 ] ::1 /eshop/index.php/Admin/ShopManage/addAuthoDo
ERR: Cron:cron Runat 2017-05-30 10:24:10 Use 0.000381 s

[ 2017-05-30T10:24:10+08:00 ] ::1 /eshop/index.php/Admin/ShopManage/addAuthoDo
INFO: [ app_begin ] --START--
INFO: Run Behavior\ReadHtmlCacheBehavior [ RunTime:0.000751s ]
INFO: Run Behavior\CronRunBehavior [ RunTime:0.004472s ]
INFO: [ app_begin ] --END-- [ RunTime:0.006014s ]
INFO: [ app_end ] --START--
INFO: Run Behavior\ShowPageTraceBehavior [ RunTime:0.000864s ]
INFO: [ app_end ] --END-- [ RunTime:0.000970s ]

[ 2017-05-30T10:24:41+08:00 ] ::1 /eshop/index.php/Admin/ShopManage/autho.html
ERR: Cron:cron Runat 2017-05-30 10:24:41 Use 0.000329 s

[ 2017-05-30T10:24:45+08:00 ] ::1 /eshop/index.php/Admin/ShopManage/addAutho.html
ERR: Cron:cron Runat 2017-05-30 10:24:45 Use 0.000302 s

[ 2017-05-30T10:25:11+08:00 ] ::1 /eshop/index.php/Admin/ShopManage/addAutho.html
ERR: Cron:cron Runat 2017-05-30 10:25:11 Use 0.001632 s

[ 2017-05-30T10:29:17+08:00 ] ::1 /eshop/index.php/Admin/ShopManage/autho.html
ERR: Cron:cron Runat 2017-05-30 10:29:17 Use 0.001000 s

[ 2017-05-30T10:29:21+08:00 ] ::1 /eshop/index.php/Admin/ShopManage/addAutho.html
ERR: Cron:cron Runat 2017-05-30 10:29:21 Use 0.000517 s

[ 2017-05-30T10:32:03+08:00 ] ::1 /eshop/index.php/Admin/ShopManage/autho.html
ERR: Cron:cron Runat 2017-05-30 10:32:03 Use 0.000270 s

[ 2017-05-30T10:32:07+08:00 ] ::1 /eshop/index.php/Admin/ShopManage/addAutho.html
ERR: Cron:cron Runat 2017-05-30 10:32:07 Use 0.000272 s

[ 2017-05-30T10:33:20+08:00 ] ::1 /eshop/index.php/Admin/ShopManage/autho.html
ERR: Cron:cron Runat 2017-05-30 10:33:20 Use 0.000393 s

[ 2017-05-30T10:33:24+08:00 ] ::1 /eshop/index.php/Admin/ShopManage/addAutho.html
ERR: Cron:cron Runat 2017-05-30 10:33:24 Use 0.000326 s

[ 2017-05-30T10:33:38+08:00 ] ::1 /eshop/index.php/Admin/ShopManage/autho.html
ERR: Cron:cron Runat 2017-05-30 10:33:38 Use 0.000390 s

[ 2017-05-30T10:34:22+08:00 ] ::1 /eshop/index.php/Admin/ShopManage/addAutho.html
ERR: Cron:cron Runat 2017-05-30 10:34:22 Use 0.000310 s

[ 2017-05-30T10:37:24+08:00 ] ::1 /eshop/index.php/Admin/ShopManage/autho.html
ERR: Cron:cron Runat 2017-05-30 10:37:24 Use 0.000361 s

[ 2017-05-30T10:40:15+08:00 ] ::1 /eshop/index.php/Admin/ShopManage/autho.html
ERR: Cron:cron Runat 2017-05-30 10:40:15 Use 0.000349 s

[ 2017-05-30T10:41:28+08:00 ] ::1 /eshop/index.php/Admin/ShopManage/autho.html
ERR: Cron:cron Runat 2017-05-30 10:41:28 Use 0.000417 s

[ 2017-05-30T10:41:41+08:00 ] ::1 /eshop/index.php/Admin/ShopManage/autho.html
ERR: Cron:cron Runat 2017-05-30 10:41:41 Use 0.000265 s

[ 2017-05-30T10:41:46+08:00 ] ::1 /eshop/index.php/Admin/ShopManage/autho.html
ERR: Cron:cron Runat 2017-05-30 10:41:46 Use 0.000343 s

[ 2017-05-30T10:42:03+08:00 ] ::1 /eshop/index.php/Admin/ShopManage/autho.html
ERR: Cron:cron Runat 2017-05-30 10:42:03 Use 0.000446 s

[ 2017-05-30T10:47:31+08:00 ] ::1 /eshop/index.php/Admin/ShopManage/autho.html
ERR: Cron:cron Runat 2017-05-30 10:47:31 Use 0.000364 s

[ 2017-05-30T10:47:38+08:00 ] ::1 /eshop/index.php/Admin/ShopManage/autho.html
ERR: Cron:cron Runat 2017-05-30 10:47:38 Use 0.000312 s

[ 2017-05-30T10:48:37+08:00 ] ::1 /eshop/index.php/Admin/ShopManage/autho.html
ERR: Cron:cron Runat 2017-05-30 10:48:37 Use 0.000350 s

[ 2017-05-30T10:48:51+08:00 ] ::1 /eshop/index.php/Admin/ShopManage/autho.html
ERR: Cron:cron Runat 2017-05-30 10:48:51 Use 0.000337 s

[ 2017-05-30T10:51:08+08:00 ] ::1 /eshop/index.php/Admin/ShopManage/autho.html
ERR: Cron:cron Runat 2017-05-30 10:51:08 Use 0.000324 s

[ 2017-05-30T10:51:53+08:00 ] ::1 /eshop/index.php/Admin/ShopManage/autho.html
ERR: Cron:cron Runat 2017-05-30 10:51:53 Use 0.000312 s

[ 2017-05-30T10:52:11+08:00 ] ::1 /eshop/index.php/Admin/ShopManage/autho.html
ERR: Cron:cron Runat 2017-05-30 10:52:11 Use 0.000343 s

[ 2017-05-30T10:52:59+08:00 ] ::1 /eshop/index.php/Admin/ShopManage/autho.html
ERR: Cron:cron Runat 2017-05-30 10:52:59 Use 0.000417 s

[ 2017-05-30T10:53:37+08:00 ] ::1 /eshop/index.php/Admin/ShopManage/autho.html
ERR: Cron:cron Runat 2017-05-30 10:53:37 Use 0.000339 s

[ 2017-05-30T10:53:39+08:00 ] ::1 /eshop/index.php/Admin/Index/index.html
ERR: Cron:cron Runat 2017-05-30 10:53:39 Use 0.000335 s

[ 2017-05-30T10:53:46+08:00 ] ::1 /eshop/index.php/Admin/Index/index.html
ERR: Cron:cron Runat 2017-05-30 10:53:46 Use 0.000361 s

[ 2017-05-30T10:53:48+08:00 ] ::1 /eshop/index.php/Admin/Index/index.html
ERR: Cron:cron Runat 2017-05-30 10:53:48 Use 0.000379 s

[ 2017-05-30T10:53:51+08:00 ] ::1 /eshop/index.php/Admin/Index/index.html
ERR: Cron:cron Runat 2017-05-30 10:53:51 Use 0.000733 s

[ 2017-05-30T10:54:03+08:00 ] ::1 /eshop/index.php/Admin/Index/index.html
ERR: Cron:cron Runat 2017-05-30 10:54:03 Use 0.000361 s

[ 2017-05-30T10:54:06+08:00 ] ::1 /eshop/index.php/Admin/ShopManage/autho.html
ERR: Cron:cron Runat 2017-05-30 10:54:06 Use 0.000370 s

[ 2017-05-30T10:54:08+08:00 ] ::1 /eshop/index.php/Admin/Index/index.html
ERR: Cron:cron Runat 2017-05-30 10:54:08 Use 0.000333 s

[ 2017-05-30T10:54:19+08:00 ] ::1 /eshop/index.php/Admin/ShopManage/autho.html
ERR: Cron:cron Runat 2017-05-30 10:54:19 Use 0.000286 s

[ 2017-05-30T10:54:21+08:00 ] ::1 /eshop/index.php/Admin/ShopManage/addAutho.html
ERR: Cron:cron Runat 2017-05-30 10:54:21 Use 0.000301 s

[ 2017-05-30T10:56:50+08:00 ] ::1 /eshop/index.php/Admin/ShopManage/autho.html
ERR: Cron:cron Runat 2017-05-30 10:56:50 Use 0.000369 s

[ 2017-05-30T10:58:05+08:00 ] ::1 /eshop/index.php/Admin/ShopManage/autho.html
ERR: Cron:cron Runat 2017-05-30 10:58:05 Use 0.000339 s

[ 2017-05-30T10:58:08+08:00 ] ::1 /eshop/index.php/Admin/ShopManage/apply.html
ERR: Cron:cron Runat 2017-05-30 10:58:08 Use 0.000339 s

[ 2017-05-30T10:58:40+08:00 ] ::1 /eshop/index.php/Admin/ShopManage/apply.html
ERR: Cron:cron Runat 2017-05-30 10:58:40 Use 0.000257 s

[ 2017-05-30T10:58:51+08:00 ] ::1 /eshop/index.php/Admin/ShopManage/apply.html
ERR: Cron:cron Runat 2017-05-30 10:58:51 Use 0.000485 s

[ 2017-05-30T10:59:54+08:00 ] ::1 /eshop/index.php/Admin/ShopManage/apply.html
ERR: Cron:cron Runat 2017-05-30 10:59:54 Use 0.000380 s

[ 2017-05-30T11:00:05+08:00 ] ::1 /eshop/index.php/Admin/ShopManage/apply.html
ERR: Cron:cron Runat 2017-05-30 11:00:05 Use 0.000343 s

[ 2017-05-30T11:02:13+08:00 ] ::1 /eshop/index.php/Admin/ShopManage/apply.html
ERR: Cron:cron Runat 2017-05-30 11:02:13 Use 0.000413 s

[ 2017-05-30T11:02:38+08:00 ] ::1 /eshop/index.php/Admin/ShopManage/apply.html
ERR: Cron:cron Runat 2017-05-30 11:02:38 Use 0.000308 s

[ 2017-05-30T11:05:00+08:00 ] ::1 /eshop/index.php/Admin/ShopManage/apply.html
ERR: Cron:cron Runat 2017-05-30 11:05:00 Use 0.000358 s

[ 2017-05-30T11:05:20+08:00 ] ::1 /eshop/index.php/Admin/ShopManage/apply.html
ERR: Cron:cron Runat 2017-05-30 11:05:20 Use 0.000356 s

[ 2017-05-30T11:05:25+08:00 ] ::1 /eshop/index.php/Admin/ShopManage/apply.html
ERR: Cron:cron Runat 2017-05-30 11:05:25 Use 0.000411 s

[ 2017-05-30T11:06:14+08:00 ] ::1 /eshop/index.php/Admin/ShopManage/apply.html
ERR: Cron:cron Runat 2017-05-30 11:06:14 Use 0.000393 s

[ 2017-05-30T11:06:31+08:00 ] ::1 /eshop/index.php/Admin/ShopManage/apply.html
ERR: Cron:cron Runat 2017-05-30 11:06:31 Use 0.000625 s

[ 2017-05-30T11:07:14+08:00 ] ::1 /eshop/index.php/Admin/ShopManage/apply.html
ERR: Cron:cron Runat 2017-05-30 11:07:14 Use 0.000403 s

[ 2017-05-30T11:07:16+08:00 ] ::1 /eshop/index.php/Admin/Index/index.html
ERR: Cron:cron Runat 2017-05-30 11:07:16 Use 0.000520 s

[ 2017-05-30T11:07:18+08:00 ] ::1 /eshop/index.php/Admin/ShopManage/autho.html
ERR: Cron:cron Runat 2017-05-30 11:07:18 Use 0.001230 s

[ 2017-05-30T11:07:24+08:00 ] ::1 /eshop/index.php/Admin/ShopManage/autho.html
ERR: Cron:cron Runat 2017-05-30 11:07:24 Use 0.000377 s

[ 2017-05-30T11:07:27+08:00 ] ::1 /eshop/index.php/Admin/ShopManage/apply.html
ERR: Cron:cron Runat 2017-05-30 11:07:27 Use 0.000349 s

[ 2017-05-30T11:08:00+08:00 ] ::1 /eshop/index.php/Admin/ShopManage/apply.html
ERR: Cron:cron Runat 2017-05-30 11:08:00 Use 0.000340 s

[ 2017-05-30T11:09:15+08:00 ] ::1 /eshop/index.php/Admin/ShopManage/apply.html
ERR: Cron:cron Runat 2017-05-30 11:09:15 Use 0.000946 s

[ 2017-05-30T11:09:28+08:00 ] ::1 /eshop/index.php/Admin/ShopManage/apply.html
ERR: Cron:cron Runat 2017-05-30 11:09:28 Use 0.000389 s

[ 2017-05-30T11:09:38+08:00 ] ::1 /eshop/index.php/Admin/ShopManage/apply.html
ERR: Cron:cron Runat 2017-05-30 11:09:38 Use 0.000328 s

[ 2017-05-30T11:10:34+08:00 ] ::1 /eshop/index.php/Admin/ShopManage/apply.html
ERR: Cron:cron Runat 2017-05-30 11:10:34 Use 0.000374 s

[ 2017-05-30T11:10:39+08:00 ] ::1 /eshop/index.php/Admin/ShopManage/apply.html
ERR: Cron:cron Runat 2017-05-30 11:10:39 Use 0.000663 s

[ 2017-05-30T11:10:49+08:00 ] ::1 /eshop/index.php/Admin/ShopManage/autho.html
ERR: Cron:cron Runat 2017-05-30 11:10:49 Use 0.000447 s

[ 2017-05-30T11:10:52+08:00 ] ::1 /eshop/index.php/Admin/ShopManage/addAutho.html
ERR: Cron:cron Runat 2017-05-30 11:10:52 Use 0.000294 s

[ 2017-05-30T11:11:03+08:00 ] ::1 /eshop/index.php/Admin/ShopManage/addAutho.html
ERR: Cron:cron Runat 2017-05-30 11:11:03 Use 0.000304 s

[ 2017-05-30T11:11:15+08:00 ] ::1 /eshop/index.php/Admin/ShopManage/apply.html
ERR: Cron:cron Runat 2017-05-30 11:11:15 Use 0.000365 s

[ 2017-05-30T11:13:11+08:00 ] ::1 /eshop/index.php/Admin/ShopManage/apply.html
ERR: Cron:cron Runat 2017-05-30 11:13:11 Use 0.000361 s

[ 2017-05-30T11:14:58+08:00 ] ::1 /eshop/index.php/Admin/ShopManage/apply.html
ERR: Cron:cron Runat 2017-05-30 11:14:58 Use 0.000336 s

[ 2017-05-30T11:16:25+08:00 ] ::1 /eshop/index.php/Admin/ShopManage/apply.html
ERR: Cron:cron Runat 2017-05-30 11:16:25 Use 0.000353 s

[ 2017-05-30T11:16:33+08:00 ] ::1 /eshop/index.php/Admin/ShopManage/apply.html
ERR: Cron:cron Runat 2017-05-30 11:16:33 Use 0.000334 s

[ 2017-05-30T11:16:43+08:00 ] ::1 /eshop/index.php/Admin/ShopManage/apply.html
ERR: Cron:cron Runat 2017-05-30 11:16:43 Use 0.000450 s

[ 2017-05-30T11:18:02+08:00 ] ::1 /eshop/index.php/Admin/ShopManage/apply.html
ERR: Cron:cron Runat 2017-05-30 11:18:02 Use 0.000330 s

[ 2017-05-30T11:21:31+08:00 ] ::1 /eshop/index.php/Admin/ShopManage/apply.html
ERR: Cron:cron Runat 2017-05-30 11:21:31 Use 0.000347 s

[ 2017-05-30T11:23:20+08:00 ] ::1 /eshop/index.php/Admin/ShopManage/apply.html
ERR: Cron:cron Runat 2017-05-30 11:23:20 Use 0.000421 s

[ 2017-05-30T11:25:24+08:00 ] ::1 /eshop/index.php/Admin/ShopManage/apply.html
ERR: Cron:cron Runat 2017-05-30 11:25:24 Use 0.000340 s

[ 2017-05-30T11:25:47+08:00 ] ::1 /eshop/index.php/Admin/ShopManage/apply.html
ERR: Cron:cron Runat 2017-05-30 11:25:47 Use 0.000387 s

[ 2017-05-30T11:26:37+08:00 ] ::1 /eshop/index.php/Admin/ShopManage/apply.html
ERR: Cron:cron Runat 2017-05-30 11:26:37 Use 0.000348 s

[ 2017-05-30T11:28:06+08:00 ] ::1 /eshop/index.php/Admin/ShopManage/apply.html
ERR: Cron:cron Runat 2017-05-30 11:28:06 Use 0.000311 s

[ 2017-05-30T11:28:48+08:00 ] ::1 /eshop/index.php/Admin/ShopManage/apply.html
ERR: Cron:cron Runat 2017-05-30 11:28:48 Use 0.000338 s

[ 2017-05-30T11:29:00+08:00 ] ::1 /eshop/index.php/Admin/ShopManage/apply.html
ERR: Cron:cron Runat 2017-05-30 11:29:00 Use 0.000377 s

[ 2017-05-30T11:29:32+08:00 ] ::1 /eshop/index.php/Admin/ShopManage/apply.html
ERR: Cron:cron Runat 2017-05-30 11:29:32 Use 0.000421 s

[ 2017-05-30T11:29:38+08:00 ] ::1 /eshop/index.php/Admin/ShopManage/apply.html
ERR: Cron:cron Runat 2017-05-30 11:29:38 Use 0.000316 s

[ 2017-05-30T11:29:50+08:00 ] ::1 /eshop/index.php/Admin/ShopManage/apply.html
ERR: Cron:cron Runat 2017-05-30 11:29:50 Use 0.000336 s

[ 2017-05-30T11:30:11+08:00 ] ::1 /eshop/index.php/Admin/ShopManage/apply.html
ERR: Cron:cron Runat 2017-05-30 11:30:11 Use 0.000262 s

[ 2017-05-30T11:30:16+08:00 ] ::1 /eshop/index.php/Admin/ShopManage/apply.html
ERR: Cron:cron Runat 2017-05-30 11:30:16 Use 0.000323 s

[ 2017-05-30T11:30:35+08:00 ] ::1 /eshop/index.php/Admin/ShopManage/apply.html
ERR: Cron:cron Runat 2017-05-30 11:30:35 Use 0.000268 s

[ 2017-05-30T11:31:41+08:00 ] ::1 /eshop/index.php/Admin/ShopManage/apply.html
ERR: Cron:cron Runat 2017-05-30 11:31:41 Use 0.000293 s

[ 2017-05-30T11:31:47+08:00 ] ::1 /eshop/index.php/Admin/ShopManage/apply.html
ERR: Cron:cron Runat 2017-05-30 11:31:47 Use 0.000363 s

[ 2017-05-30T11:31:53+08:00 ] ::1 /eshop/index.php/Admin/ShopManage/apply.html
ERR: Cron:cron Runat 2017-05-30 11:31:53 Use 0.000263 s

[ 2017-05-30T11:32:24+08:00 ] ::1 /eshop/index.php/Admin/ShopManage/apply.html
ERR: Cron:cron Runat 2017-05-30 11:32:24 Use 0.000363 s

[ 2017-05-30T11:32:58+08:00 ] ::1 /eshop/index.php/Admin/ShopManage/apply.html
ERR: Cron:cron Runat 2017-05-30 11:32:58 Use 0.000264 s

[ 2017-05-30T11:33:24+08:00 ] ::1 /eshop/index.php/Admin/ShopManage/apply.html
ERR: Cron:cron Runat 2017-05-30 11:33:24 Use 0.000321 s

[ 2017-05-30T11:33:33+08:00 ] ::1 /eshop/index.php/Admin/ShopManage/apply.html
ERR: Cron:cron Runat 2017-05-30 11:33:33 Use 0.000262 s

[ 2017-05-30T11:33:45+08:00 ] ::1 /eshop/index.php/Admin/ShopManage/apply.html
ERR: Cron:cron Runat 2017-05-30 11:33:45 Use 0.000328 s

[ 2017-05-30T11:34:08+08:00 ] ::1 /eshop/index.php/Admin/ShopManage/apply.html
ERR: Cron:cron Runat 2017-05-30 11:34:08 Use 0.000300 s

[ 2017-05-30T11:34:13+08:00 ] ::1 /eshop/index.php/Admin/ShopManage/apply.html
ERR: Cron:cron Runat 2017-05-30 11:34:13 Use 0.000347 s

[ 2017-05-30T11:34:25+08:00 ] ::1 /eshop/index.php/Admin/ShopManage/apply.html
ERR: Cron:cron Runat 2017-05-30 11:34:25 Use 0.000330 s

[ 2017-05-30T11:34:42+08:00 ] ::1 /eshop/index.php/Admin/ShopManage/apply.html
ERR: Cron:cron Runat 2017-05-30 11:34:42 Use 0.000270 s

[ 2017-05-30T11:34:49+08:00 ] ::1 /eshop/index.php/Admin/ShopManage/apply.html
ERR: Cron:cron Runat 2017-05-30 11:34:49 Use 0.000265 s

[ 2017-05-30T11:35:11+08:00 ] ::1 /eshop/index.php/Admin/ShopManage/apply.html
ERR: Cron:cron Runat 2017-05-30 11:35:11 Use 0.000266 s

[ 2017-05-30T11:35:16+08:00 ] ::1 /eshop/index.php/Admin/ShopManage/apply.html
ERR: Cron:cron Runat 2017-05-30 11:35:16 Use 0.000381 s

[ 2017-05-30T11:36:04+08:00 ] ::1 /eshop/index.php/Admin/ShopManage/apply.html
ERR: Cron:cron Runat 2017-05-30 11:36:04 Use 0.000290 s

[ 2017-05-30T11:36:19+08:00 ] ::1 /eshop/index.php/Admin/ShopManage/apply.html
ERR: Cron:cron Runat 2017-05-30 11:36:19 Use 0.000328 s

[ 2017-05-30T11:36:37+08:00 ] ::1 /eshop/index.php/Admin/ShopManage/apply.html
ERR: Cron:cron Runat 2017-05-30 11:36:37 Use 0.000260 s

[ 2017-05-30T11:36:57+08:00 ] ::1 /eshop/index.php/Admin/ShopManage/apply.html
ERR: Cron:cron Runat 2017-05-30 11:36:57 Use 0.000291 s

[ 2017-05-30T11:37:04+08:00 ] ::1 /eshop/index.php/Admin/ShopManage/apply.html
ERR: Cron:cron Runat 2017-05-30 11:37:04 Use 0.000303 s

[ 2017-05-30T11:37:50+08:00 ] ::1 /eshop/index.php/Admin/ShopManage/apply.html
ERR: Cron:cron Runat 2017-05-30 11:37:50 Use 0.000324 s

[ 2017-05-30T11:38:05+08:00 ] ::1 /eshop/index.php/Admin/ShopManage/apply.html
ERR: Cron:cron Runat 2017-05-30 11:38:05 Use 0.000290 s

[ 2017-05-30T11:38:39+08:00 ] ::1 /eshop/index.php/Admin/ShopManage/apply.html
ERR: Cron:cron Runat 2017-05-30 11:38:39 Use 0.000394 s

[ 2017-05-30T11:39:19+08:00 ] ::1 /eshop/index.php/Admin/ShopManage/autho.html
ERR: Cron:cron Runat 2017-05-30 11:39:19 Use 0.000270 s

[ 2017-05-30T11:39:46+08:00 ] ::1 /eshop/index.php/Admin/Index/index.html
ERR: Cron:cron Runat 2017-05-30 11:39:46 Use 0.000382 s

[ 2017-05-30T11:39:49+08:00 ] ::1 /eshop/index.php/Admin/ShopManage/apply.html
ERR: Cron:cron Runat 2017-05-30 11:39:49 Use 0.000364 s

[ 2017-05-30T11:41:21+08:00 ] ::1 /eshop/index.php/Admin/ShopManage/apply.html
ERR: Cron:cron Runat 2017-05-30 11:41:21 Use 0.000486 s

[ 2017-05-30T11:46:44+08:00 ] ::1 /eshop/index.php/Admin/ShopManage/apply.html
ERR: Cron:cron Runat 2017-05-30 11:46:44 Use 0.000362 s

[ 2017-05-30T11:48:01+08:00 ] ::1 /eshop/index.php/Admin/ShopManage/apply.html
ERR: Cron:cron Runat 2017-05-30 11:48:01 Use 0.000396 s

[ 2017-05-30T11:48:31+08:00 ] ::1 /eshop/index.php/Admin/ShopManage/apply.html
ERR: Cron:cron Runat 2017-05-30 11:48:31 Use 0.000286 s

[ 2017-05-30T11:50:59+08:00 ] ::1 /eshop/index.php/Admin/ShopManage/apply.html
ERR: Cron:cron Runat 2017-05-30 11:50:59 Use 0.000339 s

[ 2017-05-30T11:53:59+08:00 ] ::1 /eshop/index.php/Admin/ShopManage/apply.html
ERR: Cron:cron Runat 2017-05-30 11:53:59 Use 0.000264 s

[ 2017-05-30T11:54:34+08:00 ] ::1 /eshop/index.php/Admin/ShopManage/apply.html
ERR: Cron:cron Runat 2017-05-30 11:54:34 Use 0.000350 s

[ 2017-05-30T11:56:42+08:00 ] ::1 /eshop/index.php/Admin/ShopManage/apply.html
ERR: Cron:cron Runat 2017-05-30 11:56:42 Use 0.000304 s

[ 2017-05-30T11:56:50+08:00 ] ::1 /eshop/index.php/Admin/ShopManage/apply.html
ERR: Cron:cron Runat 2017-05-30 11:56:50 Use 0.000398 s

[ 2017-05-30T11:56:52+08:00 ] ::1 /eshop/index.php/Admin/ShopManage/apply.html
ERR: Cron:cron Runat 2017-05-30 11:56:52 Use 0.000404 s

[ 2017-05-30T11:57:03+08:00 ] ::1 /eshop/index.php/Admin/ShopManage/apply.html
ERR: Cron:cron Runat 2017-05-30 11:57:03 Use 0.000344 s

[ 2017-05-30T11:57:05+08:00 ] ::1 /eshop/index.php/Admin/ShopManage/apply.html
ERR: Cron:cron Runat 2017-05-30 11:57:05 Use 0.000284 s

[ 2017-05-30T11:57:23+08:00 ] ::1 /eshop/index.php/Admin/ShopManage/apply.html
ERR: Cron:cron Runat 2017-05-30 11:57:23 Use 0.000261 s

[ 2017-05-30T11:58:22+08:00 ] ::1 /eshop/index.php/Admin/ShopManage/apply.html
ERR: Cron:cron Runat 2017-05-30 11:58:22 Use 0.000315 s

[ 2017-05-30T11:58:25+08:00 ] ::1 /eshop/index.php/Admin/ShopManage/apply.html
ERR: Cron:cron Runat 2017-05-30 11:58:25 Use 0.001056 s

[ 2017-05-30T11:58:57+08:00 ] ::1 /eshop/index.php/Admin/ShopManage/apply.html
ERR: Cron:cron Runat 2017-05-30 11:58:57 Use 0.000313 s

[ 2017-05-30T11:59:10+08:00 ] ::1 /eshop/index.php/Admin/ShopManage/apply.html
ERR: Cron:cron Runat 2017-05-30 11:59:10 Use 0.000343 s

[ 2017-05-30T12:01:00+08:00 ] ::1 /eshop/index.php/Admin/ShopManage/apply.html
ERR: Cron:cron Runat 2017-05-30 12:01:00 Use 0.000332 s

[ 2017-05-30T12:01:23+08:00 ] ::1 /eshop/index.php/Admin/ShopManage/apply.html
ERR: Cron:cron Runat 2017-05-30 12:01:23 Use 0.000348 s

[ 2017-05-30T12:01:32+08:00 ] ::1 /eshop/index.php/Admin/ShopManage/apply.html
ERR: Cron:cron Runat 2017-05-30 12:01:32 Use 0.000344 s

[ 2017-05-30T12:02:44+08:00 ] ::1 /eshop/index.php/Admin/ShopManage/apply.html
ERR: Cron:cron Runat 2017-05-30 12:02:44 Use 0.000379 s

[ 2017-05-30T12:02:56+08:00 ] ::1 /eshop/index.php/Admin/ShopManage/apply.html
ERR: Cron:cron Runat 2017-05-30 12:02:56 Use 0.000390 s

[ 2017-05-30T12:04:10+08:00 ] ::1 /eshop/index.php/Admin/ShopManage/apply.html
ERR: Cron:cron Runat 2017-05-30 12:04:10 Use 0.000345 s

[ 2017-05-30T12:04:19+08:00 ] ::1 /eshop/index.php/Admin/ShopManage/apply.html
ERR: Cron:cron Runat 2017-05-30 12:04:19 Use 0.000384 s

[ 2017-05-30T12:04:21+08:00 ] ::1 /eshop/index.php/Admin/ShopManage/apply.html
ERR: Cron:cron Runat 2017-05-30 12:04:21 Use 0.000356 s

[ 2017-05-30T12:04:52+08:00 ] ::1 /eshop/index.php/Admin/ShopManage/apply.html
ERR: Cron:cron Runat 2017-05-30 12:04:52 Use 0.000377 s

[ 2017-05-30T12:05:00+08:00 ] ::1 /eshop/index.php/Admin/ShopManage/apply.html
ERR: Cron:cron Runat 2017-05-30 12:05:00 Use 0.000348 s

[ 2017-05-30T14:55:22+08:00 ] ::1 /eshop/index.php/Admin/ShopManage/autho.html
ERR: Cron:cron Runat 2017-05-30 14:55:22 Use 0.000342 s

[ 2017-05-30T14:55:27+08:00 ] ::1 /eshop/index.php/Admin/ShopManage/apply.html
ERR: Cron:cron Runat 2017-05-30 14:55:27 Use 0.000367 s

[ 2017-05-30T14:55:32+08:00 ] ::1 /eshop/index.php/Admin/ShopManage/autho.html
ERR: Cron:cron Runat 2017-05-30 14:55:32 Use 0.000365 s

[ 2017-05-30T14:56:25+08:00 ] ::1 /eshop/index.php/Admin/ShopManage/autho.html
ERR: Cron:cron Runat 2017-05-30 14:56:25 Use 0.000439 s

[ 2017-05-30T14:56:28+08:00 ] ::1 /eshop/index.php/Admin/ShopManage/apply.html
ERR: Cron:cron Runat 2017-05-30 14:56:28 Use 0.000382 s

[ 2017-05-30T14:56:51+08:00 ] ::1 /eshop/index.php/Admin/ShopManage/autho.html
ERR: Cron:cron Runat 2017-05-30 14:56:51 Use 0.000368 s

[ 2017-05-30T14:56:56+08:00 ] ::1 /eshop/index.php/Admin/ShopManage/addAutho.html
ERR: Cron:cron Runat 2017-05-30 14:56:56 Use 0.000642 s

[ 2017-05-30T14:57:45+08:00 ] ::1 /eshop/index.php/Admin/ShopManage/autho.html
ERR: Cron:cron Runat 2017-05-30 14:57:45 Use 0.000672 s

[ 2017-05-30T14:57:48+08:00 ] ::1 /eshop/index.php/Admin/ShopManage/apply.html
ERR: Cron:cron Runat 2017-05-30 14:57:48 Use 0.000876 s

[ 2017-05-30T15:09:53+08:00 ] ::1 /eshop/index.php/Admin/ShopManage/autho.html
ERR: Cron:cron Runat 2017-05-30 15:09:53 Use 0.000371 s

[ 2017-05-30T15:09:56+08:00 ] ::1 /eshop/index.php/Admin/ShopManage/apply.html
ERR: Cron:cron Runat 2017-05-30 15:09:56 Use 0.000385 s

[ 2017-05-30T15:10:18+08:00 ] ::1 /eshop/index.php/Admin/ShopManage/apply.html
ERR: Cron:cron Runat 2017-05-30 15:10:18 Use 0.000337 s

