[ 2017-06-05T08:49:03+08:00 ] ::1 /eshop/index.php/Admin/Index/index.html
ERR: Cron:cron Runat 2017-06-05 08:49:03 Use 0.000929 s

[ 2017-06-05T08:49:04+08:00 ] ::1 /eshop/index.php/Admin/Login/verify.html
ERR: Cron:cron Runat 2017-06-05 08:49:04 Use 0.000498 s

[ 2017-06-05T08:49:17+08:00 ] ::1 /eshop/index.php/Admin/Login/checkVerify
ERR: Cron:cron Runat 2017-06-05 08:49:17 Use 0.000565 s

[ 2017-06-05T08:49:17+08:00 ] ::1 /eshop/index.php/Admin/Login/checkVerify
INFO: [ app_begin ] --START--
INFO: Run Behavior\ReadHtmlCacheBehavior [ RunTime:0.001175s ]
INFO: Run Behavior\CronRunBehavior [ RunTime:0.019816s ]
INFO: [ app_begin ] --END-- [ RunTime:0.021948s ]
INFO: [ app_end ] --START--
INFO: Run Behavior\ShowPageTraceBehavior [ RunTime:0.001347s ]
INFO: [ app_end ] --END-- [ RunTime:0.001504s ]

[ 2017-06-05T08:49:21+08:00 ] ::1 /eshop/index.php/Admin/Login/checkVerify
ERR: Cron:cron Runat 2017-06-05 08:49:21 Use 0.000568 s

[ 2017-06-05T08:49:21+08:00 ] ::1 /eshop/index.php/Admin/Login/checkVerify
INFO: [ app_begin ] --START--
INFO: Run Behavior\ReadHtmlCacheBehavior [ RunTime:0.001237s ]
INFO: Run Behavior\CronRunBehavior [ RunTime:0.018924s ]
INFO: [ app_begin ] --END-- [ RunTime:0.021312s ]
INFO: [ app_end ] --START--
INFO: Run Behavior\ShowPageTraceBehavior [ RunTime:0.001561s ]
INFO: [ app_end ] --END-- [ RunTime:0.001725s ]

[ 2017-06-05T08:49:23+08:00 ] ::1 /eshop/index.php/Admin/Login/doLogin
ERR: Cron:cron Runat 2017-06-05 08:49:23 Use 0.000588 s

[ 2017-06-05T08:49:23+08:00 ] ::1 /eshop/index.php/Admin/Login/doLogin
INFO: [ app_begin ] --START--
INFO: Run Behavior\ReadHtmlCacheBehavior [ RunTime:0.001237s ]
INFO: Run Behavior\CronRunBehavior [ RunTime:0.009454s ]
INFO: [ app_begin ] --END-- [ RunTime:0.011739s ]
SQL: SHOW COLUMNS FROM `eshop_admin` [ RunTime:0.2399s ]
SQL: SELECT * FROM `eshop_admin` WHERE `name` = 'admin' LIMIT 1   [ RunTime:0.0847s ]
SQL: UPDATE `eshop_admin` SET `loginTime`='1496623763',`ip`='0.0.0.0' WHERE `id` = 1 [ RunTime:0.1364s ]

[ 2017-06-05T08:49:23+08:00 ] ::1 /eshop/index.php/Admin/Login/doLogin
INFO: [ app_begin ] --START--
INFO: Run Behavior\ReadHtmlCacheBehavior [ RunTime:0.001274s ]
INFO: Run Behavior\CronRunBehavior [ RunTime:0.018559s ]
INFO: [ app_begin ] --END-- [ RunTime:0.020967s ]
SQL: SHOW COLUMNS FROM `eshop_admin` [ RunTime:0.0149s ]
SQL: SELECT * FROM `eshop_admin` WHERE `name` = 'admin' LIMIT 1   [ RunTime:0.0005s ]
SQL: UPDATE `eshop_admin` SET `loginTime`='1496623763',`ip`='0.0.0.0' WHERE `id` = 1 [ RunTime:0.0756s ]

[ 2017-06-05T08:49:25+08:00 ] ::1 /eshop/index.php/Admin/Index/index.html
ERR: Cron:cron Runat 2017-06-05 08:49:25 Use 0.000577 s

[ 2017-06-05T08:50:10+08:00 ] ::1 /eshop/index.php/Admin/ShopManage/autho.html
ERR: Cron:cron Runat 2017-06-05 08:50:10 Use 0.000595 s

[ 2017-06-05T08:50:13+08:00 ] ::1 /eshop/index.php/Admin/Index/index.html
ERR: Cron:cron Runat 2017-06-05 08:50:13 Use 0.000569 s

[ 2017-06-05T08:50:54+08:00 ] ::1 /eshop/index.php/Admin/ArticalManage/index.html
ERR: Cron:cron Runat 2017-06-05 08:50:54 Use 0.000622 s

[ 2017-06-05T08:50:59+08:00 ] ::1 /eshop/index.php/Admin/ArticalManage/nav.html
ERR: Cron:cron Runat 2017-06-05 08:50:59 Use 0.000633 s

[ 2017-06-05T08:51:01+08:00 ] ::1 /eshop/index.php/Admin/ArticalManage/addCart.html
ERR: Cron:cron Runat 2017-06-05 08:51:01 Use 0.000583 s

[ 2017-06-05T08:51:06+08:00 ] ::1 /eshop/index.php/Admin/ArticalManage/info.html
ERR: Cron:cron Runat 2017-06-05 08:51:06 Use 0.000625 s

[ 2017-06-05T08:51:16+08:00 ] ::1 /eshop/index.php/Admin/ShopManage/autho.html
ERR: Cron:cron Runat 2017-06-05 08:51:16 Use 0.000613 s

[ 2017-06-05T08:51:27+08:00 ] ::1 /eshop/index.php/Admin/ArticalManage/index.html
ERR: Cron:cron Runat 2017-06-05 08:51:27 Use 0.000571 s

[ 2017-06-05T08:51:35+08:00 ] ::1 /eshop/index.php/Admin/ArticalManage/nav.html
ERR: Cron:cron Runat 2017-06-05 08:51:35 Use 0.000511 s

[ 2017-06-05T08:51:38+08:00 ] ::1 /eshop/index.php/Admin/ArticalManage/addCart.html
ERR: Cron:cron Runat 2017-06-05 08:51:38 Use 0.000600 s

[ 2017-06-05T08:52:51+08:00 ] ::1 /eshop/index.php/Admin/ArticalManage/nav.html
ERR: Cron:cron Runat 2017-06-05 08:52:51 Use 0.000586 s

[ 2017-06-05T08:53:20+08:00 ] ::1 /eshop/index.php/Admin/ShopManage/apply.html
ERR: Cron:cron Runat 2017-06-05 08:53:20 Use 0.000548 s

[ 2017-06-05T08:53:22+08:00 ] ::1 /eshop/index.php/Admin/ShopManage/autho.html
ERR: Cron:cron Runat 2017-06-05 08:53:22 Use 0.000485 s

[ 2017-06-05T08:54:49+08:00 ] ::1 /eshop/index.php/Admin/ShopManage/autho.html
ERR: Cron:cron Runat 2017-06-05 08:54:49 Use 0.000575 s

[ 2017-06-05T08:54:53+08:00 ] ::1 /eshop/index.php/Admin/ArticalManage/nav.html
ERR: Cron:cron Runat 2017-06-05 08:54:53 Use 0.000560 s

[ 2017-06-05T08:54:55+08:00 ] ::1 /eshop/index.php/Admin/ArticalManage/addCart.html
ERR: Cron:cron Runat 2017-06-05 08:54:55 Use 0.000482 s

[ 2017-06-05T08:55:18+08:00 ] ::1 /eshop/index.php/Admin/ArticalManage/nav.html
ERR: Cron:cron Runat 2017-06-05 08:55:18 Use 0.000599 s

[ 2017-06-05T08:55:20+08:00 ] ::1 /eshop/index.php/Admin/ArticalManage/addCart.html
ERR: Cron:cron Runat 2017-06-05 08:55:20 Use 0.000521 s

[ 2017-06-05T08:56:14+08:00 ] ::1 /eshop/index.php/Admin/ArticalManage/nav.html
ERR: Cron:cron Runat 2017-06-05 08:56:14 Use 0.000756 s

[ 2017-06-05T08:56:28+08:00 ] ::1 /eshop/index.php/Admin/ArticalManage/addCart.html
ERR: Cron:cron Runat 2017-06-05 08:56:28 Use 0.000626 s

[ 2017-06-05T08:56:58+08:00 ] ::1 /eshop/index.php/Admin/ArticalManage/nav.html
ERR: Cron:cron Runat 2017-06-05 08:56:58 Use 0.000527 s

[ 2017-06-05T08:57:13+08:00 ] ::1 /eshop/index.php/Admin/ArticalManage/nav.html
ERR: Cron:cron Runat 2017-06-05 08:57:13 Use 0.000496 s

[ 2017-06-05T08:57:18+08:00 ] ::1 /eshop/index.php/Admin/ArticalManage/addCart.html
ERR: Cron:cron Runat 2017-06-05 08:57:18 Use 0.000708 s

[ 2017-06-05T08:58:59+08:00 ] ::1 /eshop/index.php/Admin/ArticalManage/nav.html
ERR: Cron:cron Runat 2017-06-05 08:58:59 Use 0.000530 s

[ 2017-06-05T08:59:01+08:00 ] ::1 /eshop/index.php/Admin/ArticalManage/addCart.html
ERR: Cron:cron Runat 2017-06-05 08:59:01 Use 0.000469 s

[ 2017-06-05T08:59:11+08:00 ] ::1 /eshop/index.php/Admin/ArticalManage/nav.html
ERR: Cron:cron Runat 2017-06-05 08:59:11 Use 0.000812 s

[ 2017-06-05T08:59:25+08:00 ] ::1 /eshop/index.php/Admin/ArticalManage/nav.html
ERR: Cron:cron Runat 2017-06-05 08:59:25 Use 0.001112 s

[ 2017-06-05T08:59:27+08:00 ] ::1 /eshop/index.php/Admin/ArticalManage/addCart.html
ERR: Cron:cron Runat 2017-06-05 08:59:27 Use 0.000693 s

[ 2017-06-05T08:59:36+08:00 ] ::1 /eshop/index.php/Admin/ArticalManage/nav.html
ERR: Cron:cron Runat 2017-06-05 08:59:36 Use 0.000574 s

[ 2017-06-05T08:59:38+08:00 ] ::1 /eshop/index.php/Admin/ArticalManage/addCart.html
ERR: Cron:cron Runat 2017-06-05 08:59:38 Use 0.001362 s

[ 2017-06-05T09:00:22+08:00 ] ::1 /eshop/index.php/Admin/ArticalManage/nav.html
ERR: Cron:cron Runat 2017-06-05 09:00:22 Use 0.000513 s

[ 2017-06-05T09:00:24+08:00 ] ::1 /eshop/index.php/Admin/ArticalManage/addCart.html
ERR: Cron:cron Runat 2017-06-05 09:00:24 Use 0.000514 s

[ 2017-06-05T09:01:05+08:00 ] ::1 /eshop/index.php/Admin/ArticalManage/nav.html
ERR: Cron:cron Runat 2017-06-05 09:01:05 Use 0.000570 s

[ 2017-06-05T09:01:07+08:00 ] ::1 /eshop/index.php/Admin/ArticalManage/addCart.html
ERR: Cron:cron Runat 2017-06-05 09:01:07 Use 0.000536 s

[ 2017-06-05T09:01:57+08:00 ] ::1 /eshop/index.php/Admin/ArticalManage/nav.html
ERR: Cron:cron Runat 2017-06-05 09:01:57 Use 0.000592 s

[ 2017-06-05T09:01:59+08:00 ] ::1 /eshop/index.php/Admin/ArticalManage/addCart.html
ERR: Cron:cron Runat 2017-06-05 09:01:59 Use 0.000515 s

[ 2017-06-05T09:02:43+08:00 ] ::1 /eshop/index.php/Admin/ArticalManage/nav.html
ERR: Cron:cron Runat 2017-06-05 09:02:43 Use 0.000536 s

[ 2017-06-05T09:02:46+08:00 ] ::1 /eshop/index.php/Admin/ArticalManage/addCart.html
ERR: Cron:cron Runat 2017-06-05 09:02:46 Use 0.000711 s

[ 2017-06-05T09:03:22+08:00 ] ::1 /eshop/index.php/Admin/ArticalManage/nav.html
ERR: Cron:cron Runat 2017-06-05 09:03:22 Use 0.000540 s

[ 2017-06-05T09:03:24+08:00 ] ::1 /eshop/index.php/Admin/ArticalManage/addCart.html
ERR: Cron:cron Runat 2017-06-05 09:03:24 Use 0.000542 s

[ 2017-06-05T09:03:39+08:00 ] ::1 /eshop/index.php/Admin/ArticalManage/nav.html
ERR: Cron:cron Runat 2017-06-05 09:03:39 Use 0.000528 s

[ 2017-06-05T09:03:41+08:00 ] ::1 /eshop/index.php/Admin/ArticalManage/addCart.html
ERR: Cron:cron Runat 2017-06-05 09:03:41 Use 0.000533 s

[ 2017-06-05T09:04:05+08:00 ] ::1 /eshop/index.php/Admin/ArticalManage/nav.html
ERR: Cron:cron Runat 2017-06-05 09:04:05 Use 0.000605 s

[ 2017-06-05T09:04:07+08:00 ] ::1 /eshop/index.php/Admin/ArticalManage/addCart.html
ERR: Cron:cron Runat 2017-06-05 09:04:07 Use 0.000484 s

[ 2017-06-05T09:05:20+08:00 ] ::1 /eshop/index.php/Admin/ArticalManage/nav.html
ERR: Cron:cron Runat 2017-06-05 09:05:20 Use 0.000555 s

[ 2017-06-05T09:05:22+08:00 ] ::1 /eshop/index.php/Admin/ArticalManage/addCart.html
ERR: Cron:cron Runat 2017-06-05 09:05:22 Use 0.000523 s

[ 2017-06-05T09:05:33+08:00 ] ::1 /eshop/index.php/Admin/ArticalManage/nav.html
ERR: Cron:cron Runat 2017-06-05 09:05:33 Use 0.000520 s

[ 2017-06-05T09:05:35+08:00 ] ::1 /eshop/index.php/Admin/ArticalManage/addCart.html
ERR: Cron:cron Runat 2017-06-05 09:05:35 Use 0.000726 s

[ 2017-06-05T09:05:43+08:00 ] ::1 /eshop/index.php/Admin/ArticalManage/nav.html
ERR: Cron:cron Runat 2017-06-05 09:05:43 Use 0.000786 s

[ 2017-06-05T09:05:45+08:00 ] ::1 /eshop/index.php/Admin/ArticalManage/addCart.html
ERR: Cron:cron Runat 2017-06-05 09:05:45 Use 0.000472 s

[ 2017-06-05T09:07:37+08:00 ] ::1 /eshop/index.php/Admin/ArticalManage/addCart.html
ERR: Cron:cron Runat 2017-06-05 09:07:37 Use 0.000331 s

[ 2017-06-05T09:07:39+08:00 ] ::1 /eshop/index.php/Admin/ArticalManage/addCart.html
ERR: Cron:cron Runat 2017-06-05 09:07:39 Use 0.000458 s

[ 2017-06-05T09:07:55+08:00 ] ::1 /eshop/index.php/Admin/ShopManage/autho.html
ERR: Cron:cron Runat 2017-06-05 09:07:55 Use 0.000420 s

[ 2017-06-05T09:07:57+08:00 ] ::1 /eshop/index.php/Admin/ShopManage/apply.html
ERR: Cron:cron Runat 2017-06-05 09:07:57 Use 0.000502 s

[ 2017-06-05T09:11:16+08:00 ] ::1 /eshop/index.php/Admin/ShopManage/apply.html
ERR: Cron:cron Runat 2017-06-05 09:11:16 Use 0.000467 s

[ 2017-06-05T09:11:20+08:00 ] ::1 /eshop/index.php/Admin/ShopManage/autho.html
ERR: Cron:cron Runat 2017-06-05 09:11:20 Use 0.000348 s

[ 2017-06-05T09:12:18+08:00 ] ::1 /eshop/index.php/Admin/ArticalManage/index.html
ERR: Cron:cron Runat 2017-06-05 09:12:18 Use 0.000365 s

[ 2017-06-05T09:12:39+08:00 ] ::1 /eshop/index.php/Admin/ArticalManage/index.html
ERR: Cron:cron Runat 2017-06-05 09:12:39 Use 0.000377 s

[ 2017-06-05T09:12:41+08:00 ] ::1 /eshop/index.php/Admin/ArticalManage/nav.html
ERR: Cron:cron Runat 2017-06-05 09:12:41 Use 0.000420 s

[ 2017-06-05T09:13:04+08:00 ] ::1 /eshop/index.php/Admin/Index/index.html
ERR: Cron:cron Runat 2017-06-05 09:13:04 Use 0.000402 s

[ 2017-06-05T09:14:05+08:00 ] ::1 /eshop/index.php/Admin/Index/index.html
ERR: Cron:cron Runat 2017-06-05 09:14:05 Use 0.000434 s

[ 2017-06-05T09:14:28+08:00 ] ::1 /eshop/index.php/Admin/Index/index.html
ERR: Cron:cron Runat 2017-06-05 09:14:28 Use 0.000319 s

[ 2017-06-05T09:14:31+08:00 ] ::1 /eshop/index.php/Admin/Index/index.html
ERR: Cron:cron Runat 2017-06-05 09:14:31 Use 0.000438 s

[ 2017-06-05T09:14:36+08:00 ] ::1 /eshop/index.php/Admin/ShopManage/autho.html
ERR: Cron:cron Runat 2017-06-05 09:14:36 Use 0.000338 s

[ 2017-06-05T09:14:38+08:00 ] ::1 /eshop/index.php/Admin/ShopManage/apply.html
ERR: Cron:cron Runat 2017-06-05 09:14:38 Use 0.000418 s

[ 2017-06-05T09:15:22+08:00 ] ::1 /eshop/index.php/Admin/ShopManage/autho.html
ERR: Cron:cron Runat 2017-06-05 09:15:22 Use 0.000367 s

[ 2017-06-05T09:25:10+08:00 ] ::1 /eshop/index.php/Admin/ShopManage/autho.html
ERR: Cron:cron Runat 2017-06-05 09:25:10 Use 0.000428 s

[ 2017-06-05T09:25:15+08:00 ] ::1 /eshop/index.php/Admin/GoodManage/onsale.html
ERR: Cron:cron Runat 2017-06-05 09:25:15 Use 0.000374 s

[ 2017-06-05T09:25:19+08:00 ] ::1 /eshop/index.php/Admin/GoodManage/onsale.html
ERR: Cron:cron Runat 2017-06-05 09:25:19 Use 0.000315 s

[ 2017-06-05T09:25:32+08:00 ] ::1 /eshop/index.php/Admin/GoodManage/onsale.html
ERR: Cron:cron Runat 2017-06-05 09:25:32 Use 0.000377 s

[ 2017-06-05T09:26:38+08:00 ] ::1 /eshop/index.php/Admin/GoodManage/onsale.html
ERR: Cron:cron Runat 2017-06-05 09:26:38 Use 0.000405 s

[ 2017-06-05T09:26:47+08:00 ] ::1 /eshop/index.php/Admin/GoodManage/onsale.html
ERR: Cron:cron Runat 2017-06-05 09:26:47 Use 0.000373 s

[ 2017-06-05T09:27:15+08:00 ] ::1 /eshop/index.php/Admin/GoodManage/onsale.html
ERR: Cron:cron Runat 2017-06-05 09:27:15 Use 0.000444 s

[ 2017-06-05T09:28:02+08:00 ] ::1 /eshop/index.php/Admin/GoodManage/onsale.html
ERR: Cron:cron Runat 2017-06-05 09:28:02 Use 0.000414 s

[ 2017-06-05T09:28:47+08:00 ] ::1 /eshop/index.php/Admin/GoodManage/onsale.html
ERR: Cron:cron Runat 2017-06-05 09:28:47 Use 0.000374 s

[ 2017-06-05T09:29:15+08:00 ] ::1 /eshop/index.php/Admin/GoodManage/onsale.html
ERR: Cron:cron Runat 2017-06-05 09:29:15 Use 0.000764 s

[ 2017-06-05T09:29:31+08:00 ] ::1 /eshop/index.php/Admin/GoodManage/onsale.html
ERR: Cron:cron Runat 2017-06-05 09:29:31 Use 0.000709 s

[ 2017-06-05T09:29:49+08:00 ] ::1 /eshop/index.php/Admin/GoodManage/onsale.html
ERR: Cron:cron Runat 2017-06-05 09:29:49 Use 0.000398 s

[ 2017-06-05T09:30:13+08:00 ] ::1 /eshop/index.php/Admin/GoodManage/onsale.html
ERR: Cron:cron Runat 2017-06-05 09:30:13 Use 0.000490 s

[ 2017-06-05T09:31:29+08:00 ] ::1 /eshop/index.php/Admin/GoodManage/onsale.html
ERR: Cron:cron Runat 2017-06-05 09:31:29 Use 0.000392 s

[ 2017-06-05T09:31:57+08:00 ] ::1 /eshop/index.php/Admin/GoodManage/onsale.html
ERR: Cron:cron Runat 2017-06-05 09:31:57 Use 0.000401 s

[ 2017-06-05T09:32:04+08:00 ] ::1 /eshop/index.php/Admin/GoodManage/onsale.html
ERR: Cron:cron Runat 2017-06-05 09:32:04 Use 0.000354 s

[ 2017-06-05T09:32:40+08:00 ] ::1 /eshop/index.php/Admin/GoodManage/onsale.html
ERR: Cron:cron Runat 2017-06-05 09:32:40 Use 0.000382 s

[ 2017-06-05T09:33:29+08:00 ] ::1 /eshop/index.php/Admin/GoodManage/onsale.html
ERR: Cron:cron Runat 2017-06-05 09:33:29 Use 0.000369 s

[ 2017-06-05T09:35:30+08:00 ] ::1 /eshop/index.php/Admin/GoodManage/onsale.html
ERR: Cron:cron Runat 2017-06-05 09:35:30 Use 0.000421 s

[ 2017-06-05T09:35:32+08:00 ] ::1 /eshop/index.php/Admin/GoodManage/onsale.html
ERR: Cron:cron Runat 2017-06-05 09:35:32 Use 0.000412 s

[ 2017-06-05T09:35:35+08:00 ] ::1 /eshop/index.php/Admin/GoodManage/onsale.html
ERR: Cron:cron Runat 2017-06-05 09:35:35 Use 0.000374 s

[ 2017-06-05T09:35:37+08:00 ] ::1 /eshop/index.php/Admin/GoodManage/onsale.html
ERR: Cron:cron Runat 2017-06-05 09:35:37 Use 0.000353 s

[ 2017-06-05T09:36:17+08:00 ] ::1 /eshop/index.php/Admin/GoodManage/onsale.html
ERR: Cron:cron Runat 2017-06-05 09:36:17 Use 0.000399 s

[ 2017-06-05T09:37:29+08:00 ] ::1 /eshop/index.php/Admin/GoodManage/onsale.html
ERR: Cron:cron Runat 2017-06-05 09:37:29 Use 0.000303 s

[ 2017-06-05T09:37:45+08:00 ] ::1 /eshop/index.php/Admin/GoodManage/onsale.html
ERR: Cron:cron Runat 2017-06-05 09:37:45 Use 0.000413 s

[ 2017-06-05T09:37:51+08:00 ] ::1 /eshop/index.php/Admin/GoodManage/onsale.html
ERR: Cron:cron Runat 2017-06-05 09:37:51 Use 0.000364 s

[ 2017-06-05T09:38:35+08:00 ] ::1 /eshop/index.php/Admin/GoodManage/onsale.html
ERR: Cron:cron Runat 2017-06-05 09:38:35 Use 0.000347 s

[ 2017-06-05T09:39:17+08:00 ] ::1 /eshop/index.php/Admin/GoodManage/onsale.html
ERR: Cron:cron Runat 2017-06-05 09:39:17 Use 0.000307 s

[ 2017-06-05T09:39:57+08:00 ] ::1 /eshop/index.php/Admin/GoodManage/onsale.html
ERR: Cron:cron Runat 2017-06-05 09:39:57 Use 0.000314 s

[ 2017-06-05T09:40:28+08:00 ] ::1 /eshop/index.php/Admin/GoodManage/onsale.html
ERR: Cron:cron Runat 2017-06-05 09:40:28 Use 0.000358 s

[ 2017-06-05T09:44:28+08:00 ] ::1 /eshop/index.php/Admin/GoodManage/onsale.html
ERR: Cron:cron Runat 2017-06-05 09:44:28 Use 0.000368 s

[ 2017-06-05T09:44:52+08:00 ] ::1 /eshop/index.php/Admin/GoodManage/onsale.html
ERR: Cron:cron Runat 2017-06-05 09:44:52 Use 0.000856 s

[ 2017-06-05T09:45:19+08:00 ] ::1 /eshop/index.php/Admin/GoodManage/onsale.html
ERR: Cron:cron Runat 2017-06-05 09:45:19 Use 0.000388 s

[ 2017-06-05T09:45:30+08:00 ] ::1 /eshop/index.php/Admin/GoodManage/onsale.html
ERR: Cron:cron Runat 2017-06-05 09:45:30 Use 0.000505 s

[ 2017-06-05T09:48:01+08:00 ] ::1 /eshop/index.php/Admin/GoodManage/onsale.html
ERR: Cron:cron Runat 2017-06-05 09:48:01 Use 0.000361 s

[ 2017-06-05T09:52:38+08:00 ] ::1 /eshop/index.php/Admin/GoodManage/onsale.html
ERR: Cron:cron Runat 2017-06-05 09:52:38 Use 0.000356 s

[ 2017-06-05T09:52:41+08:00 ] ::1 /eshop/index.php/Admin/GoodManage/onsale.html
ERR: Cron:cron Runat 2017-06-05 09:52:41 Use 0.000385 s

[ 2017-06-05T09:52:51+08:00 ] ::1 /eshop/index.php/Admin/GoodManage/onsale.html
ERR: Cron:cron Runat 2017-06-05 09:52:51 Use 0.000383 s

[ 2017-06-05T09:53:03+08:00 ] ::1 /eshop/index.php/Admin/GoodManage/onsale.html
ERR: Cron:cron Runat 2017-06-05 09:53:03 Use 0.000573 s

[ 2017-06-05T09:53:17+08:00 ] ::1 /eshop/index.php/Admin/GoodManage/onsale.html
ERR: Cron:cron Runat 2017-06-05 09:53:17 Use 0.000477 s

[ 2017-06-05T09:53:23+08:00 ] ::1 /eshop/index.php/Admin/GoodManage/onsale.html
ERR: Cron:cron Runat 2017-06-05 09:53:23 Use 0.000379 s

[ 2017-06-05T09:54:03+08:00 ] ::1 /eshop/index.php/Admin/GoodManage/onsale.html
ERR: Cron:cron Runat 2017-06-05 09:54:03 Use 0.000550 s

[ 2017-06-05T09:54:29+08:00 ] ::1 /eshop/index.php/Admin/GoodManage/onsale.html
ERR: Cron:cron Runat 2017-06-05 09:54:29 Use 0.000399 s

[ 2017-06-05T09:54:37+08:00 ] ::1 /eshop/index.php/Admin/GoodManage/onsale.html
ERR: Cron:cron Runat 2017-06-05 09:54:37 Use 0.000387 s

[ 2017-06-05T09:54:49+08:00 ] ::1 /eshop/index.php/Admin/GoodManage/onsale.html
ERR: Cron:cron Runat 2017-06-05 09:54:49 Use 0.000380 s

[ 2017-06-05T09:54:57+08:00 ] ::1 /eshop/index.php/Admin/GoodManage/onsale.html
ERR: Cron:cron Runat 2017-06-05 09:54:57 Use 0.000362 s

[ 2017-06-05T09:55:04+08:00 ] ::1 /eshop/index.php/Admin/GoodManage/onsale.html
ERR: Cron:cron Runat 2017-06-05 09:55:04 Use 0.000509 s

[ 2017-06-05T09:55:06+08:00 ] ::1 /eshop/index.php/Admin/GoodManage/onsale.html
ERR: Cron:cron Runat 2017-06-05 09:55:06 Use 0.000387 s

[ 2017-06-05T09:55:25+08:00 ] ::1 /eshop/index.php/Admin/GoodManage/onsale.html
ERR: Cron:cron Runat 2017-06-05 09:55:25 Use 0.000351 s

[ 2017-06-05T09:56:15+08:00 ] ::1 /eshop/index.php/Admin/GoodManage/onsale.html
ERR: Cron:cron Runat 2017-06-05 09:56:15 Use 0.000449 s

[ 2017-06-05T09:56:39+08:00 ] ::1 /eshop/index.php/Admin/GoodManage/onsale.html
ERR: Cron:cron Runat 2017-06-05 09:56:39 Use 0.000394 s

[ 2017-06-05T09:58:12+08:00 ] ::1 /eshop/index.php/Admin/GoodManage/onsale.html
ERR: Cron:cron Runat 2017-06-05 09:58:12 Use 0.000306 s

[ 2017-06-05T09:58:26+08:00 ] ::1 /eshop/index.php/Admin/GoodManage/onsale.html
ERR: Cron:cron Runat 2017-06-05 09:58:26 Use 0.000334 s

[ 2017-06-05T09:58:50+08:00 ] ::1 /eshop/index.php/Admin/GoodManage/onsale.html
ERR: Cron:cron Runat 2017-06-05 09:58:50 Use 0.000337 s

[ 2017-06-05T09:59:03+08:00 ] ::1 /eshop/index.php/Admin/GoodManage/onsale.html
ERR: Cron:cron Runat 2017-06-05 09:59:03 Use 0.000498 s

[ 2017-06-05T10:00:33+08:00 ] ::1 /eshop/index.php/Admin/GoodManage/onsale.html
ERR: Cron:cron Runat 2017-06-05 10:00:33 Use 0.000357 s

[ 2017-06-05T10:02:03+08:00 ] ::1 /eshop/index.php/Admin/GoodManage/onsale.html
ERR: Cron:cron Runat 2017-06-05 10:02:03 Use 0.000430 s

[ 2017-06-05T10:03:25+08:00 ] ::1 /eshop/index.php/Admin/GoodManage/onsale.html
ERR: Cron:cron Runat 2017-06-05 10:03:25 Use 0.000398 s

[ 2017-06-05T10:04:18+08:00 ] ::1 /eshop/index.php/Admin/GoodManage/onsale.html
ERR: Cron:cron Runat 2017-06-05 10:04:18 Use 0.000320 s

[ 2017-06-05T10:04:50+08:00 ] ::1 /eshop/index.php/Admin/GoodManage/onsale.html
ERR: Cron:cron Runat 2017-06-05 10:04:50 Use 0.000392 s

[ 2017-06-05T10:05:21+08:00 ] ::1 /eshop/index.php/Admin/GoodManage/onsale.html
ERR: Cron:cron Runat 2017-06-05 10:05:21 Use 0.000407 s

[ 2017-06-05T10:06:16+08:00 ] ::1 /eshop/index.php/Admin/GoodManage/onsale.html
ERR: Cron:cron Runat 2017-06-05 10:06:16 Use 0.000308 s

[ 2017-06-05T10:06:22+08:00 ] ::1 /eshop/index.php/Admin/GoodManage/onsale.html
ERR: Cron:cron Runat 2017-06-05 10:06:22 Use 0.000300 s

[ 2017-06-05T10:06:34+08:00 ] ::1 /eshop/index.php/Admin/GoodManage/onsale.html
ERR: Cron:cron Runat 2017-06-05 10:06:34 Use 0.000330 s

[ 2017-06-05T10:21:30+08:00 ] ::1 /eshop/index.php/Admin/GoodManage/onsale.html
ERR: Cron:cron Runat 2017-06-05 10:21:30 Use 0.000301 s

[ 2017-06-05T10:21:36+08:00 ] ::1 /eshop/index.php/Admin/GoodManage/onsale.html
ERR: Cron:cron Runat 2017-06-05 10:21:36 Use 0.000339 s

[ 2017-06-05T10:21:45+08:00 ] ::1 /eshop/index.php/Admin/ArticalManage/index.html
ERR: Cron:cron Runat 2017-06-05 10:21:45 Use 0.000383 s

[ 2017-06-05T10:21:48+08:00 ] ::1 /eshop/index.php/Admin/GoodManage/onsale.html
ERR: Cron:cron Runat 2017-06-05 10:21:48 Use 0.000379 s

[ 2017-06-05T10:22:18+08:00 ] ::1 /eshop/index.php/Admin/GoodManage/onsale.html
ERR: Cron:cron Runat 2017-06-05 10:22:18 Use 0.000376 s

[ 2017-06-05T10:23:07+08:00 ] ::1 /eshop/index.php/Admin/GoodManage/onsale.html
ERR: Cron:cron Runat 2017-06-05 10:23:07 Use 0.000568 s

[ 2017-06-05T10:25:08+08:00 ] ::1 /eshop/index.php/Admin/GoodManage/onsale.html
ERR: Cron:cron Runat 2017-06-05 10:25:08 Use 0.000296 s

