[ 2016-12-31T12:11:22+08:00 ] ::1 /eshop/index.php/Home/Shop/goods_info.html
ERR: 非法操作:goods_info

[ 2016-12-31T12:25:35+08:00 ] ::1 /eshop/index.php/Home/Good/shopcart.html
ERR: 非法操作:shopcart

[ 2016-12-31T12:39:03+08:00 ] ::1 /eshop/index.php/Home/Good/shopIndex.html
ERR: 非法操作:shopIndex

[ 2016-12-31T12:42:43+08:00 ] ::1 /eshop/index.php/Home/Shop/goods_info.html
ERR: 非法操作:goods_info

[ 2016-12-31T16:45:13+08:00 ] ::1 /eshop/index.php/Home/LoginType/login/type/qq.html
ERR: 无法加载控制器:LoginType

[ 2016-12-31T16:49:29+08:00 ] ::1 /eshop/index.php/Home/Login/login/type/qq.html
ERR: 无法加载控制器:Login

[ 2016-12-31T16:50:04+08:00 ] ::1 /eshop/index.php/Home/Login/login/type/qq.html
ERR: 无法加载控制器:Login

[ 2016-12-31T16:50:07+08:00 ] ::1 /eshop/index.php/Home/Login/login/type/qq.html
ERR: 无法加载控制器:Login

[ 2016-12-31T16:53:04+08:00 ] ::1 /eshop/index.php/Home/Login/login/type/qq.html
ERR: 无法加载控制器:Login

[ 2016-12-31T17:22:37+08:00 ] ::1 /eshop/index.php/Home/Login/login/type/qq.html
ERR: 无法加载控制器:Login

