[ 2016-12-28T09:41:15+08:00 ] ::1 /eshop/index.php/Home/User/ucenter_account.html
ERR: 非法操作:ucenter_account

[ 2016-12-28T09:41:35+08:00 ] ::1 /eshop/index.php/Home/Shoper/checkVerify.html
INFO: [ app_begin ] --START--
INFO: Run Behavior\ReadHtmlCacheBehavior [ RunTime:0.001412s ]
INFO: [ app_begin ] --END-- [ RunTime:0.002363s ]
INFO: [ app_end ] --START--
INFO: Run Behavior\ShowPageTraceBehavior [ RunTime:0.002025s ]
INFO: [ app_end ] --END-- [ RunTime:0.002216s ]

[ 2016-12-28T09:41:37+08:00 ] ::1 /eshop/index.php/Home/Shoper/doLogin.html
INFO: [ app_begin ] --START--
INFO: Run Behavior\ReadHtmlCacheBehavior [ RunTime:0.001281s ]
INFO: [ app_begin ] --END-- [ RunTime:0.002098s ]
SQL: SHOW COLUMNS FROM `eshop_shoper` [ RunTime:0.0357s ]
SQL: SELECT * FROM `eshop_shoper` WHERE `name` = 'shoper3' LIMIT 1   [ RunTime:0.0009s ]
NOTIC: [2] fopen(D:\wampserver\wamp\www\eshop\ThinkPHP\Library\Org\Net/UTFWry.dat): failed to open stream: No such file or directory D:\wampserver\wamp\www\eshop\ThinkPHP\Library\Org\Net\IpLocation.class.php 第 54 行.
SQL: SHOW COLUMNS FROM `eshop_shoper_log` [ RunTime:0.0141s ]
NOTIC: [8] Undefined index: validate D:\wampserver\wamp\www\eshop\ThinkPHP\Library\Think\Model.class.php 第 1185 行.
NOTIC: [8] Undefined index: auto D:\wampserver\wamp\www\eshop\ThinkPHP\Library\Think\Model.class.php 第 1128 行.
SQL: INSERT INTO `eshop_shoper_log` (`shoperId`,`action`,`ip`,`location`,`time`) VALUES ('13','登录','0.0.0.0',NULL,'1482889297') [ RunTime:0.0984s ]

[ 2016-12-28T14:37:41+08:00 ] ::1 /eshop/index.php/Home/ShoperCenter/imgSrc1
ERR: 非法操作:imgSrc1

[ 2016-12-28T14:37:44+08:00 ] ::1 /eshop/index.php/Home/ShoperCenter/imgSrc1
ERR: 非法操作:imgSrc1

[ 2016-12-28T14:38:14+08:00 ] ::1 /eshop/index.php/Home/ShoperCenter/imgSrc1
ERR: 非法操作:imgSrc1

[ 2016-12-28T14:38:20+08:00 ] ::1 /eshop/index.php/Home/ShoperCenter/imgSrc1
ERR: 非法操作:imgSrc1

[ 2016-12-28T14:38:29+08:00 ] ::1 /eshop/index.php/Home/ShoperCenter/imgSrc1
ERR: 非法操作:imgSrc1

[ 2016-12-28T14:38:31+08:00 ] ::1 /eshop/index.php/Home/ShoperCenter/imgSrc1
ERR: 非法操作:imgSrc1

[ 2016-12-28T14:38:32+08:00 ] ::1 /eshop/index.php/Home/ShoperCenter/imgSrc1
ERR: 非法操作:imgSrc1

[ 2016-12-28T14:38:54+08:00 ] ::1 /eshop/index.php/Home/ShoperCenter/imgSrc1
ERR: 非法操作:imgSrc1

[ 2016-12-28T15:04:30+08:00 ] ::1 /eshop/index.php/Home/ShoperCenter/index.html
ERR: 无法加载控制器:ShoperCenter

[ 2016-12-28T15:04:34+08:00 ] ::1 /eshop/index.php/Home/ShoperCenter/index.html
ERR: 无法加载控制器:ShoperCenter

[ 2016-12-28T15:04:44+08:00 ] ::1 /eshop/index.php/Home/ShopCart/scenter.html
ERR: 非法操作:scenter

[ 2016-12-28T15:06:24+08:00 ] ::1 /eshop/index.php/Home/ShoperCenter/index.html
ERR: 无法加载控制器:ShoperCenter

[ 2016-12-28T15:06:31+08:00 ] ::1 /eshop/index.php/Home/ShoperCenter/index.html
ERR: 无法加载控制器:ShoperCenter

[ 2016-12-28T20:55:52+08:00 ] ::1 /eshop/index.php/Home/Shoper/checkVerify.html
INFO: [ app_begin ] --START--
INFO: Run Behavior\ReadHtmlCacheBehavior [ RunTime:0.001509s ]
INFO: [ app_begin ] --END-- [ RunTime:0.002397s ]
INFO: [ app_end ] --START--
INFO: Run Behavior\ShowPageTraceBehavior [ RunTime:0.001436s ]
INFO: [ app_end ] --END-- [ RunTime:0.001575s ]

[ 2016-12-28T20:55:53+08:00 ] ::1 /eshop/index.php/Home/Shoper/doLogin.html
INFO: [ app_begin ] --START--
INFO: Run Behavior\ReadHtmlCacheBehavior [ RunTime:0.001444s ]
INFO: [ app_begin ] --END-- [ RunTime:0.002328s ]

[ 2016-12-28T20:56:02+08:00 ] ::1 /eshop/index.php/Home/Shoper/doLogin.html
INFO: [ app_begin ] --START--
INFO: Run Behavior\ReadHtmlCacheBehavior [ RunTime:0.001553s ]
INFO: [ app_begin ] --END-- [ RunTime:0.002656s ]

[ 2016-12-28T20:57:07+08:00 ] ::1 /eshop/index.php/Home/Shoper/checkVerify.html
INFO: [ app_begin ] --START--
INFO: Run Behavior\ReadHtmlCacheBehavior [ RunTime:0.001445s ]
INFO: [ app_begin ] --END-- [ RunTime:0.002426s ]
INFO: [ app_end ] --START--
INFO: Run Behavior\ShowPageTraceBehavior [ RunTime:0.001553s ]
INFO: [ app_end ] --END-- [ RunTime:0.001711s ]

[ 2016-12-28T20:57:16+08:00 ] ::1 /eshop/index.php/Home/Shoper/checkVerify.html
INFO: [ app_begin ] --START--
INFO: Run Behavior\ReadHtmlCacheBehavior [ RunTime:0.001729s ]
INFO: [ app_begin ] --END-- [ RunTime:0.002777s ]
INFO: [ app_end ] --START--
INFO: Run Behavior\ShowPageTraceBehavior [ RunTime:0.001695s ]
INFO: [ app_end ] --END-- [ RunTime:0.001855s ]

[ 2016-12-28T20:57:16+08:00 ] ::1 /eshop/index.php/Home/Shoper/checkVerify.html
INFO: [ app_begin ] --START--
INFO: Run Behavior\ReadHtmlCacheBehavior [ RunTime:0.001469s ]
INFO: [ app_begin ] --END-- [ RunTime:0.002371s ]
INFO: [ app_end ] --START--
INFO: Run Behavior\ShowPageTraceBehavior [ RunTime:0.001447s ]
INFO: [ app_end ] --END-- [ RunTime:0.001594s ]

[ 2016-12-28T20:57:17+08:00 ] ::1 /eshop/index.php/Home/Shoper/checkVerify.html
INFO: [ app_begin ] --START--
INFO: Run Behavior\ReadHtmlCacheBehavior [ RunTime:0.005224s ]
INFO: [ app_begin ] --END-- [ RunTime:0.008554s ]
INFO: [ app_end ] --START--
INFO: Run Behavior\ShowPageTraceBehavior [ RunTime:0.002935s ]
INFO: [ app_end ] --END-- [ RunTime:0.003300s ]

[ 2016-12-28T20:57:17+08:00 ] ::1 /eshop/index.php/Home/Shoper/checkVerify.html
INFO: [ app_begin ] --START--
INFO: Run Behavior\ReadHtmlCacheBehavior [ RunTime:0.001672s ]
INFO: [ app_begin ] --END-- [ RunTime:0.002681s ]
INFO: [ app_end ] --START--
INFO: Run Behavior\ShowPageTraceBehavior [ RunTime:0.001830s ]
INFO: [ app_end ] --END-- [ RunTime:0.002011s ]

[ 2016-12-28T20:57:17+08:00 ] ::1 /eshop/index.php/Home/Shoper/checkVerify.html
INFO: [ app_begin ] --START--
INFO: Run Behavior\ReadHtmlCacheBehavior [ RunTime:0.001639s ]
INFO: [ app_begin ] --END-- [ RunTime:0.002587s ]
INFO: [ app_end ] --START--
INFO: Run Behavior\ShowPageTraceBehavior [ RunTime:0.001659s ]
INFO: [ app_end ] --END-- [ RunTime:0.001836s ]

[ 2016-12-28T20:57:19+08:00 ] ::1 /eshop/index.php/Home/Shoper/doLogin.html
INFO: [ app_begin ] --START--
INFO: Run Behavior\ReadHtmlCacheBehavior [ RunTime:0.001437s ]
INFO: [ app_begin ] --END-- [ RunTime:0.002305s ]
SQL: SHOW COLUMNS FROM `eshop_shoper` [ RunTime:0.0923s ]
SQL: SELECT * FROM `eshop_shoper` WHERE `name` = 'shoper3' LIMIT 1   [ RunTime:0.0007s ]
NOTIC: [2] fopen(D:\wampserver\wamp\www\eshop\ThinkPHP\Library\Org\Net/UTFWry.dat): failed to open stream: No such file or directory D:\wampserver\wamp\www\eshop\ThinkPHP\Library\Org\Net\IpLocation.class.php 第 54 行.
SQL: SHOW COLUMNS FROM `eshop_shoper_log` [ RunTime:0.0101s ]
NOTIC: [8] Undefined index: validate D:\wampserver\wamp\www\eshop\ThinkPHP\Library\Think\Model.class.php 第 1185 行.
NOTIC: [8] Undefined index: auto D:\wampserver\wamp\www\eshop\ThinkPHP\Library\Think\Model.class.php 第 1128 行.
SQL: INSERT INTO `eshop_shoper_log` (`shoperId`,`action`,`ip`,`location`,`time`) VALUES ('13','登录','0.0.0.0',NULL,'1482929839') [ RunTime:0.0479s ]

[ 2016-12-28T20:57:22+08:00 ] ::1 /eshop/index.php/Home/ShoperCenter/index.html
ERR: 无法加载控制器:ShoperCenter

[ 2016-12-28T20:59:13+08:00 ] ::1 /eshop/index.php/Home/ShoperCenter/index.html
ERR: 无法加载控制器:ShoperCenter

[ 2016-12-28T20:59:26+08:00 ] ::1 /eshop/index.php/Home/Shoper/checkVerify.html
INFO: [ app_begin ] --START--
INFO: Run Behavior\ReadHtmlCacheBehavior [ RunTime:0.001467s ]
INFO: [ app_begin ] --END-- [ RunTime:0.002323s ]
INFO: [ app_end ] --START--
INFO: Run Behavior\ShowPageTraceBehavior [ RunTime:0.001426s ]
INFO: [ app_end ] --END-- [ RunTime:0.001564s ]

[ 2016-12-28T20:59:31+08:00 ] ::1 /eshop/index.php/Home/Shoper/checkVerify.html
INFO: [ app_begin ] --START--
INFO: Run Behavior\ReadHtmlCacheBehavior [ RunTime:0.001449s ]
INFO: [ app_begin ] --END-- [ RunTime:0.002333s ]
INFO: [ app_end ] --START--
INFO: Run Behavior\ShowPageTraceBehavior [ RunTime:0.001562s ]
INFO: [ app_end ] --END-- [ RunTime:0.001725s ]

[ 2016-12-28T20:59:31+08:00 ] ::1 /eshop/index.php/Home/Shoper/checkVerify.html
INFO: [ app_begin ] --START--
INFO: Run Behavior\ReadHtmlCacheBehavior [ RunTime:0.001811s ]
INFO: [ app_begin ] --END-- [ RunTime:0.003170s ]
INFO: [ app_end ] --START--
INFO: Run Behavior\ShowPageTraceBehavior [ RunTime:0.001690s ]
INFO: [ app_end ] --END-- [ RunTime:0.001884s ]

[ 2016-12-28T20:59:32+08:00 ] ::1 /eshop/index.php/Home/Shoper/checkVerify.html
INFO: [ app_begin ] --START--
INFO: Run Behavior\ReadHtmlCacheBehavior [ RunTime:0.001478s ]
INFO: [ app_begin ] --END-- [ RunTime:0.002379s ]
INFO: [ app_end ] --START--
INFO: Run Behavior\ShowPageTraceBehavior [ RunTime:0.001440s ]
INFO: [ app_end ] --END-- [ RunTime:0.001582s ]

[ 2016-12-28T20:59:33+08:00 ] ::1 /eshop/index.php/Home/Shoper/checkVerify.html
INFO: [ app_begin ] --START--
INFO: Run Behavior\ReadHtmlCacheBehavior [ RunTime:0.001655s ]
INFO: [ app_begin ] --END-- [ RunTime:0.002675s ]
INFO: [ app_end ] --START--
INFO: Run Behavior\ShowPageTraceBehavior [ RunTime:0.001655s ]
INFO: [ app_end ] --END-- [ RunTime:0.001816s ]

[ 2016-12-28T20:59:34+08:00 ] ::1 /eshop/index.php/Home/Shoper/checkVerify.html
INFO: [ app_begin ] --START--
INFO: Run Behavior\ReadHtmlCacheBehavior [ RunTime:0.002478s ]
INFO: [ app_begin ] --END-- [ RunTime:0.003783s ]
INFO: [ app_end ] --START--
INFO: Run Behavior\ShowPageTraceBehavior [ RunTime:0.001651s ]
INFO: [ app_end ] --END-- [ RunTime:0.001820s ]

[ 2016-12-28T20:59:35+08:00 ] ::1 /eshop/index.php/Home/Shoper/doLogin.html
INFO: [ app_begin ] --START--
INFO: Run Behavior\ReadHtmlCacheBehavior [ RunTime:0.001437s ]
INFO: [ app_begin ] --END-- [ RunTime:0.002333s ]
SQL: SHOW COLUMNS FROM `eshop_shoper` [ RunTime:0.1055s ]
SQL: SELECT * FROM `eshop_shoper` WHERE `name` = 'shoper3' LIMIT 1   [ RunTime:0.0010s ]
NOTIC: [2] fopen(D:\wampserver\wamp\www\eshop\ThinkPHP\Library\Org\Net/UTFWry.dat): failed to open stream: No such file or directory D:\wampserver\wamp\www\eshop\ThinkPHP\Library\Org\Net\IpLocation.class.php 第 54 行.
SQL: SHOW COLUMNS FROM `eshop_shoper_log` [ RunTime:0.0144s ]
NOTIC: [8] Undefined index: validate D:\wampserver\wamp\www\eshop\ThinkPHP\Library\Think\Model.class.php 第 1185 行.
NOTIC: [8] Undefined index: auto D:\wampserver\wamp\www\eshop\ThinkPHP\Library\Think\Model.class.php 第 1128 行.
SQL: INSERT INTO `eshop_shoper_log` (`shoperId`,`action`,`ip`,`location`,`time`) VALUES ('13','登录','0.0.0.0',NULL,'1482929975') [ RunTime:0.0545s ]

[ 2016-12-28T20:59:38+08:00 ] ::1 /eshop/index.php/Home/ShoperCenter/index.html
ERR: 无法加载控制器:ShoperCenter

[ 2016-12-28T21:10:46+08:00 ] ::1 /eshop/index.php/Home/ShopCart/shoper_regist.html
ERR: 非法操作:shoper_regist

