[ 2016-12-18T11:57:36+08:00 ] ::1 /eshop/index.php/Home/UserCenter/index.html
ERR: 1146:Table 'eshop.eshop_userlog' doesn't exist
 [ SQL语句 ] : SHOW COLUMNS FROM `eshop_userlog`

[ 2016-12-18T14:57:11+08:00 ] ::1 /eshop/index.php/Home/UserCenter/delLog.html
INFO: [ app_begin ] --START--
INFO: Run Behavior\ReadHtmlCacheBehavior [ RunTime:0.001534s ]
INFO: [ app_begin ] --END-- [ RunTime:0.002544s ]
ERR: 参数错误或者未定义:id

[ 2016-12-18T14:57:22+08:00 ] ::1 /eshop/index.php/Home/UserCenter/delLog.html
INFO: [ app_begin ] --START--
INFO: Run Behavior\ReadHtmlCacheBehavior [ RunTime:0.001005s ]
INFO: [ app_begin ] --END-- [ RunTime:0.001617s ]
ERR: 参数错误或者未定义:id

[ 2016-12-18T15:22:17+08:00 ] ::1 /eshop/index.php/Home/UserCenter/delLog
ERR: 页面不存在！

[ 2016-12-18T15:23:30+08:00 ] ::1 /eshop/index.php/Home/UserCenter/delLog.html
INFO: [ app_begin ] --START--
INFO: Run Behavior\ReadHtmlCacheBehavior [ RunTime:0.000970s ]
INFO: [ app_begin ] --END-- [ RunTime:0.001734s ]
SQL: SHOW COLUMNS FROM `eshop_user_log` [ RunTime:0.0058s ]

[ 2016-12-18T15:24:36+08:00 ] ::1 /eshop/index.php/Home/UserCenter/delLog.html
INFO: [ app_begin ] --START--
INFO: Run Behavior\ReadHtmlCacheBehavior [ RunTime:0.000979s ]
INFO: [ app_begin ] --END-- [ RunTime:0.001575s ]
SQL: SHOW COLUMNS FROM `eshop_user_log` [ RunTime:0.0062s ]

[ 2016-12-18T15:25:03+08:00 ] ::1 /eshop/index.php/Home/UserCenter/delLog.html
INFO: [ app_begin ] --START--
INFO: Run Behavior\ReadHtmlCacheBehavior [ RunTime:0.000993s ]
INFO: [ app_begin ] --END-- [ RunTime:0.001594s ]
SQL: SHOW COLUMNS FROM `eshop_user_log` [ RunTime:0.0085s ]

[ 2016-12-18T15:25:14+08:00 ] ::1 /eshop/index.php/Home/UserCenter/delLog.html
INFO: [ app_begin ] --START--
INFO: Run Behavior\ReadHtmlCacheBehavior [ RunTime:0.000960s ]
INFO: [ app_begin ] --END-- [ RunTime:0.001680s ]
SQL: SHOW COLUMNS FROM `eshop_user_log` [ RunTime:0.0066s ]

[ 2016-12-18T15:41:14+08:00 ] ::1 /eshop/index.php/Home/UserCenter/delLog.html
INFO: [ app_begin ] --START--
INFO: Run Behavior\ReadHtmlCacheBehavior [ RunTime:0.001527s ]
INFO: [ app_begin ] --END-- [ RunTime:0.002536s ]
SQL: SHOW COLUMNS FROM `eshop_user_log` [ RunTime:0.0085s ]
NOTIC: [2] json_decode() expects parameter 1 to be string, array given D:\wampserver\wamp\www\eshop\App\Home\Controller\UserCenterController.class.php 第 28 行.

[ 2016-12-18T15:43:30+08:00 ] ::1 /eshop/index.php/Home/UserCenter/delLog.html
INFO: [ app_begin ] --START--
INFO: Run Behavior\ReadHtmlCacheBehavior [ RunTime:0.001037s ]
INFO: [ app_begin ] --END-- [ RunTime:0.002102s ]
SQL: SHOW COLUMNS FROM `eshop_user_log` [ RunTime:0.0082s ]
NOTIC: [2] json_decode() expects parameter 1 to be string, array given D:\wampserver\wamp\www\eshop\App\Home\Controller\UserCenterController.class.php 第 28 行.

[ 2016-12-18T15:52:16+08:00 ] ::1 /eshop/index.php/Home/UserCenter/delLog.html
INFO: [ app_begin ] --START--
INFO: Run Behavior\ReadHtmlCacheBehavior [ RunTime:0.000950s ]
INFO: [ app_begin ] --END-- [ RunTime:0.001568s ]
SQL: SHOW COLUMNS FROM `eshop_user_log` [ RunTime:0.0066s ]
NOTIC: [2] json_decode() expects parameter 1 to be string, array given D:\wampserver\wamp\www\eshop\App\Home\Controller\UserCenterController.class.php 第 28 行.

[ 2016-12-18T15:53:03+08:00 ] ::1 /eshop/index.php/Home/UserCenter/delLog.html
INFO: [ app_begin ] --START--
INFO: Run Behavior\ReadHtmlCacheBehavior [ RunTime:0.001023s ]
INFO: [ app_begin ] --END-- [ RunTime:0.001664s ]
SQL: SHOW COLUMNS FROM `eshop_user_log` [ RunTime:0.0068s ]

[ 2016-12-18T15:53:55+08:00 ] ::1 /eshop/index.php/Home/UserCenter/delLog.html
INFO: [ app_begin ] --START--
INFO: Run Behavior\ReadHtmlCacheBehavior [ RunTime:0.000922s ]
INFO: [ app_begin ] --END-- [ RunTime:0.001575s ]
SQL: SHOW COLUMNS FROM `eshop_user_log` [ RunTime:0.0079s ]

[ 2016-12-18T15:57:48+08:00 ] ::1 /eshop/index.php/Home/UserCenter/delLog.html
INFO: [ app_begin ] --START--
INFO: Run Behavior\ReadHtmlCacheBehavior [ RunTime:0.001151s ]
INFO: [ app_begin ] --END-- [ RunTime:0.002000s ]
SQL: SHOW COLUMNS FROM `eshop_user_log` [ RunTime:0.0075s ]
SQL: SELECT `id` FROM `eshop_user_log` WHERE `id` = 3 LIMIT 1   [ RunTime:0.0003s ]
NOTIC: [8] Undefined variable: result D:\wampserver\wamp\www\eshop\App\Home\Controller\UserCenterController.class.php 第 30 行.

[ 2016-12-18T15:57:57+08:00 ] ::1 /eshop/index.php/Home/UserCenter/delLog.html
INFO: [ app_begin ] --START--
INFO: Run Behavior\ReadHtmlCacheBehavior [ RunTime:0.000956s ]
INFO: [ app_begin ] --END-- [ RunTime:0.001594s ]
SQL: SHOW COLUMNS FROM `eshop_user_log` [ RunTime:0.0082s ]
SQL: SELECT `id` FROM `eshop_user_log` WHERE `id` = 5 LIMIT 1   [ RunTime:0.0003s ]
NOTIC: [8] Undefined variable: result D:\wampserver\wamp\www\eshop\App\Home\Controller\UserCenterController.class.php 第 30 行.

[ 2016-12-18T15:58:12+08:00 ] ::1 /eshop/index.php/Home/UserCenter/delLog.html
INFO: [ app_begin ] --START--
INFO: Run Behavior\ReadHtmlCacheBehavior [ RunTime:0.001153s ]
INFO: [ app_begin ] --END-- [ RunTime:0.001804s ]
SQL: SHOW COLUMNS FROM `eshop_user_log` [ RunTime:0.0082s ]
SQL: SELECT `id` FROM `eshop_user_log` WHERE `id` = 3 LIMIT 1   [ RunTime:0.0003s ]
NOTIC: [8] Undefined variable: result D:\wampserver\wamp\www\eshop\App\Home\Controller\UserCenterController.class.php 第 30 行.

[ 2016-12-18T15:58:23+08:00 ] ::1 /eshop/index.php/Home/UserCenter/delLog.html
INFO: [ app_begin ] --START--
INFO: Run Behavior\ReadHtmlCacheBehavior [ RunTime:0.000935s ]
INFO: [ app_begin ] --END-- [ RunTime:0.001566s ]
SQL: SHOW COLUMNS FROM `eshop_user_log` [ RunTime:0.0069s ]
SQL: SELECT `id` FROM `eshop_user_log` WHERE `id` = 3 LIMIT 1   [ RunTime:0.0003s ]
NOTIC: [8] Undefined variable: result D:\wampserver\wamp\www\eshop\App\Home\Controller\UserCenterController.class.php 第 30 行.

[ 2016-12-18T15:58:37+08:00 ] ::1 /eshop/index.php/Home/UserCenter/delLog.html
INFO: [ app_begin ] --START--
INFO: Run Behavior\ReadHtmlCacheBehavior [ RunTime:0.000980s ]
INFO: [ app_begin ] --END-- [ RunTime:0.001650s ]
SQL: SHOW COLUMNS FROM `eshop_user_log` [ RunTime:0.0058s ]
SQL: SELECT `id` FROM `eshop_user_log` WHERE `id` = 3 LIMIT 1   [ RunTime:0.0003s ]
NOTIC: [8] Undefined variable: result D:\wampserver\wamp\www\eshop\App\Home\Controller\UserCenterController.class.php 第 30 行.

[ 2016-12-18T15:59:16+08:00 ] ::1 /eshop/index.php/Home/UserCenter/delLog.html
INFO: [ app_begin ] --START--
INFO: Run Behavior\ReadHtmlCacheBehavior [ RunTime:0.000948s ]
INFO: [ app_begin ] --END-- [ RunTime:0.001589s ]
SQL: SHOW COLUMNS FROM `eshop_user_log` [ RunTime:0.0063s ]
SQL: SELECT `id` FROM `eshop_user_log` WHERE `id` = 3 LIMIT 1   [ RunTime:0.0003s ]
NOTIC: [8] Undefined variable: result D:\wampserver\wamp\www\eshop\App\Home\Controller\UserCenterController.class.php 第 30 行.

[ 2016-12-18T16:01:35+08:00 ] ::1 /eshop/index.php/Home/UserCenter/delLogInfo
INFO: [ app_begin ] --START--
INFO: Run Behavior\ReadHtmlCacheBehavior [ RunTime:0.001727s ]
INFO: [ app_begin ] --END-- [ RunTime:0.002395s ]
ERR: 非法操作:delLogInfo

[ 2016-12-18T16:01:50+08:00 ] ::1 /eshop/index.php/Home/UserCenter/delLogInfo
INFO: [ app_begin ] --START--
INFO: Run Behavior\ReadHtmlCacheBehavior [ RunTime:0.000973s ]
INFO: [ app_begin ] --END-- [ RunTime:0.001612s ]
ERR: 非法操作:delLogInfo

[ 2016-12-18T16:02:09+08:00 ] ::1 /eshop/index.php/Home/UserCenter/delLog.html
INFO: [ app_begin ] --START--
INFO: Run Behavior\ReadHtmlCacheBehavior [ RunTime:0.000977s ]
INFO: [ app_begin ] --END-- [ RunTime:0.001646s ]
SQL: SHOW COLUMNS FROM `eshop_user_log` [ RunTime:0.0515s ]
SQL: SELECT `id` FROM `eshop_user_log` WHERE `id` = 2 LIMIT 1   [ RunTime:0.0003s ]
NOTIC: [8] Undefined variable: result D:\wampserver\wamp\www\eshop\App\Home\Controller\UserCenterController.class.php 第 30 行.

[ 2016-12-18T16:02:31+08:00 ] ::1 /eshop/index.php/Home/UserCenter/delLog.html
INFO: [ app_begin ] --START--
INFO: Run Behavior\ReadHtmlCacheBehavior [ RunTime:0.000938s ]
INFO: [ app_begin ] --END-- [ RunTime:0.001638s ]
SQL: SHOW COLUMNS FROM `eshop_user_log` [ RunTime:0.0087s ]
SQL: SELECT `id` FROM `eshop_user_log` WHERE `id` = 3 LIMIT 1   [ RunTime:0.0003s ]
NOTIC: [8] Undefined variable: result D:\wampserver\wamp\www\eshop\App\Home\Controller\UserCenterController.class.php 第 30 行.

[ 2016-12-18T16:03:33+08:00 ] ::1 /eshop/index.php/Home/UserCenter/delLog.html
INFO: [ app_begin ] --START--
INFO: Run Behavior\ReadHtmlCacheBehavior [ RunTime:0.001031s ]
INFO: [ app_begin ] --END-- [ RunTime:0.001720s ]
SQL: SHOW COLUMNS FROM `eshop_user_log` [ RunTime:0.0083s ]
SQL: SELECT `id` FROM `eshop_user_log` WHERE `id` = 3 LIMIT 1   [ RunTime:0.0003s ]
NOTIC: [8] Undefined variable: result D:\wampserver\wamp\www\eshop\App\Home\Controller\UserCenterController.class.php 第 30 行.

[ 2016-12-18T16:04:36+08:00 ] ::1 /eshop/index.php/Home/UserCenter/delLog.html
INFO: [ app_begin ] --START--
INFO: Run Behavior\ReadHtmlCacheBehavior [ RunTime:0.000943s ]
INFO: [ app_begin ] --END-- [ RunTime:0.001576s ]
SQL: SHOW COLUMNS FROM `eshop_user_log` [ RunTime:0.0081s ]
SQL: SELECT `id` FROM `eshop_user_log` WHERE `id` = 3 LIMIT 1   [ RunTime:0.0003s ]
NOTIC: [8] Undefined variable: result D:\wampserver\wamp\www\eshop\App\Home\Controller\UserCenterController.class.php 第 30 行.

[ 2016-12-18T16:04:40+08:00 ] ::1 /eshop/index.php/Home/UserCenter/delLog.html
INFO: [ app_begin ] --START--
INFO: Run Behavior\ReadHtmlCacheBehavior [ RunTime:0.000946s ]
INFO: [ app_begin ] --END-- [ RunTime:0.001575s ]
SQL: SHOW COLUMNS FROM `eshop_user_log` [ RunTime:0.0078s ]
SQL: SELECT `id` FROM `eshop_user_log` WHERE `id` = 3 LIMIT 1   [ RunTime:0.0003s ]
NOTIC: [8] Undefined variable: result D:\wampserver\wamp\www\eshop\App\Home\Controller\UserCenterController.class.php 第 30 行.

[ 2016-12-18T16:04:52+08:00 ] ::1 /eshop/index.php/Home/UserCenter/delLog.html
INFO: [ app_begin ] --START--
INFO: Run Behavior\ReadHtmlCacheBehavior [ RunTime:0.000984s ]
INFO: [ app_begin ] --END-- [ RunTime:0.001686s ]
SQL: SHOW COLUMNS FROM `eshop_user_log` [ RunTime:0.0078s ]
SQL: SELECT `id` FROM `eshop_user_log` WHERE `id` = 8 LIMIT 1   [ RunTime:0.0003s ]
NOTIC: [8] Undefined variable: result D:\wampserver\wamp\www\eshop\App\Home\Controller\UserCenterController.class.php 第 30 行.

[ 2016-12-18T16:05:00+08:00 ] ::1 /eshop/index.php/Home/UserCenter/delLog.html
INFO: [ app_begin ] --START--
INFO: Run Behavior\ReadHtmlCacheBehavior [ RunTime:0.001020s ]
INFO: [ app_begin ] --END-- [ RunTime:0.001711s ]
SQL: SHOW COLUMNS FROM `eshop_user_log` [ RunTime:0.0064s ]
SQL: SELECT `id` FROM `eshop_user_log` WHERE `id` = 8 LIMIT 1   [ RunTime:0.0003s ]
NOTIC: [8] Undefined variable: result D:\wampserver\wamp\www\eshop\App\Home\Controller\UserCenterController.class.php 第 30 行.

[ 2016-12-18T16:06:01+08:00 ] ::1 /eshop/index.php/Home/UserCenter/delLog.html
INFO: [ app_begin ] --START--
INFO: Run Behavior\ReadHtmlCacheBehavior [ RunTime:0.000998s ]
INFO: [ app_begin ] --END-- [ RunTime:0.001658s ]
SQL: SHOW COLUMNS FROM `eshop_user_log` [ RunTime:0.0075s ]
SQL: SELECT `id` FROM `eshop_user_log` WHERE `id` = 7 LIMIT 1   [ RunTime:0.0003s ]
NOTIC: [8] Undefined variable: result D:\wampserver\wamp\www\eshop\App\Home\Controller\UserCenterController.class.php 第 30 行.

[ 2016-12-18T16:07:09+08:00 ] ::1 /eshop/index.php/Home/UserCenter/delLog.html
INFO: [ app_begin ] --START--
INFO: Run Behavior\ReadHtmlCacheBehavior [ RunTime:0.000981s ]
INFO: [ app_begin ] --END-- [ RunTime:0.001624s ]
SQL: SHOW COLUMNS FROM `eshop_user_log` [ RunTime:0.0069s ]
SQL: SELECT `id` FROM `eshop_user_log` WHERE `id` = 1 LIMIT 1   [ RunTime:0.0003s ]
NOTIC: [8] Undefined variable: result D:\wampserver\wamp\www\eshop\App\Home\Controller\UserCenterController.class.php 第 31 行.

[ 2016-12-18T16:07:15+08:00 ] ::1 /eshop/index.php/Home/UserCenter/delLog.html
INFO: [ app_begin ] --START--
INFO: Run Behavior\ReadHtmlCacheBehavior [ RunTime:0.000938s ]
INFO: [ app_begin ] --END-- [ RunTime:0.001557s ]
SQL: SHOW COLUMNS FROM `eshop_user_log` [ RunTime:0.0066s ]
SQL: SELECT `id` FROM `eshop_user_log` WHERE `id` = 1 LIMIT 1   [ RunTime:0.0003s ]
NOTIC: [8] Undefined variable: result D:\wampserver\wamp\www\eshop\App\Home\Controller\UserCenterController.class.php 第 31 行.

[ 2016-12-18T16:07:18+08:00 ] ::1 /eshop/index.php/Home/UserCenter/delLog.html
INFO: [ app_begin ] --START--
INFO: Run Behavior\ReadHtmlCacheBehavior [ RunTime:0.000944s ]
INFO: [ app_begin ] --END-- [ RunTime:0.001568s ]
SQL: SHOW COLUMNS FROM `eshop_user_log` [ RunTime:0.0089s ]
SQL: SELECT `id` FROM `eshop_user_log` WHERE `id` = 2 LIMIT 1   [ RunTime:0.0003s ]
NOTIC: [8] Undefined variable: result D:\wampserver\wamp\www\eshop\App\Home\Controller\UserCenterController.class.php 第 31 行.

[ 2016-12-18T16:10:31+08:00 ] ::1 /eshop/index.php/Home/UserCenter/delLog.html?logid=2
INFO: [ app_begin ] --START--
INFO: Run Behavior\ReadHtmlCacheBehavior [ RunTime:0.000958s ]
INFO: [ app_begin ] --END-- [ RunTime:0.001591s ]
SQL: SHOW COLUMNS FROM `eshop_user_log` [ RunTime:0.0115s ]
SQL: SELECT `id` FROM `eshop_user_log` WHERE `id` = 2 LIMIT 1   [ RunTime:0.0003s ]
NOTIC: [8] Undefined variable: result D:\wampserver\wamp\www\eshop\App\Home\Controller\UserCenterController.class.php 第 29 行.

[ 2016-12-18T16:11:10+08:00 ] ::1 /eshop/index.php/Home/UserCenter/delLog.html?logid=3
INFO: [ app_begin ] --START--
INFO: Run Behavior\ReadHtmlCacheBehavior [ RunTime:0.000960s ]
INFO: [ app_begin ] --END-- [ RunTime:0.001629s ]
SQL: SHOW COLUMNS FROM `eshop_user_log` [ RunTime:0.0084s ]

[ 2016-12-18T16:11:55+08:00 ] ::1 /eshop/index.php/Home/UserCenter/delLog
ERR: 模板不存在:./App/Home/View/default/UserCenter/delLog.html

[ 2016-12-18T16:13:14+08:00 ] ::1 /eshop/index.php/Home/UserCenter/delLog.html?logid=3
INFO: [ app_begin ] --START--
INFO: Run Behavior\ReadHtmlCacheBehavior [ RunTime:0.000973s ]
INFO: [ app_begin ] --END-- [ RunTime:0.001589s ]
SQL: SHOW COLUMNS FROM `eshop_user_log` [ RunTime:0.0074s ]
INFO: [ view_parse ] --START--
INFO: [ template_filter ] --START--
INFO: Run Behavior\ContentReplaceBehavior [ RunTime:0.000050s ]
INFO: [ template_filter ] --END-- [ RunTime:0.000126s ]
INFO: Run Behavior\ParseTemplateBehavior [ RunTime:0.007582s ]
INFO: [ view_parse ] --END-- [ RunTime:0.007679s ]
INFO: [ view_filter ] --START--
INFO: Run Behavior\WriteHtmlCacheBehavior [ RunTime:0.000729s ]
INFO: [ view_filter ] --END-- [ RunTime:0.000795s ]

[ 2016-12-18T16:13:49+08:00 ] ::1 /eshop/index.php/Home/UserCenter/delLog.html?logid=5
INFO: [ app_begin ] --START--
INFO: Run Behavior\ReadHtmlCacheBehavior [ RunTime:0.001109s ]
INFO: [ app_begin ] --END-- [ RunTime:0.001834s ]
SQL: SHOW COLUMNS FROM `eshop_user_log` [ RunTime:0.0061s ]
INFO: [ view_parse ] --START--
INFO: [ template_filter ] --START--
INFO: Run Behavior\ContentReplaceBehavior [ RunTime:0.000075s ]
INFO: [ template_filter ] --END-- [ RunTime:0.000201s ]
INFO: Run Behavior\ParseTemplateBehavior [ RunTime:0.009328s ]
INFO: [ view_parse ] --END-- [ RunTime:0.009423s ]
INFO: [ view_filter ] --START--
INFO: Run Behavior\WriteHtmlCacheBehavior [ RunTime:0.000782s ]
INFO: [ view_filter ] --END-- [ RunTime:0.000865s ]

[ 2016-12-18T16:14:06+08:00 ] ::1 /eshop/index.php/Home/UserCenter/delLog.html?logid=5
INFO: [ app_begin ] --START--
INFO: Run Behavior\ReadHtmlCacheBehavior [ RunTime:0.001016s ]
INFO: [ app_begin ] --END-- [ RunTime:0.001697s ]
SQL: SHOW COLUMNS FROM `eshop_user_log` [ RunTime:0.0067s ]
INFO: [ view_parse ] --START--
INFO: [ template_filter ] --START--
INFO: Run Behavior\ContentReplaceBehavior [ RunTime:0.000053s ]
INFO: [ template_filter ] --END-- [ RunTime:0.000131s ]
INFO: Run Behavior\ParseTemplateBehavior [ RunTime:0.007244s ]
INFO: [ view_parse ] --END-- [ RunTime:0.007326s ]
INFO: [ view_filter ] --START--
INFO: Run Behavior\WriteHtmlCacheBehavior [ RunTime:0.000721s ]
INFO: [ view_filter ] --END-- [ RunTime:0.000785s ]

[ 2016-12-18T16:14:11+08:00 ] ::1 /eshop/index.php/Home/UserCenter/delLog.html?logid=5
INFO: [ app_begin ] --START--
INFO: Run Behavior\ReadHtmlCacheBehavior [ RunTime:0.001853s ]
INFO: [ app_begin ] --END-- [ RunTime:0.002791s ]
SQL: SHOW COLUMNS FROM `eshop_user_log` [ RunTime:0.0086s ]
INFO: [ view_parse ] --START--
INFO: [ template_filter ] --START--
INFO: Run Behavior\ContentReplaceBehavior [ RunTime:0.000050s ]
INFO: [ template_filter ] --END-- [ RunTime:0.000130s ]
INFO: Run Behavior\ParseTemplateBehavior [ RunTime:0.007474s ]
INFO: [ view_parse ] --END-- [ RunTime:0.007561s ]
INFO: [ view_filter ] --START--
INFO: Run Behavior\WriteHtmlCacheBehavior [ RunTime:0.000887s ]
INFO: [ view_filter ] --END-- [ RunTime:0.000958s ]

[ 2016-12-18T16:14:15+08:00 ] ::1 /eshop/index.php/Home/UserCenter/delLog.html?logid=5
INFO: [ app_begin ] --START--
INFO: Run Behavior\ReadHtmlCacheBehavior [ RunTime:0.000972s ]
INFO: [ app_begin ] --END-- [ RunTime:0.001559s ]
SQL: SHOW COLUMNS FROM `eshop_user_log` [ RunTime:0.0252s ]
INFO: [ view_parse ] --START--
INFO: [ template_filter ] --START--
INFO: Run Behavior\ContentReplaceBehavior [ RunTime:0.000080s ]
INFO: [ template_filter ] --END-- [ RunTime:0.000214s ]
INFO: Run Behavior\ParseTemplateBehavior [ RunTime:0.009501s ]
INFO: [ view_parse ] --END-- [ RunTime:0.009603s ]
INFO: [ view_filter ] --START--
INFO: Run Behavior\WriteHtmlCacheBehavior [ RunTime:0.000913s ]
INFO: [ view_filter ] --END-- [ RunTime:0.001004s ]

[ 2016-12-18T16:14:19+08:00 ] ::1 /eshop/index.php/Home/UserCenter/delLog.html?logid=6
INFO: [ app_begin ] --START--
INFO: Run Behavior\ReadHtmlCacheBehavior [ RunTime:0.000974s ]
INFO: [ app_begin ] --END-- [ RunTime:0.001709s ]
SQL: SHOW COLUMNS FROM `eshop_user_log` [ RunTime:0.0060s ]
INFO: [ view_parse ] --START--
INFO: [ template_filter ] --START--
INFO: Run Behavior\ContentReplaceBehavior [ RunTime:0.000050s ]
INFO: [ template_filter ] --END-- [ RunTime:0.000129s ]
INFO: Run Behavior\ParseTemplateBehavior [ RunTime:0.008251s ]
INFO: [ view_parse ] --END-- [ RunTime:0.008350s ]
INFO: [ view_filter ] --START--
INFO: Run Behavior\WriteHtmlCacheBehavior [ RunTime:0.000884s ]
INFO: [ view_filter ] --END-- [ RunTime:0.000952s ]

[ 2016-12-18T16:14:22+08:00 ] ::1 /eshop/index.php/Home/UserCenter/delLog.html?logid=8
INFO: [ app_begin ] --START--
INFO: Run Behavior\ReadHtmlCacheBehavior [ RunTime:0.000975s ]
INFO: [ app_begin ] --END-- [ RunTime:0.001665s ]
SQL: SHOW COLUMNS FROM `eshop_user_log` [ RunTime:0.0070s ]
INFO: [ view_parse ] --START--
INFO: [ template_filter ] --START--
INFO: Run Behavior\ContentReplaceBehavior [ RunTime:0.000050s ]
INFO: [ template_filter ] --END-- [ RunTime:0.000130s ]
INFO: Run Behavior\ParseTemplateBehavior [ RunTime:0.008225s ]
INFO: [ view_parse ] --END-- [ RunTime:0.008346s ]
INFO: [ view_filter ] --START--
INFO: Run Behavior\WriteHtmlCacheBehavior [ RunTime:0.000769s ]
INFO: [ view_filter ] --END-- [ RunTime:0.000836s ]

[ 2016-12-18T16:15:02+08:00 ] ::1 /eshop/index.php/Home/UserCenter/delLog.html?logid=7
INFO: [ app_begin ] --START--
INFO: Run Behavior\ReadHtmlCacheBehavior [ RunTime:0.000946s ]
INFO: [ app_begin ] --END-- [ RunTime:0.001575s ]
SQL: SHOW COLUMNS FROM `eshop_user_log` [ RunTime:0.0090s ]
SQL: SELECT `id` FROM `eshop_user_log` WHERE `id` = 7 LIMIT 1   [ RunTime:0.0003s ]
NOTIC: [8] Undefined variable: result D:\wampserver\wamp\www\eshop\App\Home\Controller\UserCenterController.class.php 第 29 行.

[ 2016-12-18T16:15:09+08:00 ] ::1 /eshop/index.php/Home/UserCenter/delLog.html?logid=5
INFO: [ app_begin ] --START--
INFO: Run Behavior\ReadHtmlCacheBehavior [ RunTime:0.000970s ]
INFO: [ app_begin ] --END-- [ RunTime:0.001617s ]
SQL: SHOW COLUMNS FROM `eshop_user_log` [ RunTime:0.0241s ]
SQL: SELECT `id` FROM `eshop_user_log` WHERE `id` = 5 LIMIT 1   [ RunTime:0.0003s ]
NOTIC: [8] Undefined variable: result D:\wampserver\wamp\www\eshop\App\Home\Controller\UserCenterController.class.php 第 29 行.

[ 2016-12-18T16:16:06+08:00 ] ::1 /eshop/index.php/Home/UserCenter/delLog.html?logid=5
INFO: [ app_begin ] --START--
INFO: Run Behavior\ReadHtmlCacheBehavior [ RunTime:0.000969s ]
INFO: [ app_begin ] --END-- [ RunTime:0.001626s ]
SQL: SHOW COLUMNS FROM `eshop_user_log` [ RunTime:0.0069s ]
SQL: DELETE FROM `eshop_user_log` WHERE `id` = 5 [ RunTime:0.0933s ]
NOTIC: [8] Undefined variable: result D:\wampserver\wamp\www\eshop\App\Home\Controller\UserCenterController.class.php 第 29 行.

[ 2016-12-18T16:18:38+08:00 ] ::1 /eshop/index.php/Home/UserCenter/delLog.html
INFO: [ app_begin ] --START--
INFO: Run Behavior\ReadHtmlCacheBehavior [ RunTime:0.000913s ]
INFO: [ app_begin ] --END-- [ RunTime:0.001543s ]
SQL: SHOW COLUMNS FROM `eshop_user_log` [ RunTime:0.0065s ]
SQL: DELETE FROM `eshop_user_log` WHERE `id` = 4 [ RunTime:0.1015s ]
NOTIC: [8] Undefined variable: result D:\wampserver\wamp\www\eshop\App\Home\Controller\UserCenterController.class.php 第 32 行.

[ 2016-12-18T16:23:45+08:00 ] ::1 /eshop/index.php/Home/UserCenter/delLog.html
INFO: [ app_begin ] --START--
INFO: Run Behavior\ReadHtmlCacheBehavior [ RunTime:0.001683s ]
INFO: [ app_begin ] --END-- [ RunTime:0.002499s ]
SQL: SHOW COLUMNS FROM `eshop_user_log` [ RunTime:0.0088s ]
SQL: DELETE FROM `eshop_user_log` WHERE `id` = 3 [ RunTime:0.0935s ]
NOTIC: [8] Undefined variable: result D:\wampserver\wamp\www\eshop\App\Home\Controller\UserCenterController.class.php 第 32 行.

[ 2016-12-18T16:24:03+08:00 ] ::1 /eshop/index.php/Home/UserCenter/delLog.html
INFO: [ app_begin ] --START--
INFO: Run Behavior\ReadHtmlCacheBehavior [ RunTime:0.000935s ]
INFO: [ app_begin ] --END-- [ RunTime:0.001662s ]
SQL: SHOW COLUMNS FROM `eshop_user_log` [ RunTime:0.0067s ]
SQL: DELETE FROM `eshop_user_log` WHERE `id` = 6 [ RunTime:0.0957s ]
NOTIC: [8] Undefined variable: result D:\wampserver\wamp\www\eshop\App\Home\Controller\UserCenterController.class.php 第 32 行.

[ 2016-12-18T16:24:10+08:00 ] ::1 /eshop/index.php/Home/UserCenter/delLog.html
INFO: [ app_begin ] --START--
INFO: Run Behavior\ReadHtmlCacheBehavior [ RunTime:0.000936s ]
INFO: [ app_begin ] --END-- [ RunTime:0.001581s ]
SQL: SHOW COLUMNS FROM `eshop_user_log` [ RunTime:0.0076s ]
SQL: DELETE FROM `eshop_user_log` WHERE `id` = 2 [ RunTime:0.0863s ]
NOTIC: [8] Undefined variable: result D:\wampserver\wamp\www\eshop\App\Home\Controller\UserCenterController.class.php 第 32 行.

[ 2016-12-18T16:32:13+08:00 ] ::1 /eshop/index.php/Home/UserCenter/ucenter_orders.html
ERR: 非法操作:ucenter_orders

[ 2016-12-18T16:32:44+08:00 ] ::1 /eshop/index.php/Home/UserCenter/delLog.html
INFO: [ app_begin ] --START--
INFO: Run Behavior\ReadHtmlCacheBehavior [ RunTime:0.001100s ]
INFO: [ app_begin ] --END-- [ RunTime:0.001789s ]
SQL: SHOW COLUMNS FROM `eshop_user_log` [ RunTime:0.0074s ]
SQL: DELETE FROM `eshop_user_log` WHERE `id` = 7 [ RunTime:0.0997s ]
NOTIC: [8] Undefined variable: result D:\wampserver\wamp\www\eshop\App\Home\Controller\UserCenterController.class.php 第 32 行.

[ 2016-12-18T16:40:12+08:00 ] ::1 /eshop/index.php/Home/UserCenter/delLog.html
INFO: [ app_begin ] --START--
INFO: Run Behavior\ReadHtmlCacheBehavior [ RunTime:0.000928s ]
INFO: [ app_begin ] --END-- [ RunTime:0.001591s ]
SQL: SHOW COLUMNS FROM `eshop_user_log` [ RunTime:0.0083s ]
SQL: DELETE FROM `eshop_user_log` WHERE `id` = 1 [ RunTime:0.0918s ]
NOTIC: [8] Undefined variable: result D:\wampserver\wamp\www\eshop\App\Home\Controller\UserCenterController.class.php 第 32 行.
NOTIC: [8] Undefined variable: msg D:\wampserver\wamp\www\eshop\App\Home\Controller\UserCenterController.class.php 第 36 行.
INFO: [ app_end ] --START--
INFO: Run Behavior\ShowPageTraceBehavior [ RunTime:0.001373s ]
INFO: [ app_end ] --END-- [ RunTime:0.001479s ]

[ 2016-12-18T16:40:16+08:00 ] ::1 /eshop/index.php/Home/UserCenter/delLog.html
INFO: [ app_begin ] --START--
INFO: Run Behavior\ReadHtmlCacheBehavior [ RunTime:0.000940s ]
INFO: [ app_begin ] --END-- [ RunTime:0.001647s ]
SQL: SHOW COLUMNS FROM `eshop_user_log` [ RunTime:0.0069s ]
SQL: DELETE FROM `eshop_user_log` WHERE `id` = 1 [ RunTime:0.0003s ]
NOTIC: [8] Undefined variable: result D:\wampserver\wamp\www\eshop\App\Home\Controller\UserCenterController.class.php 第 32 行.
NOTIC: [8] Undefined variable: msg D:\wampserver\wamp\www\eshop\App\Home\Controller\UserCenterController.class.php 第 36 行.
INFO: [ app_end ] --START--
INFO: Run Behavior\ShowPageTraceBehavior [ RunTime:0.001091s ]
INFO: [ app_end ] --END-- [ RunTime:0.001181s ]

[ 2016-12-18T16:40:42+08:00 ] ::1 /eshop/index.php/Home/UserCenter/delLog.html
INFO: [ app_begin ] --START--
INFO: Run Behavior\ReadHtmlCacheBehavior [ RunTime:0.000985s ]
INFO: [ app_begin ] --END-- [ RunTime:0.001685s ]
SQL: SHOW COLUMNS FROM `eshop_user_log` [ RunTime:0.0083s ]
SQL: DELETE FROM `eshop_user_log` WHERE `id` = 8 [ RunTime:0.0795s ]
NOTIC: [8] Undefined variable: result D:\wampserver\wamp\www\eshop\App\Home\Controller\UserCenterController.class.php 第 32 行.
NOTIC: [8] Undefined variable: msg D:\wampserver\wamp\www\eshop\App\Home\Controller\UserCenterController.class.php 第 36 行.
INFO: [ app_end ] --START--
INFO: Run Behavior\ShowPageTraceBehavior [ RunTime:0.001240s ]
INFO: [ app_end ] --END-- [ RunTime:0.001328s ]

[ 2016-12-18T16:43:02+08:00 ] ::1 /eshop/index.php/Home/User/checkVerify.html
INFO: [ app_begin ] --START--
INFO: Run Behavior\ReadHtmlCacheBehavior [ RunTime:0.000948s ]
INFO: [ app_begin ] --END-- [ RunTime:0.001642s ]
INFO: [ app_end ] --START--
INFO: Run Behavior\ShowPageTraceBehavior [ RunTime:0.000939s ]
INFO: [ app_end ] --END-- [ RunTime:0.001032s ]

[ 2016-12-18T16:46:06+08:00 ] ::1 /eshop/index.php/Home/User/checkVerify.html
INFO: [ app_begin ] --START--
INFO: Run Behavior\ReadHtmlCacheBehavior [ RunTime:0.001109s ]
INFO: [ app_begin ] --END-- [ RunTime:0.002056s ]
INFO: [ app_end ] --START--
INFO: Run Behavior\ShowPageTraceBehavior [ RunTime:0.000930s ]
INFO: [ app_end ] --END-- [ RunTime:0.001030s ]

[ 2016-12-18T16:51:05+08:00 ] ::1 /eshop/index.php/Home/UserCenter/delLog.html
INFO: [ app_begin ] --START--
INFO: Run Behavior\ReadHtmlCacheBehavior [ RunTime:0.001063s ]
INFO: [ app_begin ] --END-- [ RunTime:0.002007s ]
SQL: SHOW COLUMNS FROM `eshop_user_log` [ RunTime:0.0096s ]
SQL: DELETE FROM `eshop_user_log` WHERE `id` = 9 [ RunTime:0.0999s ]
NOTIC: [8] Undefined variable: result D:\wampserver\wamp\www\eshop\App\Home\Controller\UserCenterController.class.php 第 32 行.
NOTIC: [8] Undefined variable: msg D:\wampserver\wamp\www\eshop\App\Home\Controller\UserCenterController.class.php 第 36 行.
INFO: [ app_end ] --START--
INFO: Run Behavior\ShowPageTraceBehavior [ RunTime:0.001466s ]
INFO: [ app_end ] --END-- [ RunTime:0.001583s ]

[ 2016-12-18T16:58:17+08:00 ] ::1 /eshop/index.php/Home/UserCenter/delLog.html
INFO: [ app_begin ] --START--
INFO: Run Behavior\ReadHtmlCacheBehavior [ RunTime:0.000839s ]
INFO: [ app_begin ] --END-- [ RunTime:0.001460s ]
SQL: SHOW COLUMNS FROM `eshop_user_log` [ RunTime:0.0056s ]
SQL: DELETE FROM `eshop_user_log` WHERE `id` = 10 [ RunTime:0.0506s ]
NOTIC: [8] Undefined variable: result D:\wampserver\wamp\www\eshop\App\Home\Controller\UserCenterController.class.php 第 32 行.

[ 2016-12-18T17:00:28+08:00 ] ::1 /eshop/index.php/Home/User/checkVerify.html
INFO: [ app_begin ] --START--
INFO: Run Behavior\ReadHtmlCacheBehavior [ RunTime:0.000855s ]
INFO: [ app_begin ] --END-- [ RunTime:0.001499s ]
INFO: [ app_end ] --START--
INFO: Run Behavior\ShowPageTraceBehavior [ RunTime:0.000853s ]
INFO: [ app_end ] --END-- [ RunTime:0.000951s ]

[ 2016-12-18T17:00:38+08:00 ] ::1 /eshop/index.php/Home/UserCenter/delLog.html
INFO: [ app_begin ] --START--
INFO: Run Behavior\ReadHtmlCacheBehavior [ RunTime:0.000901s ]
INFO: [ app_begin ] --END-- [ RunTime:0.002172s ]
SQL: SHOW COLUMNS FROM `eshop_user_log` [ RunTime:0.0059s ]
SQL: DELETE FROM `eshop_user_log` WHERE `id` = 11 [ RunTime:0.0529s ]
NOTIC: [8] Undefined variable: result D:\wampserver\wamp\www\eshop\App\Home\Controller\UserCenterController.class.php 第 32 行.

[ 2016-12-18T17:02:06+08:00 ] ::1 /eshop/index.php/Home/User/checkVerify.html
INFO: [ app_begin ] --START--
INFO: Run Behavior\ReadHtmlCacheBehavior [ RunTime:0.000908s ]
INFO: [ app_begin ] --END-- [ RunTime:0.001575s ]
INFO: [ app_end ] --START--
INFO: Run Behavior\ShowPageTraceBehavior [ RunTime:0.000880s ]
INFO: [ app_end ] --END-- [ RunTime:0.000968s ]

[ 2016-12-18T17:02:10+08:00 ] ::1 /eshop/index.php/Home/User/checkVerify.html
INFO: [ app_begin ] --START--
INFO: Run Behavior\ReadHtmlCacheBehavior [ RunTime:0.000926s ]
INFO: [ app_begin ] --END-- [ RunTime:0.001592s ]
INFO: [ app_end ] --START--
INFO: Run Behavior\ShowPageTraceBehavior [ RunTime:0.000903s ]
INFO: [ app_end ] --END-- [ RunTime:0.000995s ]

[ 2016-12-18T17:02:10+08:00 ] ::1 /eshop/index.php/Home/User/checkVerify.html
INFO: [ app_begin ] --START--
INFO: Run Behavior\ReadHtmlCacheBehavior [ RunTime:0.000993s ]
INFO: [ app_begin ] --END-- [ RunTime:0.001656s ]
INFO: [ app_end ] --START--
INFO: Run Behavior\ShowPageTraceBehavior [ RunTime:0.000901s ]
INFO: [ app_end ] --END-- [ RunTime:0.000989s ]

[ 2016-12-18T17:02:21+08:00 ] ::1 /eshop/index.php/Home/User/checkVerify.html
INFO: [ app_begin ] --START--
INFO: Run Behavior\ReadHtmlCacheBehavior [ RunTime:0.000932s ]
INFO: [ app_begin ] --END-- [ RunTime:0.001597s ]
INFO: [ app_end ] --START--
INFO: Run Behavior\ShowPageTraceBehavior [ RunTime:0.000974s ]
INFO: [ app_end ] --END-- [ RunTime:0.001098s ]

[ 2016-12-18T17:02:22+08:00 ] ::1 /eshop/index.php/Home/User/checkVerify.html
INFO: [ app_begin ] --START--
INFO: Run Behavior\ReadHtmlCacheBehavior [ RunTime:0.000975s ]
INFO: [ app_begin ] --END-- [ RunTime:0.001622s ]
INFO: [ app_end ] --START--
INFO: Run Behavior\ShowPageTraceBehavior [ RunTime:0.000928s ]
INFO: [ app_end ] --END-- [ RunTime:0.001045s ]

[ 2016-12-18T17:02:24+08:00 ] ::1 /eshop/index.php/Home/User/checkVerify.html
INFO: [ app_begin ] --START--
INFO: Run Behavior\ReadHtmlCacheBehavior [ RunTime:0.001739s ]
INFO: [ app_begin ] --END-- [ RunTime:0.002989s ]
INFO: [ app_end ] --START--
INFO: Run Behavior\ShowPageTraceBehavior [ RunTime:0.001171s ]
INFO: [ app_end ] --END-- [ RunTime:0.001288s ]

[ 2016-12-18T17:02:24+08:00 ] ::1 /eshop/index.php/Home/User/checkVerify.html
INFO: [ app_begin ] --START--
INFO: Run Behavior\ReadHtmlCacheBehavior [ RunTime:0.001015s ]
INFO: [ app_begin ] --END-- [ RunTime:0.001733s ]
INFO: [ app_end ] --START--
INFO: Run Behavior\ShowPageTraceBehavior [ RunTime:0.001099s ]
INFO: [ app_end ] --END-- [ RunTime:0.001235s ]

[ 2016-12-18T17:02:24+08:00 ] ::1 /eshop/index.php/Home/User/checkVerify.html
INFO: [ app_begin ] --START--
INFO: Run Behavior\ReadHtmlCacheBehavior [ RunTime:0.000929s ]
INFO: [ app_begin ] --END-- [ RunTime:0.001594s ]
INFO: [ app_end ] --START--
INFO: Run Behavior\ShowPageTraceBehavior [ RunTime:0.000954s ]
INFO: [ app_end ] --END-- [ RunTime:0.001060s ]

[ 2016-12-18T17:02:26+08:00 ] ::1 /eshop/index.php/Home/User/checkVerify.html
INFO: [ app_begin ] --START--
INFO: Run Behavior\ReadHtmlCacheBehavior [ RunTime:0.000923s ]
INFO: [ app_begin ] --END-- [ RunTime:0.001623s ]
INFO: [ app_end ] --START--
INFO: Run Behavior\ShowPageTraceBehavior [ RunTime:0.000926s ]
INFO: [ app_end ] --END-- [ RunTime:0.001015s ]

[ 2016-12-18T17:02:26+08:00 ] ::1 /eshop/index.php/Home/User/checkVerify.html
INFO: [ app_begin ] --START--
INFO: Run Behavior\ReadHtmlCacheBehavior [ RunTime:0.001046s ]
INFO: [ app_begin ] --END-- [ RunTime:0.001739s ]
INFO: [ app_end ] --START--
INFO: Run Behavior\ShowPageTraceBehavior [ RunTime:0.000901s ]
INFO: [ app_end ] --END-- [ RunTime:0.000992s ]

[ 2016-12-18T17:02:27+08:00 ] ::1 /eshop/index.php/Home/User/checkVerify.html
INFO: [ app_begin ] --START--
INFO: Run Behavior\ReadHtmlCacheBehavior [ RunTime:0.000950s ]
INFO: [ app_begin ] --END-- [ RunTime:0.001611s ]
INFO: [ app_end ] --START--
INFO: Run Behavior\ShowPageTraceBehavior [ RunTime:0.001060s ]
INFO: [ app_end ] --END-- [ RunTime:0.001167s ]

[ 2016-12-18T17:02:27+08:00 ] ::1 /eshop/index.php/Home/User/checkVerify.html
INFO: [ app_begin ] --START--
INFO: Run Behavior\ReadHtmlCacheBehavior [ RunTime:0.000908s ]
INFO: [ app_begin ] --END-- [ RunTime:0.001553s ]
INFO: [ app_end ] --START--
INFO: Run Behavior\ShowPageTraceBehavior [ RunTime:0.000896s ]
INFO: [ app_end ] --END-- [ RunTime:0.000994s ]

[ 2016-12-18T17:02:28+08:00 ] ::1 /eshop/index.php/Home/User/checkVerify.html
INFO: [ app_begin ] --START--
INFO: Run Behavior\ReadHtmlCacheBehavior [ RunTime:0.000926s ]
INFO: [ app_begin ] --END-- [ RunTime:0.001631s ]
INFO: [ app_end ] --START--
INFO: Run Behavior\ShowPageTraceBehavior [ RunTime:0.001030s ]
INFO: [ app_end ] --END-- [ RunTime:0.001129s ]

[ 2016-12-18T17:02:28+08:00 ] ::1 /eshop/index.php/Home/User/checkVerify.html
INFO: [ app_begin ] --START--
INFO: Run Behavior\ReadHtmlCacheBehavior [ RunTime:0.001571s ]
INFO: [ app_begin ] --END-- [ RunTime:0.002672s ]
INFO: [ app_end ] --START--
INFO: Run Behavior\ShowPageTraceBehavior [ RunTime:0.001529s ]
INFO: [ app_end ] --END-- [ RunTime:0.001690s ]

[ 2016-12-18T17:02:29+08:00 ] ::1 /eshop/index.php/Home/User/checkVerify.html
INFO: [ app_begin ] --START--
INFO: Run Behavior\ReadHtmlCacheBehavior [ RunTime:0.001812s ]
INFO: [ app_begin ] --END-- [ RunTime:0.003174s ]
INFO: [ app_end ] --START--
INFO: Run Behavior\ShowPageTraceBehavior [ RunTime:0.001457s ]
INFO: [ app_end ] --END-- [ RunTime:0.001608s ]

[ 2016-12-18T17:02:29+08:00 ] ::1 /eshop/index.php/Home/User/checkVerify.html
INFO: [ app_begin ] --START--
INFO: Run Behavior\ReadHtmlCacheBehavior [ RunTime:0.000929s ]
INFO: [ app_begin ] --END-- [ RunTime:0.001526s ]
INFO: [ app_end ] --START--
INFO: Run Behavior\ShowPageTraceBehavior [ RunTime:0.000883s ]
INFO: [ app_end ] --END-- [ RunTime:0.000971s ]

[ 2016-12-18T17:02:58+08:00 ] ::1 /eshop/index.php/Home/User/checkVerify.html
INFO: [ app_begin ] --START--
INFO: Run Behavior\ReadHtmlCacheBehavior [ RunTime:0.000928s ]
INFO: [ app_begin ] --END-- [ RunTime:0.001592s ]
INFO: [ app_end ] --START--
INFO: Run Behavior\ShowPageTraceBehavior [ RunTime:0.000982s ]
INFO: [ app_end ] --END-- [ RunTime:0.001095s ]

[ 2016-12-18T17:03:46+08:00 ] ::1 /eshop/index.php/Home/UserCenter/delLog.html
INFO: [ app_begin ] --START--
INFO: Run Behavior\ReadHtmlCacheBehavior [ RunTime:0.001082s ]
INFO: [ app_begin ] --END-- [ RunTime:0.001875s ]
SQL: SHOW COLUMNS FROM `eshop_user_log` [ RunTime:0.0088s ]
SQL: DELETE FROM `eshop_user_log` WHERE `id` = 12 [ RunTime:0.0628s ]
NOTIC: [8] Undefined variable: result D:\wampserver\wamp\www\eshop\App\Home\Controller\UserCenterController.class.php 第 32 行.

[ 2016-12-18T17:04:18+08:00 ] ::1 /eshop/index.php/Home/UserCenter/delLog.html
INFO: [ app_begin ] --START--
INFO: Run Behavior\ReadHtmlCacheBehavior [ RunTime:0.000969s ]
INFO: [ app_begin ] --END-- [ RunTime:0.002034s ]
SQL: SHOW COLUMNS FROM `eshop_user_log` [ RunTime:0.0072s ]
SQL: DELETE FROM `eshop_user_log` WHERE `id` = 13 [ RunTime:0.0401s ]
NOTIC: [8] Undefined variable: result D:\wampserver\wamp\www\eshop\App\Home\Controller\UserCenterController.class.php 第 32 行.

[ 2016-12-18T17:06:44+08:00 ] ::1 /eshop/index.php/Home/UserCenter/delLog
ERR: 页面不存在！

[ 2016-12-18T17:11:13+08:00 ] ::1 /eshop/index.php/Home/UserCenter/delLog.html
INFO: [ app_begin ] --START--
INFO: Run Behavior\ReadHtmlCacheBehavior [ RunTime:0.001005s ]
INFO: [ app_begin ] --END-- [ RunTime:0.001689s ]
SQL: SHOW COLUMNS FROM `eshop_user_log` [ RunTime:0.0065s ]
SQL: DELETE FROM `eshop_user_log` WHERE ( id=14 ) [ RunTime:0.0004s ]

[ 2016-12-18T17:11:30+08:00 ] ::1 /eshop/index.php/Home/UserCenter/delLog.html
INFO: [ app_begin ] --START--
INFO: Run Behavior\ReadHtmlCacheBehavior [ RunTime:0.000878s ]
INFO: [ app_begin ] --END-- [ RunTime:0.001515s ]
SQL: SHOW COLUMNS FROM `eshop_user_log` [ RunTime:0.0089s ]
SQL: DELETE FROM `eshop_user_log` WHERE ( id=14 ) [ RunTime:0.0003s ]

[ 2016-12-18T17:12:07+08:00 ] ::1 /eshop/index.php/Home/UserCenter/delLog.html
INFO: [ app_begin ] --START--
INFO: Run Behavior\ReadHtmlCacheBehavior [ RunTime:0.000944s ]
INFO: [ app_begin ] --END-- [ RunTime:0.001598s ]
SQL: SHOW COLUMNS FROM `eshop_user_log` [ RunTime:0.0094s ]
SQL: DELETE FROM `eshop_user_log` WHERE ( id=14 ) [ RunTime:0.0003s ]

[ 2016-12-18T17:12:56+08:00 ] ::1 /eshop/index.php/Home/UserCenter/delLog.html
INFO: [ app_begin ] --START--
INFO: Run Behavior\ReadHtmlCacheBehavior [ RunTime:0.001629s ]
INFO: [ app_begin ] --END-- [ RunTime:0.002501s ]
SQL: SHOW COLUMNS FROM `eshop_user_log` [ RunTime:0.0095s ]
SQL: DELETE FROM `eshop_user_log` WHERE `id` = 15 [ RunTime:0.0806s ]

[ 2016-12-18T17:14:56+08:00 ] ::1 /eshop/index.php/Home/UserCenter/delLog.html
INFO: [ app_begin ] --START--
INFO: Run Behavior\ReadHtmlCacheBehavior [ RunTime:0.001716s ]
INFO: [ app_begin ] --END-- [ RunTime:0.002625s ]
SQL: SHOW COLUMNS FROM `eshop_user_log` [ RunTime:0.0083s ]
SQL: DELETE FROM `eshop_user_log` WHERE `id` = 16 [ RunTime:0.2825s ]

[ 2016-12-18T17:28:08+08:00 ] ::1 /eshop/index.php/Home/UserCenter/ucenter.html
ERR: 非法操作:ucenter

[ 2016-12-18T17:29:01+08:00 ] ::1 /eshop/index.php/Home/UserCenter/ucenter.html
ERR: 非法操作:ucenter

[ 2016-12-18T17:29:29+08:00 ] ::1 /eshop/index.php/Home/UserCenter/ucenter.html
ERR: 非法操作:ucenter

[ 2016-12-18T17:29:32+08:00 ] ::1 /eshop/index.php/Home/UserCenter/ucenter.html
ERR: 非法操作:ucenter

[ 2016-12-18T17:30:43+08:00 ] ::1 /eshop/index.php/Home/UserCenter/ucenter.html
ERR: 非法操作:ucenter

[ 2016-12-18T17:31:19+08:00 ] ::1 /eshop/index.php/Home/UserCenter/ucenter_account.html
ERR: 非法操作:ucenter_account

[ 2016-12-18T20:00:44+08:00 ] ::1 /eshop/index.php/Home/UserCenter/ucenter_account.html
ERR: 非法操作:ucenter_account

[ 2016-12-18T20:01:58+08:00 ] ::1 /eshop/index.php/Home/UserCenter/ucenter_account.html
ERR: 非法操作:ucenter_account

[ 2016-12-18T20:02:28+08:00 ] ::1 /eshop/index.php/Home/UserCenter/1.html
ERR: 非法操作:1

[ 2016-12-18T20:05:47+08:00 ] ::1 /eshop/index.php/Home/Help/common/css/common.css
ERR: 非法操作:common

[ 2016-12-18T20:05:47+08:00 ] ::1 /eshop/index.php/Home/Help/common/js/import.js
ERR: 非法操作:common

[ 2016-12-18T20:05:47+08:00 ] ::1 /eshop/index.php/Home/Help/js/jquery-2.1.1.min.js
ERR: 非法操作:js

[ 2016-12-18T20:05:47+08:00 ] ::1 /eshop/index.php/Home/Help/css/help.css
ERR: 非法操作:css

[ 2016-12-18T20:08:01+08:00 ] ::1 /eshop/index.php/Home/Help/common/css/common.css
ERR: 非法操作:common

[ 2016-12-18T20:08:01+08:00 ] ::1 /eshop/index.php/Home/Help/css/help.css
ERR: 非法操作:css

[ 2016-12-18T20:09:08+08:00 ] ::1 /eshop/index.php/Home/Help/common/css/common.css
ERR: 非法操作:common

[ 2016-12-18T20:09:08+08:00 ] ::1 /eshop/index.php/Home/Help/css/help.css
ERR: 非法操作:css

[ 2016-12-18T20:11:15+08:00 ] ::1 /eshop/index.php/Home/Help/common/css/common.css
ERR: 非法操作:common

[ 2016-12-18T20:11:17+08:00 ] ::1 /eshop/index.php/Home/Help/common/css/common.css
ERR: 非法操作:common

[ 2016-12-18T20:15:31+08:00 ] ::1 /eshop/index.php/Home/Help/1.html
ERR: 非法操作:1

[ 2016-12-18T20:21:54+08:00 ] ::1 /eshop/index.php/Home/UserCenter/ucenter_account.html
ERR: 非法操作:ucenter_account

[ 2016-12-18T20:41:15+08:00 ] ::1 /eshop/index.php/Home/UserCenter/ucenter_account.html
ERR: 非法操作:ucenter_account

[ 2016-12-18T20:44:05+08:00 ] ::1 /eshop/index.php/Home/UserCenter/ucenter_account.html
ERR: 非法操作:ucenter_account

[ 2016-12-18T20:45:20+08:00 ] ::1 /eshop/index.php/Home/UserCenter/ucenter_account.html
ERR: 非法操作:ucenter_account

