[ 2016-12-23T09:52:55+08:00 ] ::1 /eshop/index.php/Home/UserCenter/doEditAddrShow.html
INFO: [ app_begin ] --START--
INFO: Run Behavior\ReadHtmlCacheBehavior [ RunTime:0.001087s ]
INFO: [ app_begin ] --END-- [ RunTime:0.001794s ]

[ 2016-12-23T09:53:40+08:00 ] ::1 /eshop/index.php/Home/UserCenter/doEditAddrShow.html
INFO: [ app_begin ] --START--
INFO: Run Behavior\ReadHtmlCacheBehavior [ RunTime:0.001120s ]
INFO: [ app_begin ] --END-- [ RunTime:0.001911s ]

[ 2016-12-23T09:53:43+08:00 ] ::1 /eshop/index.php/Home/UserCenter/doEditAddrShow.html
INFO: [ app_begin ] --START--
INFO: Run Behavior\ReadHtmlCacheBehavior [ RunTime:0.000817s ]
INFO: [ app_begin ] --END-- [ RunTime:0.001304s ]

[ 2016-12-23T09:53:44+08:00 ] ::1 /eshop/index.php/Home/UserCenter/doEditAddrShow.html
INFO: [ app_begin ] --START--
INFO: Run Behavior\ReadHtmlCacheBehavior [ RunTime:0.001088s ]
INFO: [ app_begin ] --END-- [ RunTime:0.001736s ]

[ 2016-12-23T09:53:45+08:00 ] ::1 /eshop/index.php/Home/UserCenter/doEditAddrShow.html
INFO: [ app_begin ] --START--
INFO: Run Behavior\ReadHtmlCacheBehavior [ RunTime:0.000828s ]
INFO: [ app_begin ] --END-- [ RunTime:0.001324s ]

[ 2016-12-23T09:54:36+08:00 ] ::1 /eshop/index.php/Home/UserCenter/doEditAddrShow.html
INFO: [ app_begin ] --START--
INFO: Run Behavior\ReadHtmlCacheBehavior [ RunTime:0.001091s ]
INFO: [ app_begin ] --END-- [ RunTime:0.001725s ]

[ 2016-12-23T09:54:45+08:00 ] ::1 /eshop/index.php/Home/UserCenter/doEditAddrShow.html
INFO: [ app_begin ] --START--
INFO: Run Behavior\ReadHtmlCacheBehavior [ RunTime:0.001103s ]
INFO: [ app_begin ] --END-- [ RunTime:0.001566s ]

[ 2016-12-23T09:59:57+08:00 ] ::1 /eshop/index.php/Home/UserCenter/doEditAddrShow.html
INFO: [ app_begin ] --START--
INFO: Run Behavior\ReadHtmlCacheBehavior [ RunTime:0.001918s ]
INFO: [ app_begin ] --END-- [ RunTime:0.002611s ]

[ 2016-12-23T10:00:06+08:00 ] ::1 /eshop/index.php/Home/UserCenter/doEditAddrShow.html
INFO: [ app_begin ] --START--
INFO: Run Behavior\ReadHtmlCacheBehavior [ RunTime:0.001517s ]
INFO: [ app_begin ] --END-- [ RunTime:0.002343s ]

[ 2016-12-23T10:00:07+08:00 ] ::1 /eshop/index.php/Home/UserCenter/doEditAddrShow.html
INFO: [ app_begin ] --START--
INFO: Run Behavior\ReadHtmlCacheBehavior [ RunTime:0.001043s ]
INFO: [ app_begin ] --END-- [ RunTime:0.001729s ]

[ 2016-12-23T10:00:07+08:00 ] ::1 /eshop/index.php/Home/UserCenter/doEditAddrShow.html
INFO: [ app_begin ] --START--
INFO: Run Behavior\ReadHtmlCacheBehavior [ RunTime:0.001264s ]
INFO: [ app_begin ] --END-- [ RunTime:0.002133s ]

[ 2016-12-23T10:00:07+08:00 ] ::1 /eshop/index.php/Home/UserCenter/doEditAddrShow.html
INFO: [ app_begin ] --START--
INFO: Run Behavior\ReadHtmlCacheBehavior [ RunTime:0.001048s ]
INFO: [ app_begin ] --END-- [ RunTime:0.001604s ]

[ 2016-12-23T10:00:08+08:00 ] ::1 /eshop/index.php/Home/UserCenter/doEditAddrShow.html
INFO: [ app_begin ] --START--
INFO: Run Behavior\ReadHtmlCacheBehavior [ RunTime:0.001184s ]
INFO: [ app_begin ] --END-- [ RunTime:0.001957s ]

[ 2016-12-23T10:00:09+08:00 ] ::1 /eshop/index.php/Home/UserCenter/doEditAddrShow.html
INFO: [ app_begin ] --START--
INFO: Run Behavior\ReadHtmlCacheBehavior [ RunTime:0.001177s ]
INFO: [ app_begin ] --END-- [ RunTime:0.001999s ]

[ 2016-12-23T10:00:10+08:00 ] ::1 /eshop/index.php/Home/UserCenter/doEditAddrShow.html
INFO: [ app_begin ] --START--
INFO: Run Behavior\ReadHtmlCacheBehavior [ RunTime:0.001066s ]
INFO: [ app_begin ] --END-- [ RunTime:0.001617s ]

[ 2016-12-23T10:00:11+08:00 ] ::1 /eshop/index.php/Home/UserCenter/doEditAddrShow.html
INFO: [ app_begin ] --START--
INFO: Run Behavior\ReadHtmlCacheBehavior [ RunTime:0.001169s ]
INFO: [ app_begin ] --END-- [ RunTime:0.002000s ]

[ 2016-12-23T10:00:12+08:00 ] ::1 /eshop/index.php/Home/UserCenter/doEditAddrShow.html
INFO: [ app_begin ] --START--
INFO: Run Behavior\ReadHtmlCacheBehavior [ RunTime:0.001273s ]
INFO: [ app_begin ] --END-- [ RunTime:0.002104s ]

[ 2016-12-23T10:00:13+08:00 ] ::1 /eshop/index.php/Home/UserCenter/doEditAddrShow.html
INFO: [ app_begin ] --START--
INFO: Run Behavior\ReadHtmlCacheBehavior [ RunTime:0.001399s ]
INFO: [ app_begin ] --END-- [ RunTime:0.002500s ]

[ 2016-12-23T10:00:14+08:00 ] ::1 /eshop/index.php/Home/UserCenter/doEditAddrShow.html
INFO: [ app_begin ] --START--
INFO: Run Behavior\ReadHtmlCacheBehavior [ RunTime:0.000750s ]
INFO: [ app_begin ] --END-- [ RunTime:0.001263s ]

[ 2016-12-23T10:00:15+08:00 ] ::1 /eshop/index.php/Home/UserCenter/doEditAddrShow.html
INFO: [ app_begin ] --START--
INFO: Run Behavior\ReadHtmlCacheBehavior [ RunTime:0.000767s ]
INFO: [ app_begin ] --END-- [ RunTime:0.001283s ]

[ 2016-12-23T10:00:16+08:00 ] ::1 /eshop/index.php/Home/UserCenter/doEditAddrShow.html
INFO: [ app_begin ] --START--
INFO: Run Behavior\ReadHtmlCacheBehavior [ RunTime:0.000838s ]
INFO: [ app_begin ] --END-- [ RunTime:0.001622s ]

[ 2016-12-23T10:00:17+08:00 ] ::1 /eshop/index.php/Home/UserCenter/doEditAddrShow.html
INFO: [ app_begin ] --START--
INFO: Run Behavior\ReadHtmlCacheBehavior [ RunTime:0.001634s ]
INFO: [ app_begin ] --END-- [ RunTime:0.002503s ]

[ 2016-12-23T10:00:29+08:00 ] ::1 /eshop/index.php/Home/UserCenter/doEditAddrShow.html
INFO: [ app_begin ] --START--
INFO: Run Behavior\ReadHtmlCacheBehavior [ RunTime:0.001115s ]
INFO: [ app_begin ] --END-- [ RunTime:0.001844s ]

[ 2016-12-23T10:00:30+08:00 ] ::1 /eshop/index.php/Home/UserCenter/doEditAddrShow.html
INFO: [ app_begin ] --START--
INFO: Run Behavior\ReadHtmlCacheBehavior [ RunTime:0.000819s ]
INFO: [ app_begin ] --END-- [ RunTime:0.001334s ]

[ 2016-12-23T10:12:27+08:00 ] ::1 /eshop/index.php/Home/UserCenter/doEditAddrShow.html
INFO: [ app_begin ] --START--
INFO: Run Behavior\ReadHtmlCacheBehavior [ RunTime:0.001237s ]
INFO: [ app_begin ] --END-- [ RunTime:0.002030s ]

[ 2016-12-23T10:12:31+08:00 ] ::1 /eshop/index.php/Home/UserCenter/doEditAddrShow.html
INFO: [ app_begin ] --START--
INFO: Run Behavior\ReadHtmlCacheBehavior [ RunTime:0.001154s ]
INFO: [ app_begin ] --END-- [ RunTime:0.001934s ]

[ 2016-12-23T10:12:32+08:00 ] ::1 /eshop/index.php/Home/UserCenter/doEditAddrShow.html
INFO: [ app_begin ] --START--
INFO: Run Behavior\ReadHtmlCacheBehavior [ RunTime:0.000878s ]
INFO: [ app_begin ] --END-- [ RunTime:0.001409s ]

[ 2016-12-23T10:12:33+08:00 ] ::1 /eshop/index.php/Home/UserCenter/doEditAddrShow.html
INFO: [ app_begin ] --START--
INFO: Run Behavior\ReadHtmlCacheBehavior [ RunTime:0.000909s ]
INFO: [ app_begin ] --END-- [ RunTime:0.001701s ]

[ 2016-12-23T10:12:34+08:00 ] ::1 /eshop/index.php/Home/UserCenter/doEditAddrShow.html
INFO: [ app_begin ] --START--
INFO: Run Behavior\ReadHtmlCacheBehavior [ RunTime:0.000768s ]
INFO: [ app_begin ] --END-- [ RunTime:0.001357s ]

[ 2016-12-23T10:12:35+08:00 ] ::1 /eshop/index.php/Home/UserCenter/doEditAddrShow.html
INFO: [ app_begin ] --START--
INFO: Run Behavior\ReadHtmlCacheBehavior [ RunTime:0.003190s ]
INFO: [ app_begin ] --END-- [ RunTime:0.003941s ]

[ 2016-12-23T10:12:35+08:00 ] ::1 /eshop/index.php/Home/UserCenter/doEditAddrShow.html
INFO: [ app_begin ] --START--
INFO: Run Behavior\ReadHtmlCacheBehavior [ RunTime:0.000798s ]
INFO: [ app_begin ] --END-- [ RunTime:0.001332s ]

[ 2016-12-23T10:18:02+08:00 ] ::1 /eshop/index.php/Home/UserCenter/doEditAddrShow.html
INFO: [ app_begin ] --START--
INFO: Run Behavior\ReadHtmlCacheBehavior [ RunTime:0.001036s ]
INFO: [ app_begin ] --END-- [ RunTime:0.001556s ]

[ 2016-12-23T10:18:03+08:00 ] ::1 /eshop/index.php/Home/UserCenter/doEditAddrShow.html
INFO: [ app_begin ] --START--
INFO: Run Behavior\ReadHtmlCacheBehavior [ RunTime:0.000973s ]
INFO: [ app_begin ] --END-- [ RunTime:0.001608s ]

[ 2016-12-23T10:18:04+08:00 ] ::1 /eshop/index.php/Home/UserCenter/doEditAddrShow.html
INFO: [ app_begin ] --START--
INFO: Run Behavior\ReadHtmlCacheBehavior [ RunTime:0.000747s ]
INFO: [ app_begin ] --END-- [ RunTime:0.001227s ]

[ 2016-12-23T10:18:04+08:00 ] ::1 /eshop/index.php/Home/UserCenter/doEditAddrShow.html
INFO: [ app_begin ] --START--
INFO: Run Behavior\ReadHtmlCacheBehavior [ RunTime:0.000754s ]
INFO: [ app_begin ] --END-- [ RunTime:0.001301s ]

[ 2016-12-23T10:18:04+08:00 ] ::1 /eshop/index.php/Home/UserCenter/doEditAddrShow.html
INFO: [ app_begin ] --START--
INFO: Run Behavior\ReadHtmlCacheBehavior [ RunTime:0.000983s ]
INFO: [ app_begin ] --END-- [ RunTime:0.001630s ]

[ 2016-12-23T10:20:09+08:00 ] ::1 /eshop/index.php/Home/UserCenter/doEditAddrShow.html
INFO: [ app_begin ] --START--
INFO: Run Behavior\ReadHtmlCacheBehavior [ RunTime:0.000799s ]
INFO: [ app_begin ] --END-- [ RunTime:0.001429s ]

[ 2016-12-23T10:22:54+08:00 ] ::1 /eshop/index.php/Home/UserCenter/doEditAddrShow.html
INFO: [ app_begin ] --START--
INFO: Run Behavior\ReadHtmlCacheBehavior [ RunTime:0.000792s ]
INFO: [ app_begin ] --END-- [ RunTime:0.001395s ]

[ 2016-12-23T10:23:11+08:00 ] ::1 /eshop/index.php/Home/UserCenter/doEditAddrShow.html
INFO: [ app_begin ] --START--
INFO: Run Behavior\ReadHtmlCacheBehavior [ RunTime:0.000603s ]
INFO: [ app_begin ] --END-- [ RunTime:0.001079s ]

[ 2016-12-23T10:23:37+08:00 ] ::1 /eshop/index.php/Home/UserCenter/doEditAddrShow.html
INFO: [ app_begin ] --START--
INFO: Run Behavior\ReadHtmlCacheBehavior [ RunTime:0.000672s ]
INFO: [ app_begin ] --END-- [ RunTime:0.001109s ]

[ 2016-12-23T10:23:38+08:00 ] ::1 /eshop/index.php/Home/UserCenter/doEditAddrShow.html
INFO: [ app_begin ] --START--
INFO: Run Behavior\ReadHtmlCacheBehavior [ RunTime:0.000807s ]
INFO: [ app_begin ] --END-- [ RunTime:0.001402s ]

[ 2016-12-23T10:23:38+08:00 ] ::1 /eshop/index.php/Home/UserCenter/doEditAddrShow.html
INFO: [ app_begin ] --START--
INFO: Run Behavior\ReadHtmlCacheBehavior [ RunTime:0.000804s ]
INFO: [ app_begin ] --END-- [ RunTime:0.001461s ]

[ 2016-12-23T10:23:39+08:00 ] ::1 /eshop/index.php/Home/UserCenter/doEditAddrShow.html
INFO: [ app_begin ] --START--
INFO: Run Behavior\ReadHtmlCacheBehavior [ RunTime:0.000579s ]
INFO: [ app_begin ] --END-- [ RunTime:0.001024s ]

[ 2016-12-23T10:23:39+08:00 ] ::1 /eshop/index.php/Home/UserCenter/doEditAddrShow.html
INFO: [ app_begin ] --START--
INFO: Run Behavior\ReadHtmlCacheBehavior [ RunTime:0.000612s ]
INFO: [ app_begin ] --END-- [ RunTime:0.001193s ]

[ 2016-12-23T10:23:39+08:00 ] ::1 /eshop/index.php/Home/UserCenter/doEditAddrShow.html
INFO: [ app_begin ] --START--
INFO: Run Behavior\ReadHtmlCacheBehavior [ RunTime:0.000802s ]
INFO: [ app_begin ] --END-- [ RunTime:0.001429s ]

[ 2016-12-23T10:30:28+08:00 ] ::1 /eshop/index.php/Home/UserCenter/doEditAddrShow.html
INFO: [ app_begin ] --START--
INFO: Run Behavior\ReadHtmlCacheBehavior [ RunTime:0.000596s ]
INFO: [ app_begin ] --END-- [ RunTime:0.001082s ]

[ 2016-12-23T10:30:50+08:00 ] ::1 /eshop/index.php/Home/UserCenter/doEditAddrShow.html
INFO: [ app_begin ] --START--
INFO: Run Behavior\ReadHtmlCacheBehavior [ RunTime:0.000637s ]
INFO: [ app_begin ] --END-- [ RunTime:0.001153s ]

[ 2016-12-23T10:31:40+08:00 ] ::1 /eshop/index.php/Home/UserCenter/doEditAddrShow.html
INFO: [ app_begin ] --START--
INFO: Run Behavior\ReadHtmlCacheBehavior [ RunTime:0.000618s ]
INFO: [ app_begin ] --END-- [ RunTime:0.001115s ]
SQL: SHOW COLUMNS FROM `eshop_user_address` [ RunTime:0.0038s ]

[ 2016-12-23T10:32:04+08:00 ] ::1 /eshop/index.php/Home/UserCenter/doEditAddrShow.html
INFO: [ app_begin ] --START--
INFO: Run Behavior\ReadHtmlCacheBehavior [ RunTime:0.000693s ]
INFO: [ app_begin ] --END-- [ RunTime:0.001195s ]
SQL: SHOW COLUMNS FROM `eshop_user_address` [ RunTime:0.0040s ]

[ 2016-12-23T10:32:05+08:00 ] ::1 /eshop/index.php/Home/UserCenter/doEditAddrShow.html
INFO: [ app_begin ] --START--
INFO: Run Behavior\ReadHtmlCacheBehavior [ RunTime:0.000848s ]
INFO: [ app_begin ] --END-- [ RunTime:0.001638s ]
SQL: SHOW COLUMNS FROM `eshop_user_address` [ RunTime:0.0044s ]

[ 2016-12-23T10:32:05+08:00 ] ::1 /eshop/index.php/Home/UserCenter/doEditAddrShow.html
INFO: [ app_begin ] --START--
INFO: Run Behavior\ReadHtmlCacheBehavior [ RunTime:0.000642s ]
INFO: [ app_begin ] --END-- [ RunTime:0.001149s ]
SQL: SHOW COLUMNS FROM `eshop_user_address` [ RunTime:0.0042s ]

[ 2016-12-23T10:32:06+08:00 ] ::1 /eshop/index.php/Home/UserCenter/doEditAddrShow.html
INFO: [ app_begin ] --START--
INFO: Run Behavior\ReadHtmlCacheBehavior [ RunTime:0.000637s ]
INFO: [ app_begin ] --END-- [ RunTime:0.001146s ]
SQL: SHOW COLUMNS FROM `eshop_user_address` [ RunTime:0.0041s ]

[ 2016-12-23T10:32:06+08:00 ] ::1 /eshop/index.php/Home/UserCenter/doEditAddrShow.html
INFO: [ app_begin ] --START--
INFO: Run Behavior\ReadHtmlCacheBehavior [ RunTime:0.000660s ]
INFO: [ app_begin ] --END-- [ RunTime:0.001148s ]
SQL: SHOW COLUMNS FROM `eshop_user_address` [ RunTime:0.0043s ]

[ 2016-12-23T10:32:06+08:00 ] ::1 /eshop/index.php/Home/UserCenter/doEditAddrShow.html
INFO: [ app_begin ] --START--
INFO: Run Behavior\ReadHtmlCacheBehavior [ RunTime:0.000640s ]
INFO: [ app_begin ] --END-- [ RunTime:0.001167s ]
SQL: SHOW COLUMNS FROM `eshop_user_address` [ RunTime:0.0040s ]

[ 2016-12-23T10:32:06+08:00 ] ::1 /eshop/index.php/Home/UserCenter/doEditAddrShow.html
INFO: [ app_begin ] --START--
INFO: Run Behavior\ReadHtmlCacheBehavior [ RunTime:0.000638s ]
INFO: [ app_begin ] --END-- [ RunTime:0.001214s ]
SQL: SHOW COLUMNS FROM `eshop_user_address` [ RunTime:0.0047s ]

[ 2016-12-23T10:32:07+08:00 ] ::1 /eshop/index.php/Home/UserCenter/doEditAddrShow.html
INFO: [ app_begin ] --START--
INFO: Run Behavior\ReadHtmlCacheBehavior [ RunTime:0.000639s ]
INFO: [ app_begin ] --END-- [ RunTime:0.001202s ]
SQL: SHOW COLUMNS FROM `eshop_user_address` [ RunTime:0.0040s ]

[ 2016-12-23T10:32:07+08:00 ] ::1 /eshop/index.php/Home/UserCenter/doEditAddrShow.html
INFO: [ app_begin ] --START--
INFO: Run Behavior\ReadHtmlCacheBehavior [ RunTime:0.000648s ]
INFO: [ app_begin ] --END-- [ RunTime:0.001232s ]
SQL: SHOW COLUMNS FROM `eshop_user_address` [ RunTime:0.0040s ]

[ 2016-12-23T10:32:07+08:00 ] ::1 /eshop/index.php/Home/UserCenter/doEditAddrShow.html
INFO: [ app_begin ] --START--
INFO: Run Behavior\ReadHtmlCacheBehavior [ RunTime:0.000643s ]
INFO: [ app_begin ] --END-- [ RunTime:0.001190s ]
SQL: SHOW COLUMNS FROM `eshop_user_address` [ RunTime:0.0042s ]

[ 2016-12-23T10:32:07+08:00 ] ::1 /eshop/index.php/Home/UserCenter/doEditAddrShow.html
INFO: [ app_begin ] --START--
INFO: Run Behavior\ReadHtmlCacheBehavior [ RunTime:0.000637s ]
INFO: [ app_begin ] --END-- [ RunTime:0.001162s ]
SQL: SHOW COLUMNS FROM `eshop_user_address` [ RunTime:0.0044s ]

[ 2016-12-23T10:32:07+08:00 ] ::1 /eshop/index.php/Home/UserCenter/doEditAddrShow.html
INFO: [ app_begin ] --START--
INFO: Run Behavior\ReadHtmlCacheBehavior [ RunTime:0.000616s ]
INFO: [ app_begin ] --END-- [ RunTime:0.001106s ]
SQL: SHOW COLUMNS FROM `eshop_user_address` [ RunTime:0.0038s ]

[ 2016-12-23T10:32:08+08:00 ] ::1 /eshop/index.php/Home/UserCenter/doEditAddrShow.html
INFO: [ app_begin ] --START--
INFO: Run Behavior\ReadHtmlCacheBehavior [ RunTime:0.000723s ]
INFO: [ app_begin ] --END-- [ RunTime:0.001267s ]
SQL: SHOW COLUMNS FROM `eshop_user_address` [ RunTime:0.0041s ]

[ 2016-12-23T10:32:08+08:00 ] ::1 /eshop/index.php/Home/UserCenter/doEditAddrShow.html
INFO: [ app_begin ] --START--
INFO: Run Behavior\ReadHtmlCacheBehavior [ RunTime:0.000638s ]
INFO: [ app_begin ] --END-- [ RunTime:0.001185s ]
SQL: SHOW COLUMNS FROM `eshop_user_address` [ RunTime:0.0040s ]

[ 2016-12-23T10:32:08+08:00 ] ::1 /eshop/index.php/Home/UserCenter/doEditAddrShow.html
INFO: [ app_begin ] --START--
INFO: Run Behavior\ReadHtmlCacheBehavior [ RunTime:0.000675s ]
INFO: [ app_begin ] --END-- [ RunTime:0.001298s ]
SQL: SHOW COLUMNS FROM `eshop_user_address` [ RunTime:0.0047s ]

[ 2016-12-23T10:32:09+08:00 ] ::1 /eshop/index.php/Home/UserCenter/doEditAddrShow.html
INFO: [ app_begin ] --START--
INFO: Run Behavior\ReadHtmlCacheBehavior [ RunTime:0.000615s ]
INFO: [ app_begin ] --END-- [ RunTime:0.001119s ]
SQL: SHOW COLUMNS FROM `eshop_user_address` [ RunTime:0.0045s ]

[ 2016-12-23T10:32:09+08:00 ] ::1 /eshop/index.php/Home/UserCenter/doEditAddrShow.html
INFO: [ app_begin ] --START--
INFO: Run Behavior\ReadHtmlCacheBehavior [ RunTime:0.000622s ]
INFO: [ app_begin ] --END-- [ RunTime:0.001112s ]
SQL: SHOW COLUMNS FROM `eshop_user_address` [ RunTime:0.0039s ]

[ 2016-12-23T10:32:09+08:00 ] ::1 /eshop/index.php/Home/UserCenter/doEditAddrShow.html
INFO: [ app_begin ] --START--
INFO: Run Behavior\ReadHtmlCacheBehavior [ RunTime:0.000649s ]
INFO: [ app_begin ] --END-- [ RunTime:0.001152s ]
SQL: SHOW COLUMNS FROM `eshop_user_address` [ RunTime:0.0045s ]

[ 2016-12-23T10:32:09+08:00 ] ::1 /eshop/index.php/Home/UserCenter/doEditAddrShow.html
INFO: [ app_begin ] --START--
INFO: Run Behavior\ReadHtmlCacheBehavior [ RunTime:0.000814s ]
INFO: [ app_begin ] --END-- [ RunTime:0.001409s ]
SQL: SHOW COLUMNS FROM `eshop_user_address` [ RunTime:0.0041s ]

[ 2016-12-23T10:32:09+08:00 ] ::1 /eshop/index.php/Home/UserCenter/doEditAddrShow.html
INFO: [ app_begin ] --START--
INFO: Run Behavior\ReadHtmlCacheBehavior [ RunTime:0.000632s ]
INFO: [ app_begin ] --END-- [ RunTime:0.001146s ]
SQL: SHOW COLUMNS FROM `eshop_user_address` [ RunTime:0.0041s ]

[ 2016-12-23T10:35:02+08:00 ] ::1 /eshop/index.php/Home/UserCenter/doEditAddrShow.html
INFO: [ app_begin ] --START--
INFO: Run Behavior\ReadHtmlCacheBehavior [ RunTime:0.000747s ]
INFO: [ app_begin ] --END-- [ RunTime:0.001328s ]
SQL: SHOW COLUMNS FROM `eshop_user_address` [ RunTime:0.0044s ]

[ 2016-12-23T10:35:37+08:00 ] ::1 /eshop/index.php/Home/UserCenter/doEditAddrShow.html
INFO: [ app_begin ] --START--
INFO: Run Behavior\ReadHtmlCacheBehavior [ RunTime:0.000647s ]
INFO: [ app_begin ] --END-- [ RunTime:0.001170s ]
SQL: SHOW COLUMNS FROM `eshop_user_address` [ RunTime:0.0046s ]

[ 2016-12-23T10:36:12+08:00 ] ::1 /eshop/index.php/Home/UserCenter/doEditAddrShow.html
INFO: [ app_begin ] --START--
INFO: Run Behavior\ReadHtmlCacheBehavior [ RunTime:0.000637s ]
INFO: [ app_begin ] --END-- [ RunTime:0.001162s ]
SQL: SHOW COLUMNS FROM `eshop_user_address` [ RunTime:0.0043s ]

[ 2016-12-23T10:41:28+08:00 ] ::1 /eshop/index.php/Home/UserCenter/doEditAddrShow.html
INFO: [ app_begin ] --START--
INFO: Run Behavior\ReadHtmlCacheBehavior [ RunTime:0.000720s ]
INFO: [ app_begin ] --END-- [ RunTime:0.001262s ]
SQL: SHOW COLUMNS FROM `eshop_user_address` [ RunTime:0.0536s ]
SQL: UPDATE `eshop_user_address` SET `is_first`='0',`modifytime`='1482460888' WHERE `userId` = 11 AND `is_first` = 1 [ RunTime:0.0601s ]
NOTIC: [8] Undefined index: validate D:\wampserver\wamp\www\eshop\ThinkPHP\Library\Think\Model.class.php 第 1185 行.
NOTIC: [8] Undefined index: auto D:\wampserver\wamp\www\eshop\ThinkPHP\Library\Think\Model.class.php 第 1128 行.
NOTIC: [8] Use of undefined constant status - assumed 'status' D:\wampserver\wamp\www\eshop\App\Home\Controller\UserCenterController.class.php 第 296 行.
NOTIC: [8] Use of undefined constant content - assumed 'content' D:\wampserver\wamp\www\eshop\App\Home\Controller\UserCenterController.class.php 第 297 行.

[ 2016-12-23T10:42:03+08:00 ] ::1 /eshop/index.php/Home/UserCenter/doEditAddrShow.html
INFO: [ app_begin ] --START--
INFO: Run Behavior\ReadHtmlCacheBehavior [ RunTime:0.000749s ]
INFO: [ app_begin ] --END-- [ RunTime:0.001291s ]
SQL: SHOW COLUMNS FROM `eshop_user_address` [ RunTime:0.0659s ]
SQL: UPDATE `eshop_user_address` SET `is_first`='0',`modifytime`='1482460923' WHERE `userId` = 11 AND `is_first` = 1 [ RunTime:0.0005s ]
NOTIC: [8] Undefined index: validate D:\wampserver\wamp\www\eshop\ThinkPHP\Library\Think\Model.class.php 第 1185 行.
NOTIC: [8] Undefined index: auto D:\wampserver\wamp\www\eshop\ThinkPHP\Library\Think\Model.class.php 第 1128 行.
NOTIC: [8] Use of undefined constant status - assumed 'status' D:\wampserver\wamp\www\eshop\App\Home\Controller\UserCenterController.class.php 第 296 行.
NOTIC: [8] Use of undefined constant content - assumed 'content' D:\wampserver\wamp\www\eshop\App\Home\Controller\UserCenterController.class.php 第 297 行.

[ 2016-12-23T10:43:38+08:00 ] ::1 /eshop/index.php/Home/UserCenter/addressDefault.html
INFO: [ app_begin ] --START--
INFO: Run Behavior\ReadHtmlCacheBehavior [ RunTime:0.000995s ]
INFO: [ app_begin ] --END-- [ RunTime:0.001561s ]
SQL: SHOW COLUMNS FROM `eshop_user_address` [ RunTime:0.0046s ]
SQL: SHOW COLUMNS FROM `eshop_user_address` [ RunTime:0.0070s ]
SQL: UPDATE `eshop_user_address` SET `is_first`='0',`modifytime`='1482461017' WHERE `userId` = 11 [ RunTime:0.0856s ]
SQL: UPDATE `eshop_user_address` SET `is_first`='1',`modifytime`='1482461018' WHERE `id` = 8 [ RunTime:0.0239s ]

[ 2016-12-23T10:44:39+08:00 ] ::1 /eshop/index.php/Home/UserCenter/doEditAddrShow.html
INFO: [ app_begin ] --START--
INFO: Run Behavior\ReadHtmlCacheBehavior [ RunTime:0.000846s ]
INFO: [ app_begin ] --END-- [ RunTime:0.001456s ]
SQL: SHOW COLUMNS FROM `eshop_user_address` [ RunTime:0.0434s ]
SQL: UPDATE `eshop_user_address` SET `is_first`='0',`modifytime`='1482461079' WHERE `userId` = 11 AND `is_first` = 1 [ RunTime:0.0425s ]
NOTIC: [8] Undefined index: validate D:\wampserver\wamp\www\eshop\ThinkPHP\Library\Think\Model.class.php 第 1185 行.
NOTIC: [8] Undefined index: auto D:\wampserver\wamp\www\eshop\ThinkPHP\Library\Think\Model.class.php 第 1128 行.

[ 2016-12-23T10:47:12+08:00 ] ::1 /eshop/index.php/Home/UserCenter/doEditAddrShow.html
INFO: [ app_begin ] --START--
INFO: Run Behavior\ReadHtmlCacheBehavior [ RunTime:0.000887s ]
INFO: [ app_begin ] --END-- [ RunTime:0.001411s ]
SQL: SHOW COLUMNS FROM `eshop_user_address` [ RunTime:0.0721s ]
SQL: UPDATE `eshop_user_address` SET `is_first`='0',`modifytime`='1482461232' WHERE `userId` = 11 AND `is_first` = 1 [ RunTime:0.0004s ]

[ 2016-12-23T10:48:55+08:00 ] ::1 /eshop/index.php/Home/UserCenter/doEditAddrShow.html
INFO: [ app_begin ] --START--
INFO: Run Behavior\ReadHtmlCacheBehavior [ RunTime:0.000800s ]
INFO: [ app_begin ] --END-- [ RunTime:0.001373s ]
SQL: SHOW COLUMNS FROM `eshop_user_address` [ RunTime:0.0913s ]
SQL: UPDATE `eshop_user_address` SET `is_first`='0',`modifytime`='1482461335' WHERE `userId` = 11 AND `is_first` = 1 [ RunTime:0.0008s ]

[ 2016-12-23T10:49:27+08:00 ] ::1 /eshop/index.php/Home/UserCenter/doEditAddrShow.html
INFO: [ app_begin ] --START--
INFO: Run Behavior\ReadHtmlCacheBehavior [ RunTime:0.000762s ]
INFO: [ app_begin ] --END-- [ RunTime:0.001395s ]
SQL: SHOW COLUMNS FROM `eshop_user_address` [ RunTime:0.0851s ]
SQL: UPDATE `eshop_user_address` SET `is_first`='0',`modifytime`='1482461367' WHERE `userId` = 11 AND `is_first` = 1 [ RunTime:0.0006s ]

[ 2016-12-23T10:50:57+08:00 ] ::1 /eshop/index.php/Home/UserCenter/doEditAddrShow.html
INFO: [ app_begin ] --START--
INFO: Run Behavior\ReadHtmlCacheBehavior [ RunTime:0.000733s ]
INFO: [ app_begin ] --END-- [ RunTime:0.001249s ]
SQL: SHOW COLUMNS FROM `eshop_user_address` [ RunTime:0.0042s ]

[ 2016-12-23T10:51:05+08:00 ] ::1 /eshop/index.php/Home/UserCenter/doEditAddrShow.html
INFO: [ app_begin ] --START--
INFO: Run Behavior\ReadHtmlCacheBehavior [ RunTime:0.000746s ]
INFO: [ app_begin ] --END-- [ RunTime:0.001276s ]
SQL: SHOW COLUMNS FROM `eshop_user_address` [ RunTime:0.0037s ]
SQL: UPDATE `eshop_user_address` SET `is_first`='0',`modifytime`='1482461465' WHERE `userId` = 11 AND `is_first` = 1 [ RunTime:0.0004s ]

[ 2016-12-23T10:52:18+08:00 ] ::1 /eshop/index.php/Home/UserCenter/doEditAddrShow.html
INFO: [ app_begin ] --START--
INFO: Run Behavior\ReadHtmlCacheBehavior [ RunTime:0.001099s ]
INFO: [ app_begin ] --END-- [ RunTime:0.001759s ]
SQL: SHOW COLUMNS FROM `eshop_user_address` [ RunTime:0.0045s ]
SQL: UPDATE `eshop_user_address` SET `is_first`='0',`modifytime`='1482461538' WHERE `userId` = 11 AND `is_first` = 1 [ RunTime:0.0004s ]
NOTIC: [8] Undefined index: validate D:\wampserver\wamp\www\eshop\ThinkPHP\Library\Think\Model.class.php 第 1185 行.
NOTIC: [8] Undefined index: auto D:\wampserver\wamp\www\eshop\ThinkPHP\Library\Think\Model.class.php 第 1128 行.

[ 2016-12-23T10:52:30+08:00 ] ::1 /eshop/index.php/Home/UserCenter/doEditAddrShow.html
INFO: [ app_begin ] --START--
INFO: Run Behavior\ReadHtmlCacheBehavior [ RunTime:0.000827s ]
INFO: [ app_begin ] --END-- [ RunTime:0.001390s ]
SQL: SHOW COLUMNS FROM `eshop_user_address` [ RunTime:0.0785s ]
SQL: UPDATE `eshop_user_address` SET `is_first`='0',`modifytime`='1482461550' WHERE `userId` = 11 AND `is_first` = 1 [ RunTime:0.0009s ]
NOTIC: [8] Undefined index: validate D:\wampserver\wamp\www\eshop\ThinkPHP\Library\Think\Model.class.php 第 1185 行.
NOTIC: [8] Undefined index: auto D:\wampserver\wamp\www\eshop\ThinkPHP\Library\Think\Model.class.php 第 1128 行.

[ 2016-12-23T10:52:52+08:00 ] ::1 /eshop/index.php/Home/UserCenter/doEditAddrShow.html
INFO: [ app_begin ] --START--
INFO: Run Behavior\ReadHtmlCacheBehavior [ RunTime:0.000745s ]
INFO: [ app_begin ] --END-- [ RunTime:0.001274s ]
SQL: SHOW COLUMNS FROM `eshop_user_address` [ RunTime:0.0654s ]
SQL: UPDATE `eshop_user_address` SET `is_first`='0',`modifytime`='1482461572' WHERE `userId` = 11 AND `is_first` = 1 [ RunTime:0.0004s ]
NOTIC: [8] Undefined index: validate D:\wampserver\wamp\www\eshop\ThinkPHP\Library\Think\Model.class.php 第 1185 行.
NOTIC: [8] Undefined index: auto D:\wampserver\wamp\www\eshop\ThinkPHP\Library\Think\Model.class.php 第 1128 行.
NOTIC: [8] Use of undefined constant status - assumed 'status' D:\wampserver\wamp\www\eshop\App\Home\Controller\UserCenterController.class.php 第 296 行.
NOTIC: [8] Use of undefined constant content - assumed 'content' D:\wampserver\wamp\www\eshop\App\Home\Controller\UserCenterController.class.php 第 297 行.

[ 2016-12-23T10:53:02+08:00 ] ::1 /eshop/index.php/Home/UserCenter/doEditAddrShow.html
INFO: [ app_begin ] --START--
INFO: Run Behavior\ReadHtmlCacheBehavior [ RunTime:0.000771s ]
INFO: [ app_begin ] --END-- [ RunTime:0.001315s ]
SQL: SHOW COLUMNS FROM `eshop_user_address` [ RunTime:0.0817s ]
SQL: UPDATE `eshop_user_address` SET `is_first`='0',`modifytime`='1482461582' WHERE `userId` = 11 AND `is_first` = 1 [ RunTime:0.0005s ]
NOTIC: [8] Undefined index: validate D:\wampserver\wamp\www\eshop\ThinkPHP\Library\Think\Model.class.php 第 1185 行.
NOTIC: [8] Undefined index: auto D:\wampserver\wamp\www\eshop\ThinkPHP\Library\Think\Model.class.php 第 1128 行.
NOTIC: [8] Use of undefined constant status - assumed 'status' D:\wampserver\wamp\www\eshop\App\Home\Controller\UserCenterController.class.php 第 296 行.
NOTIC: [8] Use of undefined constant content - assumed 'content' D:\wampserver\wamp\www\eshop\App\Home\Controller\UserCenterController.class.php 第 297 行.

[ 2016-12-23T10:53:40+08:00 ] ::1 /eshop/index.php/Home/UserCenter/doEditAddrShow.html
INFO: [ app_begin ] --START--
INFO: Run Behavior\ReadHtmlCacheBehavior [ RunTime:0.000756s ]
INFO: [ app_begin ] --END-- [ RunTime:0.001287s ]
SQL: SHOW COLUMNS FROM `eshop_user_address` [ RunTime:0.0510s ]
SQL: UPDATE `eshop_user_address` SET `is_first`='0',`modifytime`='1482461620' WHERE `userId` = 11 AND `is_first` = 1 [ RunTime:0.0004s ]
NOTIC: [8] Undefined index: validate D:\wampserver\wamp\www\eshop\ThinkPHP\Library\Think\Model.class.php 第 1185 行.
NOTIC: [8] Undefined index: auto D:\wampserver\wamp\www\eshop\ThinkPHP\Library\Think\Model.class.php 第 1128 行.

[ 2016-12-23T10:54:21+08:00 ] ::1 /eshop/index.php/Home/UserCenter/doEditAddrShow.html
INFO: [ app_begin ] --START--
INFO: Run Behavior\ReadHtmlCacheBehavior [ RunTime:0.000809s ]
INFO: [ app_begin ] --END-- [ RunTime:0.001355s ]
SQL: SHOW COLUMNS FROM `eshop_user_address` [ RunTime:0.0539s ]
SQL: UPDATE `eshop_user_address` SET `is_first`='0',`modifytime`='1482461661' WHERE `userId` = 11 AND `is_first` = 1 [ RunTime:0.0004s ]
NOTIC: [8] Undefined index: validate D:\wampserver\wamp\www\eshop\ThinkPHP\Library\Think\Model.class.php 第 1185 行.
NOTIC: [8] Undefined index: auto D:\wampserver\wamp\www\eshop\ThinkPHP\Library\Think\Model.class.php 第 1128 行.
NOTIC: [8] Array to string conversion D:\wampserver\wamp\www\eshop\App\Home\Controller\UserCenterController.class.php 第 288 行.
NOTIC: [8] Undefined index: validate D:\wampserver\wamp\www\eshop\ThinkPHP\Library\Think\Model.class.php 第 1185 行.
NOTIC: [8] Undefined index: auto D:\wampserver\wamp\www\eshop\ThinkPHP\Library\Think\Model.class.php 第 1128 行.

[ 2016-12-23T10:54:51+08:00 ] ::1 /eshop/index.php/Home/UserCenter/doEditAddrShow.html
INFO: [ app_begin ] --START--
INFO: Run Behavior\ReadHtmlCacheBehavior [ RunTime:0.001049s ]
INFO: [ app_begin ] --END-- [ RunTime:0.001601s ]
SQL: SHOW COLUMNS FROM `eshop_user_address` [ RunTime:0.0418s ]
SQL: UPDATE `eshop_user_address` SET `is_first`='0',`modifytime`='1482461691' WHERE `userId` = 11 AND `is_first` = 1 [ RunTime:0.0004s ]
NOTIC: [8] Undefined index: validate D:\wampserver\wamp\www\eshop\ThinkPHP\Library\Think\Model.class.php 第 1185 行.
NOTIC: [8] Undefined index: auto D:\wampserver\wamp\www\eshop\ThinkPHP\Library\Think\Model.class.php 第 1128 行.
NOTIC: [8] Undefined index: validate D:\wampserver\wamp\www\eshop\ThinkPHP\Library\Think\Model.class.php 第 1185 行.
NOTIC: [8] Undefined index: auto D:\wampserver\wamp\www\eshop\ThinkPHP\Library\Think\Model.class.php 第 1128 行.

[ 2016-12-23T10:56:34+08:00 ] ::1 /eshop/index.php/Home/UserCenter/doEditAddrShow.html
INFO: [ app_begin ] --START--
INFO: Run Behavior\ReadHtmlCacheBehavior [ RunTime:0.001015s ]
INFO: [ app_begin ] --END-- [ RunTime:0.001588s ]

[ 2016-12-23T10:58:07+08:00 ] ::1 /eshop/index.php/Home/UserCenter/doEditAddrShow.html
INFO: [ app_begin ] --START--
INFO: Run Behavior\ReadHtmlCacheBehavior [ RunTime:0.000809s ]
INFO: [ app_begin ] --END-- [ RunTime:0.001319s ]

[ 2016-12-23T10:58:27+08:00 ] ::1 /eshop/index.php/Home/UserCenter/doEditAddrShow.html
INFO: [ app_begin ] --START--
INFO: Run Behavior\ReadHtmlCacheBehavior [ RunTime:0.000743s ]
INFO: [ app_begin ] --END-- [ RunTime:0.001275s ]

[ 2016-12-23T11:00:13+08:00 ] ::1 /eshop/index.php/Home/UserCenter/doEditAddrShow.html
INFO: [ app_begin ] --START--
INFO: Run Behavior\ReadHtmlCacheBehavior [ RunTime:0.000752s ]
INFO: [ app_begin ] --END-- [ RunTime:0.001277s ]
SQL: SHOW COLUMNS FROM `eshop_user_address` [ RunTime:0.0703s ]
SQL: UPDATE `eshop_user_address` SET `is_first`='0',`modifytime`='1482462013' WHERE `userId` = 11 AND `is_first` = 1 [ RunTime:0.0004s ]
NOTIC: [8] Undefined index: validate D:\wampserver\wamp\www\eshop\ThinkPHP\Library\Think\Model.class.php 第 1185 行.
NOTIC: [8] Undefined index: auto D:\wampserver\wamp\www\eshop\ThinkPHP\Library\Think\Model.class.php 第 1128 行.
NOTIC: [8] Undefined index: validate D:\wampserver\wamp\www\eshop\ThinkPHP\Library\Think\Model.class.php 第 1185 行.
NOTIC: [8] Undefined index: auto D:\wampserver\wamp\www\eshop\ThinkPHP\Library\Think\Model.class.php 第 1128 行.
SQL: UPDATE `eshop_user_address` SET `userId`='11',`userName`='李永发',`location`='辽宁省|沈阳市|铁西区',`streetInfo`='沈阳工业大学22',`postCode`='112233',`tel`='18904010296',`is_first`='1',`modifytime`='1482462013' WHERE `id` = 1 [ RunTime:0.0705s ]
NOTIC: [8] Use of undefined constant status - assumed 'status' D:\wampserver\wamp\www\eshop\App\Home\Controller\UserCenterController.class.php 第 294 行.
NOTIC: [8] Use of undefined constant content - assumed 'content' D:\wampserver\wamp\www\eshop\App\Home\Controller\UserCenterController.class.php 第 295 行.

[ 2016-12-23T11:02:36+08:00 ] ::1 /eshop/index.php/Home/UserCenter/doEditAddrShow.html
INFO: [ app_begin ] --START--
INFO: Run Behavior\ReadHtmlCacheBehavior [ RunTime:0.000748s ]
INFO: [ app_begin ] --END-- [ RunTime:0.001277s ]
SQL: SHOW COLUMNS FROM `eshop_user_address` [ RunTime:0.0582s ]
SQL: UPDATE `eshop_user_address` SET `is_first`='0',`modifytime`='1482462156' WHERE `userId` = 11 AND `is_first` = 1 [ RunTime:0.0400s ]
NOTIC: [8] Undefined index: validate D:\wampserver\wamp\www\eshop\ThinkPHP\Library\Think\Model.class.php 第 1185 行.
NOTIC: [8] Undefined index: auto D:\wampserver\wamp\www\eshop\ThinkPHP\Library\Think\Model.class.php 第 1128 行.
NOTIC: [8] Undefined index: validate D:\wampserver\wamp\www\eshop\ThinkPHP\Library\Think\Model.class.php 第 1185 行.
NOTIC: [8] Undefined index: auto D:\wampserver\wamp\www\eshop\ThinkPHP\Library\Think\Model.class.php 第 1128 行.
SQL: UPDATE `eshop_user_address` SET `userId`='11',`userName`='张三',`location`='北京市|北京市市辖区|东城区',`streetInfo`='三好胡同1',`postCode`='123456',`tel`='18904010296',`is_first`='1',`modifytime`='1482462156' WHERE `id` = 2 [ RunTime:0.0223s ]

[ 2016-12-23T11:04:37+08:00 ] ::1 /eshop/index.php/Home/UserCenter/doEditAddrShow.html
INFO: [ app_begin ] --START--
INFO: Run Behavior\ReadHtmlCacheBehavior [ RunTime:0.000765s ]
INFO: [ app_begin ] --END-- [ RunTime:0.001282s ]
SQL: SHOW COLUMNS FROM `eshop_user_address` [ RunTime:0.0582s ]
SQL: UPDATE `eshop_user_address` SET `is_first`='0',`modifytime`='1482462277' WHERE `userId` = 11 AND `is_first` = 1 [ RunTime:0.0489s ]
NOTIC: [8] Undefined index: validate D:\wampserver\wamp\www\eshop\ThinkPHP\Library\Think\Model.class.php 第 1185 行.
NOTIC: [8] Undefined index: auto D:\wampserver\wamp\www\eshop\ThinkPHP\Library\Think\Model.class.php 第 1128 行.
NOTIC: [8] Undefined index: validate D:\wampserver\wamp\www\eshop\ThinkPHP\Library\Think\Model.class.php 第 1185 行.
NOTIC: [8] Undefined index: auto D:\wampserver\wamp\www\eshop\ThinkPHP\Library\Think\Model.class.php 第 1128 行.
SQL: UPDATE `eshop_user_address` SET `userId`='11',`userName`='李永发',`location`='辽宁省|沈阳市|铁西区',`streetInfo`='沈阳工业大学',`postCode`='112233',`tel`='18904010296',`is_first`='1',`modifytime`='1482462277' WHERE `id` = 1 [ RunTime:0.0211s ]

[ 2016-12-23T11:05:45+08:00 ] ::1 /eshop/index.php/Home/UserCenter/addressDefault.html
INFO: [ app_begin ] --START--
INFO: Run Behavior\ReadHtmlCacheBehavior [ RunTime:0.000724s ]
INFO: [ app_begin ] --END-- [ RunTime:0.001233s ]
SQL: SHOW COLUMNS FROM `eshop_user_address` [ RunTime:0.0218s ]
SQL: SHOW COLUMNS FROM `eshop_user_address` [ RunTime:0.0042s ]
SQL: UPDATE `eshop_user_address` SET `is_first`='0',`modifytime`='1482462345' WHERE `userId` = 11 [ RunTime:0.0716s ]
SQL: UPDATE `eshop_user_address` SET `is_first`='1',`modifytime`='1482462345' WHERE `id` = 2 [ RunTime:0.0327s ]

[ 2016-12-23T11:06:46+08:00 ] ::1 /eshop/index.php/Home/UserCenter/addressAdd.html
INFO: [ app_begin ] --START--
INFO: Run Behavior\ReadHtmlCacheBehavior [ RunTime:0.000751s ]
INFO: [ app_begin ] --END-- [ RunTime:0.001272s ]
SQL: SHOW COLUMNS FROM `eshop_user_address` [ RunTime:0.1127s ]
SQL: SHOW COLUMNS FROM `eshop_user_address` [ RunTime:0.0108s ]
SQL: SELECT COUNT(*) AS tp_count FROM `eshop_user_address` WHERE `userId` = 11 AND `is_show` = 1 LIMIT 1   [ RunTime:0.0012s ]
NOTIC: [8] Undefined index: validate D:\wampserver\wamp\www\eshop\ThinkPHP\Library\Think\Model.class.php 第 1185 行.
NOTIC: [8] Undefined index: auto D:\wampserver\wamp\www\eshop\ThinkPHP\Library\Think\Model.class.php 第 1128 行.
SQL: INSERT INTO `eshop_user_address` (`userId`,`userName`,`location`,`streetInfo`,`postCode`,`tel`,`is_first`,`createtime`) VALUES ('11','王柳','浙江省|杭州市|上城区','昭阳大道','433322','13437826498','0','1482462406') [ RunTime:0.0744s ]

[ 2016-12-23T11:07:05+08:00 ] ::1 /eshop/index.php/Home/UserCenter/addressDefault.html
INFO: [ app_begin ] --START--
INFO: Run Behavior\ReadHtmlCacheBehavior [ RunTime:0.001284s ]
INFO: [ app_begin ] --END-- [ RunTime:0.001873s ]
SQL: SHOW COLUMNS FROM `eshop_user_address` [ RunTime:0.0040s ]
SQL: SHOW COLUMNS FROM `eshop_user_address` [ RunTime:0.0072s ]
SQL: UPDATE `eshop_user_address` SET `is_first`='0',`modifytime`='1482462425' WHERE `userId` = 11 [ RunTime:0.0904s ]
SQL: UPDATE `eshop_user_address` SET `is_first`='1',`modifytime`='1482462425' WHERE `id` = 12 [ RunTime:0.0222s ]

[ 2016-12-23T11:08:37+08:00 ] ::1 /eshop/index.php/Home/UserCenter/doEditAddrShow.html
INFO: [ app_begin ] --START--
INFO: Run Behavior\ReadHtmlCacheBehavior [ RunTime:0.000954s ]
INFO: [ app_begin ] --END-- [ RunTime:0.001469s ]
SQL: SHOW COLUMNS FROM `eshop_user_address` [ RunTime:0.0040s ]
SQL: UPDATE `eshop_user_address` SET `is_first`='0',`modifytime`='1482462517' WHERE `userId` = 11 AND `is_first` = 1 [ RunTime:0.1308s ]
NOTIC: [8] Undefined index: validate D:\wampserver\wamp\www\eshop\ThinkPHP\Library\Think\Model.class.php 第 1185 行.
NOTIC: [8] Undefined index: auto D:\wampserver\wamp\www\eshop\ThinkPHP\Library\Think\Model.class.php 第 1128 行.
NOTIC: [8] Undefined index: validate D:\wampserver\wamp\www\eshop\ThinkPHP\Library\Think\Model.class.php 第 1185 行.
NOTIC: [8] Undefined index: auto D:\wampserver\wamp\www\eshop\ThinkPHP\Library\Think\Model.class.php 第 1128 行.
SQL: UPDATE `eshop_user_address` SET `userId`='11',`userName`='王二',`location`='山东省|济南市|历下区',`streetInfo`='沈阳工业大学',`postCode`='433322',`tel`='13437826498',`is_first`='1',`modifytime`='1482462517' WHERE `id` = 11 [ RunTime:0.0536s ]

[ 2016-12-23T11:09:00+08:00 ] ::1 /eshop/index.php/Home/UserCenter/doEditAddrShow.html
INFO: [ app_begin ] --START--
INFO: Run Behavior\ReadHtmlCacheBehavior [ RunTime:0.000790s ]
INFO: [ app_begin ] --END-- [ RunTime:0.001346s ]
SQL: SHOW COLUMNS FROM `eshop_user_address` [ RunTime:0.0044s ]
NOTIC: [8] Undefined index: validate D:\wampserver\wamp\www\eshop\ThinkPHP\Library\Think\Model.class.php 第 1185 行.
NOTIC: [8] Undefined index: auto D:\wampserver\wamp\www\eshop\ThinkPHP\Library\Think\Model.class.php 第 1128 行.
NOTIC: [8] Undefined index: validate D:\wampserver\wamp\www\eshop\ThinkPHP\Library\Think\Model.class.php 第 1185 行.
NOTIC: [8] Undefined index: auto D:\wampserver\wamp\www\eshop\ThinkPHP\Library\Think\Model.class.php 第 1128 行.
SQL: UPDATE `eshop_user_address` SET `userId`='11',`userName`='梨花',`location`='上海市|上海市市辖区|黄浦区',`streetInfo`='黄浦区',`postCode`='433322',`tel`='13437826498',`is_first`='0',`modifytime`='1482462540' WHERE `id` = 8 [ RunTime:0.0787s ]

[ 2016-12-23T11:11:44+08:00 ] ::1 /eshop/index.php/Home/UserCenter/doEditAddrShow.html
INFO: [ app_begin ] --START--
INFO: Run Behavior\ReadHtmlCacheBehavior [ RunTime:0.000720s ]
INFO: [ app_begin ] --END-- [ RunTime:0.001199s ]
SQL: SHOW COLUMNS FROM `eshop_user_address` [ RunTime:0.0043s ]
SQL: UPDATE `eshop_user_address` SET `is_first`='0',`modifytime`='1482462704' WHERE `userId` = 11 AND `is_first` = 1 [ RunTime:0.1114s ]
NOTIC: [8] Undefined index: validate D:\wampserver\wamp\www\eshop\ThinkPHP\Library\Think\Model.class.php 第 1185 行.
NOTIC: [8] Undefined index: auto D:\wampserver\wamp\www\eshop\ThinkPHP\Library\Think\Model.class.php 第 1128 行.
SQL: UPDATE `eshop_user_address` SET `userId`='11',`userName`='梨花',`location`='上海市|上海市市辖区|黄浦区',`streetInfo`='黄浦区',`postCode`='433322',`tel`='13437826498',`is_first`='1',`modifytime`='1482462704' WHERE `id` = 8 [ RunTime:0.0210s ]

[ 2016-12-23T11:12:31+08:00 ] ::1 /eshop/index.php/Home/UserCenter/doEditAddrShow.html
INFO: [ app_begin ] --START--
INFO: Run Behavior\ReadHtmlCacheBehavior [ RunTime:0.000742s ]
INFO: [ app_begin ] --END-- [ RunTime:0.001274s ]
SQL: SHOW COLUMNS FROM `eshop_user_address` [ RunTime:0.0755s ]
NOTIC: [8] Undefined index: validate D:\wampserver\wamp\www\eshop\ThinkPHP\Library\Think\Model.class.php 第 1185 行.
NOTIC: [8] Undefined index: auto D:\wampserver\wamp\www\eshop\ThinkPHP\Library\Think\Model.class.php 第 1128 行.
SQL: UPDATE `eshop_user_address` SET `userId`='11',`userName`='张三',`location`='北京市|北京市市辖区|东城区',`streetInfo`='三好胡同',`postCode`='123456',`tel`='18904010296',`is_first`='0',`modifytime`='1482462751' WHERE `id` = 2 [ RunTime:0.0451s ]

[ 2016-12-23T11:12:59+08:00 ] ::1 /eshop/index.php/Home/UserCenter/addressDel.html
INFO: [ app_begin ] --START--
INFO: Run Behavior\ReadHtmlCacheBehavior [ RunTime:0.000845s ]
INFO: [ app_begin ] --END-- [ RunTime:0.001404s ]
SQL: SHOW COLUMNS FROM `eshop_user_address` [ RunTime:0.0037s ]
SQL: SHOW COLUMNS FROM `eshop_user_address` [ RunTime:0.0074s ]
SQL: UPDATE `eshop_user_address` SET `is_show`='0' WHERE `id` = 12 [ RunTime:0.0929s ]

[ 2016-12-23T12:04:36+08:00 ] ::1 /eshop/index.php/Home/Index/shoper_login.html
ERR: 非法操作:shoper_login

[ 2016-12-23T12:04:42+08:00 ] ::1 /eshop/index.php/Home/Index/shoper_regist.html
ERR: 非法操作:shoper_regist

[ 2016-12-23T12:13:04+08:00 ] ::1 /eshop/index.php/Home/Index/shop
ERR: 非法操作:shop

[ 2016-12-23T12:13:48+08:00 ] ::1 /eshop/index.php/Home/Shop/
ERR: XML标签语法错误

[ 2016-12-23T12:14:15+08:00 ] ::1 /eshop/index.php/Home/Shop/index
ERR: XML标签语法错误

[ 2016-12-23T12:14:29+08:00 ] ::1 /eshop/index.php/Home/Shop/
ERR: XML标签语法错误

[ 2016-12-23T12:14:30+08:00 ] ::1 /eshop/index.php/Home/Index/shop
ERR: 非法操作:shop

[ 2016-12-23T12:14:43+08:00 ] ::1 /eshop/index.php/Home/Shop/index.html
ERR: XML标签语法错误

[ 2016-12-23T12:15:50+08:00 ] ::1 /eshop/index.php/Home/Shop/index.html
ERR: XML标签语法错误

[ 2016-12-23T12:17:40+08:00 ] ::1 /eshop/index.php/Home/Shop/common/css/common.css
ERR: 非法操作:common

[ 2016-12-23T12:17:40+08:00 ] ::1 /eshop/index.php/Home/Shop/css/login.css
ERR: 非法操作:css

[ 2016-12-23T12:17:40+08:00 ] ::1 /eshop/index.php/Home/Shop/js/main.js
ERR: 非法操作:js

[ 2016-12-23T12:17:40+08:00 ] ::1 /eshop/index.php/Home/Shop/common/js/import.js
ERR: 非法操作:common

[ 2016-12-23T12:19:22+08:00 ] ::1 /eshop/index.php/Home/Shop/common/css/common.css
ERR: 非法操作:common

[ 2016-12-23T12:19:22+08:00 ] ::1 /eshop/index.php/Home/Shop/js/main.js
ERR: 非法操作:js

[ 2016-12-23T12:19:52+08:00 ] ::1 /eshop/index.php/Home/Shop/js/main.js
ERR: 非法操作:js

[ 2016-12-23T12:20:34+08:00 ] ::1 /eshop/index.php/Home/Shop/js/main.js
ERR: 非法操作:js

[ 2016-12-23T12:20:39+08:00 ] ::1 /eshop/index.php/Home/Shop/js/main.js
ERR: 非法操作:js

[ 2016-12-23T12:21:34+08:00 ] ::1 /eshop/index.php/Home/Shop/js/main.js
ERR: 非法操作:js

[ 2016-12-23T12:23:04+08:00 ] ::1 /eshop/index.php/Home/Shop/js/main.js
ERR: 非法操作:js

[ 2016-12-23T12:23:24+08:00 ] ::1 /eshop/index.php/Home/Shop/js/main.js
ERR: 非法操作:js

[ 2016-12-23T12:24:23+08:00 ] ::1 /eshop/index.php/Home/Shop/js/main.js
ERR: 非法操作:js

[ 2016-12-23T13:57:23+08:00 ] ::1 /eshop/index.php/Home/Shop/js/main.js
ERR: 非法操作:js

[ 2016-12-23T13:57:26+08:00 ] ::1 /eshop/index.php/Home/Shop/js/main.js
ERR: 非法操作:js

[ 2016-12-23T13:57:48+08:00 ] ::1 /eshop/index.php/Home/Shop/js/main.js
ERR: 非法操作:js

[ 2016-12-23T13:58:46+08:00 ] ::1 /eshop/index.php/Home/Shop/js/main.js
ERR: 非法操作:js

[ 2016-12-23T13:58:48+08:00 ] ::1 /eshop/index.php/Home/Shop/js/main.js
ERR: 非法操作:js

[ 2016-12-23T13:58:49+08:00 ] ::1 /eshop/index.php/Home/Shop/js/main.js
ERR: 非法操作:js

[ 2016-12-23T13:58:50+08:00 ] ::1 /eshop/index.php/Home/Shop/js/main.js
ERR: 非法操作:js

[ 2016-12-23T13:58:50+08:00 ] ::1 /eshop/index.php/Home/Shop/js/main.js
ERR: 非法操作:js

[ 2016-12-23T13:58:51+08:00 ] ::1 /eshop/index.php/Home/Shop/js/main.js
ERR: 非法操作:js

[ 2016-12-23T13:58:52+08:00 ] ::1 /eshop/index.php/Home/Shop/js/main.js
ERR: 非法操作:js

[ 2016-12-23T13:58:53+08:00 ] ::1 /eshop/index.php/Home/Shop/js/main.js
ERR: 非法操作:js

[ 2016-12-23T14:09:05+08:00 ] ::1 /eshop/index.php/Home/Shop/common/css/common.css
ERR: 非法操作:common

[ 2016-12-23T14:09:05+08:00 ] ::1 /eshop/index.php/Home/Shop/css/login.css
ERR: 非法操作:css

[ 2016-12-23T14:09:05+08:00 ] ::1 /eshop/index.php/Home/Shop/js/jquery-2.1.1.min.js
ERR: 非法操作:js

[ 2016-12-23T14:09:05+08:00 ] ::1 /eshop/index.php/Home/Shop/css/regist.css
ERR: 非法操作:css

[ 2016-12-23T14:09:05+08:00 ] ::1 /eshop/index.php/Home/Shop/includes/layer/layer.js
ERR: 非法操作:includes

[ 2016-12-23T14:10:01+08:00 ] ::1 /eshop/index.php/Home/Shop/css/regist.css
ERR: 非法操作:css

[ 2016-12-23T14:10:01+08:00 ] ::1 /eshop/index.php/Home/Shop/css/login.css
ERR: 非法操作:css

[ 2016-12-23T14:10:01+08:00 ] ::1 /eshop/index.php/Home/Shop/includes/layer/layer.js
ERR: 非法操作:includes

[ 2016-12-23T14:10:01+08:00 ] ::1 /eshop/index.php/Home/Shop/js/jquery-2.1.1.min.js
ERR: 非法操作:js

[ 2016-12-23T14:10:01+08:00 ] ::1 /eshop/index.php/Home/Shop/includes/layer/layer.js
ERR: 非法操作:includes

[ 2016-12-23T14:10:30+08:00 ] ::1 /eshop/index.php/Home/Shop/js/jquery-2.1.1.min.js
ERR: 非法操作:js

[ 2016-12-23T14:10:30+08:00 ] ::1 /eshop/index.php/Home/Shop/css/regist.css
ERR: 非法操作:css

[ 2016-12-23T14:10:30+08:00 ] ::1 /eshop/index.php/Home/Shop/includes/layer/layer.js
ERR: 非法操作:includes

[ 2016-12-23T14:10:30+08:00 ] ::1 /eshop/index.php/Home/Shop/css/login.css
ERR: 非法操作:css

[ 2016-12-23T14:11:34+08:00 ] ::1 /eshop/index.php/Home/Shop/css/regist.css
ERR: 非法操作:css

[ 2016-12-23T14:11:34+08:00 ] ::1 /eshop/index.php/Home/Shop/js/jquery-2.1.1.min.js
ERR: 非法操作:js

[ 2016-12-23T14:11:34+08:00 ] ::1 /eshop/index.php/Home/Shop/includes/layer/layer.js
ERR: 非法操作:includes

[ 2016-12-23T14:11:47+08:00 ] ::1 /eshop/index.php/Home/Shop/js/jquery-2.1.1.min.js
ERR: 非法操作:js

[ 2016-12-23T14:11:47+08:00 ] ::1 /eshop/index.php/Home/Shop/includes/layer/layer.js
ERR: 非法操作:includes

[ 2016-12-23T14:11:47+08:00 ] ::1 /eshop/index.php/Home/Shop/css/regist.css
ERR: 非法操作:css

[ 2016-12-23T14:13:20+08:00 ] ::1 /eshop/index.php/Home/Shop/css/regist.css
ERR: 非法操作:css

[ 2016-12-23T14:13:20+08:00 ] ::1 /eshop/index.php/Home/Shop/includes/layer/layer.js
ERR: 非法操作:includes

[ 2016-12-23T14:13:20+08:00 ] ::1 /eshop/index.php/Home/Shop/js/jquery-2.1.1.min.js
ERR: 非法操作:js

[ 2016-12-23T14:19:31+08:00 ] ::1 /eshop/index.php/Home/Shop/css/regist.css
ERR: 非法操作:css

[ 2016-12-23T14:19:31+08:00 ] ::1 /eshop/index.php/Home/Shop/includes/layer/layer.js
ERR: 非法操作:includes

[ 2016-12-23T14:19:31+08:00 ] ::1 /eshop/index.php/Home/Shop/js/jquery-2.1.1.min.js
ERR: 非法操作:js

[ 2016-12-23T14:19:31+08:00 ] ::1 /eshop/index.php/Home/Shop/includes/layer/layer.js
ERR: 非法操作:includes

[ 2016-12-23T14:20:25+08:00 ] ::1 /eshop/index.php/Home/Shop/css/regist.css
ERR: 非法操作:css

[ 2016-12-23T14:20:25+08:00 ] ::1 /eshop/index.php/Home/Shop/js/jquery-2.1.1.min.js
ERR: 非法操作:js

[ 2016-12-23T14:20:25+08:00 ] ::1 /eshop/index.php/Home/Shop/includes/layer/layer.js
ERR: 非法操作:includes

[ 2016-12-23T19:03:45+08:00 ] ::1 /eshop/index.php/Home/UserCenter/addressDefault.html
INFO: [ app_begin ] --START--
INFO: Run Behavior\ReadHtmlCacheBehavior [ RunTime:0.000938s ]
INFO: [ app_begin ] --END-- [ RunTime:0.001484s ]
SQL: SHOW COLUMNS FROM `eshop_user_address` [ RunTime:0.0058s ]
SQL: SHOW COLUMNS FROM `eshop_user_address` [ RunTime:0.0056s ]
SQL: UPDATE `eshop_user_address` SET `is_first`='0',`modifytime`='1482491024' WHERE `userId` = 11 [ RunTime:0.0959s ]
SQL: UPDATE `eshop_user_address` SET `is_first`='1',`modifytime`='1482491025' WHERE `id` = 1 [ RunTime:0.0408s ]

[ 2016-12-23T19:07:07+08:00 ] ::1 /eshop/index.php/Home/Shop/css/regist.css
ERR: 非法操作:css

[ 2016-12-23T19:07:07+08:00 ] ::1 /eshop/index.php/Home/Shop/js/jquery-2.1.1.min.js
ERR: 非法操作:js

[ 2016-12-23T19:07:07+08:00 ] ::1 /eshop/index.php/Home/Shop/includes/layer/layer.js
ERR: 非法操作:includes

[ 2016-12-23T19:13:07+08:00 ] ::1 /eshop/index.php/Home/Shop/css/regist.css
ERR: 非法操作:css

[ 2016-12-23T19:13:07+08:00 ] ::1 /eshop/index.php/Home/Shop/js/jquery-2.1.1.min.js
ERR: 非法操作:js

[ 2016-12-23T19:13:13+08:00 ] ::1 /eshop/index.php/Home/Shop/includes/layer/layer.js
ERR: 非法操作:includes

[ 2016-12-23T20:06:26+08:00 ] ::1 /eshop/index.php/Home/Shop/css/regist.css
ERR: 非法操作:css

[ 2016-12-23T20:06:56+08:00 ] ::1 /eshop/index.php/Home/Shop/css/regist.css
ERR: 非法操作:css

[ 2016-12-23T20:08:30+08:00 ] ::1 /eshop/index.php/Home/Shop/css/regist.css
ERR: 非法操作:css

[ 2016-12-23T20:09:12+08:00 ] ::1 /eshop/index.php/Home/Shop/css/regist.css
ERR: 非法操作:css

[ 2016-12-23T20:10:51+08:00 ] ::1 /eshop/index.php/Home/Shop/css/regist.css
ERR: 非法操作:css

[ 2016-12-23T20:11:28+08:00 ] ::1 /eshop/index.php/Home/Shop/css/regist.css
ERR: 非法操作:css

[ 2016-12-23T20:11:54+08:00 ] ::1 /eshop/index.php/Home/Shop/css/regist.css
ERR: 非法操作:css

[ 2016-12-23T20:12:26+08:00 ] ::1 /eshop/index.php/Home/Shop/css/regist.css
ERR: 非法操作:css

[ 2016-12-23T20:13:07+08:00 ] ::1 /eshop/index.php/Home/Shop/css/regist.css
ERR: 非法操作:css

[ 2016-12-23T20:20:57+08:00 ] ::1 /eshop/index.php/Home/Shop/login.html
ERR: 非法操作:login

[ 2016-12-23T20:53:58+08:00 ] ::1 /eshop/index.php/Home/Shop/checkShoperName.html
INFO: [ app_begin ] --START--
INFO: Run Behavior\ReadHtmlCacheBehavior [ RunTime:0.000819s ]
INFO: [ app_begin ] --END-- [ RunTime:0.001422s ]
SQL: SHOW COLUMNS FROM `eshop_shoper` [ RunTime:0.0059s ]
SQL: SELECT `id` FROM `eshop_shoper` WHERE `name` = 'admin1' LIMIT 1   [ RunTime:0.0003s ]
INFO: [ app_end ] --START--
INFO: Run Behavior\ShowPageTraceBehavior [ RunTime:0.000865s ]
INFO: [ app_end ] --END-- [ RunTime:0.000973s ]

[ 2016-12-23T20:55:30+08:00 ] ::1 /eshop/index.php/Home/Shop/checkShoperName.html
INFO: [ app_begin ] --START--
INFO: Run Behavior\ReadHtmlCacheBehavior [ RunTime:0.000913s ]
INFO: [ app_begin ] --END-- [ RunTime:0.001604s ]
SQL: SHOW COLUMNS FROM `eshop_shoper` [ RunTime:0.0060s ]
SQL: SELECT `id` FROM `eshop_shoper` WHERE `name` = 'shop' LIMIT 1   [ RunTime:0.0003s ]
INFO: [ app_end ] --START--
INFO: Run Behavior\ShowPageTraceBehavior [ RunTime:0.001192s ]
INFO: [ app_end ] --END-- [ RunTime:0.001314s ]

[ 2016-12-23T20:55:31+08:00 ] ::1 /eshop/index.php/Home/Shop/checkShoperName.html
INFO: [ app_begin ] --START--
INFO: Run Behavior\ReadHtmlCacheBehavior [ RunTime:0.000974s ]
INFO: [ app_begin ] --END-- [ RunTime:0.001561s ]
SQL: SHOW COLUMNS FROM `eshop_shoper` [ RunTime:0.0055s ]
SQL: SELECT `id` FROM `eshop_shoper` WHERE `name` = 'shoper' LIMIT 1   [ RunTime:0.0003s ]
INFO: [ app_end ] --START--
INFO: Run Behavior\ShowPageTraceBehavior [ RunTime:0.001070s ]
INFO: [ app_end ] --END-- [ RunTime:0.001158s ]

[ 2016-12-23T20:55:49+08:00 ] ::1 /eshop/index.php/Home/Shop/checkShoperEmail.html
INFO: [ app_begin ] --START--
INFO: Run Behavior\ReadHtmlCacheBehavior [ RunTime:0.000828s ]
INFO: [ app_begin ] --END-- [ RunTime:0.001514s ]
SQL: SHOW COLUMNS FROM `eshop_shoper` [ RunTime:0.0056s ]
SQL: SELECT `email` FROM `eshop_shoper` WHERE `email` = '1234567@qq.com' LIMIT 1   [ RunTime:0.0003s ]
INFO: [ app_end ] --START--
INFO: Run Behavior\ShowPageTraceBehavior [ RunTime:0.001015s ]
INFO: [ app_end ] --END-- [ RunTime:0.001088s ]

[ 2016-12-23T20:56:03+08:00 ] ::1 /eshop/index.php/Home/Shop/checkVerify.html
INFO: [ app_begin ] --START--
INFO: Run Behavior\ReadHtmlCacheBehavior [ RunTime:0.000929s ]
INFO: [ app_begin ] --END-- [ RunTime:0.001481s ]
INFO: [ app_end ] --START--
INFO: Run Behavior\ShowPageTraceBehavior [ RunTime:0.000946s ]
INFO: [ app_end ] --END-- [ RunTime:0.001042s ]

[ 2016-12-23T20:56:50+08:00 ] ::1 /eshop/index.php/Home/Shop/checkShoperName.html
INFO: [ app_begin ] --START--
INFO: Run Behavior\ReadHtmlCacheBehavior [ RunTime:0.000882s ]
INFO: [ app_begin ] --END-- [ RunTime:0.001557s ]
SQL: SHOW COLUMNS FROM `eshop_shoper` [ RunTime:0.0064s ]
SQL: SELECT `id` FROM `eshop_shoper` WHERE `name` = 'testshope' LIMIT 1   [ RunTime:0.0003s ]
INFO: [ app_end ] --START--
INFO: Run Behavior\ShowPageTraceBehavior [ RunTime:0.001012s ]
INFO: [ app_end ] --END-- [ RunTime:0.001104s ]

[ 2016-12-23T20:56:52+08:00 ] ::1 /eshop/index.php/Home/Shop/checkShoperName.html
INFO: [ app_begin ] --START--
INFO: Run Behavior\ReadHtmlCacheBehavior [ RunTime:0.000902s ]
INFO: [ app_begin ] --END-- [ RunTime:0.001519s ]
SQL: SHOW COLUMNS FROM `eshop_shoper` [ RunTime:0.0056s ]
SQL: SELECT `id` FROM `eshop_shoper` WHERE `name` = 'testshoper' LIMIT 1   [ RunTime:0.0003s ]
INFO: [ app_end ] --START--
INFO: Run Behavior\ShowPageTraceBehavior [ RunTime:0.001027s ]
INFO: [ app_end ] --END-- [ RunTime:0.001113s ]

[ 2016-12-23T20:57:04+08:00 ] ::1 /eshop/index.php/Home/Shop/checkShoperEmail.html
INFO: [ app_begin ] --START--
INFO: Run Behavior\ReadHtmlCacheBehavior [ RunTime:0.001020s ]
INFO: [ app_begin ] --END-- [ RunTime:0.001700s ]
SQL: SHOW COLUMNS FROM `eshop_shoper` [ RunTime:0.0055s ]
SQL: SELECT `email` FROM `eshop_shoper` WHERE `email` = '1234567@qq.com' LIMIT 1   [ RunTime:0.0003s ]
INFO: [ app_end ] --START--
INFO: Run Behavior\ShowPageTraceBehavior [ RunTime:0.000911s ]
INFO: [ app_end ] --END-- [ RunTime:0.001023s ]

[ 2016-12-23T20:57:06+08:00 ] ::1 /eshop/index.php/Home/Shop/checkVerify.html
INFO: [ app_begin ] --START--
INFO: Run Behavior\ReadHtmlCacheBehavior [ RunTime:0.001186s ]
INFO: [ app_begin ] --END-- [ RunTime:0.001828s ]
INFO: [ app_end ] --START--
INFO: Run Behavior\ShowPageTraceBehavior [ RunTime:0.000822s ]
INFO: [ app_end ] --END-- [ RunTime:0.000921s ]

[ 2016-12-23T20:57:08+08:00 ] ::1 /eshop/index.php/Home/Shop/checkShoperEmail.html
INFO: [ app_begin ] --START--
INFO: Run Behavior\ReadHtmlCacheBehavior [ RunTime:0.001230s ]
INFO: [ app_begin ] --END-- [ RunTime:0.002757s ]
SQL: SHOW COLUMNS FROM `eshop_shoper` [ RunTime:0.0054s ]
SQL: SELECT `email` FROM `eshop_shoper` WHERE `email` = '123456@qq.com' LIMIT 1   [ RunTime:0.0003s ]
INFO: [ app_end ] --START--
INFO: Run Behavior\ShowPageTraceBehavior [ RunTime:0.000993s ]
INFO: [ app_end ] --END-- [ RunTime:0.001084s ]

[ 2016-12-23T20:57:13+08:00 ] ::1 /eshop/index.php/Home/Shop/checkVerify.html
INFO: [ app_begin ] --START--
INFO: Run Behavior\ReadHtmlCacheBehavior [ RunTime:0.001018s ]
INFO: [ app_begin ] --END-- [ RunTime:0.001692s ]
INFO: [ app_end ] --START--
INFO: Run Behavior\ShowPageTraceBehavior [ RunTime:0.000895s ]
INFO: [ app_end ] --END-- [ RunTime:0.001004s ]

[ 2016-12-23T20:58:39+08:00 ] ::1 /eshop/index.php/Home/Shop/checkShoperName.html
INFO: [ app_begin ] --START--
INFO: Run Behavior\ReadHtmlCacheBehavior [ RunTime:0.000874s ]
INFO: [ app_begin ] --END-- [ RunTime:0.001429s ]
SQL: SHOW COLUMNS FROM `eshop_shoper` [ RunTime:0.0058s ]
SQL: SELECT `id` FROM `eshop_shoper` WHERE `name` = 'test' LIMIT 1   [ RunTime:0.0004s ]
INFO: [ app_end ] --START--
INFO: Run Behavior\ShowPageTraceBehavior [ RunTime:0.001047s ]
INFO: [ app_end ] --END-- [ RunTime:0.001130s ]

[ 2016-12-23T20:58:41+08:00 ] ::1 /eshop/index.php/Home/Shop/checkShoperName.html
INFO: [ app_begin ] --START--
INFO: Run Behavior\ReadHtmlCacheBehavior [ RunTime:0.000879s ]
INFO: [ app_begin ] --END-- [ RunTime:0.001426s ]
SQL: SHOW COLUMNS FROM `eshop_shoper` [ RunTime:0.0051s ]
SQL: SELECT `id` FROM `eshop_shoper` WHERE `name` = 'tests' LIMIT 1   [ RunTime:0.0003s ]
INFO: [ app_end ] --START--
INFO: Run Behavior\ShowPageTraceBehavior [ RunTime:0.001047s ]
INFO: [ app_end ] --END-- [ RunTime:0.001126s ]

[ 2016-12-23T20:58:42+08:00 ] ::1 /eshop/index.php/Home/Shop/checkShoperName.html
INFO: [ app_begin ] --START--
INFO: Run Behavior\ReadHtmlCacheBehavior [ RunTime:0.000866s ]
INFO: [ app_begin ] --END-- [ RunTime:0.001393s ]
SQL: SHOW COLUMNS FROM `eshop_shoper` [ RunTime:0.0049s ]
SQL: SELECT `id` FROM `eshop_shoper` WHERE `name` = 'testsho' LIMIT 1   [ RunTime:0.0003s ]
INFO: [ app_end ] --START--
INFO: Run Behavior\ShowPageTraceBehavior [ RunTime:0.001341s ]
INFO: [ app_end ] --END-- [ RunTime:0.001475s ]

[ 2016-12-23T20:58:42+08:00 ] ::1 /eshop/index.php/Home/Shop/checkShoperName.html
INFO: [ app_begin ] --START--
INFO: Run Behavior\ReadHtmlCacheBehavior [ RunTime:0.000988s ]
INFO: [ app_begin ] --END-- [ RunTime:0.001724s ]
SQL: SHOW COLUMNS FROM `eshop_shoper` [ RunTime:0.0057s ]
SQL: SELECT `id` FROM `eshop_shoper` WHERE `name` = 'testshop' LIMIT 1   [ RunTime:0.0004s ]
INFO: [ app_end ] --START--
INFO: Run Behavior\ShowPageTraceBehavior [ RunTime:0.001026s ]
INFO: [ app_end ] --END-- [ RunTime:0.001118s ]

[ 2016-12-23T20:58:43+08:00 ] ::1 /eshop/index.php/Home/Shop/checkShoperName.html
INFO: [ app_begin ] --START--
INFO: Run Behavior\ReadHtmlCacheBehavior [ RunTime:0.000999s ]
INFO: [ app_begin ] --END-- [ RunTime:0.001777s ]
SQL: SHOW COLUMNS FROM `eshop_shoper` [ RunTime:0.0056s ]
SQL: SELECT `id` FROM `eshop_shoper` WHERE `name` = 'testshope' LIMIT 1   [ RunTime:0.0003s ]
INFO: [ app_end ] --START--
INFO: Run Behavior\ShowPageTraceBehavior [ RunTime:0.001146s ]
INFO: [ app_end ] --END-- [ RunTime:0.001235s ]

[ 2016-12-23T20:58:43+08:00 ] ::1 /eshop/index.php/Home/Shop/checkShoperName.html
INFO: [ app_begin ] --START--
INFO: Run Behavior\ReadHtmlCacheBehavior [ RunTime:0.000924s ]
INFO: [ app_begin ] --END-- [ RunTime:0.001475s ]
SQL: SHOW COLUMNS FROM `eshop_shoper` [ RunTime:0.0049s ]
SQL: SELECT `id` FROM `eshop_shoper` WHERE `name` = 'testshoper' LIMIT 1   [ RunTime:0.0003s ]
INFO: [ app_end ] --START--
INFO: Run Behavior\ShowPageTraceBehavior [ RunTime:0.001025s ]
INFO: [ app_end ] --END-- [ RunTime:0.001100s ]

[ 2016-12-23T20:59:14+08:00 ] ::1 /eshop/index.php/Home/Shop/checkShoperEmail.html
INFO: [ app_begin ] --START--
INFO: Run Behavior\ReadHtmlCacheBehavior [ RunTime:0.001159s ]
INFO: [ app_begin ] --END-- [ RunTime:0.001801s ]
SQL: SHOW COLUMNS FROM `eshop_shoper` [ RunTime:0.0054s ]
SQL: SELECT `email` FROM `eshop_shoper` WHERE `email` = 'shoper@sina.com' LIMIT 1   [ RunTime:0.0005s ]
INFO: [ app_end ] --START--
INFO: Run Behavior\ShowPageTraceBehavior [ RunTime:0.001118s ]
INFO: [ app_end ] --END-- [ RunTime:0.001212s ]

[ 2016-12-23T20:59:23+08:00 ] ::1 /eshop/index.php/Home/Shop/checkVerify.html
INFO: [ app_begin ] --START--
INFO: Run Behavior\ReadHtmlCacheBehavior [ RunTime:0.000890s ]
INFO: [ app_begin ] --END-- [ RunTime:0.001445s ]
INFO: [ app_end ] --START--
INFO: Run Behavior\ShowPageTraceBehavior [ RunTime:0.000990s ]
INFO: [ app_end ] --END-- [ RunTime:0.001115s ]

[ 2016-12-23T20:59:28+08:00 ] ::1 /eshop/index.php/Home/Shop/checkVerify.html
INFO: [ app_begin ] --START--
INFO: Run Behavior\ReadHtmlCacheBehavior [ RunTime:0.001354s ]
INFO: [ app_begin ] --END-- [ RunTime:0.002225s ]
INFO: [ app_end ] --START--
INFO: Run Behavior\ShowPageTraceBehavior [ RunTime:0.000901s ]
INFO: [ app_end ] --END-- [ RunTime:0.000992s ]

[ 2016-12-23T20:59:32+08:00 ] ::1 /eshop/index.php/Home/Shop/doRegist.html
INFO: [ app_begin ] --START--
INFO: Run Behavior\ReadHtmlCacheBehavior [ RunTime:0.000945s ]
INFO: [ app_begin ] --END-- [ RunTime:0.001442s ]

[ 2016-12-23T21:09:53+08:00 ] ::1 /eshop/index.php/Home/Shop/checkVerify.html
INFO: [ app_begin ] --START--
INFO: Run Behavior\ReadHtmlCacheBehavior [ RunTime:0.000880s ]
INFO: [ app_begin ] --END-- [ RunTime:0.001461s ]
INFO: [ app_end ] --START--
INFO: Run Behavior\ShowPageTraceBehavior [ RunTime:0.000937s ]
INFO: [ app_end ] --END-- [ RunTime:0.001034s ]

[ 2016-12-23T21:09:55+08:00 ] ::1 /eshop/index.php/Home/Shop/checkShoperName.html
INFO: [ app_begin ] --START--
INFO: Run Behavior\ReadHtmlCacheBehavior [ RunTime:0.000893s ]
INFO: [ app_begin ] --END-- [ RunTime:0.001577s ]
SQL: SHOW COLUMNS FROM `eshop_shoper` [ RunTime:0.0651s ]
SQL: SELECT `id` FROM `eshop_shoper` WHERE `name` = 'testshoper' LIMIT 1   [ RunTime:0.0003s ]
INFO: [ app_end ] --START--
INFO: Run Behavior\ShowPageTraceBehavior [ RunTime:0.001019s ]
INFO: [ app_end ] --END-- [ RunTime:0.001095s ]

[ 2016-12-23T21:09:55+08:00 ] ::1 /eshop/index.php/Home/Shop/checkShoperEmail.html
INFO: [ app_begin ] --START--
INFO: Run Behavior\ReadHtmlCacheBehavior [ RunTime:0.000826s ]
INFO: [ app_begin ] --END-- [ RunTime:0.001435s ]
SQL: SHOW COLUMNS FROM `eshop_shoper` [ RunTime:0.0071s ]
SQL: SELECT `email` FROM `eshop_shoper` WHERE `email` = 'shoper@sina.com' LIMIT 1   [ RunTime:0.0003s ]
INFO: [ app_end ] --START--
INFO: Run Behavior\ShowPageTraceBehavior [ RunTime:0.001796s ]
INFO: [ app_end ] --END-- [ RunTime:0.001987s ]

[ 2016-12-23T21:09:55+08:00 ] ::1 /eshop/index.php/Home/Shop/doRegist.html
INFO: [ app_begin ] --START--
INFO: Run Behavior\ReadHtmlCacheBehavior [ RunTime:0.000923s ]
INFO: [ app_begin ] --END-- [ RunTime:0.001546s ]

[ 2016-12-23T21:10:25+08:00 ] ::1 /eshop/index.php/Home/Shop/doRegist.html
INFO: [ app_begin ] --START--
INFO: Run Behavior\ReadHtmlCacheBehavior [ RunTime:0.000887s ]
INFO: [ app_begin ] --END-- [ RunTime:0.001581s ]
SQL: SHOW COLUMNS FROM `eshop_shoper` [ RunTime:0.0780s ]
NOTIC: [8] Undefined variable: uemail D:\wampserver\wamp\www\eshop\App\Home\Controller\ShopController.class.php 第 48 行.
SQL: SHOW COLUMNS FROM `eshop_shoper` [ RunTime:0.0060s ]
NOTIC: [8] Undefined index: validate D:\wampserver\wamp\www\eshop\ThinkPHP\Library\Think\Model.class.php 第 1185 行.
NOTIC: [8] Undefined index: auto D:\wampserver\wamp\www\eshop\ThinkPHP\Library\Think\Model.class.php 第 1128 行.
ERR: 1048:Column 'email' cannot be null
 [ SQL语句 ] : INSERT INTO `eshop_shoper` (`name`,`password`,`email`) VALUES ('testshoper','9d584a20e8b8cb5bbfd68af00671da22',NULL)
ERR: 1048:Column 'email' cannot be null
 [ SQL语句 ] : INSERT INTO `eshop_shoper` (`name`,`password`,`email`) VALUES ('testshoper','9d584a20e8b8cb5bbfd68af00671da22',NULL)

[ 2016-12-23T21:16:07+08:00 ] ::1 /eshop/index.php/Home/Shop/checkShoperName.html
INFO: [ app_begin ] --START--
INFO: Run Behavior\ReadHtmlCacheBehavior [ RunTime:0.002035s ]
INFO: [ app_begin ] --END-- [ RunTime:0.003369s ]
SQL: SHOW COLUMNS FROM `eshop_shoper` [ RunTime:0.0138s ]
SQL: SELECT `id` FROM `eshop_shoper` WHERE `name` = 'testshoper' LIMIT 1   [ RunTime:0.0008s ]
INFO: [ app_end ] --START--
INFO: Run Behavior\ShowPageTraceBehavior [ RunTime:0.002828s ]
INFO: [ app_end ] --END-- [ RunTime:0.003065s ]

[ 2016-12-23T21:16:27+08:00 ] ::1 /eshop/index.php/Home/Shop/checkShoperEmail.html
INFO: [ app_begin ] --START--
INFO: Run Behavior\ReadHtmlCacheBehavior [ RunTime:0.000957s ]
INFO: [ app_begin ] --END-- [ RunTime:0.001708s ]
SQL: SHOW COLUMNS FROM `eshop_shoper` [ RunTime:0.0062s ]
SQL: SELECT `email` FROM `eshop_shoper` WHERE `email` = 'shoper@sina.com' LIMIT 1   [ RunTime:0.0005s ]
INFO: [ app_end ] --START--
INFO: Run Behavior\ShowPageTraceBehavior [ RunTime:0.002041s ]
INFO: [ app_end ] --END-- [ RunTime:0.002197s ]

[ 2016-12-23T21:16:40+08:00 ] ::1 /eshop/index.php/Home/Shop/checkVerify.html
INFO: [ app_begin ] --START--
INFO: Run Behavior\ReadHtmlCacheBehavior [ RunTime:0.001182s ]
INFO: [ app_begin ] --END-- [ RunTime:0.002589s ]
INFO: [ app_end ] --START--
INFO: Run Behavior\ShowPageTraceBehavior [ RunTime:0.000903s ]
INFO: [ app_end ] --END-- [ RunTime:0.000990s ]

[ 2016-12-23T21:16:42+08:00 ] ::1 /eshop/index.php/Home/Shop/doRegist.html
INFO: [ app_begin ] --START--
INFO: Run Behavior\ReadHtmlCacheBehavior [ RunTime:0.000879s ]
INFO: [ app_begin ] --END-- [ RunTime:0.001533s ]
SQL: SHOW COLUMNS FROM `eshop_shoper` [ RunTime:0.0811s ]
NOTIC: [8] Undefined variable: uemail D:\wampserver\wamp\www\eshop\App\Home\Controller\ShopController.class.php 第 48 行.
SQL: SHOW COLUMNS FROM `eshop_shoper` [ RunTime:0.0293s ]
NOTIC: [8] Undefined index: validate D:\wampserver\wamp\www\eshop\ThinkPHP\Library\Think\Model.class.php 第 1185 行.
NOTIC: [8] Undefined index: auto D:\wampserver\wamp\www\eshop\ThinkPHP\Library\Think\Model.class.php 第 1128 行.
ERR: 1048:Column 'email' cannot be null
 [ SQL语句 ] : INSERT INTO `eshop_shoper` (`name`,`password`,`email`) VALUES ('testshoper','47ec2dd791e31e2ef2076caf64ed9b3d',NULL)
ERR: 1048:Column 'email' cannot be null
 [ SQL语句 ] : INSERT INTO `eshop_shoper` (`name`,`password`,`email`) VALUES ('testshoper','47ec2dd791e31e2ef2076caf64ed9b3d',NULL)

[ 2016-12-23T21:18:24+08:00 ] ::1 /eshop/index.php/Home/Shop/checkVerify.html
INFO: [ app_begin ] --START--
INFO: Run Behavior\ReadHtmlCacheBehavior [ RunTime:0.001002s ]
INFO: [ app_begin ] --END-- [ RunTime:0.001719s ]
INFO: [ app_end ] --START--
INFO: Run Behavior\ShowPageTraceBehavior [ RunTime:0.000883s ]
INFO: [ app_end ] --END-- [ RunTime:0.000961s ]

[ 2016-12-23T21:18:24+08:00 ] ::1 /eshop/index.php/Home/Shop/checkShoperName.html
INFO: [ app_begin ] --START--
INFO: Run Behavior\ReadHtmlCacheBehavior [ RunTime:0.002225s ]
INFO: [ app_begin ] --END-- [ RunTime:0.003141s ]
SQL: SHOW COLUMNS FROM `eshop_shoper` [ RunTime:0.0469s ]
SQL: SELECT `id` FROM `eshop_shoper` WHERE `name` = 'testshoper' LIMIT 1   [ RunTime:0.0004s ]
INFO: [ app_end ] --START--
INFO: Run Behavior\ShowPageTraceBehavior [ RunTime:0.002626s ]
INFO: [ app_end ] --END-- [ RunTime:0.002773s ]

[ 2016-12-23T21:18:24+08:00 ] ::1 /eshop/index.php/Home/Shop/checkShoperEmail.html
INFO: [ app_begin ] --START--
INFO: Run Behavior\ReadHtmlCacheBehavior [ RunTime:0.001554s ]
INFO: [ app_begin ] --END-- [ RunTime:0.002466s ]
SQL: SHOW COLUMNS FROM `eshop_shoper` [ RunTime:0.0064s ]
SQL: SELECT `email` FROM `eshop_shoper` WHERE `email` = 'shoper@sina.com' LIMIT 1   [ RunTime:0.0004s ]
INFO: [ app_end ] --START--
INFO: Run Behavior\ShowPageTraceBehavior [ RunTime:0.001346s ]
INFO: [ app_end ] --END-- [ RunTime:0.001475s ]

[ 2016-12-23T21:18:42+08:00 ] ::1 /eshop/index.php/Home/Shop/checkVerify.html
INFO: [ app_begin ] --START--
INFO: Run Behavior\ReadHtmlCacheBehavior [ RunTime:0.000863s ]
INFO: [ app_begin ] --END-- [ RunTime:0.001463s ]
INFO: [ app_end ] --START--
INFO: Run Behavior\ShowPageTraceBehavior [ RunTime:0.000879s ]
INFO: [ app_end ] --END-- [ RunTime:0.000979s ]

[ 2016-12-23T21:18:42+08:00 ] ::1 /eshop/index.php/Home/Shop/checkVerify.html
INFO: [ app_begin ] --START--
INFO: Run Behavior\ReadHtmlCacheBehavior [ RunTime:0.000964s ]
INFO: [ app_begin ] --END-- [ RunTime:0.001693s ]
INFO: [ app_end ] --START--
INFO: Run Behavior\ShowPageTraceBehavior [ RunTime:0.000786s ]
INFO: [ app_end ] --END-- [ RunTime:0.000873s ]

[ 2016-12-23T21:18:44+08:00 ] ::1 /eshop/index.php/Home/Shop/checkVerify.html
INFO: [ app_begin ] --START--
INFO: Run Behavior\ReadHtmlCacheBehavior [ RunTime:0.000932s ]
INFO: [ app_begin ] --END-- [ RunTime:0.001503s ]
INFO: [ app_end ] --START--
INFO: Run Behavior\ShowPageTraceBehavior [ RunTime:0.000884s ]
INFO: [ app_end ] --END-- [ RunTime:0.000970s ]

[ 2016-12-23T21:18:44+08:00 ] ::1 /eshop/index.php/Home/Shop/checkVerify.html
INFO: [ app_begin ] --START--
INFO: Run Behavior\ReadHtmlCacheBehavior [ RunTime:0.000881s ]
INFO: [ app_begin ] --END-- [ RunTime:0.001465s ]
INFO: [ app_end ] --START--
INFO: Run Behavior\ShowPageTraceBehavior [ RunTime:0.000841s ]
INFO: [ app_end ] --END-- [ RunTime:0.000937s ]

[ 2016-12-23T21:18:45+08:00 ] ::1 /eshop/index.php/Home/Shop/checkVerify.html
INFO: [ app_begin ] --START--
INFO: Run Behavior\ReadHtmlCacheBehavior [ RunTime:0.000885s ]
INFO: [ app_begin ] --END-- [ RunTime:0.001548s ]
INFO: [ app_end ] --START--
INFO: Run Behavior\ShowPageTraceBehavior [ RunTime:0.000869s ]
INFO: [ app_end ] --END-- [ RunTime:0.000951s ]

[ 2016-12-23T21:18:48+08:00 ] ::1 /eshop/index.php/Home/Shop/doRegist.html
INFO: [ app_begin ] --START--
INFO: Run Behavior\ReadHtmlCacheBehavior [ RunTime:0.000862s ]
INFO: [ app_begin ] --END-- [ RunTime:0.001576s ]
SQL: SHOW COLUMNS FROM `eshop_shoper` [ RunTime:0.0675s ]
NOTIC: [8] Undefined variable: uemail D:\wampserver\wamp\www\eshop\App\Home\Controller\ShopController.class.php 第 48 行.
SQL: SHOW COLUMNS FROM `eshop_shoper` [ RunTime:0.0050s ]
NOTIC: [8] Undefined index: validate D:\wampserver\wamp\www\eshop\ThinkPHP\Library\Think\Model.class.php 第 1185 行.
NOTIC: [8] Undefined index: auto D:\wampserver\wamp\www\eshop\ThinkPHP\Library\Think\Model.class.php 第 1128 行.
ERR: 1048:Column 'email' cannot be null
 [ SQL语句 ] : INSERT INTO `eshop_shoper` (`name`,`password`,`email`) VALUES ('testshoper','16d7a4fca7442dda3ad93c9a726597e4',NULL)
ERR: 1048:Column 'email' cannot be null
 [ SQL语句 ] : INSERT INTO `eshop_shoper` (`name`,`password`,`email`) VALUES ('testshoper','16d7a4fca7442dda3ad93c9a726597e4',NULL)

[ 2016-12-23T21:22:47+08:00 ] ::1 /eshop/index.php/Home/Shop/regist.html
ERR: 无法加载控制器:Shop

[ 2016-12-23T21:23:07+08:00 ] ::1 /eshop/index.php/Home/Shop/regist.html
ERR: 无法加载控制器:Shop

[ 2016-12-23T21:23:37+08:00 ] ::1 /eshop/index.php/Home/Shop/regist.html
ERR: 无法加载控制器:Shop

[ 2016-12-23T21:24:37+08:00 ] ::1 /eshop/index.php/Home/Shop/regist.html
ERR: 无法加载控制器:Shop

[ 2016-12-23T21:25:19+08:00 ] ::1 /eshop/index.php/Home/Shop/regist.html
ERR: 无法加载控制器:Shop

[ 2016-12-23T21:28:08+08:00 ] ::1 /eshop/index.php/Home/Shoper/checkShoperName.html
INFO: [ app_begin ] --START--
INFO: Run Behavior\ReadHtmlCacheBehavior [ RunTime:0.000984s ]
INFO: [ app_begin ] --END-- [ RunTime:0.001713s ]
SQL: SHOW COLUMNS FROM `eshop_shoper` [ RunTime:0.0064s ]
SQL: SELECT `id` FROM `eshop_shoper` WHERE `name` = 'testshoper' LIMIT 1   [ RunTime:0.0004s ]
INFO: [ app_end ] --START--
INFO: Run Behavior\ShowPageTraceBehavior [ RunTime:0.001333s ]
INFO: [ app_end ] --END-- [ RunTime:0.001446s ]

[ 2016-12-23T21:28:28+08:00 ] ::1 /eshop/index.php/Home/Shoper/checkShoperEmail.html
INFO: [ app_begin ] --START--
INFO: Run Behavior\ReadHtmlCacheBehavior [ RunTime:0.002053s ]
INFO: [ app_begin ] --END-- [ RunTime:0.002655s ]
SQL: SHOW COLUMNS FROM `eshop_shoper` [ RunTime:0.0055s ]
SQL: SELECT `email` FROM `eshop_shoper` WHERE `email` = 'shoper@sina.com' LIMIT 1   [ RunTime:0.0003s ]
INFO: [ app_end ] --START--
INFO: Run Behavior\ShowPageTraceBehavior [ RunTime:0.001017s ]
INFO: [ app_end ] --END-- [ RunTime:0.001093s ]

[ 2016-12-23T21:28:34+08:00 ] ::1 /eshop/index.php/Home/Shoper/checkVerify.html
INFO: [ app_begin ] --START--
INFO: Run Behavior\ReadHtmlCacheBehavior [ RunTime:0.000907s ]
INFO: [ app_begin ] --END-- [ RunTime:0.001525s ]
INFO: [ app_end ] --START--
INFO: Run Behavior\ShowPageTraceBehavior [ RunTime:0.000889s ]
INFO: [ app_end ] --END-- [ RunTime:0.000976s ]

[ 2016-12-23T21:28:48+08:00 ] ::1 /eshop/index.php/Home/Shoper/doRegist.html
INFO: [ app_begin ] --START--
INFO: Run Behavior\ReadHtmlCacheBehavior [ RunTime:0.001955s ]
INFO: [ app_begin ] --END-- [ RunTime:0.002979s ]
SQL: SHOW COLUMNS FROM `eshop_shoper` [ RunTime:0.0575s ]
NOTIC: [8] Undefined variable: uemail D:\wampserver\wamp\www\eshop\App\Home\Controller\ShoperController.class.php 第 48 行.
SQL: SHOW COLUMNS FROM `eshop_shoper` [ RunTime:0.0083s ]
NOTIC: [8] Undefined index: validate D:\wampserver\wamp\www\eshop\ThinkPHP\Library\Think\Model.class.php 第 1185 行.
NOTIC: [8] Undefined index: auto D:\wampserver\wamp\www\eshop\ThinkPHP\Library\Think\Model.class.php 第 1128 行.
ERR: 1048:Column 'email' cannot be null
 [ SQL语句 ] : INSERT INTO `eshop_shoper` (`name`,`password`,`email`) VALUES ('testshoper','757e9fa72797327135101b5a586fadfc',NULL)
ERR: 1048:Column 'email' cannot be null
 [ SQL语句 ] : INSERT INTO `eshop_shoper` (`name`,`password`,`email`) VALUES ('testshoper','757e9fa72797327135101b5a586fadfc',NULL)

[ 2016-12-23T21:34:17+08:00 ] ::1 /eshop/index.php/Home/Shoper/checkVerify.html
INFO: [ app_begin ] --START--
INFO: Run Behavior\ReadHtmlCacheBehavior [ RunTime:0.000866s ]
INFO: [ app_begin ] --END-- [ RunTime:0.001434s ]
INFO: [ app_end ] --START--
INFO: Run Behavior\ShowPageTraceBehavior [ RunTime:0.000877s ]
INFO: [ app_end ] --END-- [ RunTime:0.000952s ]

[ 2016-12-23T21:34:18+08:00 ] ::1 /eshop/index.php/Home/Shoper/checkShoperName.html
INFO: [ app_begin ] --START--
INFO: Run Behavior\ReadHtmlCacheBehavior [ RunTime:0.000844s ]
INFO: [ app_begin ] --END-- [ RunTime:0.001384s ]
SQL: SHOW COLUMNS FROM `eshop_shoper` [ RunTime:0.0534s ]
SQL: SELECT `id` FROM `eshop_shoper` WHERE `name` = 'testshoper' LIMIT 1   [ RunTime:0.0003s ]
INFO: [ app_end ] --START--
INFO: Run Behavior\ShowPageTraceBehavior [ RunTime:0.001024s ]
INFO: [ app_end ] --END-- [ RunTime:0.001110s ]

[ 2016-12-23T21:34:18+08:00 ] ::1 /eshop/index.php/Home/Shoper/checkShoperEmail.html
INFO: [ app_begin ] --START--
INFO: Run Behavior\ReadHtmlCacheBehavior [ RunTime:0.001492s ]
INFO: [ app_begin ] --END-- [ RunTime:0.002435s ]
SQL: SHOW COLUMNS FROM `eshop_shoper` [ RunTime:0.0054s ]
SQL: SELECT `email` FROM `eshop_shoper` WHERE `email` = 'shoper@sina.com' LIMIT 1   [ RunTime:0.0004s ]
INFO: [ app_end ] --START--
INFO: Run Behavior\ShowPageTraceBehavior [ RunTime:0.001188s ]
INFO: [ app_end ] --END-- [ RunTime:0.001301s ]

[ 2016-12-23T21:34:48+08:00 ] ::1 /eshop/index.php/Home/Shoper/checkVerify.html
INFO: [ app_begin ] --START--
INFO: Run Behavior\ReadHtmlCacheBehavior [ RunTime:0.004058s ]
INFO: [ app_begin ] --END-- [ RunTime:0.005850s ]
INFO: [ app_end ] --START--
INFO: Run Behavior\ShowPageTraceBehavior [ RunTime:0.004112s ]
INFO: [ app_end ] --END-- [ RunTime:0.004485s ]

[ 2016-12-23T21:34:49+08:00 ] ::1 /eshop/index.php/Home/Shoper/checkVerify.html
INFO: [ app_begin ] --START--
INFO: Run Behavior\ReadHtmlCacheBehavior [ RunTime:0.001341s ]
INFO: [ app_begin ] --END-- [ RunTime:0.002225s ]
INFO: [ app_end ] --START--
INFO: Run Behavior\ShowPageTraceBehavior [ RunTime:0.000968s ]
INFO: [ app_end ] --END-- [ RunTime:0.001073s ]

[ 2016-12-23T21:34:51+08:00 ] ::1 /eshop/index.php/Home/Shoper/checkVerify.html
INFO: [ app_begin ] --START--
INFO: Run Behavior\ReadHtmlCacheBehavior [ RunTime:0.003087s ]
INFO: [ app_begin ] --END-- [ RunTime:0.005899s ]
INFO: [ app_end ] --START--
INFO: Run Behavior\ShowPageTraceBehavior [ RunTime:0.003571s ]
INFO: [ app_end ] --END-- [ RunTime:0.003954s ]

[ 2016-12-23T21:34:54+08:00 ] ::1 /eshop/index.php/Home/Shoper/checkVerify.html
INFO: [ app_begin ] --START--
INFO: Run Behavior\ReadHtmlCacheBehavior [ RunTime:0.002567s ]
INFO: [ app_begin ] --END-- [ RunTime:0.004429s ]
INFO: [ app_end ] --START--
INFO: Run Behavior\ShowPageTraceBehavior [ RunTime:0.004264s ]
INFO: [ app_end ] --END-- [ RunTime:0.004567s ]

[ 2016-12-23T21:34:55+08:00 ] ::1 /eshop/index.php/Home/Shoper/checkVerify.html
INFO: [ app_begin ] --START--
INFO: Run Behavior\ReadHtmlCacheBehavior [ RunTime:0.002567s ]
INFO: [ app_begin ] --END-- [ RunTime:0.004855s ]
INFO: [ app_end ] --START--
INFO: Run Behavior\ShowPageTraceBehavior [ RunTime:0.003321s ]
INFO: [ app_end ] --END-- [ RunTime:0.003602s ]

[ 2016-12-23T21:34:59+08:00 ] ::1 /eshop/index.php/Home/Shoper/doRegist.html
INFO: [ app_begin ] --START--
INFO: Run Behavior\ReadHtmlCacheBehavior [ RunTime:0.002182s ]
INFO: [ app_begin ] --END-- [ RunTime:0.003146s ]
SQL: SHOW COLUMNS FROM `eshop_shoper` [ RunTime:0.0527s ]
SQL: SHOW COLUMNS FROM `eshop_shoper` [ RunTime:0.0135s ]
NOTIC: [8] Undefined index: validate D:\wampserver\wamp\www\eshop\ThinkPHP\Library\Think\Model.class.php 第 1185 行.
NOTIC: [8] Undefined index: auto D:\wampserver\wamp\www\eshop\ThinkPHP\Library\Think\Model.class.php 第 1128 行.
SQL: INSERT INTO `eshop_shoper` (`name`,`password`,`email`) VALUES ('testshoper','cc03e747a6afbbcbf8be7668acfebee5','shoper@sina.com') [ RunTime:0.0934s ]

