[ 2017-03-02T13:32:08+08:00 ] ::1 /eshop/index.php/Shoper/checkVerify.html
INFO: [ app_begin ] --START--
INFO: Run Behavior\ReadHtmlCacheBehavior [ RunTime:0.001429s ]
INFO: [ app_begin ] --END-- [ RunTime:0.011736s ]
INFO: [ app_end ] --START--
INFO: Run Behavior\ShowPageTraceBehavior [ RunTime:0.001023s ]
INFO: [ app_end ] --END-- [ RunTime:0.001134s ]

[ 2017-03-02T13:32:12+08:00 ] ::1 /eshop/index.php/Shoper/doLogin.html
INFO: [ app_begin ] --START--
INFO: Run Behavior\ReadHtmlCacheBehavior [ RunTime:0.000917s ]
INFO: [ app_begin ] --END-- [ RunTime:0.001557s ]
SQL: SHOW COLUMNS FROM `eshop_shoper` [ RunTime:0.2795s ]
SQL: SELECT * FROM `eshop_shoper` WHERE `name` = 'shoper3' LIMIT 1   [ RunTime:0.0865s ]
NOTIC: [2] fopen(D:\wampserver\wamp\www\eshop\ThinkPHP\Library\Org\Net/UTFWry.dat): failed to open stream: No such file or directory D:\wampserver\wamp\www\eshop\ThinkPHP\Library\Org\Net\IpLocation.class.php 第 54 行.
SQL: SHOW COLUMNS FROM `eshop_shoper_log` [ RunTime:0.0129s ]
NOTIC: [8] Undefined index: validate D:\wampserver\wamp\www\eshop\ThinkPHP\Library\Think\Model.class.php 第 1185 行.
NOTIC: [8] Undefined index: auto D:\wampserver\wamp\www\eshop\ThinkPHP\Library\Think\Model.class.php 第 1128 行.
SQL: INSERT INTO `eshop_shoper_log` (`shoperId`,`action`,`ip`,`location`,`time`) VALUES ('13','登录','0.0.0.0',NULL,'1488432732') [ RunTime:0.3325s ]

[ 2017-03-02T13:39:26+08:00 ] ::1 /eshop/index.php/Good/goodsSave.html
INFO: [ app_begin ] --START--
INFO: Run Behavior\ReadHtmlCacheBehavior [ RunTime:0.000872s ]
INFO: [ app_begin ] --END-- [ RunTime:0.001405s ]

[ 2017-03-02T13:40:21+08:00 ] ::1 /eshop/index.php/Good/goodsSave.html
INFO: [ app_begin ] --START--
INFO: Run Behavior\ReadHtmlCacheBehavior [ RunTime:0.000850s ]
INFO: [ app_begin ] --END-- [ RunTime:0.001399s ]

[ 2017-03-02T13:52:59+08:00 ] ::1 /eshop/index.php/Good/goodsSave.html
INFO: [ app_begin ] --START--
INFO: Run Behavior\ReadHtmlCacheBehavior [ RunTime:0.000865s ]
INFO: [ app_begin ] --END-- [ RunTime:0.001351s ]

[ 2017-03-02T13:56:15+08:00 ] ::1 /eshop/index.php/Good/goodsSave.html
INFO: [ app_begin ] --START--
INFO: Run Behavior\ReadHtmlCacheBehavior [ RunTime:0.000983s ]
INFO: [ app_begin ] --END-- [ RunTime:0.001603s ]

[ 2017-03-02T14:13:09+08:00 ] ::1 /eshop/index.php/Good/goodsSave.html
INFO: [ app_begin ] --START--
INFO: Run Behavior\ReadHtmlCacheBehavior [ RunTime:0.001158s ]
INFO: [ app_begin ] --END-- [ RunTime:0.001698s ]

[ 2017-03-02T14:13:58+08:00 ] ::1 /eshop/index.php/Good/goodImgDel.html
INFO: [ app_begin ] --START--
INFO: Run Behavior\ReadHtmlCacheBehavior [ RunTime:0.000961s ]
INFO: [ app_begin ] --END-- [ RunTime:0.001587s ]

[ 2017-03-02T14:14:02+08:00 ] ::1 /eshop/index.php/Good/goodsSave.html
INFO: [ app_begin ] --START--
INFO: Run Behavior\ReadHtmlCacheBehavior [ RunTime:0.000844s ]
INFO: [ app_begin ] --END-- [ RunTime:0.001591s ]

[ 2017-03-02T14:19:25+08:00 ] ::1 /eshop/index.php/Good/goodsSave.html
INFO: [ app_begin ] --START--
INFO: Run Behavior\ReadHtmlCacheBehavior [ RunTime:0.000771s ]
INFO: [ app_begin ] --END-- [ RunTime:0.001339s ]

[ 2017-03-02T14:26:13+08:00 ] ::1 /eshop/index.php/Good/goodsSave.html
INFO: [ app_begin ] --START--
INFO: Run Behavior\ReadHtmlCacheBehavior [ RunTime:0.001282s ]
INFO: [ app_begin ] --END-- [ RunTime:0.002300s ]

[ 2017-03-02T14:28:49+08:00 ] ::1 /eshop/index.php/Good/goodsSave.html
INFO: [ app_begin ] --START--
INFO: Run Behavior\ReadHtmlCacheBehavior [ RunTime:0.000633s ]
INFO: [ app_begin ] --END-- [ RunTime:0.001132s ]

[ 2017-03-02T14:30:29+08:00 ] ::1 /eshop/index.php/Good/goodsSave.html
INFO: [ app_begin ] --START--
INFO: Run Behavior\ReadHtmlCacheBehavior [ RunTime:0.001470s ]
INFO: [ app_begin ] --END-- [ RunTime:0.002884s ]

[ 2017-03-02T14:37:11+08:00 ] ::1 /eshop/index.php/Good/goodsSave.html
INFO: [ app_begin ] --START--
INFO: Run Behavior\ReadHtmlCacheBehavior [ RunTime:0.001462s ]
INFO: [ app_begin ] --END-- [ RunTime:0.002016s ]

[ 2017-03-02T14:40:07+08:00 ] ::1 /eshop/index.php/Good/goodsSave.html
INFO: [ app_begin ] --START--
INFO: Run Behavior\ReadHtmlCacheBehavior [ RunTime:0.000777s ]
INFO: [ app_begin ] --END-- [ RunTime:0.001297s ]

[ 2017-03-02T14:41:28+08:00 ] ::1 /eshop/index.php/Good/goodsSave.html
INFO: [ app_begin ] --START--
INFO: Run Behavior\ReadHtmlCacheBehavior [ RunTime:0.001008s ]
INFO: [ app_begin ] --END-- [ RunTime:0.001720s ]

[ 2017-03-02T15:08:45+08:00 ] ::1 /eshop/index.php/Good/goodsSave.html
INFO: [ app_begin ] --START--
INFO: Run Behavior\ReadHtmlCacheBehavior [ RunTime:0.000954s ]
INFO: [ app_begin ] --END-- [ RunTime:0.001582s ]
SQL: SHOW COLUMNS FROM `eshop_goodinfo` [ RunTime:0.0072s ]

[ 2017-03-02T15:17:27+08:00 ] ::1 /eshop/index.php/Good/goodsSave.html
INFO: [ app_begin ] --START--
INFO: Run Behavior\ReadHtmlCacheBehavior [ RunTime:0.001792s ]
INFO: [ app_begin ] --END-- [ RunTime:0.002650s ]

[ 2017-03-02T15:17:51+08:00 ] ::1 /eshop/index.php/Good/goodsSave.html
INFO: [ app_begin ] --START--
INFO: Run Behavior\ReadHtmlCacheBehavior [ RunTime:0.000855s ]
INFO: [ app_begin ] --END-- [ RunTime:0.001587s ]
SQL: SHOW COLUMNS FROM `eshop_goodinfo` [ RunTime:0.0058s ]

[ 2017-03-02T15:20:00+08:00 ] ::1 /eshop/index.php/Good/goodsSave.html
INFO: [ app_begin ] --START--
INFO: Run Behavior\ReadHtmlCacheBehavior [ RunTime:0.001625s ]
INFO: [ app_begin ] --END-- [ RunTime:0.002435s ]
SQL: SHOW COLUMNS FROM `eshop_goodinfo` [ RunTime:0.0064s ]

[ 2017-03-02T15:20:59+08:00 ] ::1 /eshop/index.php/Good/goodsSave.html
INFO: [ app_begin ] --START--
INFO: Run Behavior\ReadHtmlCacheBehavior [ RunTime:0.001035s ]
INFO: [ app_begin ] --END-- [ RunTime:0.001646s ]
SQL: SHOW COLUMNS FROM `eshop_goodinfo` [ RunTime:0.0066s ]

[ 2017-03-02T15:23:28+08:00 ] ::1 /eshop/index.php/Good/goodsSave.html
INFO: [ app_begin ] --START--
INFO: Run Behavior\ReadHtmlCacheBehavior [ RunTime:0.000924s ]
INFO: [ app_begin ] --END-- [ RunTime:0.001523s ]
SQL: SHOW COLUMNS FROM `eshop_goodinfo` [ RunTime:0.0056s ]

[ 2017-03-02T15:31:58+08:00 ] ::1 /eshop/index.php/Good/goodsSave.html
INFO: [ app_begin ] --START--
INFO: Run Behavior\ReadHtmlCacheBehavior [ RunTime:0.001072s ]
INFO: [ app_begin ] --END-- [ RunTime:0.001887s ]
ERR: 1146:Table 'eshop.eshop_goodimage' doesn't exist
 [ SQL语句 ] : SHOW COLUMNS FROM `eshop_goodimage`
ERR: 1146:Table 'eshop.eshop_goodimage' doesn't exist
 [ SQL语句 ] : SHOW COLUMNS FROM `eshop_goodimage`

[ 2017-03-02T15:32:52+08:00 ] ::1 /eshop/index.php/Good/goodsSave.html
INFO: [ app_begin ] --START--
INFO: Run Behavior\ReadHtmlCacheBehavior [ RunTime:0.001075s ]
INFO: [ app_begin ] --END-- [ RunTime:0.001953s ]
ERR: 1146:Table 'eshop.eshop_goodimage' doesn't exist
 [ SQL语句 ] : SHOW COLUMNS FROM `eshop_goodimage`
ERR: 1146:Table 'eshop.eshop_goodimage' doesn't exist
 [ SQL语句 ] : SHOW COLUMNS FROM `eshop_goodimage`

[ 2017-03-02T15:34:23+08:00 ] ::1 /eshop/index.php/Good/goodsSave.html
INFO: [ app_begin ] --START--
INFO: Run Behavior\ReadHtmlCacheBehavior [ RunTime:0.000974s ]
INFO: [ app_begin ] --END-- [ RunTime:0.001615s ]
SQL: SHOW COLUMNS FROM `eshop_goodimg` [ RunTime:0.0060s ]
NOTIC: [8] Uninitialized string offset: 0 D:\wampserver\wamp\www\eshop\App\Home\Model\GoodimgModel.class.php 第 23 行.
NOTIC: [8] Uninitialized string offset: 1 D:\wampserver\wamp\www\eshop\App\Home\Model\GoodimgModel.class.php 第 23 行.

[ 2017-03-02T15:38:09+08:00 ] ::1 /eshop/index.php/Good/goodsSave.html
INFO: [ app_begin ] --START--
INFO: Run Behavior\ReadHtmlCacheBehavior [ RunTime:0.001091s ]
INFO: [ app_begin ] --END-- [ RunTime:0.001889s ]
SQL: SHOW COLUMNS FROM `eshop_goodimg` [ RunTime:0.0051s ]

[ 2017-03-02T15:39:12+08:00 ] ::1 /eshop/index.php/Good/goodsSave.html
INFO: [ app_begin ] --START--
INFO: Run Behavior\ReadHtmlCacheBehavior [ RunTime:0.001781s ]
INFO: [ app_begin ] --END-- [ RunTime:0.002654s ]
SQL: SHOW COLUMNS FROM `eshop_goodimg` [ RunTime:0.0054s ]
NOTIC: [2] Missing argument 1 for Home\Model\GoodimgModel::saveImageUrl(), called in D:\wampserver\wamp\www\eshop\App\Home\Controller\GoodController.class.php on line 45 and defined D:\wampserver\wamp\www\eshop\App\Home\Model\GoodimgModel.class.php 第 15 行.
NOTIC: [8] Undefined variable: goodId D:\wampserver\wamp\www\eshop\App\Home\Model\GoodimgModel.class.php 第 22 行.
NOTIC: [8] Undefined variable: goodId D:\wampserver\wamp\www\eshop\App\Home\Model\GoodimgModel.class.php 第 22 行.

[ 2017-03-02T15:39:38+08:00 ] ::1 /eshop/index.php/Good/goodsSave.html
INFO: [ app_begin ] --START--
INFO: Run Behavior\ReadHtmlCacheBehavior [ RunTime:0.000976s ]
INFO: [ app_begin ] --END-- [ RunTime:0.001529s ]
SQL: SHOW COLUMNS FROM `eshop_goodimg` [ RunTime:0.0054s ]

[ 2017-03-02T15:42:27+08:00 ] ::1 /eshop/index.php/Good/goodsSave.html
INFO: [ app_begin ] --START--
INFO: Run Behavior\ReadHtmlCacheBehavior [ RunTime:0.000877s ]
INFO: [ app_begin ] --END-- [ RunTime:0.001439s ]
SQL: SHOW COLUMNS FROM `eshop_goodimg` [ RunTime:0.0068s ]
SQL: INSERT INTO `eshop_goodimg` (`goodId`,`img`,`thumb_img`) VALUES ('4','Uploads/Shops/goods/2017-03-02/58b7cbdea6435.jpg','Uploads/Shops/goods/2017-03-02/thumb150_58b7cbdea6435.jpg'),('4','Uploads/Shops/goods/2017-03-02/58b7cbdedb2c7.jpg','Uploads/Shops/goods/2017-03-02/thumb150_58b7cbdedb2c7.jpg') [ RunTime:0.1083s ]

[ 2017-03-02T15:44:41+08:00 ] ::1 /eshop/index.php/Good/goodsSave.html
INFO: [ app_begin ] --START--
INFO: Run Behavior\ReadHtmlCacheBehavior [ RunTime:0.000937s ]
INFO: [ app_begin ] --END-- [ RunTime:0.001514s ]
SQL: SHOW COLUMNS FROM `eshop_goodinfo` [ RunTime:0.0050s ]
SQL: INSERT INTO `eshop_goodinfo` (`goodId`,`lableId`,`lableContent`) VALUES ('4','7','1'),('4','8','1') [ RunTime:0.1533s ]

[ 2017-03-02T16:21:33+08:00 ] ::1 /eshop/index.php/Good/getWebCart.html
INFO: [ app_begin ] --START--
INFO: Run Behavior\ReadHtmlCacheBehavior [ RunTime:0.001014s ]
INFO: [ app_begin ] --END-- [ RunTime:0.001797s ]
SQL: SHOW COLUMNS FROM `eshop_secondmenu` [ RunTime:0.0048s ]
SQL: SELECT `id`,`name` FROM `eshop_secondmenu` WHERE `pid` = 1 AND `is_show` = 1  [ RunTime:0.0006s ]

[ 2017-03-02T16:21:35+08:00 ] ::1 /eshop/index.php/Good/getWebCart.html
INFO: [ app_begin ] --START--
INFO: Run Behavior\ReadHtmlCacheBehavior [ RunTime:0.001018s ]
INFO: [ app_begin ] --END-- [ RunTime:0.001666s ]
SQL: SHOW COLUMNS FROM `eshop_thirdmenu` [ RunTime:0.0043s ]
SQL: SELECT `id`,`name` FROM `eshop_thirdmenu` WHERE `pid` = 2 AND `is_show` = 1  [ RunTime:0.0004s ]

[ 2017-03-02T16:21:39+08:00 ] ::1 /eshop/index.php/Good/getShopCart.html
INFO: [ app_begin ] --START--
INFO: Run Behavior\ReadHtmlCacheBehavior [ RunTime:0.001125s ]
INFO: [ app_begin ] --END-- [ RunTime:0.001727s ]
SQL: SHOW COLUMNS FROM `eshop_shop_secondmenu` [ RunTime:0.0052s ]
SQL: SELECT `id`,`sname` FROM `eshop_shop_secondmenu` WHERE `pid` = 5 AND `is_show` = 1  [ RunTime:0.0007s ]

[ 2017-03-02T16:21:57+08:00 ] ::1 /eshop/index.php/Good/goodsSave.html
INFO: [ app_begin ] --START--
INFO: Run Behavior\ReadHtmlCacheBehavior [ RunTime:0.000839s ]
INFO: [ app_begin ] --END-- [ RunTime:0.001353s ]
SQL: SHOW COLUMNS FROM `eshop_shop` [ RunTime:0.0046s ]
SQL: SELECT `id` FROM `eshop_shop` WHERE `shoperId` = 13 LIMIT 1   [ RunTime:0.0003s ]

[ 2017-03-02T16:23:42+08:00 ] ::1 /eshop/index.php/Good/goodsSave.html
INFO: [ app_begin ] --START--
INFO: Run Behavior\ReadHtmlCacheBehavior [ RunTime:0.000877s ]
INFO: [ app_begin ] --END-- [ RunTime:0.001449s ]
SQL: SHOW COLUMNS FROM `eshop_shop` [ RunTime:0.0048s ]
SQL: SELECT `id` FROM `eshop_shop` WHERE `shoperId` = 13 LIMIT 1   [ RunTime:0.0004s ]
NOTIC: [2] call_user_func() expects parameter 1 to be a valid callback, no array or string given D:\wampserver\wamp\www\eshop\ThinkPHP\Library\Think\Upload.class.php 第 170 行.
NOTIC: [8] Undefined variable: x D:\wampserver\wamp\www\eshop\ThinkPHP\Library\Think\Image\Driver\Gd.class.php 第 270 行.
NOTIC: [8] Undefined variable: y D:\wampserver\wamp\www\eshop\ThinkPHP\Library\Think\Image\Driver\Gd.class.php 第 270 行.
SQL: SHOW COLUMNS FROM `eshop_good` [ RunTime:0.0047s ]
SQL: SHOW COLUMNS FROM `eshop_goodnav` [ RunTime:0.0055s ]
SQL: SHOW COLUMNS FROM `eshop_goodservice` [ RunTime:0.0050s ]
SQL: SHOW COLUMNS FROM `eshop_goodinfo` [ RunTime:0.0049s ]
NOTIC: [8] Undefined index: validate D:\wampserver\wamp\www\eshop\ThinkPHP\Library\Think\Model.class.php 第 1185 行.
SQL: SELECT * FROM `eshop_good` WHERE `goodNumber` = '14828254901365441129' LIMIT 1   [ RunTime:0.0252s ]
NOTIC: [8] Undefined index: auto D:\wampserver\wamp\www\eshop\ThinkPHP\Library\Think\Model.class.php 第 1128 行.
SQL: INSERT INTO `eshop_good` (`marketPrice`,`shopPrice`,`stock`,`place`,`status`,`good_log`,`name`,`stock_warning`,`goodNumber`,`is_recomend`,`is_new`,`time`,`modify_recenet`) VALUES ('2.34','2.1','123','海南','1','Uploads/Shops/logo/2017-03-02/thumb_58b7d68e6cd99.jpg','马铃薯','12','14828254901365441129','1','1','1488443022','1488443022') [ RunTime:0.0443s ]
ERR: 1146:Table 'eshop.eshop_good_img' doesn't exist
 [ SQL语句 ] : SHOW COLUMNS FROM `eshop_good_img`
ERR: 1146:Table 'eshop.eshop_good_img' doesn't exist
 [ SQL语句 ] : SHOW COLUMNS FROM `eshop_good_img`

[ 2017-03-02T16:25:12+08:00 ] ::1 /eshop/index.php/Good/goodsSave.html
INFO: [ app_begin ] --START--
INFO: Run Behavior\ReadHtmlCacheBehavior [ RunTime:0.001294s ]
INFO: [ app_begin ] --END-- [ RunTime:0.002150s ]
SQL: SHOW COLUMNS FROM `eshop_shop` [ RunTime:0.0056s ]
SQL: SELECT `id` FROM `eshop_shop` WHERE `shoperId` = 13 LIMIT 1   [ RunTime:0.0004s ]
NOTIC: [2] call_user_func() expects parameter 1 to be a valid callback, no array or string given D:\wampserver\wamp\www\eshop\ThinkPHP\Library\Think\Upload.class.php 第 170 行.
NOTIC: [8] Undefined variable: x D:\wampserver\wamp\www\eshop\ThinkPHP\Library\Think\Image\Driver\Gd.class.php 第 270 行.
NOTIC: [8] Undefined variable: y D:\wampserver\wamp\www\eshop\ThinkPHP\Library\Think\Image\Driver\Gd.class.php 第 270 行.
SQL: SHOW COLUMNS FROM `eshop_good` [ RunTime:0.0052s ]
SQL: SHOW COLUMNS FROM `eshop_goodnav` [ RunTime:0.0053s ]
SQL: SHOW COLUMNS FROM `eshop_goodservice` [ RunTime:0.0050s ]
SQL: SHOW COLUMNS FROM `eshop_goodinfo` [ RunTime:0.0045s ]
NOTIC: [8] Undefined index: validate D:\wampserver\wamp\www\eshop\ThinkPHP\Library\Think\Model.class.php 第 1185 行.
SQL: SELECT * FROM `eshop_good` WHERE `goodNumber` = '14828254901365441129' LIMIT 1   [ RunTime:0.0006s ]
NOTIC: [8] Undefined index: auto D:\wampserver\wamp\www\eshop\ThinkPHP\Library\Think\Model.class.php 第 1128 行.
SQL: INSERT INTO `eshop_good` (`marketPrice`,`shopPrice`,`stock`,`place`,`status`,`good_log`,`name`,`stock_warning`,`goodNumber`,`is_recomend`,`is_new`,`time`,`modify_recenet`) VALUES ('2.34','2.1','123','海南','1','Uploads/Shops/logo/2017-03-02/thumb_58b7d6e7d75d0.jpg','马铃薯','12','14828254901365441129','1','1','1488443111','1488443111') [ RunTime:0.0006s ]
SQL: SHOW COLUMNS FROM `eshop_goodimg` [ RunTime:0.0056s ]
ERR: 1452:Cannot add or update a child row: a foreign key constraint fails (`eshop`.`eshop_goodnav`, CONSTRAINT `eshop_goodnav_ibfk_3` FOREIGN KEY (`w_tid`) REFERENCES `eshop_thirdmenu` (`id`))
 [ SQL语句 ] : INSERT INTO `eshop_goodnav` (`goodId`,`shopId`,`w_fid`,`w_sid`,`w_tid`,`s_fid`,`s_sid`,`createtime`) VALUES ('12','3','1','2','0','5','17','1488443112')
ERR: 1452:Cannot add or update a child row: a foreign key constraint fails (`eshop`.`eshop_goodnav`, CONSTRAINT `eshop_goodnav_ibfk_3` FOREIGN KEY (`w_tid`) REFERENCES `eshop_thirdmenu` (`id`))
 [ SQL语句 ] : INSERT INTO `eshop_goodnav` (`goodId`,`shopId`,`w_fid`,`w_sid`,`w_tid`,`s_fid`,`s_sid`,`createtime`) VALUES ('12','3','1','2','0','5','17','1488443112')

[ 2017-03-02T19:26:41+08:00 ] ::1 /eshop/index.php/Good/goodsSave.html
INFO: [ app_begin ] --START--
INFO: Run Behavior\ReadHtmlCacheBehavior [ RunTime:0.000875s ]
INFO: [ app_begin ] --END-- [ RunTime:0.001477s ]
SQL: SHOW COLUMNS FROM `eshop_shop` [ RunTime:0.0082s ]
SQL: SELECT `id` FROM `eshop_shop` WHERE `shoperId` = 13 LIMIT 1   [ RunTime:0.0005s ]
NOTIC: [2] call_user_func() expects parameter 1 to be a valid callback, no array or string given D:\wampserver\wamp\www\eshop\ThinkPHP\Library\Think\Upload.class.php 第 170 行.
NOTIC: [8] Undefined variable: x D:\wampserver\wamp\www\eshop\ThinkPHP\Library\Think\Image\Driver\Gd.class.php 第 270 行.
NOTIC: [8] Undefined variable: y D:\wampserver\wamp\www\eshop\ThinkPHP\Library\Think\Image\Driver\Gd.class.php 第 270 行.
SQL: SHOW COLUMNS FROM `eshop_good` [ RunTime:0.0057s ]
SQL: SHOW COLUMNS FROM `eshop_goodnav` [ RunTime:0.0061s ]
SQL: SHOW COLUMNS FROM `eshop_goodservice` [ RunTime:0.0067s ]
SQL: SHOW COLUMNS FROM `eshop_goodinfo` [ RunTime:0.0066s ]
NOTIC: [8] Undefined index: validate D:\wampserver\wamp\www\eshop\ThinkPHP\Library\Think\Model.class.php 第 1185 行.
SQL: SELECT * FROM `eshop_good` WHERE `goodNumber` = '14828254901365441129' LIMIT 1   [ RunTime:0.0006s ]

[ 2017-03-02T19:29:53+08:00 ] ::1 /eshop/index.php/Good/goodsSave.html
INFO: [ app_begin ] --START--
INFO: Run Behavior\ReadHtmlCacheBehavior [ RunTime:0.000939s ]
INFO: [ app_begin ] --END-- [ RunTime:0.001668s ]

[ 2017-03-02T19:30:56+08:00 ] ::1 /eshop/index.php/Good/goodsSave.html
INFO: [ app_begin ] --START--
INFO: Run Behavior\ReadHtmlCacheBehavior [ RunTime:0.000928s ]
INFO: [ app_begin ] --END-- [ RunTime:0.001535s ]
SQL: SHOW COLUMNS FROM `eshop_goodnav` [ RunTime:0.0061s ]

[ 2017-03-02T19:31:39+08:00 ] ::1 /eshop/index.php/Good/goodsSave.html
INFO: [ app_begin ] --START--
INFO: Run Behavior\ReadHtmlCacheBehavior [ RunTime:0.001139s ]
INFO: [ app_begin ] --END-- [ RunTime:0.001815s ]
SQL: SHOW COLUMNS FROM `eshop_goodnav` [ RunTime:0.0060s ]
ERR: 1452:Cannot add or update a child row: a foreign key constraint fails (`eshop`.`eshop_goodnav`, CONSTRAINT `eshop_goodnav_ibfk_3` FOREIGN KEY (`w_tid`) REFERENCES `eshop_thirdmenu` (`id`))
 [ SQL语句 ] : INSERT INTO `eshop_goodnav` (`goodId`,`shopId`,`w_fid`,`w_sid`,`w_tid`,`s_fid`,`s_sid`,`createtime`) VALUES ('12','3','1','2','0','5','17','1488454299')
ERR: 1452:Cannot add or update a child row: a foreign key constraint fails (`eshop`.`eshop_goodnav`, CONSTRAINT `eshop_goodnav_ibfk_3` FOREIGN KEY (`w_tid`) REFERENCES `eshop_thirdmenu` (`id`))
 [ SQL语句 ] : INSERT INTO `eshop_goodnav` (`goodId`,`shopId`,`w_fid`,`w_sid`,`w_tid`,`s_fid`,`s_sid`,`createtime`) VALUES ('12','3','1','2','0','5','17','1488454299')

[ 2017-03-02T19:34:11+08:00 ] ::1 /eshop/index.php/Good/goodsSave.html
INFO: [ app_begin ] --START--
INFO: Run Behavior\ReadHtmlCacheBehavior [ RunTime:0.001526s ]
INFO: [ app_begin ] --END-- [ RunTime:0.002485s ]
SQL: SHOW COLUMNS FROM `eshop_goodnav` [ RunTime:0.0471s ]
ERR: 1452:Cannot add or update a child row: a foreign key constraint fails (`eshop`.`eshop_goodnav`, CONSTRAINT `eshop_goodnav_ibfk_3` FOREIGN KEY (`w_tid`) REFERENCES `eshop_thirdmenu` (`id`))
 [ SQL语句 ] : INSERT INTO `eshop_goodnav` (`goodId`,`shopId`,`w_fid`,`w_sid`,`w_tid`,`s_fid`,`s_sid`,`createtime`,`modify_time`) VALUES ('12','3','1','2','0','5','17','1488454451','1488454451')
ERR: 1452:Cannot add or update a child row: a foreign key constraint fails (`eshop`.`eshop_goodnav`, CONSTRAINT `eshop_goodnav_ibfk_3` FOREIGN KEY (`w_tid`) REFERENCES `eshop_thirdmenu` (`id`))
 [ SQL语句 ] : INSERT INTO `eshop_goodnav` (`goodId`,`shopId`,`w_fid`,`w_sid`,`w_tid`,`s_fid`,`s_sid`,`createtime`,`modify_time`) VALUES ('12','3','1','2','0','5','17','1488454451','1488454451')

[ 2017-03-02T19:35:02+08:00 ] ::1 /eshop/index.php/Good/goodsSave.html
INFO: [ app_begin ] --START--
INFO: Run Behavior\ReadHtmlCacheBehavior [ RunTime:0.001129s ]
INFO: [ app_begin ] --END-- [ RunTime:0.001912s ]
SQL: SHOW COLUMNS FROM `eshop_goodnav` [ RunTime:0.0070s ]
SQL: INSERT INTO `eshop_goodnav` (`goodId`,`shopId`,`w_fid`,`w_sid`,`w_tid`,`s_fid`,`s_sid`,`createtime`,`modify_time`) VALUES ('12','3','1','2','4','5','17','1488454502','1488454502') [ RunTime:0.0802s ]
SQL: INSERT INTO `eshop_goodnav` (`goodId`,`shopId`,`w_fid`,`w_sid`,`w_tid`,`s_fid`,`s_sid`,`createtime`,`modify_time`) VALUES ('12','3','1','2','4','5','17','1488454502','1488454502') [ RunTime:0.0552s ]

[ 2017-03-02T19:35:58+08:00 ] ::1 /eshop/index.php/Good/goodsSave.html
INFO: [ app_begin ] --START--
INFO: Run Behavior\ReadHtmlCacheBehavior [ RunTime:0.001681s ]
INFO: [ app_begin ] --END-- [ RunTime:0.002502s ]
SQL: SHOW COLUMNS FROM `eshop_goodnav` [ RunTime:0.0070s ]
ERR: 1452:Cannot add or update a child row: a foreign key constraint fails (`eshop`.`eshop_goodnav`, CONSTRAINT `eshop_goodnav_ibfk_3` FOREIGN KEY (`w_tid`) REFERENCES `eshop_thirdmenu` (`id`))
 [ SQL语句 ] : INSERT INTO `eshop_goodnav` (`goodId`,`shopId`,`w_fid`,`w_sid`,`w_tid`,`s_fid`,`s_sid`,`createtime`,`modify_time`) VALUES ('12','3','1','2','0','5','17','1488454557','1488454557')
ERR: 1452:Cannot add or update a child row: a foreign key constraint fails (`eshop`.`eshop_goodnav`, CONSTRAINT `eshop_goodnav_ibfk_3` FOREIGN KEY (`w_tid`) REFERENCES `eshop_thirdmenu` (`id`))
 [ SQL语句 ] : INSERT INTO `eshop_goodnav` (`goodId`,`shopId`,`w_fid`,`w_sid`,`w_tid`,`s_fid`,`s_sid`,`createtime`,`modify_time`) VALUES ('12','3','1','2','0','5','17','1488454557','1488454557')

[ 2017-03-02T19:36:12+08:00 ] ::1 /eshop/index.php/Good/goodsSave.html
INFO: [ app_begin ] --START--
INFO: Run Behavior\ReadHtmlCacheBehavior [ RunTime:0.000990s ]
INFO: [ app_begin ] --END-- [ RunTime:0.001664s ]
SQL: SHOW COLUMNS FROM `eshop_goodnav` [ RunTime:0.0070s ]
ERR: 1452:Cannot add or update a child row: a foreign key constraint fails (`eshop`.`eshop_goodnav`, CONSTRAINT `eshop_goodnav_ibfk_3` FOREIGN KEY (`w_tid`) REFERENCES `eshop_thirdmenu` (`id`))
 [ SQL语句 ] : INSERT INTO `eshop_goodnav` (`goodId`,`shopId`,`w_fid`,`w_sid`,`w_tid`,`s_fid`,`s_sid`,`createtime`,`modify_time`) VALUES ('12','3','1','2','0','5','17','1488454572','1488454572')
ERR: 1452:Cannot add or update a child row: a foreign key constraint fails (`eshop`.`eshop_goodnav`, CONSTRAINT `eshop_goodnav_ibfk_3` FOREIGN KEY (`w_tid`) REFERENCES `eshop_thirdmenu` (`id`))
 [ SQL语句 ] : INSERT INTO `eshop_goodnav` (`goodId`,`shopId`,`w_fid`,`w_sid`,`w_tid`,`s_fid`,`s_sid`,`createtime`,`modify_time`) VALUES ('12','3','1','2','0','5','17','1488454572','1488454572')

[ 2017-03-02T19:36:34+08:00 ] ::1 /eshop/index.php/Good/goodsSave.html
INFO: [ app_begin ] --START--
INFO: Run Behavior\ReadHtmlCacheBehavior [ RunTime:0.000914s ]
INFO: [ app_begin ] --END-- [ RunTime:0.001527s ]
SQL: SHOW COLUMNS FROM `eshop_goodnav` [ RunTime:0.0086s ]
ERR: 1452:Cannot add or update a child row: a foreign key constraint fails (`eshop`.`eshop_goodnav`, CONSTRAINT `eshop_goodnav_ibfk_3` FOREIGN KEY (`w_tid`) REFERENCES `eshop_thirdmenu` (`id`))
 [ SQL语句 ] : INSERT INTO `eshop_goodnav` (`goodId`,`shopId`,`w_fid`,`w_sid`,`w_tid`,`s_fid`,`s_sid`,`createtime`,`modify_time`) VALUES ('12','3','1','2','0','5','17','1488454593','1488454593')
ERR: 1452:Cannot add or update a child row: a foreign key constraint fails (`eshop`.`eshop_goodnav`, CONSTRAINT `eshop_goodnav_ibfk_3` FOREIGN KEY (`w_tid`) REFERENCES `eshop_thirdmenu` (`id`))
 [ SQL语句 ] : INSERT INTO `eshop_goodnav` (`goodId`,`shopId`,`w_fid`,`w_sid`,`w_tid`,`s_fid`,`s_sid`,`createtime`,`modify_time`) VALUES ('12','3','1','2','0','5','17','1488454593','1488454593')

[ 2017-03-02T19:38:52+08:00 ] ::1 /eshop/index.php/Good/goodsSave.html
INFO: [ app_begin ] --START--
INFO: Run Behavior\ReadHtmlCacheBehavior [ RunTime:0.000893s ]
INFO: [ app_begin ] --END-- [ RunTime:0.001466s ]
SQL: SHOW COLUMNS FROM `eshop_goodnav` [ RunTime:0.0060s ]
ERR: 1452:Cannot add or update a child row: a foreign key constraint fails (`eshop`.`eshop_goodnav`, CONSTRAINT `eshop_goodnav_ibfk_3` FOREIGN KEY (`w_tid`) REFERENCES `eshop_thirdmenu` (`id`))
 [ SQL语句 ] : INSERT INTO `eshop_goodnav` (`goodId`,`shopId`,`w_fid`,`w_sid`,`w_tid`,`s_fid`,`s_sid`,`createtime`,`modify_time`) VALUES ('12','3','1','2','0','5','17','1488454732','1488454732')
ERR: 1452:Cannot add or update a child row: a foreign key constraint fails (`eshop`.`eshop_goodnav`, CONSTRAINT `eshop_goodnav_ibfk_3` FOREIGN KEY (`w_tid`) REFERENCES `eshop_thirdmenu` (`id`))
 [ SQL语句 ] : INSERT INTO `eshop_goodnav` (`goodId`,`shopId`,`w_fid`,`w_sid`,`w_tid`,`s_fid`,`s_sid`,`createtime`,`modify_time`) VALUES ('12','3','1','2','0','5','17','1488454732','1488454732')

[ 2017-03-02T19:39:26+08:00 ] ::1 /eshop/index.php/Good/getWebCart.html
INFO: [ app_begin ] --START--
INFO: Run Behavior\ReadHtmlCacheBehavior [ RunTime:0.001123s ]
INFO: [ app_begin ] --END-- [ RunTime:0.001734s ]
SQL: SHOW COLUMNS FROM `eshop_secondmenu` [ RunTime:0.0067s ]
SQL: SELECT `id`,`name` FROM `eshop_secondmenu` WHERE `pid` = 1 AND `is_show` = 1  [ RunTime:0.0004s ]

[ 2017-03-02T19:39:27+08:00 ] ::1 /eshop/index.php/Good/getWebCart.html
INFO: [ app_begin ] --START--
INFO: Run Behavior\ReadHtmlCacheBehavior [ RunTime:0.001246s ]
INFO: [ app_begin ] --END-- [ RunTime:0.001846s ]
SQL: SHOW COLUMNS FROM `eshop_thirdmenu` [ RunTime:0.0062s ]
SQL: SELECT `id`,`name` FROM `eshop_thirdmenu` WHERE `pid` = 1 AND `is_show` = 1  [ RunTime:0.0004s ]

[ 2017-03-02T19:39:31+08:00 ] ::1 /eshop/index.php/Good/getWebCart.html
INFO: [ app_begin ] --START--
INFO: Run Behavior\ReadHtmlCacheBehavior [ RunTime:0.001153s ]
INFO: [ app_begin ] --END-- [ RunTime:0.001824s ]
SQL: SHOW COLUMNS FROM `eshop_secondmenu` [ RunTime:0.0713s ]
SQL: SELECT `id`,`name` FROM `eshop_secondmenu` WHERE `pid` = 4 AND `is_show` = 1  [ RunTime:0.0004s ]

[ 2017-03-02T19:39:32+08:00 ] ::1 /eshop/index.php/Good/getWebCart.html
INFO: [ app_begin ] --START--
INFO: Run Behavior\ReadHtmlCacheBehavior [ RunTime:0.000874s ]
INFO: [ app_begin ] --END-- [ RunTime:0.001475s ]
SQL: SHOW COLUMNS FROM `eshop_thirdmenu` [ RunTime:0.0050s ]
SQL: SELECT `id`,`name` FROM `eshop_thirdmenu` WHERE `pid` = 8 AND `is_show` = 1  [ RunTime:0.0004s ]

[ 2017-03-02T19:39:34+08:00 ] ::1 /eshop/index.php/Good/getShopCart.html
INFO: [ app_begin ] --START--
INFO: Run Behavior\ReadHtmlCacheBehavior [ RunTime:0.001368s ]
INFO: [ app_begin ] --END-- [ RunTime:0.002082s ]
SQL: SHOW COLUMNS FROM `eshop_shop_secondmenu` [ RunTime:0.0100s ]
SQL: SELECT `id`,`sname` FROM `eshop_shop_secondmenu` WHERE `pid` = 1 AND `is_show` = 1  [ RunTime:0.0006s ]

[ 2017-03-02T19:39:40+08:00 ] ::1 /eshop/index.php/Good/goodsSave.html
INFO: [ app_begin ] --START--
INFO: Run Behavior\ReadHtmlCacheBehavior [ RunTime:0.000945s ]
INFO: [ app_begin ] --END-- [ RunTime:0.001595s ]

[ 2017-03-02T19:42:08+08:00 ] ::1 /eshop/index.php/Good/goodsSave.html
INFO: [ app_begin ] --START--
INFO: Run Behavior\ReadHtmlCacheBehavior [ RunTime:0.001007s ]
INFO: [ app_begin ] --END-- [ RunTime:0.001604s ]

[ 2017-03-02T19:43:52+08:00 ] ::1 /eshop/index.php/Good/goodsSave.html
INFO: [ app_begin ] --START--
INFO: Run Behavior\ReadHtmlCacheBehavior [ RunTime:0.001011s ]
INFO: [ app_begin ] --END-- [ RunTime:0.001583s ]
SQL: SHOW COLUMNS FROM `eshop_goodnav` [ RunTime:0.0057s ]
ERR: 1452:Cannot add or update a child row: a foreign key constraint fails (`eshop`.`eshop_goodnav`, CONSTRAINT `eshop_goodnav_ibfk_3` FOREIGN KEY (`w_tid`) REFERENCES `eshop_thirdmenu` (`id`))
 [ SQL语句 ] : INSERT INTO `eshop_goodnav` (`goodId`,`shopId`,`w_fid`,`w_sid`,`w_tid`,`s_fid`,`s_sid`,`createtime`,`modify_time`) VALUES ('12','3','4','8','0','1','1','1488455032','1488455032')
ERR: 1452:Cannot add or update a child row: a foreign key constraint fails (`eshop`.`eshop_goodnav`, CONSTRAINT `eshop_goodnav_ibfk_3` FOREIGN KEY (`w_tid`) REFERENCES `eshop_thirdmenu` (`id`))
 [ SQL语句 ] : INSERT INTO `eshop_goodnav` (`goodId`,`shopId`,`w_fid`,`w_sid`,`w_tid`,`s_fid`,`s_sid`,`createtime`,`modify_time`) VALUES ('12','3','4','8','0','1','1','1488455032','1488455032')

[ 2017-03-02T19:51:14+08:00 ] ::1 /eshop/index.php/Good/goodsSave.html
INFO: [ app_begin ] --START--
INFO: Run Behavior\ReadHtmlCacheBehavior [ RunTime:0.000784s ]
INFO: [ app_begin ] --END-- [ RunTime:0.001399s ]
SQL: SHOW COLUMNS FROM `eshop_goodnav` [ RunTime:0.0076s ]
ERR: 1452:Cannot add or update a child row: a foreign key constraint fails (`eshop`.`eshop_goodnav`, CONSTRAINT `eshop_goodnav_ibfk_3` FOREIGN KEY (`w_tid`) REFERENCES `eshop_thirdmenu` (`id`))
 [ SQL语句 ] : INSERT INTO `eshop_goodnav` (`goodId`,`shopId`,`w_fid`,`w_sid`,`w_tid`,`s_fid`,`s_sid`,`createtime`,`modify_time`) VALUES ('12','3','4','8','0','1','1','1488455474','1488455474')
ERR: 1452:Cannot add or update a child row: a foreign key constraint fails (`eshop`.`eshop_goodnav`, CONSTRAINT `eshop_goodnav_ibfk_3` FOREIGN KEY (`w_tid`) REFERENCES `eshop_thirdmenu` (`id`))
 [ SQL语句 ] : INSERT INTO `eshop_goodnav` (`goodId`,`shopId`,`w_fid`,`w_sid`,`w_tid`,`s_fid`,`s_sid`,`createtime`,`modify_time`) VALUES ('12','3','4','8','0','1','1','1488455474','1488455474')

[ 2017-03-02T19:53:57+08:00 ] ::1 /eshop/index.php/Good/getWebCart.html
INFO: [ app_begin ] --START--
INFO: Run Behavior\ReadHtmlCacheBehavior [ RunTime:0.000868s ]
INFO: [ app_begin ] --END-- [ RunTime:0.001409s ]
SQL: SHOW COLUMNS FROM `eshop_secondmenu` [ RunTime:0.0068s ]
SQL: SELECT `id`,`name` FROM `eshop_secondmenu` WHERE `pid` = 1 AND `is_show` = 1  [ RunTime:0.0006s ]

[ 2017-03-02T19:53:59+08:00 ] ::1 /eshop/index.php/Good/getWebCart.html
INFO: [ app_begin ] --START--
INFO: Run Behavior\ReadHtmlCacheBehavior [ RunTime:0.001221s ]
INFO: [ app_begin ] --END-- [ RunTime:0.002021s ]
SQL: SHOW COLUMNS FROM `eshop_thirdmenu` [ RunTime:0.0053s ]
SQL: SELECT `id`,`name` FROM `eshop_thirdmenu` WHERE `pid` = 1 AND `is_show` = 1  [ RunTime:0.0004s ]

[ 2017-03-02T19:54:03+08:00 ] ::1 /eshop/index.php/Good/getShopCart.html
INFO: [ app_begin ] --START--
INFO: Run Behavior\ReadHtmlCacheBehavior [ RunTime:0.000784s ]
INFO: [ app_begin ] --END-- [ RunTime:0.001306s ]
SQL: SHOW COLUMNS FROM `eshop_shop_secondmenu` [ RunTime:0.0076s ]
SQL: SELECT `id`,`sname` FROM `eshop_shop_secondmenu` WHERE `pid` = 5 AND `is_show` = 1  [ RunTime:0.0006s ]

[ 2017-03-02T19:54:07+08:00 ] ::1 /eshop/index.php/Good/goodsSave.html
INFO: [ app_begin ] --START--
INFO: Run Behavior\ReadHtmlCacheBehavior [ RunTime:0.001068s ]
INFO: [ app_begin ] --END-- [ RunTime:0.001712s ]
SQL: SHOW COLUMNS FROM `eshop_goodnav` [ RunTime:0.0074s ]
ERR: 1452:Cannot add or update a child row: a foreign key constraint fails (`eshop`.`eshop_goodnav`, CONSTRAINT `eshop_goodnav_ibfk_5` FOREIGN KEY (`s_sid`) REFERENCES `eshop_shop_secondmenu` (`id`))
 [ SQL语句 ] : INSERT INTO `eshop_goodnav` (`goodId`,`shopId`,`w_fid`,`w_sid`,`w_tid`,`s_fid`,`s_sid`,`createtime`,`modify_time`) VALUES ('12','3','1','1','1','5','0','1488455647','1488455647')
ERR: 1452:Cannot add or update a child row: a foreign key constraint fails (`eshop`.`eshop_goodnav`, CONSTRAINT `eshop_goodnav_ibfk_5` FOREIGN KEY (`s_sid`) REFERENCES `eshop_shop_secondmenu` (`id`))
 [ SQL语句 ] : INSERT INTO `eshop_goodnav` (`goodId`,`shopId`,`w_fid`,`w_sid`,`w_tid`,`s_fid`,`s_sid`,`createtime`,`modify_time`) VALUES ('12','3','1','1','1','5','0','1488455647','1488455647')

[ 2017-03-02T19:54:41+08:00 ] ::1 /eshop/index.php/Good/goodsSave.html
INFO: [ app_begin ] --START--
INFO: Run Behavior\ReadHtmlCacheBehavior [ RunTime:0.000824s ]
INFO: [ app_begin ] --END-- [ RunTime:0.001395s ]
SQL: SHOW COLUMNS FROM `eshop_goodnav` [ RunTime:0.0053s ]
SQL: INSERT INTO `eshop_goodnav` (`goodId`,`shopId`,`w_fid`,`w_sid`,`w_tid`,`s_fid`,`s_sid`,`createtime`,`modify_time`) VALUES ('12','3','1','1','1','5','13','1488455681','1488455681') [ RunTime:0.0854s ]
SQL: INSERT INTO `eshop_goodnav` (`goodId`,`shopId`,`w_fid`,`w_sid`,`w_tid`,`s_fid`,`s_sid`,`createtime`,`modify_time`) VALUES ('12','3','1','1','1','5','13','1488455681','1488455681') [ RunTime:0.0208s ]

[ 2017-03-02T19:56:23+08:00 ] ::1 /eshop/index.php/Good/goodsSave.html
INFO: [ app_begin ] --START--
INFO: Run Behavior\ReadHtmlCacheBehavior [ RunTime:0.000913s ]
INFO: [ app_begin ] --END-- [ RunTime:0.001499s ]
SQL: SHOW COLUMNS FROM `eshop_shop` [ RunTime:0.0058s ]
SQL: SELECT `id` FROM `eshop_shop` WHERE `shoperId` = 13 LIMIT 1   [ RunTime:0.0003s ]

[ 2017-03-02T19:59:54+08:00 ] ::1 /eshop/index.php/Good/goodsSave.html
INFO: [ app_begin ] --START--
INFO: Run Behavior\ReadHtmlCacheBehavior [ RunTime:0.000832s ]
INFO: [ app_begin ] --END-- [ RunTime:0.001377s ]
SQL: SHOW COLUMNS FROM `eshop_goodnav` [ RunTime:0.0069s ]
SQL: INSERT INTO `eshop_goodnav` (`goodId`,`shopId`,`w_fid`,`w_sid`,`w_tid`,`s_fid`,`s_sid`,`createtime`,`modify_time`) VALUES ('12','3','1','1','1','5','13','1488455994','1488455994') [ RunTime:0.0828s ]
SQL: INSERT INTO `eshop_goodnav` (`goodId`,`shopId`,`w_fid`,`w_sid`,`w_tid`,`s_fid`,`s_sid`,`createtime`,`modify_time`) VALUES ('12','3','1','1','1','5','13','1488455994','1488455994') [ RunTime:0.0196s ]

[ 2017-03-02T20:00:49+08:00 ] ::1 /eshop/index.php/Good/goodsSave.html
INFO: [ app_begin ] --START--
INFO: Run Behavior\ReadHtmlCacheBehavior [ RunTime:0.000783s ]
INFO: [ app_begin ] --END-- [ RunTime:0.001286s ]
SQL: SHOW COLUMNS FROM `eshop_goodnav` [ RunTime:0.0067s ]
SQL: INSERT INTO `eshop_goodnav` (`goodId`,`shopId`,`w_fid`,`w_sid`,`w_tid`,`s_fid`,`s_sid`,`createtime`,`modify_time`) VALUES ('12','3','1','1','1','5','13','1488456049','1488456049') [ RunTime:0.1347s ]

[ 2017-03-02T20:01:28+08:00 ] ::1 /eshop/index.php/Good/goodsSave.html
INFO: [ app_begin ] --START--
INFO: Run Behavior\ReadHtmlCacheBehavior [ RunTime:0.000801s ]
INFO: [ app_begin ] --END-- [ RunTime:0.001350s ]
SQL: SHOW COLUMNS FROM `eshop_goodnav` [ RunTime:0.0056s ]

[ 2017-03-02T20:01:58+08:00 ] ::1 /eshop/index.php/Good/goodsSave.html
INFO: [ app_begin ] --START--
INFO: Run Behavior\ReadHtmlCacheBehavior [ RunTime:0.001120s ]
INFO: [ app_begin ] --END-- [ RunTime:0.002057s ]
SQL: SHOW COLUMNS FROM `eshop_goodnav` [ RunTime:0.0063s ]

[ 2017-03-02T20:06:51+08:00 ] ::1 /eshop/index.php/Good/goodsSave.html
INFO: [ app_begin ] --START--
INFO: Run Behavior\ReadHtmlCacheBehavior [ RunTime:0.000941s ]
INFO: [ app_begin ] --END-- [ RunTime:0.001606s ]
SQL: SHOW COLUMNS FROM `eshop_goodnav` [ RunTime:0.0061s ]

[ 2017-03-02T20:07:55+08:00 ] ::1 /eshop/index.php/Good/goodsSave.html
INFO: [ app_begin ] --START--
INFO: Run Behavior\ReadHtmlCacheBehavior [ RunTime:0.000869s ]
INFO: [ app_begin ] --END-- [ RunTime:0.001398s ]
SQL: SHOW COLUMNS FROM `eshop_goodnav` [ RunTime:0.0248s ]

[ 2017-03-02T20:08:17+08:00 ] ::1 /eshop/index.php/Good/goodsSave.html
INFO: [ app_begin ] --START--
INFO: Run Behavior\ReadHtmlCacheBehavior [ RunTime:0.001288s ]
INFO: [ app_begin ] --END-- [ RunTime:0.002030s ]
SQL: SHOW COLUMNS FROM `eshop_goodnav` [ RunTime:0.0054s ]

[ 2017-03-02T20:09:07+08:00 ] ::1 /eshop/index.php/Good/goodsSave.html
INFO: [ app_begin ] --START--
INFO: Run Behavior\ReadHtmlCacheBehavior [ RunTime:0.000924s ]
INFO: [ app_begin ] --END-- [ RunTime:0.001496s ]
SQL: SHOW COLUMNS FROM `eshop_goodnav` [ RunTime:0.0411s ]

[ 2017-03-02T20:09:19+08:00 ] ::1 /eshop/index.php/Good/goodsSave.html
INFO: [ app_begin ] --START--
INFO: Run Behavior\ReadHtmlCacheBehavior [ RunTime:0.000901s ]
INFO: [ app_begin ] --END-- [ RunTime:0.001493s ]
SQL: SHOW COLUMNS FROM `eshop_goodnav` [ RunTime:0.0074s ]

[ 2017-03-02T20:09:56+08:00 ] ::1 /eshop/index.php/Good/goodsSave.html
INFO: [ app_begin ] --START--
INFO: Run Behavior\ReadHtmlCacheBehavior [ RunTime:0.001275s ]
INFO: [ app_begin ] --END-- [ RunTime:0.002325s ]
SQL: SHOW COLUMNS FROM `eshop_goodnav` [ RunTime:0.0057s ]

[ 2017-03-02T20:33:43+08:00 ] ::1 /eshop/index.php/Good/goodsSave.html
INFO: [ app_begin ] --START--
INFO: Run Behavior\ReadHtmlCacheBehavior [ RunTime:0.001332s ]
INFO: [ app_begin ] --END-- [ RunTime:0.001951s ]
SQL: SHOW COLUMNS FROM `eshop_goodnav` [ RunTime:0.0082s ]

[ 2017-03-02T20:33:52+08:00 ] ::1 /eshop/index.php/Good/goodsSave.html
INFO: [ app_begin ] --START--
INFO: Run Behavior\ReadHtmlCacheBehavior [ RunTime:0.000874s ]
INFO: [ app_begin ] --END-- [ RunTime:0.001465s ]
SQL: SHOW COLUMNS FROM `eshop_goodnav` [ RunTime:0.0071s ]

[ 2017-03-02T20:34:08+08:00 ] ::1 /eshop/index.php/Good/goodsSave.html
INFO: [ app_begin ] --START--
INFO: Run Behavior\ReadHtmlCacheBehavior [ RunTime:0.000903s ]
INFO: [ app_begin ] --END-- [ RunTime:0.001480s ]
SQL: SHOW COLUMNS FROM `eshop_goodnav` [ RunTime:0.0059s ]

[ 2017-03-02T20:35:14+08:00 ] ::1 /eshop/index.php/Good/goodsSave.html
INFO: [ app_begin ] --START--
INFO: Run Behavior\ReadHtmlCacheBehavior [ RunTime:0.000860s ]
INFO: [ app_begin ] --END-- [ RunTime:0.001410s ]
SQL: SHOW COLUMNS FROM `eshop_goodnav` [ RunTime:0.0063s ]

[ 2017-03-02T20:39:09+08:00 ] ::1 /eshop/index.php/Good/goodsSave.html
INFO: [ app_begin ] --START--
INFO: Run Behavior\ReadHtmlCacheBehavior [ RunTime:0.000970s ]
INFO: [ app_begin ] --END-- [ RunTime:0.001725s ]
SQL: SHOW COLUMNS FROM `eshop_goodnav` [ RunTime:0.0053s ]

[ 2017-03-02T20:55:44+08:00 ] ::1 /eshop/index.php/Good/getWebCart.html
INFO: [ app_begin ] --START--
INFO: Run Behavior\ReadHtmlCacheBehavior [ RunTime:0.000971s ]
INFO: [ app_begin ] --END-- [ RunTime:0.001572s ]
SQL: SHOW COLUMNS FROM `eshop_secondmenu` [ RunTime:0.0082s ]
SQL: SELECT `id`,`name` FROM `eshop_secondmenu` WHERE `pid` = 1 AND `is_show` = 1  [ RunTime:0.0014s ]

[ 2017-03-02T20:55:45+08:00 ] ::1 /eshop/index.php/Good/getWebCart.html
INFO: [ app_begin ] --START--
INFO: Run Behavior\ReadHtmlCacheBehavior [ RunTime:0.000986s ]
INFO: [ app_begin ] --END-- [ RunTime:0.001591s ]
SQL: SHOW COLUMNS FROM `eshop_thirdmenu` [ RunTime:0.0222s ]
SQL: SELECT `id`,`name` FROM `eshop_thirdmenu` WHERE `pid` = 1 AND `is_show` = 1  [ RunTime:0.0006s ]

[ 2017-03-02T20:55:49+08:00 ] ::1 /eshop/index.php/Good/getShopCart.html
INFO: [ app_begin ] --START--
INFO: Run Behavior\ReadHtmlCacheBehavior [ RunTime:0.000930s ]
INFO: [ app_begin ] --END-- [ RunTime:0.001627s ]
SQL: SHOW COLUMNS FROM `eshop_shop_secondmenu` [ RunTime:0.0065s ]
SQL: SELECT `id`,`sname` FROM `eshop_shop_secondmenu` WHERE `pid` = 1 AND `is_show` = 1  [ RunTime:0.0004s ]

[ 2017-03-02T20:55:52+08:00 ] ::1 /eshop/index.php/Good/goodsSave.html
INFO: [ app_begin ] --START--
INFO: Run Behavior\ReadHtmlCacheBehavior [ RunTime:0.001344s ]
INFO: [ app_begin ] --END-- [ RunTime:0.002040s ]
SQL: SHOW COLUMNS FROM `eshop_goodnav` [ RunTime:0.0059s ]

