[ 2017-05-10T10:41:32+08:00 ] ::1 /eshop/index.php/Home/Shop/index/shopId/3.html
ERR: Cron:cron Runat 2017-05-10 10:41:32 Use 0.000693 s

[ 2017-05-10T10:41:36+08:00 ] ::1 /eshop/index.php/Home/Shoper/index.html
ERR: Cron:cron Runat 2017-05-10 10:41:36 Use 0.000308 s

[ 2017-05-10T10:41:44+08:00 ] ::1 /eshop/index.php/Home/User/login.html
ERR: Cron:cron Runat 2017-05-10 10:41:44 Use 0.000416 s

[ 2017-05-10T10:41:46+08:00 ] ::1 /eshop/index.php/User/regist.html
ERR: Cron:cron Runat 2017-05-10 10:41:46 Use 0.000281 s

[ 2017-05-10T11:03:32+08:00 ] ::1 /eshop/index.php/User/login.html
ERR: Cron:cron Runat 2017-05-10 11:03:32 Use 0.000365 s

[ 2017-05-10T20:15:52+08:00 ] ::1 /eshop/index.php/ShoppingCart/index.html
ERR: Cron:cron Runat 2017-05-10 20:15:52 Use 0.000377 s

[ 2017-05-10T20:19:11+08:00 ] ::1 /eshop/index.php/Home/Index/index.html
ERR: Cron:cron Runat 2017-05-10 20:19:11 Use 0.000363 s

[ 2017-05-10T20:19:29+08:00 ] ::1 /eshop/index.php/Home/Shop/index/shopId/3.html
ERR: Cron:cron Runat 2017-05-10 20:19:29 Use 0.000506 s

[ 2017-05-10T20:19:35+08:00 ] ::1 /eshop/index.php/Home/ShoppingCart/add.html
ERR: Cron:cron Runat 2017-05-10 20:19:35 Use 0.000531 s

[ 2017-05-10T20:19:35+08:00 ] ::1 /eshop/index.php/Home/ShoppingCart/add.html
INFO: [ app_begin ] --START--
INFO: Run Behavior\ReadHtmlCacheBehavior [ RunTime:0.000838s ]
INFO: Run Behavior\CronRunBehavior [ RunTime:0.004893s ]
INFO: [ app_begin ] --END-- [ RunTime:0.006374s ]
NOTIC: [2048] Declaration of Home\Controller\ShoppingCartController::success() should be compatible with Think\Controller::success($message = '', $jumpUrl = '', $ajax = false) D:\wampserver\wamp\www\eshop\App\Home\Controller\ShoppingCartController.class.php 第 7 行.
NOTIC: [8] Undefined index: good_cart D:\wampserver\wamp\www\eshop\App\Home\Common\function.php 第 279 行.
NOTIC: [8] Undefined index: good_cart D:\wampserver\wamp\www\eshop\App\Home\Common\function.php 第 279 行.
SQL: SHOW COLUMNS FROM `eshop_messages` [ RunTime:0.0058s ]
SQL: SELECT COUNT(*) AS tp_count FROM `eshop_messages` WHERE `status` = 0 AND `receiveId` = null LIMIT 1   [ RunTime:0.0004s ]
SQL: SHOW COLUMNS FROM `eshop_good` [ RunTime:0.0064s ]
SQL: SELECT `id`,`name`,`shopPrice`,`good_log`,`stock` FROM `eshop_good` WHERE `id` = 15 LIMIT 1   [ RunTime:0.0004s ]
NOTIC: [8] Undefined index: good_cart D:\wampserver\wamp\www\eshop\App\Home\Common\function.php 第 279 行.

[ 2017-05-10T20:19:39+08:00 ] ::1 /eshop/index.php/Home/Index/index.html
ERR: Cron:cron Runat 2017-05-10 20:19:39 Use 0.000394 s

[ 2017-05-10T20:19:43+08:00 ] ::1 /eshop/index.php/ShoppingCart/index.html
ERR: Cron:cron Runat 2017-05-10 20:19:43 Use 0.000454 s

[ 2017-05-10T20:19:49+08:00 ] ::1 /eshop/index.php/Home/User/login.html
ERR: Cron:cron Runat 2017-05-10 20:19:49 Use 0.000560 s

