[ 2017-01-07T11:30:50+08:00 ] ::1 /eshop/index.php/Shoper/checkVerify.html
INFO: [ app_begin ] --START--
INFO: Run Behavior\ReadHtmlCacheBehavior [ RunTime:0.000864s ]
INFO: [ app_begin ] --END-- [ RunTime:0.001474s ]
INFO: [ app_end ] --START--
INFO: Run Behavior\ShowPageTraceBehavior [ RunTime:0.000867s ]
INFO: [ app_end ] --END-- [ RunTime:0.000954s ]

[ 2017-01-07T11:31:18+08:00 ] ::1 /eshop/index.php/Shoper/checkVerify.html
INFO: [ app_begin ] --START--
INFO: Run Behavior\ReadHtmlCacheBehavior [ RunTime:0.000858s ]
INFO: [ app_begin ] --END-- [ RunTime:0.001491s ]
INFO: [ app_end ] --START--
INFO: Run Behavior\ShowPageTraceBehavior [ RunTime:0.001053s ]
INFO: [ app_end ] --END-- [ RunTime:0.001153s ]

[ 2017-01-07T11:31:18+08:00 ] ::1 /eshop/index.php/Shoper/doLogin.html
INFO: [ app_begin ] --START--
INFO: Run Behavior\ReadHtmlCacheBehavior [ RunTime:0.000714s ]
INFO: [ app_begin ] --END-- [ RunTime:0.001301s ]
SQL: SHOW COLUMNS FROM `eshop_shoper` [ RunTime:0.0854s ]
SQL: SELECT * FROM `eshop_shoper` WHERE `name` = 'shoper3' LIMIT 1   [ RunTime:0.0209s ]
NOTIC: [2] fopen(D:\wampserver\wamp\www\eshop\ThinkPHP\Library\Org\Net/UTFWry.dat): failed to open stream: No such file or directory D:\wampserver\wamp\www\eshop\ThinkPHP\Library\Org\Net\IpLocation.class.php 第 54 行.
SQL: SHOW COLUMNS FROM `eshop_shoper_log` [ RunTime:0.0198s ]
NOTIC: [8] Undefined index: validate D:\wampserver\wamp\www\eshop\ThinkPHP\Library\Think\Model.class.php 第 1185 行.
NOTIC: [8] Undefined index: auto D:\wampserver\wamp\www\eshop\ThinkPHP\Library\Think\Model.class.php 第 1128 行.
SQL: INSERT INTO `eshop_shoper_log` (`shoperId`,`action`,`ip`,`location`,`time`) VALUES ('13','登录','0.0.0.0',NULL,'1483759878') [ RunTime:0.1610s ]

[ 2017-01-07T11:34:26+08:00 ] ::1 /eshop/index.php/Good/getWebCart.html
INFO: [ app_begin ] --START--
INFO: Run Behavior\ReadHtmlCacheBehavior [ RunTime:0.000784s ]
INFO: [ app_begin ] --END-- [ RunTime:0.001346s ]
SQL: SHOW COLUMNS FROM `eshop_secondmenu` [ RunTime:0.0067s ]
SQL: SELECT `id`,`name` FROM `eshop_secondmenu` WHERE `pid` = 1 AND `is_show` = 1  [ RunTime:0.0008s ]

[ 2017-01-07T11:34:27+08:00 ] ::1 /eshop/index.php/Good/getWebCart.html
INFO: [ app_begin ] --START--
INFO: Run Behavior\ReadHtmlCacheBehavior [ RunTime:0.000749s ]
INFO: [ app_begin ] --END-- [ RunTime:0.001374s ]
SQL: SHOW COLUMNS FROM `eshop_thirdmenu` [ RunTime:0.0064s ]
SQL: SELECT `id`,`name` FROM `eshop_thirdmenu` WHERE `pid` = 1 AND `is_show` = 1  [ RunTime:0.0005s ]

[ 2017-01-07T11:34:30+08:00 ] ::1 /eshop/index.php/Good/getShopCart.html
INFO: [ app_begin ] --START--
INFO: Run Behavior\ReadHtmlCacheBehavior [ RunTime:0.000829s ]
INFO: [ app_begin ] --END-- [ RunTime:0.001408s ]
SQL: SHOW COLUMNS FROM `eshop_shop_secondmenu` [ RunTime:0.0064s ]
SQL: SELECT `id`,`sname` FROM `eshop_shop_secondmenu` WHERE `pid` = 1 AND `is_show` = 1  [ RunTime:0.0004s ]

[ 2017-01-07T12:22:48+08:00 ] ::1 /eshop/index.php/Good/getWebCart.html
INFO: [ app_begin ] --START--
INFO: Run Behavior\ReadHtmlCacheBehavior [ RunTime:0.001176s ]
INFO: [ app_begin ] --END-- [ RunTime:0.001740s ]

[ 2017-01-07T12:22:51+08:00 ] ::1 /eshop/index.php/Good/getShopCart.html
INFO: [ app_begin ] --START--
INFO: Run Behavior\ReadHtmlCacheBehavior [ RunTime:0.000803s ]
INFO: [ app_begin ] --END-- [ RunTime:0.001511s ]

[ 2017-01-07T12:23:20+08:00 ] ::1 /eshop/index.php/Good/goodsSave.html
ERR: 页面不存在！

[ 2017-01-07T12:23:46+08:00 ] ::1 /eshop/index.php/Good/getWebCart.html
INFO: [ app_begin ] --START--
INFO: Run Behavior\ReadHtmlCacheBehavior [ RunTime:0.000819s ]
INFO: [ app_begin ] --END-- [ RunTime:0.001468s ]
SQL: SHOW COLUMNS FROM `eshop_secondmenu` [ RunTime:0.0055s ]
SQL: SELECT `id`,`name` FROM `eshop_secondmenu` WHERE `pid` = 2 AND `is_show` = 1  [ RunTime:0.0006s ]

[ 2017-01-07T12:23:48+08:00 ] ::1 /eshop/index.php/Good/getShopCart.html
INFO: [ app_begin ] --START--
INFO: Run Behavior\ReadHtmlCacheBehavior [ RunTime:0.000825s ]
INFO: [ app_begin ] --END-- [ RunTime:0.001345s ]
SQL: SHOW COLUMNS FROM `eshop_shop_secondmenu` [ RunTime:0.0063s ]
SQL: SELECT `id`,`sname` FROM `eshop_shop_secondmenu` WHERE `pid` = 1 AND `is_show` = 1  [ RunTime:0.0005s ]

[ 2017-01-07T12:23:57+08:00 ] ::1 /eshop/index.php/Good/goodsSave.html
ERR: 页面不存在！

[ 2017-01-07T13:28:13+08:00 ] ::1 /eshop/index.php/Good/goodsSave.html
ERR: 不存在的图像文件

[ 2017-01-07T13:28:39+08:00 ] ::1 /eshop/index.php/Good/goodsSave.html
ERR: 不存在的图像文件

[ 2017-01-07T13:29:49+08:00 ] ::1 /eshop/index.php/Good/goodsSave.html
ERR: 不存在的图像文件

[ 2017-01-07T13:31:52+08:00 ] ::1 /eshop/index.php/Good/goodsSave.html
ERR: 不存在的图像文件

[ 2017-01-07T13:33:37+08:00 ] ::1 /eshop/index.php/Good/getWebCart.html
INFO: [ app_begin ] --START--
INFO: Run Behavior\ReadHtmlCacheBehavior [ RunTime:0.000819s ]
INFO: [ app_begin ] --END-- [ RunTime:0.001398s ]
SQL: SHOW COLUMNS FROM `eshop_secondmenu` [ RunTime:0.0107s ]
SQL: SELECT `id`,`name` FROM `eshop_secondmenu` WHERE `pid` = 1 AND `is_show` = 1  [ RunTime:0.0009s ]

[ 2017-01-07T13:33:38+08:00 ] ::1 /eshop/index.php/Good/getWebCart.html
INFO: [ app_begin ] --START--
INFO: Run Behavior\ReadHtmlCacheBehavior [ RunTime:0.001446s ]
INFO: [ app_begin ] --END-- [ RunTime:0.002520s ]
SQL: SHOW COLUMNS FROM `eshop_thirdmenu` [ RunTime:0.0241s ]
SQL: SELECT `id`,`name` FROM `eshop_thirdmenu` WHERE `pid` = 1 AND `is_show` = 1  [ RunTime:0.0007s ]

[ 2017-01-07T13:33:39+08:00 ] ::1 /eshop/index.php/Good/getShopCart.html
INFO: [ app_begin ] --START--
INFO: Run Behavior\ReadHtmlCacheBehavior [ RunTime:0.000856s ]
INFO: [ app_begin ] --END-- [ RunTime:0.001413s ]
SQL: SHOW COLUMNS FROM `eshop_shop_secondmenu` [ RunTime:0.0234s ]
SQL: SELECT `id`,`sname` FROM `eshop_shop_secondmenu` WHERE `pid` = 1 AND `is_show` = 1  [ RunTime:0.0006s ]

[ 2017-01-07T14:03:16+08:00 ] ::1 /eshop/index.php/Good/getWebCart.html
INFO: [ app_begin ] --START--
INFO: Run Behavior\ReadHtmlCacheBehavior [ RunTime:0.000991s ]
INFO: [ app_begin ] --END-- [ RunTime:0.001604s ]
SQL: SHOW COLUMNS FROM `eshop_secondmenu` [ RunTime:0.0086s ]
SQL: SELECT `id`,`name` FROM `eshop_secondmenu` WHERE `pid` = 1 AND `is_show` = 1  [ RunTime:0.0007s ]

[ 2017-01-07T14:03:17+08:00 ] ::1 /eshop/index.php/Good/getWebCart.html
INFO: [ app_begin ] --START--
INFO: Run Behavior\ReadHtmlCacheBehavior [ RunTime:0.000876s ]
INFO: [ app_begin ] --END-- [ RunTime:0.001454s ]
SQL: SHOW COLUMNS FROM `eshop_thirdmenu` [ RunTime:0.0085s ]
SQL: SELECT `id`,`name` FROM `eshop_thirdmenu` WHERE `pid` = 1 AND `is_show` = 1  [ RunTime:0.0005s ]

[ 2017-01-07T14:03:19+08:00 ] ::1 /eshop/index.php/Good/getShopCart.html
INFO: [ app_begin ] --START--
INFO: Run Behavior\ReadHtmlCacheBehavior [ RunTime:0.001052s ]
INFO: [ app_begin ] --END-- [ RunTime:0.001591s ]
SQL: SHOW COLUMNS FROM `eshop_shop_secondmenu` [ RunTime:0.0079s ]
SQL: SELECT `id`,`sname` FROM `eshop_shop_secondmenu` WHERE `pid` = 1 AND `is_show` = 1  [ RunTime:0.0007s ]

[ 2017-01-07T14:22:52+08:00 ] ::1 /eshop/index.php/Good/getWebCart.html
INFO: [ app_begin ] --START--
INFO: Run Behavior\ReadHtmlCacheBehavior [ RunTime:0.000989s ]
INFO: [ app_begin ] --END-- [ RunTime:0.001591s ]
SQL: SHOW COLUMNS FROM `eshop_secondmenu` [ RunTime:0.0065s ]
SQL: SELECT `id`,`name` FROM `eshop_secondmenu` WHERE `pid` = 1 AND `is_show` = 1  [ RunTime:0.0006s ]

[ 2017-01-07T14:22:54+08:00 ] ::1 /eshop/index.php/Good/getWebCart.html
INFO: [ app_begin ] --START--
INFO: Run Behavior\ReadHtmlCacheBehavior [ RunTime:0.000860s ]
INFO: [ app_begin ] --END-- [ RunTime:0.001399s ]
SQL: SHOW COLUMNS FROM `eshop_thirdmenu` [ RunTime:0.0058s ]
SQL: SELECT `id`,`name` FROM `eshop_thirdmenu` WHERE `pid` = 1 AND `is_show` = 1  [ RunTime:0.0004s ]

[ 2017-01-07T14:22:55+08:00 ] ::1 /eshop/index.php/Good/getShopCart.html
INFO: [ app_begin ] --START--
INFO: Run Behavior\ReadHtmlCacheBehavior [ RunTime:0.000883s ]
INFO: [ app_begin ] --END-- [ RunTime:0.001511s ]
SQL: SHOW COLUMNS FROM `eshop_shop_secondmenu` [ RunTime:0.0090s ]
SQL: SELECT `id`,`sname` FROM `eshop_shop_secondmenu` WHERE `pid` = 1 AND `is_show` = 1  [ RunTime:0.0005s ]

[ 2017-01-07T14:34:40+08:00 ] ::1 /eshop/index.php/Good/getWebCart.html
INFO: [ app_begin ] --START--
INFO: Run Behavior\ReadHtmlCacheBehavior [ RunTime:0.000816s ]
INFO: [ app_begin ] --END-- [ RunTime:0.001389s ]
SQL: SHOW COLUMNS FROM `eshop_secondmenu` [ RunTime:0.0080s ]
SQL: SELECT `id`,`name` FROM `eshop_secondmenu` WHERE `pid` = 1 AND `is_show` = 1  [ RunTime:0.0003s ]

[ 2017-01-07T14:34:41+08:00 ] ::1 /eshop/index.php/Good/getWebCart.html
INFO: [ app_begin ] --START--
INFO: Run Behavior\ReadHtmlCacheBehavior [ RunTime:0.001402s ]
INFO: [ app_begin ] --END-- [ RunTime:0.002086s ]
SQL: SHOW COLUMNS FROM `eshop_thirdmenu` [ RunTime:0.0056s ]
SQL: SELECT `id`,`name` FROM `eshop_thirdmenu` WHERE `pid` = 1 AND `is_show` = 1  [ RunTime:0.0004s ]

[ 2017-01-07T14:34:45+08:00 ] ::1 /eshop/index.php/Good/getShopCart.html
INFO: [ app_begin ] --START--
INFO: Run Behavior\ReadHtmlCacheBehavior [ RunTime:0.001060s ]
INFO: [ app_begin ] --END-- [ RunTime:0.001752s ]
SQL: SHOW COLUMNS FROM `eshop_shop_secondmenu` [ RunTime:0.0061s ]
SQL: SELECT `id`,`sname` FROM `eshop_shop_secondmenu` WHERE `pid` = 1 AND `is_show` = 1  [ RunTime:0.0004s ]

[ 2017-01-07T14:38:45+08:00 ] ::1 /eshop/index.php/Good/getWebCart.html
INFO: [ app_begin ] --START--
INFO: Run Behavior\ReadHtmlCacheBehavior [ RunTime:0.001575s ]
INFO: [ app_begin ] --END-- [ RunTime:0.002366s ]
SQL: SHOW COLUMNS FROM `eshop_secondmenu` [ RunTime:0.0064s ]
SQL: SELECT `id`,`name` FROM `eshop_secondmenu` WHERE `pid` = 1 AND `is_show` = 1  [ RunTime:0.0004s ]

[ 2017-01-07T14:38:47+08:00 ] ::1 /eshop/index.php/Good/getWebCart.html
INFO: [ app_begin ] --START--
INFO: Run Behavior\ReadHtmlCacheBehavior [ RunTime:0.000996s ]
INFO: [ app_begin ] --END-- [ RunTime:0.001567s ]
SQL: SHOW COLUMNS FROM `eshop_thirdmenu` [ RunTime:0.0061s ]
SQL: SELECT `id`,`name` FROM `eshop_thirdmenu` WHERE `pid` = 1 AND `is_show` = 1  [ RunTime:0.0003s ]

[ 2017-01-07T14:38:48+08:00 ] ::1 /eshop/index.php/Good/getShopCart.html
INFO: [ app_begin ] --START--
INFO: Run Behavior\ReadHtmlCacheBehavior [ RunTime:0.001033s ]
INFO: [ app_begin ] --END-- [ RunTime:0.001706s ]
SQL: SHOW COLUMNS FROM `eshop_shop_secondmenu` [ RunTime:0.0050s ]
SQL: SELECT `id`,`sname` FROM `eshop_shop_secondmenu` WHERE `pid` = 1 AND `is_show` = 1  [ RunTime:0.0004s ]

[ 2017-01-07T14:39:28+08:00 ] ::1 /eshop/index.php/Good/goodsSave.html
ERR: 页面不存在！

[ 2017-01-07T14:40:43+08:00 ] ::1 /eshop/index.php/Good/getWebCart.html
INFO: [ app_begin ] --START--
INFO: Run Behavior\ReadHtmlCacheBehavior [ RunTime:0.000687s ]
INFO: [ app_begin ] --END-- [ RunTime:0.001259s ]
SQL: SHOW COLUMNS FROM `eshop_secondmenu` [ RunTime:0.0063s ]
SQL: SELECT `id`,`name` FROM `eshop_secondmenu` WHERE `pid` = 2 AND `is_show` = 1  [ RunTime:0.0004s ]

[ 2017-01-07T14:40:44+08:00 ] ::1 /eshop/index.php/Good/getWebCart.html
INFO: [ app_begin ] --START--
INFO: Run Behavior\ReadHtmlCacheBehavior [ RunTime:0.000852s ]
INFO: [ app_begin ] --END-- [ RunTime:0.001448s ]
SQL: SHOW COLUMNS FROM `eshop_thirdmenu` [ RunTime:0.0699s ]
SQL: SELECT `id`,`name` FROM `eshop_thirdmenu` WHERE `pid` = 3 AND `is_show` = 1  [ RunTime:0.0004s ]

[ 2017-01-07T14:40:47+08:00 ] ::1 /eshop/index.php/Good/getShopCart.html
INFO: [ app_begin ] --START--
INFO: Run Behavior\ReadHtmlCacheBehavior [ RunTime:0.000735s ]
INFO: [ app_begin ] --END-- [ RunTime:0.001411s ]
SQL: SHOW COLUMNS FROM `eshop_shop_secondmenu` [ RunTime:0.0053s ]
SQL: SELECT `id`,`sname` FROM `eshop_shop_secondmenu` WHERE `pid` = 1 AND `is_show` = 1  [ RunTime:0.0005s ]

[ 2017-01-07T14:43:47+08:00 ] ::1 /eshop/index.php/Good/getWebCart.html
INFO: [ app_begin ] --START--
INFO: Run Behavior\ReadHtmlCacheBehavior [ RunTime:0.000871s ]
INFO: [ app_begin ] --END-- [ RunTime:0.001488s ]
SQL: SHOW COLUMNS FROM `eshop_secondmenu` [ RunTime:0.0051s ]
SQL: SELECT `id`,`name` FROM `eshop_secondmenu` WHERE `pid` = 2 AND `is_show` = 1  [ RunTime:0.0004s ]

[ 2017-01-07T14:43:48+08:00 ] ::1 /eshop/index.php/Good/getWebCart.html
INFO: [ app_begin ] --START--
INFO: Run Behavior\ReadHtmlCacheBehavior [ RunTime:0.000657s ]
INFO: [ app_begin ] --END-- [ RunTime:0.001242s ]
SQL: SHOW COLUMNS FROM `eshop_thirdmenu` [ RunTime:0.0053s ]
SQL: SELECT `id`,`name` FROM `eshop_thirdmenu` WHERE `pid` = 3 AND `is_show` = 1  [ RunTime:0.0004s ]

[ 2017-01-07T14:43:51+08:00 ] ::1 /eshop/index.php/Good/getShopCart.html
INFO: [ app_begin ] --START--
INFO: Run Behavior\ReadHtmlCacheBehavior [ RunTime:0.001085s ]
INFO: [ app_begin ] --END-- [ RunTime:0.002451s ]
SQL: SHOW COLUMNS FROM `eshop_shop_secondmenu` [ RunTime:0.0074s ]
SQL: SELECT `id`,`sname` FROM `eshop_shop_secondmenu` WHERE `pid` = 1 AND `is_show` = 1  [ RunTime:0.0004s ]

[ 2017-01-07T14:45:19+08:00 ] ::1 /eshop/index.php/Good/getWebCart.html
INFO: [ app_begin ] --START--
INFO: Run Behavior\ReadHtmlCacheBehavior [ RunTime:0.000685s ]
INFO: [ app_begin ] --END-- [ RunTime:0.001256s ]
SQL: SHOW COLUMNS FROM `eshop_secondmenu` [ RunTime:0.0059s ]
SQL: SELECT `id`,`name` FROM `eshop_secondmenu` WHERE `pid` = 1 AND `is_show` = 1  [ RunTime:0.0007s ]

[ 2017-01-07T14:45:20+08:00 ] ::1 /eshop/index.php/Good/getWebCart.html
INFO: [ app_begin ] --START--
INFO: Run Behavior\ReadHtmlCacheBehavior [ RunTime:0.000727s ]
INFO: [ app_begin ] --END-- [ RunTime:0.001351s ]
SQL: SHOW COLUMNS FROM `eshop_thirdmenu` [ RunTime:0.0061s ]
SQL: SELECT `id`,`name` FROM `eshop_thirdmenu` WHERE `pid` = 1 AND `is_show` = 1  [ RunTime:0.0004s ]

[ 2017-01-07T14:45:21+08:00 ] ::1 /eshop/index.php/Good/getShopCart.html
INFO: [ app_begin ] --START--
INFO: Run Behavior\ReadHtmlCacheBehavior [ RunTime:0.000688s ]
INFO: [ app_begin ] --END-- [ RunTime:0.001218s ]
SQL: SHOW COLUMNS FROM `eshop_shop_secondmenu` [ RunTime:0.0056s ]
SQL: SELECT `id`,`sname` FROM `eshop_shop_secondmenu` WHERE `pid` = 1 AND `is_show` = 1  [ RunTime:0.0004s ]

[ 2017-01-07T14:49:11+08:00 ] ::1 /eshop/index.php/Good/getWebCart.html
INFO: [ app_begin ] --START--
INFO: Run Behavior\ReadHtmlCacheBehavior [ RunTime:0.000670s ]
INFO: [ app_begin ] --END-- [ RunTime:0.001211s ]
SQL: SHOW COLUMNS FROM `eshop_secondmenu` [ RunTime:0.0048s ]
SQL: SELECT `id`,`name` FROM `eshop_secondmenu` WHERE `pid` = 1 AND `is_show` = 1  [ RunTime:0.0004s ]

[ 2017-01-07T14:49:13+08:00 ] ::1 /eshop/index.php/Good/getWebCart.html
INFO: [ app_begin ] --START--
INFO: Run Behavior\ReadHtmlCacheBehavior [ RunTime:0.000699s ]
INFO: [ app_begin ] --END-- [ RunTime:0.001232s ]
SQL: SHOW COLUMNS FROM `eshop_thirdmenu` [ RunTime:0.0064s ]
SQL: SELECT `id`,`name` FROM `eshop_thirdmenu` WHERE `pid` = 1 AND `is_show` = 1  [ RunTime:0.0004s ]

[ 2017-01-07T14:53:26+08:00 ] ::1 /eshop/index.php/Good/getWebCart.html
INFO: [ app_begin ] --START--
INFO: Run Behavior\ReadHtmlCacheBehavior [ RunTime:0.000710s ]
INFO: [ app_begin ] --END-- [ RunTime:0.001390s ]
SQL: SHOW COLUMNS FROM `eshop_secondmenu` [ RunTime:0.0094s ]
SQL: SELECT `id`,`name` FROM `eshop_secondmenu` WHERE `pid` = 2 AND `is_show` = 1  [ RunTime:0.0005s ]

[ 2017-01-07T14:53:29+08:00 ] ::1 /eshop/index.php/Good/getWebCart.html
INFO: [ app_begin ] --START--
INFO: Run Behavior\ReadHtmlCacheBehavior [ RunTime:0.000802s ]
INFO: [ app_begin ] --END-- [ RunTime:0.001415s ]
SQL: SHOW COLUMNS FROM `eshop_thirdmenu` [ RunTime:0.0050s ]
SQL: SELECT `id`,`name` FROM `eshop_thirdmenu` WHERE `pid` = 4 AND `is_show` = 1  [ RunTime:0.0004s ]

[ 2017-01-07T14:53:31+08:00 ] ::1 /eshop/index.php/Good/getShopCart.html
INFO: [ app_begin ] --START--
INFO: Run Behavior\ReadHtmlCacheBehavior [ RunTime:0.000655s ]
INFO: [ app_begin ] --END-- [ RunTime:0.001207s ]
SQL: SHOW COLUMNS FROM `eshop_shop_secondmenu` [ RunTime:0.0054s ]
SQL: SELECT `id`,`sname` FROM `eshop_shop_secondmenu` WHERE `pid` = 1 AND `is_show` = 1  [ RunTime:0.0004s ]

[ 2017-01-07T14:54:34+08:00 ] ::1 /eshop/index.php/Good/getWebCart.html
INFO: [ app_begin ] --START--
INFO: Run Behavior\ReadHtmlCacheBehavior [ RunTime:0.000735s ]
INFO: [ app_begin ] --END-- [ RunTime:0.001265s ]
SQL: SHOW COLUMNS FROM `eshop_secondmenu` [ RunTime:0.0056s ]
SQL: SELECT `id`,`name` FROM `eshop_secondmenu` WHERE `pid` = 2 AND `is_show` = 1  [ RunTime:0.0004s ]

[ 2017-01-07T14:54:35+08:00 ] ::1 /eshop/index.php/Good/getWebCart.html
INFO: [ app_begin ] --START--
INFO: Run Behavior\ReadHtmlCacheBehavior [ RunTime:0.000709s ]
INFO: [ app_begin ] --END-- [ RunTime:0.001257s ]
SQL: SHOW COLUMNS FROM `eshop_thirdmenu` [ RunTime:0.0053s ]
SQL: SELECT `id`,`name` FROM `eshop_thirdmenu` WHERE `pid` = 3 AND `is_show` = 1  [ RunTime:0.0004s ]

[ 2017-01-07T14:54:37+08:00 ] ::1 /eshop/index.php/Good/getShopCart.html
INFO: [ app_begin ] --START--
INFO: Run Behavior\ReadHtmlCacheBehavior [ RunTime:0.000633s ]
INFO: [ app_begin ] --END-- [ RunTime:0.001158s ]
SQL: SHOW COLUMNS FROM `eshop_shop_secondmenu` [ RunTime:0.0071s ]
SQL: SELECT `id`,`sname` FROM `eshop_shop_secondmenu` WHERE `pid` = 1 AND `is_show` = 1  [ RunTime:0.0003s ]

[ 2017-01-07T14:57:37+08:00 ] ::1 /eshop/index.php/Good/getWebCart.html
INFO: [ app_begin ] --START--
INFO: Run Behavior\ReadHtmlCacheBehavior [ RunTime:0.000876s ]
INFO: [ app_begin ] --END-- [ RunTime:0.001460s ]
SQL: SHOW COLUMNS FROM `eshop_secondmenu` [ RunTime:0.0067s ]
SQL: SELECT `id`,`name` FROM `eshop_secondmenu` WHERE `pid` = 2 AND `is_show` = 1  [ RunTime:0.0004s ]

[ 2017-01-07T14:57:38+08:00 ] ::1 /eshop/index.php/Good/getWebCart.html
INFO: [ app_begin ] --START--
INFO: Run Behavior\ReadHtmlCacheBehavior [ RunTime:0.000831s ]
INFO: [ app_begin ] --END-- [ RunTime:0.001486s ]
SQL: SHOW COLUMNS FROM `eshop_thirdmenu` [ RunTime:0.0066s ]
SQL: SELECT `id`,`name` FROM `eshop_thirdmenu` WHERE `pid` = 4 AND `is_show` = 1  [ RunTime:0.0004s ]

[ 2017-01-07T14:57:39+08:00 ] ::1 /eshop/index.php/Good/getShopCart.html
INFO: [ app_begin ] --START--
INFO: Run Behavior\ReadHtmlCacheBehavior [ RunTime:0.001088s ]
INFO: [ app_begin ] --END-- [ RunTime:0.002125s ]
SQL: SHOW COLUMNS FROM `eshop_shop_secondmenu` [ RunTime:0.0216s ]
SQL: SELECT `id`,`sname` FROM `eshop_shop_secondmenu` WHERE `pid` = 1 AND `is_show` = 1  [ RunTime:0.0004s ]

[ 2017-01-07T14:57:46+08:00 ] ::1 /eshop/index.php/Good/goodsSave.html
INFO: [ app_begin ] --START--
INFO: Run Behavior\ReadHtmlCacheBehavior [ RunTime:0.000884s ]
INFO: [ app_begin ] --END-- [ RunTime:0.001578s ]

[ 2017-01-07T15:01:39+08:00 ] ::1 /eshop/index.php/Good/goodsSave.html
INFO: [ app_begin ] --START--
INFO: Run Behavior\ReadHtmlCacheBehavior [ RunTime:0.000904s ]
INFO: [ app_begin ] --END-- [ RunTime:0.001442s ]

[ 2017-01-07T15:14:52+08:00 ] ::1 /eshop/index.php/Good/goodsSave.html
INFO: [ app_begin ] --START--
INFO: Run Behavior\ReadHtmlCacheBehavior [ RunTime:0.001121s ]
INFO: [ app_begin ] --END-- [ RunTime:0.002071s ]

[ 2017-01-07T15:27:52+08:00 ] ::1 /eshop/index.php/Good/goodsSave.html
INFO: [ app_begin ] --START--
INFO: Run Behavior\ReadHtmlCacheBehavior [ RunTime:0.001260s ]
INFO: [ app_begin ] --END-- [ RunTime:0.001877s ]

[ 2017-01-07T15:28:13+08:00 ] ::1 /eshop/index.php/Good/goodsSave.html
INFO: [ app_begin ] --START--
INFO: Run Behavior\ReadHtmlCacheBehavior [ RunTime:0.000899s ]
INFO: [ app_begin ] --END-- [ RunTime:0.001487s ]

[ 2017-01-07T15:29:13+08:00 ] ::1 /eshop/index.php/Good/goodsSave.html
INFO: [ app_begin ] --START--
INFO: Run Behavior\ReadHtmlCacheBehavior [ RunTime:0.000821s ]
INFO: [ app_begin ] --END-- [ RunTime:0.002118s ]

[ 2017-01-07T20:00:43+08:00 ] ::1 /eshop/index.php/Good/goodsSave.html
INFO: [ app_begin ] --START--
INFO: Run Behavior\ReadHtmlCacheBehavior [ RunTime:0.001315s ]
INFO: [ app_begin ] --END-- [ RunTime:0.002550s ]

[ 2017-01-07T20:22:35+08:00 ] ::1 /eshop/index.php/Good/goodsSave.html
INFO: [ app_begin ] --START--
INFO: Run Behavior\ReadHtmlCacheBehavior [ RunTime:0.001173s ]
INFO: [ app_begin ] --END-- [ RunTime:0.002048s ]

[ 2017-01-07T20:24:15+08:00 ] ::1 /eshop/index.php/Good/goodsSave.html
INFO: [ app_begin ] --START--
INFO: Run Behavior\ReadHtmlCacheBehavior [ RunTime:0.000913s ]
INFO: [ app_begin ] --END-- [ RunTime:0.001604s ]

[ 2017-01-07T20:30:54+08:00 ] ::1 /eshop/index.php/Good/getWebCart.html
INFO: [ app_begin ] --START--
INFO: Run Behavior\ReadHtmlCacheBehavior [ RunTime:0.000887s ]
INFO: [ app_begin ] --END-- [ RunTime:0.001520s ]
SQL: SHOW COLUMNS FROM `eshop_secondmenu` [ RunTime:0.0087s ]
SQL: SELECT `id`,`name` FROM `eshop_secondmenu` WHERE `pid` = 2 AND `is_show` = 1  [ RunTime:0.0006s ]

[ 2017-01-07T20:30:56+08:00 ] ::1 /eshop/index.php/Good/getWebCart.html
INFO: [ app_begin ] --START--
INFO: Run Behavior\ReadHtmlCacheBehavior [ RunTime:0.000817s ]
INFO: [ app_begin ] --END-- [ RunTime:0.001387s ]
SQL: SHOW COLUMNS FROM `eshop_thirdmenu` [ RunTime:0.0052s ]
SQL: SELECT `id`,`name` FROM `eshop_thirdmenu` WHERE `pid` = 3 AND `is_show` = 1  [ RunTime:0.0006s ]

[ 2017-01-07T20:30:59+08:00 ] ::1 /eshop/index.php/Good/getShopCart.html
INFO: [ app_begin ] --START--
INFO: Run Behavior\ReadHtmlCacheBehavior [ RunTime:0.000825s ]
INFO: [ app_begin ] --END-- [ RunTime:0.001406s ]
SQL: SHOW COLUMNS FROM `eshop_shop_secondmenu` [ RunTime:0.0054s ]
SQL: SELECT `id`,`sname` FROM `eshop_shop_secondmenu` WHERE `pid` = 5 AND `is_show` = 1  [ RunTime:0.0006s ]

[ 2017-01-07T20:31:10+08:00 ] ::1 /eshop/index.php/Good/goodsSave.html
INFO: [ app_begin ] --START--
INFO: Run Behavior\ReadHtmlCacheBehavior [ RunTime:0.000781s ]
INFO: [ app_begin ] --END-- [ RunTime:0.001320s ]
NOTIC: [2] call_user_func() expects parameter 1 to be a valid callback, no array or string given D:\wampserver\wamp\www\eshop\ThinkPHP\Library\Think\Upload.class.php 第 170 行.
NOTIC: [8] Undefined variable: x D:\wampserver\wamp\www\eshop\ThinkPHP\Library\Think\Image\Driver\Gd.class.php 第 270 行.
NOTIC: [8] Undefined variable: y D:\wampserver\wamp\www\eshop\ThinkPHP\Library\Think\Image\Driver\Gd.class.php 第 270 行.
SQL: SHOW COLUMNS FROM `eshop_good` [ RunTime:0.0062s ]
NOTIC: [8] Undefined index: validate D:\wampserver\wamp\www\eshop\ThinkPHP\Library\Think\Model.class.php 第 1185 行.
SQL: SELECT * FROM `eshop_good` WHERE `goodNumber` = 2147483647 LIMIT 1   [ RunTime:0.0006s ]
NOTIC: [8] Undefined variable: msg D:\wampserver\wamp\www\eshop\App\Home\Controller\GoodController.class.php 第 80 行.

[ 2017-01-07T20:35:37+08:00 ] ::1 /eshop/index.php/Good/getWebCart.html
INFO: [ app_begin ] --START--
INFO: Run Behavior\ReadHtmlCacheBehavior [ RunTime:0.000720s ]
INFO: [ app_begin ] --END-- [ RunTime:0.001296s ]
SQL: SHOW COLUMNS FROM `eshop_secondmenu` [ RunTime:0.0058s ]
SQL: SELECT `id`,`name` FROM `eshop_secondmenu` WHERE `pid` = 1 AND `is_show` = 1  [ RunTime:0.0005s ]

[ 2017-01-07T20:35:40+08:00 ] ::1 /eshop/index.php/Good/getWebCart.html
INFO: [ app_begin ] --START--
INFO: Run Behavior\ReadHtmlCacheBehavior [ RunTime:0.000746s ]
INFO: [ app_begin ] --END-- [ RunTime:0.001327s ]
SQL: SHOW COLUMNS FROM `eshop_thirdmenu` [ RunTime:0.0053s ]
SQL: SELECT `id`,`name` FROM `eshop_thirdmenu` WHERE `pid` = 1 AND `is_show` = 1  [ RunTime:0.0004s ]

[ 2017-01-07T20:35:43+08:00 ] ::1 /eshop/index.php/Good/getShopCart.html
INFO: [ app_begin ] --START--
INFO: Run Behavior\ReadHtmlCacheBehavior [ RunTime:0.000686s ]
INFO: [ app_begin ] --END-- [ RunTime:0.001202s ]
SQL: SHOW COLUMNS FROM `eshop_shop_secondmenu` [ RunTime:0.0056s ]
SQL: SELECT `id`,`sname` FROM `eshop_shop_secondmenu` WHERE `pid` = 1 AND `is_show` = 1  [ RunTime:0.0004s ]

[ 2017-01-07T20:35:56+08:00 ] ::1 /eshop/index.php/Good/goodsSave.html
INFO: [ app_begin ] --START--
INFO: Run Behavior\ReadHtmlCacheBehavior [ RunTime:0.000761s ]
INFO: [ app_begin ] --END-- [ RunTime:0.001508s ]
NOTIC: [2] call_user_func() expects parameter 1 to be a valid callback, no array or string given D:\wampserver\wamp\www\eshop\ThinkPHP\Library\Think\Upload.class.php 第 170 行.
NOTIC: [8] Undefined variable: x D:\wampserver\wamp\www\eshop\ThinkPHP\Library\Think\Image\Driver\Gd.class.php 第 270 行.
NOTIC: [8] Undefined variable: y D:\wampserver\wamp\www\eshop\ThinkPHP\Library\Think\Image\Driver\Gd.class.php 第 270 行.
SQL: SHOW COLUMNS FROM `eshop_good` [ RunTime:0.0070s ]
NOTIC: [8] Undefined index: validate D:\wampserver\wamp\www\eshop\ThinkPHP\Library\Think\Model.class.php 第 1185 行.
SQL: SELECT * FROM `eshop_good` WHERE `goodNumber` = 2147483647 LIMIT 1   [ RunTime:0.0005s ]
NOTIC: [8] Undefined variable: msg D:\wampserver\wamp\www\eshop\App\Home\Controller\GoodController.class.php 第 80 行.

[ 2017-01-07T20:39:27+08:00 ] ::1 /eshop/index.php/Good/goodsSave.html
INFO: [ app_begin ] --START--
INFO: Run Behavior\ReadHtmlCacheBehavior [ RunTime:0.000833s ]
INFO: [ app_begin ] --END-- [ RunTime:0.001504s ]
NOTIC: [2] call_user_func() expects parameter 1 to be a valid callback, no array or string given D:\wampserver\wamp\www\eshop\ThinkPHP\Library\Think\Upload.class.php 第 170 行.
NOTIC: [8] Undefined variable: x D:\wampserver\wamp\www\eshop\ThinkPHP\Library\Think\Image\Driver\Gd.class.php 第 270 行.
NOTIC: [8] Undefined variable: y D:\wampserver\wamp\www\eshop\ThinkPHP\Library\Think\Image\Driver\Gd.class.php 第 270 行.
SQL: SHOW COLUMNS FROM `eshop_good` [ RunTime:0.0129s ]
NOTIC: [8] Undefined index: validate D:\wampserver\wamp\www\eshop\ThinkPHP\Library\Think\Model.class.php 第 1185 行.

[ 2017-01-07T20:42:32+08:00 ] ::1 /eshop/index.php/Good/goodsSave.html
INFO: [ app_begin ] --START--
INFO: Run Behavior\ReadHtmlCacheBehavior [ RunTime:0.000819s ]
INFO: [ app_begin ] --END-- [ RunTime:0.001707s ]
NOTIC: [2] call_user_func() expects parameter 1 to be a valid callback, no array or string given D:\wampserver\wamp\www\eshop\ThinkPHP\Library\Think\Upload.class.php 第 170 行.
NOTIC: [8] Undefined variable: x D:\wampserver\wamp\www\eshop\ThinkPHP\Library\Think\Image\Driver\Gd.class.php 第 270 行.
NOTIC: [8] Undefined variable: y D:\wampserver\wamp\www\eshop\ThinkPHP\Library\Think\Image\Driver\Gd.class.php 第 270 行.
SQL: SHOW COLUMNS FROM `eshop_good` [ RunTime:0.0064s ]

[ 2017-01-07T20:43:55+08:00 ] ::1 /eshop/index.php/Good/goodsSave.html
INFO: [ app_begin ] --START--
INFO: Run Behavior\ReadHtmlCacheBehavior [ RunTime:0.000712s ]
INFO: [ app_begin ] --END-- [ RunTime:0.001388s ]

[ 2017-01-07T20:45:04+08:00 ] ::1 /eshop/index.php/Good/goodsSave.html
INFO: [ app_begin ] --START--
INFO: Run Behavior\ReadHtmlCacheBehavior [ RunTime:0.000828s ]
INFO: [ app_begin ] --END-- [ RunTime:0.001617s ]

[ 2017-01-07T20:46:16+08:00 ] ::1 /eshop/index.php/Good/goodsSave.html
INFO: [ app_begin ] --START--
INFO: Run Behavior\ReadHtmlCacheBehavior [ RunTime:0.000823s ]
INFO: [ app_begin ] --END-- [ RunTime:0.001504s ]

[ 2017-01-07T20:47:27+08:00 ] ::1 /eshop/index.php/Good/goodsSave.html
INFO: [ app_begin ] --START--
INFO: Run Behavior\ReadHtmlCacheBehavior [ RunTime:0.000742s ]
INFO: [ app_begin ] --END-- [ RunTime:0.001442s ]

[ 2017-01-07T20:51:58+08:00 ] ::1 /eshop/index.php/Good/goodsSave.html
INFO: [ app_begin ] --START--
INFO: Run Behavior\ReadHtmlCacheBehavior [ RunTime:0.000678s ]
INFO: [ app_begin ] --END-- [ RunTime:0.001270s ]
NOTIC: [2] call_user_func() expects parameter 1 to be a valid callback, no array or string given D:\wampserver\wamp\www\eshop\ThinkPHP\Library\Think\Upload.class.php 第 170 行.
NOTIC: [8] Undefined variable: x D:\wampserver\wamp\www\eshop\ThinkPHP\Library\Think\Image\Driver\Gd.class.php 第 270 行.
NOTIC: [8] Undefined variable: y D:\wampserver\wamp\www\eshop\ThinkPHP\Library\Think\Image\Driver\Gd.class.php 第 270 行.
SQL: SHOW COLUMNS FROM `eshop_good` [ RunTime:0.0268s ]
NOTIC: [8] Undefined index: validate D:\wampserver\wamp\www\eshop\ThinkPHP\Library\Think\Model.class.php 第 1185 行.

[ 2017-01-07T20:53:04+08:00 ] ::1 /eshop/index.php/Good/goodsSave.html
INFO: [ app_begin ] --START--
INFO: Run Behavior\ReadHtmlCacheBehavior [ RunTime:0.000714s ]
INFO: [ app_begin ] --END-- [ RunTime:0.001278s ]
NOTIC: [2] call_user_func() expects parameter 1 to be a valid callback, no array or string given D:\wampserver\wamp\www\eshop\ThinkPHP\Library\Think\Upload.class.php 第 170 行.
NOTIC: [8] Undefined variable: x D:\wampserver\wamp\www\eshop\ThinkPHP\Library\Think\Image\Driver\Gd.class.php 第 270 行.
NOTIC: [8] Undefined variable: y D:\wampserver\wamp\www\eshop\ThinkPHP\Library\Think\Image\Driver\Gd.class.php 第 270 行.
SQL: SHOW COLUMNS FROM `eshop_good` [ RunTime:0.0213s ]
NOTIC: [8] Undefined index: validate D:\wampserver\wamp\www\eshop\ThinkPHP\Library\Think\Model.class.php 第 1185 行.

[ 2017-01-07T20:53:43+08:00 ] ::1 /eshop/index.php/Good/goodsSave.html
INFO: [ app_begin ] --START--
INFO: Run Behavior\ReadHtmlCacheBehavior [ RunTime:0.000914s ]
INFO: [ app_begin ] --END-- [ RunTime:0.001667s ]
NOTIC: [2] call_user_func() expects parameter 1 to be a valid callback, no array or string given D:\wampserver\wamp\www\eshop\ThinkPHP\Library\Think\Upload.class.php 第 170 行.
NOTIC: [8] Undefined variable: x D:\wampserver\wamp\www\eshop\ThinkPHP\Library\Think\Image\Driver\Gd.class.php 第 270 行.
NOTIC: [8] Undefined variable: y D:\wampserver\wamp\www\eshop\ThinkPHP\Library\Think\Image\Driver\Gd.class.php 第 270 行.
SQL: SHOW COLUMNS FROM `eshop_good` [ RunTime:0.0093s ]

[ 2017-01-07T20:55:04+08:00 ] ::1 /eshop/index.php/Good/goodsSave.html
INFO: [ app_begin ] --START--
INFO: Run Behavior\ReadHtmlCacheBehavior [ RunTime:0.001018s ]
INFO: [ app_begin ] --END-- [ RunTime:0.001960s ]
NOTIC: [2] call_user_func() expects parameter 1 to be a valid callback, no array or string given D:\wampserver\wamp\www\eshop\ThinkPHP\Library\Think\Upload.class.php 第 170 行.
NOTIC: [8] Undefined variable: x D:\wampserver\wamp\www\eshop\ThinkPHP\Library\Think\Image\Driver\Gd.class.php 第 270 行.
NOTIC: [8] Undefined variable: y D:\wampserver\wamp\www\eshop\ThinkPHP\Library\Think\Image\Driver\Gd.class.php 第 270 行.
SQL: SHOW COLUMNS FROM `eshop_good` [ RunTime:0.0049s ]

[ 2017-01-07T20:56:41+08:00 ] ::1 /eshop/index.php/Good/goodsSave.html
INFO: [ app_begin ] --START--
INFO: Run Behavior\ReadHtmlCacheBehavior [ RunTime:0.001194s ]
INFO: [ app_begin ] --END-- [ RunTime:0.002776s ]
NOTIC: [2] call_user_func() expects parameter 1 to be a valid callback, no array or string given D:\wampserver\wamp\www\eshop\ThinkPHP\Library\Think\Upload.class.php 第 170 行.
NOTIC: [8] Undefined variable: x D:\wampserver\wamp\www\eshop\ThinkPHP\Library\Think\Image\Driver\Gd.class.php 第 270 行.
NOTIC: [8] Undefined variable: y D:\wampserver\wamp\www\eshop\ThinkPHP\Library\Think\Image\Driver\Gd.class.php 第 270 行.
SQL: SHOW COLUMNS FROM `eshop_good` [ RunTime:0.0103s ]
NOTIC: [8] Undefined index: validate D:\wampserver\wamp\www\eshop\ThinkPHP\Library\Think\Model.class.php 第 1185 行.

[ 2017-01-07T20:57:11+08:00 ] ::1 /eshop/index.php/Good/goodsSave.html
INFO: [ app_begin ] --START--
INFO: Run Behavior\ReadHtmlCacheBehavior [ RunTime:0.000702s ]
INFO: [ app_begin ] --END-- [ RunTime:0.001312s ]
NOTIC: [2] call_user_func() expects parameter 1 to be a valid callback, no array or string given D:\wampserver\wamp\www\eshop\ThinkPHP\Library\Think\Upload.class.php 第 170 行.
NOTIC: [8] Undefined variable: x D:\wampserver\wamp\www\eshop\ThinkPHP\Library\Think\Image\Driver\Gd.class.php 第 270 行.
NOTIC: [8] Undefined variable: y D:\wampserver\wamp\www\eshop\ThinkPHP\Library\Think\Image\Driver\Gd.class.php 第 270 行.
SQL: SHOW COLUMNS FROM `eshop_good` [ RunTime:0.0078s ]
NOTIC: [8] Undefined index: validate D:\wampserver\wamp\www\eshop\ThinkPHP\Library\Think\Model.class.php 第 1185 行.
NOTIC: [8] Undefined index: auto D:\wampserver\wamp\www\eshop\ThinkPHP\Library\Think\Model.class.php 第 1128 行.

[ 2017-01-07T20:58:45+08:00 ] ::1 /eshop/index.php/Good/goodsSave.html
INFO: [ app_begin ] --START--
INFO: Run Behavior\ReadHtmlCacheBehavior [ RunTime:0.000686s ]
INFO: [ app_begin ] --END-- [ RunTime:0.001279s ]
NOTIC: [2] call_user_func() expects parameter 1 to be a valid callback, no array or string given D:\wampserver\wamp\www\eshop\ThinkPHP\Library\Think\Upload.class.php 第 170 行.
NOTIC: [8] Undefined variable: x D:\wampserver\wamp\www\eshop\ThinkPHP\Library\Think\Image\Driver\Gd.class.php 第 270 行.
NOTIC: [8] Undefined variable: y D:\wampserver\wamp\www\eshop\ThinkPHP\Library\Think\Image\Driver\Gd.class.php 第 270 行.
SQL: SHOW COLUMNS FROM `eshop_good` [ RunTime:0.0234s ]
NOTIC: [8] Undefined index: validate D:\wampserver\wamp\www\eshop\ThinkPHP\Library\Think\Model.class.php 第 1185 行.

[ 2017-01-07T20:59:03+08:00 ] ::1 /eshop/index.php/Good/goodsSave.html
INFO: [ app_begin ] --START--
INFO: Run Behavior\ReadHtmlCacheBehavior [ RunTime:0.001057s ]
INFO: [ app_begin ] --END-- [ RunTime:0.001772s ]
NOTIC: [2] call_user_func() expects parameter 1 to be a valid callback, no array or string given D:\wampserver\wamp\www\eshop\ThinkPHP\Library\Think\Upload.class.php 第 170 行.
NOTIC: [8] Undefined variable: x D:\wampserver\wamp\www\eshop\ThinkPHP\Library\Think\Image\Driver\Gd.class.php 第 270 行.
NOTIC: [8] Undefined variable: y D:\wampserver\wamp\www\eshop\ThinkPHP\Library\Think\Image\Driver\Gd.class.php 第 270 行.
SQL: SHOW COLUMNS FROM `eshop_good` [ RunTime:0.0087s ]
NOTIC: [8] Undefined index: validate D:\wampserver\wamp\www\eshop\ThinkPHP\Library\Think\Model.class.php 第 1185 行.

[ 2017-01-07T21:01:48+08:00 ] ::1 /eshop/index.php/Good/goodsSave.html
INFO: [ app_begin ] --START--
INFO: Run Behavior\ReadHtmlCacheBehavior [ RunTime:0.000784s ]
INFO: [ app_begin ] --END-- [ RunTime:0.001519s ]
NOTIC: [2] call_user_func() expects parameter 1 to be a valid callback, no array or string given D:\wampserver\wamp\www\eshop\ThinkPHP\Library\Think\Upload.class.php 第 170 行.
NOTIC: [8] Undefined variable: x D:\wampserver\wamp\www\eshop\ThinkPHP\Library\Think\Image\Driver\Gd.class.php 第 270 行.
NOTIC: [8] Undefined variable: y D:\wampserver\wamp\www\eshop\ThinkPHP\Library\Think\Image\Driver\Gd.class.php 第 270 行.
SQL: SHOW COLUMNS FROM `eshop_good` [ RunTime:0.0085s ]

[ 2017-01-07T21:04:05+08:00 ] ::1 /eshop/index.php/Good/goodsSave.html
INFO: [ app_begin ] --START--
INFO: Run Behavior\ReadHtmlCacheBehavior [ RunTime:0.002198s ]
INFO: [ app_begin ] --END-- [ RunTime:0.002892s ]
NOTIC: [2] call_user_func() expects parameter 1 to be a valid callback, no array or string given D:\wampserver\wamp\www\eshop\ThinkPHP\Library\Think\Upload.class.php 第 170 行.
NOTIC: [8] Undefined variable: x D:\wampserver\wamp\www\eshop\ThinkPHP\Library\Think\Image\Driver\Gd.class.php 第 270 行.
NOTIC: [8] Undefined variable: y D:\wampserver\wamp\www\eshop\ThinkPHP\Library\Think\Image\Driver\Gd.class.php 第 270 行.
SQL: SHOW COLUMNS FROM `eshop_good` [ RunTime:0.0100s ]
NOTIC: [8] Undefined index: validate D:\wampserver\wamp\www\eshop\ThinkPHP\Library\Think\Model.class.php 第 1185 行.
NOTIC: [8] Undefined index: auto D:\wampserver\wamp\www\eshop\ThinkPHP\Library\Think\Model.class.php 第 1128 行.

[ 2017-01-07T21:04:32+08:00 ] ::1 /eshop/index.php/Good/goodsSave.html
INFO: [ app_begin ] --START--
INFO: Run Behavior\ReadHtmlCacheBehavior [ RunTime:0.000879s ]
INFO: [ app_begin ] --END-- [ RunTime:0.001644s ]
NOTIC: [2] call_user_func() expects parameter 1 to be a valid callback, no array or string given D:\wampserver\wamp\www\eshop\ThinkPHP\Library\Think\Upload.class.php 第 170 行.
NOTIC: [8] Undefined variable: x D:\wampserver\wamp\www\eshop\ThinkPHP\Library\Think\Image\Driver\Gd.class.php 第 270 行.
NOTIC: [8] Undefined variable: y D:\wampserver\wamp\www\eshop\ThinkPHP\Library\Think\Image\Driver\Gd.class.php 第 270 行.
SQL: SHOW COLUMNS FROM `eshop_good` [ RunTime:0.0065s ]
NOTIC: [8] Undefined index: validate D:\wampserver\wamp\www\eshop\ThinkPHP\Library\Think\Model.class.php 第 1185 行.
NOTIC: [8] Undefined index: auto D:\wampserver\wamp\www\eshop\ThinkPHP\Library\Think\Model.class.php 第 1128 行.

