[ 2017-05-14T08:20:08+08:00 ] ::1 /eshop/index.php/Home/Shop/index/shopId/3.html
ERR: Cron:cron Runat 2017-05-14 08:20:08 Use 0.001489 s

[ 2017-05-14T08:20:41+08:00 ] ::1 /eshop/index.php/Home/Index/index.html
ERR: Cron:cron Runat 2017-05-14 08:20:41 Use 0.000760 s

[ 2017-05-14T08:29:36+08:00 ] ::1 /eshop/index.php/Home/Index/index.html
ERR: Cron:cron Runat 2017-05-14 08:29:36 Use 0.000538 s

[ 2017-05-14T08:32:01+08:00 ] ::1 /eshop/index.php/Home/Index/index.html
ERR: Cron:cron Runat 2017-05-14 08:32:01 Use 0.000642 s

[ 2017-05-14T08:39:34+08:00 ] ::1 /eshop/index.php/Home/Index/index.html
ERR: Cron:cron Runat 2017-05-14 08:39:34 Use 0.000697 s

[ 2017-05-14T08:45:58+08:00 ] ::1 /eshop/index.php/Home/Index/index.html
ERR: Cron:cron Runat 2017-05-14 08:45:58 Use 0.000658 s

[ 2017-05-14T08:45:58+08:00 ] ::1 /eshop/index.php/Home/Index/index.html
ERR: 1054:Unknown column 'sname' in 'field list'
 [ SQL语句 ] : SELECT f.id fid,f.name fname,s.id sid,s.pid spid,s.name,`sname`,f.id fid,f.pid fpid,f.name fname FROM eshop_firstmenu f INNER JOIN eshop_secondmenu as s on f.id = s.pid INNER JOIN eshop_thirdmenu as t on f.id = t.pid  WHERE f.is_show = 1 

[ 2017-05-14T08:46:20+08:00 ] ::1 /eshop/index.php/Home/Index/index.html
ERR: Cron:cron Runat 2017-05-14 08:46:20 Use 0.000511 s

[ 2017-05-14T08:46:20+08:00 ] ::1 /eshop/index.php/Home/Index/index.html
ERR: 1054:Unknown column 'f.pid' in 'field list'
 [ SQL语句 ] : SELECT f.id fid,f.name fname,s.id sid,s.pid spid,s.name sname,f.id fid,f.pid fpid,f.name fname FROM eshop_firstmenu f INNER JOIN eshop_secondmenu as s on f.id = s.pid INNER JOIN eshop_thirdmenu as t on f.id = t.pid  WHERE f.is_show = 1 

[ 2017-05-14T08:47:17+08:00 ] ::1 /eshop/index.php/Home/Index/index.html
ERR: Cron:cron Runat 2017-05-14 08:47:17 Use 0.000652 s

[ 2017-05-14T08:48:55+08:00 ] ::1 /eshop/index.php/Home/Index/index.html
ERR: Cron:cron Runat 2017-05-14 08:48:55 Use 0.000902 s

[ 2017-05-14T08:49:14+08:00 ] ::1 /eshop/index.php/Home/Index/index.html
ERR: Cron:cron Runat 2017-05-14 08:49:14 Use 0.000918 s

[ 2017-05-14T08:51:00+08:00 ] ::1 /eshop/index.php/Home/Index/index.html
ERR: Cron:cron Runat 2017-05-14 08:51:00 Use 0.001450 s

[ 2017-05-14T08:53:52+08:00 ] ::1 /eshop/index.php/Home/Index/index.html
ERR: Cron:cron Runat 2017-05-14 08:53:52 Use 0.001123 s

[ 2017-05-14T08:54:04+08:00 ] ::1 /eshop/index.php/Home/Index/index.html
ERR: Cron:cron Runat 2017-05-14 08:54:04 Use 0.000523 s

[ 2017-05-14T08:54:04+08:00 ] ::1 /eshop/index.php/Home/Index/index.html
ERR: 1054:Unknown column 'name' in 'field list'
 [ SQL语句 ] : SELECT `pid`,`id`,`name` FROM `eshop_shop_secondmenu` WHERE `pid` IN ('1','2','3','4','5','6','7','8','9') AND `is_show` = 1 

[ 2017-05-14T08:55:18+08:00 ] ::1 /eshop/index.php/Home/Index/index.html
ERR: Cron:cron Runat 2017-05-14 08:55:18 Use 0.000580 s

[ 2017-05-14T08:55:18+08:00 ] ::1 /eshop/index.php/Home/Index/index.html
ERR: 1146:Table 'eshop.eshop_eshop_secondmenu' doesn't exist
 [ SQL语句 ] : SHOW COLUMNS FROM `eshop_eshop_secondmenu`

[ 2017-05-14T08:55:34+08:00 ] ::1 /eshop/index.php/Home/Index/index.html
ERR: Cron:cron Runat 2017-05-14 08:55:34 Use 0.000468 s

[ 2017-05-14T08:57:01+08:00 ] ::1 /eshop/index.php/Home/Index/index.html
ERR: Cron:cron Runat 2017-05-14 08:57:01 Use 0.000556 s

[ 2017-05-14T08:57:28+08:00 ] ::1 /eshop/index.php/Home/Index/index.html
ERR: Cron:cron Runat 2017-05-14 08:57:28 Use 0.000581 s

[ 2017-05-14T08:58:54+08:00 ] ::1 /eshop/index.php/Home/Index/index.html
ERR: Cron:cron Runat 2017-05-14 08:58:54 Use 0.000909 s

[ 2017-05-14T08:58:54+08:00 ] ::1 /eshop/index.php/Home/Index/index.html
ERR: 1146:Table 'eshop.eshop_thirddmenu' doesn't exist
 [ SQL语句 ] : SHOW COLUMNS FROM `eshop_thirddmenu`

[ 2017-05-14T08:59:00+08:00 ] ::1 /eshop/index.php/Home/Index/index.html
ERR: Cron:cron Runat 2017-05-14 08:59:00 Use 0.000513 s

[ 2017-05-14T09:01:29+08:00 ] ::1 /eshop/index.php/Home/Index/index.html
ERR: Cron:cron Runat 2017-05-14 09:01:29 Use 0.000599 s

[ 2017-05-14T09:07:05+08:00 ] ::1 /eshop/index.php/Home/Index/index.html
ERR: Cron:cron Runat 2017-05-14 09:07:05 Use 0.000596 s

[ 2017-05-14T09:08:47+08:00 ] ::1 /eshop/index.php/Home/Index/index.html
ERR: Cron:cron Runat 2017-05-14 09:08:47 Use 0.000715 s

[ 2017-05-14T09:09:09+08:00 ] ::1 /eshop/index.php/Home/Index/index.html
ERR: Cron:cron Runat 2017-05-14 09:09:09 Use 0.000480 s

[ 2017-05-14T09:09:28+08:00 ] ::1 /eshop/index.php/Home/Index/index.html
ERR: Cron:cron Runat 2017-05-14 09:09:28 Use 0.000581 s

[ 2017-05-14T09:10:35+08:00 ] ::1 /eshop/index.php/Home/Index/index.html
ERR: Cron:cron Runat 2017-05-14 09:10:35 Use 0.000614 s

[ 2017-05-14T09:11:40+08:00 ] ::1 /eshop/index.php/Home/Index/index.html
ERR: Cron:cron Runat 2017-05-14 09:11:40 Use 0.000610 s

[ 2017-05-14T09:14:25+08:00 ] ::1 /eshop/index.php/Home/Index/index.html
ERR: Cron:cron Runat 2017-05-14 09:14:25 Use 0.000558 s

[ 2017-05-14T09:23:59+08:00 ] ::1 /eshop/index.php/Home/Index/index.html
ERR: Cron:cron Runat 2017-05-14 09:23:59 Use 0.000474 s

[ 2017-05-14T09:25:12+08:00 ] ::1 /eshop/index.php/Home/Index/index.html
ERR: Cron:cron Runat 2017-05-14 09:25:12 Use 0.000490 s

[ 2017-05-14T09:25:19+08:00 ] ::1 /eshop/index.php/Home/Index/index.html
ERR: Cron:cron Runat 2017-05-14 09:25:19 Use 0.000316 s

[ 2017-05-14T09:26:21+08:00 ] ::1 /eshop/index.php/Home/Index/index.html
ERR: Cron:cron Runat 2017-05-14 09:26:21 Use 0.000389 s

[ 2017-05-14T09:28:46+08:00 ] ::1 /eshop/index.php/Home/Index/index.html
ERR: Cron:cron Runat 2017-05-14 09:28:46 Use 0.000340 s

[ 2017-05-14T09:29:02+08:00 ] ::1 /eshop/index.php/Home/Index/index.html
ERR: Cron:cron Runat 2017-05-14 09:29:02 Use 0.000285 s

[ 2017-05-14T09:31:13+08:00 ] ::1 /eshop/index.php/Home/Index/index.html
ERR: Cron:cron Runat 2017-05-14 09:31:13 Use 0.000360 s

[ 2017-05-14T09:32:42+08:00 ] ::1 /eshop/index.php/Home/Index/index.html
ERR: Cron:cron Runat 2017-05-14 09:32:42 Use 0.000400 s

[ 2017-05-14T09:34:21+08:00 ] ::1 /eshop/index.php/Home/Index/index.html
ERR: Cron:cron Runat 2017-05-14 09:34:21 Use 0.000629 s

[ 2017-05-14T09:36:09+08:00 ] ::1 /eshop/index.php/Home/Index/index.html
ERR: Cron:cron Runat 2017-05-14 09:36:09 Use 0.000393 s

[ 2017-05-14T09:37:45+08:00 ] ::1 /eshop/index.php/Home/Index/index.html
ERR: Cron:cron Runat 2017-05-14 09:37:45 Use 0.000361 s

[ 2017-05-14T09:38:25+08:00 ] ::1 /eshop/index.php/Home/Index/index.html
ERR: Cron:cron Runat 2017-05-14 09:38:25 Use 0.000330 s

[ 2017-05-14T09:38:43+08:00 ] ::1 /eshop/index.php/Home/Index/index.html
ERR: Cron:cron Runat 2017-05-14 09:38:43 Use 0.000403 s

[ 2017-05-14T09:39:49+08:00 ] ::1 /eshop/index.php/Home/Index/index.html
ERR: Cron:cron Runat 2017-05-14 09:39:49 Use 0.000424 s

[ 2017-05-14T09:41:14+08:00 ] ::1 /eshop/index.php/Home/Index/index.html
ERR: Cron:cron Runat 2017-05-14 09:41:14 Use 0.000399 s

[ 2017-05-14T09:42:26+08:00 ] ::1 /eshop/index.php/Home/Index/index.html
ERR: Cron:cron Runat 2017-05-14 09:42:26 Use 0.000514 s

[ 2017-05-14T09:44:15+08:00 ] ::1 /eshop/index.php/Home/Index/index.html
ERR: Cron:cron Runat 2017-05-14 09:44:15 Use 0.000465 s

[ 2017-05-14T09:51:11+08:00 ] ::1 /eshop/index.php/Home/Index/index.html
ERR: Cron:cron Runat 2017-05-14 09:51:11 Use 0.000443 s

[ 2017-05-14T09:52:11+08:00 ] ::1 /eshop/index.php/Home/Index/index.html
ERR: Cron:cron Runat 2017-05-14 09:52:11 Use 0.000388 s

[ 2017-05-14T09:52:26+08:00 ] ::1 /eshop/index.php/Home/Index/index.html
ERR: Cron:cron Runat 2017-05-14 09:52:26 Use 0.000414 s

[ 2017-05-14T09:52:56+08:00 ] ::1 /eshop/index.php/Home/Index/index.html
ERR: Cron:cron Runat 2017-05-14 09:52:56 Use 0.000407 s

[ 2017-05-14T09:53:14+08:00 ] ::1 /eshop/index.php/Home/Index/index.html
ERR: Cron:cron Runat 2017-05-14 09:53:14 Use 0.000311 s

[ 2017-05-14T09:55:51+08:00 ] ::1 /eshop/index.php/Home/Index/index.html
ERR: Cron:cron Runat 2017-05-14 09:55:51 Use 0.000361 s

[ 2017-05-14T09:55:58+08:00 ] ::1 /eshop/index.php/Home/Index/index.html
ERR: Cron:cron Runat 2017-05-14 09:55:58 Use 0.000781 s

[ 2017-05-14T09:56:04+08:00 ] ::1 /eshop/index.php/Home/Index/index.html
ERR: Cron:cron Runat 2017-05-14 09:56:04 Use 0.000288 s

[ 2017-05-14T09:58:38+08:00 ] ::1 /eshop/index.php/Home/Index/index.html
ERR: Cron:cron Runat 2017-05-14 09:58:38 Use 0.000411 s

[ 2017-05-14T09:59:08+08:00 ] ::1 /eshop/index.php/Home/Index/index.html
ERR: Cron:cron Runat 2017-05-14 09:59:08 Use 0.000378 s

[ 2017-05-14T09:59:41+08:00 ] ::1 /eshop/index.php/Home/Index/index.html
ERR: Cron:cron Runat 2017-05-14 09:59:41 Use 0.000397 s

[ 2017-05-14T10:00:01+08:00 ] ::1 /eshop/index.php/Home/Index/index.html
ERR: Cron:cron Runat 2017-05-14 10:00:01 Use 0.000418 s

[ 2017-05-14T10:00:30+08:00 ] ::1 /eshop/index.php/Home/Index/index.html
ERR: Cron:cron Runat 2017-05-14 10:00:30 Use 0.000383 s

[ 2017-05-14T10:02:19+08:00 ] ::1 /eshop/index.php/Home/Index/index.html
ERR: Cron:cron Runat 2017-05-14 10:02:19 Use 0.000375 s

[ 2017-05-14T10:03:05+08:00 ] ::1 /eshop/index.php/Home/Index/index.html
ERR: Cron:cron Runat 2017-05-14 10:03:05 Use 0.000395 s

[ 2017-05-14T10:04:15+08:00 ] ::1 /eshop/index.php/Home/Index/index.html
ERR: Cron:cron Runat 2017-05-14 10:04:15 Use 0.000614 s

[ 2017-05-14T10:06:17+08:00 ] ::1 /eshop/index.php/Home/Index/index.html
ERR: Cron:cron Runat 2017-05-14 10:06:17 Use 0.000386 s

[ 2017-05-14T10:15:51+08:00 ] ::1 /eshop/index.php/Home/Index/index.html
ERR: Cron:cron Runat 2017-05-14 10:15:51 Use 0.000485 s

[ 2017-05-14T10:16:00+08:00 ] ::1 /eshop/index.php/Home/Index/index.html
ERR: Cron:cron Runat 2017-05-14 10:16:00 Use 0.000867 s

[ 2017-05-14T10:16:05+08:00 ] ::1 /eshop/index.php/Home/Index/index.html
ERR: Cron:cron Runat 2017-05-14 10:16:05 Use 0.000426 s

[ 2017-05-14T10:18:50+08:00 ] ::1 /eshop/index.php/Home/Index/index.html
ERR: Cron:cron Runat 2017-05-14 10:18:50 Use 0.000502 s

[ 2017-05-14T10:18:54+08:00 ] ::1 /eshop/index.php/Home/UserCenter/index.html
ERR: Cron:cron Runat 2017-05-14 10:18:54 Use 0.000446 s

[ 2017-05-14T10:18:58+08:00 ] ::1 /eshop/index.php/Home/Index/index.html
ERR: Cron:cron Runat 2017-05-14 10:18:58 Use 0.000359 s

[ 2017-05-14T10:19:01+08:00 ] ::1 /eshop/index.php/Home/Index/index.html
ERR: Cron:cron Runat 2017-05-14 10:19:01 Use 0.000452 s

[ 2017-05-14T10:19:03+08:00 ] ::1 /eshop/index.php/Home/Index/index.html
ERR: Cron:cron Runat 2017-05-14 10:19:03 Use 0.000888 s

[ 2017-05-14T10:19:07+08:00 ] ::1 /eshop/index.php/Home/Shop/index/shopId/3.html
ERR: Cron:cron Runat 2017-05-14 10:19:07 Use 0.000406 s

[ 2017-05-14T10:19:26+08:00 ] ::1 /eshop/index.php/Home/Index/index.html
ERR: Cron:cron Runat 2017-05-14 10:19:26 Use 0.000482 s

[ 2017-05-14T10:20:44+08:00 ] ::1 /eshop/index.php/Home/Index/index.html
ERR: Cron:cron Runat 2017-05-14 10:20:44 Use 0.000381 s

[ 2017-05-14T10:22:12+08:00 ] ::1 /eshop/index.php/Home/Index/index.html
ERR: Cron:cron Runat 2017-05-14 10:22:12 Use 0.000358 s

[ 2017-05-14T10:22:47+08:00 ] ::1 /eshop/index.php/Home/Index/index.html
ERR: Cron:cron Runat 2017-05-14 10:22:47 Use 0.000333 s

[ 2017-05-14T10:23:47+08:00 ] ::1 /eshop/index.php/Home/Index/index.html
ERR: Cron:cron Runat 2017-05-14 10:23:47 Use 0.000317 s

[ 2017-05-14T10:24:00+08:00 ] ::1 /eshop/index.php/Home/Index/index.html
ERR: Cron:cron Runat 2017-05-14 10:24:00 Use 0.000517 s

[ 2017-05-14T10:24:56+08:00 ] ::1 /eshop/index.php/Home/Index/index.html
ERR: Cron:cron Runat 2017-05-14 10:24:56 Use 0.000375 s

[ 2017-05-14T10:25:10+08:00 ] ::1 /eshop/index.php/Home/Index/index.html
ERR: Cron:cron Runat 2017-05-14 10:25:10 Use 0.000459 s

[ 2017-05-14T10:25:57+08:00 ] ::1 /eshop/index.php/Home/Index/index.html
ERR: Cron:cron Runat 2017-05-14 10:25:57 Use 0.000365 s

[ 2017-05-14T10:28:32+08:00 ] ::1 /eshop/index.php/Home/Index/index.html
ERR: Cron:cron Runat 2017-05-14 10:28:32 Use 0.000456 s

[ 2017-05-14T10:29:59+08:00 ] ::1 /eshop/index.php/Home/Index/index.html
ERR: Cron:cron Runat 2017-05-14 10:29:59 Use 0.000387 s

[ 2017-05-14T10:32:24+08:00 ] ::1 /eshop/index.php/Home/Index/index.html
ERR: Cron:cron Runat 2017-05-14 10:32:24 Use 0.000371 s

[ 2017-05-14T10:33:27+08:00 ] ::1 /eshop/index.php/Home/Index/index.html
ERR: Cron:cron Runat 2017-05-14 10:33:27 Use 0.000418 s

[ 2017-05-14T10:34:58+08:00 ] ::1 /eshop/index.php/Home/Index/index.html
ERR: Cron:cron Runat 2017-05-14 10:34:58 Use 0.000465 s

[ 2017-05-14T10:35:31+08:00 ] ::1 /eshop/index.php/Home/Index/index.html
ERR: Cron:cron Runat 2017-05-14 10:35:31 Use 0.000374 s

[ 2017-05-14T10:35:55+08:00 ] ::1 /eshop/index.php/Home/Index/index.html
ERR: Cron:cron Runat 2017-05-14 10:35:55 Use 0.000922 s

[ 2017-05-14T10:37:58+08:00 ] ::1 /eshop/index.php/Home/Index/index.html
ERR: Cron:cron Runat 2017-05-14 10:37:58 Use 0.000363 s

[ 2017-05-14T10:38:00+08:00 ] ::1 /eshop/index.php/Home/Index/moreGoods.html
ERR: Cron:cron Runat 2017-05-14 10:38:00 Use 0.000520 s

[ 2017-05-14T10:38:27+08:00 ] ::1 /eshop/index.php/Home/Index/moreGoods.html
ERR: Cron:cron Runat 2017-05-14 10:38:27 Use 0.000552 s

[ 2017-05-14T10:40:19+08:00 ] ::1 /eshop/index.php/Home/Index/index.html
ERR: Cron:cron Runat 2017-05-14 10:40:19 Use 0.000330 s

[ 2017-05-14T10:40:29+08:00 ] ::1 /eshop/index.php/Home/Index/index.html
ERR: Cron:cron Runat 2017-05-14 10:40:29 Use 0.000409 s

[ 2017-05-14T10:41:01+08:00 ] ::1 /eshop/index.php/Home/Index/index.html
ERR: Cron:cron Runat 2017-05-14 10:41:01 Use 0.000449 s

[ 2017-05-14T10:41:07+08:00 ] ::1 /eshop/index.php/Home/Index/index.html
ERR: Cron:cron Runat 2017-05-14 10:41:07 Use 0.000342 s

[ 2017-05-14T10:41:14+08:00 ] ::1 /eshop/index.php/Home/Index/index.html
ERR: Cron:cron Runat 2017-05-14 10:41:14 Use 0.000591 s

[ 2017-05-14T10:41:18+08:00 ] ::1 /eshop/index.php/Home/Shop/index/shopId/3.html
ERR: Cron:cron Runat 2017-05-14 10:41:18 Use 0.000391 s

[ 2017-05-14T10:41:22+08:00 ] ::1 /eshop/index.php/Home/Index/index.html
ERR: Cron:cron Runat 2017-05-14 10:41:22 Use 0.000426 s

[ 2017-05-14T10:41:25+08:00 ] ::1 /eshop/index.php/Home/UserCenter/index.html
ERR: Cron:cron Runat 2017-05-14 10:41:25 Use 0.000371 s

[ 2017-05-14T10:41:28+08:00 ] ::1 /eshop/index.php/Home/Shop/index/shopId/3.html
ERR: Cron:cron Runat 2017-05-14 10:41:28 Use 0.000389 s

[ 2017-05-14T10:41:30+08:00 ] ::1 /eshop/index.php/Home/Index/index.html
ERR: Cron:cron Runat 2017-05-14 10:41:30 Use 0.002278 s

[ 2017-05-14T10:41:32+08:00 ] ::1 /eshop/index.php/Home/Index/index.html
ERR: Cron:cron Runat 2017-05-14 10:41:32 Use 0.000416 s

[ 2017-05-14T10:41:35+08:00 ] ::1 /eshop/index.php/Index/moreGoods.html
ERR: Cron:cron Runat 2017-05-14 10:41:35 Use 0.000445 s

[ 2017-05-14T10:41:44+08:00 ] ::1 /eshop/index.php/Home/Index/index.html
ERR: Cron:cron Runat 2017-05-14 10:41:44 Use 0.000366 s

[ 2017-05-14T10:42:15+08:00 ] ::1 /eshop/index.php/Home/Index/index.html
ERR: Cron:cron Runat 2017-05-14 10:42:15 Use 0.000468 s

[ 2017-05-14T10:42:44+08:00 ] ::1 /eshop/index.php/Home/Index/index.html
ERR: Cron:cron Runat 2017-05-14 10:42:44 Use 0.000353 s

[ 2017-05-14T10:44:07+08:00 ] ::1 /eshop/index.php/Home/Index/index.html
ERR: Cron:cron Runat 2017-05-14 10:44:07 Use 0.000382 s

[ 2017-05-14T10:44:31+08:00 ] ::1 /eshop/index.php/Home/Index/index.html
ERR: Cron:cron Runat 2017-05-14 10:44:31 Use 0.000397 s

[ 2017-05-14T10:44:56+08:00 ] ::1 /eshop/index.php/Home/Index/index.html
ERR: Cron:cron Runat 2017-05-14 10:44:56 Use 0.000346 s

[ 2017-05-14T10:45:00+08:00 ] ::1 /eshop/index.php/Index/moreGoods.html
ERR: Cron:cron Runat 2017-05-14 10:45:00 Use 0.000324 s

[ 2017-05-14T10:45:45+08:00 ] ::1 /eshop/index.php/Home/Index/index.html
ERR: Cron:cron Runat 2017-05-14 10:45:45 Use 0.000363 s

[ 2017-05-14T10:45:47+08:00 ] ::1 /eshop/index.php/Home/Index/index.html
ERR: Cron:cron Runat 2017-05-14 10:45:47 Use 0.000977 s

[ 2017-05-14T10:45:53+08:00 ] ::1 /eshop/index.php/Home/Index/index.html
ERR: Cron:cron Runat 2017-05-14 10:45:53 Use 0.000324 s

[ 2017-05-14T10:45:55+08:00 ] ::1 /eshop/index.php/Home/Index/index.html
ERR: Cron:cron Runat 2017-05-14 10:45:55 Use 0.000329 s

[ 2017-05-14T10:45:58+08:00 ] ::1 /eshop/index.php/Home/UserCenter/index.html
ERR: Cron:cron Runat 2017-05-14 10:45:58 Use 0.000317 s

[ 2017-05-14T10:46:00+08:00 ] ::1 /eshop/index.php/Home/Index/index.html
ERR: Cron:cron Runat 2017-05-14 10:46:00 Use 0.000335 s

[ 2017-05-14T10:46:02+08:00 ] ::1 /eshop/index.php/Home/Index/index.html
ERR: Cron:cron Runat 2017-05-14 10:46:02 Use 0.000551 s

[ 2017-05-14T10:47:37+08:00 ] ::1 /eshop/index.php/Home/Index/index.html
ERR: Cron:cron Runat 2017-05-14 10:47:37 Use 0.000337 s

[ 2017-05-14T10:48:46+08:00 ] ::1 /eshop/index.php/Home/Index/index.html
ERR: Cron:cron Runat 2017-05-14 10:48:46 Use 0.000495 s

[ 2017-05-14T10:49:40+08:00 ] ::1 /eshop/index.php/Home/Index/index.html
ERR: Cron:cron Runat 2017-05-14 10:49:40 Use 0.000345 s

[ 2017-05-14T10:49:46+08:00 ] ::1 /eshop/index.php/Index/moreGoods/fmenu/3/smenu/5/tmenu/7.html
ERR: Cron:cron Runat 2017-05-14 10:49:46 Use 0.000321 s

[ 2017-05-14T10:51:54+08:00 ] ::1 /eshop/index.php/Home/Index/index.html
ERR: Cron:cron Runat 2017-05-14 10:51:54 Use 0.000306 s

[ 2017-05-14T10:52:02+08:00 ] ::1 /eshop/index.php/Index/moreGoods/fmenu/1/smenu/1/tmenu/2.html
ERR: Cron:cron Runat 2017-05-14 10:52:02 Use 0.000326 s

[ 2017-05-14T10:52:26+08:00 ] ::1 /eshop/index.php/Index/moreGoods/fmenu/1/smenu/1/tmenu/2.html
ERR: Cron:cron Runat 2017-05-14 10:52:26 Use 0.001010 s

[ 2017-05-14T10:52:36+08:00 ] ::1 /eshop/index.php/Home/Index/index.html
ERR: Cron:cron Runat 2017-05-14 10:52:36 Use 0.000419 s

[ 2017-05-14T10:52:38+08:00 ] ::1 /eshop/index.php/Index/moreGoods/fmenu/1/smenu/1/tmenu/2.html
ERR: Cron:cron Runat 2017-05-14 10:52:38 Use 0.000380 s

[ 2017-05-14T10:52:41+08:00 ] ::1 /eshop/index.php/Home/Index/index.html
ERR: Cron:cron Runat 2017-05-14 10:52:41 Use 0.000428 s

[ 2017-05-14T10:52:43+08:00 ] ::1 /eshop/index.php/Home/Index/index.html
ERR: Cron:cron Runat 2017-05-14 10:52:43 Use 0.000440 s

[ 2017-05-14T10:52:45+08:00 ] ::1 /eshop/index.php/Home/UserCenter/index.html
ERR: Cron:cron Runat 2017-05-14 10:52:45 Use 0.000311 s

[ 2017-05-14T10:52:47+08:00 ] ::1 /eshop/index.php/Home/Index/index.html
ERR: Cron:cron Runat 2017-05-14 10:52:47 Use 0.000386 s

[ 2017-05-14T10:52:50+08:00 ] ::1 /eshop/index.php/Home/Index/index.html
ERR: Cron:cron Runat 2017-05-14 10:52:50 Use 0.000445 s

[ 2017-05-14T10:52:53+08:00 ] ::1 /eshop/index.php/Index/moreGoods/fmenu/1/smenu/1/tmenu/2.html
ERR: Cron:cron Runat 2017-05-14 10:52:53 Use 0.000477 s

[ 2017-05-14T10:52:55+08:00 ] ::1 /eshop/index.php/Index/moreGoods/fmenu/1/smenu/1/tmenu/2.html
ERR: Cron:cron Runat 2017-05-14 10:52:55 Use 0.000407 s

[ 2017-05-14T10:52:57+08:00 ] ::1 /eshop/index.php/Index/moreGoods/fmenu/1/smenu/1/tmenu/2.html
ERR: Cron:cron Runat 2017-05-14 10:52:57 Use 0.000408 s

[ 2017-05-14T10:53:39+08:00 ] ::1 /eshop/index.php/Home/Index/index.html
ERR: Cron:cron Runat 2017-05-14 10:53:39 Use 0.000321 s

[ 2017-05-14T10:53:44+08:00 ] ::1 /eshop/index.php/Index/moreGoods/fmenu/4/smenu/8.html
ERR: Cron:cron Runat 2017-05-14 10:53:44 Use 0.000804 s

[ 2017-05-14T10:54:35+08:00 ] ::1 /eshop/index.php/Home/Index/index.html
ERR: Cron:cron Runat 2017-05-14 10:54:35 Use 0.000409 s

[ 2017-05-14T10:55:20+08:00 ] ::1 /eshop/index.php/Home/Index/index.html
ERR: Cron:cron Runat 2017-05-14 10:55:20 Use 0.000868 s

[ 2017-05-14T10:55:47+08:00 ] ::1 /eshop/index.php/Home/Index/index.html
ERR: Cron:cron Runat 2017-05-14 10:55:47 Use 0.000361 s

[ 2017-05-14T10:56:30+08:00 ] ::1 /eshop/index.php/Home/Index/index.html
ERR: Cron:cron Runat 2017-05-14 10:56:30 Use 0.000414 s

[ 2017-05-14T10:56:46+08:00 ] ::1 /eshop/index.php/Home/Index/index.html
ERR: Cron:cron Runat 2017-05-14 10:56:46 Use 0.000430 s

[ 2017-05-14T10:58:04+08:00 ] ::1 /eshop/index.php/Home/Index/index.html
ERR: Cron:cron Runat 2017-05-14 10:58:04 Use 0.000424 s

[ 2017-05-14T10:59:12+08:00 ] ::1 /eshop/index.php/Home/Index/index.html
ERR: Cron:cron Runat 2017-05-14 10:59:12 Use 0.000476 s

[ 2017-05-14T10:59:46+08:00 ] ::1 /eshop/index.php/Home/Index/index.html
ERR: Cron:cron Runat 2017-05-14 10:59:46 Use 0.000407 s

[ 2017-05-14T11:07:53+08:00 ] ::1 /eshop/index.php/Home/Shop/index/shopId/3.html
ERR: Cron:cron Runat 2017-05-14 11:07:53 Use 0.000393 s

[ 2017-05-14T11:08:34+08:00 ] ::1 /eshop/index.php/Home/Shop/index/shopId/3.html
ERR: Cron:cron Runat 2017-05-14 11:08:34 Use 0.000376 s

[ 2017-05-14T11:08:38+08:00 ] ::1 /eshop/index.php/Home/Shop/index/shopId/3.html
ERR: Cron:cron Runat 2017-05-14 11:08:38 Use 0.000410 s

[ 2017-05-14T11:08:40+08:00 ] ::1 /eshop/index.php/Home/Index/index.html
ERR: Cron:cron Runat 2017-05-14 11:08:40 Use 0.000386 s

[ 2017-05-14T11:08:44+08:00 ] ::1 /eshop/index.php/Home/UserCenter/index.html
ERR: Cron:cron Runat 2017-05-14 11:08:44 Use 0.000397 s

[ 2017-05-14T11:08:46+08:00 ] ::1 /eshop/index.php/Home/Index/index.html
ERR: Cron:cron Runat 2017-05-14 11:08:46 Use 0.000387 s

[ 2017-05-14T11:08:48+08:00 ] ::1 /eshop/index.php/Home/Shop/index/shopId/3.html
ERR: Cron:cron Runat 2017-05-14 11:08:48 Use 0.000370 s

[ 2017-05-14T11:10:21+08:00 ] ::1 /eshop/index.php/Home/Index/index.html
ERR: Cron:cron Runat 2017-05-14 11:10:21 Use 0.000455 s

[ 2017-05-14T11:12:35+08:00 ] ::1 /eshop/index.php/Home/Index/index.html
ERR: Cron:cron Runat 2017-05-14 11:12:35 Use 0.000910 s

[ 2017-05-14T11:12:45+08:00 ] ::1 /eshop/index.php/Home/Index/index.html
ERR: Cron:cron Runat 2017-05-14 11:12:45 Use 0.000352 s

[ 2017-05-14T11:13:03+08:00 ] ::1 /eshop/index.php/Home/Index/index.html
ERR: Cron:cron Runat 2017-05-14 11:13:03 Use 0.000419 s

[ 2017-05-14T11:14:16+08:00 ] ::1 /eshop/index.php/Home/Index/index.html
ERR: Cron:cron Runat 2017-05-14 11:14:16 Use 0.000421 s

[ 2017-05-14T11:15:26+08:00 ] ::1 /eshop/index.php/Home/Index/index.html
ERR: Cron:cron Runat 2017-05-14 11:15:26 Use 0.000357 s

[ 2017-05-14T11:16:34+08:00 ] ::1 /eshop/index.php/Home/Index/index.html
ERR: Cron:cron Runat 2017-05-14 11:16:34 Use 0.000396 s

[ 2017-05-14T11:16:40+08:00 ] ::1 /eshop/index.php/Index/moreGoods/fmenu/1.html
ERR: Cron:cron Runat 2017-05-14 11:16:40 Use 0.000331 s

[ 2017-05-14T11:16:53+08:00 ] ::1 /eshop/index.php/Home/Index/index.html
ERR: Cron:cron Runat 2017-05-14 11:16:53 Use 0.000418 s

[ 2017-05-14T11:17:46+08:00 ] ::1 /eshop/index.php/Home/Index/index.html
ERR: Cron:cron Runat 2017-05-14 11:17:46 Use 0.001016 s

[ 2017-05-14T11:18:27+08:00 ] ::1 /eshop/index.php/Home/Index/index.html
ERR: Cron:cron Runat 2017-05-14 11:18:27 Use 0.000587 s

[ 2017-05-14T11:25:07+08:00 ] ::1 /eshop/index.php/Home/Index/index.html
ERR: Cron:cron Runat 2017-05-14 11:25:07 Use 0.000375 s

[ 2017-05-14T11:25:31+08:00 ] ::1 /eshop/index.php/Home/Index/index.html
ERR: Cron:cron Runat 2017-05-14 11:25:31 Use 0.000430 s

[ 2017-05-14T11:26:30+08:00 ] ::1 /eshop/index.php/Home/Index/index.html
ERR: Cron:cron Runat 2017-05-14 11:26:30 Use 0.000301 s

[ 2017-05-14T11:26:54+08:00 ] ::1 /eshop/index.php/Home/Index/goodsInfo/id/13.html
ERR: Cron:cron Runat 2017-05-14 11:26:54 Use 0.000389 s

[ 2017-05-14T11:32:29+08:00 ] ::1 /eshop/index.php/Home/Index/index.html
ERR: Cron:cron Runat 2017-05-14 11:32:29 Use 0.000401 s

[ 2017-05-14T11:32:29+08:00 ] ::1 /eshop/index.php/Home/Index/index.html
ERR: 1146:Table 'eshop.eshp_shop' doesn't exist
 [ SQL语句 ] : SELECT * FROM eshop_goodnav n INNER JOIN eshop_good as g on n.goodId = g.id INNER JOIN eshp_shop as s on s.id = n.shopId  WHERE `status` = 1 AND `is_exam` = 1 AND `is_legal` = 1 AND `is_forbid` = 0 AND `stock` > 1 ORDER BY `modify_recenet` desc 

[ 2017-05-14T11:32:53+08:00 ] ::1 /eshop/index.php/Home/Index/index.html
ERR: Cron:cron Runat 2017-05-14 11:32:53 Use 0.000535 s

[ 2017-05-14T11:32:53+08:00 ] ::1 /eshop/index.php/Home/Index/index.html
ERR: 1052:Column 'is_exam' in where clause is ambiguous
 [ SQL语句 ] : SELECT * FROM eshop_goodnav n INNER JOIN eshop_good as g on n.goodId = g.id INNER JOIN eshop_shop as s on s.id = n.shopId  WHERE `status` = 1 AND `is_exam` = 1 AND `is_legal` = 1 AND `is_forbid` = 0 AND `stock` > 1 ORDER BY `modify_recenet` desc 

[ 2017-05-14T11:35:17+08:00 ] ::1 /eshop/index.php/Home/Index/index.html
ERR: Cron:cron Runat 2017-05-14 11:35:17 Use 0.000381 s

[ 2017-05-14T11:35:17+08:00 ] ::1 /eshop/index.php/Home/Index/index.html
ERR: 1052:Column 'is_forbid' in where clause is ambiguous
 [ SQL语句 ] : SELECT * FROM eshop_goodnav n INNER JOIN eshop_good as g on n.goodId = g.id INNER JOIN eshop_shop as s on s.id = n.shopId  WHERE `status` = 1 AND g.is_exam = 1 AND `is_legal` = 1 AND `is_forbid` = 0 AND `stock` > 1 ORDER BY `modify_recenet` desc 

[ 2017-05-14T11:35:26+08:00 ] ::1 /eshop/index.php/Home/Index/index.html
ERR: Cron:cron Runat 2017-05-14 11:35:26 Use 0.000353 s

[ 2017-05-14T11:41:41+08:00 ] ::1 /eshop/index.php/Home/Index/index.html
ERR: Cron:cron Runat 2017-05-14 11:41:41 Use 0.000445 s

[ 2017-05-14T11:42:12+08:00 ] ::1 /eshop/index.php/Home/Index/index.html
ERR: Cron:cron Runat 2017-05-14 11:42:12 Use 0.000684 s

[ 2017-05-14T11:42:29+08:00 ] ::1 /eshop/index.php/Home/Index/index.html
ERR: Cron:cron Runat 2017-05-14 11:42:29 Use 0.000315 s

[ 2017-05-14T11:42:43+08:00 ] ::1 /eshop/index.php/Home/Index/index.html
ERR: Cron:cron Runat 2017-05-14 11:42:43 Use 0.000397 s

[ 2017-05-14T11:43:20+08:00 ] ::1 /eshop/index.php/Home/Index/index.html
ERR: Cron:cron Runat 2017-05-14 11:43:20 Use 0.000423 s

[ 2017-05-14T11:43:34+08:00 ] ::1 /eshop/index.php/Home/Index/index.html
ERR: Cron:cron Runat 2017-05-14 11:43:34 Use 0.000414 s

[ 2017-05-14T11:43:38+08:00 ] ::1 /eshop/index.php/Home/UserCenter/index.html
ERR: Cron:cron Runat 2017-05-14 11:43:38 Use 0.000364 s

[ 2017-05-14T11:44:15+08:00 ] ::1 /eshop/index.php/Home/Index/index.html
ERR: Cron:cron Runat 2017-05-14 11:44:15 Use 0.000379 s

[ 2017-05-14T11:44:33+08:00 ] ::1 /eshop/index.php/Home/Index/index.html
ERR: Cron:cron Runat 2017-05-14 11:44:33 Use 0.000348 s

[ 2017-05-14T11:45:16+08:00 ] ::1 /eshop/index.php/Home/Index/index.html
ERR: Cron:cron Runat 2017-05-14 11:45:16 Use 0.000389 s

[ 2017-05-14T11:46:04+08:00 ] ::1 /eshop/index.php/Home/Index/index.html
ERR: Cron:cron Runat 2017-05-14 11:46:04 Use 0.000360 s

[ 2017-05-14T11:46:16+08:00 ] ::1 /eshop/index.php/Home/Shop/index/shopId/3.html
ERR: Cron:cron Runat 2017-05-14 11:46:16 Use 0.000489 s

[ 2017-05-14T11:46:24+08:00 ] ::1 /eshop/index.php/Home/Shop/index/shopId/2.html
ERR: Cron:cron Runat 2017-05-14 11:46:24 Use 0.000368 s

[ 2017-05-14T11:46:46+08:00 ] ::1 /eshop/index.php/Home/ShoppingCart/add.html
ERR: Cron:cron Runat 2017-05-14 11:46:46 Use 0.000276 s

[ 2017-05-14T11:46:46+08:00 ] ::1 /eshop/index.php/Home/ShoppingCart/add.html
INFO: [ app_begin ] --START--
INFO: Run Behavior\ReadHtmlCacheBehavior [ RunTime:0.000868s ]
INFO: Run Behavior\CronRunBehavior [ RunTime:0.004568s ]
INFO: [ app_begin ] --END-- [ RunTime:0.006078s ]
NOTIC: [2048] Declaration of Home\Controller\ShoppingCartController::success() should be compatible with Think\Controller::success($message = '', $jumpUrl = '', $ajax = false) D:\wampserver\wamp\www\eshop\App\Home\Controller\ShoppingCartController.class.php 第 7 行.
NOTIC: [8] Undefined index: good_cart D:\wampserver\wamp\www\eshop\App\Home\Common\function.php 第 279 行.
NOTIC: [8] Undefined index: good_cart D:\wampserver\wamp\www\eshop\App\Home\Common\function.php 第 279 行.
SQL: SHOW COLUMNS FROM `eshop_messages` [ RunTime:0.0086s ]
SQL: SELECT COUNT(*) AS tp_count FROM `eshop_messages` WHERE `status` = 0 AND `receiveId` = null LIMIT 1   [ RunTime:0.0005s ]
SQL: SHOW COLUMNS FROM `eshop_good` [ RunTime:0.0066s ]
SQL: SELECT `id`,`name`,`shopPrice`,`good_log`,`stock` FROM `eshop_good` WHERE `id` = 15 LIMIT 1   [ RunTime:0.0004s ]
NOTIC: [8] Undefined index: good_cart D:\wampserver\wamp\www\eshop\App\Home\Common\function.php 第 279 行.

[ 2017-05-14T11:46:50+08:00 ] ::1 /eshop/index.php/Home/Index/index.html
ERR: Cron:cron Runat 2017-05-14 11:46:50 Use 0.000421 s

[ 2017-05-14T11:46:59+08:00 ] ::1 /eshop/index.php/Index/moreGoods/fmenu/4/smenu/8.html
ERR: Cron:cron Runat 2017-05-14 11:46:59 Use 0.000301 s

[ 2017-05-14T11:47:03+08:00 ] ::1 /eshop/index.php/Home/Index/index.html
ERR: Cron:cron Runat 2017-05-14 11:47:03 Use 0.000476 s

[ 2017-05-14T11:47:05+08:00 ] ::1 /eshop/index.php/Home/Index/index.html
ERR: Cron:cron Runat 2017-05-14 11:47:05 Use 0.000455 s

[ 2017-05-14T11:47:08+08:00 ] ::1 /eshop/index.php/Home/UserMsgManage/messages.html
ERR: Cron:cron Runat 2017-05-14 11:47:08 Use 0.000576 s

[ 2017-05-14T11:47:13+08:00 ] ::1 /eshop/index.php/Home/Index/index.html
ERR: Cron:cron Runat 2017-05-14 11:47:13 Use 0.000444 s

[ 2017-05-14T11:47:18+08:00 ] ::1 /eshop/index.php/Home/Index/index.html
ERR: Cron:cron Runat 2017-05-14 11:47:18 Use 0.000409 s

[ 2017-05-14T11:47:34+08:00 ] ::1 /eshop/index.php/Home/Index/index.html
ERR: Cron:cron Runat 2017-05-14 11:47:34 Use 0.000394 s

[ 2017-05-14T11:47:37+08:00 ] ::1 /eshop/index.php/Home/UserCenter/index.html
ERR: Cron:cron Runat 2017-05-14 11:47:37 Use 0.000414 s

[ 2017-05-14T11:47:39+08:00 ] ::1 /eshop/index.php/Home/UserCenter/index.html
ERR: Cron:cron Runat 2017-05-14 11:47:39 Use 0.000397 s

[ 2017-05-14T11:47:41+08:00 ] ::1 /eshop/index.php/Home/Index/index.html
ERR: Cron:cron Runat 2017-05-14 11:47:41 Use 0.000336 s

[ 2017-05-14T11:47:53+08:00 ] ::1 /eshop/index.php/Home/ShoppingCart/add.html
ERR: Cron:cron Runat 2017-05-14 11:47:53 Use 0.000386 s

[ 2017-05-14T11:47:53+08:00 ] ::1 /eshop/index.php/Home/ShoppingCart/add.html
INFO: [ app_begin ] --START--
INFO: Run Behavior\ReadHtmlCacheBehavior [ RunTime:0.000836s ]
INFO: Run Behavior\CronRunBehavior [ RunTime:0.004320s ]
INFO: [ app_begin ] --END-- [ RunTime:0.005871s ]
NOTIC: [2048] Declaration of Home\Controller\ShoppingCartController::success() should be compatible with Think\Controller::success($message = '', $jumpUrl = '', $ajax = false) D:\wampserver\wamp\www\eshop\App\Home\Controller\ShoppingCartController.class.php 第 7 行.
SQL: SHOW COLUMNS FROM `eshop_cart` [ RunTime:0.0050s ]
SQL: SELECT `goodId`,`goodNumber`,`mount`,`name`,`shopPrice`,`good_log` FROM eshop_cart c INNER JOIN eshop_good as g on c.goodId = g.id  WHERE `userId` = '20' ORDER BY c.time desc  [ RunTime:0.0005s ]
SQL: SHOW COLUMNS FROM `eshop_messages` [ RunTime:0.0052s ]
SQL: SELECT COUNT(*) AS tp_count FROM `eshop_messages` WHERE `status` = 0 AND `receiveId` = 20 LIMIT 1   [ RunTime:0.0003s ]
SQL: SHOW COLUMNS FROM `eshop_good` [ RunTime:0.0054s ]
SQL: SELECT `id`,`name`,`shopPrice`,`good_log`,`stock` FROM `eshop_good` WHERE `id` = 10 LIMIT 1   [ RunTime:0.0004s ]
SQL: SELECT `id`,`name`,`shopPrice`,`good_log`,`stock` FROM `eshop_good` WHERE `id` = 10 LIMIT 1   [ RunTime:0.0003s ]
SQL: SELECT * FROM `eshop_cart` WHERE `goodId` = 10 AND `userId` = 20 LIMIT 1   [ RunTime:0.0004s ]
SQL: INSERT INTO `eshop_cart` (`goodId`,`userId`,`mount`,`time`) VALUES ('10','20','1','1494733673') [ RunTime:0.1210s ]

[ 2017-05-14T11:47:57+08:00 ] ::1 /eshop/index.php/Home/UserCenter/index.html
ERR: Cron:cron Runat 2017-05-14 11:47:57 Use 0.000364 s

[ 2017-05-14T11:48:04+08:00 ] ::1 /eshop/index.php/ShoppingCart/index.html
ERR: Cron:cron Runat 2017-05-14 11:48:04 Use 0.000360 s

[ 2017-05-14T11:49:41+08:00 ] ::1 /eshop/index.php/Home/Index/index.html
ERR: Cron:cron Runat 2017-05-14 11:49:41 Use 0.000369 s

[ 2017-05-14T11:49:51+08:00 ] ::1 /eshop/index.php/Home/Index/index.html
ERR: Cron:cron Runat 2017-05-14 11:49:51 Use 0.000646 s

[ 2017-05-14T11:51:15+08:00 ] ::1 /eshop/index.php/Home/Index/index.html
ERR: Cron:cron Runat 2017-05-14 11:51:15 Use 0.000336 s

[ 2017-05-14T11:51:18+08:00 ] ::1 /eshop/index.php/Home/Index/index.html
ERR: Cron:cron Runat 2017-05-14 11:51:18 Use 0.000400 s

[ 2017-05-14T11:51:53+08:00 ] ::1 /eshop/index.php/Home/Index/index.html
ERR: Cron:cron Runat 2017-05-14 11:51:53 Use 0.000412 s

[ 2017-05-14T11:52:42+08:00 ] ::1 /eshop/index.php/Home/Index/index.html
ERR: Cron:cron Runat 2017-05-14 11:52:42 Use 0.000436 s

[ 2017-05-14T11:52:53+08:00 ] ::1 /eshop/index.php/Home/Index/index.html
ERR: Cron:cron Runat 2017-05-14 11:52:53 Use 0.000453 s

[ 2017-05-14T11:53:51+08:00 ] ::1 /eshop/index.php/Home/Index/index.html
ERR: Cron:cron Runat 2017-05-14 11:53:51 Use 0.000316 s

[ 2017-05-14T11:59:43+08:00 ] ::1 /eshop/index.php/Home/Index/index.html
ERR: Cron:cron Runat 2017-05-14 11:59:43 Use 0.000301 s

[ 2017-05-14T12:00:46+08:00 ] ::1 /eshop/index.php/Home/Index/index.html
ERR: Cron:cron Runat 2017-05-14 12:00:46 Use 0.000478 s

[ 2017-05-14T12:01:38+08:00 ] ::1 /eshop/index.php/Home/Index/index.html
ERR: Cron:cron Runat 2017-05-14 12:01:38 Use 0.000446 s

[ 2017-05-14T12:02:11+08:00 ] ::1 /eshop/index.php/Home/Index/index.html
ERR: Cron:cron Runat 2017-05-14 12:02:11 Use 0.000422 s

[ 2017-05-14T12:02:14+08:00 ] ::1 /eshop/index.php/Home/Index/index.html
ERR: Cron:cron Runat 2017-05-14 12:02:14 Use 0.000417 s

[ 2017-05-14T12:02:16+08:00 ] ::1 /eshop/index.php/Home/Index/index.html
ERR: Cron:cron Runat 2017-05-14 12:02:16 Use 0.000337 s

[ 2017-05-14T12:02:18+08:00 ] ::1 /eshop/index.php/Home/Index/index.html
ERR: Cron:cron Runat 2017-05-14 12:02:18 Use 0.000428 s

[ 2017-05-14T12:02:20+08:00 ] ::1 /eshop/index.php/Home/UserCenter/index.html
ERR: Cron:cron Runat 2017-05-14 12:02:20 Use 0.000411 s

[ 2017-05-14T12:02:22+08:00 ] ::1 /eshop/index.php/Home/Index/index.html
ERR: Cron:cron Runat 2017-05-14 12:02:22 Use 0.000438 s

[ 2017-05-14T12:02:24+08:00 ] ::1 /eshop/index.php/Home/Index/index.html
ERR: Cron:cron Runat 2017-05-14 12:02:24 Use 0.000408 s

[ 2017-05-14T12:03:14+08:00 ] ::1 /eshop/index.php/Home/Index/index.html
ERR: Cron:cron Runat 2017-05-14 12:03:14 Use 0.000403 s

[ 2017-05-14T12:03:39+08:00 ] ::1 /eshop/index.php/Home/Index/index.html
ERR: Cron:cron Runat 2017-05-14 12:03:39 Use 0.000413 s

[ 2017-05-14T12:03:44+08:00 ] ::1 /eshop/index.php/Home/Index/index.html
ERR: Cron:cron Runat 2017-05-14 12:03:44 Use 0.000456 s

[ 2017-05-14T12:03:46+08:00 ] ::1 /eshop/index.php/Home/Index/index.html
ERR: Cron:cron Runat 2017-05-14 12:03:46 Use 0.000358 s

[ 2017-05-14T12:03:49+08:00 ] ::1 /eshop/index.php/Home/Index/index.html
ERR: Cron:cron Runat 2017-05-14 12:03:49 Use 0.000444 s

[ 2017-05-14T12:03:58+08:00 ] ::1 /eshop/index.php/Home/Index/index.html
ERR: Cron:cron Runat 2017-05-14 12:03:58 Use 0.000488 s

[ 2017-05-14T12:04:43+08:00 ] ::1 /eshop/index.php/Home/Collection/collection.html
ERR: Cron:cron Runat 2017-05-14 12:04:43 Use 0.000417 s

[ 2017-05-14T12:04:43+08:00 ] ::1 /eshop/index.php/Home/Collection/collection.html
INFO: [ app_begin ] --START--
INFO: Run Behavior\ReadHtmlCacheBehavior [ RunTime:0.000827s ]
INFO: Run Behavior\CronRunBehavior [ RunTime:0.004456s ]
INFO: [ app_begin ] --END-- [ RunTime:0.005922s ]

[ 2017-05-14T12:04:46+08:00 ] ::1 /eshop/index.php/Home/User/login.html
ERR: Cron:cron Runat 2017-05-14 12:04:46 Use 0.000425 s

[ 2017-05-14T12:04:52+08:00 ] ::1 /eshop/index.php/Home/Index/index.html
ERR: Cron:cron Runat 2017-05-14 12:04:52 Use 0.000414 s

[ 2017-05-14T12:04:54+08:00 ] ::1 /eshop/index.php/Home/Index/index.html
ERR: Cron:cron Runat 2017-05-14 12:04:54 Use 0.000461 s

[ 2017-05-14T12:04:56+08:00 ] ::1 /eshop/index.php/Home/Index/index.html
ERR: Cron:cron Runat 2017-05-14 12:04:56 Use 0.000424 s

[ 2017-05-14T12:04:58+08:00 ] ::1 /eshop/index.php/Home/Index/index.html
ERR: Cron:cron Runat 2017-05-14 12:04:58 Use 0.000449 s

[ 2017-05-14T12:05:01+08:00 ] ::1 /eshop/index.php/Home/UserCenter/index.html
ERR: Cron:cron Runat 2017-05-14 12:05:01 Use 0.000405 s

[ 2017-05-14T12:05:03+08:00 ] ::1 /eshop/index.php/Home/Index/index.html
ERR: Cron:cron Runat 2017-05-14 12:05:03 Use 0.000395 s

[ 2017-05-14T12:05:07+08:00 ] ::1 /eshop/index.php/Home/Collection/collection.html
ERR: Cron:cron Runat 2017-05-14 12:05:07 Use 0.000434 s

[ 2017-05-14T12:05:07+08:00 ] ::1 /eshop/index.php/Home/Collection/collection.html
INFO: [ app_begin ] --START--
INFO: Run Behavior\ReadHtmlCacheBehavior [ RunTime:0.000770s ]
INFO: Run Behavior\CronRunBehavior [ RunTime:0.004837s ]
INFO: [ app_begin ] --END-- [ RunTime:0.006313s ]
SQL: SHOW COLUMNS FROM `eshop_collection` [ RunTime:0.0054s ]
NOTIC: [8] Undefined index: validate D:\wampserver\wamp\www\eshop\ThinkPHP\Library\Think\Model.class.php 第 1185 行.
NOTIC: [8] Undefined index: auto D:\wampserver\wamp\www\eshop\ThinkPHP\Library\Think\Model.class.php 第 1128 行.
SQL: INSERT INTO `eshop_collection` (`type`,`userId`,`time`,`targetId`) VALUES ('0','20','1494734707','10') [ RunTime:0.1355s ]

[ 2017-05-14T12:05:10+08:00 ] ::1 /eshop/index.php/Home/Index/index.html
ERR: Cron:cron Runat 2017-05-14 12:05:10 Use 0.000374 s

[ 2017-05-14T12:05:14+08:00 ] ::1 /eshop/index.php/Home/UserCollection/goods.html
ERR: Cron:cron Runat 2017-05-14 12:05:14 Use 0.000390 s

[ 2017-05-14T12:05:17+08:00 ] ::1 /eshop/index.php/Home/Shop/index/shopId/3.html
ERR: Cron:cron Runat 2017-05-14 12:05:17 Use 0.000419 s

[ 2017-05-14T12:05:20+08:00 ] ::1 /eshop/index.php/Home/Index/index.html
ERR: Cron:cron Runat 2017-05-14 12:05:20 Use 0.000444 s

[ 2017-05-14T12:05:31+08:00 ] ::1 /eshop/index.php/Index/moreGoods/fmenu/3.html
ERR: Cron:cron Runat 2017-05-14 12:05:31 Use 0.000713 s

[ 2017-05-14T18:00:33+08:00 ] ::1 /eshop/index.php/Home/Shop/index/shopId/3.html
ERR: Cron:cron Runat 2017-05-14 18:00:32 Use 0.001324 s

[ 2017-05-14T18:00:52+08:00 ] ::1 /eshop/index.php/Home/Index/index.html
ERR: Cron:cron Runat 2017-05-14 18:00:52 Use 0.000555 s

[ 2017-05-14T18:00:55+08:00 ] ::1 /eshop/index.php/Home/UserCenter/userinfo.html
ERR: Cron:cron Runat 2017-05-14 18:00:55 Use 0.001123 s

[ 2017-05-14T18:01:02+08:00 ] ::1 /eshop/index.php/Home/Index/index.html
ERR: Cron:cron Runat 2017-05-14 18:01:02 Use 0.000711 s

[ 2017-05-14T18:07:52+08:00 ] ::1 /eshop/index.php/Home/Index/index.html
ERR: Cron:cron Runat 2017-05-14 18:07:52 Use 0.001319 s

[ 2017-05-14T18:08:05+08:00 ] ::1 /eshop/index.php/Home/Index/index.html
ERR: Cron:cron Runat 2017-05-14 18:08:05 Use 0.000754 s

[ 2017-05-14T18:08:07+08:00 ] ::1 /eshop/index.php/Home/Index/index.html
ERR: Cron:cron Runat 2017-05-14 18:08:07 Use 0.000488 s

[ 2017-05-14T18:09:13+08:00 ] ::1 /eshop/index.php/Home/Index/index.html
ERR: Cron:cron Runat 2017-05-14 18:09:13 Use 0.000794 s

[ 2017-05-14T18:09:32+08:00 ] ::1 /eshop/index.php/Home/Index/index.html
ERR: Cron:cron Runat 2017-05-14 18:09:32 Use 0.000894 s

[ 2017-05-14T18:09:45+08:00 ] ::1 /eshop/index.php/Home/Index/index.html
ERR: Cron:cron Runat 2017-05-14 18:09:45 Use 0.000507 s

[ 2017-05-14T18:10:01+08:00 ] ::1 /eshop/index.php/Home/Index/index.html
ERR: Cron:cron Runat 2017-05-14 18:10:01 Use 0.000724 s

[ 2017-05-14T18:10:09+08:00 ] ::1 /eshop/index.php/Home/Index/index.html
ERR: Cron:cron Runat 2017-05-14 18:10:09 Use 0.000522 s

[ 2017-05-14T18:10:18+08:00 ] ::1 /eshop/index.php/Home/UserCenter/userinfo.html
ERR: Cron:cron Runat 2017-05-14 18:10:18 Use 0.000490 s

[ 2017-05-14T18:10:23+08:00 ] ::1 /eshop/index.php/Home/Index/index.html
ERR: Cron:cron Runat 2017-05-14 18:10:23 Use 0.000605 s

[ 2017-05-14T18:11:27+08:00 ] ::1 /eshop/index.php/Home/Index/index.html
ERR: Cron:cron Runat 2017-05-14 18:11:27 Use 0.000745 s

[ 2017-05-14T18:12:16+08:00 ] ::1 /eshop/index.php/Home/Index/index.html
ERR: Cron:cron Runat 2017-05-14 18:12:16 Use 0.000670 s

[ 2017-05-14T18:12:21+08:00 ] ::1 /eshop/index.php/Home/Index/index.html
ERR: Cron:cron Runat 2017-05-14 18:12:21 Use 0.000597 s

[ 2017-05-14T18:12:42+08:00 ] ::1 /eshop/index.php/ShoppingCart/index.html
ERR: Cron:cron Runat 2017-05-14 18:12:42 Use 0.000745 s

[ 2017-05-14T18:12:46+08:00 ] ::1 /eshop/index.php/ShoppingCart/ischecked
ERR: Cron:cron Runat 2017-05-14 18:12:46 Use 0.001290 s

[ 2017-05-14T18:12:46+08:00 ] ::1 /eshop/index.php/ShoppingCart/ischecked
INFO: [ app_begin ] --START--
INFO: Run Behavior\ReadHtmlCacheBehavior [ RunTime:0.001197s ]
INFO: Run Behavior\CronRunBehavior [ RunTime:0.008453s ]
INFO: [ app_begin ] --END-- [ RunTime:0.010661s ]
NOTIC: [2048] Declaration of Home\Controller\ShoppingCartController::success() should be compatible with Think\Controller::success($message = '', $jumpUrl = '', $ajax = false) D:\wampserver\wamp\www\eshop\App\Home\Controller\ShoppingCartController.class.php 第 7 行.
SQL: SHOW COLUMNS FROM `eshop_cart` [ RunTime:0.0083s ]
SQL: SELECT `goodId`,`goodNumber`,`mount`,`name`,`shopPrice`,`good_log` FROM eshop_cart c INNER JOIN eshop_good as g on c.goodId = g.id  WHERE `userId` = '20' ORDER BY c.time desc  [ RunTime:0.0006s ]
SQL: SHOW COLUMNS FROM `eshop_messages` [ RunTime:0.0077s ]
SQL: SELECT COUNT(*) AS tp_count FROM `eshop_messages` WHERE `status` = 0 AND `receiveId` = 20 LIMIT 1   [ RunTime:0.0008s ]
INFO: [ app_end ] --START--
INFO: Run Behavior\ShowPageTraceBehavior [ RunTime:0.001542s ]
INFO: [ app_end ] --END-- [ RunTime:0.001714s ]

[ 2017-05-14T18:13:03+08:00 ] ::1 /eshop/index.php/Home/Index/index.html
ERR: Cron:cron Runat 2017-05-14 18:13:03 Use 0.000981 s

[ 2017-05-14T18:13:45+08:00 ] ::1 /eshop/index.php/Home/Index/index.html
ERR: Cron:cron Runat 2017-05-14 18:13:45 Use 0.000529 s

[ 2017-05-14T18:13:49+08:00 ] ::1 /eshop/index.php/ShoppingCart/index.html
ERR: Cron:cron Runat 2017-05-14 18:13:49 Use 0.001092 s

[ 2017-05-14T18:13:56+08:00 ] ::1 /eshop/index.php/Home/User/login.html
ERR: Cron:cron Runat 2017-05-14 18:13:56 Use 0.001433 s

[ 2017-05-14T18:14:00+08:00 ] ::1 /eshop/index.php/Home/UserCenter/index.html
ERR: Cron:cron Runat 2017-05-14 18:14:00 Use 0.000560 s

[ 2017-05-14T18:14:02+08:00 ] ::1 /eshop/index.php/User/verify.html
ERR: Cron:cron Runat 2017-05-14 18:14:02 Use 0.000919 s

[ 2017-05-14T18:14:04+08:00 ] ::1 /eshop/index.php/Home/User/login.html
ERR: Cron:cron Runat 2017-05-14 18:14:04 Use 0.000525 s

[ 2017-05-14T18:14:08+08:00 ] ::1 /eshop/index.php/ShoppingCart/index.html
ERR: Cron:cron Runat 2017-05-14 18:14:08 Use 0.000482 s

[ 2017-05-14T18:14:13+08:00 ] ::1 /eshop/index.php/Home/Index/index.html
ERR: Cron:cron Runat 2017-05-14 18:14:13 Use 0.000615 s

[ 2017-05-14T18:14:30+08:00 ] ::1 /eshop/index.php/Home/Index/index.html
ERR: Cron:cron Runat 2017-05-14 18:14:30 Use 0.000652 s

[ 2017-05-14T18:14:32+08:00 ] ::1 /eshop/index.php/Home/Index/index.html
ERR: Cron:cron Runat 2017-05-14 18:14:32 Use 0.000654 s

[ 2017-05-14T18:14:34+08:00 ] ::1 /eshop/index.php/Home/Index/index.html
ERR: Cron:cron Runat 2017-05-14 18:14:34 Use 0.000619 s

[ 2017-05-14T18:14:36+08:00 ] ::1 /eshop/index.php/Home/Index/index.html
ERR: Cron:cron Runat 2017-05-14 18:14:36 Use 0.000604 s

[ 2017-05-14T18:14:40+08:00 ] ::1 /eshop/index.php/Home/UserOrders/waitReceive.html
ERR: Cron:cron Runat 2017-05-14 18:14:40 Use 0.000973 s

[ 2017-05-14T18:14:48+08:00 ] ::1 /eshop/index.php/Home/Index/index.html
ERR: Cron:cron Runat 2017-05-14 18:14:48 Use 0.000754 s

[ 2017-05-14T18:14:50+08:00 ] ::1 /eshop/index.php/Home/Index/index.html
ERR: Cron:cron Runat 2017-05-14 18:14:50 Use 0.000607 s

[ 2017-05-14T18:14:52+08:00 ] ::1 /eshop/index.php/Home/Index/index.html
ERR: Cron:cron Runat 2017-05-14 18:14:52 Use 0.000650 s

[ 2017-05-14T18:15:55+08:00 ] ::1 /eshop/index.php/Home/Index/index.html
ERR: Cron:cron Runat 2017-05-14 18:15:55 Use 0.000605 s

[ 2017-05-14T18:15:57+08:00 ] ::1 /eshop/index.php/Home/Index/index.html
ERR: Cron:cron Runat 2017-05-14 18:15:57 Use 0.000605 s

[ 2017-05-14T18:16:02+08:00 ] ::1 /eshop/index.php/Home/Index/index.html
ERR: Cron:cron Runat 2017-05-14 18:16:02 Use 0.000579 s

[ 2017-05-14T18:16:04+08:00 ] ::1 /eshop/index.php/Home/Index/index.html
ERR: Cron:cron Runat 2017-05-14 18:16:04 Use 0.000581 s

[ 2017-05-14T18:16:35+08:00 ] ::1 /eshop/index.php/Home/Index/index.html
ERR: Cron:cron Runat 2017-05-14 18:16:35 Use 0.000532 s

[ 2017-05-14T18:16:43+08:00 ] ::1 /eshop/index.php/Home/Index/index.html
ERR: Cron:cron Runat 2017-05-14 18:16:43 Use 0.000502 s

[ 2017-05-14T18:19:52+08:00 ] ::1 /eshop/index.php/Home/Index/index.html
ERR: Cron:cron Runat 2017-05-14 18:19:52 Use 0.001638 s

[ 2017-05-14T18:23:57+08:00 ] ::1 /eshop/index.php/Home/Index/index.html
ERR: Cron:cron Runat 2017-05-14 18:23:57 Use 0.001035 s

[ 2017-05-14T18:24:27+08:00 ] ::1 /eshop/index.php/Home/Index/index.html
ERR: Cron:cron Runat 2017-05-14 18:24:27 Use 0.001395 s

[ 2017-05-14T18:27:47+08:00 ] ::1 /eshop/index.php/Home/Index/index.html
ERR: Cron:cron Runat 2017-05-14 18:27:47 Use 0.001177 s

[ 2017-05-14T18:28:14+08:00 ] ::1 /eshop/index.php/Home/Index/index.html
ERR: Cron:cron Runat 2017-05-14 18:28:14 Use 0.000695 s

[ 2017-05-14T18:28:50+08:00 ] ::1 /eshop/index.php/Home/Shop/index/shopId/3.html
ERR: Cron:cron Runat 2017-05-14 18:28:50 Use 0.000586 s

[ 2017-05-14T18:29:13+08:00 ] ::1 /eshop/index.php/Shop/moreList/shopId/3/scat/5.html
ERR: Cron:cron Runat 2017-05-14 18:29:13 Use 0.000603 s

[ 2017-05-14T18:29:50+08:00 ] ::1 /eshop/index.php/Shop/moreList/shopId/3/scat/5/scat2/17.html
ERR: Cron:cron Runat 2017-05-14 18:29:50 Use 0.000543 s

[ 2017-05-14T18:29:57+08:00 ] ::1 /eshop/index.php/Shop/moreList/shopId/3/scat/5/scat2/17.html
ERR: Cron:cron Runat 2017-05-14 18:29:57 Use 0.000575 s

[ 2017-05-14T18:29:59+08:00 ] ::1 /eshop/index.php/Shop/moreList/shopId/3/scat/5/scat2/18.html
ERR: Cron:cron Runat 2017-05-14 18:29:59 Use 0.000597 s

[ 2017-05-14T18:30:04+08:00 ] ::1 /eshop/index.php/Shop/goodsOrder/shopId/3.html
ERR: Cron:cron Runat 2017-05-14 18:30:04 Use 0.000497 s

[ 2017-05-14T18:30:04+08:00 ] ::1 /eshop/index.php/Shop/goodsOrder/shopId/3.html
INFO: [ app_begin ] --START--
INFO: Run Behavior\ReadHtmlCacheBehavior [ RunTime:0.001235s ]
INFO: Run Behavior\CronRunBehavior [ RunTime:0.007153s ]
INFO: [ app_begin ] --END-- [ RunTime:0.009398s ]
SQL: SHOW COLUMNS FROM `eshop_shop` [ RunTime:0.0067s ]
SQL: SELECT * FROM `eshop_shop` WHERE `id` = 3 AND `is_exam` = 1 AND `is_forbid` = 0 AND `is_show` = 1 LIMIT 1   [ RunTime:0.0005s ]
SQL: SHOW COLUMNS FROM `eshop_shop_firstmenu` [ RunTime:0.0072s ]
SQL: SELECT `id`,`name` FROM `eshop_shop_firstmenu` WHERE `shopId` = 3 AND `is_show` = 1  [ RunTime:0.0005s ]
SQL: SHOW COLUMNS FROM `eshop_shop_secondmenu` [ RunTime:0.0066s ]
SQL: SELECT `pid`,`id`,`sname` FROM `eshop_shop_secondmenu` WHERE `pid` IN ('1','5') AND `is_show` = 1  [ RunTime:0.0005s ]
SQL: SHOW COLUMNS FROM `eshop_goodcomment` [ RunTime:0.0080s ]
SQL: SELECT AVG(goodScore) AS tp_avg FROM `eshop_goodcomment` WHERE `shopId` = 3 LIMIT 1   [ RunTime:0.0005s ]
SQL: SELECT AVG(logisticsScore) AS tp_avg FROM `eshop_goodcomment` WHERE `shopId` = 3 LIMIT 1   [ RunTime:0.0004s ]
SQL: SELECT AVG(serviceScore) AS tp_avg FROM `eshop_goodcomment` WHERE `shopId` = 3 LIMIT 1   [ RunTime:0.0005s ]
SQL: SHOW COLUMNS FROM `eshop_messages` [ RunTime:0.0067s ]
SQL: SELECT COUNT(*) AS tp_count FROM `eshop_messages` WHERE `status` = 0 AND `receiveId` = 20 LIMIT 1   [ RunTime:0.0004s ]
SQL: SHOW COLUMNS FROM `eshop_goodnav` [ RunTime:0.0065s ]
SQL: SELECT * FROM eshop_goodnav n INNER JOIN eshop_good as g on n.goodId = g.id  WHERE `shopId` = 3 AND `s_fid` = 5 AND `s_sid` = 18 ORDER BY `shopPrice` desc  [ RunTime:0.0008s ]
SQL: SELECT * FROM eshop_goodnav n INNER JOIN eshop_good as g on n.goodId = g.id  WHERE `shopId` = 3 AND `s_fid` = 5 AND `s_sid` = 18 ORDER BY `shopPrice` desc LIMIT 0,12   [ RunTime:0.0008s ]
INFO: [ view_parse ] --START--
INFO: [ template_filter ] --START--
INFO: Run Behavior\ContentReplaceBehavior [ RunTime:0.000221s ]
INFO: [ template_filter ] --END-- [ RunTime:0.000451s ]
INFO: Run Behavior\ParseTemplateBehavior [ RunTime:0.059538s ]
INFO: [ view_parse ] --END-- [ RunTime:0.059764s ]
INFO: [ view_filter ] --START--
INFO: Run Behavior\WriteHtmlCacheBehavior [ RunTime:0.002412s ]
INFO: Run Behavior\TokenBuildBehavior [ RunTime:0.001650s ]
INFO: [ view_filter ] --END-- [ RunTime:0.004482s ]

[ 2017-05-14T18:30:05+08:00 ] ::1 /eshop/index.php/Shop/goodsOrder/shopId/3.html
INFO: [ app_begin ] --START--
INFO: Run Behavior\ReadHtmlCacheBehavior [ RunTime:0.001301s ]
INFO: Run Behavior\CronRunBehavior [ RunTime:0.003592s ]
INFO: [ app_begin ] --END-- [ RunTime:0.005949s ]
SQL: SHOW COLUMNS FROM `eshop_shop` [ RunTime:0.0094s ]
SQL: SELECT * FROM `eshop_shop` WHERE `id` = 3 AND `is_exam` = 1 AND `is_forbid` = 0 AND `is_show` = 1 LIMIT 1   [ RunTime:0.0006s ]
SQL: SHOW COLUMNS FROM `eshop_shop_firstmenu` [ RunTime:0.0092s ]
SQL: SELECT `id`,`name` FROM `eshop_shop_firstmenu` WHERE `shopId` = 3 AND `is_show` = 1  [ RunTime:0.0005s ]
SQL: SHOW COLUMNS FROM `eshop_shop_secondmenu` [ RunTime:0.0075s ]
SQL: SELECT `pid`,`id`,`sname` FROM `eshop_shop_secondmenu` WHERE `pid` IN ('1','5') AND `is_show` = 1  [ RunTime:0.0005s ]
SQL: SHOW COLUMNS FROM `eshop_goodcomment` [ RunTime:0.0074s ]
SQL: SELECT AVG(goodScore) AS tp_avg FROM `eshop_goodcomment` WHERE `shopId` = 3 LIMIT 1   [ RunTime:0.0007s ]
SQL: SELECT AVG(logisticsScore) AS tp_avg FROM `eshop_goodcomment` WHERE `shopId` = 3 LIMIT 1   [ RunTime:0.0006s ]
SQL: SELECT AVG(serviceScore) AS tp_avg FROM `eshop_goodcomment` WHERE `shopId` = 3 LIMIT 1   [ RunTime:0.0007s ]
SQL: SHOW COLUMNS FROM `eshop_messages` [ RunTime:0.0059s ]
SQL: SELECT COUNT(*) AS tp_count FROM `eshop_messages` WHERE `status` = 0 AND `receiveId` = 20 LIMIT 1   [ RunTime:0.0005s ]
SQL: SHOW COLUMNS FROM `eshop_goodnav` [ RunTime:0.0073s ]
SQL: SELECT * FROM eshop_goodnav n INNER JOIN eshop_good as g on n.goodId = g.id  WHERE `shopId` = 3 AND `s_fid` = 5 AND `s_sid` = 18 ORDER BY `shopPrice` asc  [ RunTime:0.0009s ]
SQL: SELECT * FROM eshop_goodnav n INNER JOIN eshop_good as g on n.goodId = g.id  WHERE `shopId` = 3 AND `s_fid` = 5 AND `s_sid` = 18 ORDER BY `shopPrice` asc LIMIT 0,12   [ RunTime:0.0010s ]
INFO: [ view_parse ] --START--
INFO: [ template_filter ] --START--
INFO: Run Behavior\ContentReplaceBehavior [ RunTime:0.000115s ]
INFO: [ template_filter ] --END-- [ RunTime:0.000250s ]
INFO: Run Behavior\ParseTemplateBehavior [ RunTime:0.017440s ]
INFO: [ view_parse ] --END-- [ RunTime:0.017591s ]
INFO: [ view_filter ] --START--
INFO: Run Behavior\WriteHtmlCacheBehavior [ RunTime:0.000973s ]
INFO: Run Behavior\TokenBuildBehavior [ RunTime:0.000979s ]
INFO: [ view_filter ] --END-- [ RunTime:0.002164s ]

[ 2017-05-14T18:30:06+08:00 ] ::1 /eshop/index.php/Shop/moreList/shopId/3/scat/1/scat2/8.html
ERR: Cron:cron Runat 2017-05-14 18:30:06 Use 0.000558 s

[ 2017-05-14T18:30:09+08:00 ] ::1 /eshop/index.php/Shop/moreList/shopId/3/scat/1/scat2/1.html
ERR: Cron:cron Runat 2017-05-14 18:30:09 Use 0.000518 s

[ 2017-05-14T18:30:15+08:00 ] ::1 /eshop/index.php/Shop/moreList/shopId/3/scat/1/scat2/2.html
ERR: Cron:cron Runat 2017-05-14 18:30:15 Use 0.000623 s

[ 2017-05-14T18:30:21+08:00 ] ::1 /eshop/index.php/Shop/moreList/shopId/3/scat/1.html
ERR: Cron:cron Runat 2017-05-14 18:30:21 Use 0.000547 s

[ 2017-05-14T18:30:27+08:00 ] ::1 /eshop/index.php/Shop/goodsOrder/shopId/3.html
ERR: Cron:cron Runat 2017-05-14 18:30:27 Use 0.000976 s

[ 2017-05-14T18:30:28+08:00 ] ::1 /eshop/index.php/Shop/goodsOrder/shopId/3.html
INFO: [ app_begin ] --START--
INFO: Run Behavior\ReadHtmlCacheBehavior [ RunTime:0.002549s ]
INFO: Run Behavior\CronRunBehavior [ RunTime:0.011362s ]
INFO: [ app_begin ] --END-- [ RunTime:0.016265s ]
SQL: SHOW COLUMNS FROM `eshop_shop` [ RunTime:0.0128s ]
SQL: SELECT * FROM `eshop_shop` WHERE `id` = 3 AND `is_exam` = 1 AND `is_forbid` = 0 AND `is_show` = 1 LIMIT 1   [ RunTime:0.0010s ]
SQL: SHOW COLUMNS FROM `eshop_shop_firstmenu` [ RunTime:0.0149s ]
SQL: SELECT `id`,`name` FROM `eshop_shop_firstmenu` WHERE `shopId` = 3 AND `is_show` = 1  [ RunTime:0.0009s ]
SQL: SHOW COLUMNS FROM `eshop_shop_secondmenu` [ RunTime:0.0179s ]
SQL: SELECT `pid`,`id`,`sname` FROM `eshop_shop_secondmenu` WHERE `pid` IN ('1','5') AND `is_show` = 1  [ RunTime:0.0010s ]
SQL: SHOW COLUMNS FROM `eshop_goodcomment` [ RunTime:0.0118s ]
SQL: SELECT AVG(goodScore) AS tp_avg FROM `eshop_goodcomment` WHERE `shopId` = 3 LIMIT 1   [ RunTime:0.0008s ]
SQL: SELECT AVG(logisticsScore) AS tp_avg FROM `eshop_goodcomment` WHERE `shopId` = 3 LIMIT 1   [ RunTime:0.0009s ]
SQL: SELECT AVG(serviceScore) AS tp_avg FROM `eshop_goodcomment` WHERE `shopId` = 3 LIMIT 1   [ RunTime:0.0008s ]
SQL: SHOW COLUMNS FROM `eshop_messages` [ RunTime:0.0120s ]
SQL: SELECT COUNT(*) AS tp_count FROM `eshop_messages` WHERE `status` = 0 AND `receiveId` = 20 LIMIT 1   [ RunTime:0.0008s ]
SQL: SHOW COLUMNS FROM `eshop_goodnav` [ RunTime:0.0120s ]
SQL: SELECT * FROM eshop_goodnav n INNER JOIN eshop_good as g on n.goodId = g.id  WHERE `shopId` = 3 AND `s_fid` = 1 ORDER BY `shopPrice` desc  [ RunTime:0.0017s ]
SQL: SELECT * FROM eshop_goodnav n INNER JOIN eshop_good as g on n.goodId = g.id  WHERE `shopId` = 3 AND `s_fid` = 1 ORDER BY `shopPrice` desc LIMIT 0,12   [ RunTime:0.0016s ]
INFO: [ view_parse ] --START--
INFO: [ template_filter ] --START--
INFO: Run Behavior\ContentReplaceBehavior [ RunTime:0.000233s ]
INFO: [ template_filter ] --END-- [ RunTime:0.000483s ]
SQL: SHOW COLUMNS FROM `eshop_collection` [ RunTime:0.0144s ]
SQL: SELECT `id` FROM `eshop_collection` WHERE `targetId` = '22' AND `type` = 0 AND `userId` = 20 LIMIT 1   [ RunTime:0.0008s ]
SQL: SELECT `id` FROM `eshop_collection` WHERE `targetId` = '10' AND `type` = 0 AND `userId` = 20 LIMIT 1   [ RunTime:0.0008s ]
INFO: Run Behavior\ParseTemplateBehavior [ RunTime:0.054362s ]
INFO: [ view_parse ] --END-- [ RunTime:0.054614s ]
INFO: [ view_filter ] --START--
INFO: Run Behavior\WriteHtmlCacheBehavior [ RunTime:0.001713s ]
INFO: Run Behavior\TokenBuildBehavior [ RunTime:0.001730s ]
INFO: [ view_filter ] --END-- [ RunTime:0.003853s ]

[ 2017-05-14T18:30:29+08:00 ] ::1 /eshop/index.php/Shop/goodsOrder/shopId/3.html
ERR: Cron:cron Runat 2017-05-14 18:30:29 Use 0.000796 s

[ 2017-05-14T18:30:29+08:00 ] ::1 /eshop/index.php/Shop/goodsOrder/shopId/3.html
INFO: [ app_begin ] --START--
INFO: Run Behavior\ReadHtmlCacheBehavior [ RunTime:0.002400s ]
INFO: Run Behavior\CronRunBehavior [ RunTime:0.011797s ]
INFO: [ app_begin ] --END-- [ RunTime:0.015902s ]
SQL: SHOW COLUMNS FROM `eshop_shop` [ RunTime:0.0187s ]
SQL: SELECT * FROM `eshop_shop` WHERE `id` = 3 AND `is_exam` = 1 AND `is_forbid` = 0 AND `is_show` = 1 LIMIT 1   [ RunTime:0.0011s ]
SQL: SHOW COLUMNS FROM `eshop_shop_firstmenu` [ RunTime:0.0116s ]
SQL: SELECT `id`,`name` FROM `eshop_shop_firstmenu` WHERE `shopId` = 3 AND `is_show` = 1  [ RunTime:0.0009s ]
SQL: SHOW COLUMNS FROM `eshop_shop_secondmenu` [ RunTime:0.0115s ]
SQL: SELECT `pid`,`id`,`sname` FROM `eshop_shop_secondmenu` WHERE `pid` IN ('1','5') AND `is_show` = 1  [ RunTime:0.0009s ]
SQL: SHOW COLUMNS FROM `eshop_goodcomment` [ RunTime:0.0132s ]
SQL: SELECT AVG(goodScore) AS tp_avg FROM `eshop_goodcomment` WHERE `shopId` = 3 LIMIT 1   [ RunTime:0.0008s ]
SQL: SELECT AVG(logisticsScore) AS tp_avg FROM `eshop_goodcomment` WHERE `shopId` = 3 LIMIT 1   [ RunTime:0.0007s ]
SQL: SELECT AVG(serviceScore) AS tp_avg FROM `eshop_goodcomment` WHERE `shopId` = 3 LIMIT 1   [ RunTime:0.0007s ]
SQL: SHOW COLUMNS FROM `eshop_messages` [ RunTime:0.0118s ]
SQL: SELECT COUNT(*) AS tp_count FROM `eshop_messages` WHERE `status` = 0 AND `receiveId` = 20 LIMIT 1   [ RunTime:0.0010s ]
SQL: SHOW COLUMNS FROM `eshop_goodnav` [ RunTime:0.0128s ]
SQL: SELECT * FROM eshop_goodnav n INNER JOIN eshop_good as g on n.goodId = g.id  WHERE `shopId` = 3 AND `s_fid` = 1 ORDER BY `shopPrice` asc  [ RunTime:0.0017s ]
SQL: SELECT * FROM eshop_goodnav n INNER JOIN eshop_good as g on n.goodId = g.id  WHERE `shopId` = 3 AND `s_fid` = 1 ORDER BY `shopPrice` asc LIMIT 0,12   [ RunTime:0.0020s ]
INFO: [ view_parse ] --START--
INFO: [ template_filter ] --START--
INFO: Run Behavior\ContentReplaceBehavior [ RunTime:0.000227s ]
INFO: [ template_filter ] --END-- [ RunTime:0.000503s ]
SQL: SHOW COLUMNS FROM `eshop_collection` [ RunTime:0.0125s ]
SQL: SELECT `id` FROM `eshop_collection` WHERE `targetId` = '10' AND `type` = 0 AND `userId` = 20 LIMIT 1   [ RunTime:0.0008s ]
SQL: SELECT `id` FROM `eshop_collection` WHERE `targetId` = '22' AND `type` = 0 AND `userId` = 20 LIMIT 1   [ RunTime:0.0008s ]
INFO: Run Behavior\ParseTemplateBehavior [ RunTime:0.065160s ]
INFO: [ view_parse ] --END-- [ RunTime:0.065394s ]
INFO: [ view_filter ] --START--
INFO: Run Behavior\WriteHtmlCacheBehavior [ RunTime:0.001794s ]
INFO: Run Behavior\TokenBuildBehavior [ RunTime:0.001765s ]
INFO: [ view_filter ] --END-- [ RunTime:0.003901s ]

[ 2017-05-14T18:30:31+08:00 ] ::1 /eshop/index.php/Shop/goodsOrder/shopId/3.html
ERR: Cron:cron Runat 2017-05-14 18:30:31 Use 0.001024 s

[ 2017-05-14T18:30:31+08:00 ] ::1 /eshop/index.php/Shop/goodsOrder/shopId/3.html
INFO: [ app_begin ] --START--
INFO: Run Behavior\ReadHtmlCacheBehavior [ RunTime:0.003010s ]
INFO: Run Behavior\CronRunBehavior [ RunTime:0.015183s ]
INFO: [ app_begin ] --END-- [ RunTime:0.020205s ]
SQL: SHOW COLUMNS FROM `eshop_shop` [ RunTime:0.0297s ]
SQL: SELECT * FROM `eshop_shop` WHERE `id` = 3 AND `is_exam` = 1 AND `is_forbid` = 0 AND `is_show` = 1 LIMIT 1   [ RunTime:0.0012s ]
SQL: SHOW COLUMNS FROM `eshop_shop_firstmenu` [ RunTime:0.0122s ]
SQL: SELECT `id`,`name` FROM `eshop_shop_firstmenu` WHERE `shopId` = 3 AND `is_show` = 1  [ RunTime:0.0009s ]
SQL: SHOW COLUMNS FROM `eshop_shop_secondmenu` [ RunTime:0.0130s ]
SQL: SELECT `pid`,`id`,`sname` FROM `eshop_shop_secondmenu` WHERE `pid` IN ('1','5') AND `is_show` = 1  [ RunTime:0.0008s ]
SQL: SHOW COLUMNS FROM `eshop_goodcomment` [ RunTime:0.0128s ]
SQL: SELECT AVG(goodScore) AS tp_avg FROM `eshop_goodcomment` WHERE `shopId` = 3 LIMIT 1   [ RunTime:0.0011s ]
SQL: SELECT AVG(logisticsScore) AS tp_avg FROM `eshop_goodcomment` WHERE `shopId` = 3 LIMIT 1   [ RunTime:0.0007s ]
SQL: SELECT AVG(serviceScore) AS tp_avg FROM `eshop_goodcomment` WHERE `shopId` = 3 LIMIT 1   [ RunTime:0.0007s ]
SQL: SHOW COLUMNS FROM `eshop_messages` [ RunTime:0.0113s ]
SQL: SELECT COUNT(*) AS tp_count FROM `eshop_messages` WHERE `status` = 0 AND `receiveId` = 20 LIMIT 1   [ RunTime:0.0008s ]
SQL: SHOW COLUMNS FROM `eshop_goodnav` [ RunTime:0.0121s ]
SQL: SELECT * FROM eshop_goodnav n INNER JOIN eshop_good as g on n.goodId = g.id  WHERE `shopId` = 3 AND `s_fid` = 1 ORDER BY `count` desc  [ RunTime:0.0018s ]
SQL: SELECT * FROM eshop_goodnav n INNER JOIN eshop_good as g on n.goodId = g.id  WHERE `shopId` = 3 AND `s_fid` = 1 ORDER BY `count` desc LIMIT 0,12   [ RunTime:0.0016s ]
INFO: [ view_parse ] --START--
INFO: [ template_filter ] --START--
INFO: Run Behavior\ContentReplaceBehavior [ RunTime:0.000204s ]
INFO: [ template_filter ] --END-- [ RunTime:0.000465s ]
SQL: SHOW COLUMNS FROM `eshop_collection` [ RunTime:0.0129s ]
SQL: SELECT `id` FROM `eshop_collection` WHERE `targetId` = '10' AND `type` = 0 AND `userId` = 20 LIMIT 1   [ RunTime:0.0008s ]
SQL: SELECT `id` FROM `eshop_collection` WHERE `targetId` = '22' AND `type` = 0 AND `userId` = 20 LIMIT 1   [ RunTime:0.0007s ]
INFO: Run Behavior\ParseTemplateBehavior [ RunTime:0.055584s ]
INFO: [ view_parse ] --END-- [ RunTime:0.055808s ]
INFO: [ view_filter ] --START--
INFO: Run Behavior\WriteHtmlCacheBehavior [ RunTime:0.001725s ]
INFO: Run Behavior\TokenBuildBehavior [ RunTime:0.001660s ]
INFO: [ view_filter ] --END-- [ RunTime:0.003725s ]

[ 2017-05-14T18:30:33+08:00 ] ::1 /eshop/index.php/Shop/goodsOrder/shopId/3.html
ERR: Cron:cron Runat 2017-05-14 18:30:33 Use 0.000929 s

[ 2017-05-14T18:30:33+08:00 ] ::1 /eshop/index.php/Shop/goodsOrder/shopId/3.html
INFO: [ app_begin ] --START--
INFO: Run Behavior\ReadHtmlCacheBehavior [ RunTime:0.002525s ]
INFO: Run Behavior\CronRunBehavior [ RunTime:0.011637s ]
INFO: [ app_begin ] --END-- [ RunTime:0.016207s ]
SQL: SHOW COLUMNS FROM `eshop_shop` [ RunTime:0.0286s ]
SQL: SELECT * FROM `eshop_shop` WHERE `id` = 3 AND `is_exam` = 1 AND `is_forbid` = 0 AND `is_show` = 1 LIMIT 1   [ RunTime:0.0010s ]
SQL: SHOW COLUMNS FROM `eshop_shop_firstmenu` [ RunTime:0.0124s ]
SQL: SELECT `id`,`name` FROM `eshop_shop_firstmenu` WHERE `shopId` = 3 AND `is_show` = 1  [ RunTime:0.0010s ]
SQL: SHOW COLUMNS FROM `eshop_shop_secondmenu` [ RunTime:0.0118s ]
SQL: SELECT `pid`,`id`,`sname` FROM `eshop_shop_secondmenu` WHERE `pid` IN ('1','5') AND `is_show` = 1  [ RunTime:0.0009s ]
SQL: SHOW COLUMNS FROM `eshop_goodcomment` [ RunTime:0.0141s ]
SQL: SELECT AVG(goodScore) AS tp_avg FROM `eshop_goodcomment` WHERE `shopId` = 3 LIMIT 1   [ RunTime:0.0008s ]
SQL: SELECT AVG(logisticsScore) AS tp_avg FROM `eshop_goodcomment` WHERE `shopId` = 3 LIMIT 1   [ RunTime:0.0008s ]
SQL: SELECT AVG(serviceScore) AS tp_avg FROM `eshop_goodcomment` WHERE `shopId` = 3 LIMIT 1   [ RunTime:0.0007s ]
SQL: SHOW COLUMNS FROM `eshop_messages` [ RunTime:0.0122s ]
SQL: SELECT COUNT(*) AS tp_count FROM `eshop_messages` WHERE `status` = 0 AND `receiveId` = 20 LIMIT 1   [ RunTime:0.0008s ]
SQL: SHOW COLUMNS FROM `eshop_goodnav` [ RunTime:0.0128s ]
SQL: SELECT * FROM eshop_goodnav n INNER JOIN eshop_good as g on n.goodId = g.id  WHERE `shopId` = 3 AND `s_fid` = 1 ORDER BY `count` asc  [ RunTime:0.0018s ]
SQL: SELECT * FROM eshop_goodnav n INNER JOIN eshop_good as g on n.goodId = g.id  WHERE `shopId` = 3 AND `s_fid` = 1 ORDER BY `count` asc LIMIT 0,12   [ RunTime:0.0016s ]
INFO: [ view_parse ] --START--
INFO: [ template_filter ] --START--
INFO: Run Behavior\ContentReplaceBehavior [ RunTime:0.000212s ]
INFO: [ template_filter ] --END-- [ RunTime:0.000505s ]
SQL: SHOW COLUMNS FROM `eshop_collection` [ RunTime:0.0121s ]
SQL: SELECT `id` FROM `eshop_collection` WHERE `targetId` = '22' AND `type` = 0 AND `userId` = 20 LIMIT 1   [ RunTime:0.0008s ]
SQL: SELECT `id` FROM `eshop_collection` WHERE `targetId` = '10' AND `type` = 0 AND `userId` = 20 LIMIT 1   [ RunTime:0.0007s ]
INFO: Run Behavior\ParseTemplateBehavior [ RunTime:0.062635s ]
INFO: [ view_parse ] --END-- [ RunTime:0.062850s ]
INFO: [ view_filter ] --START--
INFO: Run Behavior\WriteHtmlCacheBehavior [ RunTime:0.001785s ]
INFO: Run Behavior\TokenBuildBehavior [ RunTime:0.001719s ]
INFO: [ view_filter ] --END-- [ RunTime:0.003861s ]

[ 2017-05-14T18:32:22+08:00 ] ::1 /eshop/index.php/Home/Index/index.html
ERR: Cron:cron Runat 2017-05-14 18:32:22 Use 0.000565 s

[ 2017-05-14T18:38:00+08:00 ] ::1 /eshop/index.php/Home/Index/index.html
ERR: Cron:cron Runat 2017-05-14 18:38:00 Use 0.000902 s

[ 2017-05-14T18:40:11+08:00 ] ::1 /eshop/index.php/Home/Index/index.html
ERR: Cron:cron Runat 2017-05-14 18:40:11 Use 0.000590 s

[ 2017-05-14T18:40:17+08:00 ] ::1 /eshop/index.php/Home/Index/index.html
ERR: Cron:cron Runat 2017-05-14 18:40:17 Use 0.000502 s

[ 2017-05-14T18:40:22+08:00 ] ::1 /eshop/index.php/Index/moreGoods/fmenu/2.html
ERR: Cron:cron Runat 2017-05-14 18:40:22 Use 0.001116 s

[ 2017-05-14T18:42:06+08:00 ] ::1 /eshop/index.php/Index/moreGoods/fmenu/2.html
ERR: Cron:cron Runat 2017-05-14 18:42:06 Use 0.000520 s

[ 2017-05-14T18:42:21+08:00 ] ::1 /eshop/index.php/Home/Shop/index/shopId/3.html
ERR: Cron:cron Runat 2017-05-14 18:42:21 Use 0.001143 s

[ 2017-05-14T18:45:53+08:00 ] ::1 /eshop/index.php/Index/moreGoods/fmenu/2.html
ERR: Cron:cron Runat 2017-05-14 18:45:53 Use 0.000507 s

[ 2017-05-14T18:46:30+08:00 ] ::1 /eshop/index.php/Index/moreGoods/fmenu/2.html
ERR: Cron:cron Runat 2017-05-14 18:46:30 Use 0.000552 s

[ 2017-05-14T18:47:03+08:00 ] ::1 /eshop/index.php/Index/moreGoods/fmenu/2.html
ERR: Cron:cron Runat 2017-05-14 18:47:03 Use 0.001059 s

[ 2017-05-14T18:49:48+08:00 ] ::1 /eshop/index.php/Index/moreGoods/fmenu/2.html
ERR: Cron:cron Runat 2017-05-14 18:49:48 Use 0.001056 s

[ 2017-05-14T18:51:47+08:00 ] ::1 /eshop/index.php/Home/Shop/index/shopId/3.html
ERR: Cron:cron Runat 2017-05-14 18:51:47 Use 0.001029 s

[ 2017-05-14T18:54:19+08:00 ] ::1 /eshop/index.php/Index/moreGoods/fmenu/2.html
ERR: Cron:cron Runat 2017-05-14 18:54:19 Use 0.000851 s

[ 2017-05-14T18:56:58+08:00 ] ::1 /eshop/index.php/Shop/moreList/shopId/3/scat/1/scat2/2.html
ERR: Cron:cron Runat 2017-05-14 18:56:58 Use 0.000451 s

[ 2017-05-14T18:58:36+08:00 ] ::1 /eshop/index.php/Index/info.html
ERR: Cron:cron Runat 2017-05-14 18:58:36 Use 0.000846 s

[ 2017-05-14T18:58:59+08:00 ] ::1 /eshop/index.php/Home/Index/index.html
ERR: Cron:cron Runat 2017-05-14 18:58:59 Use 0.000719 s

[ 2017-05-14T19:01:32+08:00 ] ::1 /eshop/index.php/Index/moreGoods/fmenu/2.html
ERR: Cron:cron Runat 2017-05-14 19:01:32 Use 0.000559 s

[ 2017-05-14T19:03:45+08:00 ] ::1 /eshop/index.php/Index/moreGoods/fmenu/2.html
ERR: Cron:cron Runat 2017-05-14 19:03:45 Use 0.000446 s

[ 2017-05-14T19:04:30+08:00 ] ::1 /eshop/index.php/Index/moreGoods/fmenu/2.html
ERR: Cron:cron Runat 2017-05-14 19:04:30 Use 0.000558 s

[ 2017-05-14T19:06:02+08:00 ] ::1 /eshop/index.php/Home/Shop/index/shopId/3.html
ERR: Cron:cron Runat 2017-05-14 19:06:02 Use 0.000629 s

[ 2017-05-14T19:06:16+08:00 ] ::1 /eshop/index.php/Index/moreGoods/fmenu/2.html
ERR: Cron:cron Runat 2017-05-14 19:06:16 Use 0.000630 s

[ 2017-05-14T19:06:52+08:00 ] ::1 /eshop/index.php/Shop/moreList/shopId/3/scat/1/scat2/2.html
ERR: Cron:cron Runat 2017-05-14 19:06:52 Use 0.000694 s

[ 2017-05-14T19:06:54+08:00 ] ::1 /eshop/index.php/Index/moreGoods/fmenu/2.html
ERR: Cron:cron Runat 2017-05-14 19:06:54 Use 0.000526 s

[ 2017-05-14T19:07:28+08:00 ] ::1 /eshop/index.php/Index/moreGoods/fmenu/2.html
ERR: Cron:cron Runat 2017-05-14 19:07:28 Use 0.000562 s

[ 2017-05-14T19:08:00+08:00 ] ::1 /eshop/index.php/Index/moreGoods/fmenu/2.html
ERR: Cron:cron Runat 2017-05-14 19:08:00 Use 0.000656 s

[ 2017-05-14T19:08:44+08:00 ] ::1 /eshop/index.php/Shop/moreList/shopId/3/scat/1/scat2/2.html
ERR: Cron:cron Runat 2017-05-14 19:08:44 Use 0.000498 s

[ 2017-05-14T19:11:33+08:00 ] ::1 /eshop/index.php/Index/moreGoods/fmenu/2.html
ERR: Cron:cron Runat 2017-05-14 19:11:33 Use 0.000456 s

[ 2017-05-14T19:14:11+08:00 ] ::1 /eshop/index.php/Index/moreGoods/fmenu/2.html
ERR: Cron:cron Runat 2017-05-14 19:14:11 Use 0.000848 s

[ 2017-05-14T19:14:42+08:00 ] ::1 /eshop/index.php/Index/moreGoods/fmenu/2.html
ERR: Cron:cron Runat 2017-05-14 19:14:42 Use 0.000577 s

[ 2017-05-14T19:15:17+08:00 ] ::1 /eshop/index.php/Index/moreGoods/fmenu/2.html
ERR: Cron:cron Runat 2017-05-14 19:15:17 Use 0.000615 s

[ 2017-05-14T19:15:31+08:00 ] ::1 /eshop/index.php/Index/moreGoods/fmenu/2.html
ERR: Cron:cron Runat 2017-05-14 19:15:31 Use 0.000504 s

[ 2017-05-14T19:16:23+08:00 ] ::1 /eshop/index.php/Index/moreGoods/fmenu/2.html
ERR: Cron:cron Runat 2017-05-14 19:16:23 Use 0.000518 s

[ 2017-05-14T19:23:37+08:00 ] ::1 /eshop/index.php/Home/Shop/index/shopId/3.html
ERR: Cron:cron Runat 2017-05-14 19:23:37 Use 0.000606 s

[ 2017-05-14T19:23:37+08:00 ] ::1 /eshop/index.php/Home/Shop/index/shopId/3.html
ERR: 1052:Column 'id' in where clause is ambiguous
 [ SQL语句 ] : SELECT g.id,g.name,g.shopPrice,g.place,g.good_log,g.count,s.id shopId,s.name shopName FROM eshop_good g INNER JOIN eshop_goodnav as n on g.id = n.goodId INNER JOIN eshop_shop as s on s.id = n.shopId  WHERE `id` IN ('13','10','22','18','15') 

[ 2017-05-14T19:24:33+08:00 ] ::1 /eshop/index.php/Home/Shop/index/shopId/3.html
ERR: Cron:cron Runat 2017-05-14 19:24:33 Use 0.000570 s

[ 2017-05-14T19:24:44+08:00 ] ::1 /eshop/index.php/Home/Shop/index/shopId/3.html
ERR: Cron:cron Runat 2017-05-14 19:24:44 Use 0.000892 s

[ 2017-05-14T19:25:06+08:00 ] ::1 /eshop/index.php/Index/moreGoods/fmenu/2.html
ERR: Cron:cron Runat 2017-05-14 19:25:06 Use 0.000586 s

[ 2017-05-14T19:25:34+08:00 ] ::1 /eshop/index.php/Index/moreGoods/fmenu/2.html
ERR: Cron:cron Runat 2017-05-14 19:25:34 Use 0.000546 s

[ 2017-05-14T19:26:14+08:00 ] ::1 /eshop/index.php/Index/moreGoods/fmenu/2.html
ERR: Cron:cron Runat 2017-05-14 19:26:14 Use 0.000547 s

[ 2017-05-14T19:26:54+08:00 ] ::1 /eshop/index.php/Index/moreGoods/fmenu/2.html
ERR: Cron:cron Runat 2017-05-14 19:26:54 Use 0.000614 s

[ 2017-05-14T19:26:59+08:00 ] ::1 /eshop/index.php/Home/Shop/index/shopId/3.html
ERR: Cron:cron Runat 2017-05-14 19:26:59 Use 0.000553 s

[ 2017-05-14T19:27:51+08:00 ] ::1 /eshop/index.php/Index/moreGoods/fmenu/2.html
ERR: Cron:cron Runat 2017-05-14 19:27:51 Use 0.000757 s

[ 2017-05-14T19:27:57+08:00 ] ::1 /eshop/index.php/Home/Shop/index/shopId/3.html
ERR: Cron:cron Runat 2017-05-14 19:27:57 Use 0.001220 s

[ 2017-05-14T19:28:20+08:00 ] ::1 /eshop/index.php/Home/Shop/index/shopId/3.html
ERR: Cron:cron Runat 2017-05-14 19:28:20 Use 0.000660 s

[ 2017-05-14T19:28:54+08:00 ] ::1 /eshop/index.php/Home/Shop/index/shopId/3.html
ERR: Cron:cron Runat 2017-05-14 19:28:54 Use 0.000561 s

[ 2017-05-14T19:29:03+08:00 ] ::1 /eshop/index.php/Shop/moreList/shopId/3/scat/1/scat2/2.html
ERR: Cron:cron Runat 2017-05-14 19:29:03 Use 0.000614 s

[ 2017-05-14T19:29:16+08:00 ] ::1 /eshop/index.php/Index/moreGoods/fmenu/2.html
ERR: Cron:cron Runat 2017-05-14 19:29:16 Use 0.000540 s

[ 2017-05-14T19:29:52+08:00 ] ::1 /eshop/index.php/Index/moreGoods/fmenu/2.html
ERR: Cron:cron Runat 2017-05-14 19:29:52 Use 0.000563 s

[ 2017-05-14T19:30:48+08:00 ] ::1 /eshop/index.php/Index/moreGoods/fmenu/2.html
ERR: Cron:cron Runat 2017-05-14 19:30:48 Use 0.000647 s

[ 2017-05-14T19:31:10+08:00 ] ::1 /eshop/index.php/Index/moreGoods/fmenu/2/smenu/4/tmenu/6.html
ERR: Cron:cron Runat 2017-05-14 19:31:10 Use 0.000673 s

[ 2017-05-14T19:36:13+08:00 ] ::1 /eshop/index.php/Home/Index/index.html
ERR: Cron:cron Runat 2017-05-14 19:36:13 Use 0.000277 s

[ 2017-05-14T19:36:22+08:00 ] ::1 /eshop/index.php/Home/Index/index.html
ERR: Cron:cron Runat 2017-05-14 19:36:22 Use 0.000344 s

[ 2017-05-14T19:36:25+08:00 ] ::1 /eshop/index.php/Index/moreGoods/fmenu/1.html
ERR: Cron:cron Runat 2017-05-14 19:36:25 Use 0.002778 s

[ 2017-05-14T19:36:57+08:00 ] ::1 /eshop/index.php/Home/Index/goodsInfo/id/15.html
ERR: Cron:cron Runat 2017-05-14 19:36:57 Use 0.000458 s

[ 2017-05-14T19:38:26+08:00 ] ::1 /eshop/index.php/Home/Index/goodsInfo/id/15.html
ERR: Cron:cron Runat 2017-05-14 19:38:26 Use 0.000428 s

[ 2017-05-14T19:43:26+08:00 ] ::1 /eshop/index.php/Home/Index/goodsInfo/id/10.html
ERR: Cron:cron Runat 2017-05-14 19:43:26 Use 0.000303 s

[ 2017-05-14T19:43:36+08:00 ] ::1 /eshop/index.php/Home/Index/goodsInfo/id/10.html
ERR: Cron:cron Runat 2017-05-14 19:43:36 Use 0.000326 s

[ 2017-05-14T19:44:00+08:00 ] ::1 /eshop/index.php/Home/Index/goodsInfo/id/10.html
ERR: Cron:cron Runat 2017-05-14 19:44:00 Use 0.000387 s

[ 2017-05-14T19:45:37+08:00 ] ::1 /eshop/index.php/Home/Index/goodsInfo/id/10.html
ERR: Cron:cron Runat 2017-05-14 19:45:37 Use 0.000298 s

[ 2017-05-14T19:45:46+08:00 ] ::1 /eshop/index.php/Home/Index/goodsInfo/id/10.html
ERR: Cron:cron Runat 2017-05-14 19:45:46 Use 0.000316 s

[ 2017-05-14T19:45:51+08:00 ] ::1 /eshop/index.php/Home/Index/goodsInfo/id/10.html
ERR: Cron:cron Runat 2017-05-14 19:45:51 Use 0.000336 s

[ 2017-05-14T19:46:13+08:00 ] ::1 /eshop/index.php/Home/Index/goodsInfo/id/10.html
ERR: Cron:cron Runat 2017-05-14 19:46:13 Use 0.000498 s

[ 2017-05-14T19:46:14+08:00 ] ::1 /eshop/index.php/Home/Index/goodsInfo/id/10.html
ERR: Cron:cron Runat 2017-05-14 19:46:14 Use 0.000344 s

[ 2017-05-14T19:46:19+08:00 ] ::1 /eshop/index.php/Home/Index/goodsInfo/id/10.html
ERR: Cron:cron Runat 2017-05-14 19:46:19 Use 0.000339 s

[ 2017-05-14T19:46:24+08:00 ] ::1 /eshop/index.php/Home/Index/goodsInfo/id/10.html
ERR: Cron:cron Runat 2017-05-14 19:46:24 Use 0.000539 s

[ 2017-05-14T19:46:38+08:00 ] ::1 /eshop/index.php/Home/Index/goodsInfo/id/10.html
ERR: Cron:cron Runat 2017-05-14 19:46:38 Use 0.000499 s

[ 2017-05-14T19:48:58+08:00 ] ::1 /eshop/index.php/Home/Index/goodsInfo/id/10.html
ERR: Cron:cron Runat 2017-05-14 19:48:58 Use 0.000444 s

[ 2017-05-14T19:53:07+08:00 ] ::1 /eshop/index.php/Home/Index/goodsInfo/id/10.html
ERR: Cron:cron Runat 2017-05-14 19:53:07 Use 0.000369 s

[ 2017-05-14T19:53:22+08:00 ] ::1 /eshop/index.php/Home/Index/goodsInfo/id/15.html
ERR: Cron:cron Runat 2017-05-14 19:53:22 Use 0.000329 s

[ 2017-05-14T19:54:00+08:00 ] ::1 /eshop/index.php/Home/Index/goodsInfo/id/15.html
ERR: Cron:cron Runat 2017-05-14 19:54:00 Use 0.000369 s

[ 2017-05-14T19:54:27+08:00 ] ::1 /eshop/index.php/Home/Index/goodsInfo/id/15.html
ERR: Cron:cron Runat 2017-05-14 19:54:27 Use 0.000439 s

[ 2017-05-14T19:54:34+08:00 ] ::1 /eshop/index.php/Home/Index/goodsInfo/id/15.html
ERR: Cron:cron Runat 2017-05-14 19:54:34 Use 0.000367 s

[ 2017-05-14T19:54:38+08:00 ] ::1 /eshop/index.php/Home/Index/index.html
ERR: Cron:cron Runat 2017-05-14 19:54:38 Use 0.000385 s

[ 2017-05-14T19:54:48+08:00 ] ::1 /eshop/index.php/Home/Index/goodsInfo/id/13.html
ERR: Cron:cron Runat 2017-05-14 19:54:48 Use 0.000814 s

[ 2017-05-14T19:55:28+08:00 ] ::1 /eshop/index.php/Home/Index/goodsInfo/id/17.html
ERR: Cron:cron Runat 2017-05-14 19:55:28 Use 0.000911 s

[ 2017-05-14T19:55:35+08:00 ] ::1 /eshop/index.php/Home/Index/goodsInfo/id/16.html
ERR: Cron:cron Runat 2017-05-14 19:55:35 Use 0.000391 s

[ 2017-05-14T19:55:43+08:00 ] ::1 /eshop/index.php/Home/Index/goodsInfo/id/22.html
ERR: Cron:cron Runat 2017-05-14 19:55:43 Use 0.000510 s

[ 2017-05-14T19:57:11+08:00 ] ::1 /eshop/index.php/Home/Index/goodsInfo/id/18.html
ERR: Cron:cron Runat 2017-05-14 19:57:11 Use 0.000436 s

[ 2017-05-14T20:00:32+08:00 ] ::1 /eshop/index.php/Home/Index/goodsInfo/id/22.html
ERR: Cron:cron Runat 2017-05-14 20:00:32 Use 0.000351 s

[ 2017-05-14T20:00:34+08:00 ] ::1 /eshop/
ERR: Cron:cron Runat 2017-05-14 20:00:34 Use 0.000455 s

[ 2017-05-14T20:00:36+08:00 ] ::1 /eshop/index.php/Home/Index/goodsInfo/id/22.html
ERR: Cron:cron Runat 2017-05-14 20:00:36 Use 0.000338 s

[ 2017-05-14T20:00:38+08:00 ] ::1 /eshop/index.php/Home/Index/goodsInfo/id/22.html
ERR: Cron:cron Runat 2017-05-14 20:00:38 Use 0.000387 s

[ 2017-05-14T20:01:23+08:00 ] ::1 /eshop/index.php/Home/Index/goodsInfo/id/22.html
ERR: Cron:cron Runat 2017-05-14 20:01:23 Use 0.000338 s

[ 2017-05-14T20:01:29+08:00 ] ::1 /eshop/
ERR: Cron:cron Runat 2017-05-14 20:01:29 Use 0.000349 s

[ 2017-05-14T20:01:49+08:00 ] ::1 /eshop/index.php/Home/Index/goodsInfo/id/22.html
ERR: Cron:cron Runat 2017-05-14 20:01:49 Use 0.000467 s

[ 2017-05-14T20:02:06+08:00 ] ::1 /eshop/index.php/Home/Index/goodsInfo/id/17.html
ERR: Cron:cron Runat 2017-05-14 20:02:06 Use 0.000341 s

[ 2017-05-14T20:02:19+08:00 ] ::1 /eshop/index.php/Home/Index/goodsInfo/id/22.html
ERR: Cron:cron Runat 2017-05-14 20:02:19 Use 0.000932 s

[ 2017-05-14T20:03:05+08:00 ] ::1 /eshop/index.php/Home/Index/goodsInfo/id/22.html
ERR: Cron:cron Runat 2017-05-14 20:03:05 Use 0.000341 s

[ 2017-05-14T20:03:24+08:00 ] ::1 /eshop/index.php/Home/Index/goodsInfo/id/22.html
ERR: Cron:cron Runat 2017-05-14 20:03:24 Use 0.000669 s

[ 2017-05-14T20:03:28+08:00 ] ::1 /eshop/index.php/Home/Index/goodsInfo/id/15.html
ERR: Cron:cron Runat 2017-05-14 20:03:28 Use 0.000389 s

[ 2017-05-14T20:05:09+08:00 ] ::1 /eshop/index.php/Home/Index/goodsInfo/id/15.html
ERR: Cron:cron Runat 2017-05-14 20:05:09 Use 0.000397 s

[ 2017-05-14T20:06:19+08:00 ] ::1 /eshop/index.php/Home/Index/goodsInfo/id/15.html
ERR: Cron:cron Runat 2017-05-14 20:06:19 Use 0.000367 s

[ 2017-05-14T20:06:32+08:00 ] ::1 /eshop/index.php/Index/moreGoods/fmenu/2.html
ERR: Cron:cron Runat 2017-05-14 20:06:32 Use 0.000405 s

