[ 2017-01-02T11:06:58+08:00 ] ::1 /eshop/index.php/Home/ShopCart/delCart.html
INFO: [ app_begin ] --START--
INFO: Run Behavior\ReadHtmlCacheBehavior [ RunTime:0.001105s ]
INFO: [ app_begin ] --END-- [ RunTime:0.002021s ]
INFO: [ app_end ] --START--
INFO: Run Behavior\ShowPageTraceBehavior [ RunTime:0.001148s ]
INFO: [ app_end ] --END-- [ RunTime:0.001292s ]

[ 2017-01-02T11:10:07+08:00 ] ::1 /eshop/index.php/Home/ShopCart/delCart.html
INFO: [ app_begin ] --START--
INFO: Run Behavior\ReadHtmlCacheBehavior [ RunTime:0.000878s ]
INFO: [ app_begin ] --END-- [ RunTime:0.001541s ]
INFO: [ app_end ] --START--
INFO: Run Behavior\ShowPageTraceBehavior [ RunTime:0.001341s ]
INFO: [ app_end ] --END-- [ RunTime:0.001467s ]

[ 2017-01-02T11:10:12+08:00 ] ::1 /eshop/index.php/Home/ShopCart/delCart.html
INFO: [ app_begin ] --START--
INFO: Run Behavior\ReadHtmlCacheBehavior [ RunTime:0.001348s ]
INFO: [ app_begin ] --END-- [ RunTime:0.002650s ]
INFO: [ app_end ] --START--
INFO: Run Behavior\ShowPageTraceBehavior [ RunTime:0.000826s ]
INFO: [ app_end ] --END-- [ RunTime:0.000931s ]

[ 2017-01-02T11:10:32+08:00 ] ::1 /eshop/index.php/Home/ShopCart/delCart.html
INFO: [ app_begin ] --START--
INFO: Run Behavior\ReadHtmlCacheBehavior [ RunTime:0.001095s ]
INFO: [ app_begin ] --END-- [ RunTime:0.001847s ]
INFO: [ app_end ] --START--
INFO: Run Behavior\ShowPageTraceBehavior [ RunTime:0.001343s ]
INFO: [ app_end ] --END-- [ RunTime:0.001490s ]

[ 2017-01-02T11:10:56+08:00 ] ::1 /eshop/index.php/Home/ShopCart/delCart.html
INFO: [ app_begin ] --START--
INFO: Run Behavior\ReadHtmlCacheBehavior [ RunTime:0.000987s ]
INFO: [ app_begin ] --END-- [ RunTime:0.001986s ]
INFO: [ app_end ] --START--
INFO: Run Behavior\ShowPageTraceBehavior [ RunTime:0.000818s ]
INFO: [ app_end ] --END-- [ RunTime:0.000913s ]

[ 2017-01-02T11:19:16+08:00 ] ::1 /eshop/index.php/Home/ShopCart/delCart.html
INFO: [ app_begin ] --START--
INFO: Run Behavior\ReadHtmlCacheBehavior [ RunTime:0.001434s ]
INFO: [ app_begin ] --END-- [ RunTime:0.003085s ]
INFO: [ app_end ] --START--
INFO: Run Behavior\ShowPageTraceBehavior [ RunTime:0.001281s ]
INFO: [ app_end ] --END-- [ RunTime:0.001448s ]

[ 2017-01-02T11:19:58+08:00 ] ::1 /eshop/index.php/Home/ShopCart/delCart.html
INFO: [ app_begin ] --START--
INFO: Run Behavior\ReadHtmlCacheBehavior [ RunTime:0.001237s ]
INFO: [ app_begin ] --END-- [ RunTime:0.002053s ]
INFO: [ app_end ] --START--
INFO: Run Behavior\ShowPageTraceBehavior [ RunTime:0.000854s ]
INFO: [ app_end ] --END-- [ RunTime:0.000975s ]

[ 2017-01-02T11:22:27+08:00 ] ::1 /eshop/index.php/Home/ShopCart/delCart.html
INFO: [ app_begin ] --START--
INFO: Run Behavior\ReadHtmlCacheBehavior [ RunTime:0.000864s ]
INFO: [ app_begin ] --END-- [ RunTime:0.001593s ]
INFO: [ app_end ] --START--
INFO: Run Behavior\ShowPageTraceBehavior [ RunTime:0.000980s ]
INFO: [ app_end ] --END-- [ RunTime:0.001096s ]

[ 2017-01-02T11:25:42+08:00 ] ::1 /eshop/index.php/Home/ShopCart/delCart.html
INFO: [ app_begin ] --START--
INFO: Run Behavior\ReadHtmlCacheBehavior [ RunTime:0.000817s ]
INFO: [ app_begin ] --END-- [ RunTime:0.001402s ]
INFO: [ app_end ] --START--
INFO: Run Behavior\ShowPageTraceBehavior [ RunTime:0.001354s ]
INFO: [ app_end ] --END-- [ RunTime:0.001520s ]

[ 2017-01-02T11:25:46+08:00 ] ::1 /eshop/index.php/Home/ShopCart/delCart.html
INFO: [ app_begin ] --START--
INFO: Run Behavior\ReadHtmlCacheBehavior [ RunTime:0.001221s ]
INFO: [ app_begin ] --END-- [ RunTime:0.001879s ]
INFO: [ app_end ] --START--
INFO: Run Behavior\ShowPageTraceBehavior [ RunTime:0.001122s ]
INFO: [ app_end ] --END-- [ RunTime:0.001300s ]

[ 2017-01-02T11:26:41+08:00 ] ::1 /eshop/index.php/Home/ShopCart/delCart.html
INFO: [ app_begin ] --START--
INFO: Run Behavior\ReadHtmlCacheBehavior [ RunTime:0.000911s ]
INFO: [ app_begin ] --END-- [ RunTime:0.001632s ]
INFO: [ app_end ] --START--
INFO: Run Behavior\ShowPageTraceBehavior [ RunTime:0.000976s ]
INFO: [ app_end ] --END-- [ RunTime:0.001077s ]

[ 2017-01-02T11:27:04+08:00 ] ::1 /eshop/index.php/Home/ShopCart/delCart.html
INFO: [ app_begin ] --START--
INFO: Run Behavior\ReadHtmlCacheBehavior [ RunTime:0.001204s ]
INFO: [ app_begin ] --END-- [ RunTime:0.001877s ]
INFO: [ app_end ] --START--
INFO: Run Behavior\ShowPageTraceBehavior [ RunTime:0.000964s ]
INFO: [ app_end ] --END-- [ RunTime:0.001077s ]

[ 2017-01-02T11:27:07+08:00 ] ::1 /eshop/index.php/Home/ShopCart/delCart.html
INFO: [ app_begin ] --START--
INFO: Run Behavior\ReadHtmlCacheBehavior [ RunTime:0.000884s ]
INFO: [ app_begin ] --END-- [ RunTime:0.001655s ]
INFO: [ app_end ] --START--
INFO: Run Behavior\ShowPageTraceBehavior [ RunTime:0.000951s ]
INFO: [ app_end ] --END-- [ RunTime:0.001045s ]

[ 2017-01-02T11:27:46+08:00 ] ::1 /eshop/index.php/Home/ShopCart/delCart.html
INFO: [ app_begin ] --START--
INFO: Run Behavior\ReadHtmlCacheBehavior [ RunTime:0.001269s ]
INFO: [ app_begin ] --END-- [ RunTime:0.001999s ]
INFO: [ app_end ] --START--
INFO: Run Behavior\ShowPageTraceBehavior [ RunTime:0.001351s ]
INFO: [ app_end ] --END-- [ RunTime:0.001488s ]

[ 2017-01-02T11:27:49+08:00 ] ::1 /eshop/index.php/Home/ShopCart/delCart.html
INFO: [ app_begin ] --START--
INFO: Run Behavior\ReadHtmlCacheBehavior [ RunTime:0.001160s ]
INFO: [ app_begin ] --END-- [ RunTime:0.001855s ]
INFO: [ app_end ] --START--
INFO: Run Behavior\ShowPageTraceBehavior [ RunTime:0.001355s ]
INFO: [ app_end ] --END-- [ RunTime:0.001496s ]

[ 2017-01-02T11:27:51+08:00 ] ::1 /eshop/index.php/Home/ShopCart/delCart.html
INFO: [ app_begin ] --START--
INFO: Run Behavior\ReadHtmlCacheBehavior [ RunTime:0.001567s ]
INFO: [ app_begin ] --END-- [ RunTime:0.002413s ]
INFO: [ app_end ] --START--
INFO: Run Behavior\ShowPageTraceBehavior [ RunTime:0.000924s ]
INFO: [ app_end ] --END-- [ RunTime:0.001047s ]

[ 2017-01-02T11:28:00+08:00 ] ::1 /eshop/index.php/Home/ShopCart/delCart.html
INFO: [ app_begin ] --START--
INFO: Run Behavior\ReadHtmlCacheBehavior [ RunTime:0.003762s ]
INFO: [ app_begin ] --END-- [ RunTime:0.004453s ]
INFO: [ app_end ] --START--
INFO: Run Behavior\ShowPageTraceBehavior [ RunTime:0.001118s ]
INFO: [ app_end ] --END-- [ RunTime:0.001243s ]

[ 2017-01-02T11:28:02+08:00 ] ::1 /eshop/index.php/Home/ShopCart/delCart.html
INFO: [ app_begin ] --START--
INFO: Run Behavior\ReadHtmlCacheBehavior [ RunTime:0.000858s ]
INFO: [ app_begin ] --END-- [ RunTime:0.001392s ]
INFO: [ app_end ] --START--
INFO: Run Behavior\ShowPageTraceBehavior [ RunTime:0.001277s ]
INFO: [ app_end ] --END-- [ RunTime:0.001423s ]

[ 2017-01-02T11:28:16+08:00 ] ::1 /eshop/index.php/Home/ShopCart/delCart.html
INFO: [ app_begin ] --START--
INFO: Run Behavior\ReadHtmlCacheBehavior [ RunTime:0.001288s ]
INFO: [ app_begin ] --END-- [ RunTime:0.002077s ]
INFO: [ app_end ] --START--
INFO: Run Behavior\ShowPageTraceBehavior [ RunTime:0.000972s ]
INFO: [ app_end ] --END-- [ RunTime:0.001078s ]

[ 2017-01-02T11:28:53+08:00 ] ::1 /eshop/index.php/Home/ShopCart/delCart.html
INFO: [ app_begin ] --START--
INFO: Run Behavior\ReadHtmlCacheBehavior [ RunTime:0.003175s ]
INFO: [ app_begin ] --END-- [ RunTime:0.003993s ]
INFO: [ app_end ] --START--
INFO: Run Behavior\ShowPageTraceBehavior [ RunTime:0.001251s ]
INFO: [ app_end ] --END-- [ RunTime:0.001449s ]

[ 2017-01-02T11:29:06+08:00 ] ::1 /eshop/index.php/Home/ShopCart/delCart.html
INFO: [ app_begin ] --START--
INFO: Run Behavior\ReadHtmlCacheBehavior [ RunTime:0.000937s ]
INFO: [ app_begin ] --END-- [ RunTime:0.001614s ]
INFO: [ app_end ] --START--
INFO: Run Behavior\ShowPageTraceBehavior [ RunTime:0.000930s ]
INFO: [ app_end ] --END-- [ RunTime:0.001028s ]

[ 2017-01-02T11:29:39+08:00 ] ::1 /eshop/index.php/Home/ShopCart/delCart.html
INFO: [ app_begin ] --START--
INFO: Run Behavior\ReadHtmlCacheBehavior [ RunTime:0.000846s ]
INFO: [ app_begin ] --END-- [ RunTime:0.001437s ]
INFO: [ app_end ] --START--
INFO: Run Behavior\ShowPageTraceBehavior [ RunTime:0.000998s ]
INFO: [ app_end ] --END-- [ RunTime:0.001128s ]

[ 2017-01-02T11:30:03+08:00 ] ::1 /eshop/index.php/Home/ShopCart/delCart.html
INFO: [ app_begin ] --START--
INFO: Run Behavior\ReadHtmlCacheBehavior [ RunTime:0.000920s ]
INFO: [ app_begin ] --END-- [ RunTime:0.001456s ]
INFO: [ app_end ] --START--
INFO: Run Behavior\ShowPageTraceBehavior [ RunTime:0.001997s ]
INFO: [ app_end ] --END-- [ RunTime:0.002161s ]

[ 2017-01-02T11:30:15+08:00 ] ::1 /eshop/index.php/Home/ShopCart/delCart.html
INFO: [ app_begin ] --START--
INFO: Run Behavior\ReadHtmlCacheBehavior [ RunTime:0.000943s ]
INFO: [ app_begin ] --END-- [ RunTime:0.001571s ]
INFO: [ app_end ] --START--
INFO: Run Behavior\ShowPageTraceBehavior [ RunTime:0.002248s ]
INFO: [ app_end ] --END-- [ RunTime:0.002410s ]

[ 2017-01-02T11:30:30+08:00 ] ::1 /eshop/index.php/Home/ShopCart/delCart.html
INFO: [ app_begin ] --START--
INFO: Run Behavior\ReadHtmlCacheBehavior [ RunTime:0.001533s ]
INFO: [ app_begin ] --END-- [ RunTime:0.002253s ]
INFO: [ app_end ] --START--
INFO: Run Behavior\ShowPageTraceBehavior [ RunTime:0.001472s ]
INFO: [ app_end ] --END-- [ RunTime:0.001622s ]

[ 2017-01-02T11:30:43+08:00 ] ::1 /eshop/index.php/Home/ShopCart/delCart.html
INFO: [ app_begin ] --START--
INFO: Run Behavior\ReadHtmlCacheBehavior [ RunTime:0.002224s ]
INFO: [ app_begin ] --END-- [ RunTime:0.003068s ]
INFO: [ app_end ] --START--
INFO: Run Behavior\ShowPageTraceBehavior [ RunTime:0.001498s ]
INFO: [ app_end ] --END-- [ RunTime:0.001636s ]

[ 2017-01-02T11:31:19+08:00 ] ::1 /eshop/index.php/Home/ShopCart/delCart.html
INFO: [ app_begin ] --START--
INFO: Run Behavior\ReadHtmlCacheBehavior [ RunTime:0.001923s ]
INFO: [ app_begin ] --END-- [ RunTime:0.002822s ]
INFO: [ app_end ] --START--
INFO: Run Behavior\ShowPageTraceBehavior [ RunTime:0.002642s ]
INFO: [ app_end ] --END-- [ RunTime:0.002919s ]

[ 2017-01-02T11:31:33+08:00 ] ::1 /eshop/index.php/Home/ShopCart/delCart.html
INFO: [ app_begin ] --START--
INFO: Run Behavior\ReadHtmlCacheBehavior [ RunTime:0.000865s ]
INFO: [ app_begin ] --END-- [ RunTime:0.001423s ]
INFO: [ app_end ] --START--
INFO: Run Behavior\ShowPageTraceBehavior [ RunTime:0.001050s ]
INFO: [ app_end ] --END-- [ RunTime:0.001157s ]

[ 2017-01-02T11:32:43+08:00 ] ::1 /eshop/index.php/Home/ShopCart/delCart.html
INFO: [ app_begin ] --START--
INFO: Run Behavior\ReadHtmlCacheBehavior [ RunTime:0.001025s ]
INFO: [ app_begin ] --END-- [ RunTime:0.001829s ]
INFO: [ app_end ] --START--
INFO: Run Behavior\ShowPageTraceBehavior [ RunTime:0.000880s ]
INFO: [ app_end ] --END-- [ RunTime:0.000981s ]

[ 2017-01-02T11:32:47+08:00 ] ::1 /eshop/index.php/Home/ShopCart/delCart.html
INFO: [ app_begin ] --START--
INFO: Run Behavior\ReadHtmlCacheBehavior [ RunTime:0.001731s ]
INFO: [ app_begin ] --END-- [ RunTime:0.002567s ]
INFO: [ app_end ] --START--
INFO: Run Behavior\ShowPageTraceBehavior [ RunTime:0.000918s ]
INFO: [ app_end ] --END-- [ RunTime:0.001026s ]

[ 2017-01-02T12:02:26+08:00 ] ::1 /eshop/index.php/Home/ShopCart/delCart.html
INFO: [ app_begin ] --START--
INFO: Run Behavior\ReadHtmlCacheBehavior [ RunTime:0.000812s ]
INFO: [ app_begin ] --END-- [ RunTime:0.001359s ]
SQL: SHOW COLUMNS FROM `eshop_shop_firstmenu` [ RunTime:0.0049s ]
SQL: DELETE FROM `eshop_shop_firstmenu` WHERE `id` = 2 [ RunTime:0.1337s ]
INFO: [ app_end ] --START--
INFO: Run Behavior\ShowPageTraceBehavior [ RunTime:0.001503s ]
INFO: [ app_end ] --END-- [ RunTime:0.001651s ]

[ 2017-01-02T12:02:34+08:00 ] ::1 /eshop/index.php/Home/ShopCart/delCart.html
INFO: [ app_begin ] --START--
INFO: Run Behavior\ReadHtmlCacheBehavior [ RunTime:0.000968s ]
INFO: [ app_begin ] --END-- [ RunTime:0.001603s ]
SQL: SHOW COLUMNS FROM `eshop_shop_firstmenu` [ RunTime:0.0059s ]
SQL: DELETE FROM `eshop_shop_firstmenu` WHERE `id` = 2 [ RunTime:0.0003s ]
INFO: [ app_end ] --START--
INFO: Run Behavior\ShowPageTraceBehavior [ RunTime:0.001191s ]
INFO: [ app_end ] --END-- [ RunTime:0.001291s ]

[ 2017-01-02T16:50:04+08:00 ] ::1 /eshop/index.php/Home/ShopCart/saveMenu.html
INFO: [ app_begin ] --START--
INFO: Run Behavior\ReadHtmlCacheBehavior [ RunTime:0.001282s ]
INFO: [ app_begin ] --END-- [ RunTime:0.002161s ]
INFO: [ app_end ] --START--
INFO: Run Behavior\ShowPageTraceBehavior [ RunTime:0.001008s ]
INFO: [ app_end ] --END-- [ RunTime:0.001112s ]

[ 2017-01-02T16:52:46+08:00 ] ::1 /eshop/index.php/Home/ShopCart/saveMenu.html
INFO: [ app_begin ] --START--
INFO: Run Behavior\ReadHtmlCacheBehavior [ RunTime:0.001325s ]
INFO: [ app_begin ] --END-- [ RunTime:0.002039s ]
INFO: [ app_end ] --START--
INFO: Run Behavior\ShowPageTraceBehavior [ RunTime:0.001074s ]
INFO: [ app_end ] --END-- [ RunTime:0.001222s ]

[ 2017-01-02T16:54:12+08:00 ] ::1 /eshop/index.php/Home/ShopCart/saveMenu.html
INFO: [ app_begin ] --START--
INFO: Run Behavior\ReadHtmlCacheBehavior [ RunTime:0.000808s ]
INFO: [ app_begin ] --END-- [ RunTime:0.001494s ]
INFO: [ app_end ] --START--
INFO: Run Behavior\ShowPageTraceBehavior [ RunTime:0.000870s ]
INFO: [ app_end ] --END-- [ RunTime:0.000976s ]

[ 2017-01-02T17:34:28+08:00 ] ::1 /eshop/index.php/Home/ShopCart/saveMenu.html
INFO: [ app_begin ] --START--
INFO: Run Behavior\ReadHtmlCacheBehavior [ RunTime:0.000759s ]
INFO: [ app_begin ] --END-- [ RunTime:0.001284s ]
INFO: [ app_end ] --START--
INFO: Run Behavior\ShowPageTraceBehavior [ RunTime:0.000931s ]
INFO: [ app_end ] --END-- [ RunTime:0.001035s ]

[ 2017-01-02T17:36:13+08:00 ] ::1 /eshop/index.php/Home/ShopCart/saveMenu.html
INFO: [ app_begin ] --START--
INFO: Run Behavior\ReadHtmlCacheBehavior [ RunTime:0.001274s ]
INFO: [ app_begin ] --END-- [ RunTime:0.001879s ]
INFO: [ app_end ] --START--
INFO: Run Behavior\ShowPageTraceBehavior [ RunTime:0.000877s ]
INFO: [ app_end ] --END-- [ RunTime:0.000961s ]

[ 2017-01-02T18:17:15+08:00 ] ::1 /eshop/index.php/Home/ShopCart/saveMenu.html
INFO: [ app_begin ] --START--
INFO: Run Behavior\ReadHtmlCacheBehavior [ RunTime:0.000870s ]
INFO: [ app_begin ] --END-- [ RunTime:0.001647s ]
INFO: [ app_end ] --START--
INFO: Run Behavior\ShowPageTraceBehavior [ RunTime:0.000880s ]
INFO: [ app_end ] --END-- [ RunTime:0.000970s ]

[ 2017-01-02T18:18:14+08:00 ] ::1 /eshop/index.php/Home/ShopCart/saveMenu.html
INFO: [ app_begin ] --START--
INFO: Run Behavior\ReadHtmlCacheBehavior [ RunTime:0.001008s ]
INFO: [ app_begin ] --END-- [ RunTime:0.001633s ]
NOTIC: [8] Array to string conversion D:\wampserver\wamp\www\eshop\App\Home\Controller\ShopCartController.class.php 第 52 行.
INFO: [ app_end ] --START--
INFO: Run Behavior\ShowPageTraceBehavior [ RunTime:0.000928s ]
INFO: [ app_end ] --END-- [ RunTime:0.001020s ]

[ 2017-01-02T18:18:50+08:00 ] ::1 /eshop/index.php/Home/ShopCart/saveMenu.html
INFO: [ app_begin ] --START--
INFO: Run Behavior\ReadHtmlCacheBehavior [ RunTime:0.000844s ]
INFO: [ app_begin ] --END-- [ RunTime:0.001495s ]
INFO: [ app_end ] --START--
INFO: Run Behavior\ShowPageTraceBehavior [ RunTime:0.001229s ]
INFO: [ app_end ] --END-- [ RunTime:0.001365s ]

[ 2017-01-02T18:20:51+08:00 ] ::1 /eshop/index.php/Home/ShopCart/saveMenu.html
INFO: [ app_begin ] --START--
INFO: Run Behavior\ReadHtmlCacheBehavior [ RunTime:0.001210s ]
INFO: [ app_begin ] --END-- [ RunTime:0.001863s ]
INFO: [ app_end ] --START--
INFO: Run Behavior\ShowPageTraceBehavior [ RunTime:0.000941s ]
INFO: [ app_end ] --END-- [ RunTime:0.001031s ]

[ 2017-01-02T18:21:07+08:00 ] ::1 /eshop/index.php/Home/ShopCart/saveMenu.html
INFO: [ app_begin ] --START--
INFO: Run Behavior\ReadHtmlCacheBehavior [ RunTime:0.001287s ]
INFO: [ app_begin ] --END-- [ RunTime:0.002000s ]
INFO: [ app_end ] --START--
INFO: Run Behavior\ShowPageTraceBehavior [ RunTime:0.000944s ]
INFO: [ app_end ] --END-- [ RunTime:0.001065s ]

[ 2017-01-02T18:42:53+08:00 ] ::1 /eshop/index.php/Home/ShopCart/saveMenu.html
INFO: [ app_begin ] --START--
INFO: Run Behavior\ReadHtmlCacheBehavior [ RunTime:0.000785s ]
INFO: [ app_begin ] --END-- [ RunTime:0.001367s ]
SQL: SHOW COLUMNS FROM `eshop_shop_secondmenu` [ RunTime:0.0054s ]
NOTIC: [8] Undefined index: validate D:\wampserver\wamp\www\eshop\ThinkPHP\Library\Think\Model.class.php 第 1185 行.
NOTIC: [8] Undefined index: auto D:\wampserver\wamp\www\eshop\ThinkPHP\Library\Think\Model.class.php 第 1128 行.

[ 2017-01-02T18:44:10+08:00 ] ::1 /eshop/index.php/Home/ShopCart/saveMenu.html
INFO: [ app_begin ] --START--
INFO: Run Behavior\ReadHtmlCacheBehavior [ RunTime:0.000870s ]
INFO: [ app_begin ] --END-- [ RunTime:0.001467s ]
SQL: SHOW COLUMNS FROM `eshop_shop_secondmenu` [ RunTime:0.0062s ]
NOTIC: [8] Undefined index: validate D:\wampserver\wamp\www\eshop\ThinkPHP\Library\Think\Model.class.php 第 1185 行.
NOTIC: [8] Undefined index: auto D:\wampserver\wamp\www\eshop\ThinkPHP\Library\Think\Model.class.php 第 1128 行.

[ 2017-01-02T18:44:45+08:00 ] ::1 /eshop/index.php/Home/ShopCart/saveMenu.html
INFO: [ app_begin ] --START--
INFO: Run Behavior\ReadHtmlCacheBehavior [ RunTime:0.000819s ]
INFO: [ app_begin ] --END-- [ RunTime:0.001394s ]

[ 2017-01-02T18:46:12+08:00 ] ::1 /eshop/index.php/Home/ShopCart/saveMenu.html
INFO: [ app_begin ] --START--
INFO: Run Behavior\ReadHtmlCacheBehavior [ RunTime:0.000888s ]
INFO: [ app_begin ] --END-- [ RunTime:0.001476s ]

[ 2017-01-02T18:46:31+08:00 ] ::1 /eshop/index.php/Home/ShopCart/saveMenu.html
INFO: [ app_begin ] --START--
INFO: Run Behavior\ReadHtmlCacheBehavior [ RunTime:0.000810s ]
INFO: [ app_begin ] --END-- [ RunTime:0.001338s ]
SQL: SHOW COLUMNS FROM `eshop_shop_secondmenu` [ RunTime:0.0059s ]
SQL: INSERT INTO `eshop_shop_secondmenu` (`sname`,`pid`,`create_time`) VALUES ('陈飒飒','1','1483353990') [ RunTime:0.1657s ]

[ 2017-01-02T18:50:01+08:00 ] ::1 /eshop/index.php/Home/ShopCart/saveMenu.html
INFO: [ app_begin ] --START--
INFO: Run Behavior\ReadHtmlCacheBehavior [ RunTime:0.000891s ]
INFO: [ app_begin ] --END-- [ RunTime:0.001641s ]
SQL: SHOW COLUMNS FROM `eshop_shop_secondmenu` [ RunTime:0.0052s ]
SQL: INSERT INTO `eshop_shop_secondmenu` (`sname`,`pid`,`create_time`) VALUES ('测试','1','1483354201') [ RunTime:0.1090s ]
SQL: INSERT INTO `eshop_shop_secondmenu` (`sname`,`pid`,`create_time`) VALUES ('测试1','1','1483354201') [ RunTime:0.0439s ]

[ 2017-01-02T20:07:29+08:00 ] ::1 /eshop/index.php/Home/ShopCart/saveMenu.html
INFO: [ app_begin ] --START--
INFO: Run Behavior\ReadHtmlCacheBehavior [ RunTime:0.001154s ]
INFO: [ app_begin ] --END-- [ RunTime:0.001795s ]

[ 2017-01-02T20:07:50+08:00 ] ::1 /eshop/index.php/Home/ShopCart/saveMenu.html
INFO: [ app_begin ] --START--
INFO: Run Behavior\ReadHtmlCacheBehavior [ RunTime:0.001491s ]
INFO: [ app_begin ] --END-- [ RunTime:0.002089s ]

[ 2017-01-02T20:08:31+08:00 ] ::1 /eshop/index.php/Home/ShopCart/saveMenu.html
INFO: [ app_begin ] --START--
INFO: Run Behavior\ReadHtmlCacheBehavior [ RunTime:0.000960s ]
INFO: [ app_begin ] --END-- [ RunTime:0.001548s ]

[ 2017-01-02T20:09:10+08:00 ] ::1 /eshop/index.php/Home/ShopCart/saveMenu.html
INFO: [ app_begin ] --START--
INFO: Run Behavior\ReadHtmlCacheBehavior [ RunTime:0.001292s ]
INFO: [ app_begin ] --END-- [ RunTime:0.002486s ]

[ 2017-01-02T20:09:12+08:00 ] ::1 /eshop/index.php/Home/ShopCart/saveMenu.html
INFO: [ app_begin ] --START--
INFO: Run Behavior\ReadHtmlCacheBehavior [ RunTime:0.001271s ]
INFO: [ app_begin ] --END-- [ RunTime:0.002278s ]

[ 2017-01-02T20:09:12+08:00 ] ::1 /eshop/index.php/Home/ShopCart/saveMenu.html
INFO: [ app_begin ] --START--
INFO: Run Behavior\ReadHtmlCacheBehavior [ RunTime:0.000893s ]
INFO: [ app_begin ] --END-- [ RunTime:0.001534s ]

[ 2017-01-02T20:09:13+08:00 ] ::1 /eshop/index.php/Home/ShopCart/saveMenu.html
INFO: [ app_begin ] --START--
INFO: Run Behavior\ReadHtmlCacheBehavior [ RunTime:0.000913s ]
INFO: [ app_begin ] --END-- [ RunTime:0.001519s ]

[ 2017-01-02T20:09:14+08:00 ] ::1 /eshop/index.php/Home/ShopCart/saveMenu.html
INFO: [ app_begin ] --START--
INFO: Run Behavior\ReadHtmlCacheBehavior [ RunTime:0.000898s ]
INFO: [ app_begin ] --END-- [ RunTime:0.001445s ]

[ 2017-01-02T20:09:15+08:00 ] ::1 /eshop/index.php/Home/ShopCart/saveMenu.html
INFO: [ app_begin ] --START--
INFO: Run Behavior\ReadHtmlCacheBehavior [ RunTime:0.001016s ]
INFO: [ app_begin ] --END-- [ RunTime:0.001754s ]

[ 2017-01-02T20:09:26+08:00 ] ::1 /eshop/index.php/Home/ShopCart/saveMenu.html
INFO: [ app_begin ] --START--
INFO: Run Behavior\ReadHtmlCacheBehavior [ RunTime:0.001640s ]
INFO: [ app_begin ] --END-- [ RunTime:0.002599s ]

[ 2017-01-02T20:10:08+08:00 ] ::1 /eshop/index.php/Home/ShopCart/saveMenu.html
INFO: [ app_begin ] --START--
INFO: Run Behavior\ReadHtmlCacheBehavior [ RunTime:0.001303s ]
INFO: [ app_begin ] --END-- [ RunTime:0.001908s ]

[ 2017-01-02T20:10:19+08:00 ] ::1 /eshop/index.php/Home/ShopCart/saveMenu.html
INFO: [ app_begin ] --START--
INFO: Run Behavior\ReadHtmlCacheBehavior [ RunTime:0.000952s ]
INFO: [ app_begin ] --END-- [ RunTime:0.001515s ]

[ 2017-01-02T20:11:31+08:00 ] ::1 /eshop/index.php/Home/ShopCart/saveMenu.html
INFO: [ app_begin ] --START--
INFO: Run Behavior\ReadHtmlCacheBehavior [ RunTime:0.000852s ]
INFO: [ app_begin ] --END-- [ RunTime:0.001389s ]

[ 2017-01-02T20:13:13+08:00 ] ::1 /eshop/index.php/Home/ShopCart/saveMenu.html
INFO: [ app_begin ] --START--
INFO: Run Behavior\ReadHtmlCacheBehavior [ RunTime:0.000961s ]
INFO: [ app_begin ] --END-- [ RunTime:0.001697s ]

[ 2017-01-02T20:15:58+08:00 ] ::1 /eshop/index.php/Home/ShopCart/saveMenu.html
INFO: [ app_begin ] --START--
INFO: Run Behavior\ReadHtmlCacheBehavior [ RunTime:0.000929s ]
INFO: [ app_begin ] --END-- [ RunTime:0.001537s ]

[ 2017-01-02T20:16:43+08:00 ] ::1 /eshop/index.php/Home/ShopCart/saveMenu.html
INFO: [ app_begin ] --START--
INFO: Run Behavior\ReadHtmlCacheBehavior [ RunTime:0.001289s ]
INFO: [ app_begin ] --END-- [ RunTime:0.002150s ]

[ 2017-01-02T20:17:33+08:00 ] ::1 /eshop/index.php/Home/ShopCart/saveMenu.html
INFO: [ app_begin ] --START--
INFO: Run Behavior\ReadHtmlCacheBehavior [ RunTime:0.000920s ]
INFO: [ app_begin ] --END-- [ RunTime:0.001482s ]

[ 2017-01-02T20:18:09+08:00 ] ::1 /eshop/index.php/Home/ShopCart/saveMenu.html
INFO: [ app_begin ] --START--
INFO: Run Behavior\ReadHtmlCacheBehavior [ RunTime:0.000998s ]
INFO: [ app_begin ] --END-- [ RunTime:0.001622s ]

[ 2017-01-02T20:18:51+08:00 ] ::1 /eshop/index.php/Home/ShopCart/saveMenu.html
INFO: [ app_begin ] --START--
INFO: Run Behavior\ReadHtmlCacheBehavior [ RunTime:0.000895s ]
INFO: [ app_begin ] --END-- [ RunTime:0.001451s ]

[ 2017-01-02T20:19:20+08:00 ] ::1 /eshop/index.php/Home/ShopCart/saveMenu.html
INFO: [ app_begin ] --START--
INFO: Run Behavior\ReadHtmlCacheBehavior [ RunTime:0.000905s ]
INFO: [ app_begin ] --END-- [ RunTime:0.001486s ]

[ 2017-01-02T20:20:15+08:00 ] ::1 /eshop/index.php/Home/ShopCart/saveMenu.html
INFO: [ app_begin ] --START--
INFO: Run Behavior\ReadHtmlCacheBehavior [ RunTime:0.000878s ]
INFO: [ app_begin ] --END-- [ RunTime:0.001441s ]

[ 2017-01-02T20:20:21+08:00 ] ::1 /eshop/index.php/Home/ShopCart/saveMenu.html
INFO: [ app_begin ] --START--
INFO: Run Behavior\ReadHtmlCacheBehavior [ RunTime:0.000940s ]
INFO: [ app_begin ] --END-- [ RunTime:0.001467s ]

[ 2017-01-02T20:26:44+08:00 ] ::1 /eshop/index.php/Home/ShopCart/saveMenu.html
INFO: [ app_begin ] --START--
INFO: Run Behavior\ReadHtmlCacheBehavior [ RunTime:0.001446s ]
INFO: [ app_begin ] --END-- [ RunTime:0.002178s ]

[ 2017-01-02T20:26:49+08:00 ] ::1 /eshop/index.php/Home/ShopCart/saveMenu.html
INFO: [ app_begin ] --START--
INFO: Run Behavior\ReadHtmlCacheBehavior [ RunTime:0.000901s ]
INFO: [ app_begin ] --END-- [ RunTime:0.001558s ]

[ 2017-01-02T20:26:50+08:00 ] ::1 /eshop/index.php/Home/ShopCart/saveMenu.html
INFO: [ app_begin ] --START--
INFO: Run Behavior\ReadHtmlCacheBehavior [ RunTime:0.000872s ]
INFO: [ app_begin ] --END-- [ RunTime:0.001414s ]

[ 2017-01-02T20:32:16+08:00 ] ::1 /eshop/index.php/Home/ShopCart/saveMenu.html
INFO: [ app_begin ] --START--
INFO: Run Behavior\ReadHtmlCacheBehavior [ RunTime:0.000934s ]
INFO: [ app_begin ] --END-- [ RunTime:0.001602s ]

[ 2017-01-02T20:32:52+08:00 ] ::1 /eshop/index.php/Home/ShopCart/saveMenu.html
INFO: [ app_begin ] --START--
INFO: Run Behavior\ReadHtmlCacheBehavior [ RunTime:0.001442s ]
INFO: [ app_begin ] --END-- [ RunTime:0.002293s ]

[ 2017-01-02T20:34:11+08:00 ] ::1 /eshop/index.php/Home/ShopCart/saveMenu.html
INFO: [ app_begin ] --START--
INFO: Run Behavior\ReadHtmlCacheBehavior [ RunTime:0.000890s ]
INFO: [ app_begin ] --END-- [ RunTime:0.001440s ]

[ 2017-01-02T20:34:26+08:00 ] ::1 /eshop/index.php/Home/ShopCart/saveMenu.html
INFO: [ app_begin ] --START--
INFO: Run Behavior\ReadHtmlCacheBehavior [ RunTime:0.000872s ]
INFO: [ app_begin ] --END-- [ RunTime:0.001422s ]

[ 2017-01-02T20:34:27+08:00 ] ::1 /eshop/index.php/Home/ShopCart/saveMenu.html
INFO: [ app_begin ] --START--
INFO: Run Behavior\ReadHtmlCacheBehavior [ RunTime:0.001394s ]
INFO: [ app_begin ] --END-- [ RunTime:0.001987s ]

[ 2017-01-02T20:34:29+08:00 ] ::1 /eshop/index.php/Home/ShopCart/saveMenu.html
INFO: [ app_begin ] --START--
INFO: Run Behavior\ReadHtmlCacheBehavior [ RunTime:0.000877s ]
INFO: [ app_begin ] --END-- [ RunTime:0.001391s ]

[ 2017-01-02T20:34:50+08:00 ] ::1 /eshop/index.php/Home/ShopCart/saveMenu.html
INFO: [ app_begin ] --START--
INFO: Run Behavior\ReadHtmlCacheBehavior [ RunTime:0.000891s ]
INFO: [ app_begin ] --END-- [ RunTime:0.001417s ]

[ 2017-01-02T20:34:56+08:00 ] ::1 /eshop/index.php/Home/ShopCart/saveMenu.html
INFO: [ app_begin ] --START--
INFO: Run Behavior\ReadHtmlCacheBehavior [ RunTime:0.000972s ]
INFO: [ app_begin ] --END-- [ RunTime:0.001657s ]

[ 2017-01-02T20:35:10+08:00 ] ::1 /eshop/index.php/Home/ShopCart/saveMenu.html
INFO: [ app_begin ] --START--
INFO: Run Behavior\ReadHtmlCacheBehavior [ RunTime:0.001174s ]
INFO: [ app_begin ] --END-- [ RunTime:0.001878s ]

[ 2017-01-02T20:35:42+08:00 ] ::1 /eshop/index.php/Home/ShopCart/saveMenu.html
INFO: [ app_begin ] --START--
INFO: Run Behavior\ReadHtmlCacheBehavior [ RunTime:0.000813s ]
INFO: [ app_begin ] --END-- [ RunTime:0.001434s ]

[ 2017-01-02T20:43:46+08:00 ] ::1 /eshop/index.php/Home/ShopCart/saveMenu.html
INFO: [ app_begin ] --START--
INFO: Run Behavior\ReadHtmlCacheBehavior [ RunTime:0.001058s ]
INFO: [ app_begin ] --END-- [ RunTime:0.001778s ]

[ 2017-01-02T20:49:04+08:00 ] ::1 /eshop/index.php/Home/ShopCart/saveMenu.html
INFO: [ app_begin ] --START--
INFO: Run Behavior\ReadHtmlCacheBehavior [ RunTime:0.000917s ]
INFO: [ app_begin ] --END-- [ RunTime:0.001504s ]

[ 2017-01-02T20:49:54+08:00 ] ::1 /eshop/index.php/Home/ShopCart/saveMenu.html
INFO: [ app_begin ] --START--
INFO: Run Behavior\ReadHtmlCacheBehavior [ RunTime:0.000987s ]
INFO: [ app_begin ] --END-- [ RunTime:0.001602s ]

[ 2017-01-02T20:51:21+08:00 ] ::1 /eshop/index.php/Home/ShopCart/saveMenu.html
INFO: [ app_begin ] --START--
INFO: Run Behavior\ReadHtmlCacheBehavior [ RunTime:0.001393s ]
INFO: [ app_begin ] --END-- [ RunTime:0.002000s ]

[ 2017-01-02T20:51:54+08:00 ] ::1 /eshop/index.php/Home/ShopCart/saveMenu.html
INFO: [ app_begin ] --START--
INFO: Run Behavior\ReadHtmlCacheBehavior [ RunTime:0.000941s ]
INFO: [ app_begin ] --END-- [ RunTime:0.001694s ]

[ 2017-01-02T20:51:55+08:00 ] ::1 /eshop/index.php/Home/ShopCart/saveMenu.html
INFO: [ app_begin ] --START--
INFO: Run Behavior\ReadHtmlCacheBehavior [ RunTime:0.000983s ]
INFO: [ app_begin ] --END-- [ RunTime:0.001612s ]

[ 2017-01-02T20:53:02+08:00 ] ::1 /eshop/index.php/Home/ShopCart/saveMenu.html
INFO: [ app_begin ] --START--
INFO: Run Behavior\ReadHtmlCacheBehavior [ RunTime:0.001351s ]
INFO: [ app_begin ] --END-- [ RunTime:0.002303s ]

[ 2017-01-02T20:53:47+08:00 ] ::1 /eshop/index.php/Home/ShopCart/saveMenu.html
INFO: [ app_begin ] --START--
INFO: Run Behavior\ReadHtmlCacheBehavior [ RunTime:0.001257s ]
INFO: [ app_begin ] --END-- [ RunTime:0.001824s ]

[ 2017-01-02T20:54:00+08:00 ] ::1 /eshop/index.php/Home/ShopCart/saveMenu.html
INFO: [ app_begin ] --START--
INFO: Run Behavior\ReadHtmlCacheBehavior [ RunTime:0.001191s ]
INFO: [ app_begin ] --END-- [ RunTime:0.002786s ]

[ 2017-01-02T20:54:06+08:00 ] ::1 /eshop/index.php/Home/ShopCart/saveMenu.html
INFO: [ app_begin ] --START--
INFO: Run Behavior\ReadHtmlCacheBehavior [ RunTime:0.001313s ]
INFO: [ app_begin ] --END-- [ RunTime:0.001872s ]

[ 2017-01-02T20:54:07+08:00 ] ::1 /eshop/index.php/Home/ShopCart/saveMenu.html
INFO: [ app_begin ] --START--
INFO: Run Behavior\ReadHtmlCacheBehavior [ RunTime:0.001083s ]
INFO: [ app_begin ] --END-- [ RunTime:0.001673s ]

[ 2017-01-02T20:54:07+08:00 ] ::1 /eshop/index.php/Home/ShopCart/saveMenu.html
INFO: [ app_begin ] --START--
INFO: Run Behavior\ReadHtmlCacheBehavior [ RunTime:0.000888s ]
INFO: [ app_begin ] --END-- [ RunTime:0.001445s ]

[ 2017-01-02T20:54:08+08:00 ] ::1 /eshop/index.php/Home/ShopCart/saveMenu.html
INFO: [ app_begin ] --START--
INFO: Run Behavior\ReadHtmlCacheBehavior [ RunTime:0.000905s ]
INFO: [ app_begin ] --END-- [ RunTime:0.001440s ]

[ 2017-01-02T20:54:08+08:00 ] ::1 /eshop/index.php/Home/ShopCart/saveMenu.html
INFO: [ app_begin ] --START--
INFO: Run Behavior\ReadHtmlCacheBehavior [ RunTime:0.000931s ]
INFO: [ app_begin ] --END-- [ RunTime:0.001578s ]

[ 2017-01-02T20:54:08+08:00 ] ::1 /eshop/index.php/Home/ShopCart/saveMenu.html
INFO: [ app_begin ] --START--
INFO: Run Behavior\ReadHtmlCacheBehavior [ RunTime:0.001501s ]
INFO: [ app_begin ] --END-- [ RunTime:0.002352s ]

[ 2017-01-02T20:54:09+08:00 ] ::1 /eshop/index.php/Home/ShopCart/saveMenu.html
INFO: [ app_begin ] --START--
INFO: Run Behavior\ReadHtmlCacheBehavior [ RunTime:0.001127s ]
INFO: [ app_begin ] --END-- [ RunTime:0.001680s ]

[ 2017-01-02T20:54:09+08:00 ] ::1 /eshop/index.php/Home/ShopCart/saveMenu.html
INFO: [ app_begin ] --START--
INFO: Run Behavior\ReadHtmlCacheBehavior [ RunTime:0.001428s ]
INFO: [ app_begin ] --END-- [ RunTime:0.002317s ]

[ 2017-01-02T20:54:09+08:00 ] ::1 /eshop/index.php/Home/ShopCart/saveMenu.html
INFO: [ app_begin ] --START--
INFO: Run Behavior\ReadHtmlCacheBehavior [ RunTime:0.000890s ]
INFO: [ app_begin ] --END-- [ RunTime:0.001469s ]

[ 2017-01-02T20:54:09+08:00 ] ::1 /eshop/index.php/Home/ShopCart/saveMenu.html
INFO: [ app_begin ] --START--
INFO: Run Behavior\ReadHtmlCacheBehavior [ RunTime:0.001845s ]
INFO: [ app_begin ] --END-- [ RunTime:0.002740s ]

[ 2017-01-02T20:54:09+08:00 ] ::1 /eshop/index.php/Home/ShopCart/saveMenu.html
INFO: [ app_begin ] --START--
INFO: Run Behavior\ReadHtmlCacheBehavior [ RunTime:0.001062s ]
INFO: [ app_begin ] --END-- [ RunTime:0.001680s ]

[ 2017-01-02T20:54:10+08:00 ] ::1 /eshop/index.php/Home/ShopCart/saveMenu.html
INFO: [ app_begin ] --START--
INFO: Run Behavior\ReadHtmlCacheBehavior [ RunTime:0.000922s ]
INFO: [ app_begin ] --END-- [ RunTime:0.001446s ]

[ 2017-01-02T20:54:10+08:00 ] ::1 /eshop/index.php/Home/ShopCart/saveMenu.html
INFO: [ app_begin ] --START--
INFO: Run Behavior\ReadHtmlCacheBehavior [ RunTime:0.001043s ]
INFO: [ app_begin ] --END-- [ RunTime:0.001713s ]

[ 2017-01-02T20:54:10+08:00 ] ::1 /eshop/index.php/Home/ShopCart/saveMenu.html
INFO: [ app_begin ] --START--
INFO: Run Behavior\ReadHtmlCacheBehavior [ RunTime:0.001028s ]
INFO: [ app_begin ] --END-- [ RunTime:0.001618s ]

[ 2017-01-02T20:54:18+08:00 ] ::1 /eshop/index.php/Home/ShopCart/saveMenu.html
INFO: [ app_begin ] --START--
INFO: Run Behavior\ReadHtmlCacheBehavior [ RunTime:0.000859s ]
INFO: [ app_begin ] --END-- [ RunTime:0.001446s ]

[ 2017-01-02T20:54:19+08:00 ] ::1 /eshop/index.php/Home/ShopCart/saveMenu.html
INFO: [ app_begin ] --START--
INFO: Run Behavior\ReadHtmlCacheBehavior [ RunTime:0.000990s ]
INFO: [ app_begin ] --END-- [ RunTime:0.001945s ]

[ 2017-01-02T20:54:20+08:00 ] ::1 /eshop/index.php/Home/ShopCart/saveMenu.html
INFO: [ app_begin ] --START--
INFO: Run Behavior\ReadHtmlCacheBehavior [ RunTime:0.000888s ]
INFO: [ app_begin ] --END-- [ RunTime:0.001498s ]

[ 2017-01-02T20:54:22+08:00 ] ::1 /eshop/index.php/Home/ShopCart/saveMenu.html
INFO: [ app_begin ] --START--
INFO: Run Behavior\ReadHtmlCacheBehavior [ RunTime:0.001338s ]
INFO: [ app_begin ] --END-- [ RunTime:0.002066s ]

[ 2017-01-02T20:54:23+08:00 ] ::1 /eshop/index.php/Home/ShopCart/saveMenu.html
INFO: [ app_begin ] --START--
INFO: Run Behavior\ReadHtmlCacheBehavior [ RunTime:0.000881s ]
INFO: [ app_begin ] --END-- [ RunTime:0.001440s ]

[ 2017-01-02T20:54:23+08:00 ] ::1 /eshop/index.php/Home/ShopCart/saveMenu.html
INFO: [ app_begin ] --START--
INFO: Run Behavior\ReadHtmlCacheBehavior [ RunTime:0.001074s ]
INFO: [ app_begin ] --END-- [ RunTime:0.002097s ]

[ 2017-01-02T20:54:24+08:00 ] ::1 /eshop/index.php/Home/ShopCart/saveMenu.html
INFO: [ app_begin ] --START--
INFO: Run Behavior\ReadHtmlCacheBehavior [ RunTime:0.000900s ]
INFO: [ app_begin ] --END-- [ RunTime:0.001475s ]

[ 2017-01-02T20:54:24+08:00 ] ::1 /eshop/index.php/Home/ShopCart/saveMenu.html
INFO: [ app_begin ] --START--
INFO: Run Behavior\ReadHtmlCacheBehavior [ RunTime:0.001086s ]
INFO: [ app_begin ] --END-- [ RunTime:0.001635s ]

[ 2017-01-02T20:54:31+08:00 ] ::1 /eshop/index.php/Home/ShopCart/saveMenu.html
INFO: [ app_begin ] --START--
INFO: Run Behavior\ReadHtmlCacheBehavior [ RunTime:0.000975s ]
INFO: [ app_begin ] --END-- [ RunTime:0.001629s ]

[ 2017-01-02T20:54:32+08:00 ] ::1 /eshop/index.php/Home/ShopCart/saveMenu.html
INFO: [ app_begin ] --START--
INFO: Run Behavior\ReadHtmlCacheBehavior [ RunTime:0.000866s ]
INFO: [ app_begin ] --END-- [ RunTime:0.001496s ]

[ 2017-01-02T20:54:32+08:00 ] ::1 /eshop/index.php/Home/ShopCart/saveMenu.html
INFO: [ app_begin ] --START--
INFO: Run Behavior\ReadHtmlCacheBehavior [ RunTime:0.002429s ]
INFO: [ app_begin ] --END-- [ RunTime:0.003680s ]

[ 2017-01-02T20:54:33+08:00 ] ::1 /eshop/index.php/Home/ShopCart/saveMenu.html
INFO: [ app_begin ] --START--
INFO: Run Behavior\ReadHtmlCacheBehavior [ RunTime:0.000897s ]
INFO: [ app_begin ] --END-- [ RunTime:0.001533s ]

[ 2017-01-02T20:54:33+08:00 ] ::1 /eshop/index.php/Home/ShopCart/saveMenu.html
INFO: [ app_begin ] --START--
INFO: Run Behavior\ReadHtmlCacheBehavior [ RunTime:0.001052s ]
INFO: [ app_begin ] --END-- [ RunTime:0.001839s ]

[ 2017-01-02T20:54:45+08:00 ] ::1 /eshop/index.php/Home/ShopCart/saveMenu.html
INFO: [ app_begin ] --START--
INFO: Run Behavior\ReadHtmlCacheBehavior [ RunTime:0.000879s ]
INFO: [ app_begin ] --END-- [ RunTime:0.001424s ]

[ 2017-01-02T20:54:46+08:00 ] ::1 /eshop/index.php/Home/ShopCart/saveMenu.html
INFO: [ app_begin ] --START--
INFO: Run Behavior\ReadHtmlCacheBehavior [ RunTime:0.001327s ]
INFO: [ app_begin ] --END-- [ RunTime:0.002456s ]

[ 2017-01-02T20:54:47+08:00 ] ::1 /eshop/index.php/Home/ShopCart/saveMenu.html
INFO: [ app_begin ] --START--
INFO: Run Behavior\ReadHtmlCacheBehavior [ RunTime:0.001032s ]
INFO: [ app_begin ] --END-- [ RunTime:0.001775s ]

[ 2017-01-02T20:54:47+08:00 ] ::1 /eshop/index.php/Home/ShopCart/saveMenu.html
INFO: [ app_begin ] --START--
INFO: Run Behavior\ReadHtmlCacheBehavior [ RunTime:0.000908s ]
INFO: [ app_begin ] --END-- [ RunTime:0.001532s ]

[ 2017-01-02T21:00:53+08:00 ] ::1 /eshop/index.php/Home/ShopCart/saveMenu.html
INFO: [ app_begin ] --START--
INFO: Run Behavior\ReadHtmlCacheBehavior [ RunTime:0.001205s ]
INFO: [ app_begin ] --END-- [ RunTime:0.001813s ]

[ 2017-01-02T21:01:06+08:00 ] ::1 /eshop/index.php/Home/ShopCart/saveMenu.html
INFO: [ app_begin ] --START--
INFO: Run Behavior\ReadHtmlCacheBehavior [ RunTime:0.000935s ]
INFO: [ app_begin ] --END-- [ RunTime:0.001600s ]

[ 2017-01-02T21:01:12+08:00 ] ::1 /eshop/index.php/Home/ShopCart/saveMenu.html
INFO: [ app_begin ] --START--
INFO: Run Behavior\ReadHtmlCacheBehavior [ RunTime:0.000989s ]
INFO: [ app_begin ] --END-- [ RunTime:0.001590s ]

[ 2017-01-02T21:02:31+08:00 ] ::1 /eshop/index.php/Home/ShopCart/saveMenu.html
INFO: [ app_begin ] --START--
INFO: Run Behavior\ReadHtmlCacheBehavior [ RunTime:0.000984s ]
INFO: [ app_begin ] --END-- [ RunTime:0.001846s ]

[ 2017-01-02T21:02:39+08:00 ] ::1 /eshop/index.php/Home/ShopCart/saveMenu.html
INFO: [ app_begin ] --START--
INFO: Run Behavior\ReadHtmlCacheBehavior [ RunTime:0.001228s ]
INFO: [ app_begin ] --END-- [ RunTime:0.002183s ]

[ 2017-01-02T21:02:56+08:00 ] ::1 /eshop/index.php/Home/ShopCart/saveMenu.html
INFO: [ app_begin ] --START--
INFO: Run Behavior\ReadHtmlCacheBehavior [ RunTime:0.001153s ]
INFO: [ app_begin ] --END-- [ RunTime:0.001775s ]

[ 2017-01-02T21:06:14+08:00 ] ::1 /eshop/index.php/Home/ShopCart/saveMenu.html
INFO: [ app_begin ] --START--
INFO: Run Behavior\ReadHtmlCacheBehavior [ RunTime:0.001713s ]
INFO: [ app_begin ] --END-- [ RunTime:0.002290s ]

[ 2017-01-02T21:06:34+08:00 ] ::1 /eshop/index.php/Home/ShopCart/saveMenu.html
INFO: [ app_begin ] --START--
INFO: Run Behavior\ReadHtmlCacheBehavior [ RunTime:0.000868s ]
INFO: [ app_begin ] --END-- [ RunTime:0.001437s ]

[ 2017-01-02T21:07:42+08:00 ] ::1 /eshop/index.php/Home/ShopCart/saveMenu.html
INFO: [ app_begin ] --START--
INFO: Run Behavior\ReadHtmlCacheBehavior [ RunTime:0.000983s ]
INFO: [ app_begin ] --END-- [ RunTime:0.001561s ]

[ 2017-01-02T21:08:27+08:00 ] ::1 /eshop/index.php/Home/ShopCart/saveMenu.html
INFO: [ app_begin ] --START--
INFO: Run Behavior\ReadHtmlCacheBehavior [ RunTime:0.001020s ]
INFO: [ app_begin ] --END-- [ RunTime:0.001701s ]

[ 2017-01-02T21:08:28+08:00 ] ::1 /eshop/index.php/Home/ShopCart/saveMenu.html
INFO: [ app_begin ] --START--
INFO: Run Behavior\ReadHtmlCacheBehavior [ RunTime:0.000915s ]
INFO: [ app_begin ] --END-- [ RunTime:0.001505s ]

[ 2017-01-02T21:08:29+08:00 ] ::1 /eshop/index.php/Home/ShopCart/saveMenu.html
INFO: [ app_begin ] --START--
INFO: Run Behavior\ReadHtmlCacheBehavior [ RunTime:0.000922s ]
INFO: [ app_begin ] --END-- [ RunTime:0.001525s ]

