[ 2017-01-04T10:48:15+08:00 ] ::1 /eshop/index.php/Good/getWebCart.html
INFO: [ app_begin ] --START--
INFO: Run Behavior\ReadHtmlCacheBehavior [ RunTime:0.000845s ]
INFO: [ app_begin ] --END-- [ RunTime:0.001432s ]
INFO: [ app_end ] --START--
INFO: Run Behavior\ShowPageTraceBehavior [ RunTime:0.000963s ]
INFO: [ app_end ] --END-- [ RunTime:0.001088s ]

[ 2017-01-04T10:50:28+08:00 ] ::1 /eshop/index.php/Good/getWebCart.html
INFO: [ app_begin ] --START--
INFO: Run Behavior\ReadHtmlCacheBehavior [ RunTime:0.000911s ]
INFO: [ app_begin ] --END-- [ RunTime:0.001713s ]
INFO: [ app_end ] --START--
INFO: Run Behavior\ShowPageTraceBehavior [ RunTime:0.000939s ]
INFO: [ app_end ] --END-- [ RunTime:0.001043s ]

[ 2017-01-04T11:05:39+08:00 ] ::1 /eshop/index.php/Good/getWebCart.html
INFO: [ app_begin ] --START--
INFO: Run Behavior\ReadHtmlCacheBehavior [ RunTime:0.001952s ]
INFO: [ app_begin ] --END-- [ RunTime:0.002779s ]

[ 2017-01-04T11:06:29+08:00 ] ::1 /eshop/index.php/Good/getWebCart.html
INFO: [ app_begin ] --START--
INFO: Run Behavior\ReadHtmlCacheBehavior [ RunTime:0.001491s ]
INFO: [ app_begin ] --END-- [ RunTime:0.002500s ]
SQL: SHOW COLUMNS FROM `eshop_secondmenu` [ RunTime:0.0059s ]
SQL: SELECT `id`,`name` FROM `eshop_secondmenu` WHERE `pid` = 2 AND `is_show` = 1  [ RunTime:0.0004s ]

[ 2017-01-04T11:08:25+08:00 ] ::1 /eshop/index.php/Good/getWebCart.html
INFO: [ app_begin ] --START--
INFO: Run Behavior\ReadHtmlCacheBehavior [ RunTime:0.000896s ]
INFO: [ app_begin ] --END-- [ RunTime:0.001486s ]
SQL: SHOW COLUMNS FROM `eshop_secondmenu` [ RunTime:0.0052s ]
SQL: SELECT `id`,`name` FROM `eshop_secondmenu` WHERE `pid` = 3 AND `is_show` = 1  [ RunTime:0.0004s ]
NOTIC: [2] strtoupper() expects parameter 1 to be string, array given D:\wampserver\wamp\www\eshop\ThinkPHP\Library\Think\Controller.class.php 第 212 行.
INFO: [ app_end ] --START--
INFO: Run Behavior\ShowPageTraceBehavior [ RunTime:0.001153s ]
INFO: [ app_end ] --END-- [ RunTime:0.001256s ]

[ 2017-01-04T11:09:18+08:00 ] ::1 /eshop/index.php/Good/getWebCart.html
INFO: [ app_begin ] --START--
INFO: Run Behavior\ReadHtmlCacheBehavior [ RunTime:0.000790s ]
INFO: [ app_begin ] --END-- [ RunTime:0.001363s ]
SQL: SHOW COLUMNS FROM `eshop_secondmenu` [ RunTime:0.0070s ]
SQL: SELECT `id`,`name` FROM `eshop_secondmenu` WHERE `pid` = 2 AND `is_show` = 1  [ RunTime:0.0006s ]
NOTIC: [2] strtoupper() expects parameter 1 to be string, array given D:\wampserver\wamp\www\eshop\ThinkPHP\Library\Think\Controller.class.php 第 212 行.
INFO: [ app_end ] --START--
INFO: Run Behavior\ShowPageTraceBehavior [ RunTime:0.001079s ]
INFO: [ app_end ] --END-- [ RunTime:0.001192s ]

[ 2017-01-04T11:09:44+08:00 ] ::1 /eshop/index.php/Good/getWebCart.html
INFO: [ app_begin ] --START--
INFO: Run Behavior\ReadHtmlCacheBehavior [ RunTime:0.000805s ]
INFO: [ app_begin ] --END-- [ RunTime:0.001408s ]
SQL: SHOW COLUMNS FROM `eshop_secondmenu` [ RunTime:0.0059s ]
SQL: SELECT `id`,`name` FROM `eshop_secondmenu` WHERE `pid` = 3 AND `is_show` = 1  [ RunTime:0.0004s ]

[ 2017-01-04T11:13:21+08:00 ] ::1 /eshop/index.php/Good/getWebCart.html
INFO: [ app_begin ] --START--
INFO: Run Behavior\ReadHtmlCacheBehavior [ RunTime:0.000791s ]
INFO: [ app_begin ] --END-- [ RunTime:0.001353s ]
SQL: SHOW COLUMNS FROM `eshop_secondmenu` [ RunTime:0.0053s ]
SQL: SELECT `id`,`name` FROM `eshop_secondmenu` WHERE `pid` = 3 AND `is_show` = 1  [ RunTime:0.0005s ]

[ 2017-01-04T11:14:27+08:00 ] ::1 /eshop/index.php/Good/getWebCart.html
INFO: [ app_begin ] --START--
INFO: Run Behavior\ReadHtmlCacheBehavior [ RunTime:0.001235s ]
INFO: [ app_begin ] --END-- [ RunTime:0.001872s ]
SQL: SHOW COLUMNS FROM `eshop_secondmenu` [ RunTime:0.0069s ]
SQL: SELECT `id`,`name` FROM `eshop_secondmenu` WHERE `pid` = 2 AND `is_show` = 1  [ RunTime:0.0003s ]

[ 2017-01-04T11:17:10+08:00 ] ::1 /eshop/index.php/Good/getWebCart.html
INFO: [ app_begin ] --START--
INFO: Run Behavior\ReadHtmlCacheBehavior [ RunTime:0.000819s ]
INFO: [ app_begin ] --END-- [ RunTime:0.001426s ]
SQL: SHOW COLUMNS FROM `eshop_secondmenu` [ RunTime:0.0101s ]
SQL: SELECT `id`,`name` FROM `eshop_secondmenu` WHERE `pid` = 5 AND `is_show` = 1  [ RunTime:0.0005s ]

[ 2017-01-04T11:18:24+08:00 ] ::1 /eshop/index.php/Good/getWebCart.html
INFO: [ app_begin ] --START--
INFO: Run Behavior\ReadHtmlCacheBehavior [ RunTime:0.000784s ]
INFO: [ app_begin ] --END-- [ RunTime:0.001328s ]
SQL: SHOW COLUMNS FROM `eshop_secondmenu` [ RunTime:0.0581s ]
SQL: SELECT `id`,`name` FROM `eshop_secondmenu` WHERE `pid` = 3 AND `is_show` = 1  [ RunTime:0.0003s ]

[ 2017-01-04T11:19:22+08:00 ] ::1 /eshop/index.php/Good/getWebCart.html
INFO: [ app_begin ] --START--
INFO: Run Behavior\ReadHtmlCacheBehavior [ RunTime:0.000789s ]
INFO: [ app_begin ] --END-- [ RunTime:0.001340s ]
SQL: SHOW COLUMNS FROM `eshop_secondmenu` [ RunTime:0.0067s ]
SQL: SELECT `id`,`name` FROM `eshop_secondmenu` WHERE `pid` = 2 AND `is_show` = 1  [ RunTime:0.0004s ]

[ 2017-01-04T11:20:37+08:00 ] ::1 /eshop/index.php/Good/getWebCart.html
INFO: [ app_begin ] --START--
INFO: Run Behavior\ReadHtmlCacheBehavior [ RunTime:0.000808s ]
INFO: [ app_begin ] --END-- [ RunTime:0.001368s ]
SQL: SHOW COLUMNS FROM `eshop_secondmenu` [ RunTime:0.0070s ]
SQL: SELECT `id`,`name` FROM `eshop_secondmenu` WHERE `pid` = 4 AND `is_show` = 1  [ RunTime:0.0006s ]

[ 2017-01-04T11:22:06+08:00 ] ::1 /eshop/index.php/Good/getWebCart.html
INFO: [ app_begin ] --START--
INFO: Run Behavior\ReadHtmlCacheBehavior [ RunTime:0.000863s ]
INFO: [ app_begin ] --END-- [ RunTime:0.001452s ]
SQL: SHOW COLUMNS FROM `eshop_secondmenu` [ RunTime:0.0061s ]
SQL: SELECT `id`,`name` FROM `eshop_secondmenu` WHERE `pid` = 2 AND `is_show` = 1  [ RunTime:0.0004s ]

[ 2017-01-04T11:23:30+08:00 ] ::1 /eshop/index.php/Good/getWebCart.html
INFO: [ app_begin ] --START--
INFO: Run Behavior\ReadHtmlCacheBehavior [ RunTime:0.000855s ]
INFO: [ app_begin ] --END-- [ RunTime:0.001652s ]
SQL: SHOW COLUMNS FROM `eshop_secondmenu` [ RunTime:0.0073s ]
SQL: SELECT `id`,`name` FROM `eshop_secondmenu` WHERE `pid` = 3 AND `is_show` = 1  [ RunTime:0.0004s ]

[ 2017-01-04T11:23:58+08:00 ] ::1 /eshop/index.php/Good/getWebCart.html
INFO: [ app_begin ] --START--
INFO: Run Behavior\ReadHtmlCacheBehavior [ RunTime:0.000822s ]
INFO: [ app_begin ] --END-- [ RunTime:0.001363s ]
SQL: SHOW COLUMNS FROM `eshop_secondmenu` [ RunTime:0.0051s ]
SQL: SELECT `id`,`name` FROM `eshop_secondmenu` WHERE `pid` = 2 AND `is_show` = 1  [ RunTime:0.0003s ]

[ 2017-01-04T11:25:01+08:00 ] ::1 /eshop/index.php/Good/getWebCart.html
INFO: [ app_begin ] --START--
INFO: Run Behavior\ReadHtmlCacheBehavior [ RunTime:0.001093s ]
INFO: [ app_begin ] --END-- [ RunTime:0.001844s ]
SQL: SHOW COLUMNS FROM `eshop_secondmenu` [ RunTime:0.0056s ]
SQL: SELECT `id`,`name` FROM `eshop_secondmenu` WHERE `pid` = 3 AND `is_show` = 1  [ RunTime:0.0005s ]

[ 2017-01-04T11:28:30+08:00 ] ::1 /eshop/index.php/Good/getWebCart.html
INFO: [ app_begin ] --START--
INFO: Run Behavior\ReadHtmlCacheBehavior [ RunTime:0.001319s ]
INFO: [ app_begin ] --END-- [ RunTime:0.002421s ]
SQL: SHOW COLUMNS FROM `eshop_secondmenu` [ RunTime:0.0074s ]
SQL: SELECT `id`,`name` FROM `eshop_secondmenu` WHERE `pid` = 2 AND `is_show` = 1  [ RunTime:0.0004s ]

[ 2017-01-04T11:29:27+08:00 ] ::1 /eshop/index.php/Good/getWebCart.html
INFO: [ app_begin ] --START--
INFO: Run Behavior\ReadHtmlCacheBehavior [ RunTime:0.000853s ]
INFO: [ app_begin ] --END-- [ RunTime:0.001414s ]
SQL: SHOW COLUMNS FROM `eshop_secondmenu` [ RunTime:0.0061s ]
SQL: SELECT `id`,`name` FROM `eshop_secondmenu` WHERE `pid` = 4 AND `is_show` = 1  [ RunTime:0.0005s ]

[ 2017-01-04T11:30:20+08:00 ] ::1 /eshop/index.php/Good/getWebCart.html
INFO: [ app_begin ] --START--
INFO: Run Behavior\ReadHtmlCacheBehavior [ RunTime:0.000905s ]
INFO: [ app_begin ] --END-- [ RunTime:0.001496s ]
SQL: SHOW COLUMNS FROM `eshop_secondmenu` [ RunTime:0.0095s ]
SQL: SELECT `id`,`name` FROM `eshop_secondmenu` WHERE `pid` = 2 AND `is_show` = 1  [ RunTime:0.0004s ]

[ 2017-01-04T11:30:56+08:00 ] ::1 /eshop/index.php/Good/getWebCart.html
INFO: [ app_begin ] --START--
INFO: Run Behavior\ReadHtmlCacheBehavior [ RunTime:0.000844s ]
INFO: [ app_begin ] --END-- [ RunTime:0.001393s ]
SQL: SHOW COLUMNS FROM `eshop_secondmenu` [ RunTime:0.0058s ]
SQL: SELECT `id`,`name` FROM `eshop_secondmenu` WHERE `pid` = 3 AND `is_show` = 1  [ RunTime:0.0003s ]

[ 2017-01-04T11:31:36+08:00 ] ::1 /eshop/index.php/Good/getWebCart.html
INFO: [ app_begin ] --START--
INFO: Run Behavior\ReadHtmlCacheBehavior [ RunTime:0.000892s ]
INFO: [ app_begin ] --END-- [ RunTime:0.001449s ]
SQL: SHOW COLUMNS FROM `eshop_secondmenu` [ RunTime:0.0059s ]
SQL: SELECT `id`,`name` FROM `eshop_secondmenu` WHERE `pid` = 2 AND `is_show` = 1  [ RunTime:0.0003s ]

[ 2017-01-04T11:31:54+08:00 ] ::1 /eshop/index.php/Good/getWebCart.html
INFO: [ app_begin ] --START--
INFO: Run Behavior\ReadHtmlCacheBehavior [ RunTime:0.001433s ]
INFO: [ app_begin ] --END-- [ RunTime:0.003206s ]
SQL: SHOW COLUMNS FROM `eshop_secondmenu` [ RunTime:0.0080s ]
SQL: SELECT `id`,`name` FROM `eshop_secondmenu` WHERE `pid` = 3 AND `is_show` = 1  [ RunTime:0.0004s ]

[ 2017-01-04T11:35:02+08:00 ] ::1 /eshop/index.php/Good/getWebCart.html
INFO: [ app_begin ] --START--
INFO: Run Behavior\ReadHtmlCacheBehavior [ RunTime:0.000976s ]
INFO: [ app_begin ] --END-- [ RunTime:0.002440s ]
SQL: SHOW COLUMNS FROM `eshop_secondmenu` [ RunTime:0.0058s ]
SQL: SELECT `id`,`name` FROM `eshop_secondmenu` WHERE `pid` = 2 AND `is_show` = 1  [ RunTime:0.0004s ]
NOTIC: [8] Array to string conversion D:\wampserver\wamp\www\eshop\App\Home\Controller\GoodController.class.php 第 37 行.

[ 2017-01-04T11:35:16+08:00 ] ::1 /eshop/index.php/Good/getWebCart.html
INFO: [ app_begin ] --START--
INFO: Run Behavior\ReadHtmlCacheBehavior [ RunTime:0.000979s ]
INFO: [ app_begin ] --END-- [ RunTime:0.001812s ]
SQL: SHOW COLUMNS FROM `eshop_secondmenu` [ RunTime:0.0079s ]
SQL: SELECT `id`,`name` FROM `eshop_secondmenu` WHERE `pid` = 3 AND `is_show` = 1  [ RunTime:0.0006s ]

[ 2017-01-04T11:35:50+08:00 ] ::1 /eshop/index.php/Good/getWebCart.html
INFO: [ app_begin ] --START--
INFO: Run Behavior\ReadHtmlCacheBehavior [ RunTime:0.000856s ]
INFO: [ app_begin ] --END-- [ RunTime:0.001425s ]
SQL: SHOW COLUMNS FROM `eshop_secondmenu` [ RunTime:0.0061s ]
SQL: SELECT `id`,`name` FROM `eshop_secondmenu` WHERE `pid` = 4 AND `is_show` = 1  [ RunTime:0.0004s ]

[ 2017-01-04T12:22:18+08:00 ] ::1 /eshop/index.php/Good/getWebCart.html
INFO: [ app_begin ] --START--
INFO: Run Behavior\ReadHtmlCacheBehavior [ RunTime:0.000899s ]
INFO: [ app_begin ] --END-- [ RunTime:0.001690s ]
SQL: SHOW COLUMNS FROM `eshop_secondmenu` [ RunTime:0.0064s ]
SQL: SELECT `id`,`name` FROM `eshop_secondmenu` WHERE `pid` = 2 AND `is_show` = 1  [ RunTime:0.0009s ]

[ 2017-01-04T12:23:07+08:00 ] ::1 /eshop/index.php/Good/getWebCart.html
INFO: [ app_begin ] --START--
INFO: Run Behavior\ReadHtmlCacheBehavior [ RunTime:0.000834s ]
INFO: [ app_begin ] --END-- [ RunTime:0.001353s ]
SQL: SHOW COLUMNS FROM `eshop_secondmenu` [ RunTime:0.0059s ]
SQL: SELECT `id`,`name` FROM `eshop_secondmenu` WHERE `pid` = 4 AND `is_show` = 1  [ RunTime:0.0004s ]

[ 2017-01-04T12:24:02+08:00 ] ::1 /eshop/index.php/Good/getWebCart.html
INFO: [ app_begin ] --START--
INFO: Run Behavior\ReadHtmlCacheBehavior [ RunTime:0.000843s ]
INFO: [ app_begin ] --END-- [ RunTime:0.001555s ]
SQL: SHOW COLUMNS FROM `eshop_secondmenu` [ RunTime:0.0070s ]
SQL: SELECT `id`,`name` FROM `eshop_secondmenu` WHERE `pid` = 2 AND `is_show` = 1  [ RunTime:0.0004s ]

[ 2017-01-04T12:25:13+08:00 ] ::1 /eshop/index.php/Good/getWebCart.html
INFO: [ app_begin ] --START--
INFO: Run Behavior\ReadHtmlCacheBehavior [ RunTime:0.000777s ]
INFO: [ app_begin ] --END-- [ RunTime:0.001310s ]
SQL: SHOW COLUMNS FROM `eshop_secondmenu` [ RunTime:0.0078s ]
SQL: SELECT `id`,`name` FROM `eshop_secondmenu` WHERE `pid` = 3 AND `is_show` = 1  [ RunTime:0.0003s ]

[ 2017-01-04T12:25:50+08:00 ] ::1 /eshop/index.php/Good/getWebCart.html
INFO: [ app_begin ] --START--
INFO: Run Behavior\ReadHtmlCacheBehavior [ RunTime:0.001453s ]
INFO: [ app_begin ] --END-- [ RunTime:0.002032s ]
SQL: SHOW COLUMNS FROM `eshop_secondmenu` [ RunTime:0.0087s ]
SQL: SELECT `id`,`name` FROM `eshop_secondmenu` WHERE `pid` = 2 AND `is_show` = 1  [ RunTime:0.0006s ]

[ 2017-01-04T12:25:55+08:00 ] ::1 /eshop/index.php/Good/getWebCart.html
INFO: [ app_begin ] --START--
INFO: Run Behavior\ReadHtmlCacheBehavior [ RunTime:0.000802s ]
INFO: [ app_begin ] --END-- [ RunTime:0.001350s ]
SQL: SHOW COLUMNS FROM `eshop_secondmenu` [ RunTime:0.0072s ]
SQL: SELECT `id`,`name` FROM `eshop_secondmenu` WHERE `pid` = 3 AND `is_show` = 1  [ RunTime:0.0004s ]

[ 2017-01-04T12:26:03+08:00 ] ::1 /eshop/index.php/Good/getWebCart.html
INFO: [ app_begin ] --START--
INFO: Run Behavior\ReadHtmlCacheBehavior [ RunTime:0.000860s ]
INFO: [ app_begin ] --END-- [ RunTime:0.001481s ]
SQL: SHOW COLUMNS FROM `eshop_secondmenu` [ RunTime:0.0046s ]
SQL: SELECT `id`,`name` FROM `eshop_secondmenu` WHERE `pid` = 2 AND `is_show` = 1  [ RunTime:0.0006s ]

[ 2017-01-04T12:27:44+08:00 ] ::1 /eshop/index.php/Good/getWebCart.html
INFO: [ app_begin ] --START--
INFO: Run Behavior\ReadHtmlCacheBehavior [ RunTime:0.000840s ]
INFO: [ app_begin ] --END-- [ RunTime:0.001490s ]
SQL: SHOW COLUMNS FROM `eshop_secondmenu` [ RunTime:0.0059s ]
SQL: SELECT `id`,`name` FROM `eshop_secondmenu` WHERE `pid` = 3 AND `is_show` = 1  [ RunTime:0.0004s ]

[ 2017-01-04T12:30:49+08:00 ] ::1 /eshop/index.php/Good/getWebCart.html
INFO: [ app_begin ] --START--
INFO: Run Behavior\ReadHtmlCacheBehavior [ RunTime:0.000951s ]
INFO: [ app_begin ] --END-- [ RunTime:0.001601s ]
SQL: SHOW COLUMNS FROM `eshop_secondmenu` [ RunTime:0.0056s ]
SQL: SELECT `id`,`name` FROM `eshop_secondmenu` WHERE `pid` = 2 AND `is_show` = 1  [ RunTime:0.0005s ]

[ 2017-01-04T12:30:54+08:00 ] ::1 /eshop/index.php/Good/getWebCart.html
INFO: [ app_begin ] --START--
INFO: Run Behavior\ReadHtmlCacheBehavior [ RunTime:0.001253s ]
INFO: [ app_begin ] --END-- [ RunTime:0.001883s ]
SQL: SHOW COLUMNS FROM `eshop_secondmenu` [ RunTime:0.0060s ]
SQL: SELECT `id`,`name` FROM `eshop_secondmenu` WHERE `pid` = 4 AND `is_show` = 1  [ RunTime:0.0004s ]

[ 2017-01-04T12:40:56+08:00 ] ::1 /eshop/index.php/Good/getWebCart.html
INFO: [ app_begin ] --START--
INFO: Run Behavior\ReadHtmlCacheBehavior [ RunTime:0.000829s ]
INFO: [ app_begin ] --END-- [ RunTime:0.001428s ]
SQL: SHOW COLUMNS FROM `eshop_secondmenu` [ RunTime:0.0051s ]
SQL: SELECT `id`,`name` FROM `eshop_secondmenu` WHERE `pid` = 2 AND `is_show` = 1  [ RunTime:0.0003s ]

[ 2017-01-04T12:41:01+08:00 ] ::1 /eshop/index.php/Good/getWebCart.html
INFO: [ app_begin ] --START--
INFO: Run Behavior\ReadHtmlCacheBehavior [ RunTime:0.001702s ]
INFO: [ app_begin ] --END-- [ RunTime:0.002452s ]
SQL: SHOW COLUMNS FROM `eshop_secondmenu` [ RunTime:0.0057s ]
SQL: SELECT `id`,`name` FROM `eshop_secondmenu` WHERE `pid` = 3 AND `is_show` = 1  [ RunTime:0.0004s ]

[ 2017-01-04T12:41:32+08:00 ] ::1 /eshop/index.php/Good/getWebCart.html
INFO: [ app_begin ] --START--
INFO: Run Behavior\ReadHtmlCacheBehavior [ RunTime:0.000981s ]
INFO: [ app_begin ] --END-- [ RunTime:0.001683s ]
SQL: SHOW COLUMNS FROM `eshop_secondmenu` [ RunTime:0.0073s ]
SQL: SELECT `id`,`name` FROM `eshop_secondmenu` WHERE `pid` = 2 AND `is_show` = 1  [ RunTime:0.0005s ]

[ 2017-01-04T12:41:46+08:00 ] ::1 /eshop/index.php/Good/getWebCart.html
INFO: [ app_begin ] --START--
INFO: Run Behavior\ReadHtmlCacheBehavior [ RunTime:0.001513s ]
INFO: [ app_begin ] --END-- [ RunTime:0.002699s ]
SQL: SHOW COLUMNS FROM `eshop_secondmenu` [ RunTime:0.0064s ]
SQL: SELECT `id`,`name` FROM `eshop_secondmenu` WHERE `pid` = 3 AND `is_show` = 1  [ RunTime:0.0004s ]

[ 2017-01-04T12:41:49+08:00 ] ::1 /eshop/index.php/Good/getWebCart.html
INFO: [ app_begin ] --START--
INFO: Run Behavior\ReadHtmlCacheBehavior [ RunTime:0.001794s ]
INFO: [ app_begin ] --END-- [ RunTime:0.002494s ]
SQL: SHOW COLUMNS FROM `eshop_secondmenu` [ RunTime:0.0095s ]
SQL: SELECT `id`,`name` FROM `eshop_secondmenu` WHERE `pid` = 2 AND `is_show` = 1  [ RunTime:0.0004s ]

[ 2017-01-04T12:41:51+08:00 ] ::1 /eshop/index.php/Good/getWebCart.html
INFO: [ app_begin ] --START--
INFO: Run Behavior\ReadHtmlCacheBehavior [ RunTime:0.000799s ]
INFO: [ app_begin ] --END-- [ RunTime:0.001545s ]
SQL: SHOW COLUMNS FROM `eshop_secondmenu` [ RunTime:0.0077s ]
SQL: SELECT `id`,`name` FROM `eshop_secondmenu` WHERE `pid` = 8 AND `is_show` = 1  [ RunTime:0.0003s ]

[ 2017-01-04T12:42:58+08:00 ] ::1 /eshop/index.php/Good/getWebCart.html
INFO: [ app_begin ] --START--
INFO: Run Behavior\ReadHtmlCacheBehavior [ RunTime:0.000911s ]
INFO: [ app_begin ] --END-- [ RunTime:0.001813s ]
SQL: SHOW COLUMNS FROM `eshop_secondmenu` [ RunTime:0.0064s ]
SQL: SELECT `id`,`name` FROM `eshop_secondmenu` WHERE `pid` = 3 AND `is_show` = 1  [ RunTime:0.0004s ]

[ 2017-01-04T12:43:00+08:00 ] ::1 /eshop/index.php/Good/getWebCart.html
INFO: [ app_begin ] --START--
INFO: Run Behavior\ReadHtmlCacheBehavior [ RunTime:0.001058s ]
INFO: [ app_begin ] --END-- [ RunTime:0.001770s ]
SQL: SHOW COLUMNS FROM `eshop_secondmenu` [ RunTime:0.0073s ]
SQL: SELECT `id`,`name` FROM `eshop_secondmenu` WHERE `pid` = 5 AND `is_show` = 1  [ RunTime:0.0004s ]

[ 2017-01-04T12:49:19+08:00 ] ::1 /eshop/index.php/Good/getWebCart.html
INFO: [ app_begin ] --START--
INFO: Run Behavior\ReadHtmlCacheBehavior [ RunTime:0.000839s ]
INFO: [ app_begin ] --END-- [ RunTime:0.001546s ]
SQL: SHOW COLUMNS FROM `eshop_secondmenu` [ RunTime:0.0052s ]
SQL: SELECT `id`,`name` FROM `eshop_secondmenu` WHERE `pid` = 3 AND `is_show` = 1  [ RunTime:0.0003s ]

[ 2017-01-04T12:49:25+08:00 ] ::1 /eshop/index.php/Good/getWebCart.html
INFO: [ app_begin ] --START--
INFO: Run Behavior\ReadHtmlCacheBehavior [ RunTime:0.001130s ]
INFO: [ app_begin ] --END-- [ RunTime:0.002099s ]
SQL: SHOW COLUMNS FROM `eshop_secondmenu` [ RunTime:0.0082s ]
SQL: SELECT `id`,`name` FROM `eshop_secondmenu` WHERE `pid` = 2 AND `is_show` = 1  [ RunTime:0.0005s ]

[ 2017-01-04T12:51:35+08:00 ] ::1 /eshop/index.php/Good/getWebCart.html
INFO: [ app_begin ] --START--
INFO: Run Behavior\ReadHtmlCacheBehavior [ RunTime:0.000825s ]
INFO: [ app_begin ] --END-- [ RunTime:0.001439s ]
SQL: SHOW COLUMNS FROM `eshop_secondmenu` [ RunTime:0.0577s ]
SQL: SELECT `id`,`name` FROM `eshop_secondmenu` WHERE `pid` = 3 AND `is_show` = 1  [ RunTime:0.0004s ]

[ 2017-01-04T12:51:41+08:00 ] ::1 /eshop/index.php/Good/getWebCart.html
INFO: [ app_begin ] --START--
INFO: Run Behavior\ReadHtmlCacheBehavior [ RunTime:0.001066s ]
INFO: [ app_begin ] --END-- [ RunTime:0.001723s ]
SQL: SHOW COLUMNS FROM `eshop_secondmenu` [ RunTime:0.0076s ]
SQL: SELECT `id`,`name` FROM `eshop_secondmenu` WHERE `pid` = 5 AND `is_show` = 1  [ RunTime:0.0004s ]

[ 2017-01-04T12:51:44+08:00 ] ::1 /eshop/index.php/Good/getWebCart.html
INFO: [ app_begin ] --START--
INFO: Run Behavior\ReadHtmlCacheBehavior [ RunTime:0.001113s ]
INFO: [ app_begin ] --END-- [ RunTime:0.001772s ]
SQL: SHOW COLUMNS FROM `eshop_secondmenu` [ RunTime:0.0072s ]
SQL: SELECT `id`,`name` FROM `eshop_secondmenu` WHERE `pid` = 2 AND `is_show` = 1  [ RunTime:0.0005s ]

[ 2017-01-04T12:51:52+08:00 ] ::1 /eshop/index.php/Good/getWebCart.html
INFO: [ app_begin ] --START--
INFO: Run Behavior\ReadHtmlCacheBehavior [ RunTime:0.001239s ]
INFO: [ app_begin ] --END-- [ RunTime:0.002000s ]
SQL: SHOW COLUMNS FROM `eshop_secondmenu` [ RunTime:0.0080s ]
SQL: SELECT `id`,`name` FROM `eshop_secondmenu` WHERE `pid` = 9 AND `is_show` = 1  [ RunTime:0.0006s ]

[ 2017-01-04T12:51:54+08:00 ] ::1 /eshop/index.php/Good/getWebCart.html
INFO: [ app_begin ] --START--
INFO: Run Behavior\ReadHtmlCacheBehavior [ RunTime:0.000919s ]
INFO: [ app_begin ] --END-- [ RunTime:0.001523s ]
SQL: SHOW COLUMNS FROM `eshop_secondmenu` [ RunTime:0.0097s ]
SQL: SELECT `id`,`name` FROM `eshop_secondmenu` WHERE `pid` = 3 AND `is_show` = 1  [ RunTime:0.0004s ]

[ 2017-01-04T12:54:22+08:00 ] ::1 /eshop/index.php/Good/getWebCart.html
INFO: [ app_begin ] --START--
INFO: Run Behavior\ReadHtmlCacheBehavior [ RunTime:0.000993s ]
INFO: [ app_begin ] --END-- [ RunTime:0.001655s ]
SQL: SHOW COLUMNS FROM `eshop_secondmenu` [ RunTime:0.0080s ]
SQL: SELECT `id`,`name` FROM `eshop_secondmenu` WHERE `pid` = 6 AND `is_show` = 1  [ RunTime:0.0004s ]

[ 2017-01-04T12:56:22+08:00 ] ::1 /eshop/index.php/Good/getWebCart.html
INFO: [ app_begin ] --START--
INFO: Run Behavior\ReadHtmlCacheBehavior [ RunTime:0.000769s ]
INFO: [ app_begin ] --END-- [ RunTime:0.001327s ]
SQL: SHOW COLUMNS FROM `eshop_secondmenu` [ RunTime:0.0074s ]
SQL: SELECT `id`,`name` FROM `eshop_secondmenu` WHERE `pid` = 2 AND `is_show` = 1  [ RunTime:0.0004s ]

[ 2017-01-04T12:58:16+08:00 ] ::1 /eshop/index.php/Good/getWebCart.html
INFO: [ app_begin ] --START--
INFO: Run Behavior\ReadHtmlCacheBehavior [ RunTime:0.001564s ]
INFO: [ app_begin ] --END-- [ RunTime:0.002414s ]
SQL: SHOW COLUMNS FROM `eshop_secondmenu` [ RunTime:0.0068s ]
SQL: SELECT `id`,`name` FROM `eshop_secondmenu` WHERE `pid` = 4 AND `is_show` = 1  [ RunTime:0.0004s ]

[ 2017-01-04T12:59:41+08:00 ] ::1 /eshop/index.php/Good/getWebCart.html
INFO: [ app_begin ] --START--
INFO: Run Behavior\ReadHtmlCacheBehavior [ RunTime:0.001110s ]
INFO: [ app_begin ] --END-- [ RunTime:0.002752s ]
SQL: SHOW COLUMNS FROM `eshop_secondmenu` [ RunTime:0.0063s ]
SQL: SELECT `id`,`name` FROM `eshop_secondmenu` WHERE `pid` = 4 AND `is_show` = 1  [ RunTime:0.0006s ]

[ 2017-01-04T12:59:44+08:00 ] ::1 /eshop/index.php/Good/getWebCart.html
INFO: [ app_begin ] --START--
INFO: Run Behavior\ReadHtmlCacheBehavior [ RunTime:0.000791s ]
INFO: [ app_begin ] --END-- [ RunTime:0.001526s ]
SQL: SHOW COLUMNS FROM `eshop_secondmenu` [ RunTime:0.0066s ]
SQL: SELECT `id`,`name` FROM `eshop_secondmenu` WHERE `pid` = 2 AND `is_show` = 1  [ RunTime:0.0004s ]

[ 2017-01-04T12:59:47+08:00 ] ::1 /eshop/index.php/Good/getWebCart.html
INFO: [ app_begin ] --START--
INFO: Run Behavior\ReadHtmlCacheBehavior [ RunTime:0.000824s ]
INFO: [ app_begin ] --END-- [ RunTime:0.001481s ]
SQL: SHOW COLUMNS FROM `eshop_secondmenu` [ RunTime:0.0052s ]
SQL: SELECT `id`,`name` FROM `eshop_secondmenu` WHERE `pid` = 5 AND `is_show` = 1  [ RunTime:0.0004s ]

[ 2017-01-04T12:59:49+08:00 ] ::1 /eshop/index.php/Good/getWebCart.html
INFO: [ app_begin ] --START--
INFO: Run Behavior\ReadHtmlCacheBehavior [ RunTime:0.000990s ]
INFO: [ app_begin ] --END-- [ RunTime:0.001654s ]
SQL: SHOW COLUMNS FROM `eshop_secondmenu` [ RunTime:0.0090s ]
SQL: SELECT `id`,`name` FROM `eshop_secondmenu` WHERE `pid` = 3 AND `is_show` = 1  [ RunTime:0.0004s ]

[ 2017-01-04T12:59:53+08:00 ] ::1 /eshop/index.php/Good/getWebCart.html
INFO: [ app_begin ] --START--
INFO: Run Behavior\ReadHtmlCacheBehavior [ RunTime:0.000894s ]
INFO: [ app_begin ] --END-- [ RunTime:0.001613s ]
SQL: SHOW COLUMNS FROM `eshop_secondmenu` [ RunTime:0.0053s ]
SQL: SELECT `id`,`name` FROM `eshop_secondmenu` WHERE `pid` = 1 AND `is_show` = 1  [ RunTime:0.0004s ]

[ 2017-01-04T13:01:25+08:00 ] ::1 /eshop/index.php/Good/getWebCart.html
INFO: [ app_begin ] --START--
INFO: Run Behavior\ReadHtmlCacheBehavior [ RunTime:0.000810s ]
INFO: [ app_begin ] --END-- [ RunTime:0.001399s ]
SQL: SHOW COLUMNS FROM `eshop_secondmenu` [ RunTime:0.0070s ]
SQL: SELECT `id`,`name` FROM `eshop_secondmenu` WHERE `pid` = 4 AND `is_show` = 1  [ RunTime:0.0004s ]

[ 2017-01-04T13:01:28+08:00 ] ::1 /eshop/index.php/Good/getWebCart.html
INFO: [ app_begin ] --START--
INFO: Run Behavior\ReadHtmlCacheBehavior [ RunTime:0.000840s ]
INFO: [ app_begin ] --END-- [ RunTime:0.001546s ]
SQL: SHOW COLUMNS FROM `eshop_secondmenu` [ RunTime:0.0054s ]
SQL: SELECT `id`,`name` FROM `eshop_secondmenu` WHERE `pid` = 2 AND `is_show` = 1  [ RunTime:0.0005s ]

[ 2017-01-04T13:07:04+08:00 ] ::1 /eshop/index.php/Good/getWebCart.html
INFO: [ app_begin ] --START--
INFO: Run Behavior\ReadHtmlCacheBehavior [ RunTime:0.000865s ]
INFO: [ app_begin ] --END-- [ RunTime:0.001408s ]
SQL: SHOW COLUMNS FROM `eshop_secondmenu` [ RunTime:0.0064s ]
SQL: SELECT `id`,`name` FROM `eshop_secondmenu` WHERE `pid` = 4 AND `is_show` = 1  [ RunTime:0.0005s ]

[ 2017-01-04T13:07:56+08:00 ] ::1 /eshop/index.php/Good/getWebCart.html
INFO: [ app_begin ] --START--
INFO: Run Behavior\ReadHtmlCacheBehavior [ RunTime:0.001374s ]
INFO: [ app_begin ] --END-- [ RunTime:0.002058s ]
SQL: SHOW COLUMNS FROM `eshop_secondmenu` [ RunTime:0.0073s ]
SQL: SELECT `id`,`name` FROM `eshop_secondmenu` WHERE `pid` = 1 AND `is_show` = 1  [ RunTime:0.0004s ]

[ 2017-01-04T13:12:50+08:00 ] ::1 /eshop/index.php/Good/getWebCart.html
INFO: [ app_begin ] --START--
INFO: Run Behavior\ReadHtmlCacheBehavior [ RunTime:0.001526s ]
INFO: [ app_begin ] --END-- [ RunTime:0.002236s ]
SQL: SHOW COLUMNS FROM `eshop_secondmenu` [ RunTime:0.0069s ]
SQL: SELECT `id`,`name` FROM `eshop_secondmenu` WHERE `pid` = 2 AND `is_show` = 1  [ RunTime:0.0004s ]

[ 2017-01-04T13:13:27+08:00 ] ::1 /eshop/index.php/Good/getWebCart.html
INFO: [ app_begin ] --START--
INFO: Run Behavior\ReadHtmlCacheBehavior [ RunTime:0.001041s ]
INFO: [ app_begin ] --END-- [ RunTime:0.001699s ]
SQL: SHOW COLUMNS FROM `eshop_secondmenu` [ RunTime:0.0070s ]
SQL: SELECT `id`,`name` FROM `eshop_secondmenu` WHERE `pid` = 1 AND `is_show` = 1  [ RunTime:0.0004s ]

[ 2017-01-04T13:20:44+08:00 ] ::1 /eshop/index.php/Good/getWebCart.html
INFO: [ app_begin ] --START--
INFO: Run Behavior\ReadHtmlCacheBehavior [ RunTime:0.000922s ]
INFO: [ app_begin ] --END-- [ RunTime:0.001542s ]
SQL: SHOW COLUMNS FROM `eshop_secondmenu` [ RunTime:0.0060s ]
SQL: SELECT `id`,`name` FROM `eshop_secondmenu` WHERE `pid` = 1 AND `is_show` = 1  [ RunTime:0.0005s ]

[ 2017-01-04T13:20:48+08:00 ] ::1 /eshop/index.php/Good/getWebCart.html
INFO: [ app_begin ] --START--
INFO: Run Behavior\ReadHtmlCacheBehavior [ RunTime:0.001059s ]
INFO: [ app_begin ] --END-- [ RunTime:0.001852s ]
SQL: SHOW COLUMNS FROM `eshop_secondmenu` [ RunTime:0.0088s ]
SQL: SELECT `id`,`name` FROM `eshop_secondmenu` WHERE `pid` = 1 AND `is_show` = 1  [ RunTime:0.0004s ]

[ 2017-01-04T13:20:58+08:00 ] ::1 /eshop/index.php/Good/getWebCart.html
INFO: [ app_begin ] --START--
INFO: Run Behavior\ReadHtmlCacheBehavior [ RunTime:0.000931s ]
INFO: [ app_begin ] --END-- [ RunTime:0.001545s ]
SQL: SHOW COLUMNS FROM `eshop_secondmenu` [ RunTime:0.0050s ]
SQL: SELECT `id`,`name` FROM `eshop_secondmenu` WHERE `pid` = 2 AND `is_show` = 1  [ RunTime:0.0004s ]

[ 2017-01-04T13:22:21+08:00 ] ::1 /eshop/index.php/Good/getWebCart.html
INFO: [ app_begin ] --START--
INFO: Run Behavior\ReadHtmlCacheBehavior [ RunTime:0.000889s ]
INFO: [ app_begin ] --END-- [ RunTime:0.001464s ]
SQL: SHOW COLUMNS FROM `eshop_secondmenu` [ RunTime:0.0076s ]
SQL: SELECT `id`,`name` FROM `eshop_secondmenu` WHERE `pid` = 2 AND `is_show` = 1  [ RunTime:0.0005s ]

[ 2017-01-04T13:22:37+08:00 ] ::1 /eshop/index.php/Good/getWebCart.html
INFO: [ app_begin ] --START--
INFO: Run Behavior\ReadHtmlCacheBehavior [ RunTime:0.001347s ]
INFO: [ app_begin ] --END-- [ RunTime:0.002014s ]
SQL: SHOW COLUMNS FROM `eshop_secondmenu` [ RunTime:0.0074s ]
SQL: SELECT `id`,`name` FROM `eshop_secondmenu` WHERE `pid` = 3 AND `is_show` = 1  [ RunTime:0.0006s ]

[ 2017-01-04T13:23:44+08:00 ] ::1 /eshop/index.php/Good/getWebCart.html
INFO: [ app_begin ] --START--
INFO: Run Behavior\ReadHtmlCacheBehavior [ RunTime:0.001332s ]
INFO: [ app_begin ] --END-- [ RunTime:0.002256s ]
SQL: SHOW COLUMNS FROM `eshop_secondmenu` [ RunTime:0.0081s ]
SQL: SELECT `id`,`name` FROM `eshop_secondmenu` WHERE `pid` = 1 AND `is_show` = 1  [ RunTime:0.0004s ]

[ 2017-01-04T13:23:59+08:00 ] ::1 /eshop/index.php/Good/getWebCart.html
INFO: [ app_begin ] --START--
INFO: Run Behavior\ReadHtmlCacheBehavior [ RunTime:0.000944s ]
INFO: [ app_begin ] --END-- [ RunTime:0.001554s ]
SQL: SHOW COLUMNS FROM `eshop_secondmenu` [ RunTime:0.0569s ]
SQL: SELECT `id`,`name` FROM `eshop_secondmenu` WHERE `pid` = 2 AND `is_show` = 1  [ RunTime:0.0008s ]

[ 2017-01-04T13:25:40+08:00 ] ::1 /eshop/index.php/Good/getWebCart.html
INFO: [ app_begin ] --START--
INFO: Run Behavior\ReadHtmlCacheBehavior [ RunTime:0.002432s ]
INFO: [ app_begin ] --END-- [ RunTime:0.003521s ]
SQL: SHOW COLUMNS FROM `eshop_secondmenu` [ RunTime:0.0270s ]
SQL: SELECT `id`,`name` FROM `eshop_secondmenu` WHERE `pid` = 2 AND `is_show` = 1  [ RunTime:0.0004s ]

[ 2017-01-04T13:25:42+08:00 ] ::1 /eshop/index.php/Good/getWebCart.html
INFO: [ app_begin ] --START--
INFO: Run Behavior\ReadHtmlCacheBehavior [ RunTime:0.000819s ]
INFO: [ app_begin ] --END-- [ RunTime:0.001387s ]
SQL: SHOW COLUMNS FROM `eshop_secondmenu` [ RunTime:0.0067s ]
SQL: SELECT `id`,`name` FROM `eshop_secondmenu` WHERE `pid` = 1 AND `is_show` = 1  [ RunTime:0.0005s ]

[ 2017-01-04T13:25:44+08:00 ] ::1 /eshop/index.php/Good/getWebCart.html
INFO: [ app_begin ] --START--
INFO: Run Behavior\ReadHtmlCacheBehavior [ RunTime:0.000829s ]
INFO: [ app_begin ] --END-- [ RunTime:0.001419s ]
SQL: SHOW COLUMNS FROM `eshop_secondmenu` [ RunTime:0.0052s ]
SQL: SELECT `id`,`name` FROM `eshop_secondmenu` WHERE `pid` = 2 AND `is_show` = 1  [ RunTime:0.0003s ]

[ 2017-01-04T13:28:01+08:00 ] ::1 /eshop/index.php/Good/getWebCart.html
INFO: [ app_begin ] --START--
INFO: Run Behavior\ReadHtmlCacheBehavior [ RunTime:0.000863s ]
INFO: [ app_begin ] --END-- [ RunTime:0.001433s ]
SQL: SHOW COLUMNS FROM `eshop_secondmenu` [ RunTime:0.0063s ]
SQL: SELECT `id`,`name` FROM `eshop_secondmenu` WHERE `pid` = 1 AND `is_show` = 1  [ RunTime:0.0006s ]

[ 2017-01-04T13:28:18+08:00 ] ::1 /eshop/index.php/Good/getWebCart.html
INFO: [ app_begin ] --START--
INFO: Run Behavior\ReadHtmlCacheBehavior [ RunTime:0.000814s ]
INFO: [ app_begin ] --END-- [ RunTime:0.001377s ]
SQL: SHOW COLUMNS FROM `eshop_thirdmenu` [ RunTime:0.0058s ]
SQL: SELECT `id`,`name` FROM `eshop_thirdmenu` WHERE `pid` = 1 AND `is_show` = 1  [ RunTime:0.0004s ]

[ 2017-01-04T13:28:23+08:00 ] ::1 /eshop/index.php/Good/getWebCart.html
INFO: [ app_begin ] --START--
INFO: Run Behavior\ReadHtmlCacheBehavior [ RunTime:0.002316s ]
INFO: [ app_begin ] --END-- [ RunTime:0.003326s ]
SQL: SHOW COLUMNS FROM `eshop_thirdmenu` [ RunTime:0.0084s ]
SQL: SELECT `id`,`name` FROM `eshop_thirdmenu` WHERE `pid` = 2 AND `is_show` = 1  [ RunTime:0.0005s ]

[ 2017-01-04T13:31:11+08:00 ] ::1 /eshop/index.php/Good/getWebCart.html
INFO: [ app_begin ] --START--
INFO: Run Behavior\ReadHtmlCacheBehavior [ RunTime:0.000849s ]
INFO: [ app_begin ] --END-- [ RunTime:0.001402s ]
SQL: SHOW COLUMNS FROM `eshop_thirdmenu` [ RunTime:0.0074s ]
SQL: SELECT `id`,`name` FROM `eshop_thirdmenu` WHERE `pid` = 1 AND `is_show` = 1  [ RunTime:0.0004s ]

[ 2017-01-04T13:31:13+08:00 ] ::1 /eshop/index.php/Good/getWebCart.html
INFO: [ app_begin ] --START--
INFO: Run Behavior\ReadHtmlCacheBehavior [ RunTime:0.000684s ]
INFO: [ app_begin ] --END-- [ RunTime:0.001209s ]
SQL: SHOW COLUMNS FROM `eshop_secondmenu` [ RunTime:0.0070s ]
SQL: SELECT `id`,`name` FROM `eshop_secondmenu` WHERE `pid` = 6 AND `is_show` = 1  [ RunTime:0.0004s ]

[ 2017-01-04T13:33:48+08:00 ] ::1 /eshop/index.php/Good/getWebCart.html
INFO: [ app_begin ] --START--
INFO: Run Behavior\ReadHtmlCacheBehavior [ RunTime:0.000687s ]
INFO: [ app_begin ] --END-- [ RunTime:0.001193s ]
SQL: SHOW COLUMNS FROM `eshop_secondmenu` [ RunTime:0.0061s ]
SQL: SELECT `id`,`name` FROM `eshop_secondmenu` WHERE `pid` = 0 AND `is_show` = 1  [ RunTime:0.0005s ]

[ 2017-01-04T13:33:52+08:00 ] ::1 /eshop/index.php/Good/getWebCart.html
INFO: [ app_begin ] --START--
INFO: Run Behavior\ReadHtmlCacheBehavior [ RunTime:0.001150s ]
INFO: [ app_begin ] --END-- [ RunTime:0.002063s ]
SQL: SHOW COLUMNS FROM `eshop_secondmenu` [ RunTime:0.0060s ]
SQL: SELECT `id`,`name` FROM `eshop_secondmenu` WHERE `pid` = 3 AND `is_show` = 1  [ RunTime:0.0004s ]

[ 2017-01-04T13:33:53+08:00 ] ::1 /eshop/index.php/Good/getWebCart.html
INFO: [ app_begin ] --START--
INFO: Run Behavior\ReadHtmlCacheBehavior [ RunTime:0.000690s ]
INFO: [ app_begin ] --END-- [ RunTime:0.001243s ]
SQL: SHOW COLUMNS FROM `eshop_thirdmenu` [ RunTime:0.0056s ]
SQL: SELECT `id`,`name` FROM `eshop_thirdmenu` WHERE `pid` = 5 AND `is_show` = 1  [ RunTime:0.0006s ]

[ 2017-01-04T13:33:57+08:00 ] ::1 /eshop/index.php/Good/getWebCart.html
INFO: [ app_begin ] --START--
INFO: Run Behavior\ReadHtmlCacheBehavior [ RunTime:0.000945s ]
INFO: [ app_begin ] --END-- [ RunTime:0.002059s ]
SQL: SHOW COLUMNS FROM `eshop_secondmenu` [ RunTime:0.0060s ]
SQL: SELECT `id`,`name` FROM `eshop_secondmenu` WHERE `pid` = 7 AND `is_show` = 1  [ RunTime:0.0004s ]

[ 2017-01-04T13:34:02+08:00 ] ::1 /eshop/index.php/Good/getWebCart.html
INFO: [ app_begin ] --START--
INFO: Run Behavior\ReadHtmlCacheBehavior [ RunTime:0.000856s ]
INFO: [ app_begin ] --END-- [ RunTime:0.001790s ]
SQL: SHOW COLUMNS FROM `eshop_secondmenu` [ RunTime:0.0060s ]
SQL: SELECT `id`,`name` FROM `eshop_secondmenu` WHERE `pid` = 3 AND `is_show` = 1  [ RunTime:0.0003s ]

[ 2017-01-04T13:34:04+08:00 ] ::1 /eshop/index.php/Good/getWebCart.html
INFO: [ app_begin ] --START--
INFO: Run Behavior\ReadHtmlCacheBehavior [ RunTime:0.000761s ]
INFO: [ app_begin ] --END-- [ RunTime:0.001345s ]
SQL: SHOW COLUMNS FROM `eshop_thirdmenu` [ RunTime:0.0056s ]
SQL: SELECT `id`,`name` FROM `eshop_thirdmenu` WHERE `pid` = 6 AND `is_show` = 1  [ RunTime:0.0003s ]

[ 2017-01-04T13:34:06+08:00 ] ::1 /eshop/index.php/Good/getWebCart.html
INFO: [ app_begin ] --START--
INFO: Run Behavior\ReadHtmlCacheBehavior [ RunTime:0.000753s ]
INFO: [ app_begin ] --END-- [ RunTime:0.001698s ]
SQL: SHOW COLUMNS FROM `eshop_secondmenu` [ RunTime:0.0054s ]
SQL: SELECT `id`,`name` FROM `eshop_secondmenu` WHERE `pid` = 0 AND `is_show` = 1  [ RunTime:0.0004s ]

[ 2017-01-04T13:34:09+08:00 ] ::1 /eshop/index.php/Good/getWebCart.html
INFO: [ app_begin ] --START--
INFO: Run Behavior\ReadHtmlCacheBehavior [ RunTime:0.001139s ]
INFO: [ app_begin ] --END-- [ RunTime:0.002105s ]
SQL: SHOW COLUMNS FROM `eshop_secondmenu` [ RunTime:0.0075s ]
SQL: SELECT `id`,`name` FROM `eshop_secondmenu` WHERE `pid` = 6 AND `is_show` = 1  [ RunTime:0.0012s ]

[ 2017-01-04T13:34:13+08:00 ] ::1 /eshop/index.php/Good/getWebCart.html
INFO: [ app_begin ] --START--
INFO: Run Behavior\ReadHtmlCacheBehavior [ RunTime:0.000688s ]
INFO: [ app_begin ] --END-- [ RunTime:0.001247s ]
SQL: SHOW COLUMNS FROM `eshop_secondmenu` [ RunTime:0.0051s ]
SQL: SELECT `id`,`name` FROM `eshop_secondmenu` WHERE `pid` = 1 AND `is_show` = 1  [ RunTime:0.0003s ]

[ 2017-01-04T13:34:14+08:00 ] ::1 /eshop/index.php/Good/getWebCart.html
INFO: [ app_begin ] --START--
INFO: Run Behavior\ReadHtmlCacheBehavior [ RunTime:0.000759s ]
INFO: [ app_begin ] --END-- [ RunTime:0.001313s ]
SQL: SHOW COLUMNS FROM `eshop_thirdmenu` [ RunTime:0.0527s ]
SQL: SELECT `id`,`name` FROM `eshop_thirdmenu` WHERE `pid` = 1 AND `is_show` = 1  [ RunTime:0.0004s ]

[ 2017-01-04T13:34:17+08:00 ] ::1 /eshop/index.php/Good/getWebCart.html
INFO: [ app_begin ] --START--
INFO: Run Behavior\ReadHtmlCacheBehavior [ RunTime:0.000741s ]
INFO: [ app_begin ] --END-- [ RunTime:0.001291s ]
SQL: SHOW COLUMNS FROM `eshop_secondmenu` [ RunTime:0.0118s ]
SQL: SELECT `id`,`name` FROM `eshop_secondmenu` WHERE `pid` = 6 AND `is_show` = 1  [ RunTime:0.0007s ]

[ 2017-01-04T13:37:38+08:00 ] ::1 /eshop/index.php/Good/getWebCart.html
INFO: [ app_begin ] --START--
INFO: Run Behavior\ReadHtmlCacheBehavior [ RunTime:0.000676s ]
INFO: [ app_begin ] --END-- [ RunTime:0.001261s ]
SQL: SHOW COLUMNS FROM `eshop_secondmenu` [ RunTime:0.0077s ]
SQL: SELECT `id`,`name` FROM `eshop_secondmenu` WHERE `pid` = 1 AND `is_show` = 1  [ RunTime:0.0004s ]

[ 2017-01-04T13:38:37+08:00 ] ::1 /eshop/index.php/Good/getWebCart.html
INFO: [ app_begin ] --START--
INFO: Run Behavior\ReadHtmlCacheBehavior [ RunTime:0.000611s ]
INFO: [ app_begin ] --END-- [ RunTime:0.001159s ]
SQL: SHOW COLUMNS FROM `eshop_secondmenu` [ RunTime:0.0056s ]
SQL: SELECT `id`,`name` FROM `eshop_secondmenu` WHERE `pid` = 4 AND `is_show` = 1  [ RunTime:0.0005s ]

[ 2017-01-04T13:38:41+08:00 ] ::1 /eshop/index.php/Good/getWebCart.html
INFO: [ app_begin ] --START--
INFO: Run Behavior\ReadHtmlCacheBehavior [ RunTime:0.000693s ]
INFO: [ app_begin ] --END-- [ RunTime:0.001284s ]
SQL: SHOW COLUMNS FROM `eshop_secondmenu` [ RunTime:0.0066s ]
SQL: SELECT `id`,`name` FROM `eshop_secondmenu` WHERE `pid` = 2 AND `is_show` = 1  [ RunTime:0.0004s ]

[ 2017-01-04T13:38:42+08:00 ] ::1 /eshop/index.php/Good/getWebCart.html
INFO: [ app_begin ] --START--
INFO: Run Behavior\ReadHtmlCacheBehavior [ RunTime:0.000695s ]
INFO: [ app_begin ] --END-- [ RunTime:0.001318s ]
SQL: SHOW COLUMNS FROM `eshop_thirdmenu` [ RunTime:0.0060s ]
SQL: SELECT `id`,`name` FROM `eshop_thirdmenu` WHERE `pid` = 3 AND `is_show` = 1  [ RunTime:0.0003s ]

[ 2017-01-04T13:38:46+08:00 ] ::1 /eshop/index.php/Good/getWebCart.html
INFO: [ app_begin ] --START--
INFO: Run Behavior\ReadHtmlCacheBehavior [ RunTime:0.000712s ]
INFO: [ app_begin ] --END-- [ RunTime:0.001313s ]
SQL: SHOW COLUMNS FROM `eshop_secondmenu` [ RunTime:0.0068s ]
SQL: SELECT `id`,`name` FROM `eshop_secondmenu` WHERE `pid` = 4 AND `is_show` = 1  [ RunTime:0.0003s ]

[ 2017-01-04T13:38:50+08:00 ] ::1 /eshop/index.php/Good/getWebCart.html
INFO: [ app_begin ] --START--
INFO: Run Behavior\ReadHtmlCacheBehavior [ RunTime:0.000694s ]
INFO: [ app_begin ] --END-- [ RunTime:0.001330s ]
SQL: SHOW COLUMNS FROM `eshop_secondmenu` [ RunTime:0.0052s ]
SQL: SELECT `id`,`name` FROM `eshop_secondmenu` WHERE `pid` = 7 AND `is_show` = 1  [ RunTime:0.0003s ]

[ 2017-01-04T13:39:09+08:00 ] ::1 /eshop/index.php/Good/getWebCart.html
INFO: [ app_begin ] --START--
INFO: Run Behavior\ReadHtmlCacheBehavior [ RunTime:0.000725s ]
INFO: [ app_begin ] --END-- [ RunTime:0.001270s ]
SQL: SHOW COLUMNS FROM `eshop_secondmenu` [ RunTime:0.0071s ]
SQL: SELECT `id`,`name` FROM `eshop_secondmenu` WHERE `pid` = 3 AND `is_show` = 1  [ RunTime:0.0003s ]

[ 2017-01-04T13:39:11+08:00 ] ::1 /eshop/index.php/Good/getWebCart.html
INFO: [ app_begin ] --START--
INFO: Run Behavior\ReadHtmlCacheBehavior [ RunTime:0.001282s ]
INFO: [ app_begin ] --END-- [ RunTime:0.002046s ]
SQL: SHOW COLUMNS FROM `eshop_thirdmenu` [ RunTime:0.0103s ]
SQL: SELECT `id`,`name` FROM `eshop_thirdmenu` WHERE `pid` = 5 AND `is_show` = 1  [ RunTime:0.0003s ]

[ 2017-01-04T13:42:22+08:00 ] ::1 /eshop/index.php/Good/getWebCart.html
INFO: [ app_begin ] --START--
INFO: Run Behavior\ReadHtmlCacheBehavior [ RunTime:0.001056s ]
INFO: [ app_begin ] --END-- [ RunTime:0.001883s ]
SQL: SHOW COLUMNS FROM `eshop_secondmenu` [ RunTime:0.0070s ]
SQL: SELECT `id`,`name` FROM `eshop_secondmenu` WHERE `pid` = 4 AND `is_show` = 1  [ RunTime:0.0003s ]

[ 2017-01-04T13:42:24+08:00 ] ::1 /eshop/index.php/Good/getWebCart.html
INFO: [ app_begin ] --START--
INFO: Run Behavior\ReadHtmlCacheBehavior [ RunTime:0.000711s ]
INFO: [ app_begin ] --END-- [ RunTime:0.001394s ]
SQL: SHOW COLUMNS FROM `eshop_thirdmenu` [ RunTime:0.0059s ]
SQL: SELECT `id`,`name` FROM `eshop_thirdmenu` WHERE `pid` = 9 AND `is_show` = 1  [ RunTime:0.0004s ]

[ 2017-01-04T13:42:44+08:00 ] ::1 /eshop/index.php/Good/getWebCart.html
INFO: [ app_begin ] --START--
INFO: Run Behavior\ReadHtmlCacheBehavior [ RunTime:0.000689s ]
INFO: [ app_begin ] --END-- [ RunTime:0.001230s ]
SQL: SHOW COLUMNS FROM `eshop_secondmenu` [ RunTime:0.0070s ]
SQL: SELECT `id`,`name` FROM `eshop_secondmenu` WHERE `pid` = 6 AND `is_show` = 1  [ RunTime:0.0004s ]

[ 2017-01-04T13:42:46+08:00 ] ::1 /eshop/index.php/Good/getWebCart.html
INFO: [ app_begin ] --START--
INFO: Run Behavior\ReadHtmlCacheBehavior [ RunTime:0.001131s ]
INFO: [ app_begin ] --END-- [ RunTime:0.001846s ]
SQL: SHOW COLUMNS FROM `eshop_secondmenu` [ RunTime:0.0048s ]
SQL: SELECT `id`,`name` FROM `eshop_secondmenu` WHERE `pid` = 4 AND `is_show` = 1  [ RunTime:0.0004s ]

[ 2017-01-04T13:42:49+08:00 ] ::1 /eshop/index.php/Good/getWebCart.html
INFO: [ app_begin ] --START--
INFO: Run Behavior\ReadHtmlCacheBehavior [ RunTime:0.000731s ]
INFO: [ app_begin ] --END-- [ RunTime:0.001312s ]
SQL: SHOW COLUMNS FROM `eshop_secondmenu` [ RunTime:0.0062s ]
SQL: SELECT `id`,`name` FROM `eshop_secondmenu` WHERE `pid` = 8 AND `is_show` = 1  [ RunTime:0.0003s ]

[ 2017-01-04T13:42:53+08:00 ] ::1 /eshop/index.php/Good/getWebCart.html
INFO: [ app_begin ] --START--
INFO: Run Behavior\ReadHtmlCacheBehavior [ RunTime:0.000668s ]
INFO: [ app_begin ] --END-- [ RunTime:0.001220s ]
SQL: SHOW COLUMNS FROM `eshop_secondmenu` [ RunTime:0.0060s ]
SQL: SELECT `id`,`name` FROM `eshop_secondmenu` WHERE `pid` = 1 AND `is_show` = 1  [ RunTime:0.0004s ]

[ 2017-01-04T13:42:54+08:00 ] ::1 /eshop/index.php/Good/getWebCart.html
INFO: [ app_begin ] --START--
INFO: Run Behavior\ReadHtmlCacheBehavior [ RunTime:0.000695s ]
INFO: [ app_begin ] --END-- [ RunTime:0.001274s ]
SQL: SHOW COLUMNS FROM `eshop_thirdmenu` [ RunTime:0.0057s ]
SQL: SELECT `id`,`name` FROM `eshop_thirdmenu` WHERE `pid` = 2 AND `is_show` = 1  [ RunTime:0.0003s ]

[ 2017-01-04T13:42:59+08:00 ] ::1 /eshop/index.php/Good/getWebCart.html
INFO: [ app_begin ] --START--
INFO: Run Behavior\ReadHtmlCacheBehavior [ RunTime:0.000661s ]
INFO: [ app_begin ] --END-- [ RunTime:0.001181s ]
SQL: SHOW COLUMNS FROM `eshop_thirdmenu` [ RunTime:0.0059s ]
SQL: SELECT `id`,`name` FROM `eshop_thirdmenu` WHERE `pid` = 1 AND `is_show` = 1  [ RunTime:0.0003s ]

[ 2017-01-04T13:43:02+08:00 ] ::1 /eshop/index.php/Good/getWebCart.html
INFO: [ app_begin ] --START--
INFO: Run Behavior\ReadHtmlCacheBehavior [ RunTime:0.000687s ]
INFO: [ app_begin ] --END-- [ RunTime:0.001241s ]
SQL: SHOW COLUMNS FROM `eshop_secondmenu` [ RunTime:0.0061s ]
SQL: SELECT `id`,`name` FROM `eshop_secondmenu` WHERE `pid` = 2 AND `is_show` = 1  [ RunTime:0.0004s ]

[ 2017-01-04T13:43:03+08:00 ] ::1 /eshop/index.php/Good/getWebCart.html
INFO: [ app_begin ] --START--
INFO: Run Behavior\ReadHtmlCacheBehavior [ RunTime:0.000745s ]
INFO: [ app_begin ] --END-- [ RunTime:0.001338s ]
SQL: SHOW COLUMNS FROM `eshop_thirdmenu` [ RunTime:0.0062s ]
SQL: SELECT `id`,`name` FROM `eshop_thirdmenu` WHERE `pid` = 3 AND `is_show` = 1  [ RunTime:0.0004s ]

[ 2017-01-04T13:43:07+08:00 ] ::1 /eshop/index.php/Good/getWebCart.html
INFO: [ app_begin ] --START--
INFO: Run Behavior\ReadHtmlCacheBehavior [ RunTime:0.000694s ]
INFO: [ app_begin ] --END-- [ RunTime:0.001266s ]
SQL: SHOW COLUMNS FROM `eshop_secondmenu` [ RunTime:0.0052s ]
SQL: SELECT `id`,`name` FROM `eshop_secondmenu` WHERE `pid` = 1 AND `is_show` = 1  [ RunTime:0.0004s ]

[ 2017-01-04T13:43:08+08:00 ] ::1 /eshop/index.php/Good/getWebCart.html
INFO: [ app_begin ] --START--
INFO: Run Behavior\ReadHtmlCacheBehavior [ RunTime:0.000808s ]
INFO: [ app_begin ] --END-- [ RunTime:0.001393s ]
SQL: SHOW COLUMNS FROM `eshop_thirdmenu` [ RunTime:0.0068s ]
SQL: SELECT `id`,`name` FROM `eshop_thirdmenu` WHERE `pid` = 2 AND `is_show` = 1  [ RunTime:0.0007s ]

[ 2017-01-04T13:43:10+08:00 ] ::1 /eshop/index.php/Good/getWebCart.html
INFO: [ app_begin ] --START--
INFO: Run Behavior\ReadHtmlCacheBehavior [ RunTime:0.001186s ]
INFO: [ app_begin ] --END-- [ RunTime:0.002116s ]
SQL: SHOW COLUMNS FROM `eshop_secondmenu` [ RunTime:0.0070s ]
SQL: SELECT `id`,`name` FROM `eshop_secondmenu` WHERE `pid` = 6 AND `is_show` = 1  [ RunTime:0.0003s ]

[ 2017-01-04T13:48:07+08:00 ] ::1 /eshop/index.php/Good/getWebCart.html
INFO: [ app_begin ] --START--
INFO: Run Behavior\ReadHtmlCacheBehavior [ RunTime:0.001333s ]
INFO: [ app_begin ] --END-- [ RunTime:0.002247s ]
SQL: SHOW COLUMNS FROM `eshop_secondmenu` [ RunTime:0.0098s ]
SQL: SELECT `id`,`name` FROM `eshop_secondmenu` WHERE `pid` = 7 AND `is_show` = 1  [ RunTime:0.0005s ]

[ 2017-01-04T13:48:30+08:00 ] ::1 /eshop/index.php/Good/getWebCart.html
INFO: [ app_begin ] --START--
INFO: Run Behavior\ReadHtmlCacheBehavior [ RunTime:0.001341s ]
INFO: [ app_begin ] --END-- [ RunTime:0.002424s ]
SQL: SHOW COLUMNS FROM `eshop_secondmenu` [ RunTime:0.0129s ]
SQL: SELECT `id`,`name` FROM `eshop_secondmenu` WHERE `pid` = 1 AND `is_show` = 1  [ RunTime:0.0008s ]

[ 2017-01-04T13:48:32+08:00 ] ::1 /eshop/index.php/Good/getWebCart.html
INFO: [ app_begin ] --START--
INFO: Run Behavior\ReadHtmlCacheBehavior [ RunTime:0.002052s ]
INFO: [ app_begin ] --END-- [ RunTime:0.003421s ]
SQL: SHOW COLUMNS FROM `eshop_thirdmenu` [ RunTime:0.0113s ]
SQL: SELECT `id`,`name` FROM `eshop_thirdmenu` WHERE `pid` = 1 AND `is_show` = 1  [ RunTime:0.0005s ]

[ 2017-01-04T13:56:16+08:00 ] ::1 /eshop/index.php/Home/Good/add.html
ERR: 1146:Table 'eshop.eshop_shop_first' doesn't exist
 [ SQL语句 ] : SHOW COLUMNS FROM `eshop_shop_first`

[ 2017-01-04T14:00:43+08:00 ] ::1 /eshop/index.php/Good/getWebCart.html
INFO: [ app_begin ] --START--
INFO: Run Behavior\ReadHtmlCacheBehavior [ RunTime:0.001222s ]
INFO: [ app_begin ] --END-- [ RunTime:0.002115s ]
SQL: SHOW COLUMNS FROM `eshop_secondmenu` [ RunTime:0.0182s ]
SQL: SELECT `id`,`name` FROM `eshop_secondmenu` WHERE `pid` = 1 AND `is_show` = 1  [ RunTime:0.0006s ]

[ 2017-01-04T14:00:45+08:00 ] ::1 /eshop/index.php/Good/getWebCart.html
INFO: [ app_begin ] --START--
INFO: Run Behavior\ReadHtmlCacheBehavior [ RunTime:0.001339s ]
INFO: [ app_begin ] --END-- [ RunTime:0.002331s ]
SQL: SHOW COLUMNS FROM `eshop_thirdmenu` [ RunTime:0.0137s ]
SQL: SELECT `id`,`name` FROM `eshop_thirdmenu` WHERE `pid` = 1 AND `is_show` = 1  [ RunTime:0.0007s ]

[ 2017-01-04T14:08:18+08:00 ] ::1 /eshop/index.php/Good/getShopCart.html
INFO: [ app_begin ] --START--
INFO: Run Behavior\ReadHtmlCacheBehavior [ RunTime:0.000816s ]
INFO: [ app_begin ] --END-- [ RunTime:0.001714s ]
INFO: [ app_end ] --START--
INFO: Run Behavior\ShowPageTraceBehavior [ RunTime:0.000802s ]
INFO: [ app_end ] --END-- [ RunTime:0.000901s ]

[ 2017-01-04T14:17:50+08:00 ] ::1 /eshop/index.php/Good/getShopCart.html
INFO: [ app_begin ] --START--
INFO: Run Behavior\ReadHtmlCacheBehavior [ RunTime:0.002254s ]
INFO: [ app_begin ] --END-- [ RunTime:0.003449s ]
SQL: SHOW COLUMNS FROM `eshop_shop_secondmenu` [ RunTime:0.0099s ]
SQL: SELECT `id`,`sname` FROM `eshop_shop_secondmenu` WHERE `pid` = 5 AND `is_show` = 1  [ RunTime:0.0005s ]
SQL: SELECT `id`,`sname` FROM `eshop_shop_secondmenu` WHERE `pid` = 5 AND `is_show` = 1  [ RunTime:0.0004s ]
INFO: [ app_end ] --START--
INFO: Run Behavior\ShowPageTraceBehavior [ RunTime:0.001434s ]
INFO: [ app_end ] --END-- [ RunTime:0.001591s ]

[ 2017-01-04T14:20:01+08:00 ] ::1 /eshop/index.php/Good/getShopCart.html
INFO: [ app_begin ] --START--
INFO: Run Behavior\ReadHtmlCacheBehavior [ RunTime:0.000757s ]
INFO: [ app_begin ] --END-- [ RunTime:0.001285s ]
SQL: SHOW COLUMNS FROM `eshop_shop_secondmenu` [ RunTime:0.0072s ]
SQL: SELECT `id`,`sname` FROM `eshop_shop_secondmenu` WHERE `pid` = 1 AND `is_show` = 1  [ RunTime:0.0003s ]

[ 2017-01-04T14:20:08+08:00 ] ::1 /eshop/index.php/Good/getShopCart.html
INFO: [ app_begin ] --START--
INFO: Run Behavior\ReadHtmlCacheBehavior [ RunTime:0.000782s ]
INFO: [ app_begin ] --END-- [ RunTime:0.001434s ]
SQL: SHOW COLUMNS FROM `eshop_shop_secondmenu` [ RunTime:0.0062s ]
SQL: SELECT `id`,`sname` FROM `eshop_shop_secondmenu` WHERE `pid` = 5 AND `is_show` = 1  [ RunTime:0.0004s ]

[ 2017-01-04T14:20:43+08:00 ] ::1 /eshop/index.php/Good/getShopCart.html
INFO: [ app_begin ] --START--
INFO: Run Behavior\ReadHtmlCacheBehavior [ RunTime:0.001011s ]
INFO: [ app_begin ] --END-- [ RunTime:0.001750s ]
SQL: SHOW COLUMNS FROM `eshop_shop_secondmenu` [ RunTime:0.0085s ]
SQL: SELECT `id`,`sname` FROM `eshop_shop_secondmenu` WHERE `pid` = 1 AND `is_show` = 1  [ RunTime:0.0004s ]

[ 2017-01-04T14:20:57+08:00 ] ::1 /eshop/index.php/Good/getShopCart.html
INFO: [ app_begin ] --START--
INFO: Run Behavior\ReadHtmlCacheBehavior [ RunTime:0.001003s ]
INFO: [ app_begin ] --END-- [ RunTime:0.001549s ]
SQL: SHOW COLUMNS FROM `eshop_shop_secondmenu` [ RunTime:0.0066s ]
SQL: SELECT `id`,`sname` FROM `eshop_shop_secondmenu` WHERE `pid` = 5 AND `is_show` = 1  [ RunTime:0.0004s ]

[ 2017-01-04T14:20:59+08:00 ] ::1 /eshop/index.php/Good/getShopCart.html
INFO: [ app_begin ] --START--
INFO: Run Behavior\ReadHtmlCacheBehavior [ RunTime:0.001015s ]
INFO: [ app_begin ] --END-- [ RunTime:0.001723s ]
SQL: SHOW COLUMNS FROM `eshop_shop_secondmenu` [ RunTime:0.0060s ]
SQL: SELECT `id`,`sname` FROM `eshop_shop_secondmenu` WHERE `pid` = 1 AND `is_show` = 1  [ RunTime:0.0004s ]

[ 2017-01-04T14:21:06+08:00 ] ::1 /eshop/index.php/Good/getShopCart.html
INFO: [ app_begin ] --START--
INFO: Run Behavior\ReadHtmlCacheBehavior [ RunTime:0.001819s ]
INFO: [ app_begin ] --END-- [ RunTime:0.004590s ]
SQL: SHOW COLUMNS FROM `eshop_shop_secondmenu` [ RunTime:0.0089s ]
SQL: SELECT `id`,`sname` FROM `eshop_shop_secondmenu` WHERE `pid` = 5 AND `is_show` = 1  [ RunTime:0.0004s ]

[ 2017-01-04T14:27:43+08:00 ] ::1 /eshop/index.php/Good/getWebCart.html
INFO: [ app_begin ] --START--
INFO: Run Behavior\ReadHtmlCacheBehavior [ RunTime:0.002139s ]
INFO: [ app_begin ] --END-- [ RunTime:0.002735s ]
SQL: SHOW COLUMNS FROM `eshop_secondmenu` [ RunTime:0.0066s ]
SQL: SELECT `id`,`name` FROM `eshop_secondmenu` WHERE `pid` = 3 AND `is_show` = 1  [ RunTime:0.0006s ]

[ 2017-01-04T14:27:44+08:00 ] ::1 /eshop/index.php/Good/getWebCart.html
INFO: [ app_begin ] --START--
INFO: Run Behavior\ReadHtmlCacheBehavior [ RunTime:0.000824s ]
INFO: [ app_begin ] --END-- [ RunTime:0.001530s ]
SQL: SHOW COLUMNS FROM `eshop_thirdmenu` [ RunTime:0.0061s ]
SQL: SELECT `id`,`name` FROM `eshop_thirdmenu` WHERE `pid` = 6 AND `is_show` = 1  [ RunTime:0.0006s ]

[ 2017-01-04T14:27:46+08:00 ] ::1 /eshop/index.php/Good/getWebCart.html
INFO: [ app_begin ] --START--
INFO: Run Behavior\ReadHtmlCacheBehavior [ RunTime:0.000828s ]
INFO: [ app_begin ] --END-- [ RunTime:0.001492s ]
SQL: SHOW COLUMNS FROM `eshop_thirdmenu` [ RunTime:0.0083s ]
SQL: SELECT `id`,`name` FROM `eshop_thirdmenu` WHERE `pid` = 5 AND `is_show` = 1  [ RunTime:0.0004s ]

[ 2017-01-04T14:27:51+08:00 ] ::1 /eshop/index.php/Good/getWebCart.html
INFO: [ app_begin ] --START--
INFO: Run Behavior\ReadHtmlCacheBehavior [ RunTime:0.000857s ]
INFO: [ app_begin ] --END-- [ RunTime:0.001428s ]
SQL: SHOW COLUMNS FROM `eshop_secondmenu` [ RunTime:0.0054s ]
SQL: SELECT `id`,`name` FROM `eshop_secondmenu` WHERE `pid` = 2 AND `is_show` = 1  [ RunTime:0.0004s ]

[ 2017-01-04T14:27:53+08:00 ] ::1 /eshop/index.php/Good/getWebCart.html
INFO: [ app_begin ] --START--
INFO: Run Behavior\ReadHtmlCacheBehavior [ RunTime:0.000815s ]
INFO: [ app_begin ] --END-- [ RunTime:0.001676s ]
SQL: SHOW COLUMNS FROM `eshop_thirdmenu` [ RunTime:0.0124s ]
SQL: SELECT `id`,`name` FROM `eshop_thirdmenu` WHERE `pid` = 4 AND `is_show` = 1  [ RunTime:0.0005s ]

[ 2017-01-04T14:27:55+08:00 ] ::1 /eshop/index.php/Good/getWebCart.html
INFO: [ app_begin ] --START--
INFO: Run Behavior\ReadHtmlCacheBehavior [ RunTime:0.001545s ]
INFO: [ app_begin ] --END-- [ RunTime:0.003108s ]
SQL: SHOW COLUMNS FROM `eshop_thirdmenu` [ RunTime:0.0057s ]
SQL: SELECT `id`,`name` FROM `eshop_thirdmenu` WHERE `pid` = 3 AND `is_show` = 1  [ RunTime:0.0004s ]

[ 2017-01-04T14:27:59+08:00 ] ::1 /eshop/index.php/Good/getWebCart.html
INFO: [ app_begin ] --START--
INFO: Run Behavior\ReadHtmlCacheBehavior [ RunTime:0.000797s ]
INFO: [ app_begin ] --END-- [ RunTime:0.001387s ]
SQL: SHOW COLUMNS FROM `eshop_secondmenu` [ RunTime:0.0062s ]
SQL: SELECT `id`,`name` FROM `eshop_secondmenu` WHERE `pid` = 5 AND `is_show` = 1  [ RunTime:0.0006s ]

[ 2017-01-04T14:28:00+08:00 ] ::1 /eshop/index.php/Good/getWebCart.html
INFO: [ app_begin ] --START--
INFO: Run Behavior\ReadHtmlCacheBehavior [ RunTime:0.000808s ]
INFO: [ app_begin ] --END-- [ RunTime:0.001390s ]
SQL: SHOW COLUMNS FROM `eshop_thirdmenu` [ RunTime:0.0074s ]
SQL: SELECT `id`,`name` FROM `eshop_thirdmenu` WHERE `pid` = 11 AND `is_show` = 1  [ RunTime:0.0004s ]

[ 2017-01-04T14:28:03+08:00 ] ::1 /eshop/index.php/Good/getWebCart.html
INFO: [ app_begin ] --START--
INFO: Run Behavior\ReadHtmlCacheBehavior [ RunTime:0.002508s ]
INFO: [ app_begin ] --END-- [ RunTime:0.003125s ]
SQL: SHOW COLUMNS FROM `eshop_secondmenu` [ RunTime:0.0061s ]
SQL: SELECT `id`,`name` FROM `eshop_secondmenu` WHERE `pid` = 8 AND `is_show` = 1  [ RunTime:0.0003s ]

[ 2017-01-04T14:28:37+08:00 ] ::1 /eshop/index.php/Good/getShopCart.html
INFO: [ app_begin ] --START--
INFO: Run Behavior\ReadHtmlCacheBehavior [ RunTime:0.000801s ]
INFO: [ app_begin ] --END-- [ RunTime:0.001444s ]
SQL: SHOW COLUMNS FROM `eshop_shop_secondmenu` [ RunTime:0.0093s ]
SQL: SELECT `id`,`sname` FROM `eshop_shop_secondmenu` WHERE `pid` = 1 AND `is_show` = 1  [ RunTime:0.0004s ]

[ 2017-01-04T14:28:40+08:00 ] ::1 /eshop/index.php/Good/getShopCart.html
INFO: [ app_begin ] --START--
INFO: Run Behavior\ReadHtmlCacheBehavior [ RunTime:0.000895s ]
INFO: [ app_begin ] --END-- [ RunTime:0.001497s ]
SQL: SHOW COLUMNS FROM `eshop_shop_secondmenu` [ RunTime:0.0074s ]
SQL: SELECT `id`,`sname` FROM `eshop_shop_secondmenu` WHERE `pid` = 5 AND `is_show` = 1  [ RunTime:0.0005s ]

[ 2017-01-04T14:28:43+08:00 ] ::1 /eshop/index.php/Good/getShopCart.html
INFO: [ app_begin ] --START--
INFO: Run Behavior\ReadHtmlCacheBehavior [ RunTime:0.001131s ]
INFO: [ app_begin ] --END-- [ RunTime:0.001766s ]
SQL: SHOW COLUMNS FROM `eshop_shop_secondmenu` [ RunTime:0.0068s ]
SQL: SELECT `id`,`sname` FROM `eshop_shop_secondmenu` WHERE `pid` = 1 AND `is_show` = 1  [ RunTime:0.0003s ]

[ 2017-01-04T14:29:24+08:00 ] ::1 /eshop/index.php/ShopCart/saveMenu.html
INFO: [ app_begin ] --START--
INFO: Run Behavior\ReadHtmlCacheBehavior [ RunTime:0.000759s ]
INFO: [ app_begin ] --END-- [ RunTime:0.001320s ]
SQL: SHOW COLUMNS FROM `eshop_shop_secondmenu` [ RunTime:0.0050s ]
SQL: INSERT INTO `eshop_shop_secondmenu` (`sname`,`pid`,`create_time`) VALUES ('青苹果','5','1483511364') [ RunTime:0.1847s ]

[ 2017-01-04T14:29:41+08:00 ] ::1 /eshop/index.php/Good/getShopCart.html
INFO: [ app_begin ] --START--
INFO: Run Behavior\ReadHtmlCacheBehavior [ RunTime:0.000960s ]
INFO: [ app_begin ] --END-- [ RunTime:0.001596s ]
SQL: SHOW COLUMNS FROM `eshop_shop_secondmenu` [ RunTime:0.0058s ]
SQL: SELECT `id`,`sname` FROM `eshop_shop_secondmenu` WHERE `pid` = 5 AND `is_show` = 1  [ RunTime:0.0005s ]

[ 2017-01-04T14:29:46+08:00 ] ::1 /eshop/index.php/Good/getShopCart.html
INFO: [ app_begin ] --START--
INFO: Run Behavior\ReadHtmlCacheBehavior [ RunTime:0.000891s ]
INFO: [ app_begin ] --END-- [ RunTime:0.001504s ]
SQL: SHOW COLUMNS FROM `eshop_shop_secondmenu` [ RunTime:0.0063s ]
SQL: SELECT `id`,`sname` FROM `eshop_shop_secondmenu` WHERE `pid` = 1 AND `is_show` = 1  [ RunTime:0.0004s ]

[ 2017-01-04T14:29:49+08:00 ] ::1 /eshop/index.php/Good/getShopCart.html
INFO: [ app_begin ] --START--
INFO: Run Behavior\ReadHtmlCacheBehavior [ RunTime:0.000955s ]
INFO: [ app_begin ] --END-- [ RunTime:0.001824s ]
SQL: SHOW COLUMNS FROM `eshop_shop_secondmenu` [ RunTime:0.0069s ]
SQL: SELECT `id`,`sname` FROM `eshop_shop_secondmenu` WHERE `pid` = 5 AND `is_show` = 1  [ RunTime:0.0004s ]

[ 2017-01-04T14:56:05+08:00 ] ::1 /eshop/index.php/Home/Shop/index.html
ERR: 模板不存在:./App/Home/View/default/./View/Public/sheader.html.html

[ 2017-01-04T14:56:46+08:00 ] ::1 /eshop/index.php/Home/Shop/index.html
ERR: 模板不存在:./App/Home/View/default/Public/sheader.html.html

[ 2017-01-04T16:27:23+08:00 ] ::1 /eshop/index.php/Home/ShopCart/shoper_regist.html
ERR: 非法操作:shoper_regist

[ 2017-01-04T16:28:21+08:00 ] ::1 /eshop/index.php/Good/getWebCart.html
INFO: [ app_begin ] --START--
INFO: Run Behavior\ReadHtmlCacheBehavior [ RunTime:0.000982s ]
INFO: [ app_begin ] --END-- [ RunTime:0.001635s ]
SQL: SHOW COLUMNS FROM `eshop_secondmenu` [ RunTime:0.0089s ]
SQL: SELECT `id`,`name` FROM `eshop_secondmenu` WHERE `pid` = 6 AND `is_show` = 1  [ RunTime:0.0008s ]

[ 2017-01-04T16:28:24+08:00 ] ::1 /eshop/index.php/Good/getWebCart.html
INFO: [ app_begin ] --START--
INFO: Run Behavior\ReadHtmlCacheBehavior [ RunTime:0.000857s ]
INFO: [ app_begin ] --END-- [ RunTime:0.001878s ]
SQL: SHOW COLUMNS FROM `eshop_secondmenu` [ RunTime:0.0070s ]
SQL: SELECT `id`,`name` FROM `eshop_secondmenu` WHERE `pid` = 1 AND `is_show` = 1  [ RunTime:0.0005s ]

[ 2017-01-04T16:28:25+08:00 ] ::1 /eshop/index.php/Good/getWebCart.html
INFO: [ app_begin ] --START--
INFO: Run Behavior\ReadHtmlCacheBehavior [ RunTime:0.000965s ]
INFO: [ app_begin ] --END-- [ RunTime:0.002055s ]
SQL: SHOW COLUMNS FROM `eshop_thirdmenu` [ RunTime:0.0068s ]
SQL: SELECT `id`,`name` FROM `eshop_thirdmenu` WHERE `pid` = 1 AND `is_show` = 1  [ RunTime:0.0006s ]

[ 2017-01-04T16:28:29+08:00 ] ::1 /eshop/index.php/Good/getShopCart.html
INFO: [ app_begin ] --START--
INFO: Run Behavior\ReadHtmlCacheBehavior [ RunTime:0.001163s ]
INFO: [ app_begin ] --END-- [ RunTime:0.002082s ]
SQL: SHOW COLUMNS FROM `eshop_shop_secondmenu` [ RunTime:0.0065s ]
SQL: SELECT `id`,`sname` FROM `eshop_shop_secondmenu` WHERE `pid` = 1 AND `is_show` = 1  [ RunTime:0.0005s ]

[ 2017-01-04T16:39:57+08:00 ] ::1 /eshop/index.php/Good/getWebCart.html
INFO: [ app_begin ] --START--
INFO: Run Behavior\ReadHtmlCacheBehavior [ RunTime:0.000873s ]
INFO: [ app_begin ] --END-- [ RunTime:0.001434s ]
SQL: SHOW COLUMNS FROM `eshop_secondmenu` [ RunTime:0.0081s ]
SQL: SELECT `id`,`name` FROM `eshop_secondmenu` WHERE `pid` = 4 AND `is_show` = 1  [ RunTime:0.0009s ]

[ 2017-01-04T16:39:59+08:00 ] ::1 /eshop/index.php/Good/getWebCart.html
INFO: [ app_begin ] --START--
INFO: Run Behavior\ReadHtmlCacheBehavior [ RunTime:0.000860s ]
INFO: [ app_begin ] --END-- [ RunTime:0.001413s ]
SQL: SHOW COLUMNS FROM `eshop_secondmenu` [ RunTime:0.0223s ]
SQL: SELECT `id`,`name` FROM `eshop_secondmenu` WHERE `pid` = 8 AND `is_show` = 1  [ RunTime:0.0003s ]

[ 2017-01-04T16:40:04+08:00 ] ::1 /eshop/index.php/Good/getWebCart.html
INFO: [ app_begin ] --START--
INFO: Run Behavior\ReadHtmlCacheBehavior [ RunTime:0.000905s ]
INFO: [ app_begin ] --END-- [ RunTime:0.001498s ]
SQL: SHOW COLUMNS FROM `eshop_secondmenu` [ RunTime:0.0066s ]
SQL: SELECT `id`,`name` FROM `eshop_secondmenu` WHERE `pid` = 6 AND `is_show` = 1  [ RunTime:0.0004s ]

[ 2017-01-04T16:40:07+08:00 ] ::1 /eshop/index.php/Good/getWebCart.html
INFO: [ app_begin ] --START--
INFO: Run Behavior\ReadHtmlCacheBehavior [ RunTime:0.000872s ]
INFO: [ app_begin ] --END-- [ RunTime:0.001490s ]
SQL: SHOW COLUMNS FROM `eshop_secondmenu` [ RunTime:0.0084s ]
SQL: SELECT `id`,`name` FROM `eshop_secondmenu` WHERE `pid` = 3 AND `is_show` = 1  [ RunTime:0.0004s ]

[ 2017-01-04T16:40:10+08:00 ] ::1 /eshop/index.php/Good/getWebCart.html
INFO: [ app_begin ] --START--
INFO: Run Behavior\ReadHtmlCacheBehavior [ RunTime:0.001200s ]
INFO: [ app_begin ] --END-- [ RunTime:0.002748s ]
SQL: SHOW COLUMNS FROM `eshop_secondmenu` [ RunTime:0.0065s ]
SQL: SELECT `id`,`name` FROM `eshop_secondmenu` WHERE `pid` = 8 AND `is_show` = 1  [ RunTime:0.0004s ]

[ 2017-01-04T16:40:13+08:00 ] ::1 /eshop/index.php/Good/getWebCart.html
INFO: [ app_begin ] --START--
INFO: Run Behavior\ReadHtmlCacheBehavior [ RunTime:0.000868s ]
INFO: [ app_begin ] --END-- [ RunTime:0.001448s ]
SQL: SHOW COLUMNS FROM `eshop_secondmenu` [ RunTime:0.0063s ]
SQL: SELECT `id`,`name` FROM `eshop_secondmenu` WHERE `pid` = 3 AND `is_show` = 1  [ RunTime:0.0004s ]

[ 2017-01-04T16:40:15+08:00 ] ::1 /eshop/index.php/Good/getWebCart.html
INFO: [ app_begin ] --START--
INFO: Run Behavior\ReadHtmlCacheBehavior [ RunTime:0.000974s ]
INFO: [ app_begin ] --END-- [ RunTime:0.001848s ]
SQL: SHOW COLUMNS FROM `eshop_thirdmenu` [ RunTime:0.0060s ]
SQL: SELECT `id`,`name` FROM `eshop_thirdmenu` WHERE `pid` = 5 AND `is_show` = 1  [ RunTime:0.0005s ]

[ 2017-01-04T16:40:21+08:00 ] ::1 /eshop/index.php/Good/getWebCart.html
INFO: [ app_begin ] --START--
INFO: Run Behavior\ReadHtmlCacheBehavior [ RunTime:0.000860s ]
INFO: [ app_begin ] --END-- [ RunTime:0.001400s ]
SQL: SHOW COLUMNS FROM `eshop_secondmenu` [ RunTime:0.0065s ]
SQL: SELECT `id`,`name` FROM `eshop_secondmenu` WHERE `pid` = 7 AND `is_show` = 1  [ RunTime:0.0004s ]

[ 2017-01-04T20:02:49+08:00 ] ::1 /eshop/index.php/Good/getWebCart.html
INFO: [ app_begin ] --START--
INFO: Run Behavior\ReadHtmlCacheBehavior [ RunTime:0.000880s ]
INFO: [ app_begin ] --END-- [ RunTime:0.001485s ]
SQL: SHOW COLUMNS FROM `eshop_secondmenu` [ RunTime:0.0074s ]
SQL: SELECT `id`,`name` FROM `eshop_secondmenu` WHERE `pid` = 2 AND `is_show` = 1  [ RunTime:0.0015s ]

[ 2017-01-04T20:02:51+08:00 ] ::1 /eshop/index.php/Good/getWebCart.html
INFO: [ app_begin ] --START--
INFO: Run Behavior\ReadHtmlCacheBehavior [ RunTime:0.001820s ]
INFO: [ app_begin ] --END-- [ RunTime:0.004356s ]
SQL: SHOW COLUMNS FROM `eshop_thirdmenu` [ RunTime:0.0067s ]
SQL: SELECT `id`,`name` FROM `eshop_thirdmenu` WHERE `pid` = 3 AND `is_show` = 1  [ RunTime:0.0006s ]

[ 2017-01-04T20:03:00+08:00 ] ::1 /eshop/index.php/Good/getWebCart.html
INFO: [ app_begin ] --START--
INFO: Run Behavior\ReadHtmlCacheBehavior [ RunTime:0.001094s ]
INFO: [ app_begin ] --END-- [ RunTime:0.001989s ]
SQL: SHOW COLUMNS FROM `eshop_secondmenu` [ RunTime:0.0061s ]
SQL: SELECT `id`,`name` FROM `eshop_secondmenu` WHERE `pid` = 3 AND `is_show` = 1  [ RunTime:0.0004s ]

[ 2017-01-04T20:03:02+08:00 ] ::1 /eshop/index.php/Good/getWebCart.html
INFO: [ app_begin ] --START--
INFO: Run Behavior\ReadHtmlCacheBehavior [ RunTime:0.000962s ]
INFO: [ app_begin ] --END-- [ RunTime:0.002344s ]
SQL: SHOW COLUMNS FROM `eshop_thirdmenu` [ RunTime:0.0059s ]
SQL: SELECT `id`,`name` FROM `eshop_thirdmenu` WHERE `pid` = 5 AND `is_show` = 1  [ RunTime:0.0004s ]

[ 2017-01-04T20:03:07+08:00 ] ::1 /eshop/index.php/Good/getShopCart.html
INFO: [ app_begin ] --START--
INFO: Run Behavior\ReadHtmlCacheBehavior [ RunTime:0.000911s ]
INFO: [ app_begin ] --END-- [ RunTime:0.001614s ]
SQL: SHOW COLUMNS FROM `eshop_shop_secondmenu` [ RunTime:0.0083s ]
SQL: SELECT `id`,`sname` FROM `eshop_shop_secondmenu` WHERE `pid` = 1 AND `is_show` = 1  [ RunTime:0.0006s ]

[ 2017-01-04T20:05:09+08:00 ] ::1 /eshop/index.php/UserCenter/addressAdd.html
INFO: [ app_begin ] --START--
INFO: Run Behavior\ReadHtmlCacheBehavior [ RunTime:0.001267s ]
INFO: [ app_begin ] --END-- [ RunTime:0.002114s ]
SQL: SHOW COLUMNS FROM `eshop_user_address` [ RunTime:0.1061s ]
SQL: SHOW COLUMNS FROM `eshop_user_address` [ RunTime:0.0072s ]
SQL: SELECT COUNT(*) AS tp_count FROM `eshop_user_address` WHERE `userId` = 13 AND `is_show` = 1 LIMIT 1   [ RunTime:0.0004s ]
SQL: UPDATE `eshop_user_address` SET `is_first`='0',`modifytime`='1483531509' WHERE `userId` = 13 AND `is_first` = 1 [ RunTime:0.0010s ]
NOTIC: [8] Undefined index: validate D:\wampserver\wamp\www\eshop\ThinkPHP\Library\Think\Model.class.php 第 1185 行.
NOTIC: [8] Undefined index: auto D:\wampserver\wamp\www\eshop\ThinkPHP\Library\Think\Model.class.php 第 1128 行.
ERR: 1452:Cannot add or update a child row: a foreign key constraint fails (`eshop`.`eshop_user_address`, CONSTRAINT `eshop_user_address_ibfk_1` FOREIGN KEY (`userId`) REFERENCES `eshop_user` (`id`) ON DELETE CASCADE ON UPDATE CASCADE)
 [ SQL语句 ] : INSERT INTO `eshop_user_address` (`userId`,`userName`,`location`,`streetInfo`,`postCode`,`tel`,`is_first`,`createtime`) VALUES ('13','VC好几个与','辽宁省|本溪市|平山区','萨那萨克','123456','13437826498','1','1483531509')
ERR: 1452:Cannot add or update a child row: a foreign key constraint fails (`eshop`.`eshop_user_address`, CONSTRAINT `eshop_user_address_ibfk_1` FOREIGN KEY (`userId`) REFERENCES `eshop_user` (`id`) ON DELETE CASCADE ON UPDATE CASCADE)
 [ SQL语句 ] : INSERT INTO `eshop_user_address` (`userId`,`userName`,`location`,`streetInfo`,`postCode`,`tel`,`is_first`,`createtime`) VALUES ('13','VC好几个与','辽宁省|本溪市|平山区','萨那萨克','123456','13437826498','1','1483531509')

[ 2017-01-04T20:05:59+08:00 ] ::1 /eshop/index.php/UserCenter/addressAdd.html
INFO: [ app_begin ] --START--
INFO: Run Behavior\ReadHtmlCacheBehavior [ RunTime:0.001368s ]
INFO: [ app_begin ] --END-- [ RunTime:0.002317s ]
SQL: SHOW COLUMNS FROM `eshop_user_address` [ RunTime:0.0440s ]
SQL: SHOW COLUMNS FROM `eshop_user_address` [ RunTime:0.0115s ]
SQL: SELECT COUNT(*) AS tp_count FROM `eshop_user_address` WHERE `userId` = 13 AND `is_show` = 1 LIMIT 1   [ RunTime:0.0005s ]
SQL: UPDATE `eshop_user_address` SET `is_first`='0',`modifytime`='1483531559' WHERE `userId` = 13 AND `is_first` = 1 [ RunTime:0.0004s ]
NOTIC: [8] Undefined index: validate D:\wampserver\wamp\www\eshop\ThinkPHP\Library\Think\Model.class.php 第 1185 行.
NOTIC: [8] Undefined index: auto D:\wampserver\wamp\www\eshop\ThinkPHP\Library\Think\Model.class.php 第 1128 行.
ERR: 1452:Cannot add or update a child row: a foreign key constraint fails (`eshop`.`eshop_user_address`, CONSTRAINT `eshop_user_address_ibfk_1` FOREIGN KEY (`userId`) REFERENCES `eshop_user` (`id`) ON DELETE CASCADE ON UPDATE CASCADE)
 [ SQL语句 ] : INSERT INTO `eshop_user_address` (`userId`,`userName`,`location`,`streetInfo`,`postCode`,`tel`,`is_first`,`createtime`) VALUES ('13','VC好几个与','辽宁省|本溪市|平山区','萨那萨克','123456','13437826498','1','1483531559')
ERR: 1452:Cannot add or update a child row: a foreign key constraint fails (`eshop`.`eshop_user_address`, CONSTRAINT `eshop_user_address_ibfk_1` FOREIGN KEY (`userId`) REFERENCES `eshop_user` (`id`) ON DELETE CASCADE ON UPDATE CASCADE)
 [ SQL语句 ] : INSERT INTO `eshop_user_address` (`userId`,`userName`,`location`,`streetInfo`,`postCode`,`tel`,`is_first`,`createtime`) VALUES ('13','VC好几个与','辽宁省|本溪市|平山区','萨那萨克','123456','13437826498','1','1483531559')

[ 2017-01-04T20:07:18+08:00 ] ::1 /eshop/index.php/User/checkVerify.html
INFO: [ app_begin ] --START--
INFO: Run Behavior\ReadHtmlCacheBehavior [ RunTime:0.000814s ]
INFO: [ app_begin ] --END-- [ RunTime:0.001539s ]
INFO: [ app_end ] --START--
INFO: Run Behavior\ShowPageTraceBehavior [ RunTime:0.000922s ]
INFO: [ app_end ] --END-- [ RunTime:0.001014s ]

[ 2017-01-04T20:07:18+08:00 ] ::1 /eshop/index.php/User/doLogin.html
INFO: [ app_begin ] --START--
INFO: Run Behavior\ReadHtmlCacheBehavior [ RunTime:0.000764s ]
INFO: [ app_begin ] --END-- [ RunTime:0.001329s ]
SQL: SHOW COLUMNS FROM `eshop_user` [ RunTime:0.0452s ]
SQL: SELECT * FROM `eshop_user` WHERE `name` = 'admin1' LIMIT 1   [ RunTime:0.0446s ]
NOTIC: [2] fopen(D:\wampserver\wamp\www\eshop\ThinkPHP\Library\Org\Net/UTFWry.dat): failed to open stream: No such file or directory D:\wampserver\wamp\www\eshop\ThinkPHP\Library\Org\Net\IpLocation.class.php 第 54 行.
SQL: SHOW COLUMNS FROM `eshop_user_log` [ RunTime:0.0085s ]
NOTIC: [8] Undefined index: validate D:\wampserver\wamp\www\eshop\ThinkPHP\Library\Think\Model.class.php 第 1185 行.
NOTIC: [8] Undefined index: auto D:\wampserver\wamp\www\eshop\ThinkPHP\Library\Think\Model.class.php 第 1128 行.
SQL: INSERT INTO `eshop_user_log` (`userId`,`action`,`ip`,`location`,`time`) VALUES ('11','登录','0.0.0.0',NULL,'1483531638') [ RunTime:0.0913s ]

[ 2017-01-04T20:10:30+08:00 ] ::1 /eshop/index.php/Shoper/checkVerify.html
INFO: [ app_begin ] --START--
INFO: Run Behavior\ReadHtmlCacheBehavior [ RunTime:0.001234s ]
INFO: [ app_begin ] --END-- [ RunTime:0.002555s ]
INFO: [ app_end ] --START--
INFO: Run Behavior\ShowPageTraceBehavior [ RunTime:0.001037s ]
INFO: [ app_end ] --END-- [ RunTime:0.001158s ]

[ 2017-01-04T20:10:30+08:00 ] ::1 /eshop/index.php/Shoper/doLogin.html
INFO: [ app_begin ] --START--
INFO: Run Behavior\ReadHtmlCacheBehavior [ RunTime:0.001104s ]
INFO: [ app_begin ] --END-- [ RunTime:0.001668s ]
SQL: SHOW COLUMNS FROM `eshop_shoper` [ RunTime:0.0063s ]
SQL: SELECT * FROM `eshop_shoper` WHERE `name` = 'shoper3' LIMIT 1   [ RunTime:0.0006s ]
NOTIC: [2] fopen(D:\wampserver\wamp\www\eshop\ThinkPHP\Library\Org\Net/UTFWry.dat): failed to open stream: No such file or directory D:\wampserver\wamp\www\eshop\ThinkPHP\Library\Org\Net\IpLocation.class.php 第 54 行.
SQL: SHOW COLUMNS FROM `eshop_shoper_log` [ RunTime:0.0055s ]
NOTIC: [8] Undefined index: validate D:\wampserver\wamp\www\eshop\ThinkPHP\Library\Think\Model.class.php 第 1185 行.
NOTIC: [8] Undefined index: auto D:\wampserver\wamp\www\eshop\ThinkPHP\Library\Think\Model.class.php 第 1128 行.
SQL: INSERT INTO `eshop_shoper_log` (`shoperId`,`action`,`ip`,`location`,`time`) VALUES ('13','登录','0.0.0.0',NULL,'1483531830') [ RunTime:0.0807s ]

[ 2017-01-04T22:02:42+08:00 ] ::1 /eshop/index.php/Good/getWebCart.html
INFO: [ app_begin ] --START--
INFO: Run Behavior\ReadHtmlCacheBehavior [ RunTime:0.000974s ]
INFO: [ app_begin ] --END-- [ RunTime:0.001651s ]
SQL: SHOW COLUMNS FROM `eshop_secondmenu` [ RunTime:0.0084s ]
SQL: SELECT `id`,`name` FROM `eshop_secondmenu` WHERE `pid` = 2 AND `is_show` = 1  [ RunTime:0.0007s ]

[ 2017-01-04T22:02:47+08:00 ] ::1 /eshop/index.php/Good/getWebCart.html
INFO: [ app_begin ] --START--
INFO: Run Behavior\ReadHtmlCacheBehavior [ RunTime:0.000863s ]
INFO: [ app_begin ] --END-- [ RunTime:0.001470s ]
SQL: SHOW COLUMNS FROM `eshop_thirdmenu` [ RunTime:0.0060s ]
SQL: SELECT `id`,`name` FROM `eshop_thirdmenu` WHERE `pid` = 3 AND `is_show` = 1  [ RunTime:0.0005s ]

[ 2017-01-04T22:02:51+08:00 ] ::1 /eshop/index.php/Good/getShopCart.html
INFO: [ app_begin ] --START--
INFO: Run Behavior\ReadHtmlCacheBehavior [ RunTime:0.000700s ]
INFO: [ app_begin ] --END-- [ RunTime:0.001245s ]
SQL: SHOW COLUMNS FROM `eshop_shop_secondmenu` [ RunTime:0.0070s ]
SQL: SELECT `id`,`sname` FROM `eshop_shop_secondmenu` WHERE `pid` = 1 AND `is_show` = 1  [ RunTime:0.0009s ]

[ 2017-01-04T22:12:28+08:00 ] ::1 /eshop/index.php/Good/getWebCart.html
INFO: [ app_begin ] --START--
INFO: Run Behavior\ReadHtmlCacheBehavior [ RunTime:0.000818s ]
INFO: [ app_begin ] --END-- [ RunTime:0.001409s ]
SQL: SHOW COLUMNS FROM `eshop_secondmenu` [ RunTime:0.0076s ]
SQL: SELECT `id`,`name` FROM `eshop_secondmenu` WHERE `pid` = 1 AND `is_show` = 1  [ RunTime:0.0005s ]

[ 2017-01-04T22:12:31+08:00 ] ::1 /eshop/index.php/Good/getShopCart.html
INFO: [ app_begin ] --START--
INFO: Run Behavior\ReadHtmlCacheBehavior [ RunTime:0.001069s ]
INFO: [ app_begin ] --END-- [ RunTime:0.001683s ]
SQL: SHOW COLUMNS FROM `eshop_shop_secondmenu` [ RunTime:0.0064s ]
SQL: SELECT `id`,`sname` FROM `eshop_shop_secondmenu` WHERE `pid` = 1 AND `is_show` = 1  [ RunTime:0.0004s ]

[ 2017-01-04T22:16:31+08:00 ] ::1 /eshop/index.php/Good/getShopCart.html
INFO: [ app_begin ] --START--
INFO: Run Behavior\ReadHtmlCacheBehavior [ RunTime:0.000998s ]
INFO: [ app_begin ] --END-- [ RunTime:0.001670s ]
SQL: SHOW COLUMNS FROM `eshop_shop_secondmenu` [ RunTime:0.0058s ]
SQL: SELECT `id`,`sname` FROM `eshop_shop_secondmenu` WHERE `pid` = 1 AND `is_show` = 1  [ RunTime:0.0004s ]

[ 2017-01-04T22:16:35+08:00 ] ::1 /eshop/index.php/Good/getWebCart.html
INFO: [ app_begin ] --START--
INFO: Run Behavior\ReadHtmlCacheBehavior [ RunTime:0.000893s ]
INFO: [ app_begin ] --END-- [ RunTime:0.001529s ]
SQL: SHOW COLUMNS FROM `eshop_secondmenu` [ RunTime:0.0063s ]
SQL: SELECT `id`,`name` FROM `eshop_secondmenu` WHERE `pid` = 2 AND `is_show` = 1  [ RunTime:0.0007s ]

[ 2017-01-04T22:16:36+08:00 ] ::1 /eshop/index.php/Good/getWebCart.html
INFO: [ app_begin ] --START--
INFO: Run Behavior\ReadHtmlCacheBehavior [ RunTime:0.001189s ]
INFO: [ app_begin ] --END-- [ RunTime:0.001911s ]
SQL: SHOW COLUMNS FROM `eshop_secondmenu` [ RunTime:0.0062s ]
SQL: SELECT `id`,`name` FROM `eshop_secondmenu` WHERE `pid` = 1 AND `is_show` = 1  [ RunTime:0.0005s ]

[ 2017-01-04T22:16:39+08:00 ] ::1 /eshop/index.php/Good/getShopCart.html
INFO: [ app_begin ] --START--
INFO: Run Behavior\ReadHtmlCacheBehavior [ RunTime:0.001294s ]
INFO: [ app_begin ] --END-- [ RunTime:0.002232s ]
SQL: SHOW COLUMNS FROM `eshop_shop_secondmenu` [ RunTime:0.0085s ]
SQL: SELECT `id`,`sname` FROM `eshop_shop_secondmenu` WHERE `pid` = 5 AND `is_show` = 1  [ RunTime:0.0005s ]

[ 2017-01-04T22:36:20+08:00 ] ::1 /eshop/index.php/Good/getWebCart.html
INFO: [ app_begin ] --START--
INFO: Run Behavior\ReadHtmlCacheBehavior [ RunTime:0.000799s ]
INFO: [ app_begin ] --END-- [ RunTime:0.001800s ]
SQL: SHOW COLUMNS FROM `eshop_secondmenu` [ RunTime:0.0091s ]
SQL: SELECT `id`,`name` FROM `eshop_secondmenu` WHERE `pid` = 2 AND `is_show` = 1  [ RunTime:0.0010s ]

[ 2017-01-04T22:36:21+08:00 ] ::1 /eshop/index.php/Good/getWebCart.html
INFO: [ app_begin ] --START--
INFO: Run Behavior\ReadHtmlCacheBehavior [ RunTime:0.001156s ]
INFO: [ app_begin ] --END-- [ RunTime:0.002081s ]
SQL: SHOW COLUMNS FROM `eshop_thirdmenu` [ RunTime:0.0201s ]
SQL: SELECT `id`,`name` FROM `eshop_thirdmenu` WHERE `pid` = 3 AND `is_show` = 1  [ RunTime:0.0007s ]

[ 2017-01-04T22:40:32+08:00 ] ::1 /eshop/index.php/Good/getWebCart.html
INFO: [ app_begin ] --START--
INFO: Run Behavior\ReadHtmlCacheBehavior [ RunTime:0.001507s ]
INFO: [ app_begin ] --END-- [ RunTime:0.002486s ]
SQL: SHOW COLUMNS FROM `eshop_secondmenu` [ RunTime:0.0130s ]
SQL: SELECT `id`,`name` FROM `eshop_secondmenu` WHERE `pid` = 3 AND `is_show` = 1  [ RunTime:0.0010s ]

[ 2017-01-04T22:40:33+08:00 ] ::1 /eshop/index.php/Good/getWebCart.html
INFO: [ app_begin ] --START--
INFO: Run Behavior\ReadHtmlCacheBehavior [ RunTime:0.001457s ]
INFO: [ app_begin ] --END-- [ RunTime:0.002637s ]
SQL: SHOW COLUMNS FROM `eshop_thirdmenu` [ RunTime:0.0149s ]
SQL: SELECT `id`,`name` FROM `eshop_thirdmenu` WHERE `pid` = 5 AND `is_show` = 1  [ RunTime:0.0006s ]

[ 2017-01-04T22:40:36+08:00 ] ::1 /eshop/index.php/Good/getWebCart.html
INFO: [ app_begin ] --START--
INFO: Run Behavior\ReadHtmlCacheBehavior [ RunTime:0.001693s ]
INFO: [ app_begin ] --END-- [ RunTime:0.003192s ]
SQL: SHOW COLUMNS FROM `eshop_secondmenu` [ RunTime:0.0106s ]
SQL: SELECT `id`,`name` FROM `eshop_secondmenu` WHERE `pid` = 2 AND `is_show` = 1  [ RunTime:0.0006s ]

[ 2017-01-04T22:40:37+08:00 ] ::1 /eshop/index.php/Good/getWebCart.html
INFO: [ app_begin ] --START--
INFO: Run Behavior\ReadHtmlCacheBehavior [ RunTime:0.002232s ]
INFO: [ app_begin ] --END-- [ RunTime:0.003249s ]
SQL: SHOW COLUMNS FROM `eshop_thirdmenu` [ RunTime:0.0146s ]
SQL: SELECT `id`,`name` FROM `eshop_thirdmenu` WHERE `pid` = 4 AND `is_show` = 1  [ RunTime:0.0005s ]

[ 2017-01-04T22:40:39+08:00 ] ::1 /eshop/index.php/Good/getWebCart.html
INFO: [ app_begin ] --START--
INFO: Run Behavior\ReadHtmlCacheBehavior [ RunTime:0.001504s ]
INFO: [ app_begin ] --END-- [ RunTime:0.003801s ]
SQL: SHOW COLUMNS FROM `eshop_thirdmenu` [ RunTime:0.0116s ]
SQL: SELECT `id`,`name` FROM `eshop_thirdmenu` WHERE `pid` = 3 AND `is_show` = 1  [ RunTime:0.0005s ]

[ 2017-01-04T22:40:41+08:00 ] ::1 /eshop/index.php/Good/getShopCart.html
INFO: [ app_begin ] --START--
INFO: Run Behavior\ReadHtmlCacheBehavior [ RunTime:0.001867s ]
INFO: [ app_begin ] --END-- [ RunTime:0.003012s ]
SQL: SHOW COLUMNS FROM `eshop_shop_secondmenu` [ RunTime:0.0140s ]
SQL: SELECT `id`,`sname` FROM `eshop_shop_secondmenu` WHERE `pid` = 1 AND `is_show` = 1  [ RunTime:0.0015s ]

