[ 2017-06-11T10:13:47+08:00 ] ::1 /eshop/index.php/Home/ShopManage/searchInfos
INFO: [ app_begin ] --START--
INFO: Run Behavior\ReadHtmlCacheBehavior [ RunTime:0.000921s ]
INFO: Run Behavior\CronRunBehavior [ RunTime:0.002869s ]
INFO: [ app_begin ] --END-- [ RunTime:0.004437s ]
SQL: SHOW COLUMNS FROM `eshop_shop` [ RunTime:0.0047s ]
SQL: SELECT `id` FROM `eshop_shop` WHERE `shoperId` = 13 LIMIT 1   [ RunTime:0.0003s ]
SQL: SELECT * FROM `eshop_shop` WHERE `id` = 3 AND `is_exam` = 1 AND `is_forbid` = 0 AND `is_show` = 1 LIMIT 1   [ RunTime:0.0004s ]
SQL: SHOW COLUMNS FROM `eshop_shop_firstmenu` [ RunTime:0.0047s ]
SQL: SELECT `id`,`name` FROM `eshop_shop_firstmenu` WHERE `shopId` = 3 AND `is_show` = 1  [ RunTime:0.0007s ]
SQL: SHOW COLUMNS FROM `eshop_shop_secondmenu` [ RunTime:0.0043s ]
SQL: SELECT `pid`,`id`,`sname` FROM `eshop_shop_secondmenu` WHERE `pid` IN ('1','5') AND `is_show` = 1  [ RunTime:0.0004s ]
SQL: SHOW COLUMNS FROM `eshop_order` [ RunTime:0.0047s ]
SQL: SELECT `id` FROM `eshop_shop` WHERE `shoperId` = 13 LIMIT 1   [ RunTime:0.0003s ]
SQL: SELECT COUNT(*) AS tp_count FROM `eshop_order` WHERE `shopId` = 3 AND `is_complaint` = 0 AND `is_pay` = 1 AND `is_deliver` = 0 AND `is_cancel` = 0 LIMIT 1   [ RunTime:0.0003s ]
SQL: SHOW COLUMNS FROM `eshop_messages` [ RunTime:0.0045s ]
SQL: SELECT `id` FROM `eshop_shop` WHERE `shoperId` = 13 LIMIT 1   [ RunTime:0.0005s ]
SQL: SELECT COUNT(*) AS tp_count FROM `eshop_messages` WHERE `status` = 0 AND `receiveId` = 3 LIMIT 1   [ RunTime:0.0003s ]
SQL: SHOW COLUMNS FROM `eshop_goodcomment` [ RunTime:0.0045s ]
SQL: SELECT AVG(goodScore) AS tp_avg FROM `eshop_goodcomment` WHERE `shopId` = 3 LIMIT 1   [ RunTime:0.0004s ]
SQL: SELECT AVG(logisticsScore) AS tp_avg FROM `eshop_goodcomment` WHERE `shopId` = 3 LIMIT 1   [ RunTime:0.0003s ]
SQL: SELECT AVG(serviceScore) AS tp_avg FROM `eshop_goodcomment` WHERE `shopId` = 3 LIMIT 1   [ RunTime:0.0002s ]
SQL: SHOW COLUMNS FROM `eshop_footer_nav` [ RunTime:0.0046s ]
SQL: SELECT f.id,f.name,n.id sid,n.name sname,n.content scontent FROM eshop_footer_nav f INNER JOIN eshop_footer_nav as n on f.id = n.pid   [ RunTime:0.0005s ]
SQL: SHOW COLUMNS FROM `eshop_information` [ RunTime:0.0047s ]
SQL: SELECT COUNT(*) AS tp_count FROM `eshop_information` WHERE `type` = 1 AND `publisherId` = '13' AND `publishType` = 1 AND `is_show` = 1 LIMIT 1   [ RunTime:0.0003s ]
SQL: SELECT * FROM `eshop_information` WHERE `type` = 1 AND `publisherId` = '13' AND `publishType` = 1 AND `is_show` = 1 LIMIT 0,12   [ RunTime:0.0004s ]
INFO: [ view_parse ] --START--
INFO: [ template_filter ] --START--
INFO: Run Behavior\ContentReplaceBehavior [ RunTime:0.000062s ]
INFO: [ template_filter ] --END-- [ RunTime:0.000148s ]
INFO: Run Behavior\ParseTemplateBehavior [ RunTime:0.011018s ]
INFO: [ view_parse ] --END-- [ RunTime:0.011097s ]
INFO: [ view_filter ] --START--
INFO: Run Behavior\WriteHtmlCacheBehavior [ RunTime:0.000617s ]
INFO: Run Behavior\TokenBuildBehavior [ RunTime:0.000628s ]
INFO: [ view_filter ] --END-- [ RunTime:0.001368s ]

[ 2017-06-11T10:44:46+08:00 ] ::1 /eshop/index.php/ShoperCenter/messages/p/2.html
INFO: [ app_begin ] --START--
INFO: Run Behavior\ReadHtmlCacheBehavior [ RunTime:0.000913s ]
INFO: Run Behavior\CronRunBehavior [ RunTime:0.002349s ]
INFO: [ app_begin ] --END-- [ RunTime:0.003910s ]
SQL: SHOW COLUMNS FROM `eshop_shop` [ RunTime:0.0048s ]
SQL: SELECT `id` FROM `eshop_shop` WHERE `shoperId` = 13 LIMIT 1   [ RunTime:0.0004s ]
SQL: SELECT * FROM `eshop_shop` WHERE `id` = 3 AND `is_exam` = 1 AND `is_forbid` = 0 AND `is_show` = 1 LIMIT 1   [ RunTime:0.0004s ]
SQL: SHOW COLUMNS FROM `eshop_shop_firstmenu` [ RunTime:0.0051s ]
SQL: SELECT `id`,`name` FROM `eshop_shop_firstmenu` WHERE `shopId` = 3 AND `is_show` = 1  [ RunTime:0.0004s ]
SQL: SHOW COLUMNS FROM `eshop_shop_secondmenu` [ RunTime:0.0044s ]
SQL: SELECT `pid`,`id`,`sname` FROM `eshop_shop_secondmenu` WHERE `pid` IN ('1','5') AND `is_show` = 1  [ RunTime:0.0004s ]
SQL: SHOW COLUMNS FROM `eshop_order` [ RunTime:0.0054s ]
SQL: SELECT `id` FROM `eshop_shop` WHERE `shoperId` = 13 LIMIT 1   [ RunTime:0.0004s ]
SQL: SELECT COUNT(*) AS tp_count FROM `eshop_order` WHERE `shopId` = 3 AND `is_complaint` = 0 AND `is_pay` = 1 AND `is_deliver` = 0 AND `is_cancel` = 0 LIMIT 1   [ RunTime:0.0003s ]
SQL: SHOW COLUMNS FROM `eshop_messages` [ RunTime:0.0047s ]
SQL: SELECT `id` FROM `eshop_shop` WHERE `shoperId` = 13 LIMIT 1   [ RunTime:0.0004s ]
SQL: SELECT COUNT(*) AS tp_count FROM `eshop_messages` WHERE `status` = 0 AND `receiveId` = 3 LIMIT 1   [ RunTime:0.0003s ]
SQL: SHOW COLUMNS FROM `eshop_goodcomment` [ RunTime:0.0049s ]
SQL: SELECT AVG(goodScore) AS tp_avg FROM `eshop_goodcomment` WHERE `shopId` = 3 LIMIT 1   [ RunTime:0.0004s ]
SQL: SELECT AVG(logisticsScore) AS tp_avg FROM `eshop_goodcomment` WHERE `shopId` = 3 LIMIT 1   [ RunTime:0.0003s ]
SQL: SELECT AVG(serviceScore) AS tp_avg FROM `eshop_goodcomment` WHERE `shopId` = 3 LIMIT 1   [ RunTime:0.0003s ]
SQL: SHOW COLUMNS FROM `eshop_footer_nav` [ RunTime:0.0048s ]
SQL: SELECT f.id,f.name,n.id sid,n.name sname,n.content scontent FROM eshop_footer_nav f INNER JOIN eshop_footer_nav as n on f.id = n.pid   [ RunTime:0.0005s ]
SQL: SELECT `id` FROM `eshop_shop` WHERE `shoperId` = 13 LIMIT 1   [ RunTime:0.0003s ]
SQL: SELECT COUNT(*) AS tp_count FROM `eshop_messages` WHERE `receiveType` = 1 AND `receiveId` = 3 LIMIT 1   [ RunTime:0.0003s ]
SQL: SELECT `id` FROM `eshop_shop` WHERE `shoperId` = 13 LIMIT 1   [ RunTime:0.0004s ]
SQL: SELECT * FROM `eshop_messages` WHERE `receiveType` = 1 AND `receiveId` = 3 ORDER BY sendTime desc LIMIT 12,12   [ RunTime:0.0004s ]
INFO: [ view_parse ] --START--
INFO: [ template_filter ] --START--
INFO: Run Behavior\ContentReplaceBehavior [ RunTime:0.000087s ]
INFO: [ template_filter ] --END-- [ RunTime:0.000168s ]
INFO: Run Behavior\ParseTemplateBehavior [ RunTime:0.011483s ]
INFO: [ view_parse ] --END-- [ RunTime:0.011583s ]
INFO: [ view_filter ] --START--
INFO: Run Behavior\WriteHtmlCacheBehavior [ RunTime:0.001231s ]
INFO: Run Behavior\TokenBuildBehavior [ RunTime:0.000762s ]
INFO: [ view_filter ] --END-- [ RunTime:0.002186s ]

[ 2017-06-11T10:44:48+08:00 ] ::1 /eshop/index.php/ShoperCenter/messages/p/1.html
INFO: [ app_begin ] --START--
INFO: Run Behavior\ReadHtmlCacheBehavior [ RunTime:0.001402s ]
INFO: Run Behavior\CronRunBehavior [ RunTime:0.002867s ]
INFO: [ app_begin ] --END-- [ RunTime:0.004965s ]
SQL: SHOW COLUMNS FROM `eshop_shop` [ RunTime:0.0056s ]
SQL: SELECT `id` FROM `eshop_shop` WHERE `shoperId` = 13 LIMIT 1   [ RunTime:0.0004s ]
SQL: SELECT * FROM `eshop_shop` WHERE `id` = 3 AND `is_exam` = 1 AND `is_forbid` = 0 AND `is_show` = 1 LIMIT 1   [ RunTime:0.0004s ]
SQL: SHOW COLUMNS FROM `eshop_shop_firstmenu` [ RunTime:0.0053s ]
SQL: SELECT `id`,`name` FROM `eshop_shop_firstmenu` WHERE `shopId` = 3 AND `is_show` = 1  [ RunTime:0.0004s ]
SQL: SHOW COLUMNS FROM `eshop_shop_secondmenu` [ RunTime:0.0047s ]
SQL: SELECT `pid`,`id`,`sname` FROM `eshop_shop_secondmenu` WHERE `pid` IN ('1','5') AND `is_show` = 1  [ RunTime:0.0005s ]
SQL: SHOW COLUMNS FROM `eshop_order` [ RunTime:0.0054s ]
SQL: SELECT `id` FROM `eshop_shop` WHERE `shoperId` = 13 LIMIT 1   [ RunTime:0.0003s ]
SQL: SELECT COUNT(*) AS tp_count FROM `eshop_order` WHERE `shopId` = 3 AND `is_complaint` = 0 AND `is_pay` = 1 AND `is_deliver` = 0 AND `is_cancel` = 0 LIMIT 1   [ RunTime:0.0003s ]
SQL: SHOW COLUMNS FROM `eshop_messages` [ RunTime:0.0051s ]
SQL: SELECT `id` FROM `eshop_shop` WHERE `shoperId` = 13 LIMIT 1   [ RunTime:0.0005s ]
SQL: SELECT COUNT(*) AS tp_count FROM `eshop_messages` WHERE `status` = 0 AND `receiveId` = 3 LIMIT 1   [ RunTime:0.0004s ]
SQL: SHOW COLUMNS FROM `eshop_goodcomment` [ RunTime:0.0053s ]
SQL: SELECT AVG(goodScore) AS tp_avg FROM `eshop_goodcomment` WHERE `shopId` = 3 LIMIT 1   [ RunTime:0.0004s ]
SQL: SELECT AVG(logisticsScore) AS tp_avg FROM `eshop_goodcomment` WHERE `shopId` = 3 LIMIT 1   [ RunTime:0.0003s ]
SQL: SELECT AVG(serviceScore) AS tp_avg FROM `eshop_goodcomment` WHERE `shopId` = 3 LIMIT 1   [ RunTime:0.0003s ]
SQL: SHOW COLUMNS FROM `eshop_footer_nav` [ RunTime:0.0044s ]
SQL: SELECT f.id,f.name,n.id sid,n.name sname,n.content scontent FROM eshop_footer_nav f INNER JOIN eshop_footer_nav as n on f.id = n.pid   [ RunTime:0.0007s ]
SQL: SELECT `id` FROM `eshop_shop` WHERE `shoperId` = 13 LIMIT 1   [ RunTime:0.0003s ]
SQL: SELECT COUNT(*) AS tp_count FROM `eshop_messages` WHERE `receiveType` = 1 AND `receiveId` = 3 LIMIT 1   [ RunTime:0.0002s ]
SQL: SELECT `id` FROM `eshop_shop` WHERE `shoperId` = 13 LIMIT 1   [ RunTime:0.0003s ]
SQL: SELECT * FROM `eshop_messages` WHERE `receiveType` = 1 AND `receiveId` = 3 ORDER BY sendTime desc LIMIT 0,12   [ RunTime:0.0004s ]
INFO: [ view_parse ] --START--
INFO: [ template_filter ] --START--
INFO: Run Behavior\ContentReplaceBehavior [ RunTime:0.000057s ]
INFO: [ template_filter ] --END-- [ RunTime:0.000147s ]
INFO: Run Behavior\ParseTemplateBehavior [ RunTime:0.011557s ]
INFO: [ view_parse ] --END-- [ RunTime:0.011670s ]
INFO: [ view_filter ] --START--
INFO: Run Behavior\WriteHtmlCacheBehavior [ RunTime:0.001842s ]
INFO: Run Behavior\TokenBuildBehavior [ RunTime:0.000583s ]
INFO: [ view_filter ] --END-- [ RunTime:0.002566s ]

[ 2017-06-11T10:57:45+08:00 ] ::1 /eshop/index.php/Home/ShoppingCart/purchase.html
INFO: [ app_begin ] --START--
INFO: Run Behavior\ReadHtmlCacheBehavior [ RunTime:0.000867s ]
INFO: Run Behavior\CronRunBehavior [ RunTime:0.002150s ]
INFO: [ app_begin ] --END-- [ RunTime:0.003672s ]
NOTIC: [2048] Declaration of Home\Controller\ShoppingCartController::success() should be compatible with Think\Controller::success($message = '', $jumpUrl = '', $ajax = false) D:\wampserver\wamp\www\eshop\App\Home\Controller\ShoppingCartController.class.php 第 7 行.
NOTIC: [8] Undefined index: good_cart D:\wampserver\wamp\www\eshop\App\Home\Common\function.php 第 282 行.
NOTIC: [8] Undefined index: good_cart D:\wampserver\wamp\www\eshop\App\Home\Common\function.php 第 282 行.
SQL: SHOW COLUMNS FROM `eshop_messages` [ RunTime:0.0043s ]
SQL: SHOW COLUMNS FROM `eshop_shop` [ RunTime:0.0050s ]
SQL: SELECT `id` FROM `eshop_shop` WHERE `shoperId` = 13 LIMIT 1   [ RunTime:0.0003s ]
SQL: SELECT COUNT(*) AS tp_count FROM `eshop_messages` WHERE `status` = 0 AND `receiveId` = 3 LIMIT 1   [ RunTime:0.0003s ]
SQL: SHOW COLUMNS FROM `eshop_footer_nav` [ RunTime:0.0052s ]
SQL: SELECT f.id,f.name,n.id sid,n.name sname,n.content scontent FROM eshop_footer_nav f INNER JOIN eshop_footer_nav as n on f.id = n.pid   [ RunTime:0.0007s ]

[ 2017-06-11T10:57:54+08:00 ] ::1 /eshop/index.php/Home/ShoppingCart/add.html
INFO: [ app_begin ] --START--
INFO: Run Behavior\ReadHtmlCacheBehavior [ RunTime:0.000903s ]
INFO: Run Behavior\CronRunBehavior [ RunTime:0.002598s ]
INFO: [ app_begin ] --END-- [ RunTime:0.004225s ]
NOTIC: [2048] Declaration of Home\Controller\ShoppingCartController::success() should be compatible with Think\Controller::success($message = '', $jumpUrl = '', $ajax = false) D:\wampserver\wamp\www\eshop\App\Home\Controller\ShoppingCartController.class.php 第 7 行.
NOTIC: [8] Undefined index: good_cart D:\wampserver\wamp\www\eshop\App\Home\Common\function.php 第 282 行.
NOTIC: [8] Undefined index: good_cart D:\wampserver\wamp\www\eshop\App\Home\Common\function.php 第 282 行.
SQL: SHOW COLUMNS FROM `eshop_messages` [ RunTime:0.0063s ]
SQL: SHOW COLUMNS FROM `eshop_shop` [ RunTime:0.0052s ]
SQL: SELECT `id` FROM `eshop_shop` WHERE `shoperId` = 13 LIMIT 1   [ RunTime:0.0004s ]
SQL: SELECT COUNT(*) AS tp_count FROM `eshop_messages` WHERE `status` = 0 AND `receiveId` = 3 LIMIT 1   [ RunTime:0.0003s ]
SQL: SHOW COLUMNS FROM `eshop_footer_nav` [ RunTime:0.0050s ]
SQL: SELECT f.id,f.name,n.id sid,n.name sname,n.content scontent FROM eshop_footer_nav f INNER JOIN eshop_footer_nav as n on f.id = n.pid   [ RunTime:0.0005s ]
SQL: SHOW COLUMNS FROM `eshop_good` [ RunTime:0.0046s ]
SQL: SELECT `id`,`name`,`shopPrice`,`good_log`,`stock` FROM `eshop_good` WHERE `id` = 13 LIMIT 1   [ RunTime:0.0004s ]
NOTIC: [8] Undefined index: good_cart D:\wampserver\wamp\www\eshop\App\Home\Common\function.php 第 282 行.

