[ 2017-01-17T14:48:36+08:00 ] ::1 /eshop/index.php/Good/getShopCart.html
INFO: [ app_begin ] --START--
INFO: Run Behavior\ReadHtmlCacheBehavior [ RunTime:0.000800s ]
INFO: [ app_begin ] --END-- [ RunTime:0.001365s ]
SQL: SHOW COLUMNS FROM `eshop_shop_secondmenu` [ RunTime:0.1560s ]
SQL: SELECT `id`,`sname` FROM `eshop_shop_secondmenu` WHERE `pid` = 1 AND `is_show` = 1  [ RunTime:0.0008s ]

[ 2017-01-17T14:48:40+08:00 ] ::1 /eshop/index.php/Good/getShopCart.html
INFO: [ app_begin ] --START--
INFO: Run Behavior\ReadHtmlCacheBehavior [ RunTime:0.000845s ]
INFO: [ app_begin ] --END-- [ RunTime:0.001506s ]
SQL: SHOW COLUMNS FROM `eshop_shop_secondmenu` [ RunTime:0.1138s ]
SQL: SELECT `id`,`sname` FROM `eshop_shop_secondmenu` WHERE `pid` = 5 AND `is_show` = 1  [ RunTime:0.0004s ]

[ 2017-01-17T14:51:52+08:00 ] ::1 /eshop/index.php/Good/goodsSave.html
ERR: 页面不存在！

[ 2017-01-17T15:25:12+08:00 ] ::1 /eshop/index.php/Good/goodsSave.html
ERR: 页面不存在！

[ 2017-01-17T16:19:59+08:00 ] ::1 /eshop/index.php/Home/Good/
ERR: 非法操作:index

[ 2017-01-17T16:33:25+08:00 ] ::1 /eshop/index.php/Home/Good/
ERR: 非法操作:index

[ 2017-01-17T16:36:58+08:00 ] ::1 /eshop/index.php/Home/Good/
ERR: 非法操作:index

[ 2017-01-17T16:39:25+08:00 ] ::1 /eshop/index.php/Home/Good/
ERR: 非法操作:index

[ 2017-01-17T16:45:48+08:00 ] ::1 /eshop/index.php/Home/Good/
ERR: 非法操作:index

[ 2017-01-17T16:49:56+08:00 ] ::1 /eshop/index.php/Home/Good/
ERR: 非法操作:index

[ 2017-01-17T16:54:11+08:00 ] ::1 /eshop/index.php/Home/Good/
ERR: 非法操作:index

[ 2017-01-17T16:55:19+08:00 ] ::1 /eshop/index.php/Home/Good/
ERR: 非法操作:index

[ 2017-01-17T16:56:14+08:00 ] ::1 /eshop/index.php/Home/Good/
ERR: 非法操作:index

[ 2017-01-17T16:57:16+08:00 ] ::1 /eshop/index.php/Home/Good/
ERR: 非法操作:index

[ 2017-01-17T16:58:19+08:00 ] ::1 /eshop/index.php/Home/Good/
ERR: 非法操作:index

[ 2017-01-17T17:00:54+08:00 ] ::1 /eshop/index.php/Home/Good/
ERR: 非法操作:index

[ 2017-01-17T17:07:29+08:00 ] ::1 /eshop/index.php/Home/Good/
ERR: 非法操作:index

[ 2017-01-17T17:07:50+08:00 ] ::1 /eshop/index.php/Home/Good/
ERR: 非法操作:index

[ 2017-01-17T17:39:45+08:00 ] ::1 /eshop/index.php/Home/Good/
ERR: 非法操作:index

[ 2017-01-17T17:41:29+08:00 ] ::1 /eshop/index.php/Home/Good/
ERR: 非法操作:index

[ 2017-01-17T17:44:47+08:00 ] ::1 /eshop/index.php/Home/Good/
ERR: 非法操作:index

[ 2017-01-17T17:45:29+08:00 ] ::1 /eshop/index.php/Home/Good/
ERR: 非法操作:index

[ 2017-01-17T19:46:54+08:00 ] ::1 /eshop/index.php/Home/Good/
ERR: 非法操作:index

[ 2017-01-17T19:47:48+08:00 ] ::1 /eshop/index.php/Home/Good/
ERR: 非法操作:index

[ 2017-01-17T19:50:17+08:00 ] ::1 /eshop/index.php/Home/Good/
ERR: 非法操作:index

[ 2017-01-17T19:51:46+08:00 ] ::1 /eshop/index.php/Home/Good/
ERR: 非法操作:index

[ 2017-01-17T19:52:46+08:00 ] ::1 /eshop/index.php/Home/Good/
ERR: 非法操作:index

[ 2017-01-17T19:53:08+08:00 ] ::1 /eshop/index.php/Home/Good/
ERR: 非法操作:index

[ 2017-01-17T20:00:42+08:00 ] ::1 /eshop/index.php/Home/Good/
ERR: 非法操作:index

[ 2017-01-17T20:02:50+08:00 ] ::1 /eshop/index.php/Home/Good/
ERR: 非法操作:index

[ 2017-01-17T20:04:54+08:00 ] ::1 /eshop/index.php/Home/Good/
ERR: 非法操作:index

[ 2017-01-17T20:05:27+08:00 ] ::1 /eshop/index.php/Home/Good/
ERR: 非法操作:index

[ 2017-01-17T20:12:31+08:00 ] ::1 /eshop/index.php/Home/Good/
ERR: 非法操作:index

[ 2017-01-17T20:13:32+08:00 ] ::1 /eshop/index.php/Home/Good/
ERR: 非法操作:index

