[ 2017-03-28T09:00:07+08:00 ] ::1 /eshop/index.php/Home/Good/onsale.html
ERR: Cron:cron Runat 2017-03-28 09:00:07 Use 0.000757 s

[ 2017-03-28T09:01:52+08:00 ] ::1 /eshop/index.php/Home/ShopManage/index.html
ERR: Cron:cron Runat 2017-03-28 09:01:52 Use 0.000592 s

[ 2017-03-28T09:06:00+08:00 ] ::1 /eshop/index.php/Home/ShopManage/index.html
ERR: Cron:cron Runat 2017-03-28 09:06:00 Use 0.000538 s

[ 2017-03-28T09:06:28+08:00 ] ::1 /eshop/index.php/Home/ShopManage/index.html
ERR: Cron:cron Runat 2017-03-28 09:06:28 Use 0.000578 s

[ 2017-03-28T09:07:28+08:00 ] ::1 /eshop/index.php/Home/ShopManage/index.html
ERR: Cron:cron Runat 2017-03-28 09:07:28 Use 0.000516 s

[ 2017-03-28T09:09:27+08:00 ] ::1 /eshop/index.php/Home/ShopManage/index.html
ERR: Cron:cron Runat 2017-03-28 09:09:27 Use 0.000936 s

[ 2017-03-28T09:10:02+08:00 ] ::1 /eshop/index.php/Home/ShopManage/index.html
ERR: Cron:cron Runat 2017-03-28 09:10:02 Use 0.000546 s

[ 2017-03-28T09:10:42+08:00 ] ::1 /eshop/index.php/Home/ShopManage/index.html
ERR: Cron:cron Runat 2017-03-28 09:10:42 Use 0.000543 s

[ 2017-03-28T09:11:00+08:00 ] ::1 /eshop/index.php/Home/ShopManage/index.html
ERR: Cron:cron Runat 2017-03-28 09:11:00 Use 0.000468 s

[ 2017-03-28T09:11:08+08:00 ] ::1 /eshop/index.php/Home/ShopManage/index.html
ERR: Cron:cron Runat 2017-03-28 09:11:08 Use 0.000529 s

[ 2017-03-28T09:13:58+08:00 ] ::1 /eshop/index.php/Home/ShopManage/index.html
ERR: Cron:cron Runat 2017-03-28 09:13:58 Use 0.000444 s

[ 2017-03-28T09:14:51+08:00 ] ::1 /eshop/index.php/Home/ShopManage/index.html
ERR: Cron:cron Runat 2017-03-28 09:14:51 Use 0.000533 s

[ 2017-03-28T09:15:29+08:00 ] ::1 /eshop/index.php/Home/ShopManage/index.html
ERR: Cron:cron Runat 2017-03-28 09:15:29 Use 0.000597 s

[ 2017-03-28T09:15:58+08:00 ] ::1 /eshop/index.php/Home/ShopManage/index.html?shopName=%E7%BA%A2%E5%AF%8C%E5%A3%AB%E6%97%97%E8%88%B0%E5%BA%974&photo=&photo=&shopqq=123456789&shopTel=021-12345678&shopAddr=%E6%B9%96%E5%8D%97%E7%9C%81%E9%82%B5%E9%98%B3%E5%B8%82&serverTime=08%3A30%3A00%E8%87%B322%3A30%3A00+
ERR: Cron:cron Runat 2017-03-28 09:15:58 Use 0.000557 s

[ 2017-03-28T09:16:14+08:00 ] ::1 /eshop/index.php/Home/ShopManage/index.html?shopName=%E7%BA%A2%E5%AF%8C%E5%A3%AB%E6%97%97%E8%88%B0%E5%BA%974&photo=&photo=&shopqq=123456789&shopTel=021-12345678&shopAddr=%E6%B9%96%E5%8D%97%E7%9C%81%E9%82%B5%E9%98%B3%E5%B8%82&serverTime=08%3A30%3A00%E8%87%B322%3A30%3A00+
ERR: Cron:cron Runat 2017-03-28 09:16:14 Use 0.000465 s

[ 2017-03-28T09:16:18+08:00 ] ::1 /eshop/index.php/Home/ShopManage/index.html?shopName=%E7%BA%A2%E5%AF%8C%E5%A3%AB%E6%97%97%E8%88%B0%E5%BA%974&photo=&photo=&shopqq=123456789&shopTel=021-12345678&shopAddr=%E6%B9%96%E5%8D%97%E7%9C%81%E9%82%B5%E9%98%B3%E5%B8%82&serverTime=08%3A30%3A00%E8%87%B322%3A30%3A00+
ERR: Cron:cron Runat 2017-03-28 09:16:18 Use 0.000550 s

[ 2017-03-28T09:20:07+08:00 ] ::1 /eshop/index.php/Home/ShopManage/index.html?shopName=%E7%BA%A2%E5%AF%8C%E5%A3%AB%E6%97%97%E8%88%B0%E5%BA%974&photo=&photo=&shopqq=123456789&shopTel=021-12345678&shopAddr=%E6%B9%96%E5%8D%97%E7%9C%81%E9%82%B5%E9%98%B3%E5%B8%82&serverTime=08%3A30%3A00%E8%87%B322%3A30%3A00+
ERR: Cron:cron Runat 2017-03-28 09:20:07 Use 0.000610 s

[ 2017-03-28T09:20:17+08:00 ] ::1 /eshop/index.php/Home/ShopManage/index.html?shopName=%E7%BA%A2%E5%AF%8C%E5%A3%AB%E6%97%97%E8%88%B0%E5%BA%974&photo=&photo=&shopqq=123456789&shopTel=021-12345678&shopAddr=%E6%B9%96%E5%8D%97%E7%9C%81%E9%82%B5%E9%98%B3%E5%B8%82&serverTime=08%3A30%3A00%E8%87%B322%3A30%3A00+
ERR: Cron:cron Runat 2017-03-28 09:20:17 Use 0.000509 s

[ 2017-03-28T09:20:50+08:00 ] ::1 /eshop/index.php/Home/ShopManage/index.html?shopName=%E7%BA%A2%E5%AF%8C%E5%A3%AB%E6%97%97%E8%88%B0%E5%BA%974&photo=&photo=&shopqq=123456789&shopTel=021-12345678&shopAddr=%E6%B9%96%E5%8D%97%E7%9C%81%E9%82%B5%E9%98%B3%E5%B8%82&serverTime=08%3A30%3A00%E8%87%B322%3A30%3A00+
ERR: Cron:cron Runat 2017-03-28 09:20:50 Use 0.000541 s

[ 2017-03-28T09:20:59+08:00 ] ::1 /eshop/index.php/Home/ShopManage/index.html?shopName=%E7%BA%A2%E5%AF%8C%E5%A3%AB%E6%97%97%E8%88%B0%E5%BA%974&photo=&photo=&shopqq=123456789&shopTel=021-12345678&shopAddr=%E6%B9%96%E5%8D%97%E7%9C%81%E9%82%B5%E9%98%B3%E5%B8%82&serverTime=08%3A30%3A00%E8%87%B322%3A30%3A00+
ERR: Cron:cron Runat 2017-03-28 09:20:59 Use 0.000585 s

[ 2017-03-28T09:23:17+08:00 ] ::1 /eshop/index.php/Home/ShopManage/index.html?shopName=%E7%BA%A2%E5%AF%8C%E5%A3%AB%E6%97%97%E8%88%B0%E5%BA%974&photo=&photo=&shopqq=123456789&shopTel=021-12345678&shopAddr=%E6%B9%96%E5%8D%97%E7%9C%81%E9%82%B5%E9%98%B3%E5%B8%82&serverTime=08%3A30%3A00%E8%87%B322%3A30%3A00+
ERR: Cron:cron Runat 2017-03-28 09:23:17 Use 0.000398 s

[ 2017-03-28T09:50:41+08:00 ] ::1 /eshop/index.php/Home/ShopManage/index.html?shopName=%E7%BA%A2%E5%AF%8C%E5%A3%AB%E6%97%97%E8%88%B0%E5%BA%974&photo=&photo=&shopqq=123456789&shopTel=021-12345678&shopAddr=%E6%B9%96%E5%8D%97%E7%9C%81%E9%82%B5%E9%98%B3%E5%B8%82&serverTime=08%3A30%3A00%E8%87%B322%3A30%3A00+
ERR: Cron:cron Runat 2017-03-28 09:50:41 Use 0.000349 s

[ 2017-03-28T09:51:27+08:00 ] ::1 /eshop/index.php/Home/ShopManage/index.html?shopName=%E7%BA%A2%E5%AF%8C%E5%A3%AB%E6%97%97%E8%88%B0%E5%BA%974&photo=&photo=&shopqq=123456789&shopTel=021-12345678&shopAddr=%E6%B9%96%E5%8D%97%E7%9C%81%E9%82%B5%E9%98%B3%E5%B8%82&serverTime=08%3A30%3A00%E8%87%B322%3A30%3A00+
ERR: Cron:cron Runat 2017-03-28 09:51:27 Use 0.000387 s

[ 2017-03-28T09:51:40+08:00 ] ::1 /eshop/index.php/Home/ShopManage/eshop/Home/ShopManage/checkShopName
ERR: Cron:cron Runat 2017-03-28 09:51:40 Use 0.000456 s

[ 2017-03-28T09:51:40+08:00 ] ::1 /eshop/index.php/Home/ShopManage/eshop/Home/ShopManage/checkShopName
INFO: [ app_begin ] --START--
INFO: Run Behavior\ReadHtmlCacheBehavior [ RunTime:0.000837s ]
INFO: Run Behavior\CronRunBehavior [ RunTime:0.005854s ]
INFO: [ app_begin ] --END-- [ RunTime:0.007597s ]
ERR: 非法操作:eshop

[ 2017-03-28T09:52:40+08:00 ] ::1 /eshop/index.php/Home/ShopManage/eshop/Home/ShopManage/checkShopName
ERR: Cron:cron Runat 2017-03-28 09:52:40 Use 0.000397 s

[ 2017-03-28T09:52:40+08:00 ] ::1 /eshop/index.php/Home/ShopManage/eshop/Home/ShopManage/checkShopName
INFO: [ app_begin ] --START--
INFO: Run Behavior\ReadHtmlCacheBehavior [ RunTime:0.000736s ]
INFO: Run Behavior\CronRunBehavior [ RunTime:0.015605s ]
INFO: [ app_begin ] --END-- [ RunTime:0.016999s ]
ERR: 非法操作:eshop

[ 2017-03-28T09:53:16+08:00 ] ::1 /eshop/index.php/Home/ShopManage/index.html?shopName=%E7%BA%A2%E5%AF%8C%E5%A3%AB%E6%97%97%E8%88%B0%E5%BA%974&photo=&photo=&shopqq=123456789&shopTel=021-12345678&shopAddr=%E6%B9%96%E5%8D%97%E7%9C%81%E9%82%B5%E9%98%B3%E5%B8%82&serverTime=08%3A30%3A00%E8%87%B322%3A30%3A00+
ERR: Cron:cron Runat 2017-03-28 09:53:16 Use 0.000570 s

[ 2017-03-28T09:53:25+08:00 ] ::1 /eshop/index.php/Home/ShopManage/checkShopName
ERR: Cron:cron Runat 2017-03-28 09:53:25 Use 0.000299 s

[ 2017-03-28T09:53:25+08:00 ] ::1 /eshop/index.php/Home/ShopManage/checkShopName
INFO: [ app_begin ] --START--
INFO: Run Behavior\ReadHtmlCacheBehavior [ RunTime:0.001059s ]
INFO: Run Behavior\CronRunBehavior [ RunTime:0.004731s ]
INFO: [ app_begin ] --END-- [ RunTime:0.006456s ]

[ 2017-03-28T09:53:57+08:00 ] ::1 /eshop/index.php/Home/ShopManage/checkShopName
ERR: Cron:cron Runat 2017-03-28 09:53:57 Use 0.000354 s

[ 2017-03-28T09:53:57+08:00 ] ::1 /eshop/index.php/Home/ShopManage/checkShopName
INFO: [ app_begin ] --START--
INFO: Run Behavior\ReadHtmlCacheBehavior [ RunTime:0.000846s ]
INFO: Run Behavior\CronRunBehavior [ RunTime:0.004330s ]
INFO: [ app_begin ] --END-- [ RunTime:0.005831s ]
SQL: SHOW COLUMNS FROM `eshop_shop` [ RunTime:0.0052s ]
SQL: SELECT `id` FROM `eshop_shop` WHERE `shoperId` = 13 LIMIT 1   [ RunTime:0.0004s ]
SQL: SELECT * FROM `eshop_shop` WHERE `id` <> '3' AND `name` <> '红富士旗舰店3' LIMIT 1   [ RunTime:0.1438s ]
INFO: [ app_end ] --START--
INFO: Run Behavior\ShowPageTraceBehavior [ RunTime:0.002609s ]
INFO: [ app_end ] --END-- [ RunTime:0.002854s ]

[ 2017-03-28T09:54:56+08:00 ] ::1 /eshop/index.php/Home/ShopManage/checkShopName
ERR: Cron:cron Runat 2017-03-28 09:54:56 Use 0.000344 s

[ 2017-03-28T09:54:56+08:00 ] ::1 /eshop/index.php/Home/ShopManage/checkShopName
INFO: [ app_begin ] --START--
INFO: Run Behavior\ReadHtmlCacheBehavior [ RunTime:0.000822s ]
INFO: Run Behavior\CronRunBehavior [ RunTime:0.004606s ]
INFO: [ app_begin ] --END-- [ RunTime:0.006013s ]
SQL: SHOW COLUMNS FROM `eshop_shop` [ RunTime:0.0063s ]
SQL: SELECT `id` FROM `eshop_shop` WHERE `shoperId` = 13 LIMIT 1   [ RunTime:0.0004s ]
SQL: SELECT * FROM `eshop_shop` WHERE `id` <> '3' AND `name` <> '红富士旗舰店2' LIMIT 1   [ RunTime:0.0004s ]
INFO: [ app_end ] --START--
INFO: Run Behavior\ShowPageTraceBehavior [ RunTime:0.001030s ]
INFO: [ app_end ] --END-- [ RunTime:0.001123s ]

[ 2017-03-28T09:55:34+08:00 ] ::1 /eshop/index.php/Home/ShopManage/checkShopName
ERR: Cron:cron Runat 2017-03-28 09:55:34 Use 0.000351 s

[ 2017-03-28T09:55:34+08:00 ] ::1 /eshop/index.php/Home/ShopManage/checkShopName
INFO: [ app_begin ] --START--
INFO: Run Behavior\ReadHtmlCacheBehavior [ RunTime:0.000806s ]
INFO: Run Behavior\CronRunBehavior [ RunTime:0.004608s ]
INFO: [ app_begin ] --END-- [ RunTime:0.006133s ]
SQL: SHOW COLUMNS FROM `eshop_shop` [ RunTime:0.0056s ]
SQL: SELECT `id` FROM `eshop_shop` WHERE `shoperId` = 13 LIMIT 1   [ RunTime:0.0004s ]
SQL: SELECT * FROM `eshop_shop` WHERE `id` <> '3' AND `name` <> '红富士旗舰店3' LIMIT 1   [ RunTime:0.0004s ]
INFO: [ app_end ] --START--
INFO: Run Behavior\ShowPageTraceBehavior [ RunTime:0.000989s ]
INFO: [ app_end ] --END-- [ RunTime:0.001091s ]

[ 2017-03-28T09:56:24+08:00 ] ::1 /eshop/index.php/Home/ShopManage/checkShopName
ERR: Cron:cron Runat 2017-03-28 09:56:24 Use 0.000379 s

[ 2017-03-28T09:56:24+08:00 ] ::1 /eshop/index.php/Home/ShopManage/checkShopName
INFO: [ app_begin ] --START--
INFO: Run Behavior\ReadHtmlCacheBehavior [ RunTime:0.000729s ]
INFO: Run Behavior\CronRunBehavior [ RunTime:0.004540s ]
INFO: [ app_begin ] --END-- [ RunTime:0.005935s ]
SQL: SHOW COLUMNS FROM `eshop_shop` [ RunTime:0.0055s ]
SQL: SELECT `id` FROM `eshop_shop` WHERE `shoperId` = 13 LIMIT 1   [ RunTime:0.0003s ]
SQL: SELECT * FROM `eshop_shop` WHERE `id` <> '3' AND `name` = '红富士旗舰店' LIMIT 1   [ RunTime:0.0286s ]
INFO: [ app_end ] --START--
INFO: Run Behavior\ShowPageTraceBehavior [ RunTime:0.001146s ]
INFO: [ app_end ] --END-- [ RunTime:0.001276s ]

[ 2017-03-28T09:57:08+08:00 ] ::1 /eshop/index.php/Home/ShopManage/checkShopName
ERR: Cron:cron Runat 2017-03-28 09:57:08 Use 0.000364 s

[ 2017-03-28T09:57:08+08:00 ] ::1 /eshop/index.php/Home/ShopManage/checkShopName
INFO: [ app_begin ] --START--
INFO: Run Behavior\ReadHtmlCacheBehavior [ RunTime:0.000768s ]
INFO: Run Behavior\CronRunBehavior [ RunTime:0.004478s ]
INFO: [ app_begin ] --END-- [ RunTime:0.005958s ]
SQL: SHOW COLUMNS FROM `eshop_shop` [ RunTime:0.0053s ]
SQL: SELECT `id` FROM `eshop_shop` WHERE `shoperId` = 13 LIMIT 1   [ RunTime:0.0003s ]
SQL: SELECT * FROM `eshop_shop` WHERE `id` <> '3' AND `name` = '红富士旗舰店3' LIMIT 1   [ RunTime:0.0003s ]
INFO: [ app_end ] --START--
INFO: Run Behavior\ShowPageTraceBehavior [ RunTime:0.000983s ]
INFO: [ app_end ] --END-- [ RunTime:0.001068s ]

[ 2017-03-28T09:57:48+08:00 ] ::1 /eshop/index.php/Home/ShopManage/checkShopName
ERR: Cron:cron Runat 2017-03-28 09:57:48 Use 0.000357 s

[ 2017-03-28T09:57:48+08:00 ] ::1 /eshop/index.php/Home/ShopManage/checkShopName
INFO: [ app_begin ] --START--
INFO: Run Behavior\ReadHtmlCacheBehavior [ RunTime:0.000822s ]
INFO: Run Behavior\CronRunBehavior [ RunTime:0.004883s ]
INFO: [ app_begin ] --END-- [ RunTime:0.006348s ]
SQL: SHOW COLUMNS FROM `eshop_shop` [ RunTime:0.0050s ]
SQL: SELECT `id` FROM `eshop_shop` WHERE `shoperId` = 13 LIMIT 1   [ RunTime:0.0004s ]
SQL: SELECT * FROM `eshop_shop` WHERE `id` <> '3' AND `name` = '红富士旗舰店2' LIMIT 1   [ RunTime:0.0003s ]
INFO: [ app_end ] --START--
INFO: Run Behavior\ShowPageTraceBehavior [ RunTime:0.000955s ]
INFO: [ app_end ] --END-- [ RunTime:0.001047s ]

[ 2017-03-28T09:58:06+08:00 ] ::1 /eshop/index.php/Home/ShopManage/checkShopName
ERR: Cron:cron Runat 2017-03-28 09:58:06 Use 0.000410 s

[ 2017-03-28T09:58:06+08:00 ] ::1 /eshop/index.php/Home/ShopManage/checkShopName
INFO: [ app_begin ] --START--
INFO: Run Behavior\ReadHtmlCacheBehavior [ RunTime:0.000827s ]
INFO: Run Behavior\CronRunBehavior [ RunTime:0.005094s ]
INFO: [ app_begin ] --END-- [ RunTime:0.006590s ]
SQL: SHOW COLUMNS FROM `eshop_shop` [ RunTime:0.0077s ]
SQL: SELECT `id` FROM `eshop_shop` WHERE `shoperId` = 13 LIMIT 1   [ RunTime:0.0003s ]
SQL: SELECT * FROM `eshop_shop` WHERE `id` <> '3' AND `name` = '红富士旗舰店3' LIMIT 1   [ RunTime:0.0004s ]
INFO: [ app_end ] --START--
INFO: Run Behavior\ShowPageTraceBehavior [ RunTime:0.000990s ]
INFO: [ app_end ] --END-- [ RunTime:0.001089s ]

[ 2017-03-28T09:58:36+08:00 ] ::1 /eshop/index.php/Home/ShopManage/checkShopName
ERR: Cron:cron Runat 2017-03-28 09:58:36 Use 0.000373 s

[ 2017-03-28T09:58:36+08:00 ] ::1 /eshop/index.php/Home/ShopManage/checkShopName
INFO: [ app_begin ] --START--
INFO: Run Behavior\ReadHtmlCacheBehavior [ RunTime:0.000766s ]
INFO: Run Behavior\CronRunBehavior [ RunTime:0.004523s ]
INFO: [ app_begin ] --END-- [ RunTime:0.005921s ]
SQL: SHOW COLUMNS FROM `eshop_shop` [ RunTime:0.0057s ]
SQL: SELECT `id` FROM `eshop_shop` WHERE `shoperId` = 13 LIMIT 1   [ RunTime:0.0003s ]
SQL: SELECT `id` FROM `eshop_shop` WHERE `id` <> '3' AND `name` = '红富士旗舰店2' LIMIT 1   [ RunTime:0.0005s ]
INFO: [ app_end ] --START--
INFO: Run Behavior\ShowPageTraceBehavior [ RunTime:0.001036s ]
INFO: [ app_end ] --END-- [ RunTime:0.001121s ]

[ 2017-03-28T09:58:40+08:00 ] ::1 /eshop/index.php/Home/ShopManage/checkShopName
ERR: Cron:cron Runat 2017-03-28 09:58:40 Use 0.000377 s

[ 2017-03-28T09:58:40+08:00 ] ::1 /eshop/index.php/Home/ShopManage/checkShopName
INFO: [ app_begin ] --START--
INFO: Run Behavior\ReadHtmlCacheBehavior [ RunTime:0.000751s ]
INFO: Run Behavior\CronRunBehavior [ RunTime:0.004374s ]
INFO: [ app_begin ] --END-- [ RunTime:0.005730s ]
SQL: SHOW COLUMNS FROM `eshop_shop` [ RunTime:0.0060s ]
SQL: SELECT `id` FROM `eshop_shop` WHERE `shoperId` = 13 LIMIT 1   [ RunTime:0.0003s ]
SQL: SELECT `id` FROM `eshop_shop` WHERE `id` <> '3' AND `name` = '红富士旗舰店3' LIMIT 1   [ RunTime:0.0003s ]
INFO: [ app_end ] --START--
INFO: Run Behavior\ShowPageTraceBehavior [ RunTime:0.001066s ]
INFO: [ app_end ] --END-- [ RunTime:0.001165s ]

[ 2017-03-28T09:59:00+08:00 ] ::1 /eshop/index.php/Home/ShopManage/index.html?shopName=%E7%BA%A2%E5%AF%8C%E5%A3%AB%E6%97%97%E8%88%B0%E5%BA%974&photo=&photo=&shopqq=123456789&shopTel=021-12345678&shopAddr=%E6%B9%96%E5%8D%97%E7%9C%81%E9%82%B5%E9%98%B3%E5%B8%82&serverTime=08%3A30%3A00%E8%87%B322%3A30%3A00+
ERR: Cron:cron Runat 2017-03-28 09:59:00 Use 0.000347 s

[ 2017-03-28T09:59:05+08:00 ] ::1 /eshop/index.php/Home/ShopManage/checkShopName
ERR: Cron:cron Runat 2017-03-28 09:59:05 Use 0.000376 s

[ 2017-03-28T09:59:05+08:00 ] ::1 /eshop/index.php/Home/ShopManage/checkShopName
INFO: [ app_begin ] --START--
INFO: Run Behavior\ReadHtmlCacheBehavior [ RunTime:0.000763s ]
INFO: Run Behavior\CronRunBehavior [ RunTime:0.004447s ]
INFO: [ app_begin ] --END-- [ RunTime:0.005909s ]
SQL: SHOW COLUMNS FROM `eshop_shop` [ RunTime:0.0057s ]
SQL: SELECT `id` FROM `eshop_shop` WHERE `shoperId` = 13 LIMIT 1   [ RunTime:0.0004s ]
SQL: SELECT `id` FROM `eshop_shop` WHERE `id` <> '3' AND `name` = '红富士旗舰店3' LIMIT 1   [ RunTime:0.0003s ]
INFO: [ app_end ] --START--
INFO: Run Behavior\ShowPageTraceBehavior [ RunTime:0.001013s ]
INFO: [ app_end ] --END-- [ RunTime:0.001106s ]

[ 2017-03-28T09:59:13+08:00 ] ::1 /eshop/index.php/Home/ShopManage/index.html?shopName=%E7%BA%A2%E5%AF%8C%E5%A3%AB%E6%97%97%E8%88%B0%E5%BA%974&photo=&photo=&shopqq=123456789&shopTel=021-12345678&shopAddr=%E6%B9%96%E5%8D%97%E7%9C%81%E9%82%B5%E9%98%B3%E5%B8%82&serverTime=08%3A30%3A00%E8%87%B322%3A30%3A00+
ERR: Cron:cron Runat 2017-03-28 09:59:13 Use 0.000424 s

[ 2017-03-28T09:59:17+08:00 ] ::1 /eshop/index.php/Home/ShopManage/index.html
ERR: Cron:cron Runat 2017-03-28 09:59:17 Use 0.000347 s

[ 2017-03-28T09:59:22+08:00 ] ::1 /eshop/index.php/Home/ShopManage/checkShopName
ERR: Cron:cron Runat 2017-03-28 09:59:22 Use 0.000383 s

[ 2017-03-28T09:59:22+08:00 ] ::1 /eshop/index.php/Home/ShopManage/checkShopName
INFO: [ app_begin ] --START--
INFO: Run Behavior\ReadHtmlCacheBehavior [ RunTime:0.000813s ]
INFO: Run Behavior\CronRunBehavior [ RunTime:0.004855s ]
INFO: [ app_begin ] --END-- [ RunTime:0.006324s ]
SQL: SHOW COLUMNS FROM `eshop_shop` [ RunTime:0.0058s ]
SQL: SELECT `id` FROM `eshop_shop` WHERE `shoperId` = 13 LIMIT 1   [ RunTime:0.0003s ]
SQL: SELECT `id` FROM `eshop_shop` WHERE `id` <> '3' AND `name` = '红富士旗舰店4' LIMIT 1   [ RunTime:0.0002s ]
INFO: [ app_end ] --START--
INFO: Run Behavior\ShowPageTraceBehavior [ RunTime:0.001105s ]
INFO: [ app_end ] --END-- [ RunTime:0.001197s ]

[ 2017-03-28T09:59:25+08:00 ] ::1 /eshop/index.php/Home/ShopManage/checkShopName
ERR: Cron:cron Runat 2017-03-28 09:59:25 Use 0.000361 s

[ 2017-03-28T09:59:25+08:00 ] ::1 /eshop/index.php/Home/ShopManage/checkShopName
INFO: [ app_begin ] --START--
INFO: Run Behavior\ReadHtmlCacheBehavior [ RunTime:0.000785s ]
INFO: Run Behavior\CronRunBehavior [ RunTime:0.004330s ]
INFO: [ app_begin ] --END-- [ RunTime:0.005795s ]
SQL: SHOW COLUMNS FROM `eshop_shop` [ RunTime:0.0062s ]
SQL: SELECT `id` FROM `eshop_shop` WHERE `shoperId` = 13 LIMIT 1   [ RunTime:0.0003s ]
SQL: SELECT `id` FROM `eshop_shop` WHERE `id` <> '3' AND `name` = '红富士旗舰店3' LIMIT 1   [ RunTime:0.0002s ]
INFO: [ app_end ] --START--
INFO: Run Behavior\ShowPageTraceBehavior [ RunTime:0.001064s ]
INFO: [ app_end ] --END-- [ RunTime:0.001153s ]

[ 2017-03-28T09:59:47+08:00 ] ::1 /eshop/index.php/Home/ShopManage/index.html
ERR: Cron:cron Runat 2017-03-28 09:59:47 Use 0.000390 s

[ 2017-03-28T09:59:57+08:00 ] ::1 /eshop/index.php/Home/ShopManage/checkShopName
ERR: Cron:cron Runat 2017-03-28 09:59:57 Use 0.000367 s

[ 2017-03-28T09:59:57+08:00 ] ::1 /eshop/index.php/Home/ShopManage/checkShopName
INFO: [ app_begin ] --START--
INFO: Run Behavior\ReadHtmlCacheBehavior [ RunTime:0.001046s ]
INFO: Run Behavior\CronRunBehavior [ RunTime:0.004632s ]
INFO: [ app_begin ] --END-- [ RunTime:0.006390s ]
SQL: SHOW COLUMNS FROM `eshop_shop` [ RunTime:0.0052s ]
SQL: SELECT `id` FROM `eshop_shop` WHERE `shoperId` = 13 LIMIT 1   [ RunTime:0.0003s ]
SQL: SELECT `id` FROM `eshop_shop` WHERE `id` <> '3' AND `name` = '红富士旗舰店3' LIMIT 1   [ RunTime:0.0002s ]
INFO: [ app_end ] --START--
INFO: Run Behavior\ShowPageTraceBehavior [ RunTime:0.000966s ]
INFO: [ app_end ] --END-- [ RunTime:0.001047s ]

[ 2017-03-28T10:00:27+08:00 ] ::1 /eshop/index.php/Home/ShopManage/index.html
ERR: Cron:cron Runat 2017-03-28 10:00:27 Use 0.000271 s

[ 2017-03-28T10:00:31+08:00 ] ::1 /eshop/index.php/Home/ShopManage/checkShopName
ERR: Cron:cron Runat 2017-03-28 10:00:31 Use 0.000293 s

[ 2017-03-28T10:00:31+08:00 ] ::1 /eshop/index.php/Home/ShopManage/checkShopName
INFO: [ app_begin ] --START--
INFO: Run Behavior\ReadHtmlCacheBehavior [ RunTime:0.000744s ]
INFO: Run Behavior\CronRunBehavior [ RunTime:0.004750s ]
INFO: [ app_begin ] --END-- [ RunTime:0.006184s ]
SQL: SHOW COLUMNS FROM `eshop_shop` [ RunTime:0.0055s ]
SQL: SELECT `id` FROM `eshop_shop` WHERE `shoperId` = 13 LIMIT 1   [ RunTime:0.0004s ]
SQL: SELECT `id` FROM `eshop_shop` WHERE `id` <> '3' AND `name` = '红富士旗舰店4' LIMIT 1   [ RunTime:0.0002s ]
INFO: [ app_end ] --START--
INFO: Run Behavior\ShowPageTraceBehavior [ RunTime:0.000874s ]
INFO: [ app_end ] --END-- [ RunTime:0.000983s ]

[ 2017-03-28T10:00:31+08:00 ] ::1 /eshop/index.php/Home/ShopManage/shopInfoEdit
INFO: [ app_begin ] --START--
INFO: Run Behavior\ReadHtmlCacheBehavior [ RunTime:0.000714s ]
INFO: Run Behavior\CronRunBehavior [ RunTime:0.002613s ]
INFO: [ app_begin ] --END-- [ RunTime:0.004106s ]
INFO: [ app_end ] --START--
INFO: Run Behavior\ShowPageTraceBehavior [ RunTime:0.000861s ]
INFO: [ app_end ] --END-- [ RunTime:0.000942s ]

[ 2017-03-28T10:00:41+08:00 ] ::1 /eshop/index.php/Home/ShopManage/shopInfoEdit
ERR: Cron:cron Runat 2017-03-28 10:00:41 Use 0.000333 s

[ 2017-03-28T10:00:41+08:00 ] ::1 /eshop/index.php/Home/ShopManage/shopInfoEdit
INFO: [ app_begin ] --START--
INFO: Run Behavior\ReadHtmlCacheBehavior [ RunTime:0.000800s ]
INFO: Run Behavior\CronRunBehavior [ RunTime:0.004082s ]
INFO: [ app_begin ] --END-- [ RunTime:0.005567s ]
INFO: [ app_end ] --START--
INFO: Run Behavior\ShowPageTraceBehavior [ RunTime:0.000931s ]
INFO: [ app_end ] --END-- [ RunTime:0.001024s ]

[ 2017-03-28T10:15:59+08:00 ] ::1 /eshop/index.php/Home/ShopManage/index.html
ERR: Cron:cron Runat 2017-03-28 10:15:59 Use 0.000307 s

[ 2017-03-28T10:16:10+08:00 ] ::1 /eshop/index.php/Home/ShopManage/checkShopName
ERR: Cron:cron Runat 2017-03-28 10:16:10 Use 0.000368 s

[ 2017-03-28T10:16:10+08:00 ] ::1 /eshop/index.php/Home/ShopManage/checkShopName
INFO: [ app_begin ] --START--
INFO: Run Behavior\ReadHtmlCacheBehavior [ RunTime:0.000935s ]
INFO: Run Behavior\CronRunBehavior [ RunTime:0.005032s ]
INFO: [ app_begin ] --END-- [ RunTime:0.006608s ]
SQL: SHOW COLUMNS FROM `eshop_shop` [ RunTime:0.0050s ]
SQL: SELECT `id` FROM `eshop_shop` WHERE `shoperId` = 13 LIMIT 1   [ RunTime:0.0003s ]
SQL: SELECT `id` FROM `eshop_shop` WHERE `id` <> '3' AND `name` = '红富士旗舰店4' LIMIT 1   [ RunTime:0.0002s ]
INFO: [ app_end ] --START--
INFO: Run Behavior\ShowPageTraceBehavior [ RunTime:0.000891s ]
INFO: [ app_end ] --END-- [ RunTime:0.000982s ]

[ 2017-03-28T10:16:10+08:00 ] ::1 /eshop/index.php/Home/ShopManage/shopInfoEdit
INFO: [ app_begin ] --START--
INFO: Run Behavior\ReadHtmlCacheBehavior [ RunTime:0.000786s ]
INFO: Run Behavior\CronRunBehavior [ RunTime:0.002665s ]
INFO: [ app_begin ] --END-- [ RunTime:0.004327s ]
INFO: [ app_end ] --START--
INFO: Run Behavior\ShowPageTraceBehavior [ RunTime:0.001013s ]
INFO: [ app_end ] --END-- [ RunTime:0.001125s ]

[ 2017-03-28T10:17:01+08:00 ] ::1 /eshop/index.php/Home/ShopManage/shopInfoEdit
ERR: Cron:cron Runat 2017-03-28 10:17:01 Use 0.000339 s

[ 2017-03-28T10:17:01+08:00 ] ::1 /eshop/index.php/Home/ShopManage/shopInfoEdit
INFO: [ app_begin ] --START--
INFO: Run Behavior\ReadHtmlCacheBehavior [ RunTime:0.000718s ]
INFO: Run Behavior\CronRunBehavior [ RunTime:0.003902s ]
INFO: [ app_begin ] --END-- [ RunTime:0.005298s ]
INFO: [ app_end ] --START--
INFO: Run Behavior\ShowPageTraceBehavior [ RunTime:0.001006s ]
INFO: [ app_end ] --END-- [ RunTime:0.001137s ]

[ 2017-03-28T10:40:13+08:00 ] ::1 /eshop/index.php/Home/ShopManage/index.html
ERR: Cron:cron Runat 2017-03-28 10:40:13 Use 0.000322 s

[ 2017-03-28T10:41:07+08:00 ] ::1 /eshop/index.php/Home/ShopManage/checkShopName
ERR: Cron:cron Runat 2017-03-28 10:41:07 Use 0.000358 s

[ 2017-03-28T10:41:07+08:00 ] ::1 /eshop/index.php/Home/ShopManage/checkShopName
INFO: [ app_begin ] --START--
INFO: Run Behavior\ReadHtmlCacheBehavior [ RunTime:0.001348s ]
INFO: Run Behavior\CronRunBehavior [ RunTime:0.005102s ]
INFO: [ app_begin ] --END-- [ RunTime:0.007227s ]
SQL: SHOW COLUMNS FROM `eshop_shop` [ RunTime:0.0061s ]
SQL: SELECT `id` FROM `eshop_shop` WHERE `shoperId` = 13 LIMIT 1   [ RunTime:0.0003s ]
SQL: SELECT `id` FROM `eshop_shop` WHERE `id` <> '3' AND `name` = '红富士旗舰店4' LIMIT 1   [ RunTime:0.0003s ]
INFO: [ app_end ] --START--
INFO: Run Behavior\ShowPageTraceBehavior [ RunTime:0.001011s ]
INFO: [ app_end ] --END-- [ RunTime:0.001107s ]

[ 2017-03-28T10:41:07+08:00 ] ::1 /eshop/index.php/Home/ShopManage/shopInfoEdit
INFO: [ app_begin ] --START--
INFO: Run Behavior\ReadHtmlCacheBehavior [ RunTime:0.002223s ]
INFO: Run Behavior\CronRunBehavior [ RunTime:0.003783s ]
INFO: [ app_begin ] --END-- [ RunTime:0.006886s ]
INFO: [ app_end ] --START--
INFO: Run Behavior\ShowPageTraceBehavior [ RunTime:0.001127s ]
INFO: [ app_end ] --END-- [ RunTime:0.001249s ]

[ 2017-03-28T10:41:56+08:00 ] ::1 /eshop/index.php/Home/ShopManage/index.html
ERR: Cron:cron Runat 2017-03-28 10:41:56 Use 0.000299 s

[ 2017-03-28T10:50:46+08:00 ] ::1 /eshop/index.php/Home/ShopManage/index.html
ERR: Cron:cron Runat 2017-03-28 10:50:46 Use 0.000318 s

[ 2017-03-28T10:51:53+08:00 ] ::1 /eshop/index.php/Home/ShopManage/index.html
ERR: Cron:cron Runat 2017-03-28 10:51:53 Use 0.000314 s

[ 2017-03-28T10:52:16+08:00 ] ::1 /eshop/index.php/Home/ShopManage/checkShopName
ERR: Cron:cron Runat 2017-03-28 10:52:16 Use 0.000327 s

[ 2017-03-28T10:52:16+08:00 ] ::1 /eshop/index.php/Home/ShopManage/checkShopName
INFO: [ app_begin ] --START--
INFO: Run Behavior\ReadHtmlCacheBehavior [ RunTime:0.000862s ]
INFO: Run Behavior\CronRunBehavior [ RunTime:0.005036s ]
INFO: [ app_begin ] --END-- [ RunTime:0.006526s ]
SQL: SHOW COLUMNS FROM `eshop_shop` [ RunTime:0.0077s ]
SQL: SELECT `id` FROM `eshop_shop` WHERE `shoperId` = 13 LIMIT 1   [ RunTime:0.0003s ]
SQL: SELECT `id` FROM `eshop_shop` WHERE `id` <> '3' AND `name` = '红富士旗舰店4' LIMIT 1   [ RunTime:0.0003s ]
INFO: [ app_end ] --START--
INFO: Run Behavior\ShowPageTraceBehavior [ RunTime:0.000937s ]
INFO: [ app_end ] --END-- [ RunTime:0.001033s ]

[ 2017-03-28T10:52:16+08:00 ] ::1 /eshop/index.php/Home/ShopManage/shopInfoEdit
INFO: [ app_begin ] --START--
INFO: Run Behavior\ReadHtmlCacheBehavior [ RunTime:0.000738s ]
INFO: Run Behavior\CronRunBehavior [ RunTime:0.002747s ]
INFO: [ app_begin ] --END-- [ RunTime:0.004157s ]
INFO: [ app_end ] --START--
INFO: Run Behavior\ShowPageTraceBehavior [ RunTime:0.000935s ]
INFO: [ app_end ] --END-- [ RunTime:0.001069s ]

[ 2017-03-28T11:36:42+08:00 ] ::1 /eshop/index.php/Home/ShopManage/shopInfoEdit
ERR: Cron:cron Runat 2017-03-28 11:36:42 Use 0.000268 s

[ 2017-03-28T11:36:42+08:00 ] ::1 /eshop/index.php/Home/ShopManage/shopInfoEdit
INFO: [ app_begin ] --START--
INFO: Run Behavior\ReadHtmlCacheBehavior [ RunTime:0.000835s ]
INFO: Run Behavior\CronRunBehavior [ RunTime:0.005948s ]
INFO: [ app_begin ] --END-- [ RunTime:0.007456s ]
SQL: SHOW COLUMNS FROM `eshop_shop` [ RunTime:0.0092s ]
SQL: SELECT * FROM `eshop_shop` WHERE `shoperId` = 13 AND `is_exam` = 1 AND `is_forbid` = 0 AND `is_show` = 1 LIMIT 1   [ RunTime:0.0010s ]
NOTIC: [2] call_user_func() expects parameter 1 to be a valid callback, no array or string given D:\wampserver\wamp\www\eshop\ThinkPHP\Library\Think\Upload.class.php 第 170 行.
NOTIC: [2] call_user_func() expects parameter 1 to be a valid callback, no array or string given D:\wampserver\wamp\www\eshop\ThinkPHP\Library\Think\Upload.class.php 第 170 行.
NOTIC: [2] is_dir() expects parameter 1 to be a valid path, array given D:\wampserver\wamp\www\eshop\App\Common\Common\function.php 第 78 行.
NOTIC: [2] is_dir() expects parameter 1 to be a valid path, array given D:\wampserver\wamp\www\eshop\App\Common\Common\function.php 第 78 行.

[ 2017-03-28T11:38:16+08:00 ] ::1 /eshop/index.php/Home/ShopManage/shopInfoEdit
ERR: Cron:cron Runat 2017-03-28 11:38:16 Use 0.000427 s

[ 2017-03-28T11:38:16+08:00 ] ::1 /eshop/index.php/Home/ShopManage/shopInfoEdit
INFO: [ app_begin ] --START--
INFO: Run Behavior\ReadHtmlCacheBehavior [ RunTime:0.001188s ]
INFO: Run Behavior\CronRunBehavior [ RunTime:0.005836s ]
INFO: [ app_begin ] --END-- [ RunTime:0.008012s ]
SQL: SHOW COLUMNS FROM `eshop_shop` [ RunTime:0.0091s ]
SQL: SELECT * FROM `eshop_shop` WHERE `shoperId` = 13 AND `is_exam` = 1 AND `is_forbid` = 0 AND `is_show` = 1 LIMIT 1   [ RunTime:0.0006s ]
NOTIC: [2] call_user_func() expects parameter 1 to be a valid callback, no array or string given D:\wampserver\wamp\www\eshop\ThinkPHP\Library\Think\Upload.class.php 第 170 行.
NOTIC: [2] call_user_func() expects parameter 1 to be a valid callback, no array or string given D:\wampserver\wamp\www\eshop\ThinkPHP\Library\Think\Upload.class.php 第 170 行.
SQL: UPDATE `eshop_shop` SET `name`='红富士旗舰店4',`address`='湖南省邵阳市',`service_qq`='123456789',`server_tel`='021-12345678',`server_time`='08:30:00至22:30:00',`modifytime`='1490672296',`logo`='Uploads/Shops/face/2017-03-28/thumb_58d9daa885fba.jpg',`qrcode`='Uploads/Shops/qrcode/2017-03-28/thumb_58d9daa88fa80.jpg' WHERE `shoperId` = 13 [ RunTime:0.1482s ]
NOTIC: [8] Undefined variable: logoURL D:\wampserver\wamp\www\eshop\App\Home\Model\ShopModel.class.php 第 85 行.
NOTIC: [2] unlink(): Invalid argument D:\wampserver\wamp\www\eshop\App\Home\Model\ShopModel.class.php 第 85 行.
NOTIC: [8] Undefined variable: qrcodeURL D:\wampserver\wamp\www\eshop\App\Home\Model\ShopModel.class.php 第 86 行.
NOTIC: [2] unlink(): Invalid argument D:\wampserver\wamp\www\eshop\App\Home\Model\ShopModel.class.php 第 86 行.

[ 2017-03-28T11:39:10+08:00 ] ::1 /eshop/index.php/Home/ShopManage/index.html
ERR: Cron:cron Runat 2017-03-28 11:39:10 Use 0.000375 s

[ 2017-03-28T11:39:12+08:00 ] ::1 /eshop/index.php/Home/ShopManage/index.html
ERR: Cron:cron Runat 2017-03-28 11:39:12 Use 0.000390 s

[ 2017-03-28T11:39:56+08:00 ] ::1 /eshop/index.php/Home/ShopManage/index.html
ERR: Cron:cron Runat 2017-03-28 11:39:56 Use 0.000329 s

[ 2017-03-28T11:40:12+08:00 ] ::1 /eshop/index.php/Home/ShopManage/index.html
ERR: Cron:cron Runat 2017-03-28 11:40:12 Use 0.000464 s

[ 2017-03-28T11:40:33+08:00 ] ::1 /eshop/index.php/Home/ShopManage/index.html
ERR: Cron:cron Runat 2017-03-28 11:40:33 Use 0.000311 s

[ 2017-03-28T11:41:55+08:00 ] ::1 /eshop/index.php/Home/ShopManage/index.html
ERR: Cron:cron Runat 2017-03-28 11:41:55 Use 0.000262 s

[ 2017-03-28T11:42:16+08:00 ] ::1 /eshop/index.php/Home/ShopManage/index.html
ERR: Cron:cron Runat 2017-03-28 11:42:16 Use 0.000271 s

[ 2017-03-28T11:43:21+08:00 ] ::1 /eshop/index.php/Home/ShopManage/index.html
ERR: Cron:cron Runat 2017-03-28 11:43:21 Use 0.000397 s

[ 2017-03-28T11:43:33+08:00 ] ::1 /eshop/index.php/Home/ShopManage/index.html
ERR: Cron:cron Runat 2017-03-28 11:43:33 Use 0.000275 s

[ 2017-03-28T11:44:28+08:00 ] ::1 /eshop/index.php/Home/ShopManage/index.html
ERR: Cron:cron Runat 2017-03-28 11:44:28 Use 0.000275 s

[ 2017-03-28T11:44:36+08:00 ] ::1 /eshop/index.php/Home/ShopManage/index.html
ERR: Cron:cron Runat 2017-03-28 11:44:36 Use 0.000372 s

[ 2017-03-28T11:45:29+08:00 ] ::1 /eshop/index.php/Home/ShopManage/index.html
ERR: Cron:cron Runat 2017-03-28 11:45:29 Use 0.000355 s

[ 2017-03-28T11:45:37+08:00 ] ::1 /eshop/index.php/Home/ShopManage/checkShopName
ERR: Cron:cron Runat 2017-03-28 11:45:37 Use 0.000358 s

[ 2017-03-28T11:45:37+08:00 ] ::1 /eshop/index.php/Home/ShopManage/checkShopName
INFO: [ app_begin ] --START--
INFO: Run Behavior\ReadHtmlCacheBehavior [ RunTime:0.000807s ]
INFO: Run Behavior\CronRunBehavior [ RunTime:0.004326s ]
INFO: [ app_begin ] --END-- [ RunTime:0.005816s ]
SQL: SHOW COLUMNS FROM `eshop_shop` [ RunTime:0.0053s ]
SQL: SELECT `id` FROM `eshop_shop` WHERE `shoperId` = 13 LIMIT 1   [ RunTime:0.0003s ]
SQL: SELECT `id` FROM `eshop_shop` WHERE `id` <> '3' AND `name` = '红富士旗舰店4' LIMIT 1   [ RunTime:0.0004s ]
INFO: [ app_end ] --START--
INFO: Run Behavior\ShowPageTraceBehavior [ RunTime:0.000905s ]
INFO: [ app_end ] --END-- [ RunTime:0.001000s ]

[ 2017-03-28T11:45:38+08:00 ] ::1 /eshop/index.php/Home/ShopManage/shopInfoEdit
INFO: [ app_begin ] --START--
INFO: Run Behavior\ReadHtmlCacheBehavior [ RunTime:0.000724s ]
INFO: Run Behavior\CronRunBehavior [ RunTime:0.002229s ]
INFO: [ app_begin ] --END-- [ RunTime:0.003606s ]
SQL: SHOW COLUMNS FROM `eshop_shop` [ RunTime:0.0047s ]
SQL: SELECT * FROM `eshop_shop` WHERE `shoperId` = 13 AND `is_exam` = 1 AND `is_forbid` = 0 AND `is_show` = 1 LIMIT 1   [ RunTime:0.0004s ]
NOTIC: [2] call_user_func() expects parameter 1 to be a valid callback, no array or string given D:\wampserver\wamp\www\eshop\ThinkPHP\Library\Think\Upload.class.php 第 170 行.
SQL: UPDATE `eshop_shop` SET `name`='红富士旗舰店4',`address`='湖南省邵阳市',`service_qq`='123456789',`server_tel`='021-12345678',`server_time`='08:30:00至22:30:00',`modifytime`='1490672737',`logo`='Uploads/Shops/face/2017-03-28/thumb_58d9dc61ecf21.jpg' WHERE `shoperId` = 13 [ RunTime:0.1026s ]
NOTIC: [8] Undefined variable: qrcodeURL D:\wampserver\wamp\www\eshop\App\Home\Model\ShopModel.class.php 第 86 行.
NOTIC: [2] unlink(): Invalid argument D:\wampserver\wamp\www\eshop\App\Home\Model\ShopModel.class.php 第 86 行.

[ 2017-03-28T11:46:56+08:00 ] ::1 /eshop/index.php/Home/ShopManage/index.html
ERR: Cron:cron Runat 2017-03-28 11:46:56 Use 0.000452 s

[ 2017-03-28T11:47:03+08:00 ] ::1 /eshop/index.php/Home/ShopManage/checkShopName
ERR: Cron:cron Runat 2017-03-28 11:47:03 Use 0.000372 s

[ 2017-03-28T11:47:03+08:00 ] ::1 /eshop/index.php/Home/ShopManage/checkShopName
INFO: [ app_begin ] --START--
INFO: Run Behavior\ReadHtmlCacheBehavior [ RunTime:0.000752s ]
INFO: Run Behavior\CronRunBehavior [ RunTime:0.004822s ]
INFO: [ app_begin ] --END-- [ RunTime:0.006226s ]
SQL: SHOW COLUMNS FROM `eshop_shop` [ RunTime:0.0058s ]
SQL: SELECT `id` FROM `eshop_shop` WHERE `shoperId` = 13 LIMIT 1   [ RunTime:0.0003s ]
SQL: SELECT `id` FROM `eshop_shop` WHERE `id` <> '3' AND `name` = '红富士旗舰店4' LIMIT 1   [ RunTime:0.0002s ]
INFO: [ app_end ] --START--
INFO: Run Behavior\ShowPageTraceBehavior [ RunTime:0.000988s ]
INFO: [ app_end ] --END-- [ RunTime:0.001079s ]

[ 2017-03-28T11:47:04+08:00 ] ::1 /eshop/index.php/Home/ShopManage/shopInfoEdit
INFO: [ app_begin ] --START--
INFO: Run Behavior\ReadHtmlCacheBehavior [ RunTime:0.000759s ]
INFO: Run Behavior\CronRunBehavior [ RunTime:0.002295s ]
INFO: [ app_begin ] --END-- [ RunTime:0.003727s ]
SQL: SHOW COLUMNS FROM `eshop_shop` [ RunTime:0.0048s ]
SQL: SELECT * FROM `eshop_shop` WHERE `shoperId` = 13 AND `is_exam` = 1 AND `is_forbid` = 0 AND `is_show` = 1 LIMIT 1   [ RunTime:0.0005s ]
NOTIC: [2] call_user_func() expects parameter 1 to be a valid callback, no array or string given D:\wampserver\wamp\www\eshop\ThinkPHP\Library\Think\Upload.class.php 第 170 行.
SQL: UPDATE `eshop_shop` SET `name`='红富士旗舰店4',`address`='湖南省邵阳市',`service_qq`='123456789',`server_tel`='021-12345678',`server_time`='08:30:00至22:30:00',`modifytime`='1490672824',`qrcode`='Uploads/Shops/qrcode/2017-03-28/thumb_58d9dcb8069d7.jpg' WHERE `shoperId` = 13 [ RunTime:0.0442s ]
NOTIC: [8] Undefined variable: logoURL D:\wampserver\wamp\www\eshop\App\Home\Model\ShopModel.class.php 第 85 行.
NOTIC: [2] unlink(): Invalid argument D:\wampserver\wamp\www\eshop\App\Home\Model\ShopModel.class.php 第 85 行.

[ 2017-03-28T11:47:42+08:00 ] ::1 /eshop/index.php/Home/ShopManage/checkShopName
ERR: Cron:cron Runat 2017-03-28 11:47:42 Use 0.000321 s

[ 2017-03-28T11:47:42+08:00 ] ::1 /eshop/index.php/Home/ShopManage/checkShopName
INFO: [ app_begin ] --START--
INFO: Run Behavior\ReadHtmlCacheBehavior [ RunTime:0.000958s ]
INFO: Run Behavior\CronRunBehavior [ RunTime:0.004983s ]
INFO: [ app_begin ] --END-- [ RunTime:0.006644s ]
SQL: SHOW COLUMNS FROM `eshop_shop` [ RunTime:0.0060s ]
SQL: SELECT `id` FROM `eshop_shop` WHERE `shoperId` = 13 LIMIT 1   [ RunTime:0.0003s ]
SQL: SELECT `id` FROM `eshop_shop` WHERE `id` <> '3' AND `name` = '红富士旗舰店3' LIMIT 1   [ RunTime:0.0003s ]
INFO: [ app_end ] --START--
INFO: Run Behavior\ShowPageTraceBehavior [ RunTime:0.000895s ]
INFO: [ app_end ] --END-- [ RunTime:0.000973s ]

[ 2017-03-28T11:47:46+08:00 ] ::1 /eshop/index.php/Home/ShopManage/checkShopName
ERR: Cron:cron Runat 2017-03-28 11:47:46 Use 0.000362 s

[ 2017-03-28T11:47:46+08:00 ] ::1 /eshop/index.php/Home/ShopManage/checkShopName
INFO: [ app_begin ] --START--
INFO: Run Behavior\ReadHtmlCacheBehavior [ RunTime:0.000744s ]
INFO: Run Behavior\CronRunBehavior [ RunTime:0.004921s ]
INFO: [ app_begin ] --END-- [ RunTime:0.006284s ]
SQL: SHOW COLUMNS FROM `eshop_shop` [ RunTime:0.0057s ]
SQL: SELECT `id` FROM `eshop_shop` WHERE `shoperId` = 13 LIMIT 1   [ RunTime:0.0003s ]
SQL: SELECT `id` FROM `eshop_shop` WHERE `id` <> '3' AND `name` = '红富士旗舰店4' LIMIT 1   [ RunTime:0.0003s ]
INFO: [ app_end ] --START--
INFO: Run Behavior\ShowPageTraceBehavior [ RunTime:0.000969s ]
INFO: [ app_end ] --END-- [ RunTime:0.001083s ]

[ 2017-03-28T11:48:02+08:00 ] ::1 /eshop/index.php/Home/ShopManage/shopInfoEdit
ERR: Cron:cron Runat 2017-03-28 11:48:02 Use 0.000369 s

[ 2017-03-28T11:48:02+08:00 ] ::1 /eshop/index.php/Home/ShopManage/shopInfoEdit
INFO: [ app_begin ] --START--
INFO: Run Behavior\ReadHtmlCacheBehavior [ RunTime:0.000735s ]
INFO: Run Behavior\CronRunBehavior [ RunTime:0.004575s ]
INFO: [ app_begin ] --END-- [ RunTime:0.005906s ]
SQL: SHOW COLUMNS FROM `eshop_shop` [ RunTime:0.0048s ]
SQL: SELECT * FROM `eshop_shop` WHERE `shoperId` = 13 AND `is_exam` = 1 AND `is_forbid` = 0 AND `is_show` = 1 LIMIT 1   [ RunTime:0.0005s ]
SQL: UPDATE `eshop_shop` SET `name`='红富士旗舰店4',`address`='湖南省邵阳市',`service_qq`='1411387108',`server_tel`='021-12345678',`server_time`='08:30:00至22:30:00',`modifytime`='1490672882' WHERE `shoperId` = 13 [ RunTime:0.0778s ]
NOTIC: [8] Undefined variable: logoURL D:\wampserver\wamp\www\eshop\App\Home\Model\ShopModel.class.php 第 85 行.
NOTIC: [2] unlink(): Invalid argument D:\wampserver\wamp\www\eshop\App\Home\Model\ShopModel.class.php 第 85 行.
NOTIC: [8] Undefined variable: qrcodeURL D:\wampserver\wamp\www\eshop\App\Home\Model\ShopModel.class.php 第 86 行.
NOTIC: [2] unlink(): Invalid argument D:\wampserver\wamp\www\eshop\App\Home\Model\ShopModel.class.php 第 86 行.

[ 2017-03-28T11:48:12+08:00 ] ::1 /eshop/index.php/Home/ShopManage/info.html
ERR: Cron:cron Runat 2017-03-28 11:48:12 Use 0.000414 s

[ 2017-03-28T12:22:13+08:00 ] ::1 /eshop/index.php/Home/ShopManage/info.html
ERR: Cron:cron Runat 2017-03-28 12:22:13 Use 0.000422 s

[ 2017-03-28T12:22:18+08:00 ] ::1 /eshop/index.php/Home/ShopManage/setting.html
ERR: Cron:cron Runat 2017-03-28 12:22:18 Use 0.000575 s

[ 2017-03-28T12:22:21+08:00 ] ::1 /eshop/index.php/Home/ShoperCenter/info.html
ERR: Cron:cron Runat 2017-03-28 12:22:21 Use 0.000588 s

[ 2017-03-28T12:22:39+08:00 ] ::1 /eshop/index.php/Home/ShopManage/index.html
ERR: Cron:cron Runat 2017-03-28 12:22:39 Use 0.000465 s

[ 2017-03-28T12:22:49+08:00 ] ::1 /eshop/index.php/Home/ShoperCenter/security.html
ERR: Cron:cron Runat 2017-03-28 12:22:49 Use 0.000507 s

[ 2017-03-28T12:22:52+08:00 ] ::1 /eshop/index.php/Home/ShoperCenter/modifyPwd.html
ERR: Cron:cron Runat 2017-03-28 12:22:52 Use 0.000981 s

[ 2017-03-28T12:22:54+08:00 ] ::1 /eshop/index.php/Home/ShoperCenter/log.html
ERR: Cron:cron Runat 2017-03-28 12:22:54 Use 0.000685 s

[ 2017-03-28T12:22:57+08:00 ] ::1 /eshop/index.php/Home/ShopManage/setting.html
ERR: Cron:cron Runat 2017-03-28 12:22:57 Use 0.000579 s

[ 2017-03-28T12:24:00+08:00 ] ::1 /eshop/index.php/Home/ShoperCenter/security.html
ERR: Cron:cron Runat 2017-03-28 12:24:00 Use 0.000525 s

[ 2017-03-28T13:00:04+08:00 ] ::1 /eshop/index.php/Home/ShopManage/info.html
ERR: Cron:cron Runat 2017-03-28 13:00:04 Use 0.000570 s

[ 2017-03-28T13:14:50+08:00 ] ::1 /eshop/index.php/Home/ShopManage/info.html
ERR: Cron:cron Runat 2017-03-28 13:14:50 Use 0.000529 s

[ 2017-03-28T13:15:04+08:00 ] ::1 /eshop/index.php/Home/ShopManage/info.html
ERR: Cron:cron Runat 2017-03-28 13:15:04 Use 0.000595 s

[ 2017-03-28T13:15:06+08:00 ] ::1 /eshop/index.php/Home/ShopManage/infoList.html
ERR: Cron:cron Runat 2017-03-28 13:15:06 Use 0.000542 s

[ 2017-03-28T13:15:34+08:00 ] ::1 /eshop/index.php/Home/ShopManage/info.html
ERR: Cron:cron Runat 2017-03-28 13:15:34 Use 0.000503 s

[ 2017-03-28T13:15:36+08:00 ] ::1 /eshop/index.php/Home/ShopManage/infoList.html
ERR: Cron:cron Runat 2017-03-28 13:15:36 Use 0.000581 s

[ 2017-03-28T13:16:25+08:00 ] ::1 /eshop/index.php/Home/ShopManage/infoList.html
ERR: Cron:cron Runat 2017-03-28 13:16:25 Use 0.001130 s

[ 2017-03-28T13:16:38+08:00 ] ::1 /eshop/index.php/Home/ShopManage/infoList.html
ERR: Cron:cron Runat 2017-03-28 13:16:38 Use 0.000612 s

[ 2017-03-28T13:16:50+08:00 ] ::1 /eshop/index.php/Home/ShopManage/info.html
ERR: Cron:cron Runat 2017-03-28 13:16:50 Use 0.001108 s

[ 2017-03-28T13:17:43+08:00 ] ::1 /eshop/index.php/Home/ShopManage/infoList.html
ERR: Cron:cron Runat 2017-03-28 13:17:43 Use 0.000571 s

[ 2017-03-28T13:18:18+08:00 ] ::1 /eshop/index.php/Home/ShopManage/infoList.html
ERR: Cron:cron Runat 2017-03-28 13:18:18 Use 0.000595 s

[ 2017-03-28T13:18:33+08:00 ] ::1 /eshop/index.php/Home/ShoperCenter/log.html
ERR: Cron:cron Runat 2017-03-28 13:18:33 Use 0.000537 s

[ 2017-03-28T13:18:39+08:00 ] ::1 /eshop/index.php/Home/ShopManage/info.html
ERR: Cron:cron Runat 2017-03-28 13:18:39 Use 0.000544 s

[ 2017-03-28T13:18:42+08:00 ] ::1 /eshop/index.php/Home/ShopManage/infoList.html
ERR: Cron:cron Runat 2017-03-28 13:18:42 Use 0.000594 s

[ 2017-03-28T13:19:30+08:00 ] ::1 /eshop/index.php/Home/ShopManage/infoList.html
ERR: Cron:cron Runat 2017-03-28 13:19:30 Use 0.000669 s

[ 2017-03-28T13:20:05+08:00 ] ::1 /eshop/index.php/Home/ShopManage/infoList.html
ERR: Cron:cron Runat 2017-03-28 13:20:05 Use 0.000596 s

[ 2017-03-28T13:21:03+08:00 ] ::1 /eshop/index.php/Home/ShopManage/infoList.html
ERR: Cron:cron Runat 2017-03-28 13:21:03 Use 0.001386 s

[ 2017-03-28T13:23:42+08:00 ] ::1 /eshop/index.php/Home/ShopManage/infoList.html
ERR: Cron:cron Runat 2017-03-28 13:23:42 Use 0.000648 s

[ 2017-03-28T13:23:52+08:00 ] ::1 /eshop/index.php/Home/ShopManage/infoList.html
ERR: Cron:cron Runat 2017-03-28 13:23:52 Use 0.000566 s

[ 2017-03-28T13:24:18+08:00 ] ::1 /eshop/index.php/Home/ShopManage/infoList.html
ERR: Cron:cron Runat 2017-03-28 13:24:18 Use 0.000633 s

[ 2017-03-28T13:24:41+08:00 ] ::1 /eshop/index.php/Home/ShopCart/index.html
ERR: Cron:cron Runat 2017-03-28 13:24:41 Use 0.000490 s

[ 2017-03-28T13:24:48+08:00 ] ::1 /eshop/index.php/Home/Good/add.html
ERR: Cron:cron Runat 2017-03-28 13:24:48 Use 0.000936 s

[ 2017-03-28T13:24:51+08:00 ] ::1 /eshop/index.php/Home/Good/illegal.html
ERR: Cron:cron Runat 2017-03-28 13:24:51 Use 0.000719 s

[ 2017-03-28T13:26:12+08:00 ] ::1 /eshop/index.php/Home/Good/illegal.html
ERR: Cron:cron Runat 2017-03-28 13:26:12 Use 0.001184 s

[ 2017-03-28T13:26:16+08:00 ] ::1 /eshop/index.php/Home/ShopManage/info.html
ERR: Cron:cron Runat 2017-03-28 13:26:16 Use 0.000610 s

[ 2017-03-28T13:26:20+08:00 ] ::1 /eshop/index.php/Home/ShopManage/infoList.html
ERR: Cron:cron Runat 2017-03-28 13:26:20 Use 0.000542 s

[ 2017-03-28T13:27:09+08:00 ] ::1 /eshop/index.php/Home/ShopManage/infoList.html
ERR: Cron:cron Runat 2017-03-28 13:27:09 Use 0.000542 s

[ 2017-03-28T13:27:44+08:00 ] ::1 /eshop/index.php/Home/ShopManage/infoList.html
ERR: Cron:cron Runat 2017-03-28 13:27:44 Use 0.000581 s

[ 2017-03-28T13:28:47+08:00 ] ::1 /eshop/index.php/Home/ShopManage/infoList.html
ERR: Cron:cron Runat 2017-03-28 13:28:47 Use 0.000940 s

[ 2017-03-28T13:29:32+08:00 ] ::1 /eshop/index.php/Home/ShopManage/infoList.html
ERR: Cron:cron Runat 2017-03-28 13:29:32 Use 0.000575 s

[ 2017-03-28T13:30:14+08:00 ] ::1 /eshop/index.php/Home/ShopManage/infoList.html
ERR: Cron:cron Runat 2017-03-28 13:30:14 Use 0.000572 s

[ 2017-03-28T13:31:49+08:00 ] ::1 /eshop/index.php/Home/ShopManage/infoList.html
ERR: Cron:cron Runat 2017-03-28 13:31:49 Use 0.000597 s

[ 2017-03-28T13:32:00+08:00 ] ::1 /eshop/index.php/Home/ShopManage/infoList.html
ERR: Cron:cron Runat 2017-03-28 13:32:00 Use 0.000584 s

[ 2017-03-28T13:34:12+08:00 ] ::1 /eshop/index.php/Home/ShopManage/infoList.html
ERR: Cron:cron Runat 2017-03-28 13:34:12 Use 0.000515 s

[ 2017-03-28T13:35:09+08:00 ] ::1 /eshop/index.php/Home/ShopManage/infoList.html
ERR: Cron:cron Runat 2017-03-28 13:35:09 Use 0.000999 s

[ 2017-03-28T13:35:46+08:00 ] ::1 /eshop/index.php/Home/ShopManage/infoList.html
ERR: Cron:cron Runat 2017-03-28 13:35:46 Use 0.000586 s

[ 2017-03-28T13:36:04+08:00 ] ::1 /eshop/index.php/Home/ShopManage/infoList.html
ERR: Cron:cron Runat 2017-03-28 13:36:04 Use 0.000554 s

[ 2017-03-28T13:37:06+08:00 ] ::1 /eshop/index.php/Home/ShopManage/infoList.html
ERR: Cron:cron Runat 2017-03-28 13:37:06 Use 0.000580 s

[ 2017-03-28T13:37:22+08:00 ] ::1 /eshop/index.php/Home/ShopManage/infoList.html
ERR: Cron:cron Runat 2017-03-28 13:37:22 Use 0.000629 s

[ 2017-03-28T13:38:04+08:00 ] ::1 /eshop/index.php/Home/Good/illegal.html
ERR: Cron:cron Runat 2017-03-28 13:38:04 Use 0.000453 s

[ 2017-03-28T13:38:06+08:00 ] ::1 /eshop/index.php/Home/Good/onsale.html
ERR: Cron:cron Runat 2017-03-28 13:38:06 Use 0.000569 s

[ 2017-03-28T13:38:14+08:00 ] ::1 /eshop/index.php/Home/ShopManage/infoList.html
ERR: Cron:cron Runat 2017-03-28 13:38:14 Use 0.001014 s

[ 2017-03-28T13:38:24+08:00 ] ::1 /eshop/index.php/Home/ShopManage/infoList.html
ERR: Cron:cron Runat 2017-03-28 13:38:24 Use 0.000576 s

[ 2017-03-28T13:39:14+08:00 ] ::1 /eshop/index.php/Home/ShopManage/infoList.html
ERR: Cron:cron Runat 2017-03-28 13:39:14 Use 0.000541 s

[ 2017-03-28T13:42:11+08:00 ] ::1 /eshop/index.php/Home/ShopManage/infoList.html
ERR: Cron:cron Runat 2017-03-28 13:42:11 Use 0.000491 s

[ 2017-03-28T13:42:44+08:00 ] ::1 /eshop/index.php/Home/Good/onsale.html
ERR: Cron:cron Runat 2017-03-28 13:42:44 Use 0.000575 s

[ 2017-03-28T13:42:51+08:00 ] ::1 /eshop/index.php/Home/ShopManage/infoList.html
ERR: Cron:cron Runat 2017-03-28 13:42:51 Use 0.000908 s

[ 2017-03-28T13:44:10+08:00 ] ::1 /eshop/index.php/Home/ShopManage/infoList.html
ERR: Cron:cron Runat 2017-03-28 13:44:10 Use 0.000520 s

[ 2017-03-28T13:44:33+08:00 ] ::1 /eshop/index.php/Home/ShopManage/infoList.html
ERR: Cron:cron Runat 2017-03-28 13:44:33 Use 0.000768 s

[ 2017-03-28T13:47:38+08:00 ] ::1 /eshop/index.php/Home/ShopManage/infoList.html
ERR: Cron:cron Runat 2017-03-28 13:47:38 Use 0.000562 s

[ 2017-03-28T13:48:30+08:00 ] ::1 /eshop/index.php/Home/ShopManage/infoList.html
ERR: Cron:cron Runat 2017-03-28 13:48:30 Use 0.000521 s

[ 2017-03-28T13:49:01+08:00 ] ::1 /eshop/index.php/Home/ShopManage/infoList.html
ERR: Cron:cron Runat 2017-03-28 13:49:01 Use 0.000575 s

[ 2017-03-28T13:49:12+08:00 ] ::1 /eshop/index.php/Home/ShopManage/infoList.html
ERR: Cron:cron Runat 2017-03-28 13:49:12 Use 0.000536 s

[ 2017-03-28T13:50:29+08:00 ] ::1 /eshop/index.php/Home/ShopManage/infoList.html
ERR: Cron:cron Runat 2017-03-28 13:50:29 Use 0.000670 s

[ 2017-03-28T13:50:46+08:00 ] ::1 /eshop/index.php/Home/ShopManage/infoList.html
ERR: Cron:cron Runat 2017-03-28 13:50:46 Use 0.000480 s

[ 2017-03-28T13:52:20+08:00 ] ::1 /eshop/index.php/Home/ShopManage/infoList.html
ERR: Cron:cron Runat 2017-03-28 13:52:20 Use 0.000651 s

[ 2017-03-28T13:53:36+08:00 ] ::1 /eshop/index.php/Home/ShopManage/infoList.html
ERR: Cron:cron Runat 2017-03-28 13:53:36 Use 0.000679 s

[ 2017-03-28T13:54:20+08:00 ] ::1 /eshop/index.php/Home/ShopManage/infoList.html
ERR: Cron:cron Runat 2017-03-28 13:54:20 Use 0.000585 s

[ 2017-03-28T13:54:29+08:00 ] ::1 /eshop/index.php/Home/ShopManage/infoList.html
ERR: Cron:cron Runat 2017-03-28 13:54:29 Use 0.000532 s

[ 2017-03-28T13:55:07+08:00 ] ::1 /eshop/index.php/Home/ShopManage/infoList.html
ERR: Cron:cron Runat 2017-03-28 13:55:07 Use 0.000534 s

[ 2017-03-28T13:55:29+08:00 ] ::1 /eshop/index.php/Home/ShopManage/infoList.html
ERR: Cron:cron Runat 2017-03-28 13:55:29 Use 0.000667 s

[ 2017-03-28T13:56:05+08:00 ] ::1 /eshop/index.php/Home/ShopManage/infoList.html
ERR: Cron:cron Runat 2017-03-28 13:56:05 Use 0.000701 s

[ 2017-03-28T13:56:33+08:00 ] ::1 /eshop/index.php/Home/ShopManage/infoList.html
ERR: Cron:cron Runat 2017-03-28 13:56:33 Use 0.000525 s

[ 2017-03-28T13:56:44+08:00 ] ::1 /eshop/index.php/Home/ShopManage/infoList.html
ERR: Cron:cron Runat 2017-03-28 13:56:44 Use 0.000646 s

[ 2017-03-28T13:56:51+08:00 ] ::1 /eshop/index.php/Home/ShopManage/infoList.html
ERR: Cron:cron Runat 2017-03-28 13:56:51 Use 0.000537 s

[ 2017-03-28T13:57:13+08:00 ] ::1 /eshop/index.php/Home/ShopManage/infoList.html
ERR: Cron:cron Runat 2017-03-28 13:57:13 Use 0.000529 s

[ 2017-03-28T13:57:26+08:00 ] ::1 /eshop/index.php/Home/ShopManage/infoList.html
ERR: Cron:cron Runat 2017-03-28 13:57:26 Use 0.000634 s

[ 2017-03-28T13:57:48+08:00 ] ::1 /eshop/index.php/Home/ShopManage/infoList.html
ERR: Cron:cron Runat 2017-03-28 13:57:48 Use 0.000697 s

[ 2017-03-28T13:58:19+08:00 ] ::1 /eshop/index.php/Home/ShopManage/infoList.html
ERR: Cron:cron Runat 2017-03-28 13:58:19 Use 0.000542 s

[ 2017-03-28T13:58:36+08:00 ] ::1 /eshop/index.php/Home/ShopManage/infoList.html
ERR: Cron:cron Runat 2017-03-28 13:58:36 Use 0.000777 s

[ 2017-03-28T13:58:43+08:00 ] ::1 /eshop/index.php/Home/ShopManage/infoList.html
ERR: Cron:cron Runat 2017-03-28 13:58:43 Use 0.000496 s

[ 2017-03-28T13:59:25+08:00 ] ::1 /eshop/index.php/Home/ShopManage/infoList.html
ERR: Cron:cron Runat 2017-03-28 13:59:25 Use 0.000471 s

[ 2017-03-28T13:59:35+08:00 ] ::1 /eshop/index.php/Home/ShopManage/infoList.html
ERR: Cron:cron Runat 2017-03-28 13:59:35 Use 0.000517 s

[ 2017-03-28T13:59:43+08:00 ] ::1 /eshop/index.php/Home/Good/audit.html
ERR: Cron:cron Runat 2017-03-28 13:59:43 Use 0.000583 s

[ 2017-03-28T14:00:04+08:00 ] ::1 /eshop/index.php/Home/ShopManage/info.html
ERR: Cron:cron Runat 2017-03-28 14:00:04 Use 0.000965 s

[ 2017-03-28T14:01:52+08:00 ] ::1 /eshop/index.php/Home/ShopManage/infoList.html
ERR: Cron:cron Runat 2017-03-28 14:01:52 Use 0.000527 s

[ 2017-03-28T14:03:09+08:00 ] ::1 /eshop/index.php/Home/ShopManage/infoList.html
ERR: Cron:cron Runat 2017-03-28 14:03:09 Use 0.000481 s

[ 2017-03-28T14:03:49+08:00 ] ::1 /eshop/index.php/Home/ShopManage/infoList.html
ERR: Cron:cron Runat 2017-03-28 14:03:49 Use 0.000486 s

[ 2017-03-28T14:06:00+08:00 ] ::1 /eshop/index.php/Home/ShopManage/infoList.html
ERR: Cron:cron Runat 2017-03-28 14:06:00 Use 0.000574 s

[ 2017-03-28T14:06:20+08:00 ] ::1 /eshop/index.php/Home/ShopManage/infoList.html
ERR: Cron:cron Runat 2017-03-28 14:06:20 Use 0.000581 s

[ 2017-03-28T14:06:50+08:00 ] ::1 /eshop/index.php/Home/ShopManage/infoList.html
ERR: Cron:cron Runat 2017-03-28 14:06:50 Use 0.000519 s

[ 2017-03-28T14:07:41+08:00 ] ::1 /eshop/index.php/Home/Index/index.html
ERR: Cron:cron Runat 2017-03-28 14:07:41 Use 0.000537 s

[ 2017-03-28T14:07:43+08:00 ] ::1 /eshop/index.php/Index/info.html
ERR: Cron:cron Runat 2017-03-28 14:07:43 Use 0.001437 s

[ 2017-03-28T14:07:45+08:00 ] ::1 /eshop/index.php/Index/infoDetail.html
ERR: Cron:cron Runat 2017-03-28 14:07:45 Use 0.000778 s

[ 2017-03-28T14:08:00+08:00 ] ::1 /eshop/index.php/Home/ShopCart/index.html
ERR: Cron:cron Runat 2017-03-28 14:08:00 Use 0.001018 s

[ 2017-03-28T14:08:03+08:00 ] ::1 /eshop/index.php/Home/ShopManage/infoList.html
ERR: Cron:cron Runat 2017-03-28 14:08:03 Use 0.000867 s

[ 2017-03-28T14:08:59+08:00 ] ::1 /eshop/index.php/Home/ShopManage/info.html
ERR: Cron:cron Runat 2017-03-28 14:08:59 Use 0.000595 s

[ 2017-03-28T14:09:06+08:00 ] ::1 /eshop/index.php/Home/ShopManage/setting.html
ERR: Cron:cron Runat 2017-03-28 14:09:06 Use 0.000585 s

[ 2017-03-28T14:10:12+08:00 ] ::1 /eshop/index.php/Home/ShopManage/infoList.html
ERR: Cron:cron Runat 2017-03-28 14:10:12 Use 0.000698 s

[ 2017-03-28T14:10:24+08:00 ] ::1 /eshop/index.php/Home/ShopManage/infoList.html
ERR: Cron:cron Runat 2017-03-28 14:10:24 Use 0.000744 s

[ 2017-03-28T14:11:12+08:00 ] ::1 /eshop/index.php/Home/ShopManage/infoList.html
ERR: Cron:cron Runat 2017-03-28 14:11:12 Use 0.000767 s

[ 2017-03-28T14:11:29+08:00 ] ::1 /eshop/index.php/Home/ShopManage/infoList.html
ERR: Cron:cron Runat 2017-03-28 14:11:29 Use 0.000502 s

[ 2017-03-28T14:11:59+08:00 ] ::1 /eshop/index.php/Home/ShopManage/infoList.html
ERR: Cron:cron Runat 2017-03-28 14:11:59 Use 0.000457 s

[ 2017-03-28T14:13:32+08:00 ] ::1 /eshop/index.php/Home/ShopManage/setting.html
ERR: Cron:cron Runat 2017-03-28 14:13:32 Use 0.000542 s

[ 2017-03-28T14:13:38+08:00 ] ::1 /eshop/index.php/Home/ShopManage/infoList.html
ERR: Cron:cron Runat 2017-03-28 14:13:38 Use 0.000588 s

[ 2017-03-28T14:14:08+08:00 ] ::1 /eshop/index.php/Home/ShopManage/infoList.html
ERR: Cron:cron Runat 2017-03-28 14:14:08 Use 0.000603 s

[ 2017-03-28T14:14:43+08:00 ] ::1 /eshop/index.php/Home/ShopManage/infoList.html
ERR: Cron:cron Runat 2017-03-28 14:14:43 Use 0.000593 s

[ 2017-03-28T14:14:45+08:00 ] ::1 /eshop/index.php/Home/ShopManage/infoList.html
ERR: Cron:cron Runat 2017-03-28 14:14:45 Use 0.000603 s

[ 2017-03-28T14:14:51+08:00 ] ::1 /eshop/index.php/Home/ShopManage/infoList.html
ERR: Cron:cron Runat 2017-03-28 14:14:51 Use 0.000664 s

[ 2017-03-28T19:14:19+08:00 ] ::1 /eshop/index.php/Home/ShopManage/infoList.html
ERR: Cron:cron Runat 2017-03-28 19:14:19 Use 0.000368 s

[ 2017-03-28T19:16:11+08:00 ] ::1 /eshop/index.php/Home/ShopManage/infoList.html
ERR: Cron:cron Runat 2017-03-28 19:16:11 Use 0.000441 s

[ 2017-03-28T19:16:28+08:00 ] ::1 /eshop/index.php/Home/ShopManage/infoList.html
ERR: Cron:cron Runat 2017-03-28 19:16:28 Use 0.000372 s

[ 2017-03-28T19:17:05+08:00 ] ::1 /eshop/index.php/Home/ShopManage/infoList.html
ERR: Cron:cron Runat 2017-03-28 19:17:05 Use 0.000320 s

[ 2017-03-28T19:19:10+08:00 ] ::1 /eshop/index.php/Home/ShopManage/infoList.html
ERR: Cron:cron Runat 2017-03-28 19:19:10 Use 0.000848 s

[ 2017-03-28T19:20:11+08:00 ] ::1 /eshop/index.php/Home/ShopManage/infoList.html
ERR: Cron:cron Runat 2017-03-28 19:20:11 Use 0.000305 s

[ 2017-03-28T19:20:54+08:00 ] ::1 /eshop/index.php/Home/ShopManage/infoList.html
ERR: Cron:cron Runat 2017-03-28 19:20:54 Use 0.000393 s

[ 2017-03-28T19:21:50+08:00 ] ::1 /eshop/index.php/Home/ShopManage/infoList.html
ERR: Cron:cron Runat 2017-03-28 19:21:50 Use 0.000389 s

[ 2017-03-28T19:24:01+08:00 ] ::1 /eshop/index.php/Home/ShopManage/infoList.html
ERR: Cron:cron Runat 2017-03-28 19:24:01 Use 0.000371 s

[ 2017-03-28T19:24:59+08:00 ] ::1 /eshop/index.php/Home/ShopManage/infoList.html
ERR: Cron:cron Runat 2017-03-28 19:24:59 Use 0.000290 s

[ 2017-03-28T19:25:10+08:00 ] ::1 /eshop/index.php/Home/ShopManage/infoList.html
ERR: Cron:cron Runat 2017-03-28 19:25:10 Use 0.000373 s

[ 2017-03-28T19:25:30+08:00 ] ::1 /eshop/index.php/Home/ShopManage/infoList.html
ERR: Cron:cron Runat 2017-03-28 19:25:30 Use 0.000689 s

[ 2017-03-28T19:25:56+08:00 ] ::1 /eshop/index.php/Home/ShopManage/infoList.html
ERR: Cron:cron Runat 2017-03-28 19:25:56 Use 0.000477 s

[ 2017-03-28T19:27:33+08:00 ] ::1 /eshop/index.php/Home/ShopManage/infoList.html
ERR: Cron:cron Runat 2017-03-28 19:27:33 Use 0.000446 s

[ 2017-03-28T19:27:59+08:00 ] ::1 /eshop/index.php/Home/ShopManage/infoList.html
ERR: Cron:cron Runat 2017-03-28 19:27:59 Use 0.000292 s

[ 2017-03-28T19:28:15+08:00 ] ::1 /eshop/index.php/Home/ShopManage/infoList.html
ERR: Cron:cron Runat 2017-03-28 19:28:15 Use 0.000325 s

[ 2017-03-28T19:28:29+08:00 ] ::1 /eshop/index.php/Home/Good/onsale.html
ERR: Cron:cron Runat 2017-03-28 19:28:29 Use 0.000536 s

[ 2017-03-28T19:29:01+08:00 ] ::1 /eshop/index.php/Home/ShopManage/infoList.html
ERR: Cron:cron Runat 2017-03-28 19:29:01 Use 0.000309 s

[ 2017-03-28T19:29:04+08:00 ] ::1 /eshop/index.php/Home/ShopManage/infoList.html
ERR: Cron:cron Runat 2017-03-28 19:29:04 Use 0.000447 s

[ 2017-03-28T19:30:20+08:00 ] ::1 /eshop/index.php/Home/ShopManage/infoList.html
ERR: Cron:cron Runat 2017-03-28 19:30:20 Use 0.000540 s

[ 2017-03-28T19:31:36+08:00 ] ::1 /eshop/index.php/Home/ShopManage/infoList.html
ERR: Cron:cron Runat 2017-03-28 19:31:36 Use 0.000344 s

[ 2017-03-28T19:32:18+08:00 ] ::1 /eshop/index.php/Home/ShopManage/infoList.html
ERR: Cron:cron Runat 2017-03-28 19:32:18 Use 0.000392 s

[ 2017-03-28T19:34:03+08:00 ] ::1 /eshop/index.php/Home/ShopManage/infoList.html
ERR: Cron:cron Runat 2017-03-28 19:34:03 Use 0.000651 s

[ 2017-03-28T19:34:25+08:00 ] ::1 /eshop/index.php/Home/ShopManage/infoList.html
ERR: Cron:cron Runat 2017-03-28 19:34:25 Use 0.000929 s

[ 2017-03-28T19:34:34+08:00 ] ::1 /eshop/index.php/Home/Good/store.html
ERR: Cron:cron Runat 2017-03-28 19:34:34 Use 0.000765 s

[ 2017-03-28T19:35:23+08:00 ] ::1 /eshop/index.php/Home/Good/edit/id/10/src/audit.html
ERR: Cron:cron Runat 2017-03-28 19:35:23 Use 0.000301 s

[ 2017-03-28T19:35:39+08:00 ] ::1 /eshop/index.php/Good/eidtSave.html
ERR: Cron:cron Runat 2017-03-28 19:35:39 Use 0.000414 s

[ 2017-03-28T19:35:40+08:00 ] ::1 /eshop/index.php/Good/eidtSave.html
INFO: [ app_begin ] --START--
INFO: Run Behavior\ReadHtmlCacheBehavior [ RunTime:0.000827s ]
INFO: Run Behavior\CronRunBehavior [ RunTime:0.005415s ]
INFO: [ app_begin ] --END-- [ RunTime:0.007052s ]
NOTIC: [2] call_user_func() expects parameter 1 to be a valid callback, no array or string given D:\wampserver\wamp\www\eshop\ThinkPHP\Library\Think\Upload.class.php 第 170 行.
SQL: SHOW COLUMNS FROM `eshop_good` [ RunTime:0.0059s ]
SQL: SELECT `good_log` FROM `eshop_good` WHERE `id` = 10 LIMIT 1   [ RunTime:0.0004s ]
SQL: SHOW COLUMNS FROM `eshop_goodnav` [ RunTime:0.0065s ]
SQL: SHOW COLUMNS FROM `eshop_goodservice` [ RunTime:0.0063s ]
SQL: SHOW COLUMNS FROM `eshop_goodinfo` [ RunTime:0.0078s ]
NOTIC: [8] Undefined index: validate D:\wampserver\wamp\www\eshop\ThinkPHP\Library\Think\Model.class.php 第 1185 行.
NOTIC: [8] Undefined index: auto D:\wampserver\wamp\www\eshop\ThinkPHP\Library\Think\Model.class.php 第 1128 行.
SQL: UPDATE `eshop_good` SET `marketPrice`='12.00',`shopPrice`='1.00',`stock`='345',`place`='泰国',`good_log`='Uploads/Shops/logo/2017-03-28/thumb_58da4a8b69ad4.jpg',`name`='进口大鸭梨1',`stock_warning`='12',`is_recomend`='1',`is_hot`='1',`is_new`='1',`time`='1490700939',`modify_recenet`='1490700939' WHERE `id` = 10 [ RunTime:0.1424s ]
SQL: SET FOREIGN_KEY_CHECKS = 0 [ RunTime:0.0135s ]
SQL: UPDATE `eshop_goodnav` SET `w_fid`='2',`w_sid`='1',`w_tid`='1',`s_fid`='1',`s_sid`='2',`modify_time`='1490700939' WHERE `goodId` = 10 [ RunTime:0.0034s ]
SQL: SET FOREIGN_KEY_CHECKS = 1 [ RunTime:0.0003s ]
SQL: UPDATE `eshop_goodservice` SET `content`='',`modify_time`='1490700939' WHERE `goodId` = 10 [ RunTime:0.0007s ]
SQL: SELECT * FROM `eshop_goodinfo` WHERE `goodId` = 10 AND `lableId` = 1 LIMIT 1   [ RunTime:0.0159s ]
SQL: INSERT INTO `eshop_goodinfo` (`lableContent`,`goodId`) VALUES ('','10') [ RunTime:0.0200s ]
SQL: SELECT * FROM `eshop_goodinfo` WHERE `goodId` = 10 AND `lableId` = 2 LIMIT 1   [ RunTime:0.0007s ]
SQL: INSERT INTO `eshop_goodinfo` (`lableContent`,`goodId`) VALUES ('','10') [ RunTime:0.0004s ]
SQL: SELECT * FROM `eshop_goodinfo` WHERE `goodId` = 10 AND `lableId` = 3 LIMIT 1   [ RunTime:0.0004s ]
SQL: INSERT INTO `eshop_goodinfo` (`lableContent`,`goodId`) VALUES ('','10') [ RunTime:0.0002s ]
SQL: SELECT * FROM `eshop_goodinfo` WHERE `goodId` = 10 AND `lableId` = 4 LIMIT 1   [ RunTime:0.0003s ]
SQL: INSERT INTO `eshop_goodinfo` (`lableContent`,`goodId`) VALUES ('','10') [ RunTime:0.0002s ]
SQL: SELECT * FROM `eshop_goodinfo` WHERE `goodId` = 10 AND `lableId` = 5 LIMIT 1   [ RunTime:0.0003s ]
SQL: INSERT INTO `eshop_goodinfo` (`lableContent`,`goodId`) VALUES ('','10') [ RunTime:0.0002s ]
SQL: SELECT * FROM `eshop_goodinfo` WHERE `goodId` = 10 AND `lableId` = 6 LIMIT 1   [ RunTime:0.0004s ]
SQL: INSERT INTO `eshop_goodinfo` (`lableContent`,`goodId`) VALUES ('','10') [ RunTime:0.0003s ]
SQL: SELECT * FROM `eshop_goodinfo` WHERE `goodId` = 10 AND `lableId` = 7 LIMIT 1   [ RunTime:0.0006s ]
SQL: INSERT INTO `eshop_goodinfo` (`lableContent`,`goodId`) VALUES ('0','10') [ RunTime:0.0002s ]
SQL: SELECT * FROM `eshop_goodinfo` WHERE `goodId` = 10 AND `lableId` = 8 LIMIT 1   [ RunTime:0.0004s ]
SQL: INSERT INTO `eshop_goodinfo` (`lableContent`,`goodId`) VALUES ('0','10') [ RunTime:0.0003s ]
SQL: SELECT * FROM `eshop_goodinfo` WHERE `goodId` = 10 AND `lableId` = 9 LIMIT 1   [ RunTime:0.0004s ]
SQL: INSERT INTO `eshop_goodinfo` (`lableContent`,`goodId`) VALUES ('','10') [ RunTime:0.0003s ]
NOTIC: [2] unlink(Uploads/Shops/2017-01-15/thumb_587b2da17b9f5.jpg): No such file or directory D:\wampserver\wamp\www\eshop\App\Home\Controller\GoodController.class.php 第 286 行.

[ 2017-03-28T19:35:44+08:00 ] ::1 /eshop/index.php/Home/Good/store.html
ERR: Cron:cron Runat 2017-03-28 19:35:44 Use 0.000595 s

[ 2017-03-28T19:37:10+08:00 ] ::1 /eshop/index.php/Home/ShopManage/infoList.html
ERR: Cron:cron Runat 2017-03-28 19:37:10 Use 0.000847 s

[ 2017-03-28T19:37:35+08:00 ] ::1 /eshop/index.php/Home/ShopManage/infoList.html
ERR: Cron:cron Runat 2017-03-28 19:37:35 Use 0.000567 s

[ 2017-03-28T19:38:00+08:00 ] ::1 /eshop/index.php/Home/Good/store.html
ERR: Cron:cron Runat 2017-03-28 19:38:00 Use 0.000323 s

[ 2017-03-28T19:39:20+08:00 ] ::1 /eshop/index.php/Home/ShopManage/infoList.html
ERR: Cron:cron Runat 2017-03-28 19:39:20 Use 0.000359 s

[ 2017-03-28T19:39:44+08:00 ] ::1 /eshop/index.php/Home/ShopManage/infoList.html
ERR: Cron:cron Runat 2017-03-28 19:39:44 Use 0.000360 s

[ 2017-03-28T19:40:09+08:00 ] ::1 /eshop/index.php/Home/ShopManage/infoList.html
ERR: Cron:cron Runat 2017-03-28 19:40:09 Use 0.000299 s

[ 2017-03-28T19:40:17+08:00 ] ::1 /eshop/index.php/Home/ShopManage/infoList.html
ERR: Cron:cron Runat 2017-03-28 19:40:17 Use 0.000316 s

[ 2017-03-28T19:42:01+08:00 ] ::1 /eshop/index.php/Home/ShopManage/infoList.html
ERR: Cron:cron Runat 2017-03-28 19:42:01 Use 0.000566 s

[ 2017-03-28T19:42:27+08:00 ] ::1 /eshop/index.php/Home/ShopManage/infoList.html
ERR: Cron:cron Runat 2017-03-28 19:42:27 Use 0.000760 s

[ 2017-03-28T19:43:09+08:00 ] ::1 /eshop/index.php/Home/ShopManage/infoList.html
ERR: Cron:cron Runat 2017-03-28 19:43:09 Use 0.000792 s

[ 2017-03-28T19:43:51+08:00 ] ::1 /eshop/index.php/Home/ShopManage/infoList.html
ERR: Cron:cron Runat 2017-03-28 19:43:51 Use 0.000322 s

[ 2017-03-28T19:44:22+08:00 ] ::1 /eshop/index.php/Home/ShopManage/infoList.html
ERR: Cron:cron Runat 2017-03-28 19:44:22 Use 0.000358 s

[ 2017-03-28T19:46:03+08:00 ] ::1 /eshop/index.php/Home/ShopManage/infoList.html
ERR: Cron:cron Runat 2017-03-28 19:46:03 Use 0.000355 s

[ 2017-03-28T19:47:02+08:00 ] ::1 /eshop/index.php/Home/ShopManage/infoList.html
ERR: Cron:cron Runat 2017-03-28 19:47:02 Use 0.000585 s

[ 2017-03-28T19:47:35+08:00 ] ::1 /eshop/index.php/Home/ShopManage/infoList.html
ERR: Cron:cron Runat 2017-03-28 19:47:35 Use 0.000468 s

[ 2017-03-28T19:48:08+08:00 ] ::1 /eshop/index.php/Home/ShopManage/infoList.html
ERR: Cron:cron Runat 2017-03-28 19:48:08 Use 0.000303 s

[ 2017-03-28T19:55:09+08:00 ] ::1 /eshop/index.php/Home/ShopManage/infoList.html
ERR: Cron:cron Runat 2017-03-28 19:55:09 Use 0.000454 s

[ 2017-03-28T19:55:23+08:00 ] ::1 /eshop/index.php/Home/ShopManage/infoList.html
ERR: Cron:cron Runat 2017-03-28 19:55:23 Use 0.000332 s

[ 2017-03-28T19:56:36+08:00 ] ::1 /eshop/index.php/Home/ShopManage/infoList.html
ERR: Cron:cron Runat 2017-03-28 19:56:36 Use 0.000349 s

[ 2017-03-28T19:56:43+08:00 ] ::1 /eshop/index.php/Home/ShopManage/infoList.html
ERR: Cron:cron Runat 2017-03-28 19:56:43 Use 0.000439 s

[ 2017-03-28T19:56:52+08:00 ] ::1 /eshop/index.php/Home/ShopManage/infoList.html
ERR: Cron:cron Runat 2017-03-28 19:56:52 Use 0.000394 s

[ 2017-03-28T19:57:32+08:00 ] ::1 /eshop/index.php/Home/ShopManage/infoList.html
ERR: Cron:cron Runat 2017-03-28 19:57:32 Use 0.000562 s

[ 2017-03-28T20:00:20+08:00 ] ::1 /eshop/index.php/Home/ShopManage/infoList.html
ERR: Cron:cron Runat 2017-03-28 20:00:20 Use 0.000344 s

[ 2017-03-28T20:01:39+08:00 ] ::1 /eshop/index.php/Home/ShopManage/infoList.html
ERR: Cron:cron Runat 2017-03-28 20:01:39 Use 0.000346 s

[ 2017-03-28T20:02:11+08:00 ] ::1 /eshop/index.php/Home/ShopManage/infoList.html
ERR: Cron:cron Runat 2017-03-28 20:02:11 Use 0.000405 s

[ 2017-03-28T20:02:29+08:00 ] ::1 /eshop/index.php/Home/ShopManage/infoList.html
ERR: Cron:cron Runat 2017-03-28 20:02:29 Use 0.000337 s

[ 2017-03-28T20:03:12+08:00 ] ::1 /eshop/index.php/Home/ShopManage/infoList.html
ERR: Cron:cron Runat 2017-03-28 20:03:12 Use 0.000740 s

[ 2017-03-28T20:04:46+08:00 ] ::1 /eshop/index.php/Home/ShopManage/infoList.html
ERR: Cron:cron Runat 2017-03-28 20:04:46 Use 0.000281 s

[ 2017-03-28T20:05:26+08:00 ] ::1 /eshop/index.php/Home/ShopManage/infoList.html
ERR: Cron:cron Runat 2017-03-28 20:05:26 Use 0.000272 s

[ 2017-03-28T20:07:35+08:00 ] ::1 /eshop/index.php/Home/ShopManage/infoList.html
ERR: Cron:cron Runat 2017-03-28 20:07:35 Use 0.000281 s

[ 2017-03-28T20:09:13+08:00 ] ::1 /eshop/index.php/Home/ShopManage/infoList.html
ERR: Cron:cron Runat 2017-03-28 20:09:13 Use 0.000587 s

[ 2017-03-28T20:10:09+08:00 ] ::1 /eshop/index.php/Home/ShopManage/infoList.html
ERR: Cron:cron Runat 2017-03-28 20:10:09 Use 0.000870 s

[ 2017-03-28T20:10:40+08:00 ] ::1 /eshop/index.php/Home/ShopManage/infoList.html
ERR: Cron:cron Runat 2017-03-28 20:10:40 Use 0.000450 s

[ 2017-03-28T20:10:50+08:00 ] ::1 /eshop/index.php/Home/ShopManage/infoList.html
ERR: Cron:cron Runat 2017-03-28 20:10:50 Use 0.000303 s

[ 2017-03-28T20:10:53+08:00 ] ::1 /eshop/index.php/Home/ShopManage/info.html
ERR: Cron:cron Runat 2017-03-28 20:10:53 Use 0.000370 s

[ 2017-03-28T20:15:19+08:00 ] ::1 /eshop/index.php/Home/ShopManage/info.html
ERR: Cron:cron Runat 2017-03-28 20:15:19 Use 0.000385 s

[ 2017-03-28T20:28:37+08:00 ] ::1 /eshop/index.php/Home/ShopManage/info.html
ERR: Cron:cron Runat 2017-03-28 20:28:37 Use 0.000338 s

[ 2017-03-28T20:28:39+08:00 ] ::1 /eshop/index.php/Home/ShopManage/info.html?info-title=&title-type=0&info-content=++++++++++++++++
ERR: Cron:cron Runat 2017-03-28 20:28:39 Use 0.000504 s

[ 2017-03-28T20:30:16+08:00 ] ::1 /eshop/index.php/Home/ShopManage/info.html?info-title=&title-type=0&info-content=++++++++++++++++
ERR: Cron:cron Runat 2017-03-28 20:30:16 Use 0.000832 s

[ 2017-03-28T20:31:00+08:00 ] ::1 /eshop/index.php/Home/ShopManage/info.html?info-title=&title-type=0&info-content=++++++++++++++++
ERR: Cron:cron Runat 2017-03-28 20:31:00 Use 0.000519 s

[ 2017-03-28T20:31:21+08:00 ] ::1 /eshop/index.php/Home/ShopManage/info.html?info-title=&title-type=0&info-content=++++++++++++++++
ERR: Cron:cron Runat 2017-03-28 20:31:21 Use 0.001366 s

[ 2017-03-28T20:31:34+08:00 ] ::1 /eshop/index.php/Home/ShopManage/info.html?info-title=&title-type=0&info-content=++++++++++++++++
ERR: Cron:cron Runat 2017-03-28 20:31:34 Use 0.000716 s

[ 2017-03-28T20:39:08+08:00 ] ::1 /eshop/index.php/Home/ShopManage/info.html?info-title=&title-type=0&info-content=++++++++++++++++
ERR: Cron:cron Runat 2017-03-28 20:39:08 Use 0.000852 s

[ 2017-03-28T20:39:25+08:00 ] ::1 /eshop/index.php/Home/ShopManage/info.html?info-title=&title-type=0&info-content=++++++++++++++++
ERR: Cron:cron Runat 2017-03-28 20:39:25 Use 0.000310 s

[ 2017-03-28T20:39:55+08:00 ] ::1 /eshop/index.php/Home/ShopManage/info.html?info-title=&title-type=0&info-content=++++++++++++++++
ERR: Cron:cron Runat 2017-03-28 20:39:55 Use 0.000388 s

[ 2017-03-28T20:40:08+08:00 ] ::1 /eshop/index.php/Home/ShopManage/info.html?title=1&type=0&content=++++++++++++++++
ERR: Cron:cron Runat 2017-03-28 20:40:08 Use 0.000318 s

[ 2017-03-28T20:40:41+08:00 ] ::1 /eshop/index.php/Home/ShopManage/info.html?title=1&type=0&content=++++++++++++++++
ERR: Cron:cron Runat 2017-03-28 20:40:41 Use 0.000425 s

[ 2017-03-28T20:41:07+08:00 ] ::1 /eshop/index.php/Home/ShopManage/info.html?title=1&type=0&content=++++++++++++++++
ERR: Cron:cron Runat 2017-03-28 20:41:07 Use 0.000351 s

[ 2017-03-28T20:41:44+08:00 ] ::1 /eshop/index.php/Home/ShopManage/info.html?title=1&type=0&content=++++++++++++++++
ERR: Cron:cron Runat 2017-03-28 20:41:44 Use 0.000354 s

[ 2017-03-28T20:43:16+08:00 ] ::1 /eshop/index.php/Home/ShopManage/info.html?title=1&type=0&content=++++++++++++++++
ERR: Cron:cron Runat 2017-03-28 20:43:16 Use 0.000603 s

[ 2017-03-28T20:43:25+08:00 ] ::1 /eshop/index.php/Home/ShopManage/info.html?title=1&type=0&content=++++++++++++++++
ERR: Cron:cron Runat 2017-03-28 20:43:25 Use 0.000330 s

[ 2017-03-28T20:45:12+08:00 ] ::1 /eshop/index.php/Home/ShopManage/info.html?title=1&type=0&content=++++++++++++++++
ERR: Cron:cron Runat 2017-03-28 20:45:12 Use 0.000326 s

[ 2017-03-28T20:46:22+08:00 ] ::1 /eshop/index.php/Home/ShopManage/info.html?title=1&type=0&content=++++++++++++++++
ERR: Cron:cron Runat 2017-03-28 20:46:22 Use 0.000358 s

[ 2017-03-28T20:46:30+08:00 ] ::1 /eshop/index.php/Home/ShopManage/info.html?title=1&type=0&content=++++++++++++++++
ERR: Cron:cron Runat 2017-03-28 20:46:30 Use 0.000482 s

[ 2017-03-28T20:49:26+08:00 ] ::1 /eshop/index.php/Home/ShopManage/info.html?title=1&type=0&content=++++++++++++++++
ERR: Cron:cron Runat 2017-03-28 20:49:26 Use 0.000294 s

[ 2017-03-28T20:49:36+08:00 ] ::1 /eshop/index.php/Home/ShopManage/info.html?title=1&type=0&content=++++++++++++++++
ERR: Cron:cron Runat 2017-03-28 20:49:36 Use 0.000402 s

[ 2017-03-28T20:50:02+08:00 ] ::1 /eshop/index.php/Home/ShopManage/info.html?title=%E5%87%BA%E7%89%88%E7%A4%BE&type=1&content=%3Cp%3E%E5%90%83%E7%9A%84%E6%92%92%E4%BB%8E%E8%AE%A1%E5%88%92%E4%B9%A6%E4%B8%8D%E5%8F%82%E5%8A%A0%E4%B8%8D%E5%B7%AE%E4%B8%8D%E6%88%90%E7%86%9F%3Cbr%2F%3E%3C%2Fp%3E
ERR: Cron:cron Runat 2017-03-28 20:50:02 Use 0.000308 s

[ 2017-03-28T20:52:03+08:00 ] ::1 /eshop/index.php/Home/ShopManage/info.html?title=%E5%87%BA%E7%89%88%E7%A4%BE&type=1&content=%3Cp%3E%E5%90%83%E7%9A%84%E6%92%92%E4%BB%8E%E8%AE%A1%E5%88%92%E4%B9%A6%E4%B8%8D%E5%8F%82%E5%8A%A0%E4%B8%8D%E5%B7%AE%E4%B8%8D%E6%88%90%E7%86%9F%3Cbr%2F%3E%3C%2Fp%3E
ERR: Cron:cron Runat 2017-03-28 20:52:03 Use 0.000370 s

[ 2017-03-28T20:52:13+08:00 ] ::1 /eshop/index.php/Home/ShopManage/info.html?title=%E4%BF%9D%E5%AD%98%E6%92%92&type=1&content=%3Cp%3E%E6%93%A6%E6%93%A6%E6%89%80%E6%94%BE%E6%9D%BE%E6%94%BE%E6%9D%BE%3Cbr%2F%3E%3C%2Fp%3E
ERR: Cron:cron Runat 2017-03-28 20:52:13 Use 0.000509 s

[ 2017-03-28T20:53:48+08:00 ] ::1 /eshop/index.php/Home/ShopManage/info.html?title=%E5%90%83%E6%92%92%E9%94%99%E4%B8%89&type=1&content=++++++++++++++++
ERR: Cron:cron Runat 2017-03-28 20:53:48 Use 0.000662 s

[ 2017-03-28T20:55:00+08:00 ] ::1 /eshop/index.php/Home/ShopManage/info.html?title=%E5%90%83%E6%92%92%E9%94%99%E4%B8%89&type=1&content=++++++++++++++++
ERR: Cron:cron Runat 2017-03-28 20:55:00 Use 0.000297 s

[ 2017-03-28T20:55:07+08:00 ] ::1 /eshop/index.php/Home/ShopManage/infoSave
ERR: Cron:cron Runat 2017-03-28 20:55:07 Use 0.000656 s

[ 2017-03-28T20:55:07+08:00 ] ::1 /eshop/index.php/Home/ShopManage/infoSave
INFO: [ app_begin ] --START--
INFO: Run Behavior\ReadHtmlCacheBehavior [ RunTime:0.001592s ]
INFO: Run Behavior\CronRunBehavior [ RunTime:0.008090s ]
INFO: [ app_begin ] --END-- [ RunTime:0.010793s ]

[ 2017-03-28T20:56:19+08:00 ] ::1 /eshop/index.php/Home/ShopManage/info.html?title=%E5%90%83%E6%92%92%E9%94%99%E4%B8%89&type=1&content=++++++++++++++++
ERR: Cron:cron Runat 2017-03-28 20:56:19 Use 0.000278 s

[ 2017-03-28T20:56:26+08:00 ] ::1 /eshop/index.php/Home/ShopManage/infoSave
ERR: Cron:cron Runat 2017-03-28 20:56:26 Use 0.000474 s

[ 2017-03-28T20:56:26+08:00 ] ::1 /eshop/index.php/Home/ShopManage/infoSave
INFO: [ app_begin ] --START--
INFO: Run Behavior\ReadHtmlCacheBehavior [ RunTime:0.000816s ]
INFO: Run Behavior\CronRunBehavior [ RunTime:0.005962s ]
INFO: [ app_begin ] --END-- [ RunTime:0.007528s ]

[ 2017-03-28T20:56:51+08:00 ] ::1 /eshop/index.php/Home/ShopManage/info.html?title=%E5%90%83%E6%92%92%E9%94%99%E4%B8%89&type=1&content=++++++++++++++++
ERR: Cron:cron Runat 2017-03-28 20:56:51 Use 0.000325 s

[ 2017-03-28T20:57:01+08:00 ] ::1 /eshop/index.php/Home/ShopManage/infoSave
ERR: Cron:cron Runat 2017-03-28 20:57:01 Use 0.000331 s

[ 2017-03-28T20:57:01+08:00 ] ::1 /eshop/index.php/Home/ShopManage/infoSave
INFO: [ app_begin ] --START--
INFO: Run Behavior\ReadHtmlCacheBehavior [ RunTime:0.001184s ]
INFO: Run Behavior\CronRunBehavior [ RunTime:0.005686s ]
INFO: [ app_begin ] --END-- [ RunTime:0.007784s ]

[ 2017-03-28T20:57:22+08:00 ] ::1 /eshop/index.php/Home/ShopManage/infoSave
ERR: Cron:cron Runat 2017-03-28 20:57:22 Use 0.000275 s

[ 2017-03-28T20:57:22+08:00 ] ::1 /eshop/index.php/Home/ShopManage/infoSave
INFO: [ app_begin ] --START--
INFO: Run Behavior\ReadHtmlCacheBehavior [ RunTime:0.000773s ]
INFO: Run Behavior\CronRunBehavior [ RunTime:0.005990s ]
INFO: [ app_begin ] --END-- [ RunTime:0.007382s ]

[ 2017-03-28T21:12:13+08:00 ] ::1 /eshop/index.php/Home/ShopManage/infoSave
ERR: Cron:cron Runat 2017-03-28 21:12:13 Use 0.000385 s

[ 2017-03-28T21:12:13+08:00 ] ::1 /eshop/index.php/Home/ShopManage/infoSave
INFO: [ app_begin ] --START--
INFO: Run Behavior\ReadHtmlCacheBehavior [ RunTime:0.000776s ]
INFO: Run Behavior\CronRunBehavior [ RunTime:0.004935s ]
INFO: [ app_begin ] --END-- [ RunTime:0.006375s ]
SQL: SHOW COLUMNS FROM `eshop_information` [ RunTime:0.0084s ]
NOTIC: [8] Undefined index: validate D:\wampserver\wamp\www\eshop\ThinkPHP\Library\Think\Model.class.php 第 1185 行.
NOTIC: [8] Undefined index: auto D:\wampserver\wamp\www\eshop\ThinkPHP\Library\Think\Model.class.php 第 1128 行.
NOTIC: [8] Undefined index: validate D:\wampserver\wamp\www\eshop\ThinkPHP\Library\Think\Model.class.php 第 1185 行.
NOTIC: [8] Undefined index: auto D:\wampserver\wamp\www\eshop\ThinkPHP\Library\Think\Model.class.php 第 1128 行.

[ 2017-03-28T21:12:42+08:00 ] ::1 /eshop/index.php/Home/ShopManage/infoSave
ERR: Cron:cron Runat 2017-03-28 21:12:42 Use 0.000378 s

[ 2017-03-28T21:12:42+08:00 ] ::1 /eshop/index.php/Home/ShopManage/infoSave
INFO: [ app_begin ] --START--
INFO: Run Behavior\ReadHtmlCacheBehavior [ RunTime:0.001014s ]
INFO: Run Behavior\CronRunBehavior [ RunTime:0.004783s ]
INFO: [ app_begin ] --END-- [ RunTime:0.006436s ]
SQL: SHOW COLUMNS FROM `eshop_information` [ RunTime:0.0064s ]
NOTIC: [8] Undefined index: validate D:\wampserver\wamp\www\eshop\ThinkPHP\Library\Think\Model.class.php 第 1185 行.
NOTIC: [8] Undefined index: auto D:\wampserver\wamp\www\eshop\ThinkPHP\Library\Think\Model.class.php 第 1128 行.
NOTIC: [8] Undefined index: validate D:\wampserver\wamp\www\eshop\ThinkPHP\Library\Think\Model.class.php 第 1185 行.
NOTIC: [8] Undefined index: auto D:\wampserver\wamp\www\eshop\ThinkPHP\Library\Think\Model.class.php 第 1128 行.

[ 2017-03-28T21:13:21+08:00 ] ::1 /eshop/index.php/Home/ShopManage/info.html?title=%E5%90%83%E6%92%92%E9%94%99%E4%B8%89&type=1&content=++++++++++++++++
ERR: Cron:cron Runat 2017-03-28 21:13:21 Use 0.000339 s

[ 2017-03-28T21:14:01+08:00 ] ::1 /eshop/index.php/Home/ShopManage/infoSave
ERR: Cron:cron Runat 2017-03-28 21:14:01 Use 0.000508 s

[ 2017-03-28T21:14:01+08:00 ] ::1 /eshop/index.php/Home/ShopManage/infoSave
INFO: [ app_begin ] --START--
INFO: Run Behavior\ReadHtmlCacheBehavior [ RunTime:0.001515s ]
INFO: Run Behavior\CronRunBehavior [ RunTime:0.006947s ]
INFO: [ app_begin ] --END-- [ RunTime:0.009499s ]
SQL: SHOW COLUMNS FROM `eshop_information` [ RunTime:0.0094s ]
NOTIC: [8] Undefined index: validate D:\wampserver\wamp\www\eshop\ThinkPHP\Library\Think\Model.class.php 第 1185 行.
NOTIC: [8] Undefined index: auto D:\wampserver\wamp\www\eshop\ThinkPHP\Library\Think\Model.class.php 第 1128 行.
SQL: INSERT INTO `eshop_information` (`title`,`type`,`content`,`publisherId`,`publishType`,`publisherName`,`publish_time`) VALUES ('eshop正式上线通知','1','&lt;p&gt;一个人总要走陌生的路，欣赏的陌生的风景，相遇陌生的人，很多心绪与情绪，都是随着时间堆砌而成，只因在时光的磨合中成长了，却也多愁善感了，因为在一段段旅途中，体验了世间冷暖，聚散分离。一个人总要走陌生的路，欣赏的陌生的风景，相遇陌生的人，很多心绪与情绪，都是随着时间堆砌而成，只因在时光的磨合中成长了，却也多愁善感了，因为在一段段旅途中，体验了世间冷暖，聚散分离。&lt;/p&gt;&lt;p&gt;一个人总要走陌生的路，欣赏的陌生的风景，相遇陌生的人，很多心绪与情绪，都是随着时间堆砌而成，只因在时光的磨合中成长了，却也多愁善感了，因为在一段段旅途中，体验了世间冷暖，聚散分离。&lt;/p&gt;&lt;p&gt;一个人总要走陌生的路，欣赏的陌生的风景，相遇陌生的人，很多心绪与情绪，都是随着时间堆砌而成，只因在时光的磨合中成长了，却也多愁善感了，因为在一段段旅途中，体验了世间冷暖，聚散分离。&lt;/p&gt;&lt;p&gt;&lt;br/&gt;&lt;/p&gt;','13','1','shoper3','1490706841') [ RunTime:0.1055s ]

[ 2017-03-28T21:14:20+08:00 ] ::1 /eshop/index.php/Home/ShopManage/info.html?title=%E5%90%83%E6%92%92%E9%94%99%E4%B8%89&type=1&content=++++++++++++++++
ERR: Cron:cron Runat 2017-03-28 21:14:20 Use 0.001924 s

[ 2017-03-28T21:14:24+08:00 ] ::1 /eshop/index.php/Home/ShopManage/info.html
ERR: Cron:cron Runat 2017-03-28 21:14:24 Use 0.000437 s

[ 2017-03-28T21:14:49+08:00 ] ::1 /eshop/index.php/Home/ShopManage/infoSave
ERR: Cron:cron Runat 2017-03-28 21:14:49 Use 0.000597 s

[ 2017-03-28T21:14:49+08:00 ] ::1 /eshop/index.php/Home/ShopManage/infoSave
INFO: [ app_begin ] --START--
INFO: Run Behavior\ReadHtmlCacheBehavior [ RunTime:0.001094s ]
INFO: Run Behavior\CronRunBehavior [ RunTime:0.008454s ]
INFO: [ app_begin ] --END-- [ RunTime:0.010268s ]
SQL: SHOW COLUMNS FROM `eshop_information` [ RunTime:0.0059s ]
NOTIC: [8] Undefined index: validate D:\wampserver\wamp\www\eshop\ThinkPHP\Library\Think\Model.class.php 第 1185 行.
NOTIC: [8] Undefined index: auto D:\wampserver\wamp\www\eshop\ThinkPHP\Library\Think\Model.class.php 第 1128 行.
SQL: INSERT INTO `eshop_information` (`title`,`type`,`content`,`publisherId`,`publishType`,`publisherName`,`publish_time`) VALUES ('eshop更新通知','1','&lt;p&gt;一个人总要走陌生的路，欣赏的陌生的风景，相遇陌生的人，很多心绪与情绪，都是随着时间堆砌而成，只因在时光的磨合中成长了，却也多愁善感了，因为在一段段旅途中，体验了世间冷暖，聚散分离。一个人总要走陌生的路，欣赏的陌生的风景，相遇陌生的人，很多心绪与情绪，都是随着时间堆砌而成，只因在时光的磨合中成长了，却也多愁善感了，因为在一段段旅途中，体验了世间冷暖，聚散分离。&lt;/p&gt;&lt;p&gt;一个人总要走陌生的路，欣赏的陌生的风景，相遇陌生的人，很多心绪与情绪，都是随着时间堆砌而成，只因在时光的磨合中成长了，却也多愁善感了，因为在一段段旅途中，体验了世间冷暖，聚散分离。&lt;/p&gt;&lt;p&gt;一个人总要走陌生的路，欣赏的陌生的风景，相遇陌生的人，很多心绪与情绪，都是随着时间堆砌而成，只因在时光的磨合中成长了，却也多愁善感了，因为在一段段旅途中，体验了世间冷暖，聚散分离。&lt;/p&gt;&lt;p&gt;&lt;br/&gt;&lt;/p&gt;','13','1','shoper3','1490706889') [ RunTime:0.0779s ]

[ 2017-03-28T21:16:17+08:00 ] ::1 /eshop/index.php/Home/ShopManage/infoList.html
ERR: Cron:cron Runat 2017-03-28 21:16:17 Use 0.000404 s

[ 2017-03-28T21:17:33+08:00 ] ::1 /eshop/index.php/Home/ShopManage/info.html
ERR: Cron:cron Runat 2017-03-28 21:17:33 Use 0.000470 s

[ 2017-03-28T21:17:39+08:00 ] ::1 /eshop/index.php/Home/ShopManage/infoList.html
ERR: Cron:cron Runat 2017-03-28 21:17:39 Use 0.000367 s

[ 2017-03-28T21:27:23+08:00 ] ::1 /eshop/index.php/Home/ShopManage/infoList.html
ERR: Cron:cron Runat 2017-03-28 21:27:23 Use 0.000366 s

[ 2017-03-28T21:27:50+08:00 ] ::1 /eshop/index.php/Home/ShopManage/infoList.html
ERR: Cron:cron Runat 2017-03-28 21:27:50 Use 0.000416 s

[ 2017-03-28T21:31:49+08:00 ] ::1 /eshop/index.php/Home/ShopManage/infoList.html
ERR: Cron:cron Runat 2017-03-28 21:31:49 Use 0.000431 s

[ 2017-03-28T21:42:48+08:00 ] ::1 /eshop/index.php/Home/ShopManage/infoList.html
ERR: Cron:cron Runat 2017-03-28 21:42:48 Use 0.000377 s

[ 2017-03-28T21:44:52+08:00 ] ::1 /eshop/index.php/Home/ShopManage/infoList.html
ERR: Cron:cron Runat 2017-03-28 21:44:52 Use 0.000375 s

[ 2017-03-28T21:45:23+08:00 ] ::1 /eshop/index.php/Home/ShopManage/infoList.html
ERR: Cron:cron Runat 2017-03-28 21:45:23 Use 0.000351 s

[ 2017-03-28T21:46:04+08:00 ] ::1 /eshop/index.php/Home/ShopManage/infoList.html
ERR: Cron:cron Runat 2017-03-28 21:46:04 Use 0.000405 s

[ 2017-03-28T21:46:34+08:00 ] ::1 /eshop/index.php/Home/ShopManage/infoList.html
ERR: Cron:cron Runat 2017-03-28 21:46:34 Use 0.000363 s

[ 2017-03-28T21:47:11+08:00 ] ::1 /eshop/index.php/Home/ShopManage/infoList.html
ERR: Cron:cron Runat 2017-03-28 21:47:11 Use 0.000285 s

[ 2017-03-28T21:49:01+08:00 ] ::1 /eshop/index.php/Home/ShopManage/infoList.html
ERR: Cron:cron Runat 2017-03-28 21:49:01 Use 0.000399 s

[ 2017-03-28T21:49:30+08:00 ] ::1 /eshop/index.php/Home/ShopManage/infoList.html
ERR: Cron:cron Runat 2017-03-28 21:49:30 Use 0.001215 s

[ 2017-03-28T21:49:37+08:00 ] ::1 /eshop/index.php/Home/ShopManage/infoList.html
ERR: Cron:cron Runat 2017-03-28 21:49:37 Use 0.000280 s

[ 2017-03-28T21:50:29+08:00 ] ::1 /eshop/index.php/Home/ShopManage/infoList.html
ERR: Cron:cron Runat 2017-03-28 21:50:29 Use 0.000388 s

[ 2017-03-28T21:51:06+08:00 ] ::1 /eshop/index.php/ShopManage/infoList/p/2.html
ERR: Cron:cron Runat 2017-03-28 21:51:06 Use 0.000368 s

[ 2017-03-28T21:51:09+08:00 ] ::1 /eshop/index.php/ShopManage/infoList/p/1.html
ERR: Cron:cron Runat 2017-03-28 21:51:09 Use 0.000380 s

[ 2017-03-28T21:51:12+08:00 ] ::1 /eshop/index.php/ShopManage/infoList/p/1.html
ERR: Cron:cron Runat 2017-03-28 21:51:12 Use 0.000441 s

[ 2017-03-28T21:51:16+08:00 ] ::1 /eshop/index.php/Home/ShopManage/info.html
ERR: Cron:cron Runat 2017-03-28 21:51:16 Use 0.000401 s

[ 2017-03-28T21:51:22+08:00 ] ::1 /eshop/index.php/Home/ShopManage/infoList.html
ERR: Cron:cron Runat 2017-03-28 21:51:22 Use 0.000426 s

[ 2017-03-28T21:51:26+08:00 ] ::1 /eshop/index.php/Home/ShopManage/setting.html
ERR: Cron:cron Runat 2017-03-28 21:51:26 Use 0.000591 s

[ 2017-03-28T21:51:30+08:00 ] ::1 /eshop/index.php/Home/ShoperCenter/info.html
ERR: Cron:cron Runat 2017-03-28 21:51:30 Use 0.000315 s

