[ 2017-03-24T08:51:55+08:00 ] ::1 /eshop/index.php/Home/Good/illegal.html
ERR: Cron:cron Runat 2017-03-24 08:51:55 Use 0.000481 s

[ 2017-03-24T08:52:02+08:00 ] ::1 /eshop/index.php/Home/ShoperCenter/modifyPwd.html
ERR: Cron:cron Runat 2017-03-24 08:52:02 Use 0.000531 s

[ 2017-03-24T08:52:05+08:00 ] ::1 /eshop/index.php/Home/ShoperCenter/log.html
ERR: Cron:cron Runat 2017-03-24 08:52:05 Use 0.000505 s

[ 2017-03-24T08:52:55+08:00 ] ::1 /eshop/index.php/Home/ShoperCenter/modifyPwd.html
ERR: Cron:cron Runat 2017-03-24 08:52:55 Use 0.000376 s

[ 2017-03-24T08:55:03+08:00 ] ::1 /eshop/index.php/Home/Index/index.html
ERR: Cron:cron Runat 2017-03-24 08:55:03 Use 0.000356 s

[ 2017-03-24T08:55:54+08:00 ] ::1 /eshop/index.php/Home/ShoperCenter/modifyPwd.html
ERR: Cron:cron Runat 2017-03-24 08:55:54 Use 0.000308 s

[ 2017-03-24T08:56:55+08:00 ] ::1 /eshop/index.php/Home/ShoperCenter/modifyPwd.html
ERR: Cron:cron Runat 2017-03-24 08:56:55 Use 0.000397 s

[ 2017-03-24T08:57:00+08:00 ] ::1 /eshop/index.php/Home/ShoperCenter/modifyPwd.html
ERR: Cron:cron Runat 2017-03-24 08:57:00 Use 0.000363 s

[ 2017-03-24T09:10:08+08:00 ] ::1 /eshop/index.php/Home/ShoperCenter/modifyPwd.html
ERR: Cron:cron Runat 2017-03-24 09:10:08 Use 0.000400 s

[ 2017-03-24T09:10:51+08:00 ] ::1 /eshop/index.php/Home/ShoperCenter/modifyPwd.html
ERR: Cron:cron Runat 2017-03-24 09:10:51 Use 0.000336 s

[ 2017-03-24T09:10:54+08:00 ] ::1 /eshop/index.php/Home/ShoperManage/index.html
ERR: Cron:cron Runat 2017-03-24 09:10:54 Use 0.000297 s

[ 2017-03-24T09:10:54+08:00 ] ::1 /eshop/index.php/Home/ShoperManage/index.html
ERR: 无法加载控制器:ShoperManage

[ 2017-03-24T09:11:47+08:00 ] ::1 /eshop/index.php/Home/ShoperManage/index.html
ERR: Cron:cron Runat 2017-03-24 09:11:47 Use 0.000417 s

[ 2017-03-24T09:11:47+08:00 ] ::1 /eshop/index.php/Home/ShoperManage/index.html
ERR: 无法加载控制器:ShoperManage

[ 2017-03-24T09:11:51+08:00 ] ::1 /eshop/index.php/Home/ShoperCenter/modifyPwd.html
ERR: Cron:cron Runat 2017-03-24 09:11:51 Use 0.000276 s

[ 2017-03-24T09:11:52+08:00 ] ::1 /eshop/index.php/Home/ShoperManager/index.html
ERR: 无法加载控制器:ShoperManager

[ 2017-03-24T09:12:53+08:00 ] ::1 /eshop/index.php/Home/ShoperManager/index.html
ERR: Cron:cron Runat 2017-03-24 09:12:53 Use 0.000353 s

[ 2017-03-24T09:12:53+08:00 ] ::1 /eshop/index.php/Home/ShoperManager/index.html
ERR: 无法加载控制器:ShoperManager

[ 2017-03-24T09:12:59+08:00 ] ::1 /eshop/index.php/Home/ShoperCenter/modifyPwd.html
ERR: Cron:cron Runat 2017-03-24 09:12:59 Use 0.000396 s

[ 2017-03-24T09:13:01+08:00 ] ::1 /eshop/index.php/Home/ShoperManage/index.html
ERR: Cron:cron Runat 2017-03-24 09:13:01 Use 0.000389 s

[ 2017-03-24T09:13:34+08:00 ] ::1 /eshop/index.php/Home/ShoperManage/index.html
ERR: Cron:cron Runat 2017-03-24 09:13:34 Use 0.000388 s

[ 2017-03-24T09:14:17+08:00 ] ::1 /eshop/index.php/Home/ShoperManage/index.html
ERR: Cron:cron Runat 2017-03-24 09:14:17 Use 0.000307 s

[ 2017-03-24T09:15:07+08:00 ] ::1 /eshop/index.php/Home/ShoperManage/index.html
ERR: Cron:cron Runat 2017-03-24 09:15:07 Use 0.000355 s

[ 2017-03-24T09:15:07+08:00 ] ::1 /eshop/index.php/Home/ShoperManage/index.html
ERR: 无法加载控制器:ShoperManage

[ 2017-03-24T09:15:16+08:00 ] ::1 /eshop/index.php/Home/ShoperManage/index.html
ERR: Cron:cron Runat 2017-03-24 09:15:16 Use 0.000383 s

[ 2017-03-24T09:15:16+08:00 ] ::1 /eshop/index.php/Home/ShoperManage/index.html
ERR: 无法加载控制器:ShoperManage

[ 2017-03-24T09:15:35+08:00 ] ::1 /eshop/index.php/Home/ShoperCenter/modifyPwd.html
ERR: Cron:cron Runat 2017-03-24 09:15:35 Use 0.000417 s

[ 2017-03-24T09:15:37+08:00 ] ::1 /eshop/index.php/Home/ShopManage/index.html
ERR: Cron:cron Runat 2017-03-24 09:15:37 Use 0.000409 s

[ 2017-03-24T09:17:45+08:00 ] ::1 /eshop/index.php/Home/ShopManage/index.html
ERR: Cron:cron Runat 2017-03-24 09:17:45 Use 0.000365 s

[ 2017-03-24T09:18:30+08:00 ] ::1 /eshop/index.php/Home/ShopManage/index.html
ERR: Cron:cron Runat 2017-03-24 09:18:30 Use 0.000466 s

[ 2017-03-24T09:19:46+08:00 ] ::1 /eshop/index.php/Home/ShopManage/index.html
ERR: Cron:cron Runat 2017-03-24 09:19:46 Use 0.000330 s

[ 2017-03-24T09:19:54+08:00 ] ::1 /eshop/index.php/Home/ShopManage/index.html
ERR: Cron:cron Runat 2017-03-24 09:19:54 Use 0.000384 s

[ 2017-03-24T09:20:22+08:00 ] ::1 /eshop/index.php/Home/ShopManage/index.html
ERR: Cron:cron Runat 2017-03-24 09:20:22 Use 0.000410 s

[ 2017-03-24T09:22:58+08:00 ] ::1 /eshop/index.php/Home/ShopManage/index.html
ERR: Cron:cron Runat 2017-03-24 09:22:58 Use 0.000390 s

[ 2017-03-24T09:23:08+08:00 ] ::1 /eshop/index.php/Home/ShopManage/index.html
ERR: Cron:cron Runat 2017-03-24 09:23:08 Use 0.000512 s

[ 2017-03-24T09:23:40+08:00 ] ::1 /eshop/index.php/Home/ShopManage/index.html
ERR: Cron:cron Runat 2017-03-24 09:23:40 Use 0.000451 s

[ 2017-03-24T09:25:33+08:00 ] ::1 /eshop/index.php/Home/ShopManage/index.html
ERR: Cron:cron Runat 2017-03-24 09:25:33 Use 0.000384 s

[ 2017-03-24T09:28:03+08:00 ] ::1 /eshop/index.php/Home/ShopManage/index.html
ERR: Cron:cron Runat 2017-03-24 09:28:03 Use 0.000361 s

[ 2017-03-24T09:28:56+08:00 ] ::1 /eshop/index.php/Home/ShopManage/index.html
ERR: Cron:cron Runat 2017-03-24 09:28:56 Use 0.000384 s

[ 2017-03-24T09:30:14+08:00 ] ::1 /eshop/index.php/Home/ShopManage/index.html
ERR: Cron:cron Runat 2017-03-24 09:30:14 Use 0.000409 s

[ 2017-03-24T09:31:37+08:00 ] ::1 /eshop/index.php/Home/ShopManage/index.html
ERR: Cron:cron Runat 2017-03-24 09:31:37 Use 0.000371 s

[ 2017-03-24T09:32:15+08:00 ] ::1 /eshop/index.php/Home/ShopManage/index.html
ERR: Cron:cron Runat 2017-03-24 09:32:15 Use 0.000914 s

[ 2017-03-24T09:32:36+08:00 ] ::1 /eshop/index.php/Home/ShopManage/index.html
ERR: Cron:cron Runat 2017-03-24 09:32:36 Use 0.000332 s

[ 2017-03-24T09:33:25+08:00 ] ::1 /eshop/index.php/Home/ShopManage/index.html
ERR: Cron:cron Runat 2017-03-24 09:33:25 Use 0.000373 s

[ 2017-03-24T09:34:37+08:00 ] ::1 /eshop/index.php/Home/ShopManage/index.html
ERR: Cron:cron Runat 2017-03-24 09:34:37 Use 0.000398 s

[ 2017-03-24T09:35:01+08:00 ] ::1 /eshop/index.php/Home/ShopManage/index.html
ERR: Cron:cron Runat 2017-03-24 09:35:01 Use 0.000345 s

[ 2017-03-24T09:35:24+08:00 ] ::1 /eshop/index.php/Home/ShopManage/index.html
ERR: Cron:cron Runat 2017-03-24 09:35:24 Use 0.000418 s

[ 2017-03-24T09:40:01+08:00 ] ::1 /eshop/index.php/Home/ShopManage/index.html
ERR: Cron:cron Runat 2017-03-24 09:40:01 Use 0.000429 s

[ 2017-03-24T09:41:55+08:00 ] ::1 /eshop/index.php/Home/ShopManage/index.html
ERR: Cron:cron Runat 2017-03-24 09:41:55 Use 0.000413 s

[ 2017-03-24T09:44:31+08:00 ] ::1 /eshop/index.php/Home/ShopManage/index.html
ERR: Cron:cron Runat 2017-03-24 09:44:31 Use 0.000280 s

[ 2017-03-24T09:45:39+08:00 ] ::1 /eshop/index.php/Home/ShopManage/index.html
ERR: Cron:cron Runat 2017-03-24 09:45:39 Use 0.000353 s

[ 2017-03-24T09:46:55+08:00 ] ::1 /eshop/index.php/Home/ShopManage/index.html
ERR: Cron:cron Runat 2017-03-24 09:46:55 Use 0.000333 s

[ 2017-03-24T09:47:53+08:00 ] ::1 /eshop/index.php/Home/ShopManage/index.html
ERR: Cron:cron Runat 2017-03-24 09:47:53 Use 0.000321 s

[ 2017-03-24T09:48:28+08:00 ] ::1 /eshop/index.php/Home/ShopManage/index.html
ERR: Cron:cron Runat 2017-03-24 09:48:28 Use 0.000309 s

[ 2017-03-24T09:49:06+08:00 ] ::1 /eshop/index.php/Home/ShopManage/index.html
ERR: Cron:cron Runat 2017-03-24 09:49:06 Use 0.000294 s

[ 2017-03-24T09:49:16+08:00 ] ::1 /eshop/index.php/Home/ShopManage/index.html
ERR: Cron:cron Runat 2017-03-24 09:49:16 Use 0.000326 s

[ 2017-03-24T09:50:08+08:00 ] ::1 /eshop/index.php/Home/ShopManage/index.html
ERR: Cron:cron Runat 2017-03-24 09:50:08 Use 0.000337 s

[ 2017-03-24T09:50:27+08:00 ] ::1 /eshop/index.php/Home/ShopManage/index.html
ERR: Cron:cron Runat 2017-03-24 09:50:27 Use 0.000288 s

[ 2017-03-24T09:50:43+08:00 ] ::1 /eshop/index.php/Home/ShopManage/index.html
ERR: Cron:cron Runat 2017-03-24 09:50:43 Use 0.000535 s

[ 2017-03-24T09:51:06+08:00 ] ::1 /eshop/index.php/Home/ShopManage/index.html
ERR: Cron:cron Runat 2017-03-24 09:51:06 Use 0.000492 s

[ 2017-03-24T09:51:22+08:00 ] ::1 /eshop/index.php/Home/ShopManage/index.html
ERR: Cron:cron Runat 2017-03-24 09:51:22 Use 0.000332 s

[ 2017-03-24T09:51:32+08:00 ] ::1 /eshop/index.php/Home/ShopManage/index.html
ERR: Cron:cron Runat 2017-03-24 09:51:32 Use 0.000357 s

[ 2017-03-24T09:53:00+08:00 ] ::1 /eshop/index.php/Home/ShopManage/index.html
ERR: Cron:cron Runat 2017-03-24 09:53:00 Use 0.000329 s

[ 2017-03-24T09:53:06+08:00 ] ::1 /eshop/index.php/Home/ShopManage/index.html
ERR: Cron:cron Runat 2017-03-24 09:53:06 Use 0.000340 s

[ 2017-03-24T09:53:30+08:00 ] ::1 /eshop/index.php/Home/ShopManage/index.html
ERR: Cron:cron Runat 2017-03-24 09:53:30 Use 0.000264 s

[ 2017-03-24T09:53:48+08:00 ] ::1 /eshop/index.php/Home/ShopManage/index.html
ERR: Cron:cron Runat 2017-03-24 09:53:48 Use 0.000515 s

[ 2017-03-24T09:54:01+08:00 ] ::1 /eshop/index.php/Home/ShopManage/index.html
ERR: Cron:cron Runat 2017-03-24 09:54:01 Use 0.000305 s

[ 2017-03-24T09:54:29+08:00 ] ::1 /eshop/index.php/Home/ShopManage/index.html
ERR: Cron:cron Runat 2017-03-24 09:54:29 Use 0.000310 s

[ 2017-03-24T09:55:44+08:00 ] ::1 /eshop/index.php/Home/ShopManage/index.html
ERR: Cron:cron Runat 2017-03-24 09:55:44 Use 0.000288 s

[ 2017-03-24T09:56:56+08:00 ] ::1 /eshop/index.php/Home/ShopManage/index.html
ERR: Cron:cron Runat 2017-03-24 09:56:56 Use 0.000320 s

[ 2017-03-24T09:58:03+08:00 ] ::1 /eshop/index.php/Home/ShopManage/index.html
ERR: Cron:cron Runat 2017-03-24 09:58:03 Use 0.000393 s

[ 2017-03-24T09:58:18+08:00 ] ::1 /eshop/index.php/Home/ShopManage/index.html
ERR: Cron:cron Runat 2017-03-24 09:58:18 Use 0.000287 s

[ 2017-03-24T09:58:46+08:00 ] ::1 /eshop/index.php/Home/ShopManage/index.html
ERR: Cron:cron Runat 2017-03-24 09:58:46 Use 0.000359 s

[ 2017-03-24T09:59:44+08:00 ] ::1 /eshop/index.php/Home/ShopManage/index.html
ERR: Cron:cron Runat 2017-03-24 09:59:44 Use 0.000345 s

[ 2017-03-24T10:00:38+08:00 ] ::1 /eshop/index.php/Home/ShopManage/index.html
ERR: Cron:cron Runat 2017-03-24 10:00:38 Use 0.000295 s

[ 2017-03-24T10:02:08+08:00 ] ::1 /eshop/index.php/Home/ShopManage/index.html
ERR: Cron:cron Runat 2017-03-24 10:02:08 Use 0.000266 s

[ 2017-03-24T10:02:25+08:00 ] ::1 /eshop/index.php/Home/ShopCart/index.html
ERR: Cron:cron Runat 2017-03-24 10:02:25 Use 0.000320 s

[ 2017-03-24T10:02:27+08:00 ] ::1 /eshop/index.php/Home/Good/add.html
ERR: Cron:cron Runat 2017-03-24 10:02:27 Use 0.000543 s

[ 2017-03-24T10:02:35+08:00 ] ::1 /eshop/index.php/Home/ShopManage/index.html
ERR: Cron:cron Runat 2017-03-24 10:02:35 Use 0.000270 s

[ 2017-03-24T10:03:22+08:00 ] ::1 /eshop/index.php/Home/ShopManage/index.html
ERR: Cron:cron Runat 2017-03-24 10:03:22 Use 0.000377 s

[ 2017-03-24T10:03:40+08:00 ] ::1 /eshop/index.php/Home/ShopManage/index.html
ERR: Cron:cron Runat 2017-03-24 10:03:40 Use 0.000382 s

[ 2017-03-24T10:04:14+08:00 ] ::1 /eshop/index.php/Home/ShopManage/index.html
ERR: Cron:cron Runat 2017-03-24 10:04:14 Use 0.000367 s

[ 2017-03-24T10:04:38+08:00 ] ::1 /eshop/index.php/Home/ShopManage/index.html
ERR: Cron:cron Runat 2017-03-24 10:04:38 Use 0.000388 s

[ 2017-03-24T10:05:12+08:00 ] ::1 /eshop/index.php/Home/ShopManage/index.html
ERR: Cron:cron Runat 2017-03-24 10:05:12 Use 0.000375 s

[ 2017-03-24T10:05:44+08:00 ] ::1 /eshop/index.php/Home/ShopManage/index.html
ERR: Cron:cron Runat 2017-03-24 10:05:44 Use 0.000438 s

[ 2017-03-24T10:06:05+08:00 ] ::1 /eshop/index.php/Home/ShopManage/index.html
ERR: Cron:cron Runat 2017-03-24 10:06:05 Use 0.000311 s

[ 2017-03-24T10:06:21+08:00 ] ::1 /eshop/index.php/Home/ShopManage/index.html
ERR: Cron:cron Runat 2017-03-24 10:06:21 Use 0.000366 s

[ 2017-03-24T10:06:41+08:00 ] ::1 /eshop/index.php/Home/ShopManage/index.html
ERR: Cron:cron Runat 2017-03-24 10:06:41 Use 0.000366 s

[ 2017-03-24T10:07:05+08:00 ] ::1 /eshop/index.php/Home/ShopManage/index.html
ERR: Cron:cron Runat 2017-03-24 10:07:05 Use 0.000263 s

[ 2017-03-24T10:07:29+08:00 ] ::1 /eshop/index.php/Home/ShopManage/index.html
ERR: Cron:cron Runat 2017-03-24 10:07:29 Use 0.000375 s

[ 2017-03-24T10:07:52+08:00 ] ::1 /eshop/index.php/Home/ShopManage/index.html
ERR: Cron:cron Runat 2017-03-24 10:07:52 Use 0.000329 s

[ 2017-03-24T10:08:28+08:00 ] ::1 /eshop/index.php/Home/ShopManage/index.html
ERR: Cron:cron Runat 2017-03-24 10:08:28 Use 0.000385 s

[ 2017-03-24T10:08:49+08:00 ] ::1 /eshop/index.php/Home/ShopManage/index.html
ERR: Cron:cron Runat 2017-03-24 10:08:49 Use 0.000371 s

[ 2017-03-24T10:09:30+08:00 ] ::1 /eshop/index.php/Home/ShopManage/index.html
ERR: Cron:cron Runat 2017-03-24 10:09:30 Use 0.000377 s

[ 2017-03-24T10:09:44+08:00 ] ::1 /eshop/index.php/Home/ShopManage/index.html
ERR: Cron:cron Runat 2017-03-24 10:09:44 Use 0.000316 s

[ 2017-03-24T10:11:02+08:00 ] ::1 /eshop/index.php/Home/ShopManage/index.html
ERR: Cron:cron Runat 2017-03-24 10:11:02 Use 0.000395 s

[ 2017-03-24T10:12:38+08:00 ] ::1 /eshop/index.php/Home/ShopManage/index.html
ERR: Cron:cron Runat 2017-03-24 10:12:38 Use 0.000373 s

[ 2017-03-24T10:13:46+08:00 ] ::1 /eshop/index.php/Home/Good/add.html
ERR: Cron:cron Runat 2017-03-24 10:13:46 Use 0.000269 s

[ 2017-03-24T10:14:23+08:00 ] ::1 /eshop/index.php/Home/Good/add.html
ERR: Cron:cron Runat 2017-03-24 10:14:23 Use 0.000322 s

[ 2017-03-24T10:14:27+08:00 ] ::1 /eshop/index.php/Home/ShopManage/index.html
ERR: Cron:cron Runat 2017-03-24 10:14:27 Use 0.000304 s

[ 2017-03-24T10:14:32+08:00 ] ::1 /eshop/index.php/Home/ShopManage/index.html
ERR: Cron:cron Runat 2017-03-24 10:14:32 Use 0.000315 s

[ 2017-03-24T10:14:41+08:00 ] ::1 /eshop/index.php/Home/ShopManage/index.html
ERR: Cron:cron Runat 2017-03-24 10:14:41 Use 0.000376 s

[ 2017-03-24T10:16:51+08:00 ] ::1 /eshop/index.php/Home/ShopManage/index.html
ERR: Cron:cron Runat 2017-03-24 10:16:51 Use 0.000312 s

[ 2017-03-24T10:17:51+08:00 ] ::1 /eshop/index.php/Home/ShopManage/index.html
ERR: Cron:cron Runat 2017-03-24 10:17:51 Use 0.000374 s

[ 2017-03-24T10:18:30+08:00 ] ::1 /eshop/index.php/Home/ShopManage/index.html
ERR: Cron:cron Runat 2017-03-24 10:18:30 Use 0.000307 s

[ 2017-03-24T10:19:01+08:00 ] ::1 /eshop/index.php/Home/ShopManage/index.html
ERR: Cron:cron Runat 2017-03-24 10:19:01 Use 0.000415 s

[ 2017-03-24T10:19:58+08:00 ] ::1 /eshop/index.php/Home/ShopManage/index.html
ERR: Cron:cron Runat 2017-03-24 10:19:58 Use 0.000316 s

[ 2017-03-24T10:20:51+08:00 ] ::1 /eshop/index.php/Home/ShopManage/index.html
ERR: Cron:cron Runat 2017-03-24 10:20:51 Use 0.000340 s

[ 2017-03-24T10:20:53+08:00 ] ::1 /eshop/index.php/Home/ShopManage/index.html
ERR: Cron:cron Runat 2017-03-24 10:20:53 Use 0.000412 s

[ 2017-03-24T10:21:09+08:00 ] ::1 /eshop/index.php/Home/ShopManage/index.html
ERR: Cron:cron Runat 2017-03-24 10:21:09 Use 0.000345 s

[ 2017-03-24T10:21:24+08:00 ] ::1 /eshop/index.php/Home/ShopManage/index.html
ERR: Cron:cron Runat 2017-03-24 10:21:24 Use 0.000359 s

[ 2017-03-24T10:21:45+08:00 ] ::1 /eshop/index.php/Home/ShopManage/index.html
ERR: Cron:cron Runat 2017-03-24 10:21:45 Use 0.000364 s

[ 2017-03-24T10:21:50+08:00 ] ::1 /eshop/index.php/Home/ShopManage/index.html
ERR: Cron:cron Runat 2017-03-24 10:21:50 Use 0.000307 s

[ 2017-03-24T10:22:11+08:00 ] ::1 /eshop/index.php/Home/ShopManage/index.html
ERR: Cron:cron Runat 2017-03-24 10:22:11 Use 0.000308 s

[ 2017-03-24T10:23:29+08:00 ] ::1 /eshop/index.php/Home/ShopManage/index.html
ERR: Cron:cron Runat 2017-03-24 10:23:29 Use 0.000303 s

[ 2017-03-24T10:24:40+08:00 ] ::1 /eshop/index.php/Home/ShopCart/index.html
ERR: Cron:cron Runat 2017-03-24 10:24:40 Use 0.000426 s

[ 2017-03-24T10:24:47+08:00 ] ::1 /eshop/index.php/Home/Index/index.html
ERR: Cron:cron Runat 2017-03-24 10:24:47 Use 0.000365 s

[ 2017-03-24T10:56:38+08:00 ] ::1 /eshop/index.php/Home/ShopManage/index.html
ERR: Cron:cron Runat 2017-03-24 10:56:38 Use 0.000416 s

[ 2017-03-24T11:00:52+08:00 ] ::1 /eshop/index.php/Home/ShopManage/index.html
ERR: Cron:cron Runat 2017-03-24 11:00:52 Use 0.000299 s

[ 2017-03-24T11:02:11+08:00 ] ::1 /eshop/index.php/Home/ShopManage/index.html
ERR: Cron:cron Runat 2017-03-24 11:02:11 Use 0.000312 s

[ 2017-03-24T11:02:28+08:00 ] ::1 /eshop/index.php/Home/ShopManage/index.html
ERR: Cron:cron Runat 2017-03-24 11:02:28 Use 0.000319 s

[ 2017-03-24T11:04:03+08:00 ] ::1 /eshop/index.php/Home/ShopManage/index.html
ERR: Cron:cron Runat 2017-03-24 11:04:03 Use 0.000315 s

[ 2017-03-24T11:04:41+08:00 ] ::1 /eshop/index.php/Home/ShopManage/index.html
ERR: Cron:cron Runat 2017-03-24 11:04:41 Use 0.000314 s

[ 2017-03-24T11:05:20+08:00 ] ::1 /eshop/index.php/Home/ShopManage/index.html
ERR: Cron:cron Runat 2017-03-24 11:05:20 Use 0.000293 s

[ 2017-03-24T11:06:23+08:00 ] ::1 /eshop/index.php/Home/ShopManage/index.html
ERR: Cron:cron Runat 2017-03-24 11:06:23 Use 0.000404 s

[ 2017-03-24T11:07:14+08:00 ] ::1 /eshop/index.php/Home/ShopManage/index.html
ERR: Cron:cron Runat 2017-03-24 11:07:14 Use 0.000326 s

[ 2017-03-24T11:07:56+08:00 ] ::1 /eshop/index.php/Home/ShopManage/index.html
ERR: Cron:cron Runat 2017-03-24 11:07:56 Use 0.000405 s

[ 2017-03-24T11:09:10+08:00 ] ::1 /eshop/index.php/Home/ShopManage/index.html
ERR: Cron:cron Runat 2017-03-24 11:09:10 Use 0.000362 s

[ 2017-03-24T11:09:57+08:00 ] ::1 /eshop/index.php/Home/ShopManage/index.html
ERR: Cron:cron Runat 2017-03-24 11:09:57 Use 0.000391 s

[ 2017-03-24T11:11:34+08:00 ] ::1 /eshop/index.php/Home/ShopManage/index.html
ERR: Cron:cron Runat 2017-03-24 11:11:34 Use 0.000357 s

[ 2017-03-24T11:12:15+08:00 ] ::1 /eshop/index.php/Home/ShopManage/index.html
ERR: Cron:cron Runat 2017-03-24 11:12:15 Use 0.000332 s

[ 2017-03-24T11:12:40+08:00 ] ::1 /eshop/index.php/Home/ShopManage/index.html
ERR: Cron:cron Runat 2017-03-24 11:12:40 Use 0.000374 s

[ 2017-03-24T11:13:31+08:00 ] ::1 /eshop/index.php/Home/ShopManage/index.html
ERR: Cron:cron Runat 2017-03-24 11:13:31 Use 0.000382 s

[ 2017-03-24T11:13:36+08:00 ] ::1 /eshop/index.php/Home/ShopManage/index.html
ERR: Cron:cron Runat 2017-03-24 11:13:36 Use 0.000322 s

[ 2017-03-24T11:13:40+08:00 ] ::1 /eshop/index.php/Home/ShopManage/index.html
ERR: Cron:cron Runat 2017-03-24 11:13:40 Use 0.000377 s

[ 2017-03-24T11:20:01+08:00 ] ::1 /eshop/index.php/Home/ShopManage/index.html
ERR: Cron:cron Runat 2017-03-24 11:20:01 Use 0.000281 s

[ 2017-03-24T11:21:40+08:00 ] ::1 /eshop/index.php/Home/ShopManage/index.html
ERR: Cron:cron Runat 2017-03-24 11:21:40 Use 0.000321 s

[ 2017-03-24T11:22:00+08:00 ] ::1 /eshop/index.php/Home/ShopManage/index.html
ERR: Cron:cron Runat 2017-03-24 11:22:00 Use 0.000292 s

[ 2017-03-24T11:23:30+08:00 ] ::1 /eshop/index.php/Home/ShopManage/index.html
ERR: Cron:cron Runat 2017-03-24 11:23:30 Use 0.000361 s

[ 2017-03-24T11:24:27+08:00 ] ::1 /eshop/index.php/Home/ShopManage/index.html
ERR: Cron:cron Runat 2017-03-24 11:24:27 Use 0.000272 s

[ 2017-03-24T11:24:46+08:00 ] ::1 /eshop/index.php/Home/ShopManage/index.html
ERR: Cron:cron Runat 2017-03-24 11:24:46 Use 0.000276 s

[ 2017-03-24T11:26:12+08:00 ] ::1 /eshop/index.php/Home/ShopManage/index.html
ERR: Cron:cron Runat 2017-03-24 11:26:12 Use 0.000329 s

[ 2017-03-24T11:26:32+08:00 ] ::1 /eshop/index.php/Home/ShopManage/index.html
ERR: Cron:cron Runat 2017-03-24 11:26:32 Use 0.000345 s

[ 2017-03-24T11:28:09+08:00 ] ::1 /eshop/index.php/Home/ShopManage/index.html
ERR: Cron:cron Runat 2017-03-24 11:28:09 Use 0.000376 s

[ 2017-03-24T11:29:37+08:00 ] ::1 /eshop/index.php/Home/ShopManage/index.html
ERR: Cron:cron Runat 2017-03-24 11:29:37 Use 0.000338 s

[ 2017-03-24T13:47:00+08:00 ] ::1 /eshop/index.php/Home/ShopManage/index.html
ERR: Cron:cron Runat 2017-03-24 13:47:00 Use 0.000538 s

[ 2017-03-24T13:55:48+08:00 ] ::1 /eshop/index.php/Home/ShopManage/index.html
ERR: Cron:cron Runat 2017-03-24 13:55:48 Use 0.000468 s

[ 2017-03-24T14:12:37+08:00 ] ::1 /eshop/index.php/Home/ShopCart/index.html
ERR: Cron:cron Runat 2017-03-24 14:12:37 Use 0.000354 s

[ 2017-03-24T14:12:40+08:00 ] ::1 /eshop/index.php/Home/ShopManage/index.html
ERR: Cron:cron Runat 2017-03-24 14:12:40 Use 0.000639 s

[ 2017-03-24T14:14:31+08:00 ] ::1 /eshop/index.php/Home/ShopManage/index.html
ERR: Cron:cron Runat 2017-03-24 14:14:31 Use 0.000387 s

[ 2017-03-24T14:14:44+08:00 ] ::1 /eshop/index.php/Home/ShopManage/index.html
ERR: Cron:cron Runat 2017-03-24 14:14:44 Use 0.000378 s

[ 2017-03-24T14:17:29+08:00 ] ::1 /eshop/index.php/Home/ShopManage/index.html
ERR: Cron:cron Runat 2017-03-24 14:17:29 Use 0.000277 s

[ 2017-03-24T14:17:45+08:00 ] ::1 /eshop/index.php/Home/ShopManage/index.html
ERR: Cron:cron Runat 2017-03-24 14:17:45 Use 0.000335 s

[ 2017-03-24T14:18:11+08:00 ] ::1 /eshop/index.php/Home/ShopManage/index.html
ERR: Cron:cron Runat 2017-03-24 14:18:11 Use 0.000421 s

[ 2017-03-24T14:18:24+08:00 ] ::1 /eshop/index.php/Home/ShopManage/index.html
ERR: Cron:cron Runat 2017-03-24 14:18:24 Use 0.000434 s

[ 2017-03-24T14:18:48+08:00 ] ::1 /eshop/index.php/Home/ShopManage/index.html
ERR: Cron:cron Runat 2017-03-24 14:18:48 Use 0.000348 s

[ 2017-03-24T14:19:46+08:00 ] ::1 /eshop/index.php/Home/ShopManage/index.html
ERR: Cron:cron Runat 2017-03-24 14:19:46 Use 0.000435 s

[ 2017-03-24T14:19:56+08:00 ] ::1 /eshop/index.php/Home/ShopManage/index.html
ERR: Cron:cron Runat 2017-03-24 14:19:56 Use 0.000356 s

[ 2017-03-24T14:20:31+08:00 ] ::1 /eshop/index.php/Home/ShopManage/index.html
ERR: Cron:cron Runat 2017-03-24 14:20:31 Use 0.000278 s

[ 2017-03-24T14:21:14+08:00 ] ::1 /eshop/index.php/Home/ShopManage/index.html
ERR: Cron:cron Runat 2017-03-24 14:21:14 Use 0.000494 s

[ 2017-03-24T14:21:26+08:00 ] ::1 /eshop/index.php/Home/ShopManage/index.html
ERR: Cron:cron Runat 2017-03-24 14:21:26 Use 0.000347 s

