[ 2017-04-05T09:48:42+08:00 ] ::1 /eshop/index.php/Home/Good/onsale.html
ERR: Cron:cron Runat 2017-04-05 09:48:42 Use 0.000916 s

[ 2017-04-05T09:49:01+08:00 ] ::1 /eshop/index.php/Home/Good/info/id/15.html
ERR: Cron:cron Runat 2017-04-05 09:49:01 Use 0.000734 s

[ 2017-04-05T09:49:03+08:00 ] ::1 /eshop/index.php/Home/Good/info/id/15.html
ERR: Cron:cron Runat 2017-04-05 09:49:03 Use 0.000712 s

[ 2017-04-05T09:50:45+08:00 ] ::1 /eshop/index.php/ShoppingCart/index.html
ERR: Cron:cron Runat 2017-04-05 09:50:45 Use 0.000721 s

[ 2017-04-05T09:52:48+08:00 ] ::1 /eshop/index.php/Home/Good/illegal.html
ERR: Cron:cron Runat 2017-04-05 09:52:48 Use 0.001418 s

[ 2017-04-05T09:53:47+08:00 ] ::1 /eshop/index.php/Home/Good/illegal.html
ERR: Cron:cron Runat 2017-04-05 09:53:47 Use 0.000588 s

[ 2017-04-05T09:54:52+08:00 ] ::1 /eshop/index.php/Home/Good/illegal.html
ERR: Cron:cron Runat 2017-04-05 09:54:52 Use 0.000729 s

[ 2017-04-05T09:54:54+08:00 ] ::1 /eshop/index.php/Home/ShopOrders/waitPay.html
ERR: Cron:cron Runat 2017-04-05 09:54:54 Use 0.000533 s

[ 2017-04-05T09:56:11+08:00 ] ::1 /eshop/index.php/Home/Good/illegal.html
ERR: Cron:cron Runat 2017-04-05 09:56:11 Use 0.000505 s

[ 2017-04-05T09:56:14+08:00 ] ::1 /eshop/index.php/Home/ShopOrders/waitPay.html
ERR: Cron:cron Runat 2017-04-05 09:56:14 Use 0.000483 s

[ 2017-04-05T09:56:16+08:00 ] ::1 /eshop/index.php/Home/ShopOrders/waitDelivery.html
ERR: Cron:cron Runat 2017-04-05 09:56:16 Use 0.000510 s

[ 2017-04-05T09:56:16+08:00 ] ::1 /eshop/index.php/Home/ShopOrders/waitDelivery.html
ERR: 模板不存在:./App/Home/View/default/ShopOrders/waitDelivery.html

[ 2017-04-05T09:57:47+08:00 ] ::1 /eshop/index.php/Home/ShopOrders/waitPay.html
ERR: Cron:cron Runat 2017-04-05 09:57:47 Use 0.000816 s

[ 2017-04-05T09:57:51+08:00 ] ::1 /eshop/index.php/Home/ShopOrders/index.html
ERR: Cron:cron Runat 2017-04-05 09:57:51 Use 0.000613 s

[ 2017-04-05T09:57:51+08:00 ] ::1 /eshop/index.php/Home/ShopOrders/index.html
ERR: 非法操作:index

[ 2017-04-05T09:58:27+08:00 ] ::1 /eshop/index.php/Home/ShopOrders/waitPay.html
ERR: Cron:cron Runat 2017-04-05 09:58:27 Use 0.000593 s

[ 2017-04-05T09:58:30+08:00 ] ::1 /eshop/index.php/Home/Index/index.html
ERR: Cron:cron Runat 2017-04-05 09:58:30 Use 0.001208 s

[ 2017-04-05T09:58:49+08:00 ] ::1 /eshop/index.php/Home/ShopOrders/waitPay.html
ERR: Cron:cron Runat 2017-04-05 09:58:49 Use 0.000588 s

[ 2017-04-05T09:59:55+08:00 ] ::1 /eshop/index.php/Home/ShopOrders/waitPay.html
ERR: Cron:cron Runat 2017-04-05 09:59:55 Use 0.000560 s

[ 2017-04-05T10:00:17+08:00 ] ::1 /eshop/index.php/Home/ShopOrders/waitPay.html
ERR: Cron:cron Runat 2017-04-05 10:00:17 Use 0.000558 s

[ 2017-04-05T10:01:17+08:00 ] ::1 /eshop/index.php/Home/ShopOrders/waitPay.html
ERR: Cron:cron Runat 2017-04-05 10:01:17 Use 0.000604 s

[ 2017-04-05T10:05:16+08:00 ] ::1 /eshop/index.php/Home/ShopOrders/waitPay.html
ERR: Cron:cron Runat 2017-04-05 10:05:16 Use 0.000888 s

[ 2017-04-05T10:05:47+08:00 ] ::1 /eshop/index.php/Home/ShopOrders/waitPay.html
ERR: Cron:cron Runat 2017-04-05 10:05:47 Use 0.000502 s

[ 2017-04-05T10:06:17+08:00 ] ::1 /eshop/index.php/Home/ShopOrders/waitPay.html
ERR: Cron:cron Runat 2017-04-05 10:06:17 Use 0.000748 s

[ 2017-04-05T10:06:53+08:00 ] ::1 /eshop/index.php/Home/ShopOrders/waitPay.html
ERR: Cron:cron Runat 2017-04-05 10:06:53 Use 0.000556 s

[ 2017-04-05T10:07:19+08:00 ] ::1 /eshop/index.php/Home/ShopOrders/waitPay.html
ERR: Cron:cron Runat 2017-04-05 10:07:19 Use 0.000662 s

[ 2017-04-05T10:07:39+08:00 ] ::1 /eshop/index.php/Home/ShopOrders/waitPay.html
ERR: Cron:cron Runat 2017-04-05 10:07:39 Use 0.000552 s

[ 2017-04-05T10:10:57+08:00 ] ::1 /eshop/index.php/Home/ShopOrders/waitPay.html
ERR: Cron:cron Runat 2017-04-05 10:10:57 Use 0.000743 s

[ 2017-04-05T10:11:17+08:00 ] ::1 /eshop/index.php/Home/ShopOrders/waitPay.html
ERR: Cron:cron Runat 2017-04-05 10:11:17 Use 0.000735 s

[ 2017-04-05T10:11:32+08:00 ] ::1 /eshop/index.php/Home/ShopOrders/waitPay.html
ERR: Cron:cron Runat 2017-04-05 10:11:32 Use 0.001103 s

[ 2017-04-05T10:11:40+08:00 ] ::1 /eshop/index.php/Home/ShopOrders/waitPay.html
ERR: Cron:cron Runat 2017-04-05 10:11:40 Use 0.000472 s

[ 2017-04-05T10:12:14+08:00 ] ::1 /eshop/index.php/Home/ShopOrders/waitPay.html
ERR: Cron:cron Runat 2017-04-05 10:12:14 Use 0.000781 s

[ 2017-04-05T10:13:31+08:00 ] ::1 /eshop/index.php/Home/ShopOrders/waitPay.html
ERR: Cron:cron Runat 2017-04-05 10:13:31 Use 0.000588 s

[ 2017-04-05T10:16:27+08:00 ] ::1 /eshop/index.php/Home/ShopOrders/waitPay.html
ERR: Cron:cron Runat 2017-04-05 10:16:27 Use 0.000678 s

[ 2017-04-05T10:17:26+08:00 ] ::1 /eshop/index.php/Home/ShopOrders/waitPay.html
ERR: Cron:cron Runat 2017-04-05 10:17:26 Use 0.000735 s

[ 2017-04-05T10:21:05+08:00 ] ::1 /eshop/index.php/Home/ShopOrders/waitPay.html
ERR: Cron:cron Runat 2017-04-05 10:21:05 Use 0.000512 s

[ 2017-04-05T10:21:51+08:00 ] ::1 /eshop/index.php/Home/ShopOrders/waitPay.html
ERR: Cron:cron Runat 2017-04-05 10:21:51 Use 0.000738 s

[ 2017-04-05T10:24:09+08:00 ] ::1 /eshop/index.php/Home/ShopOrders/waitPay.html
ERR: Cron:cron Runat 2017-04-05 10:24:09 Use 0.000481 s

[ 2017-04-05T10:24:36+08:00 ] ::1 /eshop/index.php/Home/ShopOrders/waitPay.html
ERR: Cron:cron Runat 2017-04-05 10:24:36 Use 0.000482 s

[ 2017-04-05T10:24:52+08:00 ] ::1 /eshop/index.php/Home/ShopOrders/waitPay.html
ERR: Cron:cron Runat 2017-04-05 10:24:52 Use 0.000715 s

[ 2017-04-05T10:34:38+08:00 ] ::1 /eshop/index.php/Home/ShopOrders/waitPay.html
ERR: Cron:cron Runat 2017-04-05 10:34:38 Use 0.000433 s

[ 2017-04-05T10:34:52+08:00 ] ::1 /eshop/index.php/Home/ShopOrders/waitPay.html
ERR: Cron:cron Runat 2017-04-05 10:34:52 Use 0.000758 s

[ 2017-04-05T10:35:02+08:00 ] ::1 /eshop/index.php/Home/ShopOrders/waitPay.html
ERR: Cron:cron Runat 2017-04-05 10:35:02 Use 0.000477 s

[ 2017-04-05T10:35:16+08:00 ] ::1 /eshop/index.php/Home/ShopOrders/waitPay.html
ERR: Cron:cron Runat 2017-04-05 10:35:16 Use 0.000519 s

[ 2017-04-05T10:35:40+08:00 ] ::1 /eshop/index.php/Home/ShopOrders/waitPay.html
ERR: Cron:cron Runat 2017-04-05 10:35:40 Use 0.000645 s

[ 2017-04-05T10:36:22+08:00 ] ::1 /eshop/index.php/Home/ShopOrders/waitPay.html
ERR: Cron:cron Runat 2017-04-05 10:36:22 Use 0.000798 s

[ 2017-04-05T10:36:53+08:00 ] ::1 /eshop/index.php/Home/ShopOrders/waitPay.html
ERR: Cron:cron Runat 2017-04-05 10:36:53 Use 0.000532 s

[ 2017-04-05T10:37:29+08:00 ] ::1 /eshop/index.php/Home/ShopOrders/waitPay.html
ERR: Cron:cron Runat 2017-04-05 10:37:29 Use 0.000541 s

[ 2017-04-05T10:37:48+08:00 ] ::1 /eshop/index.php/Home/ShopOrders/waitPay.html
ERR: Cron:cron Runat 2017-04-05 10:37:48 Use 0.000482 s

[ 2017-04-05T10:38:26+08:00 ] ::1 /eshop/index.php/Home/ShopOrders/waitPay.html
ERR: Cron:cron Runat 2017-04-05 10:38:26 Use 0.000743 s

[ 2017-04-05T10:38:43+08:00 ] ::1 /eshop/index.php/Home/ShopOrders/waitPay.html
ERR: Cron:cron Runat 2017-04-05 10:38:43 Use 0.000690 s

[ 2017-04-05T10:39:09+08:00 ] ::1 /eshop/index.php/Home/ShopOrders/waitPay.html
ERR: Cron:cron Runat 2017-04-05 10:39:09 Use 0.000527 s

[ 2017-04-05T10:39:23+08:00 ] ::1 /eshop/index.php/Home/ShopOrders/waitPay.html
ERR: Cron:cron Runat 2017-04-05 10:39:23 Use 0.000748 s

[ 2017-04-05T10:39:35+08:00 ] ::1 /eshop/index.php/Home/ShopOrders/waitPay.html
ERR: Cron:cron Runat 2017-04-05 10:39:35 Use 0.000507 s

[ 2017-04-05T10:40:19+08:00 ] ::1 /eshop/index.php/Home/ShopOrders/waitPay.html
ERR: Cron:cron Runat 2017-04-05 10:40:19 Use 0.000904 s

[ 2017-04-05T10:41:45+08:00 ] ::1 /eshop/index.php/Home/ShopOrders/waitPay.html
ERR: Cron:cron Runat 2017-04-05 10:41:45 Use 0.000755 s

[ 2017-04-05T10:43:28+08:00 ] ::1 /eshop/index.php/Home/ShopOrders/waitPay.html
ERR: Cron:cron Runat 2017-04-05 10:43:28 Use 0.000483 s

[ 2017-04-05T10:44:21+08:00 ] ::1 /eshop/index.php/Home/ShopOrders/waitPay.html
ERR: Cron:cron Runat 2017-04-05 10:44:21 Use 0.000481 s

[ 2017-04-05T10:46:42+08:00 ] ::1 /eshop/index.php/Home/ShopOrders/waitPay.html
ERR: Cron:cron Runat 2017-04-05 10:46:42 Use 0.000649 s

[ 2017-04-05T10:48:28+08:00 ] ::1 /eshop/index.php/Home/ShopOrders/waitPay.html
ERR: Cron:cron Runat 2017-04-05 10:48:28 Use 0.000477 s

[ 2017-04-05T10:49:16+08:00 ] ::1 /eshop/index.php/Home/ShopOrders/waitPay.html
ERR: Cron:cron Runat 2017-04-05 10:49:16 Use 0.000528 s

[ 2017-04-05T10:49:29+08:00 ] ::1 /eshop/index.php/Home/ShopOrders/waitPay.html
ERR: Cron:cron Runat 2017-04-05 10:49:29 Use 0.000764 s

[ 2017-04-05T10:50:52+08:00 ] ::1 /eshop/index.php/Home/ShopOrders/waitPay.html
ERR: Cron:cron Runat 2017-04-05 10:50:52 Use 0.000712 s

[ 2017-04-05T10:52:08+08:00 ] ::1 /eshop/index.php/Home/ShopOrders/waitPay.html
ERR: Cron:cron Runat 2017-04-05 10:52:08 Use 0.000494 s

[ 2017-04-05T10:53:15+08:00 ] ::1 /eshop/index.php/Home/ShopOrders/waitPay.html
ERR: Cron:cron Runat 2017-04-05 10:53:15 Use 0.000495 s

[ 2017-04-05T10:54:39+08:00 ] ::1 /eshop/index.php/Home/ShopOrders/waitPay.html
ERR: Cron:cron Runat 2017-04-05 10:54:39 Use 0.000517 s

[ 2017-04-05T10:55:39+08:00 ] ::1 /eshop/index.php/Home/ShopOrders/waitPay.html
ERR: Cron:cron Runat 2017-04-05 10:55:39 Use 0.000716 s

[ 2017-04-05T10:57:21+08:00 ] ::1 /eshop/index.php/Home/ShopOrders/waitPay.html
ERR: Cron:cron Runat 2017-04-05 10:57:21 Use 0.000489 s

[ 2017-04-05T10:57:49+08:00 ] ::1 /eshop/index.php/Home/ShopOrders/waitPay.html
ERR: Cron:cron Runat 2017-04-05 10:57:49 Use 0.000643 s

[ 2017-04-05T10:58:23+08:00 ] ::1 /eshop/index.php/Home/ShopOrders/waitPay.html
ERR: Cron:cron Runat 2017-04-05 10:58:23 Use 0.000464 s

[ 2017-04-05T10:59:50+08:00 ] ::1 /eshop/index.php/Home/ShopOrders/waitPay.html
ERR: Cron:cron Runat 2017-04-05 10:59:50 Use 0.000648 s

[ 2017-04-05T11:01:50+08:00 ] ::1 /eshop/index.php/Home/ShopOrders/waitPay.html
ERR: Cron:cron Runat 2017-04-05 11:01:50 Use 0.000463 s

[ 2017-04-05T11:03:05+08:00 ] ::1 /eshop/index.php/Home/ShopOrders/waitPay.html
ERR: Cron:cron Runat 2017-04-05 11:03:05 Use 0.000536 s

[ 2017-04-05T11:03:20+08:00 ] ::1 /eshop/index.php/Home/ShopOrders/waitPay.html
ERR: Cron:cron Runat 2017-04-05 11:03:20 Use 0.001254 s

[ 2017-04-05T11:04:42+08:00 ] ::1 /eshop/index.php/Home/ShopOrders/waitPay.html
ERR: Cron:cron Runat 2017-04-05 11:04:42 Use 0.000486 s

[ 2017-04-05T11:05:16+08:00 ] ::1 /eshop/index.php/Home/ShopOrders/waitPay.html
ERR: Cron:cron Runat 2017-04-05 11:05:16 Use 0.000497 s

[ 2017-04-05T11:05:37+08:00 ] ::1 /eshop/index.php/Home/ShopOrders/waitPay.html
ERR: Cron:cron Runat 2017-04-05 11:05:37 Use 0.000471 s

[ 2017-04-05T11:06:11+08:00 ] ::1 /eshop/index.php/Home/ShopOrders/waitPay.html
ERR: Cron:cron Runat 2017-04-05 11:06:11 Use 0.000724 s

[ 2017-04-05T11:07:22+08:00 ] ::1 /eshop/index.php/Home/ShopOrders/waitPay.html
ERR: Cron:cron Runat 2017-04-05 11:07:22 Use 0.000475 s

[ 2017-04-05T11:07:38+08:00 ] ::1 /eshop/index.php/Home/ShopOrders/waitPay.html
ERR: Cron:cron Runat 2017-04-05 11:07:38 Use 0.000574 s

[ 2017-04-05T11:08:14+08:00 ] ::1 /eshop/index.php/Home/ShopOrders/waitPay.html
ERR: Cron:cron Runat 2017-04-05 11:08:14 Use 0.000538 s

[ 2017-04-05T11:09:04+08:00 ] ::1 /eshop/index.php/Home/ShopOrders/waitPay.html
ERR: Cron:cron Runat 2017-04-05 11:09:04 Use 0.000517 s

[ 2017-04-05T11:09:24+08:00 ] ::1 /eshop/index.php/Home/ShopOrders/waitPay.html
ERR: Cron:cron Runat 2017-04-05 11:09:24 Use 0.001084 s

[ 2017-04-05T11:10:35+08:00 ] ::1 /eshop/index.php/Home/ShopOrders/waitPay.html
ERR: Cron:cron Runat 2017-04-05 11:10:35 Use 0.000556 s

[ 2017-04-05T11:10:58+08:00 ] ::1 /eshop/index.php/Home/ShopOrders/waitPay.html
ERR: Cron:cron Runat 2017-04-05 11:10:58 Use 0.000691 s

[ 2017-04-05T11:12:15+08:00 ] ::1 /eshop/index.php/Home/ShopOrders/waitPay.html
ERR: Cron:cron Runat 2017-04-05 11:12:15 Use 0.000718 s

[ 2017-04-05T11:12:38+08:00 ] ::1 /eshop/index.php/Home/ShopOrders/waitPay.html
ERR: Cron:cron Runat 2017-04-05 11:12:38 Use 0.000573 s

[ 2017-04-05T11:13:33+08:00 ] ::1 /eshop/index.php/Home/ShopOrders/waitPay.html
ERR: Cron:cron Runat 2017-04-05 11:13:33 Use 0.000531 s

[ 2017-04-05T11:14:19+08:00 ] ::1 /eshop/index.php/Home/ShopOrders/waitPay.html
ERR: Cron:cron Runat 2017-04-05 11:14:19 Use 0.000533 s

[ 2017-04-05T11:14:28+08:00 ] ::1 /eshop/index.php/Home/ShopOrders/waitPay.html
ERR: Cron:cron Runat 2017-04-05 11:14:28 Use 0.000466 s

[ 2017-04-05T11:15:26+08:00 ] ::1 /eshop/index.php/Home/ShopOrders/waitPay.html
ERR: Cron:cron Runat 2017-04-05 11:15:26 Use 0.000586 s

[ 2017-04-05T11:16:02+08:00 ] ::1 /eshop/index.php/Home/ShopOrders/waitPay.html
ERR: Cron:cron Runat 2017-04-05 11:16:02 Use 0.000483 s

[ 2017-04-05T11:17:04+08:00 ] ::1 /eshop/index.php/Home/ShopOrders/waitPay.html
ERR: Cron:cron Runat 2017-04-05 11:17:04 Use 0.000496 s

[ 2017-04-05T11:19:20+08:00 ] ::1 /eshop/index.php/Home/ShopOrders/waitPay.html
ERR: Cron:cron Runat 2017-04-05 11:19:20 Use 0.000709 s

[ 2017-04-05T11:22:18+08:00 ] ::1 /eshop/index.php/Home/ShopOrders/waitPay.html
ERR: Cron:cron Runat 2017-04-05 11:22:18 Use 0.000919 s

[ 2017-04-05T11:22:48+08:00 ] ::1 /eshop/index.php/Home/ShopOrders/waitPay.html
ERR: Cron:cron Runat 2017-04-05 11:22:48 Use 0.000614 s

[ 2017-04-05T11:22:58+08:00 ] ::1 /eshop/index.php/Home/ShopOrders/waitPay.html
ERR: Cron:cron Runat 2017-04-05 11:22:58 Use 0.000764 s

[ 2017-04-05T11:23:37+08:00 ] ::1 /eshop/index.php/Home/ShopOrders/waitPay.html
ERR: Cron:cron Runat 2017-04-05 11:23:37 Use 0.000485 s

[ 2017-04-05T11:24:44+08:00 ] ::1 /eshop/index.php/Home/ShopOrders/waitPay.html
ERR: Cron:cron Runat 2017-04-05 11:24:44 Use 0.000532 s

[ 2017-04-05T11:25:21+08:00 ] ::1 /eshop/index.php/Home/ShopOrders/waitPay.html
ERR: Cron:cron Runat 2017-04-05 11:25:21 Use 0.000545 s

[ 2017-04-05T11:25:53+08:00 ] ::1 /eshop/index.php/Home/ShopOrders/waitPay.html
ERR: Cron:cron Runat 2017-04-05 11:25:53 Use 0.000474 s

[ 2017-04-05T11:26:10+08:00 ] ::1 /eshop/index.php/Home/ShopOrders/waitPay.html
ERR: Cron:cron Runat 2017-04-05 11:26:10 Use 0.000653 s

[ 2017-04-05T11:27:32+08:00 ] ::1 /eshop/index.php/Home/Good/audit.html
ERR: Cron:cron Runat 2017-04-05 11:27:32 Use 0.000558 s

[ 2017-04-05T11:29:36+08:00 ] ::1 /eshop/index.php/Home/ShopOrders/waitPay.html
ERR: Cron:cron Runat 2017-04-05 11:29:36 Use 0.000505 s

[ 2017-04-05T11:29:49+08:00 ] ::1 /eshop/index.php/Home/ShopOrders/waitPay.html
ERR: Cron:cron Runat 2017-04-05 11:29:49 Use 0.000468 s

[ 2017-04-05T11:30:07+08:00 ] ::1 /eshop/index.php/Home/ShopOrders/waitPay.html
ERR: Cron:cron Runat 2017-04-05 11:30:07 Use 0.000466 s

[ 2017-04-05T11:30:15+08:00 ] ::1 /eshop/index.php/Home/ShopOrders/waitPay.html
ERR: Cron:cron Runat 2017-04-05 11:30:15 Use 0.000530 s

[ 2017-04-05T11:31:55+08:00 ] ::1 /eshop/index.php/Home/ShopOrders/waitPay.html
ERR: Cron:cron Runat 2017-04-05 11:31:55 Use 0.000541 s

[ 2017-04-05T11:32:28+08:00 ] ::1 /eshop/index.php/Home/Good/onsale.html
ERR: Cron:cron Runat 2017-04-05 11:32:28 Use 0.000478 s

[ 2017-04-05T11:32:46+08:00 ] ::1 /eshop/index.php/Home/ShopOrders/waitPay.html
ERR: Cron:cron Runat 2017-04-05 11:32:46 Use 0.000451 s

[ 2017-04-05T11:33:43+08:00 ] ::1 /eshop/index.php/Home/ShopOrders/waitPay.html
ERR: Cron:cron Runat 2017-04-05 11:33:43 Use 0.000643 s

[ 2017-04-05T11:34:03+08:00 ] ::1 /eshop/index.php/Home/ShopOrders/waitPay.html
ERR: Cron:cron Runat 2017-04-05 11:34:03 Use 0.000739 s

[ 2017-04-05T11:37:12+08:00 ] ::1 /eshop/index.php/Home/ShopOrders/waitPay.html
ERR: Cron:cron Runat 2017-04-05 11:37:12 Use 0.000711 s

[ 2017-04-05T11:37:22+08:00 ] ::1 /eshop/index.php/Home/ShopOrders/waitPay.html
ERR: Cron:cron Runat 2017-04-05 11:37:22 Use 0.000727 s

[ 2017-04-05T11:37:47+08:00 ] ::1 /eshop/index.php/Home/ShopOrders/waitPay.html
ERR: Cron:cron Runat 2017-04-05 11:37:47 Use 0.000472 s

[ 2017-04-05T11:37:59+08:00 ] ::1 /eshop/index.php/Home/ShopOrders/waitPay.html
ERR: Cron:cron Runat 2017-04-05 11:37:59 Use 0.000437 s

[ 2017-04-05T11:39:14+08:00 ] ::1 /eshop/index.php/Home/ShopOrders/waitPay.html
ERR: Cron:cron Runat 2017-04-05 11:39:14 Use 0.000519 s

[ 2017-04-05T11:39:47+08:00 ] ::1 /eshop/index.php/Home/ShopOrders/waitPay.html
ERR: Cron:cron Runat 2017-04-05 11:39:47 Use 0.000550 s

[ 2017-04-05T11:40:24+08:00 ] ::1 /eshop/index.php/Home/Good/onsale.html
ERR: Cron:cron Runat 2017-04-05 11:40:24 Use 0.000544 s

[ 2017-04-05T11:42:03+08:00 ] ::1 /eshop/index.php/Home/ShopOrders/waitPay.html
ERR: Cron:cron Runat 2017-04-05 11:42:03 Use 0.000487 s

[ 2017-04-05T11:42:25+08:00 ] ::1 /eshop/index.php/Home/ShopOrders/waitPay.html
ERR: Cron:cron Runat 2017-04-05 11:42:25 Use 0.000672 s

[ 2017-04-05T11:42:39+08:00 ] ::1 /eshop/index.php/Home/Good/illegal.html
ERR: Cron:cron Runat 2017-04-05 11:42:39 Use 0.000585 s

[ 2017-04-05T11:42:42+08:00 ] ::1 /eshop/index.php/Home/Good/store.html
ERR: Cron:cron Runat 2017-04-05 11:42:42 Use 0.000594 s

[ 2017-04-05T11:44:39+08:00 ] ::1 /eshop/index.php/Home/ShopOrders/waitPay.html
ERR: Cron:cron Runat 2017-04-05 11:44:39 Use 0.000464 s

[ 2017-04-05T11:45:33+08:00 ] ::1 /eshop/index.php/Home/ShopOrders/waitPay.html
ERR: Cron:cron Runat 2017-04-05 11:45:33 Use 0.000569 s

[ 2017-04-05T11:45:41+08:00 ] ::1 /eshop/index.php/Home/ShopOrders/waitPay.html
ERR: Cron:cron Runat 2017-04-05 11:45:41 Use 0.000784 s

[ 2017-04-05T11:46:23+08:00 ] ::1 /eshop/index.php/Home/ShopOrders/waitPay.html
ERR: Cron:cron Runat 2017-04-05 11:46:23 Use 0.000336 s

[ 2017-04-05T11:47:33+08:00 ] ::1 /eshop/index.php/Home/ShopOrders/waitPay.html
ERR: Cron:cron Runat 2017-04-05 11:47:33 Use 0.000297 s

[ 2017-04-05T11:48:18+08:00 ] ::1 /eshop/index.php/Home/ShopOrders/waitPay.html
ERR: Cron:cron Runat 2017-04-05 11:48:18 Use 0.000367 s

[ 2017-04-05T11:48:44+08:00 ] ::1 /eshop/index.php/Home/ShopOrders/waitPay.html
ERR: Cron:cron Runat 2017-04-05 11:48:44 Use 0.000340 s

[ 2017-04-05T11:49:16+08:00 ] ::1 /eshop/index.php/Home/ShopOrders/waitPay.html
ERR: Cron:cron Runat 2017-04-05 11:49:16 Use 0.000292 s

[ 2017-04-05T11:50:22+08:00 ] ::1 /eshop/index.php/Home/ShopOrders/waitPay.html
ERR: Cron:cron Runat 2017-04-05 11:50:22 Use 0.000342 s

[ 2017-04-05T11:50:24+08:00 ] ::1 /eshop/index.php/Home/ShopOrders/waitDelivery.html
ERR: Cron:cron Runat 2017-04-05 11:50:24 Use 0.000371 s

[ 2017-04-05T11:50:59+08:00 ] ::1 /eshop/index.php/Home/ShopOrders/waitDelivery.html
ERR: Cron:cron Runat 2017-04-05 11:50:59 Use 0.000389 s

[ 2017-04-05T11:51:39+08:00 ] ::1 /eshop/index.php/Home/ShopOrders/waitDelivery.html
ERR: Cron:cron Runat 2017-04-05 11:51:39 Use 0.000374 s

[ 2017-04-05T11:52:05+08:00 ] ::1 /eshop/index.php/Home/ShopOrders/waitDelivery.html
ERR: Cron:cron Runat 2017-04-05 11:52:05 Use 0.000410 s

[ 2017-04-05T11:52:18+08:00 ] ::1 /eshop/index.php/Home/ShopOrders/waitDelivery.html
ERR: Cron:cron Runat 2017-04-05 11:52:18 Use 0.000372 s

[ 2017-04-05T11:52:55+08:00 ] ::1 /eshop/index.php/Home/ShopOrders/waitDelivery.html
ERR: Cron:cron Runat 2017-04-05 11:52:55 Use 0.000784 s

[ 2017-04-05T11:53:36+08:00 ] ::1 /eshop/index.php/Home/ShopOrders/waitDelivery.html
ERR: Cron:cron Runat 2017-04-05 11:53:36 Use 0.000337 s

[ 2017-04-05T11:55:45+08:00 ] ::1 /eshop/index.php/Home/ShopOrders/waitDelivery.html
ERR: Cron:cron Runat 2017-04-05 11:55:45 Use 0.000312 s

[ 2017-04-05T11:55:47+08:00 ] ::1 /eshop/index.php/Home/ShopOrders/delivered.html
ERR: Cron:cron Runat 2017-04-05 11:55:47 Use 0.000974 s

[ 2017-04-05T11:56:27+08:00 ] ::1 /eshop/index.php/Home/ShopOrders/delivered.html
ERR: Cron:cron Runat 2017-04-05 11:56:27 Use 0.000442 s

[ 2017-04-05T11:57:19+08:00 ] ::1 /eshop/index.php/Home/ShopOrders/delivered.html
ERR: Cron:cron Runat 2017-04-05 11:57:19 Use 0.000447 s

[ 2017-04-05T11:58:02+08:00 ] ::1 /eshop/index.php/Home/ShopOrders/delivered.html
ERR: Cron:cron Runat 2017-04-05 11:58:02 Use 0.001218 s

[ 2017-04-05T11:59:35+08:00 ] ::1 /eshop/index.php/Home/ShopOrders/waitDelivery.html
ERR: Cron:cron Runat 2017-04-05 11:59:35 Use 0.000386 s

[ 2017-04-05T11:59:38+08:00 ] ::1 /eshop/index.php/Home/ShopOrders/waitPay.html
ERR: Cron:cron Runat 2017-04-05 11:59:38 Use 0.000290 s

[ 2017-04-05T11:59:41+08:00 ] ::1 /eshop/index.php/Home/ShopOrders/finished.html
ERR: Cron:cron Runat 2017-04-05 11:59:41 Use 0.000418 s

[ 2017-04-05T11:59:41+08:00 ] ::1 /eshop/index.php/Home/ShopOrders/finished.html
ERR: 模板不存在:./App/Home/View/default/ShopOrders/finished.html

[ 2017-04-05T12:01:33+08:00 ] ::1 /eshop/index.php/Home/ShopOrders/waitPay.html
ERR: Cron:cron Runat 2017-04-05 12:01:33 Use 0.000370 s

[ 2017-04-05T12:01:35+08:00 ] ::1 /eshop/index.php/Home/ShopOrders/delivered.html
ERR: Cron:cron Runat 2017-04-05 12:01:35 Use 0.000455 s

[ 2017-04-05T12:01:40+08:00 ] ::1 /eshop/index.php/Home/ShopOrders/finished.html
ERR: Cron:cron Runat 2017-04-05 12:01:40 Use 0.000383 s

[ 2017-04-05T12:02:13+08:00 ] ::1 /eshop/index.php/Home/ShopOrders/finished.html
ERR: Cron:cron Runat 2017-04-05 12:02:13 Use 0.000387 s

[ 2017-04-05T12:02:25+08:00 ] ::1 /eshop/index.php/Home/ShopOrders/finished.html
ERR: Cron:cron Runat 2017-04-05 12:02:25 Use 0.000389 s

[ 2017-04-05T12:04:11+08:00 ] ::1 /eshop/index.php/Home/ShopOrders/finished.html
ERR: Cron:cron Runat 2017-04-05 12:04:11 Use 0.000390 s

[ 2017-04-05T12:04:31+08:00 ] ::1 /eshop/index.php/Home/ShopOrders/finished.html
ERR: Cron:cron Runat 2017-04-05 12:04:31 Use 0.000359 s

[ 2017-04-05T12:05:41+08:00 ] ::1 /eshop/index.php/Home/ShopOrders/failure.html
ERR: Cron:cron Runat 2017-04-05 12:05:41 Use 0.000373 s

[ 2017-04-05T12:05:43+08:00 ] ::1 /eshop/index.php/Home/ShopOrders/complaint.html
ERR: Cron:cron Runat 2017-04-05 12:05:43 Use 0.000303 s

[ 2017-04-05T12:05:43+08:00 ] ::1 /eshop/index.php/Home/ShopOrders/complaint.html
ERR: 模板不存在:./App/Home/View/default/ShopOrders/complaint.html

[ 2017-04-05T12:06:01+08:00 ] ::1 /eshop/index.php/Home/ShopOrders/failure.html
ERR: Cron:cron Runat 2017-04-05 12:06:01 Use 0.000271 s

[ 2017-04-05T12:09:15+08:00 ] ::1 /eshop/index.php/Home/ShopOrders/failure.html
ERR: Cron:cron Runat 2017-04-05 12:09:15 Use 0.000287 s

[ 2017-04-05T12:12:06+08:00 ] ::1 /eshop/index.php/Home/ShopOrders/failure.html
ERR: Cron:cron Runat 2017-04-05 12:12:06 Use 0.000283 s

[ 2017-04-05T12:12:11+08:00 ] ::1 /eshop/index.php/Home/ShopOrders/complaint.html
ERR: Cron:cron Runat 2017-04-05 12:12:11 Use 0.000360 s

[ 2017-04-05T12:12:11+08:00 ] ::1 /eshop/index.php/Home/ShopOrders/complaint.html
ERR: 模板不存在:./App/Home/View/default/ShopOrders/complaint.html

[ 2017-04-05T12:12:44+08:00 ] ::1 /eshop/index.php/Home/ShopOrders/failure.html
ERR: Cron:cron Runat 2017-04-05 12:12:44 Use 0.000415 s

[ 2017-04-05T12:13:00+08:00 ] ::1 /eshop/index.php/Home/ShopOrders/failure.html
ERR: Cron:cron Runat 2017-04-05 12:13:00 Use 0.000383 s

[ 2017-04-05T13:15:37+08:00 ] ::1 /eshop/index.php/Home/Good/info/id/15.html
ERR: Cron:cron Runat 2017-04-05 13:15:37 Use 0.000360 s

[ 2017-04-05T13:16:48+08:00 ] ::1 /eshop/index.php/Home/Good/info/id/15.html
ERR: Cron:cron Runat 2017-04-05 13:16:48 Use 0.000384 s

[ 2017-04-05T13:17:32+08:00 ] ::1 /eshop/index.php/Home/Good/info/id/15.html
ERR: Cron:cron Runat 2017-04-05 13:17:32 Use 0.000351 s

[ 2017-04-05T13:17:48+08:00 ] ::1 /eshop/index.php/Home/ShopOrders/failure.html
ERR: Cron:cron Runat 2017-04-05 13:17:48 Use 0.000587 s

[ 2017-04-05T13:19:07+08:00 ] ::1 /eshop/index.php/Home/ShopOrders/failure.html
ERR: Cron:cron Runat 2017-04-05 13:19:07 Use 0.000987 s

[ 2017-04-05T13:20:09+08:00 ] ::1 /eshop/index.php/Home/ShopOrders/failure.html
ERR: Cron:cron Runat 2017-04-05 13:20:09 Use 0.000416 s

[ 2017-04-05T13:20:11+08:00 ] ::1 /eshop/index.php/Home/ShopOrders/orderDetail.html
ERR: Cron:cron Runat 2017-04-05 13:20:11 Use 0.000367 s

[ 2017-04-05T13:20:45+08:00 ] ::1 /eshop/index.php/Home/ShopOrders/failure.html
ERR: Cron:cron Runat 2017-04-05 13:20:45 Use 0.000318 s

[ 2017-04-05T13:20:51+08:00 ] ::1 /eshop/index.php/Home/ShopOrders/failure.html
ERR: Cron:cron Runat 2017-04-05 13:20:51 Use 0.000419 s

[ 2017-04-05T13:21:18+08:00 ] ::1 /eshop/index.php/Home/ShopOrders/failure.html
ERR: Cron:cron Runat 2017-04-05 13:21:18 Use 0.000357 s

[ 2017-04-05T13:23:16+08:00 ] ::1 /eshop/index.php/Home/ShopOrders/orderDetail.html
ERR: Cron:cron Runat 2017-04-05 13:23:16 Use 0.000376 s

[ 2017-04-05T13:24:28+08:00 ] ::1 /eshop/index.php/Home/ShopOrders/orderDetail.html
ERR: Cron:cron Runat 2017-04-05 13:24:28 Use 0.000407 s

[ 2017-04-05T13:25:08+08:00 ] ::1 /eshop/index.php/Home/ShopOrders/orderDetail.html
ERR: Cron:cron Runat 2017-04-05 13:25:08 Use 0.000374 s

[ 2017-04-05T13:25:16+08:00 ] ::1 /eshop/index.php/Home/ShopOrders/orderDetail.html
ERR: Cron:cron Runat 2017-04-05 13:25:16 Use 0.000370 s

[ 2017-04-05T13:31:46+08:00 ] ::1 /eshop/index.php/Home/ShopOrders/orderDetail.html
ERR: Cron:cron Runat 2017-04-05 13:31:46 Use 0.000375 s

[ 2017-04-05T13:34:13+08:00 ] ::1 /eshop/index.php/Home/ShopOrders/orderDetail.html
ERR: Cron:cron Runat 2017-04-05 13:34:13 Use 0.000295 s

[ 2017-04-05T13:34:35+08:00 ] ::1 /eshop/index.php/Home/ShopOrders/orderDetail.html
ERR: Cron:cron Runat 2017-04-05 13:34:35 Use 0.000437 s

[ 2017-04-05T13:35:37+08:00 ] ::1 /eshop/index.php/Home/ShopOrders/orderDetail.html
ERR: Cron:cron Runat 2017-04-05 13:35:37 Use 0.000386 s

[ 2017-04-05T13:35:55+08:00 ] ::1 /eshop/index.php/Home/ShopOrders/orderDetail.html
ERR: Cron:cron Runat 2017-04-05 13:35:55 Use 0.000295 s

[ 2017-04-05T13:36:04+08:00 ] ::1 /eshop/index.php/Home/ShopOrders/orderDetail.html
ERR: Cron:cron Runat 2017-04-05 13:36:04 Use 0.000397 s

[ 2017-04-05T13:36:38+08:00 ] ::1 /eshop/index.php/Home/ShopOrders/orderDetail.html
ERR: Cron:cron Runat 2017-04-05 13:36:38 Use 0.000359 s

[ 2017-04-05T13:36:59+08:00 ] ::1 /eshop/index.php/Home/ShopOrders/orderDetail.html
ERR: Cron:cron Runat 2017-04-05 13:36:59 Use 0.000438 s

[ 2017-04-05T13:37:47+08:00 ] ::1 /eshop/index.php/Home/ShopOrders/orderDetail.html
ERR: Cron:cron Runat 2017-04-05 13:37:47 Use 0.000394 s

[ 2017-04-05T13:37:54+08:00 ] ::1 /eshop/index.php/Home/ShopOrders/orderDetail.html
ERR: Cron:cron Runat 2017-04-05 13:37:54 Use 0.000365 s

[ 2017-04-05T13:38:14+08:00 ] ::1 /eshop/index.php/Home/ShopOrders/orderDetail.html
ERR: Cron:cron Runat 2017-04-05 13:38:14 Use 0.000436 s

[ 2017-04-05T13:38:26+08:00 ] ::1 /eshop/index.php/Home/ShopOrders/orderDetail.html
ERR: Cron:cron Runat 2017-04-05 13:38:26 Use 0.000381 s

[ 2017-04-05T13:40:03+08:00 ] ::1 /eshop/index.php/Home/ShopOrders/orderDetail.html
ERR: Cron:cron Runat 2017-04-05 13:40:03 Use 0.000913 s

[ 2017-04-05T13:40:10+08:00 ] ::1 /eshop/index.php/Home/ShopOrders/orderDetail.html
ERR: Cron:cron Runat 2017-04-05 13:40:10 Use 0.000404 s

[ 2017-04-05T13:40:36+08:00 ] ::1 /eshop/index.php/Home/ShopOrders/orderDetail.html
ERR: Cron:cron Runat 2017-04-05 13:40:36 Use 0.000353 s

[ 2017-04-05T13:40:47+08:00 ] ::1 /eshop/index.php/Home/ShopOrders/orderDetail.html
ERR: Cron:cron Runat 2017-04-05 13:40:47 Use 0.000419 s

[ 2017-04-05T13:40:52+08:00 ] ::1 /eshop/index.php/Home/ShopOrders/orderDetail.html
ERR: Cron:cron Runat 2017-04-05 13:40:52 Use 0.000361 s

[ 2017-04-05T13:45:55+08:00 ] ::1 /eshop/index.php/Home/ShopOrders/orderDetail.html
ERR: Cron:cron Runat 2017-04-05 13:45:55 Use 0.000380 s

[ 2017-04-05T13:46:30+08:00 ] ::1 /eshop/index.php/Home/ShopOrders/orderDetail.html
ERR: Cron:cron Runat 2017-04-05 13:46:30 Use 0.000438 s

[ 2017-04-05T13:46:37+08:00 ] ::1 /eshop/index.php/Home/ShopOrders/orderDetail.html
ERR: Cron:cron Runat 2017-04-05 13:46:37 Use 0.000349 s

[ 2017-04-05T13:47:10+08:00 ] ::1 /eshop/index.php/Home/ShopOrders/orderDetail.html
ERR: Cron:cron Runat 2017-04-05 13:47:10 Use 0.000407 s

[ 2017-04-05T13:47:19+08:00 ] ::1 /eshop/index.php/Home/ShopOrders/orderDetail.html
ERR: Cron:cron Runat 2017-04-05 13:47:19 Use 0.000345 s

[ 2017-04-05T13:47:47+08:00 ] ::1 /eshop/index.php/Home/ShopOrders/orderDetail.html
ERR: Cron:cron Runat 2017-04-05 13:47:47 Use 0.000365 s

[ 2017-04-05T13:48:05+08:00 ] ::1 /eshop/index.php/Home/ShopOrders/orderDetail.html
ERR: Cron:cron Runat 2017-04-05 13:48:05 Use 0.000375 s

[ 2017-04-05T13:48:19+08:00 ] ::1 /eshop/index.php/Home/ShopOrders/orderDetail.html
ERR: Cron:cron Runat 2017-04-05 13:48:19 Use 0.000399 s

[ 2017-04-05T13:49:03+08:00 ] ::1 /eshop/index.php/Home/ShopOrders/orderDetail.html
ERR: Cron:cron Runat 2017-04-05 13:49:03 Use 0.000343 s

[ 2017-04-05T13:49:20+08:00 ] ::1 /eshop/index.php/Home/ShopOrders/orderDetail.html
ERR: Cron:cron Runat 2017-04-05 13:49:20 Use 0.000339 s

[ 2017-04-05T13:49:38+08:00 ] ::1 /eshop/index.php/Home/ShopOrders/orderDetail.html
ERR: Cron:cron Runat 2017-04-05 13:49:38 Use 0.000382 s

[ 2017-04-05T13:49:59+08:00 ] ::1 /eshop/index.php/Home/ShopOrders/orderDetail.html
ERR: Cron:cron Runat 2017-04-05 13:49:59 Use 0.000355 s

[ 2017-04-05T13:50:16+08:00 ] ::1 /eshop/index.php/Home/ShopOrders/orderDetail.html
ERR: Cron:cron Runat 2017-04-05 13:50:16 Use 0.000418 s

[ 2017-04-05T13:50:35+08:00 ] ::1 /eshop/index.php/Home/ShopOrders/orderDetail.html
ERR: Cron:cron Runat 2017-04-05 13:50:35 Use 0.000377 s

[ 2017-04-05T13:51:44+08:00 ] ::1 /eshop/index.php/Home/ShopOrders/orderDetail.html
ERR: Cron:cron Runat 2017-04-05 13:51:44 Use 0.000410 s

[ 2017-04-05T13:52:17+08:00 ] ::1 /eshop/index.php/Home/ShopOrders/orderDetail.html
ERR: Cron:cron Runat 2017-04-05 13:52:17 Use 0.000366 s

[ 2017-04-05T13:52:39+08:00 ] ::1 /eshop/index.php/Home/ShopOrders/orderDetail.html
ERR: Cron:cron Runat 2017-04-05 13:52:39 Use 0.000312 s

[ 2017-04-05T13:53:03+08:00 ] ::1 /eshop/index.php/Home/ShopOrders/orderDetail.html
ERR: Cron:cron Runat 2017-04-05 13:53:03 Use 0.000424 s

[ 2017-04-05T13:53:09+08:00 ] ::1 /eshop/index.php/Home/ShopOrders/orderDetail.html
ERR: Cron:cron Runat 2017-04-05 13:53:09 Use 0.000425 s

[ 2017-04-05T13:53:54+08:00 ] ::1 /eshop/index.php/Home/ShopOrders/orderDetail.html
ERR: Cron:cron Runat 2017-04-05 13:53:54 Use 0.000294 s

[ 2017-04-05T13:54:22+08:00 ] ::1 /eshop/index.php/Home/ShopOrders/orderDetail.html
ERR: Cron:cron Runat 2017-04-05 13:54:22 Use 0.000324 s

[ 2017-04-05T13:54:59+08:00 ] ::1 /eshop/index.php/Home/ShopOrders/orderDetail.html
ERR: Cron:cron Runat 2017-04-05 13:54:59 Use 0.000314 s

[ 2017-04-05T13:55:29+08:00 ] ::1 /eshop/index.php/Home/ShopOrders/orderDetail.html
ERR: Cron:cron Runat 2017-04-05 13:55:29 Use 0.000326 s

[ 2017-04-05T13:56:23+08:00 ] ::1 /eshop/index.php/Home/ShopOrders/orderDetail.html
ERR: Cron:cron Runat 2017-04-05 13:56:23 Use 0.000455 s

[ 2017-04-05T13:56:44+08:00 ] ::1 /eshop/index.php/Home/ShopOrders/orderDetail.html
ERR: Cron:cron Runat 2017-04-05 13:56:44 Use 0.000450 s

[ 2017-04-05T13:58:19+08:00 ] ::1 /eshop/index.php/Home/ShopOrders/orderDetail.html
ERR: Cron:cron Runat 2017-04-05 13:58:19 Use 0.000324 s

[ 2017-04-05T13:59:10+08:00 ] ::1 /eshop/index.php/Home/ShopOrders/orderDetail.html
ERR: Cron:cron Runat 2017-04-05 13:59:10 Use 0.000495 s

[ 2017-04-05T13:59:32+08:00 ] ::1 /eshop/index.php/Home/ShopOrders/orderDetail.html
ERR: Cron:cron Runat 2017-04-05 13:59:32 Use 0.000278 s

[ 2017-04-05T14:01:27+08:00 ] ::1 /eshop/index.php/Home/ShopOrders/orderDetail.html
ERR: Cron:cron Runat 2017-04-05 14:01:27 Use 0.000353 s

[ 2017-04-05T14:02:41+08:00 ] ::1 /eshop/index.php/Home/ShopOrders/orderDetail.html
ERR: Cron:cron Runat 2017-04-05 14:02:41 Use 0.000323 s

[ 2017-04-05T14:03:51+08:00 ] ::1 /eshop/index.php/Home/ShopOrders/orderDetail.html
ERR: Cron:cron Runat 2017-04-05 14:03:51 Use 0.000361 s

[ 2017-04-05T14:04:02+08:00 ] ::1 /eshop/index.php/Home/ShopOrders/orderDetail.html
ERR: Cron:cron Runat 2017-04-05 14:04:02 Use 0.000363 s

[ 2017-04-05T14:04:16+08:00 ] ::1 /eshop/index.php/Home/ShopOrders/orderDetail.html
ERR: Cron:cron Runat 2017-04-05 14:04:16 Use 0.000354 s

[ 2017-04-05T14:04:33+08:00 ] ::1 /eshop/index.php/Home/ShopOrders/orderDetail.html
ERR: Cron:cron Runat 2017-04-05 14:04:33 Use 0.000342 s

[ 2017-04-05T14:05:04+08:00 ] ::1 /eshop/index.php/Home/ShopOrders/orderDetail.html
ERR: Cron:cron Runat 2017-04-05 14:05:04 Use 0.000354 s

[ 2017-04-05T14:05:26+08:00 ] ::1 /eshop/index.php/Home/ShopOrders/orderDetail.html
ERR: Cron:cron Runat 2017-04-05 14:05:26 Use 0.000424 s

[ 2017-04-05T14:05:28+08:00 ] ::1 /eshop/index.php/Home/ShopOrders/orderDetail.html
ERR: Cron:cron Runat 2017-04-05 14:05:28 Use 0.000298 s

[ 2017-04-05T14:05:32+08:00 ] ::1 /eshop/index.php/Home/ShopOrders/orderDetail.html
ERR: Cron:cron Runat 2017-04-05 14:05:32 Use 0.000435 s

[ 2017-04-05T14:08:47+08:00 ] ::1 /eshop/index.php/Home/ShopOrders/orderDetail.html
ERR: Cron:cron Runat 2017-04-05 14:08:47 Use 0.000297 s

[ 2017-04-05T14:09:10+08:00 ] ::1 /eshop/index.php/Home/ShopOrders/orderDetail.html
ERR: Cron:cron Runat 2017-04-05 14:09:10 Use 0.000395 s

[ 2017-04-05T14:09:33+08:00 ] ::1 /eshop/index.php/Home/ShopOrders/orderDetail.html
ERR: Cron:cron Runat 2017-04-05 14:09:33 Use 0.000392 s

[ 2017-04-05T14:09:48+08:00 ] ::1 /eshop/index.php/Home/ShopOrders/orderDetail.html
ERR: Cron:cron Runat 2017-04-05 14:09:48 Use 0.000401 s

[ 2017-04-05T14:09:58+08:00 ] ::1 /eshop/index.php/Home/ShopOrders/orderDetail.html
ERR: Cron:cron Runat 2017-04-05 14:09:58 Use 0.000360 s

[ 2017-04-05T14:10:19+08:00 ] ::1 /eshop/index.php/Home/ShopOrders/orderDetail.html
ERR: Cron:cron Runat 2017-04-05 14:10:19 Use 0.000456 s

[ 2017-04-05T14:11:27+08:00 ] ::1 /eshop/index.php/Home/ShopOrders/orderDetail.html
ERR: Cron:cron Runat 2017-04-05 14:11:27 Use 0.000427 s

[ 2017-04-05T14:11:31+08:00 ] ::1 /eshop/index.php/Home/Good/add.html
ERR: Cron:cron Runat 2017-04-05 14:11:31 Use 0.000427 s

[ 2017-04-05T14:11:46+08:00 ] ::1 /eshop/index.php/Home/Good/add.html
ERR: Cron:cron Runat 2017-04-05 14:11:46 Use 0.000383 s

[ 2017-04-05T14:11:51+08:00 ] ::1 /eshop/index.php/Home/Good/audit.html
ERR: Cron:cron Runat 2017-04-05 14:11:51 Use 0.000492 s

[ 2017-04-05T14:12:10+08:00 ] ::1 /eshop/index.php/Home/Good/audit.html
ERR: Cron:cron Runat 2017-04-05 14:12:10 Use 0.000625 s

[ 2017-04-05T14:12:13+08:00 ] ::1 /eshop/index.php/Home/ShoperCenter/security.html
ERR: Cron:cron Runat 2017-04-05 14:12:13 Use 0.000361 s

[ 2017-04-05T14:12:24+08:00 ] ::1 /eshop/index.php/Home/ShopOrders/finished.html
ERR: Cron:cron Runat 2017-04-05 14:12:24 Use 0.000335 s

[ 2017-04-05T14:12:27+08:00 ] ::1 /eshop/index.php/Home/ShopOrders/orderDetail.html
ERR: Cron:cron Runat 2017-04-05 14:12:27 Use 0.000513 s

[ 2017-04-05T19:06:17+08:00 ] ::1 /eshop/index.php/Home/Good/info/id/15.html
ERR: Cron:cron Runat 2017-04-05 19:06:17 Use 0.000418 s

[ 2017-04-05T19:29:42+08:00 ] ::1 /eshop/index.php/Home/Good/illegal.html
ERR: Cron:cron Runat 2017-04-05 19:29:42 Use 0.000805 s

[ 2017-04-05T19:29:46+08:00 ] ::1 /eshop/index.php/Home/ShopOrders/waitPay.html
ERR: Cron:cron Runat 2017-04-05 19:29:46 Use 0.000365 s

[ 2017-04-05T19:29:49+08:00 ] ::1 /eshop/index.php/Home/ShopOrders/failure.html
ERR: Cron:cron Runat 2017-04-05 19:29:49 Use 0.000475 s

[ 2017-04-05T19:29:52+08:00 ] ::1 /eshop/index.php/Home/ShopOrders/orderDetail.html
ERR: Cron:cron Runat 2017-04-05 19:29:52 Use 0.000823 s

[ 2017-04-05T19:36:25+08:00 ] ::1 /eshop/index.php/Home/ShopOrders/orderDetail.html
ERR: Cron:cron Runat 2017-04-05 19:36:25 Use 0.000586 s

[ 2017-04-05T19:37:31+08:00 ] ::1 /eshop/index.php/Home/ShopOrders/orderDetail.html
ERR: Cron:cron Runat 2017-04-05 19:37:31 Use 0.000309 s

[ 2017-04-05T19:37:38+08:00 ] ::1 /eshop/index.php/Home/ShopOrders/orderDetail.html
ERR: Cron:cron Runat 2017-04-05 19:37:38 Use 0.000413 s

[ 2017-04-05T19:40:01+08:00 ] ::1 /eshop/index.php/Home/ShopOrders/orderDetail.html
ERR: Cron:cron Runat 2017-04-05 19:40:01 Use 0.000788 s

[ 2017-04-05T19:40:21+08:00 ] ::1 /eshop/index.php/Home/ShopOrders/orderDetail.html
ERR: Cron:cron Runat 2017-04-05 19:40:21 Use 0.000272 s

[ 2017-04-05T19:41:04+08:00 ] ::1 /eshop/index.php/Home/ShopOrders/orderDetail.html
ERR: Cron:cron Runat 2017-04-05 19:41:04 Use 0.000536 s

[ 2017-04-05T19:42:08+08:00 ] ::1 /eshop/index.php/Home/ShopOrders/orderDetail.html
ERR: Cron:cron Runat 2017-04-05 19:42:08 Use 0.000400 s

[ 2017-04-05T19:43:05+08:00 ] ::1 /eshop/index.php/Home/ShopOrders/orderDetail.html
ERR: Cron:cron Runat 2017-04-05 19:43:05 Use 0.000686 s

[ 2017-04-05T19:43:40+08:00 ] ::1 /eshop/index.php/Home/ShopOrders/orderDetail.html
ERR: Cron:cron Runat 2017-04-05 19:43:40 Use 0.000508 s

[ 2017-04-05T19:45:00+08:00 ] ::1 /eshop/index.php/Home/ShopOrders/orderDetail.html
ERR: Cron:cron Runat 2017-04-05 19:45:00 Use 0.000337 s

[ 2017-04-05T19:45:54+08:00 ] ::1 /eshop/index.php/Home/ShopOrders/orderDetail.html
ERR: Cron:cron Runat 2017-04-05 19:45:54 Use 0.000394 s

[ 2017-04-05T19:46:26+08:00 ] ::1 /eshop/index.php/Home/ShopOrders/orderDetail.html
ERR: Cron:cron Runat 2017-04-05 19:46:26 Use 0.000321 s

[ 2017-04-05T19:47:48+08:00 ] ::1 /eshop/index.php/Home/ShopOrders/orderDetail.html
ERR: Cron:cron Runat 2017-04-05 19:47:48 Use 0.000827 s

[ 2017-04-05T19:48:51+08:00 ] ::1 /eshop/index.php/Home/ShopOrders/orderDetail.html
ERR: Cron:cron Runat 2017-04-05 19:48:51 Use 0.000410 s

[ 2017-04-05T19:49:00+08:00 ] ::1 /eshop/index.php/Home/ShopOrders/orderDetail.html
ERR: Cron:cron Runat 2017-04-05 19:49:00 Use 0.000334 s

[ 2017-04-05T19:49:15+08:00 ] ::1 /eshop/index.php/Home/ShopOrders/orderDetail.html
ERR: Cron:cron Runat 2017-04-05 19:49:15 Use 0.000332 s

[ 2017-04-05T19:53:00+08:00 ] ::1 /eshop/index.php/Home/ShopOrders/waitPay.html
ERR: Cron:cron Runat 2017-04-05 19:53:00 Use 0.000387 s

[ 2017-04-05T19:54:16+08:00 ] ::1 /eshop/index.php/Home/ShopOrders/orderDetail.html
ERR: Cron:cron Runat 2017-04-05 19:54:16 Use 0.000442 s

[ 2017-04-05T19:54:45+08:00 ] ::1 /eshop/index.php/Home/ShopOrders/orderDetail.html
ERR: Cron:cron Runat 2017-04-05 19:54:45 Use 0.000446 s

[ 2017-04-05T19:55:40+08:00 ] ::1 /eshop/index.php/Home/ShopOrders/orderDetail.html
ERR: Cron:cron Runat 2017-04-05 19:55:40 Use 0.000504 s

[ 2017-04-05T19:55:58+08:00 ] ::1 /eshop/index.php/Home/ShopOrders/orderDetail.html
ERR: Cron:cron Runat 2017-04-05 19:55:58 Use 0.000580 s

[ 2017-04-05T19:56:30+08:00 ] ::1 /eshop/index.php/Home/ShopOrders/orderDetail.html
ERR: Cron:cron Runat 2017-04-05 19:56:30 Use 0.000400 s

[ 2017-04-05T19:57:04+08:00 ] ::1 /eshop/index.php/Home/ShopOrders/orderDetail.html
ERR: Cron:cron Runat 2017-04-05 19:57:04 Use 0.000309 s

[ 2017-04-05T19:57:31+08:00 ] ::1 /eshop/index.php/Home/ShopOrders/orderDetail.html
ERR: Cron:cron Runat 2017-04-05 19:57:31 Use 0.000366 s

[ 2017-04-05T19:58:19+08:00 ] ::1 /eshop/index.php/Home/ShopOrders/orderDetail.html
ERR: Cron:cron Runat 2017-04-05 19:58:19 Use 0.000342 s

[ 2017-04-05T19:58:53+08:00 ] ::1 /eshop/index.php/Home/ShopOrders/orderDetail.html
ERR: Cron:cron Runat 2017-04-05 19:58:53 Use 0.000782 s

[ 2017-04-05T19:59:24+08:00 ] ::1 /eshop/index.php/Home/ShopOrders/orderDetail.html
ERR: Cron:cron Runat 2017-04-05 19:59:24 Use 0.000337 s

[ 2017-04-05T20:00:13+08:00 ] ::1 /eshop/index.php/Home/ShopOrders/orderDetail.html
ERR: Cron:cron Runat 2017-04-05 20:00:13 Use 0.000510 s

[ 2017-04-05T20:00:36+08:00 ] ::1 /eshop/index.php/Home/ShopOrders/orderDetail.html
ERR: Cron:cron Runat 2017-04-05 20:00:36 Use 0.000495 s

[ 2017-04-05T20:01:53+08:00 ] ::1 /eshop/index.php/Home/ShopOrders/orderDetail.html
ERR: Cron:cron Runat 2017-04-05 20:01:53 Use 0.000316 s

[ 2017-04-05T20:02:18+08:00 ] ::1 /eshop/index.php/Home/ShopOrders/orderDetail.html
ERR: Cron:cron Runat 2017-04-05 20:02:18 Use 0.000341 s

[ 2017-04-05T20:03:04+08:00 ] ::1 /eshop/index.php/Home/ShopOrders/orderDetail.html
ERR: Cron:cron Runat 2017-04-05 20:03:04 Use 0.000524 s

[ 2017-04-05T20:03:50+08:00 ] ::1 /eshop/index.php/Home/ShopOrders/orderDetail.html
ERR: Cron:cron Runat 2017-04-05 20:03:50 Use 0.000272 s

[ 2017-04-05T20:04:31+08:00 ] ::1 /eshop/index.php/Home/ShopOrders/orderDetail.html
ERR: Cron:cron Runat 2017-04-05 20:04:31 Use 0.000457 s

[ 2017-04-05T20:05:36+08:00 ] ::1 /eshop/index.php/Home/ShopOrders/orderDetail.html
ERR: Cron:cron Runat 2017-04-05 20:05:36 Use 0.000284 s

[ 2017-04-05T20:06:06+08:00 ] ::1 /eshop/index.php/Home/ShopOrders/orderDetail.html
ERR: Cron:cron Runat 2017-04-05 20:06:06 Use 0.000317 s

[ 2017-04-05T20:07:02+08:00 ] ::1 /eshop/index.php/Home/ShopOrders/orderDetail.html
ERR: Cron:cron Runat 2017-04-05 20:07:02 Use 0.000324 s

[ 2017-04-05T20:07:24+08:00 ] ::1 /eshop/index.php/Home/ShopOrders/orderDetail.html
ERR: Cron:cron Runat 2017-04-05 20:07:24 Use 0.000456 s

[ 2017-04-05T20:08:22+08:00 ] ::1 /eshop/index.php/Home/ShopOrders/orderDetail.html
ERR: Cron:cron Runat 2017-04-05 20:08:22 Use 0.000298 s

[ 2017-04-05T20:08:44+08:00 ] ::1 /eshop/index.php/Home/ShopOrders/orderDetail.html
ERR: Cron:cron Runat 2017-04-05 20:08:44 Use 0.000507 s

[ 2017-04-05T20:10:36+08:00 ] ::1 /eshop/index.php/Home/ShopOrders/orderDetail.html
ERR: Cron:cron Runat 2017-04-05 20:10:36 Use 0.000325 s

[ 2017-04-05T20:11:33+08:00 ] ::1 /eshop/index.php/Home/ShopOrders/orderDetail.html
ERR: Cron:cron Runat 2017-04-05 20:11:33 Use 0.000423 s

[ 2017-04-05T20:12:07+08:00 ] ::1 /eshop/index.php/Home/ShopOrders/orderDetail.html
ERR: Cron:cron Runat 2017-04-05 20:12:07 Use 0.001292 s

[ 2017-04-05T20:12:17+08:00 ] ::1 /eshop/index.php/Home/ShopOrders/orderDetail.html
ERR: Cron:cron Runat 2017-04-05 20:12:17 Use 0.000329 s

[ 2017-04-05T20:14:15+08:00 ] ::1 /eshop/index.php/Home/ShopOrders/orderDetail.html
ERR: Cron:cron Runat 2017-04-05 20:14:15 Use 0.000320 s

[ 2017-04-05T20:14:42+08:00 ] ::1 /eshop/index.php/Home/ShopOrders/orderDetail.html
ERR: Cron:cron Runat 2017-04-05 20:14:42 Use 0.000443 s

[ 2017-04-05T20:15:01+08:00 ] ::1 /eshop/index.php/Home/ShopOrders/orderDetail.html
ERR: Cron:cron Runat 2017-04-05 20:15:01 Use 0.000530 s

[ 2017-04-05T20:15:12+08:00 ] ::1 /eshop/index.php/Home/ShopOrders/orderDetail.html
ERR: Cron:cron Runat 2017-04-05 20:15:12 Use 0.000452 s

[ 2017-04-05T20:15:19+08:00 ] ::1 /eshop/index.php/Home/ShopOrders/orderDetail.html
ERR: Cron:cron Runat 2017-04-05 20:15:19 Use 0.000525 s

[ 2017-04-05T20:15:30+08:00 ] ::1 /eshop/index.php/Home/ShopOrders/orderDetail.html
ERR: Cron:cron Runat 2017-04-05 20:15:30 Use 0.000371 s

[ 2017-04-05T20:15:53+08:00 ] ::1 /eshop/index.php/Home/ShopOrders/orderDetail.html
ERR: Cron:cron Runat 2017-04-05 20:15:53 Use 0.000445 s

[ 2017-04-05T20:16:44+08:00 ] ::1 /eshop/index.php/Home/ShopOrders/orderDetail.html
ERR: Cron:cron Runat 2017-04-05 20:16:44 Use 0.000490 s

[ 2017-04-05T20:16:58+08:00 ] ::1 /eshop/index.php/Home/ShopOrders/orderDetail.html
ERR: Cron:cron Runat 2017-04-05 20:16:58 Use 0.001465 s

[ 2017-04-05T20:17:44+08:00 ] ::1 /eshop/index.php/Home/ShopOrders/orderDetail.html
ERR: Cron:cron Runat 2017-04-05 20:17:44 Use 0.000547 s

[ 2017-04-05T20:18:32+08:00 ] ::1 /eshop/index.php/Home/ShopOrders/orderDetail.html
ERR: Cron:cron Runat 2017-04-05 20:18:32 Use 0.000373 s

[ 2017-04-05T20:19:10+08:00 ] ::1 /eshop/index.php/Home/ShopOrders/orderDetail.html
ERR: Cron:cron Runat 2017-04-05 20:19:10 Use 0.000359 s

[ 2017-04-05T20:19:15+08:00 ] ::1 /eshop/index.php/Home/ShopOrders/complaint.html
ERR: Cron:cron Runat 2017-04-05 20:19:15 Use 0.000405 s

[ 2017-04-05T20:19:15+08:00 ] ::1 /eshop/index.php/Home/ShopOrders/complaint.html
ERR: 模板不存在:./App/Home/View/default/ShopOrders/complaint.html

[ 2017-04-05T20:19:36+08:00 ] ::1 /eshop/index.php/Home/ShopOrders/complaint.html
ERR: Cron:cron Runat 2017-04-05 20:19:36 Use 0.000407 s

[ 2017-04-05T20:21:01+08:00 ] ::1 /eshop/index.php/Home/ShopOrders/orderDetail.html
ERR: Cron:cron Runat 2017-04-05 20:21:01 Use 0.000449 s

[ 2017-04-05T20:21:02+08:00 ] ::1 /eshop/index.php/Home/ShopOrders/complaint.html
ERR: Cron:cron Runat 2017-04-05 20:21:02 Use 0.000374 s

[ 2017-04-05T20:21:33+08:00 ] ::1 /eshop/index.php/Home/ShopOrders/complaint.html
ERR: Cron:cron Runat 2017-04-05 20:21:33 Use 0.000424 s

[ 2017-04-05T20:22:13+08:00 ] ::1 /eshop/index.php/Home/ShopOrders/complaint.html
ERR: Cron:cron Runat 2017-04-05 20:22:13 Use 0.000380 s

[ 2017-04-05T20:22:48+08:00 ] ::1 /eshop/index.php/Home/ShopOrders/complaint.html
ERR: Cron:cron Runat 2017-04-05 20:22:48 Use 0.000360 s

[ 2017-04-05T20:24:51+08:00 ] ::1 /eshop/index.php/Home/ShopOrders/complaint.html
ERR: Cron:cron Runat 2017-04-05 20:24:51 Use 0.000291 s

[ 2017-04-05T20:25:40+08:00 ] ::1 /eshop/index.php/Home/ShopOrders/complaint.html
ERR: Cron:cron Runat 2017-04-05 20:25:40 Use 0.000302 s

[ 2017-04-05T20:25:49+08:00 ] ::1 /eshop/index.php/Home/ShopOrders/finished.html
ERR: Cron:cron Runat 2017-04-05 20:25:49 Use 0.000330 s

[ 2017-04-05T20:26:04+08:00 ] ::1 /eshop/index.php/Home/ShopOrders/complaint.html
ERR: Cron:cron Runat 2017-04-05 20:26:04 Use 0.000450 s

[ 2017-04-05T20:26:21+08:00 ] ::1 /eshop/index.php/Home/ShopOrders/complaint.html
ERR: Cron:cron Runat 2017-04-05 20:26:21 Use 0.000381 s

[ 2017-04-05T20:26:44+08:00 ] ::1 /eshop/index.php/Home/ShopOrders/complaint.html
ERR: Cron:cron Runat 2017-04-05 20:26:44 Use 0.000322 s

[ 2017-04-05T20:26:51+08:00 ] ::1 /eshop/index.php/Home/ShopOrders/finished.html
ERR: Cron:cron Runat 2017-04-05 20:26:51 Use 0.000387 s

[ 2017-04-05T20:27:09+08:00 ] ::1 /eshop/index.php/Home/ShopOrders/finished.html
ERR: Cron:cron Runat 2017-04-05 20:27:09 Use 0.000364 s

[ 2017-04-05T20:27:13+08:00 ] ::1 /eshop/index.php/Home/ShopOrders/complaint.html
ERR: Cron:cron Runat 2017-04-05 20:27:13 Use 0.000350 s

[ 2017-04-05T20:27:31+08:00 ] ::1 /eshop/index.php/Home/ShopOrders/complaint.html
ERR: Cron:cron Runat 2017-04-05 20:27:31 Use 0.000396 s

[ 2017-04-05T20:27:46+08:00 ] ::1 /eshop/index.php/Home/ShopOrders/complaint.html
ERR: Cron:cron Runat 2017-04-05 20:27:46 Use 0.000392 s

[ 2017-04-05T20:27:50+08:00 ] ::1 /eshop/index.php/Home/ShopOrders/complaint.html
ERR: Cron:cron Runat 2017-04-05 20:27:50 Use 0.000416 s

[ 2017-04-05T20:27:52+08:00 ] ::1 /eshop/index.php/Home/ShopOrders/complaint.html
ERR: Cron:cron Runat 2017-04-05 20:27:52 Use 0.000466 s

[ 2017-04-05T20:27:54+08:00 ] ::1 /eshop/index.php/Home/ShopOrders/complaint.html
ERR: Cron:cron Runat 2017-04-05 20:27:54 Use 0.000373 s

[ 2017-04-05T20:28:22+08:00 ] ::1 /eshop/index.php/Home/ShopOrders/complaint.html
ERR: Cron:cron Runat 2017-04-05 20:28:22 Use 0.000650 s

[ 2017-04-05T20:29:03+08:00 ] ::1 /eshop/index.php/Home/ShopOrders/complaint.html
ERR: Cron:cron Runat 2017-04-05 20:29:03 Use 0.000330 s

[ 2017-04-05T20:29:37+08:00 ] ::1 /eshop/index.php/Home/ShopOrders/complaint.html
ERR: Cron:cron Runat 2017-04-05 20:29:37 Use 0.000384 s

[ 2017-04-05T20:30:54+08:00 ] ::1 /eshop/index.php/Home/ShopOrders/complaint.html
ERR: Cron:cron Runat 2017-04-05 20:30:54 Use 0.000385 s

[ 2017-04-05T20:31:10+08:00 ] ::1 /eshop/index.php/Home/ShopOrders/complaint.html
ERR: Cron:cron Runat 2017-04-05 20:31:10 Use 0.000291 s

[ 2017-04-05T20:31:21+08:00 ] ::1 /eshop/index.php/Home/ShopOrders/complaint.html
ERR: Cron:cron Runat 2017-04-05 20:31:21 Use 0.000403 s

[ 2017-04-05T20:31:33+08:00 ] ::1 /eshop/index.php/Home/ShopOrders/complaint.html
ERR: Cron:cron Runat 2017-04-05 20:31:33 Use 0.000360 s

[ 2017-04-05T20:32:54+08:00 ] ::1 /eshop/index.php/Home/ShopOrders/complaint.html
ERR: Cron:cron Runat 2017-04-05 20:32:54 Use 0.000354 s

[ 2017-04-05T20:34:28+08:00 ] ::1 /eshop/index.php/Home/ShopOrders/complaint.html
ERR: Cron:cron Runat 2017-04-05 20:34:28 Use 0.000299 s

[ 2017-04-05T20:34:55+08:00 ] ::1 /eshop/index.php/Home/ShopOrders/complaint.html
ERR: Cron:cron Runat 2017-04-05 20:34:55 Use 0.000359 s

[ 2017-04-05T20:35:01+08:00 ] ::1 /eshop/index.php/Home/ShopOrders/complaint.html
ERR: Cron:cron Runat 2017-04-05 20:35:01 Use 0.000466 s

[ 2017-04-05T20:35:23+08:00 ] ::1 /eshop/index.php/Home/ShopOrders/complaint.html
ERR: Cron:cron Runat 2017-04-05 20:35:23 Use 0.000358 s

[ 2017-04-05T20:35:45+08:00 ] ::1 /eshop/index.php/Home/ShopOrders/complaint.html
ERR: Cron:cron Runat 2017-04-05 20:35:45 Use 0.000434 s

[ 2017-04-05T20:36:37+08:00 ] ::1 /eshop/index.php/Home/ShopOrders/complaint.html
ERR: Cron:cron Runat 2017-04-05 20:36:37 Use 0.000402 s

[ 2017-04-05T20:36:51+08:00 ] ::1 /eshop/index.php/Home/ShopOrders/complaint.html
ERR: Cron:cron Runat 2017-04-05 20:36:51 Use 0.000520 s

[ 2017-04-05T20:37:26+08:00 ] ::1 /eshop/index.php/Home/ShopOrders/complaint.html
ERR: Cron:cron Runat 2017-04-05 20:37:26 Use 0.000304 s

[ 2017-04-05T20:39:06+08:00 ] ::1 /eshop/index.php/Home/ShopOrders/complaint.html
ERR: Cron:cron Runat 2017-04-05 20:39:06 Use 0.000322 s

[ 2017-04-05T20:39:17+08:00 ] ::1 /eshop/index.php/Home/ShopOrders/complaint.html
ERR: Cron:cron Runat 2017-04-05 20:39:17 Use 0.000343 s

[ 2017-04-05T20:41:34+08:00 ] ::1 /eshop/index.php/Home/ShopOrders/complaint.html
ERR: Cron:cron Runat 2017-04-05 20:41:34 Use 0.000322 s

[ 2017-04-05T20:41:44+08:00 ] ::1 /eshop/index.php/Home/ShopOrders/complaint.html
ERR: Cron:cron Runat 2017-04-05 20:41:44 Use 0.000449 s

[ 2017-04-05T20:42:27+08:00 ] ::1 /eshop/index.php/Home/ShopOrders/complaint.html
ERR: Cron:cron Runat 2017-04-05 20:42:27 Use 0.000463 s

[ 2017-04-05T20:42:40+08:00 ] ::1 /eshop/index.php/Home/ShopOrders/complaint.html
ERR: Cron:cron Runat 2017-04-05 20:42:40 Use 0.000419 s

[ 2017-04-05T20:43:10+08:00 ] ::1 /eshop/index.php/Home/ShopOrders/complaint.html
ERR: Cron:cron Runat 2017-04-05 20:43:10 Use 0.000291 s

[ 2017-04-05T20:44:01+08:00 ] ::1 /eshop/index.php/Home/ShopOrders/complaint.html
ERR: Cron:cron Runat 2017-04-05 20:44:01 Use 0.000469 s

[ 2017-04-05T20:44:42+08:00 ] ::1 /eshop/index.php/Home/ShopOrders/complaint.html
ERR: Cron:cron Runat 2017-04-05 20:44:42 Use 0.000267 s

[ 2017-04-05T21:18:37+08:00 ] ::1 /eshop/index.php/Home/ShopOrders/complaint.html
ERR: Cron:cron Runat 2017-04-05 21:18:37 Use 0.000399 s

[ 2017-04-05T21:20:28+08:00 ] ::1 /eshop/index.php/Home/ShopOrders/failure.html
ERR: Cron:cron Runat 2017-04-05 21:20:28 Use 0.000326 s

[ 2017-04-05T21:21:22+08:00 ] ::1 /eshop/index.php/Home/ShopOrders/failure.html
ERR: Cron:cron Runat 2017-04-05 21:21:22 Use 0.000337 s

[ 2017-04-05T21:21:24+08:00 ] ::1 /eshop/index.php/Home/ShopOrders/orderDetail.html
ERR: Cron:cron Runat 2017-04-05 21:21:24 Use 0.000366 s

