[ 2017-03-19T12:50:33+08:00 ] ::1 /eshop/index.php/UserCenter/ucenter_orders.html
ERR: 非法操作:ucenter_orders

[ 2017-03-19T13:07:22+08:00 ] ::1 /eshop/index.php/UserCenter/index/p/1.html
INFO: [ app_begin ] --START--
INFO: Run Behavior\ReadHtmlCacheBehavior [ RunTime:0.000816s ]
INFO: [ app_begin ] --END-- [ RunTime:0.001421s ]
SQL: SHOW COLUMNS FROM `eshop_user_log` [ RunTime:0.0114s ]
SQL: SELECT COUNT(*) AS tp_count FROM `eshop_user_log` WHERE `is_show` = 1 AND `userId` = 19 LIMIT 1   [ RunTime:0.0004s ]
SQL: SELECT * FROM `eshop_user_log` WHERE `is_show` = 1 AND `userId` = 19 ORDER BY time desc LIMIT 0,2   [ RunTime:0.0004s ]
INFO: [ view_parse ] --START--
INFO: [ template_filter ] --START--
INFO: Run Behavior\ContentReplaceBehavior [ RunTime:0.000051s ]
INFO: [ template_filter ] --END-- [ RunTime:0.000126s ]
INFO: Run Behavior\ParseTemplateBehavior [ RunTime:0.010033s ]
INFO: [ view_parse ] --END-- [ RunTime:0.010120s ]
INFO: [ view_filter ] --START--
INFO: Run Behavior\WriteHtmlCacheBehavior [ RunTime:0.000613s ]
INFO: Run Behavior\TokenBuildBehavior [ RunTime:0.000615s ]
INFO: [ view_filter ] --END-- [ RunTime:0.001331s ]

[ 2017-03-19T13:07:23+08:00 ] ::1 /eshop/index.php/UserCenter/index/p/2.html
INFO: [ app_begin ] --START--
INFO: Run Behavior\ReadHtmlCacheBehavior [ RunTime:0.000791s ]
INFO: [ app_begin ] --END-- [ RunTime:0.001359s ]
SQL: SHOW COLUMNS FROM `eshop_user_log` [ RunTime:0.0046s ]
SQL: SELECT COUNT(*) AS tp_count FROM `eshop_user_log` WHERE `is_show` = 1 AND `userId` = 19 LIMIT 1   [ RunTime:0.0004s ]
SQL: SELECT * FROM `eshop_user_log` WHERE `is_show` = 1 AND `userId` = 19 ORDER BY time desc LIMIT 2,2   [ RunTime:0.0004s ]
INFO: [ view_parse ] --START--
INFO: [ template_filter ] --START--
INFO: Run Behavior\ContentReplaceBehavior [ RunTime:0.000059s ]
INFO: [ template_filter ] --END-- [ RunTime:0.000153s ]
INFO: Run Behavior\ParseTemplateBehavior [ RunTime:0.009490s ]
INFO: [ view_parse ] --END-- [ RunTime:0.009576s ]
INFO: [ view_filter ] --START--
INFO: Run Behavior\WriteHtmlCacheBehavior [ RunTime:0.000569s ]
INFO: Run Behavior\TokenBuildBehavior [ RunTime:0.000666s ]
INFO: [ view_filter ] --END-- [ RunTime:0.001349s ]

[ 2017-03-19T13:07:26+08:00 ] ::1 /eshop/index.php/UserCenter/index/p/4.html
INFO: [ app_begin ] --START--
INFO: Run Behavior\ReadHtmlCacheBehavior [ RunTime:0.000774s ]
INFO: [ app_begin ] --END-- [ RunTime:0.001350s ]
SQL: SHOW COLUMNS FROM `eshop_user_log` [ RunTime:0.0041s ]
SQL: SELECT COUNT(*) AS tp_count FROM `eshop_user_log` WHERE `is_show` = 1 AND `userId` = 19 LIMIT 1   [ RunTime:0.0003s ]
SQL: SELECT * FROM `eshop_user_log` WHERE `is_show` = 1 AND `userId` = 19 ORDER BY time desc LIMIT 6,2   [ RunTime:0.0004s ]
INFO: [ view_parse ] --START--
INFO: [ template_filter ] --START--
INFO: Run Behavior\ContentReplaceBehavior [ RunTime:0.000051s ]
INFO: [ template_filter ] --END-- [ RunTime:0.000126s ]
INFO: Run Behavior\ParseTemplateBehavior [ RunTime:0.009496s ]
INFO: [ view_parse ] --END-- [ RunTime:0.009582s ]
INFO: [ view_filter ] --START--
INFO: Run Behavior\WriteHtmlCacheBehavior [ RunTime:0.000572s ]
INFO: Run Behavior\TokenBuildBehavior [ RunTime:0.000677s ]
INFO: [ view_filter ] --END-- [ RunTime:0.001389s ]

[ 2017-03-19T13:07:27+08:00 ] ::1 /eshop/index.php/UserCenter/index/p/3.html
INFO: [ app_begin ] --START--
INFO: Run Behavior\ReadHtmlCacheBehavior [ RunTime:0.000787s ]
INFO: [ app_begin ] --END-- [ RunTime:0.001277s ]
SQL: SHOW COLUMNS FROM `eshop_user_log` [ RunTime:0.0039s ]
SQL: SELECT COUNT(*) AS tp_count FROM `eshop_user_log` WHERE `is_show` = 1 AND `userId` = 19 LIMIT 1   [ RunTime:0.0003s ]
SQL: SELECT * FROM `eshop_user_log` WHERE `is_show` = 1 AND `userId` = 19 ORDER BY time desc LIMIT 4,2   [ RunTime:0.0004s ]
INFO: [ view_parse ] --START--
INFO: [ template_filter ] --START--
INFO: Run Behavior\ContentReplaceBehavior [ RunTime:0.000053s ]
INFO: [ template_filter ] --END-- [ RunTime:0.000131s ]
INFO: Run Behavior\ParseTemplateBehavior [ RunTime:0.009731s ]
INFO: [ view_parse ] --END-- [ RunTime:0.009805s ]
INFO: [ view_filter ] --START--
INFO: Run Behavior\WriteHtmlCacheBehavior [ RunTime:0.000611s ]
INFO: Run Behavior\TokenBuildBehavior [ RunTime:0.000570s ]
INFO: [ view_filter ] --END-- [ RunTime:0.001309s ]

[ 2017-03-19T13:07:28+08:00 ] ::1 /eshop/index.php/UserCenter/index/p/4.html
INFO: [ app_begin ] --START--
INFO: Run Behavior\ReadHtmlCacheBehavior [ RunTime:0.001039s ]
INFO: [ app_begin ] --END-- [ RunTime:0.001732s ]
SQL: SHOW COLUMNS FROM `eshop_user_log` [ RunTime:0.0052s ]
SQL: SELECT COUNT(*) AS tp_count FROM `eshop_user_log` WHERE `is_show` = 1 AND `userId` = 19 LIMIT 1   [ RunTime:0.0004s ]
SQL: SELECT * FROM `eshop_user_log` WHERE `is_show` = 1 AND `userId` = 19 ORDER BY time desc LIMIT 6,2   [ RunTime:0.0004s ]
INFO: [ view_parse ] --START--
INFO: [ template_filter ] --START--
INFO: Run Behavior\ContentReplaceBehavior [ RunTime:0.000052s ]
INFO: [ template_filter ] --END-- [ RunTime:0.000129s ]
INFO: Run Behavior\ParseTemplateBehavior [ RunTime:0.010172s ]
INFO: [ view_parse ] --END-- [ RunTime:0.010263s ]
INFO: [ view_filter ] --START--
INFO: Run Behavior\WriteHtmlCacheBehavior [ RunTime:0.000734s ]
INFO: Run Behavior\TokenBuildBehavior [ RunTime:0.000645s ]
INFO: [ view_filter ] --END-- [ RunTime:0.001523s ]

[ 2017-03-19T13:07:30+08:00 ] ::1 /eshop/index.php/UserCenter/index/p/3.html
INFO: [ app_begin ] --START--
INFO: Run Behavior\ReadHtmlCacheBehavior [ RunTime:0.000819s ]
INFO: [ app_begin ] --END-- [ RunTime:0.001475s ]
SQL: SHOW COLUMNS FROM `eshop_user_log` [ RunTime:0.0242s ]
SQL: SELECT COUNT(*) AS tp_count FROM `eshop_user_log` WHERE `is_show` = 1 AND `userId` = 19 LIMIT 1   [ RunTime:0.0004s ]
SQL: SELECT * FROM `eshop_user_log` WHERE `is_show` = 1 AND `userId` = 19 ORDER BY time desc LIMIT 4,2   [ RunTime:0.0005s ]
INFO: [ view_parse ] --START--
INFO: [ template_filter ] --START--
INFO: Run Behavior\ContentReplaceBehavior [ RunTime:0.000070s ]
INFO: [ template_filter ] --END-- [ RunTime:0.000188s ]
INFO: Run Behavior\ParseTemplateBehavior [ RunTime:0.009650s ]
INFO: [ view_parse ] --END-- [ RunTime:0.009747s ]
INFO: [ view_filter ] --START--
INFO: Run Behavior\WriteHtmlCacheBehavior [ RunTime:0.000594s ]
INFO: Run Behavior\TokenBuildBehavior [ RunTime:0.000638s ]
INFO: [ view_filter ] --END-- [ RunTime:0.001335s ]

[ 2017-03-19T13:07:31+08:00 ] ::1 /eshop/index.php/UserCenter/index/p/2.html
INFO: [ app_begin ] --START--
INFO: Run Behavior\ReadHtmlCacheBehavior [ RunTime:0.000751s ]
INFO: [ app_begin ] --END-- [ RunTime:0.001402s ]
SQL: SHOW COLUMNS FROM `eshop_user_log` [ RunTime:0.0040s ]
SQL: SELECT COUNT(*) AS tp_count FROM `eshop_user_log` WHERE `is_show` = 1 AND `userId` = 19 LIMIT 1   [ RunTime:0.0003s ]
SQL: SELECT * FROM `eshop_user_log` WHERE `is_show` = 1 AND `userId` = 19 ORDER BY time desc LIMIT 2,2   [ RunTime:0.0004s ]
INFO: [ view_parse ] --START--
INFO: [ template_filter ] --START--
INFO: Run Behavior\ContentReplaceBehavior [ RunTime:0.000055s ]
INFO: [ template_filter ] --END-- [ RunTime:0.000169s ]
INFO: Run Behavior\ParseTemplateBehavior [ RunTime:0.009894s ]
INFO: [ view_parse ] --END-- [ RunTime:0.009976s ]
INFO: [ view_filter ] --START--
INFO: Run Behavior\WriteHtmlCacheBehavior [ RunTime:0.000714s ]
INFO: Run Behavior\TokenBuildBehavior [ RunTime:0.000655s ]
INFO: [ view_filter ] --END-- [ RunTime:0.001477s ]

[ 2017-03-19T13:07:32+08:00 ] ::1 /eshop/index.php/UserCenter/index/p/1.html
INFO: [ app_begin ] --START--
INFO: Run Behavior\ReadHtmlCacheBehavior [ RunTime:0.000803s ]
INFO: [ app_begin ] --END-- [ RunTime:0.001477s ]
SQL: SHOW COLUMNS FROM `eshop_user_log` [ RunTime:0.0042s ]
SQL: SELECT COUNT(*) AS tp_count FROM `eshop_user_log` WHERE `is_show` = 1 AND `userId` = 19 LIMIT 1   [ RunTime:0.0004s ]
SQL: SELECT * FROM `eshop_user_log` WHERE `is_show` = 1 AND `userId` = 19 ORDER BY time desc LIMIT 0,2   [ RunTime:0.0005s ]
INFO: [ view_parse ] --START--
INFO: [ template_filter ] --START--
INFO: Run Behavior\ContentReplaceBehavior [ RunTime:0.000052s ]
INFO: [ template_filter ] --END-- [ RunTime:0.000130s ]
INFO: Run Behavior\ParseTemplateBehavior [ RunTime:0.009688s ]
INFO: [ view_parse ] --END-- [ RunTime:0.009778s ]
INFO: [ view_filter ] --START--
INFO: Run Behavior\WriteHtmlCacheBehavior [ RunTime:0.000595s ]
INFO: Run Behavior\TokenBuildBehavior [ RunTime:0.000641s ]
INFO: [ view_filter ] --END-- [ RunTime:0.001341s ]

[ 2017-03-19T13:08:26+08:00 ] ::1 /eshop/index.php/UserCenter/index/p/3.html
INFO: [ app_begin ] --START--
INFO: Run Behavior\ReadHtmlCacheBehavior [ RunTime:0.000886s ]
INFO: [ app_begin ] --END-- [ RunTime:0.001568s ]
SQL: SHOW COLUMNS FROM `eshop_user_log` [ RunTime:0.0242s ]
SQL: SELECT COUNT(*) AS tp_count FROM `eshop_user_log` WHERE `is_show` = 1 AND `userId` = 19 LIMIT 1   [ RunTime:0.0004s ]
SQL: SELECT * FROM `eshop_user_log` WHERE `is_show` = 1 AND `userId` = 19 ORDER BY time desc LIMIT 4,2   [ RunTime:0.0004s ]
INFO: [ view_parse ] --START--
INFO: [ template_filter ] --START--
INFO: Run Behavior\ContentReplaceBehavior [ RunTime:0.000102s ]
INFO: [ template_filter ] --END-- [ RunTime:0.000196s ]
INFO: Run Behavior\ParseTemplateBehavior [ RunTime:0.009930s ]
INFO: [ view_parse ] --END-- [ RunTime:0.010042s ]
INFO: [ view_filter ] --START--
INFO: Run Behavior\WriteHtmlCacheBehavior [ RunTime:0.000594s ]
INFO: Run Behavior\TokenBuildBehavior [ RunTime:0.000594s ]
INFO: [ view_filter ] --END-- [ RunTime:0.001322s ]

[ 2017-03-19T13:08:29+08:00 ] ::1 /eshop/index.php/UserCenter/delLog.html
INFO: [ app_begin ] --START--
INFO: Run Behavior\ReadHtmlCacheBehavior [ RunTime:0.001861s ]
INFO: [ app_begin ] --END-- [ RunTime:0.002455s ]
SQL: SHOW COLUMNS FROM `eshop_user_log` [ RunTime:0.0059s ]
SQL: DELETE FROM `eshop_user_log` WHERE `id` = 59 [ RunTime:0.2154s ]

[ 2017-03-19T13:11:14+08:00 ] ::1 /eshop/index.php/UserCenter/delLog.html
INFO: [ app_begin ] --START--
INFO: Run Behavior\ReadHtmlCacheBehavior [ RunTime:0.000890s ]
INFO: [ app_begin ] --END-- [ RunTime:0.001454s ]
SQL: SHOW COLUMNS FROM `eshop_user_log` [ RunTime:0.0068s ]
SQL: DELETE FROM `eshop_user_log` WHERE `id` = 61 [ RunTime:0.0846s ]

[ 2017-03-19T13:19:24+08:00 ] ::1 /eshop/index.php/UserCenter/index/p/1.html
INFO: [ app_begin ] --START--
INFO: Run Behavior\ReadHtmlCacheBehavior [ RunTime:0.000852s ]
INFO: [ app_begin ] --END-- [ RunTime:0.001487s ]
SQL: SHOW COLUMNS FROM `eshop_user_log` [ RunTime:0.0047s ]
SQL: SELECT COUNT(*) AS tp_count FROM `eshop_user_log` WHERE `is_show` = 1 AND `userId` = 19 LIMIT 1   [ RunTime:0.0004s ]
SQL: SELECT * FROM `eshop_user_log` WHERE `is_show` = 1 AND `userId` = 19 ORDER BY time desc LIMIT 0,2   [ RunTime:0.0004s ]
INFO: [ view_parse ] --START--
INFO: [ template_filter ] --START--
INFO: Run Behavior\ContentReplaceBehavior [ RunTime:0.000053s ]
INFO: [ template_filter ] --END-- [ RunTime:0.000143s ]
INFO: Run Behavior\ParseTemplateBehavior [ RunTime:0.009859s ]
INFO: [ view_parse ] --END-- [ RunTime:0.009964s ]
INFO: [ view_filter ] --START--
INFO: Run Behavior\WriteHtmlCacheBehavior [ RunTime:0.000660s ]
INFO: Run Behavior\TokenBuildBehavior [ RunTime:0.000586s ]
INFO: [ view_filter ] --END-- [ RunTime:0.001369s ]

[ 2017-03-19T13:19:27+08:00 ] ::1 /eshop/index.php/UserCenter/index/p/3.html
INFO: [ app_begin ] --START--
INFO: Run Behavior\ReadHtmlCacheBehavior [ RunTime:0.000950s ]
INFO: [ app_begin ] --END-- [ RunTime:0.001806s ]
SQL: SHOW COLUMNS FROM `eshop_user_log` [ RunTime:0.0110s ]
SQL: SELECT COUNT(*) AS tp_count FROM `eshop_user_log` WHERE `is_show` = 1 AND `userId` = 19 LIMIT 1   [ RunTime:0.0004s ]
SQL: SELECT * FROM `eshop_user_log` WHERE `is_show` = 1 AND `userId` = 19 ORDER BY time desc LIMIT 4,2   [ RunTime:0.0005s ]
INFO: [ view_parse ] --START--
INFO: [ template_filter ] --START--
INFO: Run Behavior\ContentReplaceBehavior [ RunTime:0.000058s ]
INFO: [ template_filter ] --END-- [ RunTime:0.000156s ]
INFO: Run Behavior\ParseTemplateBehavior [ RunTime:0.009291s ]
INFO: [ view_parse ] --END-- [ RunTime:0.009383s ]
INFO: [ view_filter ] --START--
INFO: Run Behavior\WriteHtmlCacheBehavior [ RunTime:0.000572s ]
INFO: Run Behavior\TokenBuildBehavior [ RunTime:0.000636s ]
INFO: [ view_filter ] --END-- [ RunTime:0.001329s ]

[ 2017-03-19T13:19:30+08:00 ] ::1 /eshop/index.php/UserCenter/index/p/2.html
INFO: [ app_begin ] --START--
INFO: Run Behavior\ReadHtmlCacheBehavior [ RunTime:0.000984s ]
INFO: [ app_begin ] --END-- [ RunTime:0.001804s ]
SQL: SHOW COLUMNS FROM `eshop_user_log` [ RunTime:0.0048s ]
SQL: SELECT COUNT(*) AS tp_count FROM `eshop_user_log` WHERE `is_show` = 1 AND `userId` = 19 LIMIT 1   [ RunTime:0.0003s ]
SQL: SELECT * FROM `eshop_user_log` WHERE `is_show` = 1 AND `userId` = 19 ORDER BY time desc LIMIT 2,2   [ RunTime:0.0004s ]
INFO: [ view_parse ] --START--
INFO: [ template_filter ] --START--
INFO: Run Behavior\ContentReplaceBehavior [ RunTime:0.000057s ]
INFO: [ template_filter ] --END-- [ RunTime:0.000138s ]
INFO: Run Behavior\ParseTemplateBehavior [ RunTime:0.009679s ]
INFO: [ view_parse ] --END-- [ RunTime:0.009799s ]
INFO: [ view_filter ] --START--
INFO: Run Behavior\WriteHtmlCacheBehavior [ RunTime:0.001067s ]
INFO: Run Behavior\TokenBuildBehavior [ RunTime:0.000837s ]
INFO: [ view_filter ] --END-- [ RunTime:0.002075s ]

[ 2017-03-19T13:19:31+08:00 ] ::1 /eshop/index.php/UserCenter/index/p/3.html
INFO: [ app_begin ] --START--
INFO: Run Behavior\ReadHtmlCacheBehavior [ RunTime:0.000829s ]
INFO: [ app_begin ] --END-- [ RunTime:0.001476s ]
SQL: SHOW COLUMNS FROM `eshop_user_log` [ RunTime:0.0054s ]
SQL: SELECT COUNT(*) AS tp_count FROM `eshop_user_log` WHERE `is_show` = 1 AND `userId` = 19 LIMIT 1   [ RunTime:0.0004s ]
SQL: SELECT * FROM `eshop_user_log` WHERE `is_show` = 1 AND `userId` = 19 ORDER BY time desc LIMIT 4,2   [ RunTime:0.0004s ]
INFO: [ view_parse ] --START--
INFO: [ template_filter ] --START--
INFO: Run Behavior\ContentReplaceBehavior [ RunTime:0.000052s ]
INFO: [ template_filter ] --END-- [ RunTime:0.000129s ]
INFO: Run Behavior\ParseTemplateBehavior [ RunTime:0.009371s ]
INFO: [ view_parse ] --END-- [ RunTime:0.009455s ]
INFO: [ view_filter ] --START--
INFO: Run Behavior\WriteHtmlCacheBehavior [ RunTime:0.000727s ]
INFO: Run Behavior\TokenBuildBehavior [ RunTime:0.000642s ]
INFO: [ view_filter ] --END-- [ RunTime:0.001483s ]

[ 2017-03-19T13:19:32+08:00 ] ::1 /eshop/index.php/UserCenter/index/p/1.html
INFO: [ app_begin ] --START--
INFO: Run Behavior\ReadHtmlCacheBehavior [ RunTime:0.000753s ]
INFO: [ app_begin ] --END-- [ RunTime:0.001288s ]
SQL: SHOW COLUMNS FROM `eshop_user_log` [ RunTime:0.0050s ]
SQL: SELECT COUNT(*) AS tp_count FROM `eshop_user_log` WHERE `is_show` = 1 AND `userId` = 19 LIMIT 1   [ RunTime:0.0004s ]
SQL: SELECT * FROM `eshop_user_log` WHERE `is_show` = 1 AND `userId` = 19 ORDER BY time desc LIMIT 0,2   [ RunTime:0.0005s ]
INFO: [ view_parse ] --START--
INFO: [ template_filter ] --START--
INFO: Run Behavior\ContentReplaceBehavior [ RunTime:0.000052s ]
INFO: [ template_filter ] --END-- [ RunTime:0.000127s ]
INFO: Run Behavior\ParseTemplateBehavior [ RunTime:0.008869s ]
INFO: [ view_parse ] --END-- [ RunTime:0.008949s ]
INFO: [ view_filter ] --START--
INFO: Run Behavior\WriteHtmlCacheBehavior [ RunTime:0.000558s ]
INFO: Run Behavior\TokenBuildBehavior [ RunTime:0.000639s ]
INFO: [ view_filter ] --END-- [ RunTime:0.001301s ]

[ 2017-03-19T13:22:36+08:00 ] ::1 /eshop/index.php/UserCenter/delLog.html
INFO: [ app_begin ] --START--
INFO: Run Behavior\ReadHtmlCacheBehavior [ RunTime:0.000972s ]
INFO: [ app_begin ] --END-- [ RunTime:0.001553s ]
SQL: SHOW COLUMNS FROM `eshop_user_log` [ RunTime:0.0055s ]
SQL: DELETE FROM `eshop_user_log` WHERE `id` = 62 [ RunTime:0.0621s ]

[ 2017-03-19T19:28:09+08:00 ] ::1 /eshop/index.php/UserCenter/shopcart.html
ERR: 非法操作:shopcart

[ 2017-03-19T19:39:36+08:00 ] ::1 /eshop/index.php/ShoppingCart/index.html
ERR: 无法加载控制器:ShoppingCart

[ 2017-03-19T19:40:20+08:00 ] ::1 /eshop/index.php/ShoppingCart/common/css/common.css
ERR: 非法操作:common

[ 2017-03-19T19:40:20+08:00 ] ::1 /eshop/index.php/ShoppingCart/css/shopcart.css
ERR: 非法操作:css

[ 2017-03-19T19:40:25+08:00 ] ::1 /eshop/index.php/ShoppingCart/js/jquery-2.1.1.min.js
ERR: 非法操作:js

[ 2017-03-19T19:43:00+08:00 ] ::1 /eshop/index.php/ShoppingCart/shoporders.html
ERR: 非法操作:shoporders

[ 2017-03-19T20:07:31+08:00 ] ::1 /eshop/Public/Home/ShopImage/qq.jif
ERR: 无法加载控制器:Public

[ 2017-03-19T20:07:33+08:00 ] ::1 /eshop/Public/Home/ShopImage/qq.jif
ERR: 无法加载控制器:Public

[ 2017-03-19T20:26:51+08:00 ] ::1 /eshop/index.php/Index/ucenter_account.html
ERR: 非法操作:ucenter_account

[ 2017-03-19T20:27:58+08:00 ] ::1 /eshop/index.php/UserCenter/ucenter_orders.html
ERR: 非法操作:ucenter_orders

[ 2017-03-19T20:48:00+08:00 ] ::1 /eshop/index.php/UserCenter/goods_info.html
ERR: 非法操作:goods_info

[ 2017-03-19T20:48:17+08:00 ] ::1 /eshop/index.php/Home/Index/ucenter_collection.html
ERR: 非法操作:ucenter_collection

