[ 2017-04-09T08:34:35+08:00 ] ::1 /eshop/index.php/Home/Good/onsale.html
ERR: Cron:cron Runat 2017-04-09 08:34:35 Use 0.001464 s

[ 2017-04-09T08:44:47+08:00 ] ::1 /eshop/index.php/Home/Shop/index/shopId/3.html
ERR: Cron:cron Runat 2017-04-09 08:44:47 Use 0.000455 s

[ 2017-04-09T08:45:59+08:00 ] ::1 /eshop/index.php/Home/Good/info/id/13.html
ERR: Cron:cron Runat 2017-04-09 08:45:59 Use 0.000447 s

[ 2017-04-09T08:50:06+08:00 ] ::1 /eshop/index.php/Home/Good/onsale.html
ERR: Cron:cron Runat 2017-04-09 08:50:06 Use 0.000407 s

[ 2017-04-09T09:20:23+08:00 ] ::1 /eshop/index.php/Home/Shop/index/shopId/3.html
ERR: Cron:cron Runat 2017-04-09 09:20:23 Use 0.000465 s

[ 2017-04-09T09:23:25+08:00 ] ::1 /eshop/index.php/Home/Shop/index/shopId/3.html
ERR: Cron:cron Runat 2017-04-09 09:23:25 Use 0.000782 s

[ 2017-04-09T09:24:08+08:00 ] ::1 /eshop/index.php/Home/Shop/index/shopId/3.html
ERR: Cron:cron Runat 2017-04-09 09:24:08 Use 0.000541 s

[ 2017-04-09T09:25:31+08:00 ] ::1 /eshop/index.php/Home/Shop/index/shopId/3.html
ERR: Cron:cron Runat 2017-04-09 09:25:31 Use 0.001038 s

[ 2017-04-09T09:26:16+08:00 ] ::1 /eshop/index.php/Home/Shop/index/shopId/3.html
ERR: Cron:cron Runat 2017-04-09 09:26:16 Use 0.000613 s

[ 2017-04-09T09:26:42+08:00 ] ::1 /eshop/index.php/Home/Shop/index/shopId/3.html
ERR: Cron:cron Runat 2017-04-09 09:26:42 Use 0.000458 s

[ 2017-04-09T09:27:57+08:00 ] ::1 /eshop/index.php/Home/Shop/index/shopId/3.html
ERR: Cron:cron Runat 2017-04-09 09:27:57 Use 0.000608 s

[ 2017-04-09T09:28:11+08:00 ] ::1 /eshop/index.php/Home/Shop/index/shopId/3.html
ERR: Cron:cron Runat 2017-04-09 09:28:11 Use 0.000662 s

[ 2017-04-09T09:29:35+08:00 ] ::1 /eshop/index.php/Home/Shop/index/shopId/3.html
ERR: Cron:cron Runat 2017-04-09 09:29:35 Use 0.000447 s

[ 2017-04-09T09:29:49+08:00 ] ::1 /eshop/index.php/Home/Shop/index/shopId/3.html
ERR: Cron:cron Runat 2017-04-09 09:29:49 Use 0.001015 s

[ 2017-04-09T09:29:58+08:00 ] ::1 /eshop/index.php/Home/Shop/index/shopId/3.html
ERR: Cron:cron Runat 2017-04-09 09:29:58 Use 0.000795 s

[ 2017-04-09T09:30:10+08:00 ] ::1 /eshop/index.php/Home/Shop/index/shopId/3.html
ERR: Cron:cron Runat 2017-04-09 09:30:10 Use 0.001301 s

[ 2017-04-09T09:31:01+08:00 ] ::1 /eshop/index.php/Home/Shop/index/shopId/3.html
ERR: Cron:cron Runat 2017-04-09 09:31:01 Use 0.000575 s

[ 2017-04-09T09:32:11+08:00 ] ::1 /eshop/index.php/Home/Shop/index/shopId/3.html
ERR: Cron:cron Runat 2017-04-09 09:32:11 Use 0.000636 s

[ 2017-04-09T09:32:34+08:00 ] ::1 /eshop/index.php/Home/Shop/index/shopId/3.html
ERR: Cron:cron Runat 2017-04-09 09:32:34 Use 0.000406 s

[ 2017-04-09T09:33:45+08:00 ] ::1 /eshop/index.php/Home/Shop/index/shopId/3.html
ERR: Cron:cron Runat 2017-04-09 09:33:45 Use 0.000657 s

[ 2017-04-09T09:34:19+08:00 ] ::1 /eshop/index.php/Home/Shop/index/shopId/3.html
ERR: Cron:cron Runat 2017-04-09 09:34:19 Use 0.000782 s

[ 2017-04-09T09:35:24+08:00 ] ::1 /eshop/index.php/Home/Shop/index/shopId/3.html
ERR: Cron:cron Runat 2017-04-09 09:35:24 Use 0.000640 s

[ 2017-04-09T09:35:29+08:00 ] ::1 /eshop/index.php/Home/Index/index.html
ERR: Cron:cron Runat 2017-04-09 09:35:29 Use 0.000655 s

[ 2017-04-09T09:37:06+08:00 ] ::1 /eshop/index.php/Home/Good/info/id/13.html
ERR: Cron:cron Runat 2017-04-09 09:37:06 Use 0.000673 s

[ 2017-04-09T09:37:13+08:00 ] ::1 /eshop/index.php/Home/Good/edit/id/13/src/audit.html
ERR: Cron:cron Runat 2017-04-09 09:37:13 Use 0.000407 s

[ 2017-04-09T09:37:28+08:00 ] ::1 /eshop/index.php/Home/Good/add.html
ERR: Cron:cron Runat 2017-04-09 09:37:28 Use 0.000507 s

[ 2017-04-09T09:38:19+08:00 ] ::1 /eshop/index.php/Home/Good/edit/id/15/src/audit.html
ERR: Cron:cron Runat 2017-04-09 09:38:19 Use 0.000722 s

[ 2017-04-09T09:38:24+08:00 ] ::1 /eshop/index.php/Home/Good/edit/id/10/src/audit.html
ERR: Cron:cron Runat 2017-04-09 09:38:24 Use 0.000546 s

[ 2017-04-09T09:40:32+08:00 ] ::1 /eshop/index.php/Home/ShopManage/setting.html
ERR: Cron:cron Runat 2017-04-09 09:40:32 Use 0.000602 s

[ 2017-04-09T09:40:32+08:00 ] ::1 /eshop/index.php/Home/ShopManage/setting.html
ERR: 页面不存在！

[ 2017-04-09T09:41:25+08:00 ] ::1 /eshop/index.php/Home/ShopManage/setting.html
ERR: Cron:cron Runat 2017-04-09 09:41:25 Use 0.000466 s

[ 2017-04-09T09:41:25+08:00 ] ::1 /eshop/index.php/Home/ShopManage/setting.html
ERR: 页面不存在！

[ 2017-04-09T09:42:07+08:00 ] ::1 /eshop/index.php/Home/ShopManage/setting.html
ERR: Cron:cron Runat 2017-04-09 09:42:07 Use 0.000490 s

[ 2017-04-09T09:42:07+08:00 ] ::1 /eshop/index.php/Home/ShopManage/setting.html
ERR: 页面不存在！

[ 2017-04-09T09:43:47+08:00 ] ::1 /eshop/index.php/Home/Good/edit/id/10/src/audit.html
ERR: Cron:cron Runat 2017-04-09 09:43:47 Use 0.000413 s

[ 2017-04-09T09:43:49+08:00 ] ::1 /eshop/index.php/Home/ShopManage/setting.html
ERR: Cron:cron Runat 2017-04-09 09:43:49 Use 0.000941 s

[ 2017-04-09T09:45:15+08:00 ] ::1 /eshop/index.php/Home/ShopOrders/waitPay.html
ERR: Cron:cron Runat 2017-04-09 09:45:15 Use 0.000502 s

[ 2017-04-09T09:45:28+08:00 ] ::1 /eshop/index.php/Home/ShopOrders/waitPay.html
ERR: Cron:cron Runat 2017-04-09 09:45:28 Use 0.000451 s

[ 2017-04-09T09:47:15+08:00 ] ::1 /eshop/index.php/Home/ShopOrders/waitDelivery.html
ERR: Cron:cron Runat 2017-04-09 09:47:15 Use 0.000512 s

[ 2017-04-09T09:47:26+08:00 ] ::1 /eshop/index.php/Home/ShopOrders/failure.html
ERR: Cron:cron Runat 2017-04-09 09:47:26 Use 0.000574 s

[ 2017-04-09T09:47:28+08:00 ] ::1 /eshop/index.php/Home/ShopOrders/orderDetail.html
ERR: Cron:cron Runat 2017-04-09 09:47:28 Use 0.000455 s

[ 2017-04-09T09:53:46+08:00 ] ::1 /eshop/index.php/Home/ShopOrders/orderDetail.html
ERR: Cron:cron Runat 2017-04-09 09:53:46 Use 0.000451 s

[ 2017-04-09T09:53:51+08:00 ] ::1 /eshop/index.php/Home/ShopManage/setting.html
ERR: Cron:cron Runat 2017-04-09 09:53:51 Use 0.000545 s

[ 2017-04-09T09:54:09+08:00 ] ::1 /eshop/index.php/Home/ShopManage/infoList.html
ERR: Cron:cron Runat 2017-04-09 09:54:09 Use 0.000630 s

[ 2017-04-09T09:54:14+08:00 ] ::1 /eshop/index.php/Home/ShopManage/info.html
ERR: Cron:cron Runat 2017-04-09 09:54:14 Use 0.000451 s

[ 2017-04-09T09:54:16+08:00 ] ::1 /eshop/index.php/Home/ShopManage/index.html
ERR: Cron:cron Runat 2017-04-09 09:54:16 Use 0.000506 s

[ 2017-04-09T09:55:27+08:00 ] ::1 /eshop/index.php/Home/Shop/index/shopId/3.html
ERR: Cron:cron Runat 2017-04-09 09:55:27 Use 0.000499 s

[ 2017-04-09T09:55:34+08:00 ] ::1 /eshop/index.php/Home/Shop/index/shopId/3.html
ERR: Cron:cron Runat 2017-04-09 09:55:34 Use 0.000442 s

[ 2017-04-09T09:56:34+08:00 ] ::1 /eshop/index.php/Home/Shop/index/shopId/3.html
ERR: Cron:cron Runat 2017-04-09 09:56:34 Use 0.000462 s

[ 2017-04-09T09:56:45+08:00 ] ::1 /eshop/index.php/Home/Shop/index/shopId/3.html
ERR: Cron:cron Runat 2017-04-09 09:56:45 Use 0.000702 s

[ 2017-04-09T09:58:47+08:00 ] ::1 /eshop/index.php/Home/Shop/index/shopId/3.html
ERR: Cron:cron Runat 2017-04-09 09:58:47 Use 0.000468 s

[ 2017-04-09T10:03:37+08:00 ] ::1 /eshop/index.php/Home/Shop/index/shopId/3.html
ERR: Cron:cron Runat 2017-04-09 10:03:37 Use 0.000585 s

[ 2017-04-09T10:05:12+08:00 ] ::1 /eshop/index.php/Home/Shop/index/shopId/3.html
ERR: Cron:cron Runat 2017-04-09 10:05:12 Use 0.000605 s

[ 2017-04-09T10:07:32+08:00 ] ::1 /eshop/index.php/Home/Shop/index/shopId/3.html
ERR: Cron:cron Runat 2017-04-09 10:07:32 Use 0.000605 s

[ 2017-04-09T10:10:18+08:00 ] ::1 /eshop/index.php/Home/Shop/index/shopId/3.html
ERR: Cron:cron Runat 2017-04-09 10:10:18 Use 0.000493 s

[ 2017-04-09T10:10:43+08:00 ] ::1 /eshop/index.php/Home/Good/info/id/14.html
ERR: Cron:cron Runat 2017-04-09 10:10:43 Use 0.000806 s

[ 2017-04-09T10:11:21+08:00 ] ::1 /eshop/index.php/Home/Shop/index/shopId/3.html
ERR: Cron:cron Runat 2017-04-09 10:11:21 Use 0.000447 s

[ 2017-04-09T10:11:49+08:00 ] ::1 /eshop/index.php/Home/Shop/index/shopId/3.html
ERR: Cron:cron Runat 2017-04-09 10:11:49 Use 0.000478 s

[ 2017-04-09T10:14:40+08:00 ] ::1 /eshop/index.php/Home/Shop/index/shopId/3.html
ERR: Cron:cron Runat 2017-04-09 10:14:40 Use 0.000665 s

[ 2017-04-09T10:15:57+08:00 ] ::1 /eshop/index.php/Home/Shop/index/shopId/3.html
ERR: Cron:cron Runat 2017-04-09 10:15:57 Use 0.000651 s

[ 2017-04-09T10:22:03+08:00 ] ::1 /eshop/index.php/Home/Good/add.html
ERR: Cron:cron Runat 2017-04-09 10:22:03 Use 0.000682 s

[ 2017-04-09T10:22:50+08:00 ] ::1 /eshop/index.php/Good/getWebCart.html
ERR: Cron:cron Runat 2017-04-09 10:22:50 Use 0.000596 s

[ 2017-04-09T10:22:50+08:00 ] ::1 /eshop/index.php/Good/getWebCart.html
INFO: [ app_begin ] --START--
INFO: Run Behavior\ReadHtmlCacheBehavior [ RunTime:0.001305s ]
INFO: Run Behavior\CronRunBehavior [ RunTime:0.007007s ]
INFO: [ app_begin ] --END-- [ RunTime:0.009379s ]
SQL: SHOW COLUMNS FROM `eshop_shop` [ RunTime:0.0061s ]
SQL: SELECT `id` FROM `eshop_shop` WHERE `shoperId` = 13 LIMIT 1   [ RunTime:0.0005s ]
SQL: SELECT * FROM `eshop_shop` WHERE `id` = 3 AND `is_exam` = 1 AND `is_forbid` = 0 AND `is_show` = 1 LIMIT 1   [ RunTime:0.0006s ]
SQL: SHOW COLUMNS FROM `eshop_shop_firstmenu` [ RunTime:0.0065s ]
SQL: SELECT `id`,`name` FROM `eshop_shop_firstmenu` WHERE `shopId` = 3 AND `is_show` = 1  [ RunTime:0.0005s ]
SQL: SHOW COLUMNS FROM `eshop_shop_secondmenu` [ RunTime:0.0060s ]
SQL: SELECT `pid`,`id`,`sname` FROM `eshop_shop_secondmenu` WHERE `pid` IN ('1','5') AND `is_show` = 1  [ RunTime:0.0005s ]
SQL: SHOW COLUMNS FROM `eshop_secondmenu` [ RunTime:0.0058s ]
SQL: SELECT `id`,`name` FROM `eshop_secondmenu` WHERE `pid` = 2 AND `is_show` = 1  [ RunTime:0.0215s ]

[ 2017-04-09T10:22:52+08:00 ] ::1 /eshop/index.php/Good/getWebCart.html
ERR: Cron:cron Runat 2017-04-09 10:22:52 Use 0.000543 s

[ 2017-04-09T10:22:52+08:00 ] ::1 /eshop/index.php/Good/getWebCart.html
INFO: [ app_begin ] --START--
INFO: Run Behavior\ReadHtmlCacheBehavior [ RunTime:0.001355s ]
INFO: Run Behavior\CronRunBehavior [ RunTime:0.005996s ]
INFO: [ app_begin ] --END-- [ RunTime:0.008401s ]
SQL: SHOW COLUMNS FROM `eshop_shop` [ RunTime:0.0062s ]
SQL: SELECT `id` FROM `eshop_shop` WHERE `shoperId` = 13 LIMIT 1   [ RunTime:0.0004s ]
SQL: SELECT * FROM `eshop_shop` WHERE `id` = 3 AND `is_exam` = 1 AND `is_forbid` = 0 AND `is_show` = 1 LIMIT 1   [ RunTime:0.0004s ]
SQL: SHOW COLUMNS FROM `eshop_shop_firstmenu` [ RunTime:0.0058s ]
SQL: SELECT `id`,`name` FROM `eshop_shop_firstmenu` WHERE `shopId` = 3 AND `is_show` = 1  [ RunTime:0.0005s ]
SQL: SHOW COLUMNS FROM `eshop_shop_secondmenu` [ RunTime:0.0059s ]
SQL: SELECT `pid`,`id`,`sname` FROM `eshop_shop_secondmenu` WHERE `pid` IN ('1','5') AND `is_show` = 1  [ RunTime:0.0005s ]
SQL: SHOW COLUMNS FROM `eshop_thirdmenu` [ RunTime:0.0073s ]
SQL: SELECT `id`,`name` FROM `eshop_thirdmenu` WHERE `pid` = 3 AND `is_show` = 1  [ RunTime:0.0665s ]

[ 2017-04-09T10:22:55+08:00 ] ::1 /eshop/index.php/Good/getShopCart.html
ERR: Cron:cron Runat 2017-04-09 10:22:55 Use 0.000548 s

[ 2017-04-09T10:22:55+08:00 ] ::1 /eshop/index.php/Good/getShopCart.html
INFO: [ app_begin ] --START--
INFO: Run Behavior\ReadHtmlCacheBehavior [ RunTime:0.001205s ]
INFO: Run Behavior\CronRunBehavior [ RunTime:0.008476s ]
INFO: [ app_begin ] --END-- [ RunTime:0.010688s ]
SQL: SHOW COLUMNS FROM `eshop_shop` [ RunTime:0.0082s ]
SQL: SELECT `id` FROM `eshop_shop` WHERE `shoperId` = 13 LIMIT 1   [ RunTime:0.0004s ]
SQL: SELECT * FROM `eshop_shop` WHERE `id` = 3 AND `is_exam` = 1 AND `is_forbid` = 0 AND `is_show` = 1 LIMIT 1   [ RunTime:0.0006s ]
SQL: SHOW COLUMNS FROM `eshop_shop_firstmenu` [ RunTime:0.0071s ]
SQL: SELECT `id`,`name` FROM `eshop_shop_firstmenu` WHERE `shopId` = 3 AND `is_show` = 1  [ RunTime:0.0008s ]
SQL: SHOW COLUMNS FROM `eshop_shop_secondmenu` [ RunTime:0.0082s ]
SQL: SELECT `pid`,`id`,`sname` FROM `eshop_shop_secondmenu` WHERE `pid` IN ('1','5') AND `is_show` = 1  [ RunTime:0.0007s ]
SQL: SHOW COLUMNS FROM `eshop_shop_secondmenu` [ RunTime:0.0081s ]
SQL: SELECT `id`,`sname` FROM `eshop_shop_secondmenu` WHERE `pid` = 5 AND `is_show` = 1  [ RunTime:0.0006s ]

[ 2017-04-09T10:24:20+08:00 ] ::1 /eshop/index.php/Good/goodImg.html
ERR: Cron:cron Runat 2017-04-09 10:24:20 Use 0.003221 s

[ 2017-04-09T10:24:25+08:00 ] ::1 /eshop/index.php/Good/goodsSave.html
ERR: Cron:cron Runat 2017-04-09 10:24:25 Use 0.000526 s

[ 2017-04-09T10:24:25+08:00 ] ::1 /eshop/index.php/Good/goodsSave.html
INFO: [ app_begin ] --START--
INFO: Run Behavior\ReadHtmlCacheBehavior [ RunTime:0.001354s ]
INFO: Run Behavior\CronRunBehavior [ RunTime:0.006598s ]
INFO: [ app_begin ] --END-- [ RunTime:0.008942s ]
SQL: SHOW COLUMNS FROM `eshop_shop` [ RunTime:0.0060s ]
SQL: SELECT `id` FROM `eshop_shop` WHERE `shoperId` = 13 LIMIT 1   [ RunTime:0.0004s ]
SQL: SELECT * FROM `eshop_shop` WHERE `id` = 3 AND `is_exam` = 1 AND `is_forbid` = 0 AND `is_show` = 1 LIMIT 1   [ RunTime:0.0005s ]
SQL: SHOW COLUMNS FROM `eshop_shop_firstmenu` [ RunTime:0.0058s ]
SQL: SELECT `id`,`name` FROM `eshop_shop_firstmenu` WHERE `shopId` = 3 AND `is_show` = 1  [ RunTime:0.0005s ]
SQL: SHOW COLUMNS FROM `eshop_shop_secondmenu` [ RunTime:0.0060s ]
SQL: SELECT `pid`,`id`,`sname` FROM `eshop_shop_secondmenu` WHERE `pid` IN ('1','5') AND `is_show` = 1  [ RunTime:0.0006s ]
SQL: SELECT `id` FROM `eshop_shop` WHERE `shoperId` = 13 LIMIT 1   [ RunTime:0.0004s ]
NOTIC: [2] call_user_func() expects parameter 1 to be a valid callback, no array or string given D:\wampserver\wamp\www\eshop\ThinkPHP\Library\Think\Upload.class.php 第 170 行.
NOTIC: [8] Undefined variable: x D:\wampserver\wamp\www\eshop\ThinkPHP\Library\Think\Image\Driver\Gd.class.php 第 270 行.
NOTIC: [8] Undefined variable: y D:\wampserver\wamp\www\eshop\ThinkPHP\Library\Think\Image\Driver\Gd.class.php 第 270 行.
SQL: SHOW COLUMNS FROM `eshop_good` [ RunTime:0.0070s ]
SQL: SHOW COLUMNS FROM `eshop_goodnav` [ RunTime:0.0058s ]
SQL: SHOW COLUMNS FROM `eshop_goodservice` [ RunTime:0.0056s ]
SQL: SHOW COLUMNS FROM `eshop_goodinfo` [ RunTime:0.0063s ]
NOTIC: [8] Undefined index: validate D:\wampserver\wamp\www\eshop\ThinkPHP\Library\Think\Model.class.php 第 1185 行.
SQL: SELECT * FROM `eshop_good` WHERE `goodNumber` = '14828254901369797085' LIMIT 1   [ RunTime:0.0273s ]
NOTIC: [8] Undefined index: auto D:\wampserver\wamp\www\eshop\ThinkPHP\Library\Think\Model.class.php 第 1128 行.
SQL: INSERT INTO `eshop_good` (`marketPrice`,`shopPrice`,`stock`,`place`,`status`,`good_log`,`name`,`stock_warning`,`goodNumber`,`is_recomend`,`is_new`,`time`,`modify_recenet`) VALUES ('2.34','1.86','345','山东','1','Uploads/Shops/logo/2017-04-09/thumb_58e99b5942159.jpg','红富士苹果','21','14828254901369797085','1','1','1491704665','1491704665') [ RunTime:0.0007s ]
SQL: SHOW COLUMNS FROM `eshop_goodimg` [ RunTime:0.0058s ]
SQL: INSERT INTO `eshop_goodnav` (`goodId`,`shopId`,`createtime`,`modify_time`,`w_fid`,`w_sid`,`w_tid`,`s_fid`,`s_sid`) VALUES ('18','3','1491704665','1491704665','2','3','4','5','13') [ RunTime:0.0506s ]
SQL: INSERT INTO `eshop_goodservice` (`goodId`,`content`,`createtime`,`modify_time`) VALUES ('18','&lt;p&gt;苹果好吃，香甜可口。&lt;br/&gt;&lt;/p&gt;','1491704665','1491704665') [ RunTime:0.0007s ]
SQL: INSERT INTO `eshop_goodinfo` (`goodId`,`lableId`,`lableContent`) VALUES ('18','1','0.5kg/个'),('18','2','袋装'),('18','3','红富士'),('18','4','2017-04-02'),('18','5','3个月'),('18','6','常温或冷藏'),('18','7','1'),('18','8','1'),('18','9','免邮') [ RunTime:0.0019s ]
SQL: INSERT INTO `eshop_goodimg` (`goodId`,`img`,`thumb_img`,`createtime`) VALUES ('18','Uploads/Shops/goods/2017-04-09/58e99b5472c02.jpg','Uploads/Shops/goods/2017-04-09/thumb150_58e99b5472c02.jpg','1491704665'),('18','Uploads/Shops/goods/2017-04-09/58e99b549b510.jpg','Uploads/Shops/goods/2017-04-09/thumb150_58e99b549b510.jpg','1491704665') [ RunTime:0.0009s ]

[ 2017-04-09T10:24:28+08:00 ] ::1 /eshop/index.php/Good/audit.html
ERR: Cron:cron Runat 2017-04-09 10:24:28 Use 0.000514 s

[ 2017-04-09T10:24:46+08:00 ] ::1 /eshop/index.php/Home/Good/audit.html
ERR: Cron:cron Runat 2017-04-09 10:24:46 Use 0.000555 s

[ 2017-04-09T10:26:01+08:00 ] ::1 /eshop/index.php/Home/Good/audit.html
ERR: Cron:cron Runat 2017-04-09 10:26:01 Use 0.000551 s

[ 2017-04-09T10:26:10+08:00 ] ::1 /eshop/index.php/Home/Good/audit.html
ERR: Cron:cron Runat 2017-04-09 10:26:10 Use 0.000470 s

[ 2017-04-09T10:26:38+08:00 ] ::1 /eshop/index.php/Home/Good/audit.html
ERR: Cron:cron Runat 2017-04-09 10:26:38 Use 0.000549 s

[ 2017-04-09T10:26:48+08:00 ] ::1 /eshop/index.php/Home/Good/info/id/18.html
ERR: Cron:cron Runat 2017-04-09 10:26:48 Use 0.001027 s

[ 2017-04-09T10:27:15+08:00 ] ::1 /eshop/index.php/Home/Shop/index/shopId/3.html
ERR: Cron:cron Runat 2017-04-09 10:27:15 Use 0.000589 s

[ 2017-04-09T10:31:13+08:00 ] ::1 /eshop/index.php/Home/Shop/index/shopId/3.html
ERR: Cron:cron Runat 2017-04-09 10:31:13 Use 0.000590 s

[ 2017-04-09T10:31:27+08:00 ] ::1 /eshop/index.php/Home/Shop/index/shopId/3.html
ERR: Cron:cron Runat 2017-04-09 10:31:27 Use 0.000535 s

[ 2017-04-09T10:33:24+08:00 ] ::1 /eshop/index.php/Home/Shop/index/shopId/3.html
ERR: Cron:cron Runat 2017-04-09 10:33:24 Use 0.000562 s

[ 2017-04-09T10:33:24+08:00 ] ::1 /eshop/index.php/Home/Shop/index/shopId/3.html
ERR: 1064:You have an error in your SQL syntax; check the manual that corresponds to your MySQL server version for the right syntax to use near 'dec' at line 1
 [ SQL语句 ] : SELECT * FROM eshop_goodnav n INNER JOIN eshop_good as g on n.goodId = g.id  WHERE `shopId` = 3 ORDER BY modify_recenet dec 

[ 2017-04-09T10:33:43+08:00 ] ::1 /eshop/index.php/Home/Shop/index/shopId/3.html
ERR: Cron:cron Runat 2017-04-09 10:33:43 Use 0.000470 s

[ 2017-04-09T10:41:05+08:00 ] ::1 /eshop/index.php/Home/Shop/index/shopId/3.html
ERR: Cron:cron Runat 2017-04-09 10:41:05 Use 0.000517 s

[ 2017-04-09T10:41:34+08:00 ] ::1 /eshop/index.php/Home/Shop/index/shopId/3.html
ERR: Cron:cron Runat 2017-04-09 10:41:34 Use 0.000530 s

[ 2017-04-09T10:48:43+08:00 ] ::1 /eshop/index.php/Home/Shop/index/shopId/3.html
ERR: Cron:cron Runat 2017-04-09 10:48:43 Use 0.000611 s

[ 2017-04-09T10:52:22+08:00 ] ::1 /eshop/index.php/Home/Shop/index/shopId/3.html
ERR: Cron:cron Runat 2017-04-09 10:52:22 Use 0.000551 s

[ 2017-04-09T10:53:01+08:00 ] ::1 /eshop/index.php/Home/Shop/index/shopId/3.html
ERR: Cron:cron Runat 2017-04-09 10:53:01 Use 0.000563 s

[ 2017-04-09T10:55:51+08:00 ] ::1 /eshop/index.php/Home/Shop/index/shopId/3.html
ERR: Cron:cron Runat 2017-04-09 10:55:51 Use 0.000469 s

[ 2017-04-09T10:56:03+08:00 ] ::1 /eshop/index.php/Home/Shop/index/shopId/3.html
ERR: Cron:cron Runat 2017-04-09 10:56:03 Use 0.000486 s

[ 2017-04-09T10:56:16+08:00 ] ::1 /eshop/index.php/Home/Shop/index/shopId/3.html
ERR: Cron:cron Runat 2017-04-09 10:56:16 Use 0.000411 s

[ 2017-04-09T10:56:36+08:00 ] ::1 /eshop/index.php/Home/Shop/index/shopId/3.html
ERR: Cron:cron Runat 2017-04-09 10:56:36 Use 0.000461 s

[ 2017-04-09T11:06:46+08:00 ] ::1 /eshop/index.php/Home/Shop/index/shopId/3.html
ERR: Cron:cron Runat 2017-04-09 11:06:46 Use 0.000388 s

[ 2017-04-09T11:07:50+08:00 ] ::1 /eshop/index.php/Home/Shop/index/shopId/3.html
ERR: Cron:cron Runat 2017-04-09 11:07:50 Use 0.001333 s

[ 2017-04-09T11:08:17+08:00 ] ::1 /eshop/index.php/Home/Shop/index/shopId/3.html
ERR: Cron:cron Runat 2017-04-09 11:08:17 Use 0.000376 s

[ 2017-04-09T11:09:07+08:00 ] ::1 /eshop/index.php/Home/Shop/index/shopId/3.html
ERR: Cron:cron Runat 2017-04-09 11:09:07 Use 0.000395 s

[ 2017-04-09T11:12:42+08:00 ] ::1 /eshop/index.php/Home/Shop/index/shopId/3.html
ERR: Cron:cron Runat 2017-04-09 11:12:42 Use 0.000484 s

[ 2017-04-09T11:14:00+08:00 ] ::1 /eshop/index.php/Home/Shop/index/shopId/3.html
ERR: Cron:cron Runat 2017-04-09 11:14:00 Use 0.000379 s

[ 2017-04-09T11:14:32+08:00 ] ::1 /eshop/index.php/Shop/moreList/shopId/3/scat/5.html
ERR: Cron:cron Runat 2017-04-09 11:14:32 Use 0.000476 s

[ 2017-04-09T11:15:36+08:00 ] ::1 /eshop/index.php/Home/Shop/index/shopId/3.html
ERR: Cron:cron Runat 2017-04-09 11:15:36 Use 0.000498 s

[ 2017-04-09T11:18:51+08:00 ] ::1 /eshop/index.php/Shop/moreList/shopId/3/scat/5.html
ERR: Cron:cron Runat 2017-04-09 11:18:51 Use 0.000381 s

[ 2017-04-09T11:21:45+08:00 ] ::1 /eshop/index.php/Shop/moreList/shopId/3/scat/5.html
ERR: Cron:cron Runat 2017-04-09 11:21:45 Use 0.000434 s

[ 2017-04-09T11:29:28+08:00 ] ::1 /eshop/index.php/Shop/moreList/shopId/3/scat/5.html
ERR: Cron:cron Runat 2017-04-09 11:29:28 Use 0.000400 s

[ 2017-04-09T11:29:48+08:00 ] ::1 /eshop/index.php/Shop/moreList/shopId/3/scat/3.html
ERR: Cron:cron Runat 2017-04-09 11:29:48 Use 0.000441 s

[ 2017-04-09T11:30:01+08:00 ] ::1 /eshop/index.php/Shop/moreList/shopId/3/scat/1.html
ERR: Cron:cron Runat 2017-04-09 11:30:01 Use 0.000385 s

[ 2017-04-09T11:30:10+08:00 ] ::1 /eshop/index.php/Shop/moreList/shopId/3/scat/5.html
ERR: Cron:cron Runat 2017-04-09 11:30:10 Use 0.000549 s

[ 2017-04-09T11:33:48+08:00 ] ::1 /eshop/index.php/Shop/moreList/shopId/3/scat/5.html
ERR: Cron:cron Runat 2017-04-09 11:33:48 Use 0.000335 s

[ 2017-04-09T11:37:14+08:00 ] ::1 /eshop/index.php/Shop/moreList/shopId/3/scat/5.html
ERR: Cron:cron Runat 2017-04-09 11:37:14 Use 0.000394 s

[ 2017-04-09T11:37:39+08:00 ] ::1 /eshop/index.php/Shop/moreList/shopId/3/scat/5.html
ERR: Cron:cron Runat 2017-04-09 11:37:39 Use 0.000391 s

[ 2017-04-09T11:38:04+08:00 ] ::1 /eshop/index.php/Shop/moreList/shopId/3/scat/5.html
ERR: Cron:cron Runat 2017-04-09 11:38:04 Use 0.000438 s

[ 2017-04-09T11:38:28+08:00 ] ::1 /eshop/index.php/Shop/moreList/shopId/3/scat/5.html
ERR: Cron:cron Runat 2017-04-09 11:38:28 Use 0.000440 s

[ 2017-04-09T11:41:40+08:00 ] ::1 /eshop/index.php/Shop/moreList/shopId/3/scat/1.html
ERR: Cron:cron Runat 2017-04-09 11:41:40 Use 0.000285 s

[ 2017-04-09T11:47:07+08:00 ] ::1 /eshop/index.php/Shop/moreList/shopId/3/scat/1.html
ERR: Cron:cron Runat 2017-04-09 11:47:07 Use 0.000473 s

[ 2017-04-09T11:51:58+08:00 ] ::1 /eshop/index.php/Shop/moreList/shopId/3/scat/1.html
ERR: Cron:cron Runat 2017-04-09 11:51:58 Use 0.000310 s

[ 2017-04-09T11:52:09+08:00 ] ::1 /eshop/index.php/Shop/moreList/shopId/3/scat/1.html
ERR: Cron:cron Runat 2017-04-09 11:52:09 Use 0.000474 s

[ 2017-04-09T11:52:14+08:00 ] ::1 /eshop/index.php/Shop/moreList/shopId/3/scat/5.html
ERR: Cron:cron Runat 2017-04-09 11:52:14 Use 0.000486 s

[ 2017-04-09T11:52:19+08:00 ] ::1 /eshop/index.php/Shop/moreList/shopId/3/scat/1.html
ERR: Cron:cron Runat 2017-04-09 11:52:19 Use 0.000417 s

[ 2017-04-09T11:52:49+08:00 ] ::1 /eshop/index.php/Shop/moreList/shopId/3/scat/1.html
ERR: Cron:cron Runat 2017-04-09 11:52:49 Use 0.000438 s

[ 2017-04-09T11:52:51+08:00 ] ::1 /eshop/index.php/Shop/moreList/shopId/3/scat/1.html
ERR: Cron:cron Runat 2017-04-09 11:52:51 Use 0.000371 s

[ 2017-04-09T11:53:27+08:00 ] ::1 /eshop/index.php/Shop/moreList/shopId/3/scat/5.html
ERR: Cron:cron Runat 2017-04-09 11:53:27 Use 0.000415 s

[ 2017-04-09T11:53:35+08:00 ] ::1 /eshop/index.php/Shop/moreList/shopId/3/scat/1/scat2/8.html
ERR: Cron:cron Runat 2017-04-09 11:53:35 Use 0.000920 s

[ 2017-04-09T11:53:42+08:00 ] ::1 /eshop/index.php/Shop/moreList/shopId/3/scat/5/scat2/13.html
ERR: Cron:cron Runat 2017-04-09 11:53:42 Use 0.000318 s

[ 2017-04-09T11:53:47+08:00 ] ::1 /eshop/index.php/Shop/moreList/shopId/3/scat/5/scat2/13.html
ERR: Cron:cron Runat 2017-04-09 11:53:47 Use 0.000334 s

[ 2017-04-09T11:54:34+08:00 ] ::1 /eshop/index.php/Shop/moreList/shopId/3/scat/5/scat2/13.html
ERR: Cron:cron Runat 2017-04-09 11:54:34 Use 0.001099 s

[ 2017-04-09T11:54:43+08:00 ] ::1 /eshop/index.php/Shop/moreList/shopId/3/scat/5/scat2/13.html
ERR: Cron:cron Runat 2017-04-09 11:54:43 Use 0.000412 s

[ 2017-04-09T11:55:27+08:00 ] ::1 /eshop/index.php/Shop/moreList/shopId/3/scat/5/scat2/13.html
ERR: Cron:cron Runat 2017-04-09 11:55:27 Use 0.000459 s

[ 2017-04-09T11:55:36+08:00 ] ::1 /eshop/index.php/Shop/moreList/shopId/3/scat/5.html
ERR: Cron:cron Runat 2017-04-09 11:55:36 Use 0.000442 s

[ 2017-04-09T11:56:07+08:00 ] ::1 /eshop/index.php/Shop/moreList/shopId/3/scat/5.html
ERR: Cron:cron Runat 2017-04-09 11:56:07 Use 0.000349 s

[ 2017-04-09T11:56:10+08:00 ] ::1 /eshop/index.php/Shop/moreList/shopId/3/scat/5.html
ERR: Cron:cron Runat 2017-04-09 11:56:10 Use 0.000363 s

[ 2017-04-09T11:56:24+08:00 ] ::1 /eshop/index.php/Shop/moreList/shopId/3/scat/5.html
ERR: Cron:cron Runat 2017-04-09 11:56:24 Use 0.000390 s

[ 2017-04-09T11:56:35+08:00 ] ::1 /eshop/index.php/Shop/moreList/shopId/3/scat/5.html
ERR: Cron:cron Runat 2017-04-09 11:56:35 Use 0.000440 s

[ 2017-04-09T11:56:46+08:00 ] ::1 /eshop/index.php/Shop/moreList/shopId/3/scat/5.html
ERR: Cron:cron Runat 2017-04-09 11:56:46 Use 0.000400 s

[ 2017-04-09T11:59:09+08:00 ] ::1 /eshop/index.php/Shop/moreList/shopId/3/scat/5.html
ERR: Cron:cron Runat 2017-04-09 11:59:09 Use 0.000359 s

[ 2017-04-09T11:59:18+08:00 ] ::1 /eshop/index.php/Home/Shop/index/shopId/3.html
ERR: Cron:cron Runat 2017-04-09 11:59:18 Use 0.000439 s

[ 2017-04-09T11:59:27+08:00 ] ::1 /eshop/index.php/Home/Shop/index/shopId/3.html
ERR: Cron:cron Runat 2017-04-09 11:59:27 Use 0.000395 s

[ 2017-04-09T12:02:32+08:00 ] ::1 /eshop/index.php/Home/Shop/index/shopId/3.html
ERR: Cron:cron Runat 2017-04-09 12:02:32 Use 0.000423 s

[ 2017-04-09T12:03:33+08:00 ] ::1 /eshop/index.php/Home/Shop/index/shopId/3.html
ERR: Cron:cron Runat 2017-04-09 12:03:33 Use 0.000438 s

[ 2017-04-09T12:04:01+08:00 ] ::1 /eshop/index.php/Home/Shop/index/shopId/3.html
ERR: Cron:cron Runat 2017-04-09 12:04:01 Use 0.000713 s

[ 2017-04-09T12:04:30+08:00 ] ::1 /eshop/index.php/Shop/moreList/shopId/3/scat/5.html
ERR: Cron:cron Runat 2017-04-09 12:04:30 Use 0.000367 s

[ 2017-04-09T12:04:46+08:00 ] ::1 /eshop/index.php/Home/Shop/index.html
ERR: Cron:cron Runat 2017-04-09 12:04:46 Use 0.000327 s

[ 2017-04-09T12:04:46+08:00 ] ::1 /eshop/index.php/Home/Shop/index.html
ERR: 页面不存在！

[ 2017-04-09T12:05:51+08:00 ] ::1 /eshop/index.php/Shop/moreList/shopId/3/scat/5.html
ERR: Cron:cron Runat 2017-04-09 12:05:51 Use 0.000372 s

[ 2017-04-09T12:05:55+08:00 ] ::1 /eshop/index.php/Home/Shop/index/shopId/3.html
ERR: Cron:cron Runat 2017-04-09 12:05:55 Use 0.000338 s

[ 2017-04-09T12:06:09+08:00 ] ::1 /eshop/index.php/Shop/moreList/shopId/3/scat/5.html
ERR: Cron:cron Runat 2017-04-09 12:06:09 Use 0.000391 s

