[ 2017-04-03T09:03:19+08:00 ] ::1 /eshop/index.php/Home/Good/onsale.html
ERR: Cron:cron Runat 2017-04-03 09:03:19 Use 0.001122 s

[ 2017-04-03T09:09:28+08:00 ] ::1 /eshop/index.php/Home/Shop/index.html
ERR: Cron:cron Runat 2017-04-03 09:09:28 Use 0.000565 s

[ 2017-04-03T09:11:44+08:00 ] ::1 /eshop/index.php/Home/Shop/index.html
ERR: Cron:cron Runat 2017-04-03 09:11:44 Use 0.000551 s

[ 2017-04-03T09:14:01+08:00 ] ::1 /eshop/index.php/Home/Shop/index.html
ERR: Cron:cron Runat 2017-04-03 09:14:01 Use 0.000555 s

[ 2017-04-03T09:14:40+08:00 ] ::1 /eshop/index.php/Home/Index/index.html
ERR: Cron:cron Runat 2017-04-03 09:14:40 Use 0.000535 s

[ 2017-04-03T09:15:38+08:00 ] ::1 /eshop/index.php/Home/Shop/index.html
ERR: Cron:cron Runat 2017-04-03 09:15:38 Use 0.001142 s

[ 2017-04-03T09:16:50+08:00 ] ::1 /eshop/index.php/Home/Shop/index.html
ERR: Cron:cron Runat 2017-04-03 09:16:50 Use 0.000544 s

[ 2017-04-03T09:17:44+08:00 ] ::1 /eshop/index.php/Home/Shop/index.html
ERR: Cron:cron Runat 2017-04-03 09:17:44 Use 0.000588 s

[ 2017-04-03T09:18:31+08:00 ] ::1 /eshop/index.php/Home/Shop/index.html
ERR: Cron:cron Runat 2017-04-03 09:18:31 Use 0.000496 s

[ 2017-04-03T09:18:54+08:00 ] ::1 /eshop/index.php/Home/Shop/index.html
ERR: Cron:cron Runat 2017-04-03 09:18:54 Use 0.000559 s

[ 2017-04-03T09:20:33+08:00 ] ::1 /eshop/index.php/Home/Shop/index.html
ERR: Cron:cron Runat 2017-04-03 09:20:33 Use 0.000539 s

[ 2017-04-03T09:22:09+08:00 ] ::1 /eshop/index.php/Home/Shop/index.html
ERR: Cron:cron Runat 2017-04-03 09:22:09 Use 0.000536 s

[ 2017-04-03T09:24:09+08:00 ] ::1 /eshop/index.php/Home/Shop/index.html
ERR: Cron:cron Runat 2017-04-03 09:24:09 Use 0.000512 s

[ 2017-04-03T09:25:57+08:00 ] ::1 /eshop/index.php/Home/Shop/index.html
ERR: Cron:cron Runat 2017-04-03 09:25:57 Use 0.000457 s

[ 2017-04-03T09:26:51+08:00 ] ::1 /eshop/index.php/Home/Shop/index.html
ERR: Cron:cron Runat 2017-04-03 09:26:51 Use 0.000537 s

[ 2017-04-03T09:28:36+08:00 ] ::1 /eshop/index.php/Home/Shop/index.html
ERR: Cron:cron Runat 2017-04-03 09:28:36 Use 0.000570 s

[ 2017-04-03T09:29:06+08:00 ] ::1 /eshop/index.php/Home/Shop/index.html
ERR: Cron:cron Runat 2017-04-03 09:29:06 Use 0.000939 s

[ 2017-04-03T09:29:12+08:00 ] ::1 /eshop/index.php/Home/Shop/index.html
ERR: Cron:cron Runat 2017-04-03 09:29:12 Use 0.000498 s

[ 2017-04-03T09:29:14+08:00 ] ::1 /eshop/index.php/Home/Shop/index.html
ERR: Cron:cron Runat 2017-04-03 09:29:14 Use 0.000569 s

[ 2017-04-03T09:29:39+08:00 ] ::1 /eshop/index.php/Home/Shop/index.html
ERR: Cron:cron Runat 2017-04-03 09:29:39 Use 0.000541 s

[ 2017-04-03T09:29:43+08:00 ] ::1 /eshop/index.php/Home/Shop/goods_info.html
ERR: Cron:cron Runat 2017-04-03 09:29:43 Use 0.000486 s

[ 2017-04-03T09:29:43+08:00 ] ::1 /eshop/index.php/Home/Shop/goods_info.html
ERR: 非法操作:goods_info

[ 2017-04-03T09:29:54+08:00 ] ::1 /eshop/index.php/Home/Shop/index.html
ERR: Cron:cron Runat 2017-04-03 09:29:54 Use 0.000544 s

[ 2017-04-03T09:30:52+08:00 ] ::1 /eshop/index.php/Home/Shop/index.html
ERR: Cron:cron Runat 2017-04-03 09:30:52 Use 0.000513 s

[ 2017-04-03T09:31:09+08:00 ] ::1 /eshop/index.php/Home/ShopCart/index.html
ERR: Cron:cron Runat 2017-04-03 09:31:09 Use 0.000579 s

[ 2017-04-03T09:32:23+08:00 ] ::1 /eshop/index.php/Home/Shop/index.html
ERR: Cron:cron Runat 2017-04-03 09:32:23 Use 0.000539 s

[ 2017-04-03T09:32:23+08:00 ] ::1 /eshop/Public/Home/Css/scommon.css
ERR: 无法加载控制器:Public

[ 2017-04-03T09:32:24+08:00 ] ::1 /eshop/Public/Home/Css/scommon.css
ERR: 无法加载控制器:Public

[ 2017-04-03T09:35:04+08:00 ] ::1 /eshop/index.php/Home/Shop/index.html
ERR: Cron:cron Runat 2017-04-03 09:35:04 Use 0.000651 s

[ 2017-04-03T09:35:04+08:00 ] ::1 /eshop/Public/Home/Css/scommon.css
ERR: 无法加载控制器:Public

[ 2017-04-03T09:35:04+08:00 ] ::1 /eshop/Public/Home/Css/scommon.css
ERR: 无法加载控制器:Public

[ 2017-04-03T09:36:03+08:00 ] ::1 /eshop/index.php/Home/Shop/index.html
ERR: Cron:cron Runat 2017-04-03 09:36:03 Use 0.000610 s

[ 2017-04-03T09:36:04+08:00 ] ::1 /eshop/Public/Home/Css/scommon.css
ERR: 无法加载控制器:Public

[ 2017-04-03T09:37:13+08:00 ] ::1 /eshop/index.php/Home/Shop/index.html
ERR: Cron:cron Runat 2017-04-03 09:37:13 Use 0.000468 s

[ 2017-04-03T09:37:13+08:00 ] ::1 /eshop/Public/Home/Css/scommon.css
ERR: 无法加载控制器:Public

[ 2017-04-03T09:37:13+08:00 ] ::1 /eshop/Public/Home/Css/scommon.css
ERR: 无法加载控制器:Public

[ 2017-04-03T09:37:24+08:00 ] ::1 /eshop/index.php/Home/Shop/index.html
ERR: Cron:cron Runat 2017-04-03 09:37:24 Use 0.000724 s

[ 2017-04-03T09:37:24+08:00 ] ::1 /eshop/Public/Home/Css/scommon.css
ERR: 无法加载控制器:Public

[ 2017-04-03T09:37:24+08:00 ] ::1 /eshop/Public/Home/Css/scommon.css
ERR: 无法加载控制器:Public

[ 2017-04-03T09:38:15+08:00 ] ::1 /eshop/index.php/Home/Shop/index.html
ERR: Cron:cron Runat 2017-04-03 09:38:15 Use 0.000422 s

[ 2017-04-03T09:38:15+08:00 ] ::1 /eshop/Public/Home/Css/scommon.css
ERR: 无法加载控制器:Public

[ 2017-04-03T09:38:15+08:00 ] ::1 /eshop/Public/Home/Css/scommon.css
ERR: 无法加载控制器:Public

[ 2017-04-03T09:38:48+08:00 ] ::1 /eshop/index.php/Home/Shop/index.html
ERR: Cron:cron Runat 2017-04-03 09:38:48 Use 0.000599 s

[ 2017-04-03T09:38:49+08:00 ] ::1 /eshop/Public/Home/Css/scommon.css
ERR: 无法加载控制器:Public

[ 2017-04-03T09:38:49+08:00 ] ::1 /eshop/Public/Home/Css/scommon.css
ERR: 无法加载控制器:Public

[ 2017-04-03T09:39:22+08:00 ] ::1 /eshop/index.php/Home/Shop/index.html
ERR: Cron:cron Runat 2017-04-03 09:39:22 Use 0.000491 s

[ 2017-04-03T09:39:49+08:00 ] ::1 /eshop/index.php/Home/Shop/index.html
ERR: Cron:cron Runat 2017-04-03 09:39:49 Use 0.000507 s

[ 2017-04-03T09:40:40+08:00 ] ::1 /eshop/index.php/Home/Shop/index.html
ERR: Cron:cron Runat 2017-04-03 09:40:40 Use 0.000590 s

[ 2017-04-03T09:41:14+08:00 ] ::1 /eshop/index.php/Home/Index/index.html
ERR: Cron:cron Runat 2017-04-03 09:41:14 Use 0.000506 s

[ 2017-04-03T09:41:22+08:00 ] ::1 /eshop/index.php/Home/Shop/index.html
ERR: Cron:cron Runat 2017-04-03 09:41:22 Use 0.000550 s

[ 2017-04-03T09:44:35+08:00 ] ::1 /eshop/index.php/Home/Index/index.html
ERR: Cron:cron Runat 2017-04-03 09:44:35 Use 0.000435 s

[ 2017-04-03T09:46:27+08:00 ] ::1 /eshop/index.php/Home/Shop/index.html
ERR: Cron:cron Runat 2017-04-03 09:46:27 Use 0.000719 s

[ 2017-04-03T09:47:19+08:00 ] ::1 /eshop/index.php/Home/Index/index.html
ERR: Cron:cron Runat 2017-04-03 09:47:19 Use 0.000491 s

[ 2017-04-03T09:47:22+08:00 ] ::1 /eshop/index.php/Home/Good/onsale.html
ERR: Cron:cron Runat 2017-04-03 09:47:22 Use 0.000662 s

[ 2017-04-03T09:48:10+08:00 ] ::1 /eshop/index.php/Home/Shop/index.html
ERR: Cron:cron Runat 2017-04-03 09:48:10 Use 0.000353 s

[ 2017-04-03T09:48:57+08:00 ] ::1 /eshop/index.php/Home/Shop/index.html
ERR: Cron:cron Runat 2017-04-03 09:48:57 Use 0.000374 s

[ 2017-04-03T09:51:11+08:00 ] ::1 /eshop/index.php/Home/Shop/index.html
ERR: Cron:cron Runat 2017-04-03 09:51:11 Use 0.000403 s

[ 2017-04-03T09:52:39+08:00 ] ::1 /eshop/index.php/Home/Shop/index.html
ERR: Cron:cron Runat 2017-04-03 09:52:39 Use 0.000309 s

[ 2017-04-03T09:52:54+08:00 ] ::1 /eshop/index.php/Home/Shop/index.html
ERR: Cron:cron Runat 2017-04-03 09:52:54 Use 0.000347 s

[ 2017-04-03T09:54:04+08:00 ] ::1 /eshop/index.php/Home/Shop/index.html
ERR: Cron:cron Runat 2017-04-03 09:54:04 Use 0.000624 s

[ 2017-04-03T09:54:35+08:00 ] ::1 /eshop/index.php/Home/Shop/index.html
ERR: Cron:cron Runat 2017-04-03 09:54:35 Use 0.000296 s

[ 2017-04-03T09:54:53+08:00 ] ::1 /eshop/index.php/Home/Shop/index.html
ERR: Cron:cron Runat 2017-04-03 09:54:53 Use 0.000341 s

[ 2017-04-03T09:56:19+08:00 ] ::1 /eshop/index.php/Home/Shop/index.html
ERR: Cron:cron Runat 2017-04-03 09:56:19 Use 0.000362 s

[ 2017-04-03T09:56:41+08:00 ] ::1 /eshop/index.php/Home/Shop/index.html
ERR: Cron:cron Runat 2017-04-03 09:56:41 Use 0.000289 s

[ 2017-04-03T09:57:15+08:00 ] ::1 /eshop/index.php/Home/Shop/index.html
ERR: Cron:cron Runat 2017-04-03 09:57:15 Use 0.000281 s

[ 2017-04-03T10:05:42+08:00 ] ::1 /eshop/index.php/Home/Shop/index.html
ERR: Cron:cron Runat 2017-04-03 10:05:42 Use 0.000358 s

[ 2017-04-03T10:05:46+08:00 ] ::1 /eshop/index.php/Shop/moreList.html
ERR: Cron:cron Runat 2017-04-03 10:05:46 Use 0.000394 s

[ 2017-04-03T10:06:03+08:00 ] ::1 /eshop/index.php/Shop/moreList.html
ERR: Cron:cron Runat 2017-04-03 10:06:03 Use 0.000320 s

[ 2017-04-03T10:06:25+08:00 ] ::1 /eshop/index.php/Shop/moreList.html
ERR: Cron:cron Runat 2017-04-03 10:06:25 Use 0.000362 s

[ 2017-04-03T10:08:44+08:00 ] ::1 /eshop/index.php/Shop/moreList.html
ERR: Cron:cron Runat 2017-04-03 10:08:44 Use 0.000277 s

[ 2017-04-03T10:09:38+08:00 ] ::1 /eshop/index.php/Shop/moreList.html
ERR: Cron:cron Runat 2017-04-03 10:09:38 Use 0.000286 s

[ 2017-04-03T10:10:34+08:00 ] ::1 /eshop/index.php/Shop/moreList.html
ERR: Cron:cron Runat 2017-04-03 10:10:34 Use 0.000361 s

[ 2017-04-03T10:11:46+08:00 ] ::1 /eshop/index.php/Shop/moreList.html
ERR: Cron:cron Runat 2017-04-03 10:11:46 Use 0.000317 s

[ 2017-04-03T10:12:14+08:00 ] ::1 /eshop/index.php/Shop/moreList.html
ERR: Cron:cron Runat 2017-04-03 10:12:14 Use 0.000395 s

[ 2017-04-03T10:14:16+08:00 ] ::1 /eshop/index.php/Shop/moreList.html
ERR: Cron:cron Runat 2017-04-03 10:14:16 Use 0.000290 s

[ 2017-04-03T10:17:19+08:00 ] ::1 /eshop/index.php/Shop/moreList.html
ERR: Cron:cron Runat 2017-04-03 10:17:19 Use 0.000282 s

[ 2017-04-03T10:19:56+08:00 ] ::1 /eshop/index.php/Shop/moreList.html
ERR: Cron:cron Runat 2017-04-03 10:19:56 Use 0.000393 s

[ 2017-04-03T10:20:27+08:00 ] ::1 /eshop/index.php/Shop/moreList.html
ERR: Cron:cron Runat 2017-04-03 10:20:27 Use 0.000350 s

[ 2017-04-03T10:20:29+08:00 ] ::1 /eshop/index.php/Shop/moreList.html
ERR: Cron:cron Runat 2017-04-03 10:20:29 Use 0.000410 s

[ 2017-04-03T10:20:54+08:00 ] ::1 /eshop/index.php/Shop/moreList.html
ERR: Cron:cron Runat 2017-04-03 10:20:54 Use 0.000369 s

[ 2017-04-03T10:21:20+08:00 ] ::1 /eshop/index.php/Shop/moreList.html
ERR: Cron:cron Runat 2017-04-03 10:21:20 Use 0.000288 s

[ 2017-04-03T10:27:24+08:00 ] ::1 /eshop/index.php/Shop/moreList.html
ERR: Cron:cron Runat 2017-04-03 10:27:24 Use 0.000271 s

[ 2017-04-03T10:31:16+08:00 ] ::1 /eshop/index.php/Shop/moreList.html
ERR: Cron:cron Runat 2017-04-03 10:31:16 Use 0.000468 s

[ 2017-04-03T10:31:16+08:00 ] ::1 /eshop/Public/Home/Shop/moreList.js
ERR: 无法加载控制器:Public

[ 2017-04-03T10:31:46+08:00 ] ::1 /eshop/index.php/Shop/moreList.html
ERR: Cron:cron Runat 2017-04-03 10:31:46 Use 0.000392 s

[ 2017-04-03T10:32:34+08:00 ] ::1 /eshop/index.php/Shop/moreList.html
ERR: Cron:cron Runat 2017-04-03 10:32:34 Use 0.000359 s

[ 2017-04-03T10:32:56+08:00 ] ::1 /eshop/index.php/Shop/moreList.html
ERR: Cron:cron Runat 2017-04-03 10:32:56 Use 0.000292 s

[ 2017-04-03T10:33:09+08:00 ] ::1 /eshop/index.php/Shop/moreList.html
ERR: Cron:cron Runat 2017-04-03 10:33:09 Use 0.000409 s

[ 2017-04-03T10:33:14+08:00 ] ::1 /eshop/index.php/Shop/moreList.html
ERR: Cron:cron Runat 2017-04-03 10:33:14 Use 0.000298 s

[ 2017-04-03T10:34:01+08:00 ] ::1 /eshop/index.php/Shop/moreList.html
ERR: Cron:cron Runat 2017-04-03 10:34:01 Use 0.000358 s

[ 2017-04-03T10:36:03+08:00 ] ::1 /eshop/index.php/Shop/moreList.html
ERR: Cron:cron Runat 2017-04-03 10:36:03 Use 0.000345 s

[ 2017-04-03T10:39:36+08:00 ] ::1 /eshop/index.php/Shop/moreList.html
ERR: Cron:cron Runat 2017-04-03 10:39:36 Use 0.000565 s

[ 2017-04-03T10:40:33+08:00 ] ::1 /eshop/index.php/Shop/moreList.html
ERR: Cron:cron Runat 2017-04-03 10:40:33 Use 0.000289 s

[ 2017-04-03T10:41:10+08:00 ] ::1 /eshop/index.php/Shop/moreList.html
ERR: Cron:cron Runat 2017-04-03 10:41:10 Use 0.000369 s

[ 2017-04-03T10:41:13+08:00 ] ::1 /eshop/index.php/Shop/moreList.html
ERR: Cron:cron Runat 2017-04-03 10:41:13 Use 0.000308 s

[ 2017-04-03T10:41:38+08:00 ] ::1 /eshop/index.php/Shop/moreList.html
ERR: Cron:cron Runat 2017-04-03 10:41:38 Use 0.000304 s

[ 2017-04-03T10:43:04+08:00 ] ::1 /eshop/index.php/Shop/moreList.html
ERR: Cron:cron Runat 2017-04-03 10:43:04 Use 0.000325 s

[ 2017-04-03T10:43:21+08:00 ] ::1 /eshop/index.php/Help/index.html
ERR: Cron:cron Runat 2017-04-03 10:43:21 Use 0.000713 s

[ 2017-04-03T10:46:25+08:00 ] ::1 /eshop/index.php/Shop/moreList.html
ERR: Cron:cron Runat 2017-04-03 10:46:25 Use 0.000402 s

[ 2017-04-03T10:52:34+08:00 ] ::1 /eshop/index.php/Home/Index/index.html
ERR: Cron:cron Runat 2017-04-03 10:52:34 Use 0.000343 s

[ 2017-04-03T10:52:37+08:00 ] ::1 /eshop/index.php/Home/Index/moreGoods.html
ERR: Cron:cron Runat 2017-04-03 10:52:37 Use 0.000294 s

[ 2017-04-03T10:52:37+08:00 ] ::1 /eshop/index.php/Home/Index/moreGoods.html
ERR: XML标签语法错误

[ 2017-04-03T10:52:52+08:00 ] ::1 /eshop/index.php/Home/Index/moreGoods.html
ERR: Cron:cron Runat 2017-04-03 10:52:52 Use 0.000337 s

[ 2017-04-03T10:52:52+08:00 ] ::1 /eshop/index.php/Home/Index/moreGoods.html
ERR: XML标签语法错误

[ 2017-04-03T10:52:54+08:00 ] ::1 /eshop/index.php/Home/Good/onsale.html
ERR: Cron:cron Runat 2017-04-03 10:52:54 Use 0.000372 s

[ 2017-04-03T10:52:57+08:00 ] ::1 /eshop/index.php/Home/Index/index.html
ERR: Cron:cron Runat 2017-04-03 10:52:57 Use 0.000374 s

[ 2017-04-03T10:52:59+08:00 ] ::1 /eshop/index.php/Index/moreGoods.html
ERR: Cron:cron Runat 2017-04-03 10:52:59 Use 0.000403 s

[ 2017-04-03T10:52:59+08:00 ] ::1 /eshop/index.php/Index/moreGoods.html
ERR: XML标签语法错误

[ 2017-04-03T10:53:25+08:00 ] ::1 /eshop/index.php/Home/Index/index.html
ERR: Cron:cron Runat 2017-04-03 10:53:25 Use 0.000376 s

[ 2017-04-03T10:53:29+08:00 ] ::1 /eshop/index.php/Home/Index/index.html
ERR: Cron:cron Runat 2017-04-03 10:53:29 Use 0.000443 s

[ 2017-04-03T10:53:32+08:00 ] ::1 /eshop/index.php/Index/moreGoods.html
ERR: Cron:cron Runat 2017-04-03 10:53:32 Use 0.000420 s

[ 2017-04-03T10:53:32+08:00 ] ::1 /eshop/index.php/Index/moreGoods.html
ERR: XML标签语法错误

[ 2017-04-03T10:56:32+08:00 ] ::1 /eshop/index.php/Home/Index/index.html
ERR: Cron:cron Runat 2017-04-03 10:56:32 Use 0.000334 s

[ 2017-04-03T10:56:34+08:00 ] ::1 /eshop/index.php/Home/Index/moreGoods.html
ERR: Cron:cron Runat 2017-04-03 10:56:34 Use 0.000409 s

[ 2017-04-03T10:56:34+08:00 ] ::1 /eshop/index.php/Home/Index/css/lists.css
ERR: 非法操作:css

[ 2017-04-03T10:57:08+08:00 ] ::1 /eshop/index.php/Home/Index/index.html
ERR: Cron:cron Runat 2017-04-03 10:57:08 Use 0.000326 s

[ 2017-04-03T10:57:09+08:00 ] ::1 /eshop/index.php/Home/Index/moreGoods.html
ERR: Cron:cron Runat 2017-04-03 10:57:09 Use 0.000954 s

[ 2017-04-03T10:57:09+08:00 ] ::1 /eshop/index.php/Home/Index/css/lists.css
ERR: 非法操作:css

[ 2017-04-03T10:59:00+08:00 ] ::1 /eshop/index.php/Home/Index/moreGoods.html
ERR: Cron:cron Runat 2017-04-03 10:59:00 Use 0.000368 s

[ 2017-04-03T11:01:11+08:00 ] ::1 /eshop/index.php/Home/Index/moreGoods.html
ERR: Cron:cron Runat 2017-04-03 11:01:11 Use 0.000345 s

[ 2017-04-03T11:02:43+08:00 ] ::1 /eshop/index.php/Home/Index/moreGoods.html
ERR: Cron:cron Runat 2017-04-03 11:02:43 Use 0.000353 s

[ 2017-04-03T11:03:27+08:00 ] ::1 /eshop/index.php/Home/Index/moreGoods.html
ERR: Cron:cron Runat 2017-04-03 11:03:27 Use 0.000395 s

[ 2017-04-03T11:03:34+08:00 ] ::1 /eshop/index.php/Home/Index/moreGoods.html
ERR: Cron:cron Runat 2017-04-03 11:03:34 Use 0.000360 s

[ 2017-04-03T11:04:34+08:00 ] ::1 /eshop/index.php/Home/Index/moreGoods.html
ERR: Cron:cron Runat 2017-04-03 11:04:34 Use 0.000306 s

[ 2017-04-03T11:05:22+08:00 ] ::1 /eshop/index.php/Home/Index/moreGoods.html
ERR: Cron:cron Runat 2017-04-03 11:05:22 Use 0.000360 s

[ 2017-04-03T11:05:49+08:00 ] ::1 /eshop/index.php/Home/Index/moreGoods.html
ERR: Cron:cron Runat 2017-04-03 11:05:49 Use 0.000299 s

[ 2017-04-03T11:08:40+08:00 ] ::1 /eshop/index.php/Home/Index/moreGoods.html
ERR: Cron:cron Runat 2017-04-03 11:08:40 Use 0.000331 s

[ 2017-04-03T11:10:14+08:00 ] ::1 /eshop/index.php/Home/Index/moreGoods.html
ERR: Cron:cron Runat 2017-04-03 11:10:14 Use 0.000361 s

[ 2017-04-03T11:11:02+08:00 ] ::1 /eshop/index.php/Home/Index/moreGoods.html
ERR: Cron:cron Runat 2017-04-03 11:11:02 Use 0.000517 s

[ 2017-04-03T11:11:52+08:00 ] ::1 /eshop/index.php/Home/Index/moreGoods.html
ERR: Cron:cron Runat 2017-04-03 11:11:52 Use 0.000300 s

[ 2017-04-03T11:12:46+08:00 ] ::1 /eshop/index.php/Home/Index/moreGoods.html
ERR: Cron:cron Runat 2017-04-03 11:12:46 Use 0.000297 s

[ 2017-04-03T11:14:31+08:00 ] ::1 /eshop/index.php/Home/Index/moreGoods.html
ERR: Cron:cron Runat 2017-04-03 11:14:31 Use 0.000337 s

[ 2017-04-03T11:15:15+08:00 ] ::1 /eshop/index.php/Home/Index/moreGoods.html
ERR: Cron:cron Runat 2017-04-03 11:15:15 Use 0.000447 s

[ 2017-04-03T11:16:01+08:00 ] ::1 /eshop/index.php/Home/Index/moreGoods.html
ERR: Cron:cron Runat 2017-04-03 11:16:01 Use 0.000284 s

[ 2017-04-03T11:16:31+08:00 ] ::1 /eshop/index.php/Home/Index/moreGoods.html
ERR: Cron:cron Runat 2017-04-03 11:16:31 Use 0.000381 s

[ 2017-04-03T11:16:42+08:00 ] ::1 /eshop/index.php/Home/Index/moreGoods.html
ERR: Cron:cron Runat 2017-04-03 11:16:42 Use 0.000363 s

[ 2017-04-03T11:16:46+08:00 ] ::1 /eshop/index.php/Home/Index/index.html
ERR: Cron:cron Runat 2017-04-03 11:16:46 Use 0.000360 s

[ 2017-04-03T11:17:48+08:00 ] ::1 /eshop/index.php/Home/Index/moreGoods.html
ERR: Cron:cron Runat 2017-04-03 11:17:48 Use 0.000377 s

[ 2017-04-03T11:17:52+08:00 ] ::1 /eshop/index.php/ShoppingCart/index.html
ERR: Cron:cron Runat 2017-04-03 11:17:52 Use 0.000344 s

[ 2017-04-03T11:19:30+08:00 ] ::1 /eshop/index.php/Home/Index/index.html
ERR: Cron:cron Runat 2017-04-03 11:19:30 Use 0.000380 s

[ 2017-04-03T11:19:33+08:00 ] ::1 /eshop/index.php/Index/info.html
ERR: Cron:cron Runat 2017-04-03 11:19:33 Use 0.000459 s

[ 2017-04-03T11:19:38+08:00 ] ::1 /eshop/index.php/ShoppingCart/index.html
ERR: Cron:cron Runat 2017-04-03 11:19:38 Use 0.000322 s

[ 2017-04-03T11:19:43+08:00 ] ::1 /eshop/index.php/ShoppingCart/shoporders.html
ERR: Cron:cron Runat 2017-04-03 11:19:43 Use 0.000393 s

[ 2017-04-03T11:19:43+08:00 ] ::1 /eshop/index.php/ShoppingCart/shoporders.html
ERR: 非法操作:shoporders

[ 2017-04-03T11:19:58+08:00 ] ::1 /eshop/index.php/Home/Index/index.html
ERR: Cron:cron Runat 2017-04-03 11:19:58 Use 0.000353 s

[ 2017-04-03T11:21:56+08:00 ] ::1 /eshop/index.php/Home/Index/index.html
ERR: Cron:cron Runat 2017-04-03 11:21:56 Use 0.000423 s

[ 2017-04-03T11:22:03+08:00 ] ::1 /eshop/index.php/Home/Index/moreGoods.html
ERR: Cron:cron Runat 2017-04-03 11:22:03 Use 0.000304 s

[ 2017-04-03T11:22:16+08:00 ] ::1 /eshop/index.php/Home/Index/moreGoods.html
ERR: Cron:cron Runat 2017-04-03 11:22:16 Use 0.000417 s

[ 2017-04-03T11:22:39+08:00 ] ::1 /eshop/index.php/Home/Good/store.html
ERR: Cron:cron Runat 2017-04-03 11:22:39 Use 0.000652 s

[ 2017-04-03T11:22:43+08:00 ] ::1 /eshop/index.php/Home/Good/info/id/10.html
ERR: Cron:cron Runat 2017-04-03 11:22:43 Use 0.000289 s

[ 2017-04-03T11:22:43+08:00 ] ::1 /eshop/index.php/Home/Good/info/id/10.html
ERR: 1064:You have an error in your SQL syntax; check the manual that corresponds to your MySQL server version for the right syntax to use near ')' at line 1
 [ SQL语句 ] : SELECT i.* FROM eshop_good g INNER JOIN eshop_goodimg as i on g.id = i.goodId  WHERE ( g.id =  ) 

[ 2017-04-03T11:23:00+08:00 ] ::1 /eshop/index.php/Home/Good/info/id/10.html
ERR: Cron:cron Runat 2017-04-03 11:23:00 Use 0.000295 s

[ 2017-04-03T11:23:01+08:00 ] ::1 /eshop/index.php/Home/Good/info/id/10.html
ERR: 1064:You have an error in your SQL syntax; check the manual that corresponds to your MySQL server version for the right syntax to use near ')' at line 1
 [ SQL语句 ] : SELECT i.* FROM eshop_good g INNER JOIN eshop_goodimg as i on g.id = i.goodId  WHERE ( g.id =  ) 

[ 2017-04-03T11:24:10+08:00 ] ::1 /eshop/index.php/Home/Good/info/id/10.html
ERR: Cron:cron Runat 2017-04-03 11:24:10 Use 0.000343 s

[ 2017-04-03T11:24:32+08:00 ] ::1 /eshop/index.php/Home/Good/info/id/10.html
ERR: Cron:cron Runat 2017-04-03 11:24:32 Use 0.000364 s

[ 2017-04-03T11:25:24+08:00 ] ::1 /eshop/index.php/Home/Good/illegal.html
ERR: Cron:cron Runat 2017-04-03 11:25:24 Use 0.000339 s

[ 2017-04-03T11:25:26+08:00 ] ::1 /eshop/index.php/Home/Good/stock.html
ERR: Cron:cron Runat 2017-04-03 11:25:26 Use 0.000316 s

[ 2017-04-03T11:25:32+08:00 ] ::1 /eshop/index.php/Good/changePro.html
ERR: Cron:cron Runat 2017-04-03 11:25:32 Use 0.000384 s

[ 2017-04-03T11:25:32+08:00 ] ::1 /eshop/index.php/Good/changePro.html
INFO: [ app_begin ] --START--
INFO: Run Behavior\ReadHtmlCacheBehavior [ RunTime:0.000754s ]
INFO: Run Behavior\CronRunBehavior [ RunTime:0.004710s ]
INFO: [ app_begin ] --END-- [ RunTime:0.006065s ]
SQL: SHOW COLUMNS FROM `eshop_shop` [ RunTime:0.0055s ]
SQL: SELECT * FROM `eshop_shop` WHERE `shoperId` = 13 AND `is_exam` = 1 AND `is_forbid` = 0 AND `is_show` = 1 LIMIT 1   [ RunTime:0.0004s ]
SQL: SELECT `id` FROM `eshop_shop` WHERE `shoperId` = 13 LIMIT 1   [ RunTime:0.0003s ]
SQL: SHOW COLUMNS FROM `eshop_shop_firstmenu` [ RunTime:0.0049s ]
SQL: SELECT `id`,`name` FROM `eshop_shop_firstmenu` WHERE `shopId` = 3 AND `is_show` = 1  [ RunTime:0.0004s ]
SQL: SHOW COLUMNS FROM `eshop_shop_secondmenu` [ RunTime:0.0052s ]
SQL: SELECT `pid`,`id`,`sname` FROM `eshop_shop_secondmenu` WHERE `pid` IN ('1','5') AND `is_show` = 1  [ RunTime:0.0004s ]
SQL: SHOW COLUMNS FROM `eshop_good` [ RunTime:0.0057s ]
SQL: UPDATE `eshop_good` SET `is_new`='1',`modify_recenet`='1491189932' WHERE ( id in (15) ) [ RunTime:0.0697s ]

[ 2017-04-03T11:25:34+08:00 ] ::1 /eshop/index.php/Home/Good/onsale.html
ERR: Cron:cron Runat 2017-04-03 11:25:34 Use 0.000417 s

[ 2017-04-03T11:25:36+08:00 ] ::1 /eshop/index.php/Home/Good/edit/id/15/src/audit.html
ERR: Cron:cron Runat 2017-04-03 11:25:36 Use 0.000295 s

[ 2017-04-03T11:25:45+08:00 ] ::1 /eshop/index.php/Home/Good/info/id/15.html
ERR: Cron:cron Runat 2017-04-03 11:25:45 Use 0.000478 s

[ 2017-04-03T11:25:51+08:00 ] ::1 /eshop/index.php/Home/Good/onsale.html
ERR: Cron:cron Runat 2017-04-03 11:25:51 Use 0.000319 s

[ 2017-04-03T11:26:21+08:00 ] ::1 /eshop/index.php/Home/Good/onsale.html
ERR: Cron:cron Runat 2017-04-03 11:26:21 Use 0.000375 s

[ 2017-04-03T11:26:23+08:00 ] ::1 /eshop/index.php/Home/Good/info/id/15.html
ERR: Cron:cron Runat 2017-04-03 11:26:23 Use 0.000382 s

[ 2017-04-03T11:26:59+08:00 ] ::1 /eshop/index.php/Home/Good/info/id/15.html
ERR: Cron:cron Runat 2017-04-03 11:26:59 Use 0.000343 s

[ 2017-04-03T11:27:02+08:00 ] ::1 /eshop/index.php/Home/Good/onsale.html
ERR: Cron:cron Runat 2017-04-03 11:27:02 Use 0.000382 s

[ 2017-04-03T11:27:04+08:00 ] ::1 /eshop/index.php/Home/Good/info/id/15.html
ERR: Cron:cron Runat 2017-04-03 11:27:04 Use 0.000295 s

[ 2017-04-03T11:27:16+08:00 ] ::1 /eshop/index.php/Home/Good/info/id/15.html
ERR: Cron:cron Runat 2017-04-03 11:27:16 Use 0.000355 s

[ 2017-04-03T11:28:08+08:00 ] ::1 /eshop/index.php/Home/Good/onsale.html
ERR: Cron:cron Runat 2017-04-03 11:28:08 Use 0.000334 s

[ 2017-04-03T11:28:25+08:00 ] ::1 /eshop/index.php/Home/Shop/index.html
ERR: Cron:cron Runat 2017-04-03 11:28:25 Use 0.000338 s

[ 2017-04-03T11:28:35+08:00 ] ::1 /eshop/index.php/Home/Good/onsale.html
ERR: Cron:cron Runat 2017-04-03 11:28:35 Use 0.000363 s

[ 2017-04-03T11:28:45+08:00 ] ::1 /eshop/index.php/Home/Good/store.html
ERR: Cron:cron Runat 2017-04-03 11:28:45 Use 0.000379 s

[ 2017-04-03T11:29:46+08:00 ] ::1 /eshop/index.php/Home/Good/store.html
ERR: Cron:cron Runat 2017-04-03 11:29:46 Use 0.000353 s

[ 2017-04-03T11:31:35+08:00 ] ::1 /eshop/index.php/Home/Good/store.html
ERR: Cron:cron Runat 2017-04-03 11:31:35 Use 0.000370 s

[ 2017-04-03T11:31:50+08:00 ] ::1 /eshop/index.php/Home/Good/store.html
ERR: Cron:cron Runat 2017-04-03 11:31:50 Use 0.000301 s

[ 2017-04-03T11:31:54+08:00 ] ::1 /eshop/index.php/Home/Shop/index.html
ERR: Cron:cron Runat 2017-04-03 11:31:54 Use 0.000451 s

[ 2017-04-03T11:32:12+08:00 ] ::1 /eshop/index.php/Shop/moreList.html
ERR: Cron:cron Runat 2017-04-03 11:32:12 Use 0.000349 s

[ 2017-04-03T11:32:36+08:00 ] ::1 /eshop/index.php/Home/Good/info/id/10.html
ERR: Cron:cron Runat 2017-04-03 11:32:36 Use 0.000420 s

