[ 2017-03-27T08:50:50+08:00 ] ::1 /eshop/index.php/Home/Good/audit.html
ERR: Cron:cron Runat 2017-03-27 08:50:50 Use 0.001867 s

[ 2017-03-27T08:51:44+08:00 ] ::1 /eshop/index.php/Home/ShopManage/index.html
ERR: Cron:cron Runat 2017-03-27 08:51:44 Use 0.000671 s

[ 2017-03-27T08:51:50+08:00 ] ::1 /eshop/index.php/Home/ShopManage/info.html
ERR: Cron:cron Runat 2017-03-27 08:51:50 Use 0.000530 s

[ 2017-03-27T08:51:54+08:00 ] ::1 /eshop/index.php/Home/ShopManage/setting.html
ERR: Cron:cron Runat 2017-03-27 08:51:54 Use 0.000667 s

[ 2017-03-27T08:53:44+08:00 ] ::1 /eshop/index.php/Home/ShopManage/setting.html
ERR: Cron:cron Runat 2017-03-27 08:53:44 Use 0.001029 s

[ 2017-03-27T08:54:49+08:00 ] ::1 /eshop/index.php/Home/ShoperCenter/security.html
ERR: Cron:cron Runat 2017-03-27 08:54:49 Use 0.001459 s

[ 2017-03-27T08:55:47+08:00 ] ::1 /eshop/index.php/Home/ShoperCenter/modifyPwd.html
ERR: Cron:cron Runat 2017-03-27 08:55:47 Use 0.001007 s

[ 2017-03-27T08:55:50+08:00 ] ::1 /eshop/index.php/Home/ShoperCenter/log.html
ERR: Cron:cron Runat 2017-03-27 08:55:50 Use 0.000649 s

[ 2017-03-27T08:55:58+08:00 ] ::1 /eshop/index.php/Home/ShoperCenter/info.html
ERR: Cron:cron Runat 2017-03-27 08:55:58 Use 0.000860 s

[ 2017-03-27T08:56:56+08:00 ] ::1 /eshop/index.php/Home/ShopManage/index.html
ERR: Cron:cron Runat 2017-03-27 08:56:56 Use 0.000586 s

[ 2017-03-27T09:00:23+08:00 ] ::1 /eshop/index.php/Home/ShopManage/info.html
ERR: Cron:cron Runat 2017-03-27 09:00:23 Use 0.000567 s

[ 2017-03-27T09:00:46+08:00 ] ::1 /eshop/index.php/Home/Index/index.html
ERR: Cron:cron Runat 2017-03-27 09:00:46 Use 0.000525 s

[ 2017-03-27T09:06:44+08:00 ] ::1 /eshop/index.php/Home/Index/more_info.html
ERR: Cron:cron Runat 2017-03-27 09:06:44 Use 0.000578 s

[ 2017-03-27T09:06:44+08:00 ] ::1 /eshop/index.php/Home/Index/more_info.html
ERR: 非法操作:more_info

[ 2017-03-27T09:18:03+08:00 ] ::1 /eshop/index.php/Home/Index/index.html
ERR: Cron:cron Runat 2017-03-27 09:18:03 Use 0.000696 s

[ 2017-03-27T09:18:06+08:00 ] ::1 /eshop/index.php/Index/info.html
ERR: Cron:cron Runat 2017-03-27 09:18:06 Use 0.000604 s

[ 2017-03-27T09:18:49+08:00 ] ::1 /eshop/index.php/Home/Index/index.html
ERR: Cron:cron Runat 2017-03-27 09:18:49 Use 0.000557 s

[ 2017-03-27T09:18:56+08:00 ] ::1 /eshop/index.php/Home/Index/info.html
ERR: Cron:cron Runat 2017-03-27 09:18:56 Use 0.000487 s

[ 2017-03-27T09:19:15+08:00 ] ::1 /eshop/index.php/Home/Index/info.html
ERR: Cron:cron Runat 2017-03-27 09:19:15 Use 0.000543 s

[ 2017-03-27T09:19:56+08:00 ] ::1 /eshop/index.php/Home/Index/info.html
ERR: Cron:cron Runat 2017-03-27 09:19:56 Use 0.000671 s

[ 2017-03-27T09:20:46+08:00 ] ::1 /eshop/index.php/Home/Index/info.html
ERR: Cron:cron Runat 2017-03-27 09:20:46 Use 0.000664 s

[ 2017-03-27T09:21:04+08:00 ] ::1 /eshop/index.php/Home/Index/info.html
ERR: Cron:cron Runat 2017-03-27 09:21:04 Use 0.000449 s

[ 2017-03-27T09:21:10+08:00 ] ::1 /eshop/index.php/Home/Index/index.html
ERR: Cron:cron Runat 2017-03-27 09:21:10 Use 0.000527 s

[ 2017-03-27T09:21:24+08:00 ] ::1 /eshop/index.php/Home/Index/index.html
ERR: Cron:cron Runat 2017-03-27 09:21:24 Use 0.000506 s

[ 2017-03-27T09:21:27+08:00 ] ::1 /eshop/index.php/Index/info.html
ERR: Cron:cron Runat 2017-03-27 09:21:27 Use 0.000584 s

[ 2017-03-27T09:23:22+08:00 ] ::1 /eshop/index.php/Home/Index/index.html
ERR: Cron:cron Runat 2017-03-27 09:23:22 Use 0.000706 s

[ 2017-03-27T09:23:54+08:00 ] ::1 /eshop/index.php/Home/Index/index.html
ERR: Cron:cron Runat 2017-03-27 09:23:54 Use 0.000576 s

[ 2017-03-27T09:23:56+08:00 ] ::1 /eshop/index.php/Index/info.html
ERR: Cron:cron Runat 2017-03-27 09:23:56 Use 0.000648 s

[ 2017-03-27T09:23:59+08:00 ] ::1 /eshop/index.php/Index/note_info.html
ERR: Cron:cron Runat 2017-03-27 09:23:59 Use 0.000569 s

[ 2017-03-27T09:23:59+08:00 ] ::1 /eshop/index.php/Index/note_info.html
ERR: 非法操作:note_info

[ 2017-03-27T09:25:20+08:00 ] ::1 /eshop/index.php/Index/info.html
ERR: Cron:cron Runat 2017-03-27 09:25:20 Use 0.000534 s

[ 2017-03-27T09:25:33+08:00 ] ::1 /eshop/index.php/ShoppingCart/index.html
ERR: Cron:cron Runat 2017-03-27 09:25:33 Use 0.000861 s

[ 2017-03-27T09:33:32+08:00 ] ::1 /eshop/index.php/Home/Index/index.html
ERR: Cron:cron Runat 2017-03-27 09:33:32 Use 0.000542 s

[ 2017-03-27T09:33:34+08:00 ] ::1 /eshop/index.php/Index/info.html
ERR: Cron:cron Runat 2017-03-27 09:33:34 Use 0.000484 s

[ 2017-03-27T09:33:37+08:00 ] ::1 /eshop/index.php/Index/note_info.html
ERR: Cron:cron Runat 2017-03-27 09:33:37 Use 0.000585 s

[ 2017-03-27T09:33:37+08:00 ] ::1 /eshop/index.php/Index/note_info.html
ERR: 非法操作:note_info

[ 2017-03-27T09:33:54+08:00 ] ::1 /eshop/index.php/Index/info.html
ERR: Cron:cron Runat 2017-03-27 09:33:54 Use 0.000522 s

[ 2017-03-27T09:33:58+08:00 ] ::1 /eshop/index.php/Index/infoDetail.html
ERR: Cron:cron Runat 2017-03-27 09:33:58 Use 0.000559 s

[ 2017-03-27T09:35:52+08:00 ] ::1 /eshop/index.php/Index/infoDetail.html
ERR: Cron:cron Runat 2017-03-27 09:35:52 Use 0.000743 s

[ 2017-03-27T09:36:01+08:00 ] ::1 /eshop/index.php/Index/note_info.html
ERR: Cron:cron Runat 2017-03-27 09:36:01 Use 0.000536 s

[ 2017-03-27T09:36:01+08:00 ] ::1 /eshop/index.php/Index/note_info.html
ERR: 非法操作:note_info

[ 2017-03-27T09:36:42+08:00 ] ::1 /eshop/index.php/Index/infoDetail.html
ERR: Cron:cron Runat 2017-03-27 09:36:42 Use 0.000355 s

[ 2017-03-27T09:36:50+08:00 ] ::1 /eshop/index.php/Index/infoDetail.html
ERR: Cron:cron Runat 2017-03-27 09:36:50 Use 0.000356 s

[ 2017-03-27T09:36:52+08:00 ] ::1 /eshop/index.php/Index/infoDetail.html
ERR: Cron:cron Runat 2017-03-27 09:36:52 Use 0.000325 s

[ 2017-03-27T09:37:48+08:00 ] ::1 /eshop/index.php/Index/infoDetail.html
ERR: Cron:cron Runat 2017-03-27 09:37:48 Use 0.000389 s

[ 2017-03-27T09:38:48+08:00 ] ::1 /eshop/index.php/Index/infoDetail.html
ERR: Cron:cron Runat 2017-03-27 09:38:48 Use 0.000348 s

[ 2017-03-27T09:39:21+08:00 ] ::1 /eshop/index.php/Home/Index/index.html
ERR: Cron:cron Runat 2017-03-27 09:39:21 Use 0.000384 s

[ 2017-03-27T09:39:25+08:00 ] ::1 /eshop/index.php/Index/info.html
ERR: Cron:cron Runat 2017-03-27 09:39:25 Use 0.000298 s

[ 2017-03-27T09:39:27+08:00 ] ::1 /eshop/index.php/Index/infoDetail.html
ERR: Cron:cron Runat 2017-03-27 09:39:27 Use 0.000489 s

[ 2017-03-27T09:51:01+08:00 ] ::1 /eshop/index.php/Home/ShopCart/index.html
ERR: Cron:cron Runat 2017-03-27 09:51:01 Use 0.001170 s

[ 2017-03-27T09:51:06+08:00 ] ::1 /eshop/index.php/Home/ShopManage/index.html
ERR: Cron:cron Runat 2017-03-27 09:51:06 Use 0.000448 s

[ 2017-03-27T09:51:09+08:00 ] ::1 /eshop/index.php/Home/ShopManage/info.html
ERR: Cron:cron Runat 2017-03-27 09:51:09 Use 0.000489 s

[ 2017-03-27T09:51:24+08:00 ] ::1 /eshop/index.php/Home/ShopManage/setting.html
ERR: Cron:cron Runat 2017-03-27 09:51:24 Use 0.000380 s

[ 2017-03-27T09:52:24+08:00 ] ::1 /eshop/index.php/Home/ShoperCenter/info.html
ERR: Cron:cron Runat 2017-03-27 09:52:24 Use 0.000400 s

[ 2017-03-27T09:52:27+08:00 ] ::1 /eshop/index.php/Home/ShoperCenter/security.html
ERR: Cron:cron Runat 2017-03-27 09:52:27 Use 0.000383 s

[ 2017-03-27T09:52:35+08:00 ] ::1 /eshop/index.php/Home/ShopManage/setting.html
ERR: Cron:cron Runat 2017-03-27 09:52:35 Use 0.000494 s

[ 2017-03-27T10:04:36+08:00 ] ::1 /eshop/index.php/Home/ShopManage/setting.html
ERR: Cron:cron Runat 2017-03-27 10:04:36 Use 0.000376 s

[ 2017-03-27T10:04:38+08:00 ] ::1 /eshop/index.php/Home/ShopManage/index.html
ERR: Cron:cron Runat 2017-03-27 10:04:38 Use 0.000364 s

[ 2017-03-27T10:12:13+08:00 ] ::1 /eshop/index.php/Home/ShopManage/index.html
ERR: Cron:cron Runat 2017-03-27 10:12:13 Use 0.000345 s

[ 2017-03-27T10:15:46+08:00 ] ::1 /eshop/index.php/Home/ShopManage/index.html
ERR: Cron:cron Runat 2017-03-27 10:15:46 Use 0.002715 s

[ 2017-03-27T10:21:48+08:00 ] ::1 /eshop/index.php/Home/ShopManage/index.html
ERR: Cron:cron Runat 2017-03-27 10:21:48 Use 0.000391 s

[ 2017-03-27T10:22:13+08:00 ] ::1 /eshop/index.php/Home/ShopManage/index.html
ERR: Cron:cron Runat 2017-03-27 10:22:13 Use 0.000366 s

[ 2017-03-27T10:26:55+08:00 ] ::1 /eshop/index.php/Home/ShopManage/index.html
ERR: Cron:cron Runat 2017-03-27 10:26:55 Use 0.000329 s

[ 2017-03-27T10:26:58+08:00 ] ::1 /eshop/index.php/Home/ShopManage/index.html
ERR: Cron:cron Runat 2017-03-27 10:26:58 Use 0.000413 s

[ 2017-03-27T10:27:13+08:00 ] ::1 /eshop/index.php/Home/ShopManage/index.html
ERR: Cron:cron Runat 2017-03-27 10:27:13 Use 0.000325 s

[ 2017-03-27T10:27:27+08:00 ] ::1 /eshop/index.php/Home/Good/audit.html
ERR: Cron:cron Runat 2017-03-27 10:27:27 Use 0.000461 s

[ 2017-03-27T10:27:29+08:00 ] ::1 /eshop/index.php/Home/Good/info/id/14.html
ERR: Cron:cron Runat 2017-03-27 10:27:29 Use 0.000298 s

[ 2017-03-27T10:27:58+08:00 ] ::1 /eshop/index.php/Home/Good/info/id/14.html
ERR: Cron:cron Runat 2017-03-27 10:27:58 Use 0.000387 s

[ 2017-03-27T10:28:42+08:00 ] ::1 /eshop/index.php/Home/Good/audit.html
ERR: Cron:cron Runat 2017-03-27 10:28:42 Use 0.000362 s

[ 2017-03-27T10:28:45+08:00 ] ::1 /eshop/index.php/Home/ShopManage/index.html
ERR: Cron:cron Runat 2017-03-27 10:28:45 Use 0.000401 s

[ 2017-03-27T10:30:54+08:00 ] ::1 /eshop/index.php/Home/ShopManage/index.html
ERR: Cron:cron Runat 2017-03-27 10:30:54 Use 0.000376 s

[ 2017-03-27T10:31:18+08:00 ] ::1 /eshop/index.php/Home/ShopManage/index.html
ERR: Cron:cron Runat 2017-03-27 10:31:18 Use 0.001229 s

[ 2017-03-27T10:35:54+08:00 ] ::1 /eshop/index.php/Home/ShopManage/index.html
ERR: Cron:cron Runat 2017-03-27 10:35:54 Use 0.000341 s

[ 2017-03-27T10:36:07+08:00 ] ::1 /eshop/index.php/Home/ShopManage/index.html
ERR: Cron:cron Runat 2017-03-27 10:36:07 Use 0.000437 s

[ 2017-03-27T10:36:36+08:00 ] ::1 /eshop/index.php/Home/ShopManage/index.html
ERR: Cron:cron Runat 2017-03-27 10:36:36 Use 0.001226 s

[ 2017-03-27T10:36:56+08:00 ] ::1 /eshop/index.php/Home/ShopManage/index.html
ERR: Cron:cron Runat 2017-03-27 10:36:56 Use 0.000410 s

[ 2017-03-27T10:37:11+08:00 ] ::1 /eshop/index.php/Home/ShopManage/index.html
ERR: Cron:cron Runat 2017-03-27 10:37:11 Use 0.000297 s

[ 2017-03-27T10:37:21+08:00 ] ::1 /eshop/index.php/Home/ShopManage/index.html
ERR: Cron:cron Runat 2017-03-27 10:37:21 Use 0.000455 s

[ 2017-03-27T11:01:10+08:00 ] ::1 /eshop/index.php/Home/ShopManage/index.html
ERR: Cron:cron Runat 2017-03-27 11:01:10 Use 0.000957 s

[ 2017-03-27T11:04:22+08:00 ] ::1 /eshop/index.php/Home/ShopManage/index.html
ERR: Cron:cron Runat 2017-03-27 11:04:22 Use 0.000390 s

[ 2017-03-27T11:04:40+08:00 ] ::1 /eshop/index.php/Home/ShopManage/index.html
ERR: Cron:cron Runat 2017-03-27 11:04:40 Use 0.000396 s

[ 2017-03-27T11:06:13+08:00 ] ::1 /eshop/index.php/Home/ShopManage/index.html
ERR: Cron:cron Runat 2017-03-27 11:06:13 Use 0.000493 s

[ 2017-03-27T11:06:15+08:00 ] ::1 /eshop/index.php/Home/ShopManage/index.html
ERR: Cron:cron Runat 2017-03-27 11:06:15 Use 0.000920 s

[ 2017-03-27T11:06:37+08:00 ] ::1 /eshop/index.php/Home/ShopManage/index.html
ERR: Cron:cron Runat 2017-03-27 11:06:37 Use 0.000279 s

[ 2017-03-27T11:07:23+08:00 ] ::1 /eshop/index.php/Home/ShopManage/index.html
ERR: Cron:cron Runat 2017-03-27 11:07:23 Use 0.000383 s

[ 2017-03-27T11:08:20+08:00 ] ::1 /eshop/index.php/Home/ShopManage/index.html
ERR: Cron:cron Runat 2017-03-27 11:08:20 Use 0.000540 s

[ 2017-03-27T11:08:44+08:00 ] ::1 /eshop/index.php/Home/ShopManage/index.html
ERR: Cron:cron Runat 2017-03-27 11:08:44 Use 0.000377 s

[ 2017-03-27T11:09:15+08:00 ] ::1 /eshop/index.php/Home/ShopManage/index.html
ERR: Cron:cron Runat 2017-03-27 11:09:15 Use 0.000393 s

[ 2017-03-27T11:09:31+08:00 ] ::1 /eshop/index.php/Home/ShopManage/index.html
ERR: Cron:cron Runat 2017-03-27 11:09:31 Use 0.000354 s

[ 2017-03-27T11:09:48+08:00 ] ::1 /eshop/index.php/Home/ShopManage/index.html
ERR: Cron:cron Runat 2017-03-27 11:09:48 Use 0.000888 s

[ 2017-03-27T11:10:11+08:00 ] ::1 /eshop/index.php/Home/ShopManage/index.html
ERR: Cron:cron Runat 2017-03-27 11:10:11 Use 0.000374 s

[ 2017-03-27T11:10:36+08:00 ] ::1 /eshop/index.php/Home/ShopManage/index.html
ERR: Cron:cron Runat 2017-03-27 11:10:36 Use 0.000531 s

[ 2017-03-27T11:11:05+08:00 ] ::1 /eshop/index.php/Home/ShopManage/index.html
ERR: Cron:cron Runat 2017-03-27 11:11:05 Use 0.000308 s

[ 2017-03-27T11:11:20+08:00 ] ::1 /eshop/index.php/Home/ShopManage/index.html
ERR: Cron:cron Runat 2017-03-27 11:11:20 Use 0.000356 s

[ 2017-03-27T11:12:11+08:00 ] ::1 /eshop/index.php/Home/ShopManage/index.html
ERR: Cron:cron Runat 2017-03-27 11:12:11 Use 0.000390 s

[ 2017-03-27T11:13:30+08:00 ] ::1 /eshop/index.php/Home/ShopManage/index.html
ERR: Cron:cron Runat 2017-03-27 11:13:30 Use 0.000318 s

[ 2017-03-27T11:14:18+08:00 ] ::1 /eshop/index.php/Home/ShopManage/index.html
ERR: Cron:cron Runat 2017-03-27 11:14:18 Use 0.000329 s

[ 2017-03-27T11:14:49+08:00 ] ::1 /eshop/index.php/Home/ShopManage/index.html
ERR: Cron:cron Runat 2017-03-27 11:14:49 Use 0.000339 s

[ 2017-03-27T11:14:57+08:00 ] ::1 /eshop/index.php/Home/ShopManage/index.html
ERR: Cron:cron Runat 2017-03-27 11:14:57 Use 0.000695 s

[ 2017-03-27T11:15:31+08:00 ] ::1 /eshop/index.php/Home/ShopManage/index.html
ERR: Cron:cron Runat 2017-03-27 11:15:31 Use 0.000387 s

[ 2017-03-27T11:15:50+08:00 ] ::1 /eshop/index.php/Home/ShopManage/index.html
ERR: Cron:cron Runat 2017-03-27 11:15:50 Use 0.000360 s

[ 2017-03-27T11:15:57+08:00 ] ::1 /eshop/index.php/Home/ShopManage/index.html
ERR: Cron:cron Runat 2017-03-27 11:15:57 Use 0.000573 s

[ 2017-03-27T11:19:22+08:00 ] ::1 /eshop/index.php/Home/ShopManage/info.html
ERR: Cron:cron Runat 2017-03-27 11:19:22 Use 0.000569 s

[ 2017-03-27T11:20:03+08:00 ] ::1 /eshop/index.php/Home/ShopManage/setting.html
ERR: Cron:cron Runat 2017-03-27 11:20:03 Use 0.000440 s

[ 2017-03-27T11:20:06+08:00 ] ::1 /eshop/index.php/Home/ShoperCenter/info.html
ERR: Cron:cron Runat 2017-03-27 11:20:06 Use 0.000304 s

[ 2017-03-27T11:20:16+08:00 ] ::1 /eshop/index.php/Home/ShoperCenter/security.html
ERR: Cron:cron Runat 2017-03-27 11:20:16 Use 0.000471 s

[ 2017-03-27T13:44:42+08:00 ] ::1 /eshop/index.php/Home/ShopManage/index.html
ERR: Cron:cron Runat 2017-03-27 13:44:42 Use 0.000812 s

