[ 2017-05-29T07:36:00+08:00 ] ::1 /eshop/index.php/Home/Shop/index/shopId/3.html
ERR: Cron:cron Runat 2017-05-29 07:36:00 Use 0.001070 s

[ 2017-05-29T07:36:08+08:00 ] ::1 /eshop/index.php/Home/Index/index.html
ERR: Cron:cron Runat 2017-05-29 07:36:08 Use 0.000474 s

[ 2017-05-29T08:26:01+08:00 ] ::1 /eshop/Public/Css/copy.css
ERR: 无法加载控制器:Public

[ 2017-05-29T08:26:01+08:00 ] ::1 /eshop/Public/Js/jquery-1.8.2.min.js
ERR: 无法加载控制器:Public

[ 2017-05-29T08:26:24+08:00 ] ::1 /eshop/Public/Css/copy.css
ERR: 无法加载控制器:Public

[ 2017-05-29T08:26:24+08:00 ] ::1 /eshop/Public/Js/jquery-1.8.2.min.js
ERR: 无法加载控制器:Public

[ 2017-05-29T08:26:26+08:00 ] ::1 /eshop/Public/Js/jquery-1.8.2.min.js
ERR: 无法加载控制器:Public

[ 2017-05-29T08:26:26+08:00 ] ::1 /eshop/Public/Css/copy.css
ERR: 无法加载控制器:Public

[ 2017-05-29T08:28:40+08:00 ] ::1 /eshop/Public/Css/copy.css
ERR: 无法加载控制器:Public

[ 2017-05-29T08:28:40+08:00 ] ::1 /eshop/Public/Js/jquery-1.8.2.min.js
ERR: 无法加载控制器:Public

[ 2017-05-29T08:29:11+08:00 ] ::1 /eshop/Public/Css/copy.css
ERR: 无法加载控制器:Public

[ 2017-05-29T08:29:11+08:00 ] ::1 /eshop/Public/Js/jquery-1.8.2.min.js
ERR: 无法加载控制器:Public

[ 2017-05-29T08:30:27+08:00 ] ::1 /eshop/Public/Css/copy.css
ERR: 无法加载控制器:Public

[ 2017-05-29T08:30:27+08:00 ] ::1 /eshop/Public/Js/jquery-1.8.2.min.js
ERR: 无法加载控制器:Public

[ 2017-05-29T08:30:38+08:00 ] ::1 /eshop/Public/Js/jquery-1.8.2.min.js
ERR: 无法加载控制器:Public

[ 2017-05-29T08:30:38+08:00 ] ::1 /eshop/Public/Css/copy.css
ERR: 无法加载控制器:Public

[ 2017-05-29T08:31:53+08:00 ] ::1 /eshop/Public/Css/copy.css
ERR: 无法加载控制器:Public

[ 2017-05-29T08:31:53+08:00 ] ::1 /eshop/Public/Js/jquery-1.8.2.min.js
ERR: 无法加载控制器:Public

[ 2017-05-29T08:31:57+08:00 ] ::1 /eshop/Public/Css/copy.css
ERR: 无法加载控制器:Public

[ 2017-05-29T08:31:57+08:00 ] ::1 /eshop/Public/Js/jquery-1.8.2.min.js
ERR: 无法加载控制器:Public

[ 2017-05-29T08:32:37+08:00 ] ::1 /eshop/Public/Css/copy.css
ERR: 无法加载控制器:Public

[ 2017-05-29T08:32:37+08:00 ] ::1 /eshop/Public/Js/jquery-1.8.2.min.js
ERR: 无法加载控制器:Public

[ 2017-05-29T09:21:22+08:00 ] ::1 /eshop/Public/Common/bootstrap3.3.7/css/bootstrap.min.css.map
ERR: Cron:cron Runat 2017-05-29 09:21:22 Use 0.000319 s

[ 2017-05-29T09:21:22+08:00 ] ::1 /eshop/Public/Common/bootstrap3.3.7/css/bootstrap.min.css.map
ERR: 无法加载控制器:Public

[ 2017-05-29T09:21:54+08:00 ] ::1 /eshop/Public/Common/bootstrap3.3.7/css/bootstrap.min.css.map
ERR: 无法加载控制器:Public

[ 2017-05-29T09:26:50+08:00 ] ::1 /eshop/Public/Common/bootstrap3.3.7/css/bootstrap.min.css.map
ERR: Cron:cron Runat 2017-05-29 09:26:50 Use 0.000313 s

[ 2017-05-29T09:26:50+08:00 ] ::1 /eshop/Public/Common/bootstrap3.3.7/css/bootstrap.min.css.map
ERR: 无法加载控制器:Public

[ 2017-05-29T09:28:25+08:00 ] ::1 /eshop/Public/Common/bootstrap3.3.7/css/bootstrap.min.css.map
ERR: 无法加载控制器:Public

[ 2017-05-29T09:36:11+08:00 ] ::1 /eshop/Public/Common/bootstrap3.3.7/css/bootstrap.min.css.map
ERR: Cron:cron Runat 2017-05-29 09:36:11 Use 0.000308 s

[ 2017-05-29T09:36:11+08:00 ] ::1 /eshop/Public/Common/bootstrap3.3.7/css/bootstrap.min.css.map
ERR: 无法加载控制器:Public

[ 2017-05-29T09:37:01+08:00 ] ::1 /eshop/Public/Common/bootstrap3.3.7/css/bootstrap.min.css.map
ERR: 无法加载控制器:Public

[ 2017-05-29T09:37:14+08:00 ] ::1 /eshop/Public/Common/bootstrap3.3.7/css/bootstrap.min.css.map
ERR: 无法加载控制器:Public

[ 2017-05-29T09:37:45+08:00 ] ::1 /eshop/Public/Common/bootstrap3.3.7/css/bootstrap.min.css.map
ERR: 无法加载控制器:Public

[ 2017-05-29T09:37:58+08:00 ] ::1 /eshop/Public/Common/bootstrap3.3.7/css/bootstrap.min.css.map
ERR: 无法加载控制器:Public

[ 2017-05-29T09:38:15+08:00 ] ::1 /eshop/Public/Common/bootstrap3.3.7/css/bootstrap.min.css.map
ERR: 无法加载控制器:Public

[ 2017-05-29T09:38:54+08:00 ] ::1 /eshop/Public/Common/bootstrap3.3.7/css/bootstrap.min.css.map
ERR: 无法加载控制器:Public

[ 2017-05-29T09:39:05+08:00 ] ::1 /eshop/Public/Common/bootstrap3.3.7/css/bootstrap.min.css.map
ERR: 无法加载控制器:Public

[ 2017-05-29T09:41:37+08:00 ] ::1 /eshop/Public/Common/bootstrap3.3.7/css/bootstrap.min.css.map
ERR: Cron:cron Runat 2017-05-29 09:41:37 Use 0.000526 s

[ 2017-05-29T09:41:37+08:00 ] ::1 /eshop/Public/Common/bootstrap3.3.7/css/bootstrap.min.css.map
ERR: 无法加载控制器:Public

[ 2017-05-29T09:42:30+08:00 ] ::1 /eshop/Public/Common/bootstrap3.3.7/css/bootstrap.min.css.map
ERR: 无法加载控制器:Public

[ 2017-05-29T09:45:56+08:00 ] ::1 /eshop/Public/Common/bootstrap3.3.7/css/bootstrap.min.css.map
ERR: Cron:cron Runat 2017-05-29 09:45:56 Use 0.000258 s

[ 2017-05-29T09:45:56+08:00 ] ::1 /eshop/Public/Common/bootstrap3.3.7/css/bootstrap.min.css.map
ERR: 无法加载控制器:Public

[ 2017-05-29T09:48:08+08:00 ] ::1 /eshop/Public/Common/bootstrap3.3.7/css/bootstrap.min.css.map
ERR: Cron:cron Runat 2017-05-29 09:48:08 Use 0.000352 s

[ 2017-05-29T09:48:08+08:00 ] ::1 /eshop/Public/Common/bootstrap3.3.7/css/bootstrap.min.css.map
ERR: 无法加载控制器:Public

[ 2017-05-29T09:49:00+08:00 ] ::1 /eshop/Public/Common/bootstrap3.3.7/css/bootstrap.min.css.map
ERR: Cron:cron Runat 2017-05-29 09:49:00 Use 0.000331 s

[ 2017-05-29T09:49:00+08:00 ] ::1 /eshop/Public/Common/bootstrap3.3.7/css/bootstrap.min.css.map
ERR: 无法加载控制器:Public

[ 2017-05-29T09:50:32+08:00 ] ::1 /eshop/Public/Common/bootstrap3.3.7/css/bootstrap.min.css.map
ERR: Cron:cron Runat 2017-05-29 09:50:32 Use 0.000294 s

[ 2017-05-29T09:50:32+08:00 ] ::1 /eshop/Public/Common/bootstrap3.3.7/css/bootstrap.min.css.map
ERR: 无法加载控制器:Public

[ 2017-05-29T09:51:17+08:00 ] ::1 /eshop/Public/Common/bootstrap3.3.7/css/bootstrap.min.css.map
ERR: Cron:cron Runat 2017-05-29 09:51:17 Use 0.000315 s

[ 2017-05-29T09:51:17+08:00 ] ::1 /eshop/Public/Common/bootstrap3.3.7/css/bootstrap.min.css.map
ERR: 无法加载控制器:Public

[ 2017-05-29T09:52:30+08:00 ] ::1 /eshop/Public/Common/bootstrap3.3.7/css/bootstrap.min.css.map
ERR: Cron:cron Runat 2017-05-29 09:52:30 Use 0.000409 s

[ 2017-05-29T09:52:30+08:00 ] ::1 /eshop/Public/Common/bootstrap3.3.7/css/bootstrap.min.css.map
ERR: 无法加载控制器:Public

[ 2017-05-29T09:53:19+08:00 ] ::1 /eshop/Public/Common/bootstrap3.3.7/css/bootstrap.min.css.map
ERR: 无法加载控制器:Public

[ 2017-05-29T09:55:29+08:00 ] ::1 /eshop/Public/Common/bootstrap3.3.7/css/bootstrap.min.css.map
ERR: Cron:cron Runat 2017-05-29 09:55:29 Use 0.000281 s

[ 2017-05-29T09:55:29+08:00 ] ::1 /eshop/Public/Common/bootstrap3.3.7/css/bootstrap.min.css.map
ERR: 无法加载控制器:Public

[ 2017-05-29T10:00:37+08:00 ] ::1 /eshop/Public/Common/bootstrap3.3.7/css/bootstrap.min.css.map
ERR: Cron:cron Runat 2017-05-29 10:00:37 Use 0.000483 s

[ 2017-05-29T10:00:37+08:00 ] ::1 /eshop/Public/Common/bootstrap3.3.7/css/bootstrap.min.css.map
ERR: 无法加载控制器:Public

[ 2017-05-29T10:02:46+08:00 ] ::1 /eshop/Public/Common/bootstrap3.3.7/css/bootstrap.min.css.map
ERR: 无法加载控制器:Public

[ 2017-05-29T10:03:32+08:00 ] ::1 /eshop/Public/Common/bootstrap3.3.7/css/bootstrap.min.css.map
ERR: Cron:cron Runat 2017-05-29 10:03:32 Use 0.000388 s

[ 2017-05-29T10:03:32+08:00 ] ::1 /eshop/Public/Common/bootstrap3.3.7/css/bootstrap.min.css.map
ERR: 无法加载控制器:Public

[ 2017-05-29T10:11:08+08:00 ] ::1 /eshop/Public/Common/bootstrap3.3.7/css/bootstrap.min.css.map
ERR: Cron:cron Runat 2017-05-29 10:11:08 Use 0.000310 s

[ 2017-05-29T10:11:08+08:00 ] ::1 /eshop/Public/Common/bootstrap3.3.7/css/bootstrap.min.css.map
ERR: 无法加载控制器:Public

[ 2017-05-29T10:14:13+08:00 ] ::1 /eshop/Public/Common/bootstrap3.3.7/css/bootstrap.min.css.map
ERR: Cron:cron Runat 2017-05-29 10:14:13 Use 0.000341 s

[ 2017-05-29T10:14:13+08:00 ] ::1 /eshop/Public/Common/bootstrap3.3.7/css/bootstrap.min.css.map
ERR: 无法加载控制器:Public

[ 2017-05-29T10:14:45+08:00 ] ::1 /eshop/Public/Common/bootstrap3.3.7/css/bootstrap.min.css.map
ERR: 无法加载控制器:Public

[ 2017-05-29T10:28:41+08:00 ] ::1 /eshop/Public/Common/bootstrap3.3.7/css/bootstrap.min.css.map
ERR: Cron:cron Runat 2017-05-29 10:28:41 Use 0.000334 s

[ 2017-05-29T10:28:41+08:00 ] ::1 /eshop/Public/Common/bootstrap3.3.7/css/bootstrap.min.css.map
ERR: 无法加载控制器:Public

[ 2017-05-29T10:29:05+08:00 ] ::1 /eshop/Public/Common/bootstrap3.3.7/css/bootstrap.min.css.map
ERR: Cron:cron Runat 2017-05-29 10:29:05 Use 0.000332 s

[ 2017-05-29T10:29:05+08:00 ] ::1 /eshop/Public/Common/bootstrap3.3.7/css/bootstrap.min.css.map
ERR: 无法加载控制器:Public

[ 2017-05-29T10:29:14+08:00 ] ::1 /eshop/Public/Common/bootstrap3.3.7/css/bootstrap.min.css.map
ERR: 无法加载控制器:Public

[ 2017-05-29T10:29:36+08:00 ] ::1 /eshop/Public/Common/bootstrap3.3.7/css/bootstrap.min.css.map
ERR: 无法加载控制器:Public

[ 2017-05-29T10:30:04+08:00 ] ::1 /eshop/Public/Common/bootstrap3.3.7/css/bootstrap.min.css.map
ERR: 无法加载控制器:Public

[ 2017-05-29T10:32:32+08:00 ] ::1 /eshop/Public/Common/bootstrap3.3.7/css/bootstrap.min.css.map
ERR: Cron:cron Runat 2017-05-29 10:32:32 Use 0.000344 s

[ 2017-05-29T10:32:32+08:00 ] ::1 /eshop/Public/Common/bootstrap3.3.7/css/bootstrap.min.css.map
ERR: 无法加载控制器:Public

[ 2017-05-29T10:32:58+08:00 ] ::1 /eshop/Public/Common/bootstrap3.3.7/css/bootstrap.min.css.map
ERR: 无法加载控制器:Public

[ 2017-05-29T10:34:44+08:00 ] ::1 /eshop/Public/Common/bootstrap3.3.7/css/bootstrap.min.css.map
ERR: 无法加载控制器:Public

[ 2017-05-29T11:00:06+08:00 ] ::1 /eshop/Public/Common/bootstrap3.3.7/css/bootstrap.min.css.map
ERR: Cron:cron Runat 2017-05-29 11:00:06 Use 0.000280 s

[ 2017-05-29T11:00:06+08:00 ] ::1 /eshop/Public/Common/bootstrap3.3.7/css/bootstrap.min.css.map
ERR: 无法加载控制器:Public

[ 2017-05-29T11:00:46+08:00 ] ::1 /eshop/index.php/Home/Shop/index/shopId/3.html
ERR: Cron:cron Runat 2017-05-29 11:00:46 Use 0.000420 s

[ 2017-05-29T11:00:55+08:00 ] ::1 /eshop/index.php/Home/Index/index.html
ERR: Cron:cron Runat 2017-05-29 11:00:55 Use 0.000296 s

[ 2017-05-29T11:07:16+08:00 ] ::1 /eshop/Public/Common/bootstrap3.3.7/css/bootstrap.min.css.map
ERR: Cron:cron Runat 2017-05-29 11:07:16 Use 0.000285 s

[ 2017-05-29T11:07:16+08:00 ] ::1 /eshop/Public/Common/bootstrap3.3.7/css/bootstrap.min.css.map
ERR: 无法加载控制器:Public

[ 2017-05-29T11:07:51+08:00 ] ::1 /eshop/Public/Common/bootstrap3.3.7/css/bootstrap.min.css.map
ERR: 无法加载控制器:Public

[ 2017-05-29T11:20:52+08:00 ] ::1 /eshop/Public/Common/bootstrap3.3.7/css/bootstrap.min.css.map
ERR: Cron:cron Runat 2017-05-29 11:20:52 Use 0.000295 s

[ 2017-05-29T11:20:52+08:00 ] ::1 /eshop/Public/Common/bootstrap3.3.7/css/bootstrap.min.css.map
ERR: 无法加载控制器:Public

[ 2017-05-29T11:21:26+08:00 ] ::1 /eshop/Public/Common/bootstrap3.3.7/css/bootstrap.min.css.map
ERR: 无法加载控制器:Public

[ 2017-05-29T11:21:55+08:00 ] ::1 /eshop/Public/Common/bootstrap3.3.7/css/bootstrap.min.css.map
ERR: 无法加载控制器:Public

[ 2017-05-29T11:22:04+08:00 ] ::1 /eshop/Public/Common/bootstrap3.3.7/css/bootstrap.min.css.map
ERR: 无法加载控制器:Public

[ 2017-05-29T11:22:41+08:00 ] ::1 /eshop/Public/Common/bootstrap3.3.7/css/bootstrap.min.css.map
ERR: 无法加载控制器:Public

[ 2017-05-29T11:23:34+08:00 ] ::1 /eshop/Public/Common/bootstrap3.3.7/css/bootstrap.min.css.map
ERR: Cron:cron Runat 2017-05-29 11:23:34 Use 0.000310 s

[ 2017-05-29T11:23:34+08:00 ] ::1 /eshop/Public/Common/bootstrap3.3.7/css/bootstrap.min.css.map
ERR: 无法加载控制器:Public

[ 2017-05-29T14:26:55+08:00 ] ::1 /eshop/Public/Common/bootstrap3.3.7/css/bootstrap.min.css.map
ERR: Cron:cron Runat 2017-05-29 14:26:55 Use 0.000459 s

[ 2017-05-29T14:26:55+08:00 ] ::1 /eshop/Public/Common/bootstrap3.3.7/css/bootstrap.min.css.map
ERR: 无法加载控制器:Public

[ 2017-05-29T14:27:17+08:00 ] ::1 /eshop/Public/Common/bootstrap3.3.7/css/bootstrap.min.css.map
ERR: Cron:cron Runat 2017-05-29 14:27:17 Use 0.000438 s

[ 2017-05-29T14:27:17+08:00 ] ::1 /eshop/Public/Common/bootstrap3.3.7/css/bootstrap.min.css.map
ERR: 无法加载控制器:Public

[ 2017-05-29T14:28:29+08:00 ] ::1 /eshop/Public/Common/bootstrap3.3.7/css/bootstrap.min.css.map
ERR: Cron:cron Runat 2017-05-29 14:28:29 Use 0.000438 s

[ 2017-05-29T14:28:29+08:00 ] ::1 /eshop/Public/Common/bootstrap3.3.7/css/bootstrap.min.css.map
ERR: 无法加载控制器:Public

[ 2017-05-29T14:29:19+08:00 ] ::1 /eshop/Public/Common/bootstrap3.3.7/css/bootstrap.min.css.map
ERR: Cron:cron Runat 2017-05-29 14:29:19 Use 0.000477 s

[ 2017-05-29T14:29:19+08:00 ] ::1 /eshop/Public/Common/bootstrap3.3.7/css/bootstrap.min.css.map
ERR: 无法加载控制器:Public

[ 2017-05-29T14:33:43+08:00 ] ::1 /eshop/Public/Common/bootstrap3.3.7/css/bootstrap.min.css.map
ERR: Cron:cron Runat 2017-05-29 14:33:43 Use 0.000507 s

[ 2017-05-29T14:33:43+08:00 ] ::1 /eshop/Public/Common/bootstrap3.3.7/css/bootstrap.min.css.map
ERR: 无法加载控制器:Public

[ 2017-05-29T14:33:52+08:00 ] ::1 /eshop/Public/Common/bootstrap3.3.7/css/bootstrap.min.css.map
ERR: Cron:cron Runat 2017-05-29 14:33:52 Use 0.000429 s

[ 2017-05-29T14:33:52+08:00 ] ::1 /eshop/Public/Common/bootstrap3.3.7/css/bootstrap.min.css.map
ERR: 无法加载控制器:Public

[ 2017-05-29T14:34:14+08:00 ] ::1 /eshop/Public/Common/bootstrap3.3.7/css/bootstrap.min.css.map
ERR: 无法加载控制器:Public

[ 2017-05-29T14:34:31+08:00 ] ::1 /eshop/Public/Common/bootstrap3.3.7/css/bootstrap.min.css.map
ERR: Cron:cron Runat 2017-05-29 14:34:31 Use 0.000525 s

[ 2017-05-29T14:34:31+08:00 ] ::1 /eshop/Public/Common/bootstrap3.3.7/css/bootstrap.min.css.map
ERR: 无法加载控制器:Public

[ 2017-05-29T14:35:19+08:00 ] ::1 /eshop/Public/Common/bootstrap3.3.7/css/bootstrap.min.css.map
ERR: 无法加载控制器:Public

[ 2017-05-29T14:35:30+08:00 ] ::1 /eshop/Public/Common/bootstrap3.3.7/css/bootstrap.min.css.map
ERR: Cron:cron Runat 2017-05-29 14:35:30 Use 0.000524 s

[ 2017-05-29T14:35:30+08:00 ] ::1 /eshop/Public/Common/bootstrap3.3.7/css/bootstrap.min.css.map
ERR: 无法加载控制器:Public

[ 2017-05-29T14:35:52+08:00 ] ::1 /eshop/Public/Common/bootstrap3.3.7/css/bootstrap.min.css.map
ERR: Cron:cron Runat 2017-05-29 14:35:52 Use 0.000481 s

[ 2017-05-29T14:35:52+08:00 ] ::1 /eshop/Public/Common/bootstrap3.3.7/css/bootstrap.min.css.map
ERR: 无法加载控制器:Public

[ 2017-05-29T14:36:05+08:00 ] ::1 /eshop/Public/Common/bootstrap3.3.7/css/bootstrap.min.css.map
ERR: Cron:cron Runat 2017-05-29 14:36:05 Use 0.000642 s

[ 2017-05-29T14:36:05+08:00 ] ::1 /eshop/Public/Common/bootstrap3.3.7/css/bootstrap.min.css.map
ERR: 无法加载控制器:Public

[ 2017-05-29T14:36:42+08:00 ] ::1 /eshop/Public/Common/bootstrap3.3.7/css/bootstrap.min.css.map
ERR: Cron:cron Runat 2017-05-29 14:36:42 Use 0.000660 s

[ 2017-05-29T14:36:42+08:00 ] ::1 /eshop/Public/Common/bootstrap3.3.7/css/bootstrap.min.css.map
ERR: 无法加载控制器:Public

[ 2017-05-29T14:48:53+08:00 ] ::1 /eshop/Public/Common/bootstrap3.3.7/css/bootstrap.min.css.map
ERR: Cron:cron Runat 2017-05-29 14:48:53 Use 0.000534 s

[ 2017-05-29T14:48:53+08:00 ] ::1 /eshop/Public/Common/bootstrap3.3.7/css/bootstrap.min.css.map
ERR: 无法加载控制器:Public

[ 2017-05-29T14:50:42+08:00 ] ::1 /eshop/Public/Common/bootstrap3.3.7/css/bootstrap.min.css.map
ERR: Cron:cron Runat 2017-05-29 14:50:42 Use 0.000497 s

[ 2017-05-29T14:50:42+08:00 ] ::1 /eshop/Public/Common/bootstrap3.3.7/css/bootstrap.min.css.map
ERR: 无法加载控制器:Public

[ 2017-05-29T14:51:16+08:00 ] ::1 /eshop/Public/Common/bootstrap3.3.7/css/bootstrap.min.css.map
ERR: Cron:cron Runat 2017-05-29 14:51:16 Use 0.000501 s

[ 2017-05-29T14:51:16+08:00 ] ::1 /eshop/Public/Common/bootstrap3.3.7/css/bootstrap.min.css.map
ERR: 无法加载控制器:Public

[ 2017-05-29T14:51:36+08:00 ] ::1 /eshop/Public/Common/bootstrap3.3.7/css/bootstrap.min.css.map
ERR: Cron:cron Runat 2017-05-29 14:51:36 Use 0.000566 s

[ 2017-05-29T14:51:36+08:00 ] ::1 /eshop/Public/Common/bootstrap3.3.7/css/bootstrap.min.css.map
ERR: 无法加载控制器:Public

[ 2017-05-29T19:57:48+08:00 ] ::1 /eshop/Public/Common/bootstrap3.3.7/css/bootstrap.min.css.map
ERR: Cron:cron Runat 2017-05-29 19:57:48 Use 0.000460 s

[ 2017-05-29T19:57:48+08:00 ] ::1 /eshop/Public/Common/bootstrap3.3.7/css/bootstrap.min.css.map
ERR: 无法加载控制器:Public

[ 2017-05-29T19:59:54+08:00 ] ::1 /eshop/Public/Common/bootstrap3.3.7/css/bootstrap.min.css.map
ERR: Cron:cron Runat 2017-05-29 19:59:54 Use 0.000450 s

[ 2017-05-29T19:59:54+08:00 ] ::1 /eshop/Public/Common/bootstrap3.3.7/css/bootstrap.min.css.map
ERR: 无法加载控制器:Public

[ 2017-05-29T20:00:26+08:00 ] ::1 /eshop/Public/Common/bootstrap3.3.7/css/bootstrap.min.css.map
ERR: Cron:cron Runat 2017-05-29 20:00:26 Use 0.000510 s

[ 2017-05-29T20:00:26+08:00 ] ::1 /eshop/Public/Common/bootstrap3.3.7/css/bootstrap.min.css.map
ERR: 无法加载控制器:Public

[ 2017-05-29T20:02:03+08:00 ] ::1 /eshop/Public/Common/bootstrap3.3.7/css/bootstrap.min.css.map
ERR: Cron:cron Runat 2017-05-29 20:02:03 Use 0.000445 s

[ 2017-05-29T20:02:03+08:00 ] ::1 /eshop/Public/Common/bootstrap3.3.7/css/bootstrap.min.css.map
ERR: 无法加载控制器:Public

[ 2017-05-29T20:04:27+08:00 ] ::1 /eshop/Public/Common/bootstrap3.3.7/css/bootstrap.min.css.map
ERR: Cron:cron Runat 2017-05-29 20:04:27 Use 0.000464 s

[ 2017-05-29T20:04:27+08:00 ] ::1 /eshop/Public/Common/bootstrap3.3.7/css/bootstrap.min.css.map
ERR: 无法加载控制器:Public

[ 2017-05-29T20:04:39+08:00 ] ::1 /eshop/Public/Common/bootstrap3.3.7/css/bootstrap.min.css.map
ERR: Cron:cron Runat 2017-05-29 20:04:39 Use 0.000548 s

[ 2017-05-29T20:04:39+08:00 ] ::1 /eshop/Public/Common/bootstrap3.3.7/css/bootstrap.min.css.map
ERR: 无法加载控制器:Public

[ 2017-05-29T20:05:55+08:00 ] ::1 /eshop/Public/Common/bootstrap3.3.7/css/bootstrap.min.css.map
ERR: Cron:cron Runat 2017-05-29 20:05:55 Use 0.000499 s

[ 2017-05-29T20:05:55+08:00 ] ::1 /eshop/Public/Common/bootstrap3.3.7/css/bootstrap.min.css.map
ERR: 无法加载控制器:Public

[ 2017-05-29T20:06:11+08:00 ] ::1 /eshop/Public/Common/bootstrap3.3.7/css/bootstrap.min.css.map
ERR: Cron:cron Runat 2017-05-29 20:06:11 Use 0.003501 s

[ 2017-05-29T20:06:11+08:00 ] ::1 /eshop/Public/Common/bootstrap3.3.7/css/bootstrap.min.css.map
ERR: 无法加载控制器:Public

[ 2017-05-29T20:06:24+08:00 ] ::1 /eshop/Public/Common/bootstrap3.3.7/css/bootstrap.min.css.map
ERR: Cron:cron Runat 2017-05-29 20:06:24 Use 0.000475 s

[ 2017-05-29T20:06:24+08:00 ] ::1 /eshop/Public/Common/bootstrap3.3.7/css/bootstrap.min.css.map
ERR: 无法加载控制器:Public

[ 2017-05-29T20:06:40+08:00 ] ::1 /eshop/Public/Common/bootstrap3.3.7/css/bootstrap.min.css.map
ERR: Cron:cron Runat 2017-05-29 20:06:40 Use 0.000403 s

[ 2017-05-29T20:06:40+08:00 ] ::1 /eshop/Public/Common/bootstrap3.3.7/css/bootstrap.min.css.map
ERR: 无法加载控制器:Public

[ 2017-05-29T20:08:52+08:00 ] ::1 /eshop/Public/Common/bootstrap3.3.7/css/bootstrap.min.css.map
ERR: Cron:cron Runat 2017-05-29 20:08:52 Use 0.000482 s

[ 2017-05-29T20:08:52+08:00 ] ::1 /eshop/Public/Common/bootstrap3.3.7/css/bootstrap.min.css.map
ERR: 无法加载控制器:Public

[ 2017-05-29T20:13:56+08:00 ] ::1 /eshop/index.php/Home/Index/index.html
ERR: Cron:cron Runat 2017-05-29 20:13:56 Use 0.000546 s

