[ 2017-04-04T09:28:26+08:00 ] ::1 /eshop/index.php/Home/ShopCart/index.html
ERR: Cron:cron Runat 2017-04-04 09:28:26 Use 0.012579 s

[ 2017-04-04T09:28:33+08:00 ] ::1 /eshop/index.php/Home/Index/index.html
ERR: Cron:cron Runat 2017-04-04 09:28:33 Use 0.000679 s

[ 2017-04-04T09:28:36+08:00 ] ::1 /eshop/index.php/Home/Index/ucenter_orders.html
ERR: Cron:cron Runat 2017-04-04 09:28:36 Use 0.000476 s

[ 2017-04-04T09:28:36+08:00 ] ::1 /eshop/index.php/Home/Index/ucenter_orders.html
ERR: 非法操作:ucenter_orders

[ 2017-04-04T09:28:41+08:00 ] ::1 /eshop/index.php/Home/UserCenter/index.html
ERR: Cron:cron Runat 2017-04-04 09:28:41 Use 0.000567 s

[ 2017-04-04T09:32:25+08:00 ] ::1 /eshop/index.php/Home/Shoper/regist.html
ERR: Cron:cron Runat 2017-04-04 09:32:25 Use 0.000519 s

[ 2017-04-04T09:32:31+08:00 ] ::1 /eshop/index.php/Shoper/verify.html
ERR: Cron:cron Runat 2017-04-04 09:32:31 Use 0.001702 s

[ 2017-04-04T09:32:54+08:00 ] ::1 /eshop/index.php/Home/Shoper/index.html
ERR: Cron:cron Runat 2017-04-04 09:32:54 Use 0.000585 s

[ 2017-04-04T09:32:56+08:00 ] ::1 /eshop/index.php/Shoper/verify.html
ERR: Cron:cron Runat 2017-04-04 09:32:56 Use 0.000572 s

[ 2017-04-04T09:34:15+08:00 ] ::1 /eshop/index.php/Home/ShopCart/index.html
ERR: Cron:cron Runat 2017-04-04 09:34:15 Use 0.000588 s

[ 2017-04-04T09:36:11+08:00 ] ::1 /eshop/index.php/Home/Index/index.html
ERR: Cron:cron Runat 2017-04-04 09:36:11 Use 0.000514 s

[ 2017-04-04T09:36:16+08:00 ] ::1 /eshop/index.php/Home/Index/goods_info.html
ERR: Cron:cron Runat 2017-04-04 09:36:16 Use 0.000466 s

[ 2017-04-04T09:36:16+08:00 ] ::1 /eshop/index.php/Home/Index/goods_info.html
ERR: 非法操作:goods_info

[ 2017-04-04T10:31:33+08:00 ] ::1 /eshop/index.php/Home/Index/ucenter_orders.html
ERR: Cron:cron Runat 2017-04-04 10:31:33 Use 0.000779 s

[ 2017-04-04T10:31:33+08:00 ] ::1 /eshop/index.php/Home/Index/ucenter_orders.html
ERR: 非法操作:ucenter_orders

[ 2017-04-04T10:32:59+08:00 ] ::1 /eshop/index.php/Home/Index/index.html
ERR: Cron:cron Runat 2017-04-04 10:32:59 Use 0.000647 s

[ 2017-04-04T10:33:01+08:00 ] ::1 /eshop/index.php/Home/User/loginout.html
ERR: Cron:cron Runat 2017-04-04 10:33:01 Use 0.000623 s

[ 2017-04-04T10:33:03+08:00 ] ::1 /eshop/index.php/User/verify.html
ERR: Cron:cron Runat 2017-04-04 10:33:03 Use 0.000516 s

[ 2017-04-04T10:33:05+08:00 ] ::1 /eshop/index.php/Home/Shoper/index.html
ERR: Cron:cron Runat 2017-04-04 10:33:05 Use 0.000581 s

[ 2017-04-04T10:33:20+08:00 ] ::1 /eshop/index.php/Shoper/checkVerify.html
ERR: Cron:cron Runat 2017-04-04 10:33:20 Use 0.000546 s

[ 2017-04-04T10:33:20+08:00 ] ::1 /eshop/index.php/Shoper/checkVerify.html
INFO: [ app_begin ] --START--
INFO: Run Behavior\ReadHtmlCacheBehavior [ RunTime:0.001305s ]
INFO: Run Behavior\CronRunBehavior [ RunTime:0.008531s ]
INFO: [ app_begin ] --END-- [ RunTime:0.010755s ]
INFO: [ app_end ] --START--
INFO: Run Behavior\ShowPageTraceBehavior [ RunTime:0.001366s ]
INFO: [ app_end ] --END-- [ RunTime:0.001509s ]

[ 2017-04-04T10:33:21+08:00 ] ::1 /eshop/index.php/Shoper/doLogin.html
INFO: [ app_begin ] --START--
INFO: Run Behavior\ReadHtmlCacheBehavior [ RunTime:0.001231s ]
INFO: Run Behavior\CronRunBehavior [ RunTime:0.003872s ]
INFO: [ app_begin ] --END-- [ RunTime:0.006080s ]
SQL: SHOW COLUMNS FROM `eshop_shoper` [ RunTime:0.0084s ]
SQL: SELECT * FROM `eshop_shoper` WHERE `name` = 'shoper3' LIMIT 1   [ RunTime:0.0006s ]
SQL: SHOW COLUMNS FROM `eshop_shoper_log` [ RunTime:0.0078s ]
NOTIC: [2] fopen(D:\wampserver\wamp\www\eshop\ThinkPHP\Library\Org\Net/UTFWry.dat): failed to open stream: No such file or directory D:\wampserver\wamp\www\eshop\ThinkPHP\Library\Org\Net\IpLocation.class.php 第 54 行.
SQL: INSERT INTO `eshop_shoper_log` (`shoperId`,`action`,`ip`,`location`,`time`) VALUES ('13','登录','0.0.0.0',NULL,'1491273200') [ RunTime:0.0781s ]

[ 2017-04-04T10:33:24+08:00 ] ::1 /eshop/index.php/Home/ShopCart/index.html
ERR: Cron:cron Runat 2017-04-04 10:33:24 Use 0.000777 s

[ 2017-04-04T10:45:49+08:00 ] ::1 /eshop/index.php/Home/Shoper/loginout.html
ERR: Cron:cron Runat 2017-04-04 10:45:49 Use 0.000563 s

[ 2017-04-04T10:45:52+08:00 ] ::1 /eshop/index.php/Home/Shoper/index.html
ERR: Cron:cron Runat 2017-04-04 10:45:52 Use 0.000590 s

[ 2017-04-04T10:45:56+08:00 ] ::1 /eshop/index.php/Shoper/regist.html
ERR: Cron:cron Runat 2017-04-04 10:45:56 Use 0.000835 s

[ 2017-04-04T10:47:24+08:00 ] ::1 /eshop/index.php/Shoper/regist.html
ERR: Cron:cron Runat 2017-04-04 10:47:24 Use 0.000578 s

[ 2017-04-04T10:47:55+08:00 ] ::1 /eshop/index.php/Shoper/checkShoperName.html
ERR: Cron:cron Runat 2017-04-04 10:47:55 Use 0.000548 s

[ 2017-04-04T10:47:55+08:00 ] ::1 /eshop/index.php/Shoper/checkShoperName.html
INFO: [ app_begin ] --START--
INFO: Run Behavior\ReadHtmlCacheBehavior [ RunTime:0.001249s ]
INFO: Run Behavior\CronRunBehavior [ RunTime:0.007537s ]
INFO: [ app_begin ] --END-- [ RunTime:0.009750s ]
SQL: SHOW COLUMNS FROM `eshop_shoper` [ RunTime:0.0098s ]
SQL: SELECT `id` FROM `eshop_shoper` WHERE `name` = 'shop' LIMIT 1   [ RunTime:0.0005s ]
INFO: [ app_end ] --START--
INFO: Run Behavior\ShowPageTraceBehavior [ RunTime:0.001434s ]
INFO: [ app_end ] --END-- [ RunTime:0.001574s ]

[ 2017-04-04T10:47:55+08:00 ] ::1 /eshop/index.php/Shoper/checkShoperName.html
INFO: [ app_begin ] --START--
INFO: Run Behavior\ReadHtmlCacheBehavior [ RunTime:0.001265s ]
INFO: Run Behavior\CronRunBehavior [ RunTime:0.005976s ]
INFO: [ app_begin ] --END-- [ RunTime:0.008289s ]
SQL: SHOW COLUMNS FROM `eshop_shoper` [ RunTime:0.0104s ]
SQL: SELECT `id` FROM `eshop_shoper` WHERE `name` = 'shoper' LIMIT 1   [ RunTime:0.0004s ]
INFO: [ app_end ] --START--
INFO: Run Behavior\ShowPageTraceBehavior [ RunTime:0.001968s ]
INFO: [ app_end ] --END-- [ RunTime:0.002180s ]

[ 2017-04-04T10:47:56+08:00 ] ::1 /eshop/index.php/Shoper/checkShoperName.html
INFO: [ app_begin ] --START--
INFO: Run Behavior\ReadHtmlCacheBehavior [ RunTime:0.001294s ]
INFO: Run Behavior\CronRunBehavior [ RunTime:0.004068s ]
INFO: [ app_begin ] --END-- [ RunTime:0.006490s ]
SQL: SHOW COLUMNS FROM `eshop_shoper` [ RunTime:0.0095s ]
SQL: SELECT `id` FROM `eshop_shoper` WHERE `name` = 'shoper4' LIMIT 1   [ RunTime:0.0006s ]
INFO: [ app_end ] --START--
INFO: Run Behavior\ShowPageTraceBehavior [ RunTime:0.001475s ]
INFO: [ app_end ] --END-- [ RunTime:0.001633s ]

[ 2017-04-04T10:48:13+08:00 ] ::1 /eshop/index.php/Shoper/checkShoperEmail.html
ERR: Cron:cron Runat 2017-04-04 10:48:13 Use 0.000555 s

[ 2017-04-04T10:48:13+08:00 ] ::1 /eshop/index.php/Shoper/checkShoperEmail.html
INFO: [ app_begin ] --START--
INFO: Run Behavior\ReadHtmlCacheBehavior [ RunTime:0.001220s ]
INFO: Run Behavior\CronRunBehavior [ RunTime:0.006833s ]
INFO: [ app_begin ] --END-- [ RunTime:0.009087s ]
SQL: SHOW COLUMNS FROM `eshop_shoper` [ RunTime:0.0105s ]
SQL: SELECT `email` FROM `eshop_shoper` WHERE `email` = 'shoper4@s' LIMIT 1   [ RunTime:0.0006s ]
INFO: [ app_end ] --START--
INFO: Run Behavior\ShowPageTraceBehavior [ RunTime:0.002333s ]
INFO: [ app_end ] --END-- [ RunTime:0.002636s ]

[ 2017-04-04T10:48:15+08:00 ] ::1 /eshop/index.php/Shoper/checkShoperEmail.html
INFO: [ app_begin ] --START--
INFO: Run Behavior\ReadHtmlCacheBehavior [ RunTime:0.001124s ]
INFO: Run Behavior\CronRunBehavior [ RunTime:0.003626s ]
INFO: [ app_begin ] --END-- [ RunTime:0.005741s ]
SQL: SHOW COLUMNS FROM `eshop_shoper` [ RunTime:0.0089s ]
SQL: SELECT `email` FROM `eshop_shoper` WHERE `email` = 'shoper4@si' LIMIT 1   [ RunTime:0.0004s ]
INFO: [ app_end ] --START--
INFO: Run Behavior\ShowPageTraceBehavior [ RunTime:0.001520s ]
INFO: [ app_end ] --END-- [ RunTime:0.001682s ]

[ 2017-04-04T10:48:15+08:00 ] ::1 /eshop/index.php/Shoper/checkShoperEmail.html
ERR: Cron:cron Runat 2017-04-04 10:48:15 Use 0.000467 s

[ 2017-04-04T10:48:15+08:00 ] ::1 /eshop/index.php/Shoper/checkShoperEmail.html
INFO: [ app_begin ] --START--
INFO: Run Behavior\ReadHtmlCacheBehavior [ RunTime:0.001209s ]
INFO: Run Behavior\CronRunBehavior [ RunTime:0.006500s ]
INFO: [ app_begin ] --END-- [ RunTime:0.008840s ]
SQL: SHOW COLUMNS FROM `eshop_shoper` [ RunTime:0.0107s ]
SQL: SELECT `email` FROM `eshop_shoper` WHERE `email` = 'shoper4@sin' LIMIT 1   [ RunTime:0.0005s ]
INFO: [ app_end ] --START--
INFO: Run Behavior\ShowPageTraceBehavior [ RunTime:0.001370s ]
INFO: [ app_end ] --END-- [ RunTime:0.001510s ]

[ 2017-04-04T10:48:15+08:00 ] ::1 /eshop/index.php/Shoper/checkShoperEmail.html
INFO: [ app_begin ] --START--
INFO: Run Behavior\ReadHtmlCacheBehavior [ RunTime:0.001888s ]
INFO: Run Behavior\CronRunBehavior [ RunTime:0.004999s ]
INFO: [ app_begin ] --END-- [ RunTime:0.008326s ]
SQL: SHOW COLUMNS FROM `eshop_shoper` [ RunTime:0.0078s ]
SQL: SELECT `email` FROM `eshop_shoper` WHERE `email` = 'shoper4@sina' LIMIT 1   [ RunTime:0.0005s ]
INFO: [ app_end ] --START--
INFO: Run Behavior\ShowPageTraceBehavior [ RunTime:0.002372s ]
INFO: [ app_end ] --END-- [ RunTime:0.002537s ]

[ 2017-04-04T10:48:16+08:00 ] ::1 /eshop/index.php/Shoper/checkShoperEmail.html
INFO: [ app_begin ] --START--
INFO: Run Behavior\ReadHtmlCacheBehavior [ RunTime:0.001229s ]
INFO: Run Behavior\CronRunBehavior [ RunTime:0.003652s ]
INFO: [ app_begin ] --END-- [ RunTime:0.005999s ]
SQL: SHOW COLUMNS FROM `eshop_shoper` [ RunTime:0.0096s ]
SQL: SELECT `email` FROM `eshop_shoper` WHERE `email` = 'shoper4@sina.c' LIMIT 1   [ RunTime:0.0004s ]
INFO: [ app_end ] --START--
INFO: Run Behavior\ShowPageTraceBehavior [ RunTime:0.001422s ]
INFO: [ app_end ] --END-- [ RunTime:0.001564s ]

[ 2017-04-04T10:48:16+08:00 ] ::1 /eshop/index.php/Shoper/checkShoperEmail.html
INFO: [ app_begin ] --START--
INFO: Run Behavior\ReadHtmlCacheBehavior [ RunTime:0.001210s ]
INFO: Run Behavior\CronRunBehavior [ RunTime:0.003896s ]
INFO: [ app_begin ] --END-- [ RunTime:0.006097s ]
SQL: SHOW COLUMNS FROM `eshop_shoper` [ RunTime:0.0125s ]
SQL: SELECT `email` FROM `eshop_shoper` WHERE `email` = 'shoper4@sina.com' LIMIT 1   [ RunTime:0.0004s ]
INFO: [ app_end ] --START--
INFO: Run Behavior\ShowPageTraceBehavior [ RunTime:0.001416s ]
INFO: [ app_end ] --END-- [ RunTime:0.001553s ]

[ 2017-04-04T10:48:58+08:00 ] ::1 /eshop/index.php/Shoper/checkShopName.html
ERR: Cron:cron Runat 2017-04-04 10:48:58 Use 0.000462 s

[ 2017-04-04T10:48:58+08:00 ] ::1 /eshop/index.php/Shoper/checkShopName.html
INFO: [ app_begin ] --START--
INFO: Run Behavior\ReadHtmlCacheBehavior [ RunTime:0.001475s ]
INFO: Run Behavior\CronRunBehavior [ RunTime:0.006332s ]
INFO: [ app_begin ] --END-- [ RunTime:0.008825s ]
SQL: SHOW COLUMNS FROM `eshop_shop` [ RunTime:0.0085s ]
SQL: SELECT `id` FROM `eshop_shop` WHERE `name` = 'cens' LIMIT 1   [ RunTime:0.0707s ]
INFO: [ app_end ] --START--
INFO: Run Behavior\ShowPageTraceBehavior [ RunTime:0.001760s ]
INFO: [ app_end ] --END-- [ RunTime:0.001951s ]

[ 2017-04-04T10:48:59+08:00 ] ::1 /eshop/index.php/Shoper/checkShopName.html
INFO: [ app_begin ] --START--
INFO: Run Behavior\ReadHtmlCacheBehavior [ RunTime:0.001428s ]
INFO: Run Behavior\CronRunBehavior [ RunTime:0.004963s ]
INFO: [ app_begin ] --END-- [ RunTime:0.007641s ]
SQL: SHOW COLUMNS FROM `eshop_shop` [ RunTime:0.0088s ]
SQL: SELECT `id` FROM `eshop_shop` WHERE `name` = 'censhi' LIMIT 1   [ RunTime:0.0005s ]
INFO: [ app_end ] --START--
INFO: Run Behavior\ShowPageTraceBehavior [ RunTime:0.001776s ]
INFO: [ app_end ] --END-- [ RunTime:0.001951s ]

[ 2017-04-04T10:49:05+08:00 ] ::1 /eshop/index.php/Shoper/checkShopName.html
ERR: Cron:cron Runat 2017-04-04 10:49:05 Use 0.000579 s

[ 2017-04-04T10:49:05+08:00 ] ::1 /eshop/index.php/Shoper/checkShopName.html
INFO: [ app_begin ] --START--
INFO: Run Behavior\ReadHtmlCacheBehavior [ RunTime:0.001166s ]
INFO: Run Behavior\CronRunBehavior [ RunTime:0.007126s ]
INFO: [ app_begin ] --END-- [ RunTime:0.009256s ]
SQL: SHOW COLUMNS FROM `eshop_shop` [ RunTime:0.0095s ]
SQL: SELECT `id` FROM `eshop_shop` WHERE `name` = '测试店铺' LIMIT 1   [ RunTime:0.0004s ]
INFO: [ app_end ] --START--
INFO: Run Behavior\ShowPageTraceBehavior [ RunTime:0.001922s ]
INFO: [ app_end ] --END-- [ RunTime:0.002146s ]

[ 2017-04-04T10:49:10+08:00 ] ::1 /eshop/index.php/Shoper/verify.html?0.17994619309833226
ERR: Cron:cron Runat 2017-04-04 10:49:10 Use 0.000551 s

[ 2017-04-04T10:49:13+08:00 ] ::1 /eshop/index.php/Shoper/checkVerify.html
ERR: Cron:cron Runat 2017-04-04 10:49:13 Use 0.000460 s

[ 2017-04-04T10:49:14+08:00 ] ::1 /eshop/index.php/Shoper/checkVerify.html
INFO: [ app_begin ] --START--
INFO: Run Behavior\ReadHtmlCacheBehavior [ RunTime:0.001170s ]
INFO: Run Behavior\CronRunBehavior [ RunTime:0.010783s ]
INFO: [ app_begin ] --END-- [ RunTime:0.012926s ]
INFO: [ app_end ] --START--
INFO: Run Behavior\ShowPageTraceBehavior [ RunTime:0.001303s ]
INFO: [ app_end ] --END-- [ RunTime:0.001453s ]

[ 2017-04-04T10:49:14+08:00 ] ::1 /eshop/index.php/Shoper/checkVerify.html
INFO: [ app_begin ] --START--
INFO: Run Behavior\ReadHtmlCacheBehavior [ RunTime:0.001249s ]
INFO: Run Behavior\CronRunBehavior [ RunTime:0.003642s ]
INFO: [ app_begin ] --END-- [ RunTime:0.005899s ]
INFO: [ app_end ] --START--
INFO: Run Behavior\ShowPageTraceBehavior [ RunTime:0.001323s ]
INFO: [ app_end ] --END-- [ RunTime:0.001468s ]

[ 2017-04-04T10:49:15+08:00 ] ::1 /eshop/index.php/Shoper/checkVerify.html
ERR: Cron:cron Runat 2017-04-04 10:49:15 Use 0.000544 s

[ 2017-04-04T10:49:15+08:00 ] ::1 /eshop/index.php/Shoper/checkVerify.html
INFO: [ app_begin ] --START--
INFO: Run Behavior\ReadHtmlCacheBehavior [ RunTime:0.001243s ]
INFO: Run Behavior\CronRunBehavior [ RunTime:0.006571s ]
INFO: [ app_begin ] --END-- [ RunTime:0.008855s ]
INFO: [ app_end ] --START--
INFO: Run Behavior\ShowPageTraceBehavior [ RunTime:0.001338s ]
INFO: [ app_end ] --END-- [ RunTime:0.001545s ]

[ 2017-04-04T10:49:15+08:00 ] ::1 /eshop/index.php/Shoper/checkVerify.html
INFO: [ app_begin ] --START--
INFO: Run Behavior\ReadHtmlCacheBehavior [ RunTime:0.001222s ]
INFO: Run Behavior\CronRunBehavior [ RunTime:0.003557s ]
INFO: [ app_begin ] --END-- [ RunTime:0.005808s ]
INFO: [ app_end ] --START--
INFO: Run Behavior\ShowPageTraceBehavior [ RunTime:0.001560s ]
INFO: [ app_end ] --END-- [ RunTime:0.001826s ]

[ 2017-04-04T10:49:18+08:00 ] ::1 /eshop/index.php/Shoper/registProtocol.html
ERR: Cron:cron Runat 2017-04-04 10:49:18 Use 0.000695 s

[ 2017-04-04T10:49:28+08:00 ] ::1 /eshop/index.php/Shoper/doRegist.html
ERR: Cron:cron Runat 2017-04-04 10:49:28 Use 0.000670 s

[ 2017-04-04T10:49:28+08:00 ] ::1 /eshop/index.php/Shoper/doRegist.html
INFO: [ app_begin ] --START--
INFO: Run Behavior\ReadHtmlCacheBehavior [ RunTime:0.001222s ]
INFO: Run Behavior\CronRunBehavior [ RunTime:0.009168s ]
INFO: [ app_begin ] --END-- [ RunTime:0.011388s ]

[ 2017-04-04T11:05:49+08:00 ] ::1 /eshop/index.php/Shoper/doRegist.html
ERR: Cron:cron Runat 2017-04-04 11:05:49 Use 0.000566 s

[ 2017-04-04T11:05:50+08:00 ] ::1 /eshop/index.php/Shoper/doRegist.html
INFO: [ app_begin ] --START--
INFO: Run Behavior\ReadHtmlCacheBehavior [ RunTime:0.001492s ]
INFO: Run Behavior\CronRunBehavior [ RunTime:0.007946s ]
INFO: [ app_begin ] --END-- [ RunTime:0.010470s ]
SQL: SHOW COLUMNS FROM `eshop_shoper` [ RunTime:0.0364s ]
SQL: SHOW COLUMNS FROM `eshop_shop` [ RunTime:0.0079s ]
NOTIC: [8] Undefined index: validate D:\wampserver\wamp\www\eshop\ThinkPHP\Library\Think\Model.class.php 第 1185 行.
SQL: SELECT * FROM `eshop_shoper` WHERE `name` = 'shoper4' LIMIT 1   [ RunTime:0.0006s ]
SQL: SELECT * FROM `eshop_shoper` WHERE `email` = 'shoper4@sina.com' LIMIT 1   [ RunTime:0.0005s ]
NOTIC: [8] Undefined index: auto D:\wampserver\wamp\www\eshop\ThinkPHP\Library\Think\Model.class.php 第 1128 行.
NOTIC: [8] Undefined index: validate D:\wampserver\wamp\www\eshop\ThinkPHP\Library\Think\Model.class.php 第 1185 行.
NOTIC: [2] call_user_func_array() expects parameter 1 to be a valid callback, function 'require' not found or invalid function name D:\wampserver\wamp\www\eshop\ThinkPHP\Library\Think\Model.class.php 第 1279 行.
SQL: SELECT * FROM `eshop_shop` WHERE `name` = '测试店铺' LIMIT 1   [ RunTime:0.0004s ]
NOTIC: [8] Undefined index: server_qq D:\wampserver\wamp\www\eshop\ThinkPHP\Library\Think\Model.class.php 第 1217 行.
NOTIC: [8] Undefined index: server_tel D:\wampserver\wamp\www\eshop\ThinkPHP\Library\Think\Model.class.php 第 1217 行.
NOTIC: [8] Undefined index: auto D:\wampserver\wamp\www\eshop\ThinkPHP\Library\Think\Model.class.php 第 1128 行.
SQL: INSERT INTO `eshop_shoper` (`trueName`,`carNum`,`sex`,`birthday`,`qq`,`name`,`password`,`email`,`tel`,`create_time`) VALUES ('李永发','430521199410095672','男','2017-04-04','','shoper4','77bed0e701bd9c84f3104d95e61ea776','shoper4@sina.com','18904010296','1491275150') [ RunTime:0.0539s ]
SQL: INSERT INTO `eshop_shop` (`service_qq`,`name`,`createtime`,`modifytime`,`shoperId`) VALUES ('','测试店铺','1491275150','1491275150','14') [ RunTime:0.0294s ]

[ 2017-04-04T11:05:53+08:00 ] ::1 /eshop/index.php/Shoper/index.html
ERR: Cron:cron Runat 2017-04-04 11:05:53 Use 0.000557 s

[ 2017-04-04T11:07:25+08:00 ] ::1 /eshop/index.php/Shoper/checkVerify.html
ERR: Cron:cron Runat 2017-04-04 11:07:25 Use 0.000598 s

[ 2017-04-04T11:07:25+08:00 ] ::1 /eshop/index.php/Shoper/checkVerify.html
INFO: [ app_begin ] --START--
INFO: Run Behavior\ReadHtmlCacheBehavior [ RunTime:0.001807s ]
INFO: Run Behavior\CronRunBehavior [ RunTime:0.008336s ]
INFO: [ app_begin ] --END-- [ RunTime:0.011384s ]
INFO: [ app_end ] --START--
INFO: Run Behavior\ShowPageTraceBehavior [ RunTime:0.001373s ]
INFO: [ app_end ] --END-- [ RunTime:0.001527s ]

[ 2017-04-04T11:07:25+08:00 ] ::1 /eshop/index.php/Shoper/doLogin.html
INFO: [ app_begin ] --START--
INFO: Run Behavior\ReadHtmlCacheBehavior [ RunTime:0.001261s ]
INFO: Run Behavior\CronRunBehavior [ RunTime:0.003918s ]
INFO: [ app_begin ] --END-- [ RunTime:0.006223s ]
SQL: SHOW COLUMNS FROM `eshop_shoper` [ RunTime:0.0073s ]
SQL: SELECT * FROM `eshop_shoper` WHERE `name` = 'shoper4' LIMIT 1   [ RunTime:0.0005s ]

[ 2017-04-04T11:07:28+08:00 ] ::1 /eshop/index.php/Shoper/index.html
ERR: Cron:cron Runat 2017-04-04 11:07:28 Use 0.000489 s

[ 2017-04-04T11:14:40+08:00 ] ::1 /eshop/index.php/Shoper/checkVerify.html
ERR: Cron:cron Runat 2017-04-04 11:14:40 Use 0.000461 s

[ 2017-04-04T11:14:40+08:00 ] ::1 /eshop/index.php/Shoper/checkVerify.html
INFO: [ app_begin ] --START--
INFO: Run Behavior\ReadHtmlCacheBehavior [ RunTime:0.000817s ]
INFO: Run Behavior\CronRunBehavior [ RunTime:0.006044s ]
INFO: [ app_begin ] --END-- [ RunTime:0.007501s ]
INFO: [ app_end ] --START--
INFO: Run Behavior\ShowPageTraceBehavior [ RunTime:0.000809s ]
INFO: [ app_end ] --END-- [ RunTime:0.000919s ]

[ 2017-04-04T11:14:45+08:00 ] ::1 /eshop/index.php/Shoper/verify.html?0.8977069877498456
ERR: Cron:cron Runat 2017-04-04 11:14:45 Use 0.000320 s

[ 2017-04-04T11:14:47+08:00 ] ::1 /eshop/index.php/Shoper/checkVerify.html
ERR: Cron:cron Runat 2017-04-04 11:14:47 Use 0.000424 s

[ 2017-04-04T11:14:47+08:00 ] ::1 /eshop/index.php/Shoper/checkVerify.html
INFO: [ app_begin ] --START--
INFO: Run Behavior\ReadHtmlCacheBehavior [ RunTime:0.000736s ]
INFO: Run Behavior\CronRunBehavior [ RunTime:0.005115s ]
INFO: [ app_begin ] --END-- [ RunTime:0.006489s ]
INFO: [ app_end ] --START--
INFO: Run Behavior\ShowPageTraceBehavior [ RunTime:0.000845s ]
INFO: [ app_end ] --END-- [ RunTime:0.000948s ]

[ 2017-04-04T11:14:49+08:00 ] ::1 /eshop/index.php/Shoper/checkVerify.html
ERR: Cron:cron Runat 2017-04-04 11:14:49 Use 0.000449 s

[ 2017-04-04T11:14:49+08:00 ] ::1 /eshop/index.php/Shoper/checkVerify.html
INFO: [ app_begin ] --START--
INFO: Run Behavior\ReadHtmlCacheBehavior [ RunTime:0.002283s ]
INFO: Run Behavior\CronRunBehavior [ RunTime:0.008135s ]
INFO: [ app_begin ] --END-- [ RunTime:0.011952s ]
INFO: [ app_end ] --START--
INFO: Run Behavior\ShowPageTraceBehavior [ RunTime:0.000834s ]
INFO: [ app_end ] --END-- [ RunTime:0.000924s ]

[ 2017-04-04T11:14:50+08:00 ] ::1 /eshop/index.php/Shoper/checkVerify.html
INFO: [ app_begin ] --START--
INFO: Run Behavior\ReadHtmlCacheBehavior [ RunTime:0.001054s ]
INFO: Run Behavior\CronRunBehavior [ RunTime:0.003213s ]
INFO: [ app_begin ] --END-- [ RunTime:0.005316s ]
INFO: [ app_end ] --START--
INFO: Run Behavior\ShowPageTraceBehavior [ RunTime:0.001228s ]
INFO: [ app_end ] --END-- [ RunTime:0.001362s ]

[ 2017-04-04T11:14:50+08:00 ] ::1 /eshop/index.php/Shoper/checkVerify.html
INFO: [ app_begin ] --START--
INFO: Run Behavior\ReadHtmlCacheBehavior [ RunTime:0.001412s ]
INFO: Run Behavior\CronRunBehavior [ RunTime:0.003952s ]
INFO: [ app_begin ] --END-- [ RunTime:0.006594s ]
INFO: [ app_end ] --START--
INFO: Run Behavior\ShowPageTraceBehavior [ RunTime:0.000794s ]
INFO: [ app_end ] --END-- [ RunTime:0.000877s ]

[ 2017-04-04T11:14:51+08:00 ] ::1 /eshop/index.php/Shoper/checkVerify.html
ERR: Cron:cron Runat 2017-04-04 11:14:51 Use 0.000334 s

[ 2017-04-04T11:14:51+08:00 ] ::1 /eshop/index.php/Shoper/checkVerify.html
INFO: [ app_begin ] --START--
INFO: Run Behavior\ReadHtmlCacheBehavior [ RunTime:0.000853s ]
INFO: Run Behavior\CronRunBehavior [ RunTime:0.004348s ]
INFO: [ app_begin ] --END-- [ RunTime:0.005811s ]
INFO: [ app_end ] --START--
INFO: Run Behavior\ShowPageTraceBehavior [ RunTime:0.000830s ]
INFO: [ app_end ] --END-- [ RunTime:0.000944s ]

[ 2017-04-04T11:14:54+08:00 ] ::1 /eshop/index.php/Shoper/verify.html?0.8977069877498456?0.40297511914207607
ERR: Cron:cron Runat 2017-04-04 11:14:54 Use 0.000292 s

[ 2017-04-04T11:14:56+08:00 ] ::1 /eshop/index.php/Shoper/verify.html?0.8977069877498456?0.40297511914207607?0.48549141446891175?0.781272745864638
ERR: Cron:cron Runat 2017-04-04 11:14:56 Use 0.000370 s

[ 2017-04-04T11:14:58+08:00 ] ::1 /eshop/index.php/Shoper/checkVerify.html
ERR: Cron:cron Runat 2017-04-04 11:14:58 Use 0.000358 s

[ 2017-04-04T11:14:58+08:00 ] ::1 /eshop/index.php/Shoper/checkVerify.html
INFO: [ app_begin ] --START--
INFO: Run Behavior\ReadHtmlCacheBehavior [ RunTime:0.000764s ]
INFO: Run Behavior\CronRunBehavior [ RunTime:0.004682s ]
INFO: [ app_begin ] --END-- [ RunTime:0.006263s ]
INFO: [ app_end ] --START--
INFO: Run Behavior\ShowPageTraceBehavior [ RunTime:0.000802s ]
INFO: [ app_end ] --END-- [ RunTime:0.000888s ]

[ 2017-04-04T11:14:58+08:00 ] ::1 /eshop/index.php/Shoper/checkVerify.html
INFO: [ app_begin ] --START--
INFO: Run Behavior\ReadHtmlCacheBehavior [ RunTime:0.000728s ]
INFO: Run Behavior\CronRunBehavior [ RunTime:0.002582s ]
INFO: [ app_begin ] --END-- [ RunTime:0.004005s ]
INFO: [ app_end ] --START--
INFO: Run Behavior\ShowPageTraceBehavior [ RunTime:0.000988s ]
INFO: [ app_end ] --END-- [ RunTime:0.001091s ]

[ 2017-04-04T11:15:00+08:00 ] ::1 /eshop/index.php/Shoper/checkVerify.html
ERR: Cron:cron Runat 2017-04-04 11:15:00 Use 0.000620 s

[ 2017-04-04T11:15:00+08:00 ] ::1 /eshop/index.php/Shoper/checkVerify.html
INFO: [ app_begin ] --START--
INFO: Run Behavior\ReadHtmlCacheBehavior [ RunTime:0.001406s ]
INFO: Run Behavior\CronRunBehavior [ RunTime:0.007930s ]
INFO: [ app_begin ] --END-- [ RunTime:0.010763s ]
INFO: [ app_end ] --START--
INFO: Run Behavior\ShowPageTraceBehavior [ RunTime:0.001472s ]
INFO: [ app_end ] --END-- [ RunTime:0.001645s ]

[ 2017-04-04T11:15:01+08:00 ] ::1 /eshop/index.php/Shoper/checkVerify.html
INFO: [ app_begin ] --START--
INFO: Run Behavior\ReadHtmlCacheBehavior [ RunTime:0.001323s ]
INFO: Run Behavior\CronRunBehavior [ RunTime:0.004324s ]
INFO: [ app_begin ] --END-- [ RunTime:0.006675s ]
INFO: [ app_end ] --START--
INFO: Run Behavior\ShowPageTraceBehavior [ RunTime:0.001030s ]
INFO: [ app_end ] --END-- [ RunTime:0.001160s ]

[ 2017-04-04T11:15:02+08:00 ] ::1 /eshop/index.php/Shoper/checkVerify.html
ERR: Cron:cron Runat 2017-04-04 11:15:02 Use 0.000362 s

[ 2017-04-04T11:15:02+08:00 ] ::1 /eshop/index.php/Shoper/checkVerify.html
INFO: [ app_begin ] --START--
INFO: Run Behavior\ReadHtmlCacheBehavior [ RunTime:0.000819s ]
INFO: Run Behavior\CronRunBehavior [ RunTime:0.004502s ]
INFO: [ app_begin ] --END-- [ RunTime:0.005956s ]
INFO: [ app_end ] --START--
INFO: Run Behavior\ShowPageTraceBehavior [ RunTime:0.000767s ]
INFO: [ app_end ] --END-- [ RunTime:0.000855s ]

[ 2017-04-04T11:15:10+08:00 ] ::1 /eshop/index.php/Shoper/doLogin.html
ERR: Cron:cron Runat 2017-04-04 11:15:10 Use 0.000365 s

[ 2017-04-04T11:15:10+08:00 ] ::1 /eshop/index.php/Shoper/doLogin.html
INFO: [ app_begin ] --START--
INFO: Run Behavior\ReadHtmlCacheBehavior [ RunTime:0.000795s ]
INFO: Run Behavior\CronRunBehavior [ RunTime:0.004938s ]
INFO: [ app_begin ] --END-- [ RunTime:0.006571s ]
SQL: SHOW COLUMNS FROM `eshop_shoper` [ RunTime:0.0731s ]
SQL: SELECT * FROM `eshop_shoper` WHERE `name` = 'admin' LIMIT 1   [ RunTime:0.0009s ]

[ 2017-04-04T11:15:14+08:00 ] ::1 /eshop/index.php/Shoper/index.html
ERR: Cron:cron Runat 2017-04-04 11:15:14 Use 0.000377 s

[ 2017-04-04T11:15:26+08:00 ] ::1 /eshop/index.php/Shoper/verify.html?0.15636236871349518
ERR: Cron:cron Runat 2017-04-04 11:15:26 Use 0.000363 s

[ 2017-04-04T11:15:33+08:00 ] ::1 /eshop/index.php/Shoper/checkVerify.html
ERR: Cron:cron Runat 2017-04-04 11:15:33 Use 0.000322 s

[ 2017-04-04T11:15:33+08:00 ] ::1 /eshop/index.php/Shoper/checkVerify.html
INFO: [ app_begin ] --START--
INFO: Run Behavior\ReadHtmlCacheBehavior [ RunTime:0.000802s ]
INFO: Run Behavior\CronRunBehavior [ RunTime:0.004407s ]
INFO: [ app_begin ] --END-- [ RunTime:0.005809s ]
INFO: [ app_end ] --START--
INFO: Run Behavior\ShowPageTraceBehavior [ RunTime:0.000747s ]
INFO: [ app_end ] --END-- [ RunTime:0.000832s ]

[ 2017-04-04T11:15:35+08:00 ] ::1 /eshop/index.php/Shoper/doLogin.html
ERR: Cron:cron Runat 2017-04-04 11:15:35 Use 0.000393 s

[ 2017-04-04T11:15:35+08:00 ] ::1 /eshop/index.php/Shoper/doLogin.html
INFO: [ app_begin ] --START--
INFO: Run Behavior\ReadHtmlCacheBehavior [ RunTime:0.000948s ]
INFO: Run Behavior\CronRunBehavior [ RunTime:0.004532s ]
INFO: [ app_begin ] --END-- [ RunTime:0.006177s ]
SQL: SHOW COLUMNS FROM `eshop_shoper` [ RunTime:0.0946s ]
SQL: SELECT * FROM `eshop_shoper` WHERE `name` = 'admin' LIMIT 1   [ RunTime:0.0009s ]

[ 2017-04-04T11:15:38+08:00 ] ::1 /eshop/index.php/Shoper/index.html
ERR: Cron:cron Runat 2017-04-04 11:15:38 Use 0.000464 s

[ 2017-04-04T11:15:45+08:00 ] ::1 /eshop/index.php/Shoper/verify.html
ERR: Cron:cron Runat 2017-04-04 11:15:45 Use 0.000981 s

[ 2017-04-04T11:16:51+08:00 ] ::1 /eshop/index.php/Shoper/verify.html?0.6099238605942323
ERR: Cron:cron Runat 2017-04-04 11:16:51 Use 0.000361 s

[ 2017-04-04T11:16:58+08:00 ] ::1 /eshop/index.php/Shoper/checkVerify.html
ERR: Cron:cron Runat 2017-04-04 11:16:58 Use 0.000495 s

[ 2017-04-04T11:16:58+08:00 ] ::1 /eshop/index.php/Shoper/checkVerify.html
INFO: [ app_begin ] --START--
INFO: Run Behavior\ReadHtmlCacheBehavior [ RunTime:0.001289s ]
INFO: Run Behavior\CronRunBehavior [ RunTime:0.007515s ]
INFO: [ app_begin ] --END-- [ RunTime:0.009829s ]
INFO: [ app_end ] --START--
INFO: Run Behavior\ShowPageTraceBehavior [ RunTime:0.001269s ]
INFO: [ app_end ] --END-- [ RunTime:0.001412s ]

[ 2017-04-04T11:16:58+08:00 ] ::1 /eshop/index.php/Shoper/doLogin.html
INFO: [ app_begin ] --START--
INFO: Run Behavior\ReadHtmlCacheBehavior [ RunTime:0.000817s ]
INFO: Run Behavior\CronRunBehavior [ RunTime:0.002344s ]
INFO: [ app_begin ] --END-- [ RunTime:0.003880s ]
SQL: SHOW COLUMNS FROM `eshop_shoper` [ RunTime:0.1014s ]
SQL: SELECT * FROM `eshop_shoper` WHERE `name` = 'admin' LIMIT 1   [ RunTime:0.0009s ]

[ 2017-04-04T11:17:01+08:00 ] ::1 /eshop/index.php/Shoper/index.html
ERR: Cron:cron Runat 2017-04-04 11:17:01 Use 0.000355 s

[ 2017-04-04T11:17:18+08:00 ] ::1 /eshop/index.php/Shoper/checkVerify.html
ERR: Cron:cron Runat 2017-04-04 11:17:18 Use 0.000344 s

[ 2017-04-04T11:17:18+08:00 ] ::1 /eshop/index.php/Shoper/checkVerify.html
INFO: [ app_begin ] --START--
INFO: Run Behavior\ReadHtmlCacheBehavior [ RunTime:0.000726s ]
INFO: Run Behavior\CronRunBehavior [ RunTime:0.006037s ]
INFO: [ app_begin ] --END-- [ RunTime:0.007383s ]
INFO: [ app_end ] --START--
INFO: Run Behavior\ShowPageTraceBehavior [ RunTime:0.000700s ]
INFO: [ app_end ] --END-- [ RunTime:0.000780s ]

[ 2017-04-04T11:17:22+08:00 ] ::1 /eshop/index.php/Shoper/doLogin.html
ERR: Cron:cron Runat 2017-04-04 11:17:22 Use 0.000425 s

[ 2017-04-04T11:17:22+08:00 ] ::1 /eshop/index.php/Shoper/doLogin.html
INFO: [ app_begin ] --START--
INFO: Run Behavior\ReadHtmlCacheBehavior [ RunTime:0.000712s ]
INFO: Run Behavior\CronRunBehavior [ RunTime:0.004931s ]
INFO: [ app_begin ] --END-- [ RunTime:0.006276s ]
SQL: SHOW COLUMNS FROM `eshop_shoper` [ RunTime:0.1047s ]
SQL: SELECT * FROM `eshop_shoper` WHERE `name` = 'admin' LIMIT 1   [ RunTime:0.0009s ]

[ 2017-04-04T11:17:25+08:00 ] ::1 /eshop/index.php/Shoper/index.html
ERR: Cron:cron Runat 2017-04-04 11:17:25 Use 0.000310 s

[ 2017-04-04T11:18:10+08:00 ] ::1 /eshop/index.php/Shoper/checkVerify.html
ERR: Cron:cron Runat 2017-04-04 11:18:10 Use 0.000302 s

[ 2017-04-04T11:18:10+08:00 ] ::1 /eshop/index.php/Shoper/checkVerify.html
INFO: [ app_begin ] --START--
INFO: Run Behavior\ReadHtmlCacheBehavior [ RunTime:0.000753s ]
INFO: Run Behavior\CronRunBehavior [ RunTime:0.005717s ]
INFO: [ app_begin ] --END-- [ RunTime:0.007145s ]
INFO: [ app_end ] --START--
INFO: Run Behavior\ShowPageTraceBehavior [ RunTime:0.000902s ]
INFO: [ app_end ] --END-- [ RunTime:0.001015s ]

[ 2017-04-04T11:18:10+08:00 ] ::1 /eshop/index.php/Shoper/doLogin.html
INFO: [ app_begin ] --START--
INFO: Run Behavior\ReadHtmlCacheBehavior [ RunTime:0.000762s ]
INFO: Run Behavior\CronRunBehavior [ RunTime:0.003404s ]
INFO: [ app_begin ] --END-- [ RunTime:0.004880s ]
SQL: SHOW COLUMNS FROM `eshop_shoper` [ RunTime:0.0828s ]
SQL: SELECT * FROM `eshop_shoper` WHERE `name` = 'admin' LIMIT 1   [ RunTime:0.0004s ]

[ 2017-04-04T11:18:13+08:00 ] ::1 /eshop/index.php/Shoper/index.html
ERR: Cron:cron Runat 2017-04-04 11:18:13 Use 0.000292 s

[ 2017-04-04T11:18:31+08:00 ] ::1 /eshop/index.php/Home/UserCenter/index.html
ERR: Cron:cron Runat 2017-04-04 11:18:31 Use 0.000303 s

[ 2017-04-04T11:18:45+08:00 ] ::1 /eshop/index.php/User/checkVerify.html
ERR: Cron:cron Runat 2017-04-04 11:18:45 Use 0.000467 s

[ 2017-04-04T11:18:45+08:00 ] ::1 /eshop/index.php/User/checkVerify.html
INFO: [ app_begin ] --START--
INFO: Run Behavior\ReadHtmlCacheBehavior [ RunTime:0.000892s ]
INFO: Run Behavior\CronRunBehavior [ RunTime:0.006037s ]
INFO: [ app_begin ] --END-- [ RunTime:0.007617s ]
INFO: [ app_end ] --START--
INFO: Run Behavior\ShowPageTraceBehavior [ RunTime:0.001027s ]
INFO: [ app_end ] --END-- [ RunTime:0.001129s ]

[ 2017-04-04T11:18:45+08:00 ] ::1 /eshop/index.php/User/doLogin.html
INFO: [ app_begin ] --START--
INFO: Run Behavior\ReadHtmlCacheBehavior [ RunTime:0.001091s ]
INFO: Run Behavior\CronRunBehavior [ RunTime:0.004095s ]
INFO: [ app_begin ] --END-- [ RunTime:0.006129s ]
SQL: SHOW COLUMNS FROM `eshop_user` [ RunTime:0.0076s ]
SQL: SELECT * FROM `eshop_user` WHERE `name` = 'admin' LIMIT 1   [ RunTime:0.0005s ]

[ 2017-04-04T11:18:58+08:00 ] ::1 /eshop/index.php/User/checkVerify.html
ERR: Cron:cron Runat 2017-04-04 11:18:58 Use 0.000377 s

[ 2017-04-04T11:18:58+08:00 ] ::1 /eshop/index.php/User/checkVerify.html
INFO: [ app_begin ] --START--
INFO: Run Behavior\ReadHtmlCacheBehavior [ RunTime:0.000738s ]
INFO: Run Behavior\CronRunBehavior [ RunTime:0.004647s ]
INFO: [ app_begin ] --END-- [ RunTime:0.005970s ]
INFO: [ app_end ] --START--
INFO: Run Behavior\ShowPageTraceBehavior [ RunTime:0.000798s ]
INFO: [ app_end ] --END-- [ RunTime:0.000879s ]

[ 2017-04-04T11:19:01+08:00 ] ::1 /eshop/index.php/User/verify.html?0.531160663416237
ERR: Cron:cron Runat 2017-04-04 11:19:01 Use 0.000351 s

[ 2017-04-04T11:19:03+08:00 ] ::1 /eshop/index.php/User/verify.html?0.531160663416237?0.6525313528042753?0.9601231475542953
ERR: Cron:cron Runat 2017-04-04 11:19:03 Use 0.000348 s

[ 2017-04-04T11:19:07+08:00 ] ::1 /eshop/index.php/User/checkVerify.html
ERR: Cron:cron Runat 2017-04-04 11:19:07 Use 0.000297 s

[ 2017-04-04T11:19:07+08:00 ] ::1 /eshop/index.php/User/checkVerify.html
INFO: [ app_begin ] --START--
INFO: Run Behavior\ReadHtmlCacheBehavior [ RunTime:0.000760s ]
INFO: Run Behavior\CronRunBehavior [ RunTime:0.004804s ]
INFO: [ app_begin ] --END-- [ RunTime:0.006245s ]
INFO: [ app_end ] --START--
INFO: Run Behavior\ShowPageTraceBehavior [ RunTime:0.000770s ]
INFO: [ app_end ] --END-- [ RunTime:0.000856s ]

[ 2017-04-04T11:19:08+08:00 ] ::1 /eshop/index.php/User/checkVerify.html
INFO: [ app_begin ] --START--
INFO: Run Behavior\ReadHtmlCacheBehavior [ RunTime:0.000751s ]
INFO: Run Behavior\CronRunBehavior [ RunTime:0.002312s ]
INFO: [ app_begin ] --END-- [ RunTime:0.003722s ]
INFO: [ app_end ] --START--
INFO: Run Behavior\ShowPageTraceBehavior [ RunTime:0.000808s ]
INFO: [ app_end ] --END-- [ RunTime:0.000891s ]

[ 2017-04-04T11:19:10+08:00 ] ::1 /eshop/index.php/User/checkVerify.html
ERR: Cron:cron Runat 2017-04-04 11:19:10 Use 0.000338 s

[ 2017-04-04T11:19:10+08:00 ] ::1 /eshop/index.php/User/checkVerify.html
INFO: [ app_begin ] --START--
INFO: Run Behavior\ReadHtmlCacheBehavior [ RunTime:0.000966s ]
INFO: Run Behavior\CronRunBehavior [ RunTime:0.004403s ]
INFO: [ app_begin ] --END-- [ RunTime:0.006189s ]
INFO: [ app_end ] --START--
INFO: Run Behavior\ShowPageTraceBehavior [ RunTime:0.000815s ]
INFO: [ app_end ] --END-- [ RunTime:0.000896s ]

[ 2017-04-04T11:19:12+08:00 ] ::1 /eshop/index.php/User/checkVerify.html
ERR: Cron:cron Runat 2017-04-04 11:19:12 Use 0.000551 s

[ 2017-04-04T11:19:12+08:00 ] ::1 /eshop/index.php/User/checkVerify.html
INFO: [ app_begin ] --START--
INFO: Run Behavior\ReadHtmlCacheBehavior [ RunTime:0.001306s ]
INFO: Run Behavior\CronRunBehavior [ RunTime:0.007076s ]
INFO: [ app_begin ] --END-- [ RunTime:0.009417s ]
INFO: [ app_end ] --START--
INFO: Run Behavior\ShowPageTraceBehavior [ RunTime:0.001371s ]
INFO: [ app_end ] --END-- [ RunTime:0.001536s ]

[ 2017-04-04T11:19:13+08:00 ] ::1 /eshop/index.php/User/checkVerify.html
INFO: [ app_begin ] --START--
INFO: Run Behavior\ReadHtmlCacheBehavior [ RunTime:0.001397s ]
INFO: Run Behavior\CronRunBehavior [ RunTime:0.003858s ]
INFO: [ app_begin ] --END-- [ RunTime:0.006356s ]
INFO: [ app_end ] --START--
INFO: Run Behavior\ShowPageTraceBehavior [ RunTime:0.001543s ]
INFO: [ app_end ] --END-- [ RunTime:0.001715s ]

[ 2017-04-04T11:19:14+08:00 ] ::1 /eshop/index.php/User/doLogin.html
INFO: [ app_begin ] --START--
INFO: Run Behavior\ReadHtmlCacheBehavior [ RunTime:0.000741s ]
INFO: Run Behavior\CronRunBehavior [ RunTime:0.002226s ]
INFO: [ app_begin ] --END-- [ RunTime:0.003609s ]
SQL: SHOW COLUMNS FROM `eshop_user` [ RunTime:0.0857s ]
SQL: SELECT * FROM `eshop_user` WHERE `name` = 'admin' LIMIT 1   [ RunTime:0.0004s ]
SQL: SHOW COLUMNS FROM `eshop_user_log` [ RunTime:0.0057s ]
NOTIC: [2] fopen(D:\wampserver\wamp\www\eshop\ThinkPHP\Library\Org\Net/UTFWry.dat): failed to open stream: No such file or directory D:\wampserver\wamp\www\eshop\ThinkPHP\Library\Org\Net\IpLocation.class.php 第 54 行.
SQL: INSERT INTO `eshop_user_log` (`userId`,`action`,`ip`,`location`,`time`) VALUES ('20','登录','0.0.0.0',NULL,'1491275953') [ RunTime:0.0526s ]

[ 2017-04-04T11:19:17+08:00 ] ::1 /eshop/index.php/Index/index.html
ERR: Cron:cron Runat 2017-04-04 11:19:17 Use 0.000296 s

[ 2017-04-04T11:19:23+08:00 ] ::1 /eshop/index.php/Home/ShopCart/index.html
ERR: Cron:cron Runat 2017-04-04 11:19:23 Use 0.000353 s

[ 2017-04-04T11:19:27+08:00 ] ::1 /eshop/index.php/Index/ucenter_collection.html
ERR: Cron:cron Runat 2017-04-04 11:19:27 Use 0.000458 s

[ 2017-04-04T11:19:27+08:00 ] ::1 /eshop/index.php/Index/ucenter_collection.html
ERR: 非法操作:ucenter_collection

[ 2017-04-04T11:19:32+08:00 ] ::1 /eshop/index.php/Home/UserCenter/index.html
ERR: Cron:cron Runat 2017-04-04 11:19:32 Use 0.000383 s

[ 2017-04-04T11:19:40+08:00 ] ::1 /eshop/index.php/UserCenter/userinfo.html
ERR: Cron:cron Runat 2017-04-04 11:19:40 Use 0.000402 s

[ 2017-04-04T11:19:47+08:00 ] ::1 /eshop/index.php/UserCenter/checkuNickname.html
ERR: Cron:cron Runat 2017-04-04 11:19:47 Use 0.000354 s

[ 2017-04-04T11:19:47+08:00 ] ::1 /eshop/index.php/UserCenter/checkuNickname.html
INFO: [ app_begin ] --START--
INFO: Run Behavior\ReadHtmlCacheBehavior [ RunTime:0.000782s ]
INFO: Run Behavior\CronRunBehavior [ RunTime:0.004649s ]
INFO: [ app_begin ] --END-- [ RunTime:0.006058s ]
SQL: SHOW COLUMNS FROM `eshop_user` [ RunTime:0.0054s ]
SQL: SELECT `id` FROM `eshop_user` WHERE `nick` = '大漠雄鹰' LIMIT 1   [ RunTime:0.0003s ]
INFO: [ app_end ] --START--
INFO: Run Behavior\ShowPageTraceBehavior [ RunTime:0.000961s ]
INFO: [ app_end ] --END-- [ RunTime:0.001056s ]

[ 2017-04-04T11:22:26+08:00 ] ::1 /eshop/index.php/UserCenter/userinfo.html
ERR: Cron:cron Runat 2017-04-04 11:22:26 Use 0.000403 s

[ 2017-04-04T11:22:28+08:00 ] ::1 /eshop/index.php/UserCenter/checkuNickname.html
ERR: Cron:cron Runat 2017-04-04 11:22:28 Use 0.000347 s

[ 2017-04-04T11:22:28+08:00 ] ::1 /eshop/index.php/UserCenter/checkuNickname.html
INFO: [ app_begin ] --START--
INFO: Run Behavior\ReadHtmlCacheBehavior [ RunTime:0.000765s ]
INFO: Run Behavior\CronRunBehavior [ RunTime:0.005533s ]
INFO: [ app_begin ] --END-- [ RunTime:0.006966s ]
SQL: SHOW COLUMNS FROM `eshop_user` [ RunTime:0.0057s ]
SQL: SELECT `id` FROM `eshop_user` WHERE `id` <> '20' AND `name` = '大漠雄鹰' LIMIT 1   [ RunTime:0.0003s ]
INFO: [ app_end ] --START--
INFO: Run Behavior\ShowPageTraceBehavior [ RunTime:0.001356s ]
INFO: [ app_end ] --END-- [ RunTime:0.001474s ]

[ 2017-04-04T11:22:44+08:00 ] ::1 /eshop/index.php/UserCenter/checkuNickname.html
ERR: Cron:cron Runat 2017-04-04 11:22:44 Use 0.000402 s

[ 2017-04-04T11:22:44+08:00 ] ::1 /eshop/index.php/UserCenter/checkuNickname.html
INFO: [ app_begin ] --START--
INFO: Run Behavior\ReadHtmlCacheBehavior [ RunTime:0.000763s ]
INFO: Run Behavior\CronRunBehavior [ RunTime:0.004936s ]
INFO: [ app_begin ] --END-- [ RunTime:0.006371s ]
SQL: SHOW COLUMNS FROM `eshop_user` [ RunTime:0.0068s ]
SQL: SELECT `id` FROM `eshop_user` WHERE `id` <> '20' AND `name` = '大漠雄鹰1' LIMIT 1   [ RunTime:0.0004s ]
INFO: [ app_end ] --START--
INFO: Run Behavior\ShowPageTraceBehavior [ RunTime:0.000931s ]
INFO: [ app_end ] --END-- [ RunTime:0.001008s ]

[ 2017-04-04T11:22:46+08:00 ] ::1 /eshop/index.php/UserCenter/userinfo.html
ERR: Cron:cron Runat 2017-04-04 11:22:46 Use 0.000305 s

[ 2017-04-04T11:22:49+08:00 ] ::1 /eshop/index.php/UserCenter/checkuNickname.html
ERR: Cron:cron Runat 2017-04-04 11:22:49 Use 0.000316 s

[ 2017-04-04T11:22:49+08:00 ] ::1 /eshop/index.php/UserCenter/checkuNickname.html
INFO: [ app_begin ] --START--
INFO: Run Behavior\ReadHtmlCacheBehavior [ RunTime:0.000741s ]
INFO: Run Behavior\CronRunBehavior [ RunTime:0.004658s ]
INFO: [ app_begin ] --END-- [ RunTime:0.005992s ]
SQL: SHOW COLUMNS FROM `eshop_user` [ RunTime:0.0058s ]
SQL: SELECT `id` FROM `eshop_user` WHERE `id` <> '20' AND `name` = '大漠雄鹰1' LIMIT 1   [ RunTime:0.0003s ]
INFO: [ app_end ] --START--
INFO: Run Behavior\ShowPageTraceBehavior [ RunTime:0.001032s ]
INFO: [ app_end ] --END-- [ RunTime:0.001122s ]

[ 2017-04-04T11:23:19+08:00 ] ::1 /eshop/index.php/UserCenter/checkuNickname.html
ERR: Cron:cron Runat 2017-04-04 11:23:19 Use 0.000411 s

[ 2017-04-04T11:23:19+08:00 ] ::1 /eshop/index.php/UserCenter/checkuNickname.html
INFO: [ app_begin ] --START--
INFO: Run Behavior\ReadHtmlCacheBehavior [ RunTime:0.000808s ]
INFO: Run Behavior\CronRunBehavior [ RunTime:0.004744s ]
INFO: [ app_begin ] --END-- [ RunTime:0.006221s ]
SQL: SHOW COLUMNS FROM `eshop_user` [ RunTime:0.0066s ]
SQL: SELECT `id` FROM `eshop_user` WHERE `id` <> '20' AND `name` = '大漠雄鹰2' LIMIT 1   [ RunTime:0.0003s ]
INFO: [ app_end ] --START--
INFO: Run Behavior\ShowPageTraceBehavior [ RunTime:0.001150s ]
INFO: [ app_end ] --END-- [ RunTime:0.001316s ]

[ 2017-04-04T11:23:25+08:00 ] ::1 /eshop/index.php/UserCenter/checkuNickname.html
ERR: Cron:cron Runat 2017-04-04 11:23:25 Use 0.000514 s

[ 2017-04-04T11:23:26+08:00 ] ::1 /eshop/index.php/UserCenter/checkuNickname.html
INFO: [ app_begin ] --START--
INFO: Run Behavior\ReadHtmlCacheBehavior [ RunTime:0.000759s ]
INFO: Run Behavior\CronRunBehavior [ RunTime:0.005619s ]
INFO: [ app_begin ] --END-- [ RunTime:0.007059s ]
SQL: SHOW COLUMNS FROM `eshop_user` [ RunTime:0.0060s ]
SQL: SELECT `id` FROM `eshop_user` WHERE `id` <> '20' AND `name` = '大漠雄鹰1' LIMIT 1   [ RunTime:0.0003s ]
INFO: [ app_end ] --START--
INFO: Run Behavior\ShowPageTraceBehavior [ RunTime:0.000983s ]
INFO: [ app_end ] --END-- [ RunTime:0.001111s ]

[ 2017-04-04T11:24:04+08:00 ] ::1 /eshop/index.php/UserCenter/checkuNickname.html
ERR: Cron:cron Runat 2017-04-04 11:24:04 Use 0.000359 s

[ 2017-04-04T11:24:04+08:00 ] ::1 /eshop/index.php/UserCenter/checkuNickname.html
INFO: [ app_begin ] --START--
INFO: Run Behavior\ReadHtmlCacheBehavior [ RunTime:0.000787s ]
INFO: Run Behavior\CronRunBehavior [ RunTime:0.005059s ]
INFO: [ app_begin ] --END-- [ RunTime:0.006510s ]
SQL: SHOW COLUMNS FROM `eshop_user` [ RunTime:0.0071s ]
SQL: SELECT `id` FROM `eshop_user` WHERE `id` <> '20' AND `name` = '大漠雄鹰2' LIMIT 1   [ RunTime:0.0005s ]
INFO: [ app_end ] --START--
INFO: Run Behavior\ShowPageTraceBehavior [ RunTime:0.001218s ]
INFO: [ app_end ] --END-- [ RunTime:0.001359s ]

[ 2017-04-04T11:24:08+08:00 ] ::1 /eshop/index.php/UserCenter/checkuNickname.html
ERR: Cron:cron Runat 2017-04-04 11:24:08 Use 0.000366 s

[ 2017-04-04T11:24:08+08:00 ] ::1 /eshop/index.php/UserCenter/checkuNickname.html
INFO: [ app_begin ] --START--
INFO: Run Behavior\ReadHtmlCacheBehavior [ RunTime:0.000831s ]
INFO: Run Behavior\CronRunBehavior [ RunTime:0.005236s ]
INFO: [ app_begin ] --END-- [ RunTime:0.006727s ]
SQL: SHOW COLUMNS FROM `eshop_user` [ RunTime:0.0055s ]
SQL: SELECT `id` FROM `eshop_user` WHERE `id` <> '20' AND `name` = '大漠雄鹰1' LIMIT 1   [ RunTime:0.0003s ]
INFO: [ app_end ] --START--
INFO: Run Behavior\ShowPageTraceBehavior [ RunTime:0.000950s ]
INFO: [ app_end ] --END-- [ RunTime:0.001042s ]

[ 2017-04-04T11:24:31+08:00 ] ::1 /eshop/index.php/UserCenter/userinfo.html
ERR: Cron:cron Runat 2017-04-04 11:24:31 Use 0.000314 s

[ 2017-04-04T11:24:36+08:00 ] ::1 /eshop/index.php/UserCenter/checkuNickname.html
ERR: Cron:cron Runat 2017-04-04 11:24:36 Use 0.000399 s

[ 2017-04-04T11:24:36+08:00 ] ::1 /eshop/index.php/UserCenter/checkuNickname.html
INFO: [ app_begin ] --START--
INFO: Run Behavior\ReadHtmlCacheBehavior [ RunTime:0.000728s ]
INFO: Run Behavior\CronRunBehavior [ RunTime:0.006036s ]
INFO: [ app_begin ] --END-- [ RunTime:0.007436s ]
SQL: SHOW COLUMNS FROM `eshop_user` [ RunTime:0.0074s ]
SQL: SELECT `id` FROM `eshop_user` WHERE `id` <> '20' AND `name` = '大漠雄鹰1' LIMIT 1   [ RunTime:0.0003s ]
INFO: [ app_end ] --START--
INFO: Run Behavior\ShowPageTraceBehavior [ RunTime:0.000949s ]
INFO: [ app_end ] --END-- [ RunTime:0.001046s ]

[ 2017-04-04T11:27:17+08:00 ] ::1 /eshop/index.php/UserCenter/checkuNickname.html
ERR: Cron:cron Runat 2017-04-04 11:27:17 Use 0.000303 s

[ 2017-04-04T11:27:17+08:00 ] ::1 /eshop/index.php/UserCenter/checkuNickname.html
INFO: [ app_begin ] --START--
INFO: Run Behavior\ReadHtmlCacheBehavior [ RunTime:0.000903s ]
INFO: Run Behavior\CronRunBehavior [ RunTime:0.005379s ]
INFO: [ app_begin ] --END-- [ RunTime:0.007360s ]
SQL: SHOW COLUMNS FROM `eshop_user` [ RunTime:0.0056s ]
SQL: SELECT `id` FROM `eshop_user` WHERE `id` <> '20' AND `nick` = '大漠雄鹰2' LIMIT 1   [ RunTime:0.0004s ]
INFO: [ app_end ] --START--
INFO: Run Behavior\ShowPageTraceBehavior [ RunTime:0.000987s ]
INFO: [ app_end ] --END-- [ RunTime:0.001086s ]

[ 2017-04-04T11:27:21+08:00 ] ::1 /eshop/index.php/UserCenter/checkuNickname.html
ERR: Cron:cron Runat 2017-04-04 11:27:21 Use 0.000539 s

[ 2017-04-04T11:27:21+08:00 ] ::1 /eshop/index.php/UserCenter/checkuNickname.html
INFO: [ app_begin ] --START--
INFO: Run Behavior\ReadHtmlCacheBehavior [ RunTime:0.000724s ]
INFO: Run Behavior\CronRunBehavior [ RunTime:0.004946s ]
INFO: [ app_begin ] --END-- [ RunTime:0.006306s ]
SQL: SHOW COLUMNS FROM `eshop_user` [ RunTime:0.0056s ]
SQL: SELECT `id` FROM `eshop_user` WHERE `id` <> '20' AND `nick` = '大漠雄鹰1' LIMIT 1   [ RunTime:0.0004s ]
INFO: [ app_end ] --START--
INFO: Run Behavior\ShowPageTraceBehavior [ RunTime:0.000923s ]
INFO: [ app_end ] --END-- [ RunTime:0.001012s ]

[ 2017-04-04T11:27:33+08:00 ] ::1 /eshop/index.php/UserCenter/userinfo.html
ERR: Cron:cron Runat 2017-04-04 11:27:33 Use 0.000311 s

[ 2017-04-04T11:27:37+08:00 ] ::1 /eshop/index.php/UserCenter/checkuNickname.html
ERR: Cron:cron Runat 2017-04-04 11:27:37 Use 0.000353 s

[ 2017-04-04T11:27:37+08:00 ] ::1 /eshop/index.php/UserCenter/checkuNickname.html
INFO: [ app_begin ] --START--
INFO: Run Behavior\ReadHtmlCacheBehavior [ RunTime:0.001027s ]
INFO: Run Behavior\CronRunBehavior [ RunTime:0.005491s ]
INFO: [ app_begin ] --END-- [ RunTime:0.007262s ]
SQL: SHOW COLUMNS FROM `eshop_user` [ RunTime:0.0060s ]
SQL: SELECT `id` FROM `eshop_user` WHERE `id` <> '20' AND `nick` = '大漠雄鹰1' LIMIT 1   [ RunTime:0.0004s ]
INFO: [ app_end ] --START--
INFO: Run Behavior\ShowPageTraceBehavior [ RunTime:0.001283s ]
INFO: [ app_end ] --END-- [ RunTime:0.001414s ]

[ 2017-04-04T11:27:42+08:00 ] ::1 /eshop/index.php/UserCenter/checkuNickname.html
ERR: Cron:cron Runat 2017-04-04 11:27:42 Use 0.000305 s

[ 2017-04-04T11:27:42+08:00 ] ::1 /eshop/index.php/UserCenter/checkuNickname.html
INFO: [ app_begin ] --START--
INFO: Run Behavior\ReadHtmlCacheBehavior [ RunTime:0.000910s ]
INFO: Run Behavior\CronRunBehavior [ RunTime:0.004759s ]
INFO: [ app_begin ] --END-- [ RunTime:0.006379s ]
SQL: SHOW COLUMNS FROM `eshop_user` [ RunTime:0.0061s ]
SQL: SELECT `id` FROM `eshop_user` WHERE `id` <> '20' AND `nick` = '大漠雄鹰' LIMIT 1   [ RunTime:0.0005s ]
INFO: [ app_end ] --START--
INFO: Run Behavior\ShowPageTraceBehavior [ RunTime:0.001098s ]
INFO: [ app_end ] --END-- [ RunTime:0.001207s ]

[ 2017-04-04T11:27:44+08:00 ] ::1 /eshop/index.php/UserCenter/userinfo.html
ERR: Cron:cron Runat 2017-04-04 11:27:44 Use 0.000363 s

[ 2017-04-04T11:28:08+08:00 ] ::1 /eshop/index.php/UserCenter/modifyPwd.html
ERR: Cron:cron Runat 2017-04-04 11:28:08 Use 0.000359 s

[ 2017-04-04T11:28:10+08:00 ] ::1 /eshop/index.php/Home/UserCenter/index.html
ERR: Cron:cron Runat 2017-04-04 11:28:10 Use 0.000374 s

[ 2017-04-04T11:28:12+08:00 ] ::1 /eshop/index.php/UserCenter/userinfo.html
ERR: Cron:cron Runat 2017-04-04 11:28:12 Use 0.000375 s

[ 2017-04-04T11:28:14+08:00 ] ::1 /eshop/index.php/UserCenter/address.html
ERR: Cron:cron Runat 2017-04-04 11:28:14 Use 0.000359 s

[ 2017-04-04T11:29:03+08:00 ] ::1 /eshop/index.php/UserCenter/address.html
ERR: Cron:cron Runat 2017-04-04 11:29:03 Use 0.000298 s

[ 2017-04-04T11:29:08+08:00 ] ::1 /eshop/index.php/UserCenter/address.html
ERR: Cron:cron Runat 2017-04-04 11:29:08 Use 0.000371 s

[ 2017-04-04T11:33:16+08:00 ] ::1 /eshop/index.php/UserCenter/address.html
ERR: Cron:cron Runat 2017-04-04 11:33:16 Use 0.000357 s

[ 2017-04-04T11:34:01+08:00 ] ::1 /eshop/index.php/Home/UserCenter/index.html
ERR: Cron:cron Runat 2017-04-04 11:34:01 Use 0.000490 s

[ 2017-04-04T11:35:03+08:00 ] ::1 /eshop/index.php/Home/UserCenter/index.html
ERR: Cron:cron Runat 2017-04-04 11:35:03 Use 0.000349 s

[ 2017-04-04T11:35:05+08:00 ] ::1 /eshop/index.php/UserCenter/modifyPwd.html
ERR: Cron:cron Runat 2017-04-04 11:35:05 Use 0.000369 s

[ 2017-04-04T11:35:09+08:00 ] ::1 /eshop/index.php/Home/UserCenter/index.html
ERR: Cron:cron Runat 2017-04-04 11:35:09 Use 0.000302 s

[ 2017-04-04T11:35:12+08:00 ] ::1 /eshop/index.php/UserCenter/address.html
ERR: Cron:cron Runat 2017-04-04 11:35:12 Use 0.000445 s

[ 2017-04-04T11:35:40+08:00 ] ::1 /eshop/index.php/UserCenter/userinfo.html
ERR: Cron:cron Runat 2017-04-04 11:35:40 Use 0.000421 s

[ 2017-04-04T11:35:43+08:00 ] ::1 /eshop/index.php/UserCenter/address.html
ERR: Cron:cron Runat 2017-04-04 11:35:43 Use 0.000317 s

[ 2017-04-04T11:35:45+08:00 ] ::1 /eshop/index.php/UserCenter/modifyPwd.html
ERR: Cron:cron Runat 2017-04-04 11:35:45 Use 0.000416 s

[ 2017-04-04T11:35:51+08:00 ] ::1 /eshop/index.php/UserCenter/modifyPwd.html
ERR: Cron:cron Runat 2017-04-04 11:35:51 Use 0.000377 s

[ 2017-04-04T11:35:55+08:00 ] ::1 /eshop/index.php/UserCenter/modifyPwd.html
ERR: Cron:cron Runat 2017-04-04 11:35:55 Use 0.000397 s

[ 2017-04-04T11:45:04+08:00 ] ::1 /eshop/index.php/Home/User/loginout.html
ERR: Cron:cron Runat 2017-04-04 11:45:04 Use 0.000393 s

[ 2017-04-04T11:45:10+08:00 ] ::1 /eshop/index.php/Home/Shoper/index.html
ERR: Cron:cron Runat 2017-04-04 11:45:10 Use 0.000585 s

[ 2017-04-04T11:45:23+08:00 ] ::1 /eshop/index.php/Shoper/checkVerify.html
ERR: Cron:cron Runat 2017-04-04 11:45:23 Use 0.000383 s

[ 2017-04-04T11:45:23+08:00 ] ::1 /eshop/index.php/Shoper/checkVerify.html
INFO: [ app_begin ] --START--
INFO: Run Behavior\ReadHtmlCacheBehavior [ RunTime:0.000849s ]
INFO: Run Behavior\CronRunBehavior [ RunTime:0.004705s ]
INFO: [ app_begin ] --END-- [ RunTime:0.006193s ]
INFO: [ app_end ] --START--
INFO: Run Behavior\ShowPageTraceBehavior [ RunTime:0.000866s ]
INFO: [ app_end ] --END-- [ RunTime:0.000967s ]

[ 2017-04-04T11:45:24+08:00 ] ::1 /eshop/index.php/Shoper/doLogin.html
INFO: [ app_begin ] --START--
INFO: Run Behavior\ReadHtmlCacheBehavior [ RunTime:0.000761s ]
INFO: Run Behavior\CronRunBehavior [ RunTime:0.002556s ]
INFO: [ app_begin ] --END-- [ RunTime:0.003981s ]
SQL: SHOW COLUMNS FROM `eshop_shoper` [ RunTime:0.0744s ]
SQL: SELECT * FROM `eshop_shoper` WHERE `name` = 'shoper3' LIMIT 1   [ RunTime:0.0006s ]
SQL: SHOW COLUMNS FROM `eshop_shoper_log` [ RunTime:0.0062s ]
NOTIC: [2] fopen(D:\wampserver\wamp\www\eshop\ThinkPHP\Library\Org\Net/UTFWry.dat): failed to open stream: No such file or directory D:\wampserver\wamp\www\eshop\ThinkPHP\Library\Org\Net\IpLocation.class.php 第 54 行.
SQL: INSERT INTO `eshop_shoper_log` (`shoperId`,`action`,`ip`,`location`,`time`) VALUES ('13','登录','0.0.0.0',NULL,'1491277524') [ RunTime:0.0545s ]

[ 2017-04-04T11:45:27+08:00 ] ::1 /eshop/index.php/Home/ShopCart/index.html
ERR: Cron:cron Runat 2017-04-04 11:45:27 Use 0.000384 s

[ 2017-04-04T11:49:47+08:00 ] ::1 /eshop/index.php/Home/Shop/index.html
ERR: Cron:cron Runat 2017-04-04 11:49:47 Use 0.000541 s

[ 2017-04-04T11:53:42+08:00 ] ::1 /eshop/index.php/Home/ShoperCenter/modifyPwd.html
ERR: Cron:cron Runat 2017-04-04 11:53:42 Use 0.000410 s

[ 2017-04-04T11:53:49+08:00 ] ::1 /eshop/index.php/Home/ShoperCenter/security.html
ERR: Cron:cron Runat 2017-04-04 11:53:49 Use 0.000757 s

[ 2017-04-04T11:54:08+08:00 ] ::1 /eshop/index.php/Home/ShopCart/index.html
ERR: Cron:cron Runat 2017-04-04 11:54:08 Use 0.000320 s

[ 2017-04-04T11:55:28+08:00 ] ::1 /eshop/index.php/Home/Good/audit.html
ERR: Cron:cron Runat 2017-04-04 11:55:28 Use 0.000380 s

[ 2017-04-04T11:55:59+08:00 ] ::1 /eshop/index.php/Home/ShopManage/infoList.html
ERR: Cron:cron Runat 2017-04-04 11:55:59 Use 0.000318 s

[ 2017-04-04T11:56:44+08:00 ] ::1 /eshop/index.php/Home/ShopManage/infoList.html
ERR: Cron:cron Runat 2017-04-04 11:56:44 Use 0.000364 s

[ 2017-04-04T11:58:54+08:00 ] ::1 /eshop/index.php/Home/ShopManage/infoList.html
ERR: Cron:cron Runat 2017-04-04 11:58:54 Use 0.000307 s

[ 2017-04-04T11:58:58+08:00 ] ::1 /eshop/index.php/Home/ShopManage/infoList.html
ERR: Cron:cron Runat 2017-04-04 11:58:58 Use 0.000370 s

[ 2017-04-04T12:02:43+08:00 ] ::1 /eshop/index.php/Home/ShopManage/infoList.html
ERR: Cron:cron Runat 2017-04-04 12:02:43 Use 0.000429 s

