[ 2017-06-01T08:14:20+08:00 ] ::1 /eshop/index.php/Home/Shop/index/shopId/3.html
ERR: Cron:cron Runat 2017-06-01 08:14:20 Use 0.000439 s

[ 2017-06-01T08:14:26+08:00 ] ::1 /eshop/index.php/Home/ShoperCenter/info.html
ERR: Cron:cron Runat 2017-06-01 08:14:26 Use 0.000558 s

[ 2017-06-01T08:14:29+08:00 ] ::1 /eshop/index.php/Home/ShoperCenter/info.html
ERR: Cron:cron Runat 2017-06-01 08:14:29 Use 0.000442 s

[ 2017-06-01T08:14:31+08:00 ] ::1 /eshop/index.php/Home/ShoperCenter/messages.html
ERR: Cron:cron Runat 2017-06-01 08:14:31 Use 0.000714 s

[ 2017-06-01T08:14:50+08:00 ] ::1 /eshop/index.php/Home/ShoperCenter/info.html
ERR: Cron:cron Runat 2017-06-01 08:14:50 Use 0.000578 s

[ 2017-06-01T08:14:59+08:00 ] ::1 /eshop/index.php/Home/ShopManage/info.html
ERR: Cron:cron Runat 2017-06-01 08:14:59 Use 0.000648 s

[ 2017-06-01T08:39:18+08:00 ] ::1 /eshop/index.php/Home/Shop/index/shopId/3.html
ERR: Cron:cron Runat 2017-06-01 08:39:18 Use 0.000288 s

[ 2017-06-01T08:39:23+08:00 ] ::1 /eshop/index.php/Home/Good/add.html
ERR: Cron:cron Runat 2017-06-01 08:39:23 Use 0.000373 s

[ 2017-06-01T08:43:16+08:00 ] ::1 /eshop/index.php/Good/getWebCart.html
ERR: Cron:cron Runat 2017-06-01 08:43:16 Use 0.000355 s

[ 2017-06-01T08:43:16+08:00 ] ::1 /eshop/index.php/Good/getWebCart.html
INFO: [ app_begin ] --START--
INFO: Run Behavior\ReadHtmlCacheBehavior [ RunTime:0.001727s ]
INFO: Run Behavior\CronRunBehavior [ RunTime:0.004932s ]
INFO: [ app_begin ] --END-- [ RunTime:0.007511s ]
SQL: SHOW COLUMNS FROM `eshop_shop` [ RunTime:0.0053s ]
SQL: SELECT `id` FROM `eshop_shop` WHERE `shoperId` = 13 LIMIT 1   [ RunTime:0.0004s ]
SQL: SELECT * FROM `eshop_shop` WHERE `id` = 3 AND `is_exam` = 1 AND `is_forbid` = 0 AND `is_show` = 1 LIMIT 1   [ RunTime:0.0004s ]
SQL: SHOW COLUMNS FROM `eshop_shop_firstmenu` [ RunTime:0.0057s ]
SQL: SELECT `id`,`name` FROM `eshop_shop_firstmenu` WHERE `shopId` = 3 AND `is_show` = 1  [ RunTime:0.0004s ]
SQL: SHOW COLUMNS FROM `eshop_shop_secondmenu` [ RunTime:0.0052s ]
SQL: SELECT `pid`,`id`,`sname` FROM `eshop_shop_secondmenu` WHERE `pid` IN ('1','5') AND `is_show` = 1  [ RunTime:0.0004s ]
SQL: SHOW COLUMNS FROM `eshop_order` [ RunTime:0.0051s ]
SQL: SELECT `id` FROM `eshop_shop` WHERE `shoperId` = 13 LIMIT 1   [ RunTime:0.0004s ]
SQL: SELECT COUNT(*) AS tp_count FROM `eshop_order` WHERE `shopId` = 3 AND `is_complaint` = 0 AND `is_pay` = 1 AND `is_deliver` = 0 AND `is_cancel` = 0 LIMIT 1   [ RunTime:0.0004s ]
SQL: SHOW COLUMNS FROM `eshop_messages` [ RunTime:0.0049s ]
SQL: SELECT `id` FROM `eshop_shop` WHERE `shoperId` = 13 LIMIT 1   [ RunTime:0.0003s ]
SQL: SELECT COUNT(*) AS tp_count FROM `eshop_messages` WHERE `status` = 0 AND `receiveId` = 3 LIMIT 1   [ RunTime:0.0003s ]
SQL: SHOW COLUMNS FROM `eshop_goodcomment` [ RunTime:0.0058s ]
SQL: SELECT AVG(goodScore) AS tp_avg FROM `eshop_goodcomment` WHERE `shopId` = 3 LIMIT 1   [ RunTime:0.0004s ]
SQL: SELECT AVG(logisticsScore) AS tp_avg FROM `eshop_goodcomment` WHERE `shopId` = 3 LIMIT 1   [ RunTime:0.0003s ]
SQL: SELECT AVG(serviceScore) AS tp_avg FROM `eshop_goodcomment` WHERE `shopId` = 3 LIMIT 1   [ RunTime:0.0002s ]
SQL: SHOW COLUMNS FROM `eshop_footer_nav` [ RunTime:0.0045s ]
SQL: SELECT f.id,f.name,n.id sid,n.name sname,n.content scontent FROM eshop_footer_nav f INNER JOIN eshop_footer_nav as n on f.id = n.pid   [ RunTime:0.0005s ]
SQL: SHOW COLUMNS FROM `eshop_secondmenu` [ RunTime:0.0881s ]
SQL: SELECT `id`,`name` FROM `eshop_secondmenu` WHERE `pid` = 1 AND `is_show` = 1  [ RunTime:0.0008s ]

[ 2017-06-01T09:32:21+08:00 ] ::1 /eshop/index.php/Home/Index/index.html
ERR: Cron:cron Runat 2017-06-01 09:32:21 Use 0.000300 s

[ 2017-06-01T09:32:23+08:00 ] ::1 /eshop/index.php/Home/ShoperCenter/info.html
ERR: Cron:cron Runat 2017-06-01 09:32:23 Use 0.000359 s

[ 2017-06-01T09:32:26+08:00 ] ::1 /eshop/index.php/Home/ShopManage/info.html
ERR: Cron:cron Runat 2017-06-01 09:32:26 Use 0.000350 s

