[ 2017-04-06T08:50:18+08:00 ] ::1 /eshop/index.php/Home/Good/onsale.html
ERR: Cron:cron Runat 2017-04-06 08:50:18 Use 0.001465 s

[ 2017-04-06T08:50:25+08:00 ] ::1 /eshop/index.php/Home/ShopOrders/complaint.html
ERR: Cron:cron Runat 2017-04-06 08:50:25 Use 0.000567 s

[ 2017-04-06T08:51:10+08:00 ] ::1 /eshop/index.php/Home/ShopOrders/complaint.html
ERR: Cron:cron Runat 2017-04-06 08:51:10 Use 0.000532 s

[ 2017-04-06T08:51:37+08:00 ] ::1 /eshop/index.php/Home/ShopOrders/complaint.html
ERR: Cron:cron Runat 2017-04-06 08:51:37 Use 0.000546 s

[ 2017-04-06T08:52:04+08:00 ] ::1 /eshop/index.php/Home/ShopOrders/complaint.html
ERR: Cron:cron Runat 2017-04-06 08:52:04 Use 0.000518 s

[ 2017-04-06T08:52:22+08:00 ] ::1 /eshop/index.php/Home/ShopOrders/complaint.html
ERR: Cron:cron Runat 2017-04-06 08:52:22 Use 0.000581 s

[ 2017-04-06T08:52:35+08:00 ] ::1 /eshop/index.php/Home/ShopOrders/complaint.html
ERR: Cron:cron Runat 2017-04-06 08:52:35 Use 0.000650 s

[ 2017-04-06T08:52:37+08:00 ] ::1 /eshop/index.php/Home/ShopOrders/complaint.html
ERR: Cron:cron Runat 2017-04-06 08:52:37 Use 0.000753 s

[ 2017-04-06T08:52:41+08:00 ] ::1 /eshop/index.php/Home/ShopOrders/waitDelivery.html
ERR: Cron:cron Runat 2017-04-06 08:52:41 Use 0.000716 s

[ 2017-04-06T08:53:37+08:00 ] ::1 /eshop/index.php/Home/ShopOrders/complaint.html
ERR: Cron:cron Runat 2017-04-06 08:53:37 Use 0.000499 s

[ 2017-04-06T08:54:32+08:00 ] ::1 /eshop/index.php/Home/ShopOrders/complaint.html
ERR: Cron:cron Runat 2017-04-06 08:54:32 Use 0.000476 s

[ 2017-04-06T08:54:43+08:00 ] ::1 /eshop/index.php/Home/ShopOrders/complaint.html
ERR: Cron:cron Runat 2017-04-06 08:54:43 Use 0.000511 s

[ 2017-04-06T08:55:09+08:00 ] ::1 /eshop/index.php/Home/ShopOrders/waitDelivery.html
ERR: Cron:cron Runat 2017-04-06 08:55:09 Use 0.000454 s

[ 2017-04-06T08:55:39+08:00 ] ::1 /eshop/index.php/Home/ShopOrders/complaint.html
ERR: Cron:cron Runat 2017-04-06 08:55:39 Use 0.000522 s

[ 2017-04-06T08:56:03+08:00 ] ::1 /eshop/index.php/Home/ShopOrders/complaint.html
ERR: Cron:cron Runat 2017-04-06 08:56:03 Use 0.000423 s

[ 2017-04-06T08:56:33+08:00 ] ::1 /eshop/index.php/Home/ShopOrders/waitPay.html
ERR: Cron:cron Runat 2017-04-06 08:56:33 Use 0.000453 s

[ 2017-04-06T09:01:28+08:00 ] ::1 /eshop/index.php/Home/ShopOrders/failure.html
ERR: Cron:cron Runat 2017-04-06 09:01:28 Use 0.000438 s

[ 2017-04-06T09:01:31+08:00 ] ::1 /eshop/index.php/Home/ShopOrders/orderDetail.html
ERR: Cron:cron Runat 2017-04-06 09:01:31 Use 0.000578 s

[ 2017-04-06T09:03:39+08:00 ] ::1 /eshop/index.php/Home/ShopOrders/orderDetail.html
ERR: Cron:cron Runat 2017-04-06 09:03:39 Use 0.000467 s

[ 2017-04-06T09:04:16+08:00 ] ::1 /eshop/index.php/Home/ShopOrders/orderDetail.html
ERR: Cron:cron Runat 2017-04-06 09:04:16 Use 0.000490 s

[ 2017-04-06T09:04:19+08:00 ] ::1 /eshop/index.php/Home/ShopOrders/failure.html
ERR: Cron:cron Runat 2017-04-06 09:04:19 Use 0.000578 s

[ 2017-04-06T09:04:21+08:00 ] ::1 /eshop/index.php/Home/ShopOrders/complaint.html
ERR: Cron:cron Runat 2017-04-06 09:04:21 Use 0.000469 s

[ 2017-04-06T09:04:45+08:00 ] ::1 /eshop/index.php/Home/ShopOrders/complaint.html
ERR: Cron:cron Runat 2017-04-06 09:04:45 Use 0.000580 s

[ 2017-04-06T09:05:16+08:00 ] ::1 /eshop/index.php/Home/ShopOrders/complaint.html
ERR: Cron:cron Runat 2017-04-06 09:05:16 Use 0.000658 s

[ 2017-04-06T09:05:19+08:00 ] ::1 /eshop/index.php/Home/Index/index.html
ERR: Cron:cron Runat 2017-04-06 09:05:19 Use 0.000581 s

[ 2017-04-06T09:05:21+08:00 ] ::1 /eshop/index.php/Home/UserCenter/index.html
ERR: Cron:cron Runat 2017-04-06 09:05:21 Use 0.000585 s

[ 2017-04-06T09:06:02+08:00 ] ::1 /eshop/index.php/Home/UserCenter/ucenter_orders.html
ERR: Cron:cron Runat 2017-04-06 09:06:02 Use 0.000509 s

[ 2017-04-06T09:06:02+08:00 ] ::1 /eshop/index.php/Home/UserCenter/ucenter_orders.html
ERR: 非法操作:ucenter_orders

[ 2017-04-06T09:06:27+08:00 ] ::1 /eshop/index.php/UserCenter/address.html
ERR: Cron:cron Runat 2017-04-06 09:06:27 Use 0.000533 s

[ 2017-04-06T09:06:33+08:00 ] ::1 /eshop/index.php/UserCenter/userinfo.html
ERR: Cron:cron Runat 2017-04-06 09:06:33 Use 0.000538 s

[ 2017-04-06T09:21:19+08:00 ] ::1 /eshop/index.php/UserCenter/userinfo.html
ERR: Cron:cron Runat 2017-04-06 09:21:19 Use 0.000734 s

[ 2017-04-06T09:21:24+08:00 ] ::1 /eshop/index.php/UserCenter/userinfo.html
ERR: Cron:cron Runat 2017-04-06 09:21:24 Use 0.000521 s

[ 2017-04-06T09:21:27+08:00 ] ::1 /eshop/index.php/Home/UserCollection/goods.html
ERR: Cron:cron Runat 2017-04-06 09:21:27 Use 0.000572 s

[ 2017-04-06T09:22:47+08:00 ] ::1 /eshop/index.php/UserCenter/userinfo.html
ERR: Cron:cron Runat 2017-04-06 09:22:47 Use 0.000979 s

[ 2017-04-06T09:22:49+08:00 ] ::1 /eshop/index.php/Home/UserCollection/goods.html
ERR: Cron:cron Runat 2017-04-06 09:22:49 Use 0.000529 s

[ 2017-04-06T09:23:19+08:00 ] ::1 /eshop/index.php/Home/Good/onsale.html
ERR: Cron:cron Runat 2017-04-06 09:23:19 Use 0.000462 s

[ 2017-04-06T09:23:21+08:00 ] ::1 /eshop/index.php/Home/Good/info/id/15.html
ERR: Cron:cron Runat 2017-04-06 09:23:21 Use 0.002969 s

[ 2017-04-06T09:24:51+08:00 ] ::1 /eshop/index.php/Home/Index/index.html
ERR: Cron:cron Runat 2017-04-06 09:24:51 Use 0.000457 s

[ 2017-04-06T09:26:31+08:00 ] ::1 /eshop/index.php/Home/UserCollection/goods.html
ERR: Cron:cron Runat 2017-04-06 09:26:31 Use 0.000463 s

[ 2017-04-06T09:27:35+08:00 ] ::1 /eshop/index.php/Home/UserCollection/goods.html
ERR: Cron:cron Runat 2017-04-06 09:27:35 Use 0.000557 s

[ 2017-04-06T09:28:11+08:00 ] ::1 /eshop/index.php/Home/UserCollection/goods.html
ERR: Cron:cron Runat 2017-04-06 09:28:11 Use 0.000540 s

[ 2017-04-06T09:31:21+08:00 ] ::1 /eshop/index.php/Home/UserCollection/goods.html
ERR: Cron:cron Runat 2017-04-06 09:31:21 Use 0.000518 s

[ 2017-04-06T09:32:29+08:00 ] ::1 /eshop/index.php/Home/UserCollection/goods.html
ERR: Cron:cron Runat 2017-04-06 09:32:29 Use 0.000466 s

[ 2017-04-06T09:33:15+08:00 ] ::1 /eshop/index.php/Home/UserCollection/goods.html
ERR: Cron:cron Runat 2017-04-06 09:33:15 Use 0.000481 s

[ 2017-04-06T09:34:08+08:00 ] ::1 /eshop/index.php/Home/UserCollection/goods.html
ERR: Cron:cron Runat 2017-04-06 09:34:08 Use 0.000621 s

[ 2017-04-06T09:34:28+08:00 ] ::1 /eshop/index.php/Home/UserCollection/goods.html
ERR: Cron:cron Runat 2017-04-06 09:34:28 Use 0.000494 s

[ 2017-04-06T09:35:12+08:00 ] ::1 /eshop/index.php/Home/UserCollection/goods.html
ERR: Cron:cron Runat 2017-04-06 09:35:12 Use 0.000468 s

[ 2017-04-06T09:36:12+08:00 ] ::1 /eshop/index.php/Home/UserCollection/goods.html
ERR: Cron:cron Runat 2017-04-06 09:36:12 Use 0.000548 s

[ 2017-04-06T09:36:56+08:00 ] ::1 /eshop/index.php/Home/UserCollection/goods.html
ERR: Cron:cron Runat 2017-04-06 09:36:56 Use 0.000552 s

[ 2017-04-06T09:36:58+08:00 ] ::1 /eshop/index.php/Home/UserCollection/shops.html
ERR: Cron:cron Runat 2017-04-06 09:36:58 Use 0.000533 s

[ 2017-04-06T09:39:06+08:00 ] ::1 /eshop/index.php/Home/UserCollection/shops.html
ERR: Cron:cron Runat 2017-04-06 09:39:06 Use 0.000442 s

[ 2017-04-06T09:40:26+08:00 ] ::1 /eshop/index.php/Home/UserCollection/shops.html
ERR: Cron:cron Runat 2017-04-06 09:40:26 Use 0.000577 s

[ 2017-04-06T09:41:03+08:00 ] ::1 /eshop/index.php/Home/UserCollection/shops.html
ERR: Cron:cron Runat 2017-04-06 09:41:03 Use 0.000548 s

[ 2017-04-06T09:41:39+08:00 ] ::1 /eshop/index.php/Home/UserCollection/shops.html
ERR: Cron:cron Runat 2017-04-06 09:41:39 Use 0.000660 s

[ 2017-04-06T09:42:05+08:00 ] ::1 /eshop/index.php/Home/UserCollection/shops.html
ERR: Cron:cron Runat 2017-04-06 09:42:05 Use 0.000475 s

[ 2017-04-06T09:42:28+08:00 ] ::1 /eshop/index.php/Home/UserCollection/shops.html
ERR: Cron:cron Runat 2017-04-06 09:42:28 Use 0.000478 s

[ 2017-04-06T09:42:50+08:00 ] ::1 /eshop/index.php/Home/UserCollection/shops.html
ERR: Cron:cron Runat 2017-04-06 09:42:50 Use 0.000448 s

[ 2017-04-06T09:43:13+08:00 ] ::1 /eshop/index.php/Home/UserCollection/shops.html
ERR: Cron:cron Runat 2017-04-06 09:43:13 Use 0.000745 s

[ 2017-04-06T09:46:46+08:00 ] ::1 /eshop/index.php/Home/UserCollection/shops.html
ERR: Cron:cron Runat 2017-04-06 09:46:46 Use 0.000483 s

[ 2017-04-06T09:47:11+08:00 ] ::1 /eshop/index.php/Home/UserCollection/shops.html
ERR: Cron:cron Runat 2017-04-06 09:47:11 Use 0.000497 s

[ 2017-04-06T09:47:43+08:00 ] ::1 /eshop/index.php/Home/UserCollection/shops.html
ERR: Cron:cron Runat 2017-04-06 09:47:43 Use 0.000597 s

[ 2017-04-06T09:48:52+08:00 ] ::1 /eshop/index.php/Home/UserCollection/shops.html
ERR: Cron:cron Runat 2017-04-06 09:48:52 Use 0.000444 s

[ 2017-04-06T09:50:55+08:00 ] ::1 /eshop/index.php/Home/UserCollection/shops.html
ERR: Cron:cron Runat 2017-04-06 09:50:55 Use 0.000577 s

[ 2017-04-06T09:51:26+08:00 ] ::1 /eshop/index.php/Home/UserCollection/shops.html
ERR: Cron:cron Runat 2017-04-06 09:51:26 Use 0.000513 s

[ 2017-04-06T09:51:51+08:00 ] ::1 /eshop/index.php/Home/UserCollection/shops.html
ERR: Cron:cron Runat 2017-04-06 09:51:51 Use 0.000602 s

[ 2017-04-06T10:01:25+08:00 ] ::1 /eshop/index.php/Home/Good/onsale.html
ERR: Cron:cron Runat 2017-04-06 10:01:25 Use 0.000547 s

[ 2017-04-06T10:09:17+08:00 ] ::1 /eshop/index.php/Home/UserCollection/shops.html
ERR: Cron:cron Runat 2017-04-06 10:09:17 Use 0.000564 s

[ 2017-04-06T10:10:11+08:00 ] ::1 /eshop/index.php/Home/UserCollection/shops.html
ERR: Cron:cron Runat 2017-04-06 10:10:11 Use 0.000524 s

[ 2017-04-06T10:10:22+08:00 ] ::1 /eshop/index.php/Home/UserCollection/shops.html
ERR: Cron:cron Runat 2017-04-06 10:10:22 Use 0.000546 s

[ 2017-04-06T10:10:37+08:00 ] ::1 /eshop/index.php/Home/UserCollection/shops.html
ERR: Cron:cron Runat 2017-04-06 10:10:37 Use 0.000604 s

[ 2017-04-06T10:11:06+08:00 ] ::1 /eshop/index.php/Home/UserCollection/shops.html
ERR: Cron:cron Runat 2017-04-06 10:11:06 Use 0.000584 s

[ 2017-04-06T10:11:14+08:00 ] ::1 /eshop/index.php/Home/UserCollection/shops.html
ERR: Cron:cron Runat 2017-04-06 10:11:14 Use 0.000831 s

[ 2017-04-06T10:20:00+08:00 ] ::1 /eshop/index.php/Home/ShopOrders/complaint.html
ERR: Cron:cron Runat 2017-04-06 10:20:00 Use 0.000552 s

[ 2017-04-06T10:24:00+08:00 ] ::1 /eshop/index.php/Home/Good/info/id/15.html
ERR: Cron:cron Runat 2017-04-06 10:24:00 Use 0.000435 s

[ 2017-04-06T10:24:36+08:00 ] ::1 /eshop/index.php/Home/UserCollection/shops.html
ERR: Cron:cron Runat 2017-04-06 10:24:36 Use 0.000582 s

[ 2017-04-06T10:24:42+08:00 ] ::1 /eshop/index.php/Home/Index/index.html
ERR: Cron:cron Runat 2017-04-06 10:24:42 Use 0.000512 s

[ 2017-04-06T10:25:07+08:00 ] ::1 /eshop/index.php/Home/ShopCart/index.html
ERR: Cron:cron Runat 2017-04-06 10:25:07 Use 0.000572 s

[ 2017-04-06T10:25:10+08:00 ] ::1 /eshop/index.php/Home/ShopOrders/complaint.html
ERR: Cron:cron Runat 2017-04-06 10:25:10 Use 0.000474 s

[ 2017-04-06T10:26:27+08:00 ] ::1 /eshop/index.php/Home/ShopOrders/waitPay.html
ERR: Cron:cron Runat 2017-04-06 10:26:27 Use 0.000539 s

[ 2017-04-06T10:26:31+08:00 ] ::1 /eshop/index.php/Home/ShopOrders/failure.html
ERR: Cron:cron Runat 2017-04-06 10:26:31 Use 0.000479 s

[ 2017-04-06T10:26:33+08:00 ] ::1 /eshop/index.php/Home/ShopOrders/orderDetail.html
ERR: Cron:cron Runat 2017-04-06 10:26:33 Use 0.000534 s

[ 2017-04-06T10:26:40+08:00 ] ::1 /eshop/index.php/Home/ShopOrders/complaint.html
ERR: Cron:cron Runat 2017-04-06 10:26:40 Use 0.000575 s

[ 2017-04-06T10:30:29+08:00 ] ::1 /eshop/index.php/Home/ShopOrders/complaint.html
ERR: Cron:cron Runat 2017-04-06 10:30:29 Use 0.000596 s

[ 2017-04-06T10:31:18+08:00 ] ::1 /eshop/index.php/Home/ShopOrders/complaint.html
ERR: Cron:cron Runat 2017-04-06 10:31:18 Use 0.000535 s

[ 2017-04-06T10:31:26+08:00 ] ::1 /eshop/index.php/Home/ShopOrders/complaint.html
ERR: Cron:cron Runat 2017-04-06 10:31:26 Use 0.000556 s

[ 2017-04-06T10:31:56+08:00 ] ::1 /eshop/index.php/Home/ShopOrders/complaint.html
ERR: Cron:cron Runat 2017-04-06 10:31:56 Use 0.000816 s

[ 2017-04-06T10:31:59+08:00 ] ::1 /eshop/index.php/Home/ShopOrders/complaintDetail.html
ERR: Cron:cron Runat 2017-04-06 10:31:59 Use 0.000584 s

[ 2017-04-06T10:32:36+08:00 ] ::1 /eshop/index.php/Home/ShopOrders/complaintDetail.html
ERR: Cron:cron Runat 2017-04-06 10:32:36 Use 0.000600 s

[ 2017-04-06T10:35:36+08:00 ] ::1 /eshop/index.php/Home/ShopOrders/complaintDetail.html
ERR: Cron:cron Runat 2017-04-06 10:35:36 Use 0.000440 s

[ 2017-04-06T10:36:03+08:00 ] ::1 /eshop/index.php/Home/ShopOrders/complaintDetail.html
ERR: Cron:cron Runat 2017-04-06 10:36:03 Use 0.000548 s

[ 2017-04-06T10:37:28+08:00 ] ::1 /eshop/index.php/Home/ShopOrders/complaintDetail.html
ERR: Cron:cron Runat 2017-04-06 10:37:28 Use 0.000437 s

[ 2017-04-06T10:38:38+08:00 ] ::1 /eshop/index.php/Home/ShopOrders/complaintDetail.html
ERR: Cron:cron Runat 2017-04-06 10:38:38 Use 0.000538 s

[ 2017-04-06T10:40:29+08:00 ] ::1 /eshop/index.php/Home/ShopOrders/complaintDetail.html
ERR: Cron:cron Runat 2017-04-06 10:40:29 Use 0.000565 s

[ 2017-04-06T10:41:01+08:00 ] ::1 /eshop/index.php/Home/ShopOrders/complaintDetail.html
ERR: Cron:cron Runat 2017-04-06 10:41:01 Use 0.000514 s

[ 2017-04-06T10:41:40+08:00 ] ::1 /eshop/index.php/Home/ShopOrders/complaintDetail.html
ERR: Cron:cron Runat 2017-04-06 10:41:40 Use 0.000423 s

[ 2017-04-06T10:42:34+08:00 ] ::1 /eshop/index.php/Home/ShopOrders/complaintDetail.html
ERR: Cron:cron Runat 2017-04-06 10:42:34 Use 0.000737 s

[ 2017-04-06T10:43:05+08:00 ] ::1 /eshop/index.php/Home/ShopOrders/complaintDetail.html
ERR: Cron:cron Runat 2017-04-06 10:43:05 Use 0.000478 s

[ 2017-04-06T10:43:13+08:00 ] ::1 /eshop/index.php/Home/ShopOrders/complaintDetail.html
ERR: Cron:cron Runat 2017-04-06 10:43:13 Use 0.000486 s

[ 2017-04-06T10:43:23+08:00 ] ::1 /eshop/index.php/Home/ShopOrders/complaintDetail.html
ERR: Cron:cron Runat 2017-04-06 10:43:23 Use 0.000539 s

[ 2017-04-06T10:44:26+08:00 ] ::1 /eshop/index.php/Home/ShopOrders/complaintDetail.html
ERR: Cron:cron Runat 2017-04-06 10:44:26 Use 0.000743 s

[ 2017-04-06T10:45:12+08:00 ] ::1 /eshop/index.php/Home/ShopOrders/complaintDetail.html
ERR: Cron:cron Runat 2017-04-06 10:45:12 Use 0.000465 s

[ 2017-04-06T10:45:38+08:00 ] ::1 /eshop/index.php/Home/ShopOrders/complaintDetail.html
ERR: Cron:cron Runat 2017-04-06 10:45:38 Use 0.000470 s

[ 2017-04-06T10:46:44+08:00 ] ::1 /eshop/index.php/Home/ShopOrders/complaintDetail.html
ERR: Cron:cron Runat 2017-04-06 10:46:44 Use 0.000735 s

[ 2017-04-06T10:47:28+08:00 ] ::1 /eshop/index.php/Home/ShopOrders/complaintDetail.html
ERR: Cron:cron Runat 2017-04-06 10:47:28 Use 0.000492 s

[ 2017-04-06T10:47:37+08:00 ] ::1 /eshop/index.php/Home/ShopOrders/complaintDetail.html
ERR: Cron:cron Runat 2017-04-06 10:47:37 Use 0.000554 s

[ 2017-04-06T10:47:47+08:00 ] ::1 /eshop/index.php/Home/ShopOrders/complaintDetail.html
ERR: Cron:cron Runat 2017-04-06 10:47:47 Use 0.000539 s

[ 2017-04-06T10:47:54+08:00 ] ::1 /eshop/index.php/Home/ShopOrders/complaintDetail.html
ERR: Cron:cron Runat 2017-04-06 10:47:54 Use 0.000528 s

[ 2017-04-06T10:48:08+08:00 ] ::1 /eshop/index.php/Home/ShopOrders/complaintDetail.html
ERR: Cron:cron Runat 2017-04-06 10:48:08 Use 0.000532 s

[ 2017-04-06T10:48:21+08:00 ] ::1 /eshop/index.php/Home/ShopOrders/failure.html
ERR: Cron:cron Runat 2017-04-06 10:48:21 Use 0.000525 s

[ 2017-04-06T10:48:24+08:00 ] ::1 /eshop/index.php/Home/ShopOrders/orderDetail.html
ERR: Cron:cron Runat 2017-04-06 10:48:24 Use 0.000521 s

[ 2017-04-06T10:49:24+08:00 ] ::1 /eshop/index.php/Home/ShopOrders/complaintDetail.html
ERR: Cron:cron Runat 2017-04-06 10:49:24 Use 0.000679 s

[ 2017-04-06T10:50:18+08:00 ] ::1 /eshop/index.php/Home/ShopOrders/complaintDetail.html
ERR: Cron:cron Runat 2017-04-06 10:50:18 Use 0.000572 s

[ 2017-04-06T10:50:24+08:00 ] ::1 /eshop/index.php/Home/ShopOrders/complaintDetail.html
ERR: Cron:cron Runat 2017-04-06 10:50:24 Use 0.000508 s

[ 2017-04-06T10:50:49+08:00 ] ::1 /eshop/index.php/Home/ShopOrders/complaintDetail.html
ERR: Cron:cron Runat 2017-04-06 10:50:49 Use 0.000508 s

[ 2017-04-06T10:51:22+08:00 ] ::1 /eshop/index.php/Home/ShopOrders/complaintDetail.html
ERR: Cron:cron Runat 2017-04-06 10:51:22 Use 0.000479 s

[ 2017-04-06T10:51:47+08:00 ] ::1 /eshop/index.php/Home/ShopOrders/complaintDetail.html
ERR: Cron:cron Runat 2017-04-06 10:51:47 Use 0.000472 s

[ 2017-04-06T10:51:57+08:00 ] ::1 /eshop/index.php/Home/ShopOrders/complaintDetail.html
ERR: Cron:cron Runat 2017-04-06 10:51:57 Use 0.000476 s

[ 2017-04-06T10:52:58+08:00 ] ::1 /eshop/index.php/Home/ShopOrders/complaintDetail.html
ERR: Cron:cron Runat 2017-04-06 10:52:57 Use 0.000500 s

[ 2017-04-06T10:53:28+08:00 ] ::1 /eshop/index.php/Home/ShopOrders/complaintDetail.html
ERR: Cron:cron Runat 2017-04-06 10:53:28 Use 0.000538 s

[ 2017-04-06T10:53:48+08:00 ] ::1 /eshop/index.php/Home/ShopOrders/complaintDetail.html
ERR: Cron:cron Runat 2017-04-06 10:53:48 Use 0.000468 s

[ 2017-04-06T10:54:14+08:00 ] ::1 /eshop/index.php/Home/ShopOrders/complaintDetail.html
ERR: Cron:cron Runat 2017-04-06 10:54:14 Use 0.000484 s

[ 2017-04-06T10:54:27+08:00 ] ::1 /eshop/index.php/Home/ShopOrders/complaintDetail.html
ERR: Cron:cron Runat 2017-04-06 10:54:27 Use 0.000539 s

[ 2017-04-06T10:54:38+08:00 ] ::1 /eshop/index.php/Home/ShopOrders/complaintDetail.html
ERR: Cron:cron Runat 2017-04-06 10:54:38 Use 0.000554 s

[ 2017-04-06T10:54:59+08:00 ] ::1 /eshop/index.php/Home/ShopOrders/complaint.html
ERR: Cron:cron Runat 2017-04-06 10:54:59 Use 0.000748 s

[ 2017-04-06T10:55:09+08:00 ] ::1 /eshop/index.php/Home/ShopOrders/complaintDetail.html
ERR: Cron:cron Runat 2017-04-06 10:55:09 Use 0.000578 s

[ 2017-04-06T10:55:24+08:00 ] ::1 /eshop/index.php/Home/ShopOrders/complaint.html
ERR: Cron:cron Runat 2017-04-06 10:55:24 Use 0.000583 s

[ 2017-04-06T10:55:32+08:00 ] ::1 /eshop/index.php/Home/ShopOrders/complaintDetail.html
ERR: Cron:cron Runat 2017-04-06 10:55:32 Use 0.000666 s

[ 2017-04-06T10:56:28+08:00 ] ::1 /eshop/index.php/Home/ShopOrders/failure.html
ERR: Cron:cron Runat 2017-04-06 10:56:28 Use 0.000584 s

[ 2017-04-06T10:56:31+08:00 ] ::1 /eshop/index.php/Home/ShopOrders/orderDetail.html
ERR: Cron:cron Runat 2017-04-06 10:56:31 Use 0.000627 s

[ 2017-04-06T10:57:01+08:00 ] ::1 /eshop/index.php/Home/ShopOrders/orderDetail.html
ERR: Cron:cron Runat 2017-04-06 10:57:01 Use 0.000524 s

[ 2017-04-06T10:57:05+08:00 ] ::1 /eshop/index.php/Home/Shop/index.html
ERR: Cron:cron Runat 2017-04-06 10:57:05 Use 0.000657 s

[ 2017-04-06T10:58:15+08:00 ] ::1 /eshop/index.php/Home/Shop/index.html
ERR: Cron:cron Runat 2017-04-06 10:58:15 Use 0.000508 s

[ 2017-04-06T11:01:37+08:00 ] ::1 /eshop/index.php/Home/Shop/goods_info.html
ERR: Cron:cron Runat 2017-04-06 11:01:37 Use 0.000332 s

[ 2017-04-06T11:01:37+08:00 ] ::1 /eshop/index.php/Home/Shop/goods_info.html
ERR: 非法操作:goods_info

[ 2017-04-06T11:01:43+08:00 ] ::1 /eshop/index.php/Home/Shop/index.html
ERR: Cron:cron Runat 2017-04-06 11:01:43 Use 0.000370 s

[ 2017-04-06T11:02:11+08:00 ] ::1 /eshop/index.php/Home/Shop/moreList.html
ERR: Cron:cron Runat 2017-04-06 11:02:11 Use 0.000322 s

[ 2017-04-06T11:07:33+08:00 ] ::1 /eshop/index.php/Home/Shop/moreList.html
ERR: Cron:cron Runat 2017-04-06 11:07:33 Use 0.000513 s

[ 2017-04-06T11:10:19+08:00 ] ::1 /eshop/index.php/Home/Shop/moreList.html
ERR: Cron:cron Runat 2017-04-06 11:10:19 Use 0.000288 s

[ 2017-04-06T11:10:59+08:00 ] ::1 /eshop/index.php/Home/Shop/moreList.html
ERR: Cron:cron Runat 2017-04-06 11:10:59 Use 0.000372 s

[ 2017-04-06T11:11:42+08:00 ] ::1 /eshop/index.php/Home/Shop/moreList.html
ERR: Cron:cron Runat 2017-04-06 11:11:42 Use 0.000391 s

[ 2017-04-06T11:19:48+08:00 ] ::1 /eshop/index.php/Home/Good/info/id/10.html
ERR: Cron:cron Runat 2017-04-06 11:19:48 Use 0.000445 s

[ 2017-04-06T11:38:36+08:00 ] ::1 /eshop/index.php/Home/Good/info/id/10.html
ERR: Cron:cron Runat 2017-04-06 11:38:36 Use 0.000307 s

[ 2017-04-06T11:38:49+08:00 ] ::1 /eshop/index.php/Home/Good/info/id/10.html
ERR: Cron:cron Runat 2017-04-06 11:38:49 Use 0.000411 s

[ 2017-04-06T11:39:04+08:00 ] ::1 /eshop/index.php/Home/Shop/moreList.html
ERR: Cron:cron Runat 2017-04-06 11:39:04 Use 0.000402 s

[ 2017-04-06T11:39:13+08:00 ] ::1 /eshop/index.php/Home/Shop/moreList.html
ERR: Cron:cron Runat 2017-04-06 11:39:13 Use 0.000450 s

[ 2017-04-06T13:15:14+08:00 ] ::1 /eshop/index.php/Home/Good/info/id/10.html
ERR: Cron:cron Runat 2017-04-06 13:15:14 Use 0.000354 s

[ 2017-04-06T13:24:03+08:00 ] ::1 /eshop/index.php/Home/Index/index.html
ERR: Cron:cron Runat 2017-04-06 13:24:03 Use 0.000330 s

[ 2017-04-06T13:24:50+08:00 ] ::1 /eshop/index.php/Home/Good/info/id/10.html
ERR: Cron:cron Runat 2017-04-06 13:24:50 Use 0.000374 s

[ 2017-04-06T18:36:08+08:00 ] ::1 /eshop/index.php/Home/Good/info/id/10.html
ERR: Cron:cron Runat 2017-04-06 18:36:08 Use 0.000399 s

[ 2017-04-06T18:38:01+08:00 ] ::1 /eshop/index.php/Home/Index/moreGoods.html
ERR: Cron:cron Runat 2017-04-06 18:38:01 Use 0.000319 s

[ 2017-04-06T18:38:54+08:00 ] ::1 /eshop/index.php/Home/Good/add.html
ERR: Cron:cron Runat 2017-04-06 18:38:54 Use 0.000384 s

[ 2017-04-06T18:39:02+08:00 ] ::1 /eshop/index.php/Good/getWebCart.html
ERR: Cron:cron Runat 2017-04-06 18:39:02 Use 0.000271 s

[ 2017-04-06T18:39:02+08:00 ] ::1 /eshop/index.php/Good/getWebCart.html
INFO: [ app_begin ] --START--
INFO: Run Behavior\ReadHtmlCacheBehavior [ RunTime:0.000839s ]
INFO: Run Behavior\CronRunBehavior [ RunTime:0.004866s ]
INFO: [ app_begin ] --END-- [ RunTime:0.006386s ]
SQL: SHOW COLUMNS FROM `eshop_shop` [ RunTime:0.0058s ]
SQL: SELECT * FROM `eshop_shop` WHERE `shoperId` = 13 AND `is_exam` = 1 AND `is_forbid` = 0 AND `is_show` = 1 LIMIT 1   [ RunTime:0.0005s ]
SQL: SELECT `id` FROM `eshop_shop` WHERE `shoperId` = 13 LIMIT 1   [ RunTime:0.0002s ]
SQL: SHOW COLUMNS FROM `eshop_shop_firstmenu` [ RunTime:0.0061s ]
SQL: SELECT `id`,`name` FROM `eshop_shop_firstmenu` WHERE `shopId` = 3 AND `is_show` = 1  [ RunTime:0.0004s ]
SQL: SHOW COLUMNS FROM `eshop_shop_secondmenu` [ RunTime:0.0062s ]
SQL: SELECT `pid`,`id`,`sname` FROM `eshop_shop_secondmenu` WHERE `pid` IN ('1','5') AND `is_show` = 1  [ RunTime:0.0004s ]
SQL: SHOW COLUMNS FROM `eshop_secondmenu` [ RunTime:0.0065s ]
SQL: SELECT `id`,`name` FROM `eshop_secondmenu` WHERE `pid` = 1 AND `is_show` = 1  [ RunTime:0.0239s ]

[ 2017-04-06T18:40:42+08:00 ] ::1 /eshop/index.php/Home/Good/info/id/10.html
ERR: Cron:cron Runat 2017-04-06 18:40:42 Use 0.000316 s

[ 2017-04-06T18:43:48+08:00 ] ::1 /eshop/index.php/Good/getWebCart.html
ERR: Cron:cron Runat 2017-04-06 18:43:48 Use 0.000510 s

[ 2017-04-06T18:43:48+08:00 ] ::1 /eshop/index.php/Good/getWebCart.html
INFO: [ app_begin ] --START--
INFO: Run Behavior\ReadHtmlCacheBehavior [ RunTime:0.000858s ]
INFO: Run Behavior\CronRunBehavior [ RunTime:0.005920s ]
INFO: [ app_begin ] --END-- [ RunTime:0.007388s ]
SQL: SHOW COLUMNS FROM `eshop_shop` [ RunTime:0.0085s ]
SQL: SELECT * FROM `eshop_shop` WHERE `shoperId` = 13 AND `is_exam` = 1 AND `is_forbid` = 0 AND `is_show` = 1 LIMIT 1   [ RunTime:0.0009s ]
SQL: SELECT `id` FROM `eshop_shop` WHERE `shoperId` = 13 LIMIT 1   [ RunTime:0.0003s ]
SQL: SHOW COLUMNS FROM `eshop_shop_firstmenu` [ RunTime:0.0084s ]
SQL: SELECT `id`,`name` FROM `eshop_shop_firstmenu` WHERE `shopId` = 3 AND `is_show` = 1  [ RunTime:0.0006s ]
SQL: SHOW COLUMNS FROM `eshop_shop_secondmenu` [ RunTime:0.0072s ]
SQL: SELECT `pid`,`id`,`sname` FROM `eshop_shop_secondmenu` WHERE `pid` IN ('1','5') AND `is_show` = 1  [ RunTime:0.0008s ]
SQL: SHOW COLUMNS FROM `eshop_thirdmenu` [ RunTime:0.0053s ]
SQL: SELECT `id`,`name` FROM `eshop_thirdmenu` WHERE `pid` = 1 AND `is_show` = 1  [ RunTime:0.0554s ]

[ 2017-04-06T18:43:52+08:00 ] ::1 /eshop/index.php/Good/getWebCart.html
ERR: Cron:cron Runat 2017-04-06 18:43:52 Use 0.000338 s

[ 2017-04-06T18:43:52+08:00 ] ::1 /eshop/index.php/Good/getWebCart.html
INFO: [ app_begin ] --START--
INFO: Run Behavior\ReadHtmlCacheBehavior [ RunTime:0.000875s ]
INFO: Run Behavior\CronRunBehavior [ RunTime:0.004833s ]
INFO: [ app_begin ] --END-- [ RunTime:0.006424s ]
SQL: SHOW COLUMNS FROM `eshop_shop` [ RunTime:0.0069s ]
SQL: SELECT * FROM `eshop_shop` WHERE `shoperId` = 13 AND `is_exam` = 1 AND `is_forbid` = 0 AND `is_show` = 1 LIMIT 1   [ RunTime:0.0006s ]
SQL: SELECT `id` FROM `eshop_shop` WHERE `shoperId` = 13 LIMIT 1   [ RunTime:0.0003s ]
SQL: SHOW COLUMNS FROM `eshop_shop_firstmenu` [ RunTime:0.0061s ]
SQL: SELECT `id`,`name` FROM `eshop_shop_firstmenu` WHERE `shopId` = 3 AND `is_show` = 1  [ RunTime:0.0004s ]
SQL: SHOW COLUMNS FROM `eshop_shop_secondmenu` [ RunTime:0.0067s ]
SQL: SELECT `pid`,`id`,`sname` FROM `eshop_shop_secondmenu` WHERE `pid` IN ('1','5') AND `is_show` = 1  [ RunTime:0.0004s ]
SQL: SHOW COLUMNS FROM `eshop_secondmenu` [ RunTime:0.0070s ]
SQL: SELECT `id`,`name` FROM `eshop_secondmenu` WHERE `pid` = 9 AND `is_show` = 1  [ RunTime:0.0005s ]

