[ 2017-05-16T08:53:34+08:00 ] ::1 /eshop/index.php/Home/Shop/index/shopId/3.html
ERR: Cron:cron Runat 2017-05-16 08:53:34 Use 0.001237 s

[ 2017-05-16T08:53:40+08:00 ] ::1 /eshop/index.php/Home/Index/index.html
ERR: Cron:cron Runat 2017-05-16 08:53:40 Use 0.000789 s

[ 2017-05-16T08:53:44+08:00 ] ::1 /eshop/index.php/Home/UserOrders/waitReceive.html
ERR: Cron:cron Runat 2017-05-16 08:53:44 Use 0.000623 s

[ 2017-05-16T08:53:47+08:00 ] ::1 /eshop/index.php/Home/Shop/index/shopId/3.html
ERR: Cron:cron Runat 2017-05-16 08:53:47 Use 0.000523 s

[ 2017-05-16T08:53:51+08:00 ] ::1 /eshop/index.php/Home/Index/index.html
ERR: Cron:cron Runat 2017-05-16 08:53:51 Use 0.000501 s

[ 2017-05-16T08:54:28+08:00 ] ::1 /eshop/index.php/Home/Search/index/goodname/%E8%8B%B9%E6%9E%9C/type/0.html
ERR: Cron:cron Runat 2017-05-16 08:54:28 Use 0.000615 s

[ 2017-05-16T08:57:28+08:00 ] ::1 /eshop/index.php/Home/Search/index/goodname/%E8%8B%B9%E6%9E%9C/type/0.html
ERR: Cron:cron Runat 2017-05-16 08:57:28 Use 0.000717 s

[ 2017-05-16T08:58:18+08:00 ] ::1 /eshop/index.php/Home/Search/index/goodname/%E8%8B%B9%E6%9E%9C/type/0.html
ERR: Cron:cron Runat 2017-05-16 08:58:18 Use 0.000667 s

[ 2017-05-16T08:58:18+08:00 ] ::1 /eshop/index.php/Home/Search/index/goodname/%E8%8B%B9%E6%9E%9C/type/0.html
ERR: 模板不存在:./App/Home/View/default/Home/Index/moreGoods.html

[ 2017-05-16T08:58:42+08:00 ] ::1 /eshop/index.php/Home/Search/index/goodname/%E8%8B%B9%E6%9E%9C/type/0.html
ERR: Cron:cron Runat 2017-05-16 08:58:42 Use 0.000970 s

[ 2017-05-16T08:59:24+08:00 ] ::1 /eshop/index.php/Search/goodsOrder.html
ERR: Cron:cron Runat 2017-05-16 08:59:24 Use 0.000601 s

[ 2017-05-16T08:59:24+08:00 ] ::1 /eshop/index.php/Search/goodsOrder.html
INFO: [ app_begin ] --START--
INFO: Run Behavior\ReadHtmlCacheBehavior [ RunTime:0.001281s ]
INFO: Run Behavior\CronRunBehavior [ RunTime:0.006639s ]
INFO: [ app_begin ] --END-- [ RunTime:0.008979s ]
ERR: 非法操作:goodsOrder

[ 2017-05-16T08:59:24+08:00 ] ::1 /eshop/index.php/Search/goodsOrder.html
INFO: [ app_begin ] --START--
INFO: Run Behavior\ReadHtmlCacheBehavior [ RunTime:0.001386s ]
INFO: Run Behavior\CronRunBehavior [ RunTime:0.003444s ]
INFO: [ app_begin ] --END-- [ RunTime:0.006256s ]
ERR: 非法操作:goodsOrder

[ 2017-05-16T08:59:25+08:00 ] ::1 /eshop/index.php/Search/goodsOrder.html
INFO: [ app_begin ] --START--
INFO: Run Behavior\ReadHtmlCacheBehavior [ RunTime:0.001250s ]
INFO: Run Behavior\CronRunBehavior [ RunTime:0.003103s ]
INFO: [ app_begin ] --END-- [ RunTime:0.005376s ]
ERR: 非法操作:goodsOrder

[ 2017-05-16T08:59:26+08:00 ] ::1 /eshop/index.php/Search/goodsOrder.html
ERR: Cron:cron Runat 2017-05-16 08:59:26 Use 0.000598 s

[ 2017-05-16T08:59:26+08:00 ] ::1 /eshop/index.php/Search/goodsOrder.html
INFO: [ app_begin ] --START--
INFO: Run Behavior\ReadHtmlCacheBehavior [ RunTime:0.001756s ]
INFO: Run Behavior\CronRunBehavior [ RunTime:0.006171s ]
INFO: [ app_begin ] --END-- [ RunTime:0.008928s ]
ERR: 非法操作:goodsOrder

[ 2017-05-16T08:59:27+08:00 ] ::1 /eshop/index.php/Search/goodsOrder.html
INFO: [ app_begin ] --START--
INFO: Run Behavior\ReadHtmlCacheBehavior [ RunTime:0.001679s ]
INFO: Run Behavior\CronRunBehavior [ RunTime:0.003188s ]
INFO: [ app_begin ] --END-- [ RunTime:0.005881s ]
ERR: 非法操作:goodsOrder

[ 2017-05-16T08:59:33+08:00 ] ::1 /eshop/index.php/Search/goodsOrder.html
ERR: Cron:cron Runat 2017-05-16 08:59:33 Use 0.000486 s

[ 2017-05-16T08:59:33+08:00 ] ::1 /eshop/index.php/Search/goodsOrder.html
INFO: [ app_begin ] --START--
INFO: Run Behavior\ReadHtmlCacheBehavior [ RunTime:0.001423s ]
INFO: Run Behavior\CronRunBehavior [ RunTime:0.006401s ]
INFO: [ app_begin ] --END-- [ RunTime:0.008926s ]
ERR: 非法操作:goodsOrder

[ 2017-05-16T09:05:45+08:00 ] ::1 /eshop/index.php/Home/Search/index/goodname/%E8%8B%B9%E6%9E%9C/type/0.html
ERR: Cron:cron Runat 2017-05-16 09:05:45 Use 0.000521 s

[ 2017-05-16T09:05:45+08:00 ] ::1 /eshop/index.php/Home/Search/index/goodname/%E8%8B%B9%E6%9E%9C/type/0.html
ERR: 页面不存在！

[ 2017-05-16T09:06:54+08:00 ] ::1 /eshop/index.php/Home/Search/index/goodname/%E8%8B%B9%E6%9E%9C/type/0.html
ERR: Cron:cron Runat 2017-05-16 09:06:54 Use 0.000569 s

[ 2017-05-16T09:07:03+08:00 ] ::1 /eshop/index.php/Home/Search/index/goodname/%E8%8B%B9%E6%9E%9C/type/0.html
ERR: Cron:cron Runat 2017-05-16 09:07:03 Use 0.000616 s

[ 2017-05-16T09:08:33+08:00 ] ::1 /eshop/index.php/Home/Search/index/goodname/%E8%8B%B9%E6%9E%9C/type/0.html
ERR: Cron:cron Runat 2017-05-16 09:08:33 Use 0.000684 s

[ 2017-05-16T09:08:49+08:00 ] ::1 /eshop/index.php/Home/Search/index/goodname/%E8%8B%B9%E6%9E%9C/type/0.html
ERR: Cron:cron Runat 2017-05-16 09:08:49 Use 0.000892 s

[ 2017-05-16T09:08:52+08:00 ] ::1 /eshop/index.php/Home/Index/index.html
ERR: Cron:cron Runat 2017-05-16 09:08:52 Use 0.001213 s

[ 2017-05-16T09:08:54+08:00 ] ::1 /eshop/index.php/Index/moreGoods/fmenu/2.html
ERR: Cron:cron Runat 2017-05-16 09:08:54 Use 0.000520 s

[ 2017-05-16T09:08:58+08:00 ] ::1 /eshop/index.php/Index/moreGoods/fmenu/2.html
ERR: Cron:cron Runat 2017-05-16 09:08:58 Use 0.000604 s

[ 2017-05-16T09:09:04+08:00 ] ::1 /eshop/index.php/Home/Search/index/goodname/%E8%8B%B9%E6%9E%9C/type/0.html
ERR: Cron:cron Runat 2017-05-16 09:09:04 Use 0.000600 s

[ 2017-05-16T09:09:39+08:00 ] ::1 /eshop/index.php/Home/Search/index/goodname/%E8%8B%B9%E6%9E%9C/type/0.html
ERR: Cron:cron Runat 2017-05-16 09:09:39 Use 0.000640 s

[ 2017-05-16T09:09:55+08:00 ] ::1 /eshop/index.php/Home/Search/index/goodname/%E8%8B%B9%E6%9E%9C/type/0.html
ERR: Cron:cron Runat 2017-05-16 09:09:55 Use 0.000707 s

[ 2017-05-16T09:15:03+08:00 ] ::1 /eshop/index.php/Home/Search/index/goodname/%E8%8B%B9%E6%9E%9C/type/0.html
ERR: Cron:cron Runat 2017-05-16 09:15:03 Use 0.000564 s

[ 2017-05-16T09:15:05+08:00 ] ::1 /eshop/index.php/Home/Index/index.html
ERR: Cron:cron Runat 2017-05-16 09:15:05 Use 0.000920 s

[ 2017-05-16T09:15:08+08:00 ] ::1 /eshop/index.php/Home/Search/index/goodname/%E8%8B%B9%E6%9E%9C/type/0.html
ERR: Cron:cron Runat 2017-05-16 09:15:08 Use 0.000596 s

[ 2017-05-16T09:15:17+08:00 ] ::1 /eshop/index.php/Home/Search/index/goodname/%E8%8B%B9%E6%9E%9C/type/0.html
ERR: Cron:cron Runat 2017-05-16 09:15:17 Use 0.000940 s

[ 2017-05-16T09:15:27+08:00 ] ::1 /eshop/index.php/Home/Search/index/goodname/%E8%8B%B9%E6%9E%9C/type/0.html
ERR: Cron:cron Runat 2017-05-16 09:15:27 Use 0.000503 s

[ 2017-05-16T09:15:59+08:00 ] ::1 /eshop/index.php/Home/Search/index/goodname/%E8%8B%B9%E6%9E%9C/type/0.html
ERR: Cron:cron Runat 2017-05-16 09:15:59 Use 0.000575 s

[ 2017-05-16T09:17:27+08:00 ] ::1 /eshop/index.php/Home/Search/index/goodname/%E8%8B%B9%E6%9E%9C/type/0.html
ERR: Cron:cron Runat 2017-05-16 09:17:27 Use 0.000658 s

[ 2017-05-16T09:18:00+08:00 ] ::1 /eshop/index.php/Home/Search/index/goodname/%E8%8B%B9%E6%9E%9C/type/0.html
ERR: Cron:cron Runat 2017-05-16 09:18:00 Use 0.000526 s

[ 2017-05-16T09:18:16+08:00 ] ::1 /eshop/index.php/Home/Search/index/goodname/%E8%8B%B9%E6%9E%9C/type/0.html
ERR: Cron:cron Runat 2017-05-16 09:18:16 Use 0.000457 s

[ 2017-05-16T09:18:26+08:00 ] ::1 /eshop/index.php/Home/Search/index/goodname/%E8%8B%B9%E6%9E%9C/type/0.html
ERR: Cron:cron Runat 2017-05-16 09:18:26 Use 0.000505 s

[ 2017-05-16T09:21:14+08:00 ] ::1 /eshop/index.php/Home/Search/index/goodname/%E8%8B%B9%E6%9E%9C/type/0.html
ERR: Cron:cron Runat 2017-05-16 09:21:14 Use 0.000500 s

[ 2017-05-16T09:21:59+08:00 ] ::1 /eshop/index.php/Home/Search/index/goodname/%E8%8B%B9%E6%9E%9C/type/0.html
ERR: Cron:cron Runat 2017-05-16 09:21:59 Use 0.000484 s

[ 2017-05-16T09:22:30+08:00 ] ::1 /eshop/index.php/Home/Search/index/goodname/%E8%8B%B9%E6%9E%9C/type/0.html
ERR: Cron:cron Runat 2017-05-16 09:22:30 Use 0.000533 s

[ 2017-05-16T09:25:33+08:00 ] ::1 /eshop/index.php/Home/Search/index/goodname/%E8%8B%B9%E6%9E%9C/type/0.html
ERR: Cron:cron Runat 2017-05-16 09:25:33 Use 0.000824 s

[ 2017-05-16T09:25:52+08:00 ] ::1 /eshop/index.php/Home/Search/index/goodname/%E8%8B%B9%E6%9E%9C/type/0.html
ERR: Cron:cron Runat 2017-05-16 09:25:52 Use 0.000840 s

[ 2017-05-16T09:32:46+08:00 ] ::1 /eshop/index.php/Home/Search/index/goodname/%E8%8B%B9%E6%9E%9C/type/0.html
ERR: Cron:cron Runat 2017-05-16 09:32:46 Use 0.000771 s

[ 2017-05-16T09:33:23+08:00 ] ::1 /eshop/index.php/Home/Index/index.html
ERR: Cron:cron Runat 2017-05-16 09:33:23 Use 0.001417 s

[ 2017-05-16T09:33:53+08:00 ] ::1 /eshop/index.php/Home/Search/index/goodname/%E7%8E%89%E7%B1%B3/type/0.html
ERR: Cron:cron Runat 2017-05-16 09:33:53 Use 0.000656 s

[ 2017-05-16T09:34:14+08:00 ] ::1 /eshop/index.php/Home/Search/index/goodname/%E7%8E%89%E7%B1%B3/type/0.html
ERR: Cron:cron Runat 2017-05-16 09:34:14 Use 0.000582 s

[ 2017-05-16T09:37:39+08:00 ] ::1 /eshop/index.php/Home/Search/index/goodname/%E7%8E%89%E7%B1%B3/type/0.html
ERR: Cron:cron Runat 2017-05-16 09:37:39 Use 0.000567 s

[ 2017-05-16T09:37:44+08:00 ] ::1 /eshop/index.php/Home/Index/goodsInfo/id/18.html
ERR: Cron:cron Runat 2017-05-16 09:37:44 Use 0.000577 s

[ 2017-05-16T09:37:47+08:00 ] ::1 /eshop/index.php/Home/Shop/index/shopId/3.html
ERR: Cron:cron Runat 2017-05-16 09:37:47 Use 0.001285 s

[ 2017-05-16T09:37:55+08:00 ] ::1 /eshop/index.php/Home/Shop/index/shopId/3.html
ERR: Cron:cron Runat 2017-05-16 09:37:55 Use 0.000558 s

[ 2017-05-16T09:39:43+08:00 ] ::1 /eshop/index.php/Home/Shop/index/shopId/3.html
ERR: Cron:cron Runat 2017-05-16 09:39:43 Use 0.000538 s

[ 2017-05-16T09:39:45+08:00 ] ::1 /eshop/index.php/Home/Index/index.html
ERR: Cron:cron Runat 2017-05-16 09:39:45 Use 0.000579 s

[ 2017-05-16T09:41:30+08:00 ] ::1 /eshop/index.php/Home/Shop/index/shopId/3.html
ERR: Cron:cron Runat 2017-05-16 09:41:30 Use 0.000582 s

[ 2017-05-16T09:42:00+08:00 ] ::1 /eshop/index.php/Home/Shop/index/shopId/3.html
ERR: Cron:cron Runat 2017-05-16 09:42:00 Use 0.000569 s

[ 2017-05-16T09:42:11+08:00 ] ::1 /eshop/index.php/Home/Shop/index/shopId/3.html
ERR: Cron:cron Runat 2017-05-16 09:42:11 Use 0.000520 s

[ 2017-05-16T09:44:00+08:00 ] ::1 /eshop/index.php/Home/Shop/index/shopId/3.html
ERR: Cron:cron Runat 2017-05-16 09:44:00 Use 0.000515 s

[ 2017-05-16T09:45:02+08:00 ] ::1 /eshop/index.php/Home/Shop/index/shopId/3.html
ERR: Cron:cron Runat 2017-05-16 09:45:02 Use 0.000471 s

[ 2017-05-16T09:45:15+08:00 ] ::1 /eshop/index.php/Home/Shop/index/shopId/3.html
ERR: Cron:cron Runat 2017-05-16 09:45:15 Use 0.000577 s

[ 2017-05-16T09:46:13+08:00 ] ::1 /eshop/index.php/Home/Shop/index/shopId/3.html
ERR: Cron:cron Runat 2017-05-16 09:46:13 Use 0.000565 s

[ 2017-05-16T09:46:43+08:00 ] ::1 /eshop/index.php/Home/Shop/index/shopId/3.html
ERR: Cron:cron Runat 2017-05-16 09:46:43 Use 0.000548 s

[ 2017-05-16T09:46:52+08:00 ] ::1 /eshop/index.php/Home/Shop/index/shopId/3.html
ERR: Cron:cron Runat 2017-05-16 09:46:52 Use 0.000582 s

[ 2017-05-16T09:47:21+08:00 ] ::1 /eshop/index.php/Home/Shop/index/shopId/3.html
ERR: Cron:cron Runat 2017-05-16 09:47:21 Use 0.000861 s

[ 2017-05-16T09:47:43+08:00 ] ::1 /eshop/index.php/Home/Shop/index/shopId/3.html
ERR: Cron:cron Runat 2017-05-16 09:47:43 Use 0.000596 s

[ 2017-05-16T09:47:58+08:00 ] ::1 /eshop/index.php/Home/Shop/index/shopId/3.html
ERR: Cron:cron Runat 2017-05-16 09:47:58 Use 0.000533 s

[ 2017-05-16T09:48:29+08:00 ] ::1 /eshop/index.php/Home/Shop/index/shopId/3.html
ERR: Cron:cron Runat 2017-05-16 09:48:29 Use 0.000525 s

[ 2017-05-16T09:48:50+08:00 ] ::1 /eshop/index.php/Home/Shop/index/shopId/3.html
ERR: Cron:cron Runat 2017-05-16 09:48:50 Use 0.000502 s

[ 2017-05-16T09:49:21+08:00 ] ::1 /eshop/index.php/Home/Search/index/goodname/%E8%8B%B9%E6%9E%9C/type/0.html
ERR: Cron:cron Runat 2017-05-16 09:49:21 Use 0.000548 s

[ 2017-05-16T09:50:32+08:00 ] ::1 /eshop/index.php/Shop/moreList/shopId/3/scat/1.html
ERR: Cron:cron Runat 2017-05-16 09:50:32 Use 0.000900 s

[ 2017-05-16T09:56:09+08:00 ] ::1 /eshop/index.php/Home/Shop/index/shopId/3.html
ERR: Cron:cron Runat 2017-05-16 09:56:09 Use 0.002224 s

[ 2017-05-16T09:57:59+08:00 ] ::1 /eshop/index.php/Home/Shop/index/shopId/3.html
ERR: Cron:cron Runat 2017-05-16 09:57:59 Use 0.000437 s

[ 2017-05-16T10:00:20+08:00 ] ::1 /eshop/index.php/Home/Shop/index/shopId/3.html
ERR: Cron:cron Runat 2017-05-16 10:00:20 Use 0.000384 s

[ 2017-05-16T10:00:26+08:00 ] ::1 /eshop/index.php/Home/Search/index/shopId/3goodname/%E8%8B%B9%E6%9E%9C/type/1.html
ERR: Cron:cron Runat 2017-05-16 10:00:26 Use 0.000545 s

[ 2017-05-16T10:00:26+08:00 ] ::1 /eshop/index.php/Home/Search/index/shopId/3goodname/%E8%8B%B9%E6%9E%9C/type/1.html
ERR: 页面不存在！

[ 2017-05-16T10:00:53+08:00 ] ::1 /eshop/index.php/Home/Search/index/shopId/3goodname/%E8%8B%B9%E6%9E%9C/type/1.html
ERR: Cron:cron Runat 2017-05-16 10:00:53 Use 0.000355 s

[ 2017-05-16T10:00:53+08:00 ] ::1 /eshop/index.php/Home/Search/index/shopId/3goodname/%E8%8B%B9%E6%9E%9C/type/1.html
ERR: 页面不存在！

[ 2017-05-16T10:01:03+08:00 ] ::1 /eshop/index.php/Home/Shop/index/shopId/3.html
ERR: Cron:cron Runat 2017-05-16 10:01:03 Use 0.000307 s

[ 2017-05-16T10:01:12+08:00 ] ::1 /eshop/index.php/Home/Search/index/shopId/3/goodname/%E8%8B%B9%E6%9E%9C/type/1.html
ERR: Cron:cron Runat 2017-05-16 10:01:12 Use 0.000334 s

[ 2017-05-16T10:01:31+08:00 ] ::1 /eshop/index.php/Home/Search/index/shopId/3/goodname/%E8%8B%B9%E6%9E%9C/type/1.html
ERR: Cron:cron Runat 2017-05-16 10:01:31 Use 0.000366 s

[ 2017-05-16T10:11:29+08:00 ] ::1 /eshop/index.php/Home/Shop/index/shopId/3.html
ERR: Cron:cron Runat 2017-05-16 10:11:29 Use 0.000429 s

[ 2017-05-16T10:11:32+08:00 ] ::1 /eshop/index.php/Home/Search/index/shopId/3/goodname/%E8%8B%B9%E6%9E%9C/type/1.html
ERR: Cron:cron Runat 2017-05-16 10:11:32 Use 0.000597 s

[ 2017-05-16T10:15:02+08:00 ] ::1 /eshop/index.php/Shop/moreList/shopId/3/scat/1.html
ERR: Cron:cron Runat 2017-05-16 10:15:02 Use 0.000297 s

[ 2017-05-16T10:15:07+08:00 ] ::1 /eshop/index.php/Home/Search/index/shopId/3/goodname/%E8%8B%B9%E6%9E%9C/type/1.html
ERR: Cron:cron Runat 2017-05-16 10:15:07 Use 0.000545 s

[ 2017-05-16T10:15:09+08:00 ] ::1 /eshop/index.php/Home/Search/index/shopId/3/goodname/%E8%8B%B9%E6%9E%9C/type/1.html
ERR: Cron:cron Runat 2017-05-16 10:15:09 Use 0.000355 s

[ 2017-05-16T10:15:55+08:00 ] ::1 /eshop/index.php/Home/Search/index/shopId/3/goodname/%E8%8B%B9%E6%9E%9C/type/1.html
ERR: Cron:cron Runat 2017-05-16 10:15:55 Use 0.000392 s

[ 2017-05-16T10:17:57+08:00 ] ::1 /eshop/index.php/Home/Search/index/shopId/3/goodname/%E8%8B%B9%E6%9E%9C/type/1.html
ERR: Cron:cron Runat 2017-05-16 10:17:57 Use 0.000392 s

[ 2017-05-16T10:18:27+08:00 ] ::1 /eshop/index.php/Home/Search/index/shopId/3/goodname/%E8%8B%B9%E6%9E%9C/type/1.html
ERR: Cron:cron Runat 2017-05-16 10:18:27 Use 0.001403 s

[ 2017-05-16T10:18:49+08:00 ] ::1 /eshop/index.php/Home/Search/index/shopId/3/goodname/%E8%8B%B9%E6%9E%9C/type/1.html
ERR: Cron:cron Runat 2017-05-16 10:18:49 Use 0.000355 s

[ 2017-05-16T10:18:56+08:00 ] ::1 /eshop/index.php/Home/Search/index/shopId/3/goodname/%E8%8B%B9%E6%9E%9C/type/1.html
ERR: Cron:cron Runat 2017-05-16 10:18:56 Use 0.000375 s

[ 2017-05-16T10:20:18+08:00 ] ::1 /eshop/index.php/Home/Search/index/shopId/3/goodname/%E8%8B%B9%E6%9E%9C/type/1.html
ERR: Cron:cron Runat 2017-05-16 10:20:18 Use 0.000397 s

[ 2017-05-16T10:20:53+08:00 ] ::1 /eshop/index.php/Home/Search/index/shopId/3/goodname/%E8%8B%B9%E6%9E%9C/type/1.html
ERR: Cron:cron Runat 2017-05-16 10:20:53 Use 0.001125 s

[ 2017-05-16T10:21:01+08:00 ] ::1 /eshop/index.php/Home/Search/index/shopId/3/goodname/%E8%8B%B9%E6%9E%9C/type/1.html
ERR: Cron:cron Runat 2017-05-16 10:21:01 Use 0.000967 s

[ 2017-05-16T10:22:12+08:00 ] ::1 /eshop/index.php/Home/Search/index/shopId/3/goodname/%E8%8B%B9%E6%9E%9C/type/1.html
ERR: Cron:cron Runat 2017-05-16 10:22:12 Use 0.000449 s

[ 2017-05-16T10:22:24+08:00 ] ::1 /eshop/index.php/Home/Search/index/shopId/3/goodname/%E8%8B%B9%E6%9E%9C/type/1.html
ERR: Cron:cron Runat 2017-05-16 10:22:24 Use 0.000390 s

[ 2017-05-16T10:22:32+08:00 ] ::1 /eshop/index.php/Search/moreList/shopId/3/scat/1/scat2/1.html
ERR: Cron:cron Runat 2017-05-16 10:22:32 Use 0.000369 s

[ 2017-05-16T10:22:32+08:00 ] ::1 /eshop/index.php/Search/moreList/shopId/3/scat/1/scat2/1.html
ERR: 非法操作:moreList

[ 2017-05-16T10:23:52+08:00 ] ::1 /eshop/index.php/Home/Search/index/shopId/3/goodname/%E8%8B%B9%E6%9E%9C/type/1.html
ERR: Cron:cron Runat 2017-05-16 10:23:52 Use 0.000319 s

[ 2017-05-16T10:23:56+08:00 ] ::1 /eshop/index.php/Home/Shop/moreList/shopId/3/scat/1/scat2/1.html
ERR: Cron:cron Runat 2017-05-16 10:23:56 Use 0.000402 s

[ 2017-05-16T10:24:01+08:00 ] ::1 /eshop/index.php/Home/Shop/moreList/shopId/3/scat/5/scat2/18.html
ERR: Cron:cron Runat 2017-05-16 10:24:01 Use 0.000335 s

[ 2017-05-16T10:24:03+08:00 ] ::1 /eshop/index.php/Home/Shop/moreList/shopId/3/scat/5.html
ERR: Cron:cron Runat 2017-05-16 10:24:03 Use 0.000410 s

[ 2017-05-16T10:24:24+08:00 ] ::1 /eshop/index.php/Search/goodsOrder/shopId/3.html
ERR: Cron:cron Runat 2017-05-16 10:24:24 Use 0.000370 s

[ 2017-05-16T10:24:24+08:00 ] ::1 /eshop/index.php/Search/goodsOrder/shopId/3.html
INFO: [ app_begin ] --START--
INFO: Run Behavior\ReadHtmlCacheBehavior [ RunTime:0.001067s ]
INFO: Run Behavior\CronRunBehavior [ RunTime:0.004886s ]
INFO: [ app_begin ] --END-- [ RunTime:0.006654s ]
SQL: SHOW COLUMNS FROM `eshop_cart` [ RunTime:0.0043s ]
SQL: SELECT `goodId`,`goodNumber`,`mount`,`name`,`shopPrice`,`good_log` FROM eshop_cart c INNER JOIN eshop_good as g on c.goodId = g.id  WHERE `userId` = '20' ORDER BY c.time desc  [ RunTime:0.0005s ]
SQL: SHOW COLUMNS FROM `eshop_messages` [ RunTime:0.0060s ]
SQL: SELECT COUNT(*) AS tp_count FROM `eshop_messages` WHERE `status` = 0 AND `receiveId` = 20 LIMIT 1   [ RunTime:0.0003s ]
ERR: 非法操作:goodsOrder

[ 2017-05-16T10:24:26+08:00 ] ::1 /eshop/index.php/Search/goodsOrder/shopId/3.html
ERR: Cron:cron Runat 2017-05-16 10:24:26 Use 0.000360 s

[ 2017-05-16T10:24:26+08:00 ] ::1 /eshop/index.php/Search/goodsOrder/shopId/3.html
INFO: [ app_begin ] --START--
INFO: Run Behavior\ReadHtmlCacheBehavior [ RunTime:0.000937s ]
INFO: Run Behavior\CronRunBehavior [ RunTime:0.004100s ]
INFO: [ app_begin ] --END-- [ RunTime:0.005747s ]
SQL: SHOW COLUMNS FROM `eshop_cart` [ RunTime:0.0050s ]
SQL: SELECT `goodId`,`goodNumber`,`mount`,`name`,`shopPrice`,`good_log` FROM eshop_cart c INNER JOIN eshop_good as g on c.goodId = g.id  WHERE `userId` = '20' ORDER BY c.time desc  [ RunTime:0.0007s ]
SQL: SHOW COLUMNS FROM `eshop_messages` [ RunTime:0.0045s ]
SQL: SELECT COUNT(*) AS tp_count FROM `eshop_messages` WHERE `status` = 0 AND `receiveId` = 20 LIMIT 1   [ RunTime:0.0004s ]
ERR: 非法操作:goodsOrder

[ 2017-05-16T10:25:45+08:00 ] ::1 /eshop/index.php/Home/Shop/index/shopId/3.html
ERR: Cron:cron Runat 2017-05-16 10:25:45 Use 0.000348 s

[ 2017-05-16T10:25:51+08:00 ] ::1 /eshop/index.php/Home/Shop/index/shopId/3.html
ERR: Cron:cron Runat 2017-05-16 10:25:51 Use 0.000620 s

[ 2017-05-16T10:25:58+08:00 ] ::1 /eshop/index.php/Home/Search/index/shopId/3/goodname/%E8%8B%B9%E6%9E%9C/type/1.html
ERR: Cron:cron Runat 2017-05-16 10:25:58 Use 0.002073 s

[ 2017-05-16T10:26:21+08:00 ] ::1 /eshop/index.php/Home/Search/index/shopId/3/goodname/%E8%8B%B9%E6%9E%9C/type/1.html
ERR: Cron:cron Runat 2017-05-16 10:26:21 Use 0.000577 s

[ 2017-05-16T10:36:30+08:00 ] ::1 /eshop/index.php/Home/Search/index/shopId/3/goodname/%E8%8B%B9%E6%9E%9C/type/1.html
ERR: Cron:cron Runat 2017-05-16 10:36:30 Use 0.000403 s

[ 2017-05-16T10:36:41+08:00 ] ::1 /eshop/index.php/Search/goodsOrder/shopId/3.html
ERR: Cron:cron Runat 2017-05-16 10:36:41 Use 0.000676 s

[ 2017-05-16T10:36:41+08:00 ] ::1 /eshop/index.php/Search/goodsOrder/shopId/3.html
INFO: [ app_begin ] --START--
INFO: Run Behavior\ReadHtmlCacheBehavior [ RunTime:0.000848s ]
INFO: Run Behavior\CronRunBehavior [ RunTime:0.005301s ]
INFO: [ app_begin ] --END-- [ RunTime:0.006824s ]
SQL: SHOW COLUMNS FROM `eshop_cart` [ RunTime:0.0047s ]
SQL: SELECT `goodId`,`goodNumber`,`mount`,`name`,`shopPrice`,`good_log` FROM eshop_cart c INNER JOIN eshop_good as g on c.goodId = g.id  WHERE `userId` = '20' ORDER BY c.time desc  [ RunTime:0.0004s ]
SQL: SHOW COLUMNS FROM `eshop_messages` [ RunTime:0.0051s ]
SQL: SELECT COUNT(*) AS tp_count FROM `eshop_messages` WHERE `status` = 0 AND `receiveId` = 20 LIMIT 1   [ RunTime:0.0003s ]
ERR: 非法操作:goodsOrder

[ 2017-05-16T10:36:51+08:00 ] ::1 /eshop/index.php/Search/goodsOrder/shopId/3.html
ERR: Cron:cron Runat 2017-05-16 10:36:51 Use 0.000335 s

[ 2017-05-16T10:36:51+08:00 ] ::1 /eshop/index.php/Search/goodsOrder/shopId/3.html
INFO: [ app_begin ] --START--
INFO: Run Behavior\ReadHtmlCacheBehavior [ RunTime:0.000819s ]
INFO: Run Behavior\CronRunBehavior [ RunTime:0.004274s ]
INFO: [ app_begin ] --END-- [ RunTime:0.005828s ]
SQL: SHOW COLUMNS FROM `eshop_cart` [ RunTime:0.0051s ]
SQL: SELECT `goodId`,`goodNumber`,`mount`,`name`,`shopPrice`,`good_log` FROM eshop_cart c INNER JOIN eshop_good as g on c.goodId = g.id  WHERE `userId` = '20' ORDER BY c.time desc  [ RunTime:0.0005s ]
SQL: SHOW COLUMNS FROM `eshop_messages` [ RunTime:0.0064s ]
SQL: SELECT COUNT(*) AS tp_count FROM `eshop_messages` WHERE `status` = 0 AND `receiveId` = 20 LIMIT 1   [ RunTime:0.0004s ]
ERR: 非法操作:goodsOrder

[ 2017-05-16T10:39:27+08:00 ] ::1 /eshop/index.php/Home/Search/index/shopId/3/goodname/%E8%8B%B9%E6%9E%9C/type/1.html
ERR: Cron:cron Runat 2017-05-16 10:39:27 Use 0.000323 s

[ 2017-05-16T10:39:31+08:00 ] ::1 /eshop/index.php/Home/Shop/goodsOrder/shopId/3.html
ERR: Cron:cron Runat 2017-05-16 10:39:31 Use 0.000385 s

[ 2017-05-16T10:39:31+08:00 ] ::1 /eshop/index.php/Home/Shop/goodsOrder/shopId/3.html
INFO: [ app_begin ] --START--
INFO: Run Behavior\ReadHtmlCacheBehavior [ RunTime:0.000872s ]
INFO: Run Behavior\CronRunBehavior [ RunTime:0.005480s ]
INFO: [ app_begin ] --END-- [ RunTime:0.007088s ]
SQL: SHOW COLUMNS FROM `eshop_cart` [ RunTime:0.0097s ]
SQL: SELECT `goodId`,`goodNumber`,`mount`,`name`,`shopPrice`,`good_log` FROM eshop_cart c INNER JOIN eshop_good as g on c.goodId = g.id  WHERE `userId` = '20' ORDER BY c.time desc  [ RunTime:0.0004s ]
SQL: SHOW COLUMNS FROM `eshop_messages` [ RunTime:0.0068s ]
SQL: SELECT COUNT(*) AS tp_count FROM `eshop_messages` WHERE `status` = 0 AND `receiveId` = 20 LIMIT 1   [ RunTime:0.0004s ]
SQL: SHOW COLUMNS FROM `eshop_shop` [ RunTime:0.0056s ]
SQL: SELECT * FROM `eshop_shop` WHERE `id` = 3 AND `is_exam` = 1 AND `is_forbid` = 0 AND `is_show` = 1 LIMIT 1   [ RunTime:0.0004s ]
SQL: SHOW COLUMNS FROM `eshop_shop_firstmenu` [ RunTime:0.0069s ]
SQL: SELECT `id`,`name` FROM `eshop_shop_firstmenu` WHERE `shopId` = 3 AND `is_show` = 1  [ RunTime:0.0004s ]
SQL: SHOW COLUMNS FROM `eshop_shop_secondmenu` [ RunTime:0.0053s ]
SQL: SELECT `pid`,`id`,`sname` FROM `eshop_shop_secondmenu` WHERE `pid` IN ('1','5') AND `is_show` = 1  [ RunTime:0.0004s ]
SQL: SHOW COLUMNS FROM `eshop_goodcomment` [ RunTime:0.0066s ]
SQL: SELECT AVG(goodScore) AS tp_avg FROM `eshop_goodcomment` WHERE `shopId` = 3 LIMIT 1   [ RunTime:0.0005s ]
SQL: SELECT AVG(logisticsScore) AS tp_avg FROM `eshop_goodcomment` WHERE `shopId` = 3 LIMIT 1   [ RunTime:0.0003s ]
SQL: SELECT AVG(serviceScore) AS tp_avg FROM `eshop_goodcomment` WHERE `shopId` = 3 LIMIT 1   [ RunTime:0.0002s ]
SQL: SHOW COLUMNS FROM `eshop_goodnav` [ RunTime:0.0052s ]
SQL: SELECT * FROM eshop_goodnav n INNER JOIN eshop_good as g on n.goodId = g.id  WHERE `shopId` = 3 AND `s_fid` = 0 ORDER BY `shopPrice` desc  [ RunTime:0.0008s ]
SQL: SELECT * FROM eshop_goodnav n INNER JOIN eshop_good as g on n.goodId = g.id  WHERE `shopId` = 3 AND `s_fid` = 0 ORDER BY `shopPrice` desc LIMIT 0,12   [ RunTime:0.0007s ]
INFO: [ view_parse ] --START--
INFO: [ template_filter ] --START--
INFO: Run Behavior\ContentReplaceBehavior [ RunTime:0.000074s ]
INFO: [ template_filter ] --END-- [ RunTime:0.000160s ]
INFO: Run Behavior\ParseTemplateBehavior [ RunTime:0.013088s ]
INFO: [ view_parse ] --END-- [ RunTime:0.013219s ]
INFO: [ view_filter ] --START--
INFO: Run Behavior\WriteHtmlCacheBehavior [ RunTime:0.000862s ]
INFO: Run Behavior\TokenBuildBehavior [ RunTime:0.000825s ]
INFO: [ view_filter ] --END-- [ RunTime:0.001883s ]

[ 2017-05-16T10:39:36+08:00 ] ::1 /eshop/index.php/Home/Shop/goodsOrder/shopId/3.html
ERR: Cron:cron Runat 2017-05-16 10:39:36 Use 0.000309 s

[ 2017-05-16T10:39:36+08:00 ] ::1 /eshop/index.php/Home/Shop/goodsOrder/shopId/3.html
INFO: [ app_begin ] --START--
INFO: Run Behavior\ReadHtmlCacheBehavior [ RunTime:0.000816s ]
INFO: Run Behavior\CronRunBehavior [ RunTime:0.005492s ]
INFO: [ app_begin ] --END-- [ RunTime:0.007002s ]
SQL: SHOW COLUMNS FROM `eshop_cart` [ RunTime:0.0069s ]
SQL: SELECT `goodId`,`goodNumber`,`mount`,`name`,`shopPrice`,`good_log` FROM eshop_cart c INNER JOIN eshop_good as g on c.goodId = g.id  WHERE `userId` = '20' ORDER BY c.time desc  [ RunTime:0.0005s ]
SQL: SHOW COLUMNS FROM `eshop_messages` [ RunTime:0.0056s ]
SQL: SELECT COUNT(*) AS tp_count FROM `eshop_messages` WHERE `status` = 0 AND `receiveId` = 20 LIMIT 1   [ RunTime:0.0004s ]
SQL: SHOW COLUMNS FROM `eshop_shop` [ RunTime:0.0074s ]
SQL: SELECT * FROM `eshop_shop` WHERE `id` = 3 AND `is_exam` = 1 AND `is_forbid` = 0 AND `is_show` = 1 LIMIT 1   [ RunTime:0.0004s ]
SQL: SHOW COLUMNS FROM `eshop_shop_firstmenu` [ RunTime:0.0060s ]
SQL: SELECT `id`,`name` FROM `eshop_shop_firstmenu` WHERE `shopId` = 3 AND `is_show` = 1  [ RunTime:0.0004s ]
SQL: SHOW COLUMNS FROM `eshop_shop_secondmenu` [ RunTime:0.0079s ]
SQL: SELECT `pid`,`id`,`sname` FROM `eshop_shop_secondmenu` WHERE `pid` IN ('1','5') AND `is_show` = 1  [ RunTime:0.0004s ]
SQL: SHOW COLUMNS FROM `eshop_goodcomment` [ RunTime:0.0057s ]
SQL: SELECT AVG(goodScore) AS tp_avg FROM `eshop_goodcomment` WHERE `shopId` = 3 LIMIT 1   [ RunTime:0.0005s ]
SQL: SELECT AVG(logisticsScore) AS tp_avg FROM `eshop_goodcomment` WHERE `shopId` = 3 LIMIT 1   [ RunTime:0.0004s ]
SQL: SELECT AVG(serviceScore) AS tp_avg FROM `eshop_goodcomment` WHERE `shopId` = 3 LIMIT 1   [ RunTime:0.0003s ]
SQL: SHOW COLUMNS FROM `eshop_goodnav` [ RunTime:0.0065s ]
SQL: SELECT * FROM eshop_goodnav n INNER JOIN eshop_good as g on n.goodId = g.id  WHERE `shopId` = 3 AND `s_fid` = 0 ORDER BY `count` desc  [ RunTime:0.0008s ]
SQL: SELECT * FROM eshop_goodnav n INNER JOIN eshop_good as g on n.goodId = g.id  WHERE `shopId` = 3 AND `s_fid` = 0 ORDER BY `count` desc LIMIT 0,12   [ RunTime:0.0006s ]
INFO: [ view_parse ] --START--
INFO: [ template_filter ] --START--
INFO: Run Behavior\ContentReplaceBehavior [ RunTime:0.000075s ]
INFO: [ template_filter ] --END-- [ RunTime:0.000163s ]
INFO: Run Behavior\ParseTemplateBehavior [ RunTime:0.011583s ]
INFO: [ view_parse ] --END-- [ RunTime:0.011693s ]
INFO: [ view_filter ] --START--
INFO: Run Behavior\WriteHtmlCacheBehavior [ RunTime:0.000596s ]
INFO: Run Behavior\TokenBuildBehavior [ RunTime:0.000575s ]
INFO: [ view_filter ] --END-- [ RunTime:0.001305s ]

[ 2017-05-16T10:39:38+08:00 ] ::1 /eshop/index.php/Home/Shop/goodsOrder/shopId/3.html
ERR: Cron:cron Runat 2017-05-16 10:39:38 Use 0.000297 s

[ 2017-05-16T10:39:38+08:00 ] ::1 /eshop/index.php/Home/Shop/goodsOrder/shopId/3.html
INFO: [ app_begin ] --START--
INFO: Run Behavior\ReadHtmlCacheBehavior [ RunTime:0.000856s ]
INFO: Run Behavior\CronRunBehavior [ RunTime:0.006528s ]
INFO: [ app_begin ] --END-- [ RunTime:0.008072s ]
SQL: SHOW COLUMNS FROM `eshop_cart` [ RunTime:0.0074s ]
SQL: SELECT `goodId`,`goodNumber`,`mount`,`name`,`shopPrice`,`good_log` FROM eshop_cart c INNER JOIN eshop_good as g on c.goodId = g.id  WHERE `userId` = '20' ORDER BY c.time desc  [ RunTime:0.0006s ]
SQL: SHOW COLUMNS FROM `eshop_messages` [ RunTime:0.0066s ]
SQL: SELECT COUNT(*) AS tp_count FROM `eshop_messages` WHERE `status` = 0 AND `receiveId` = 20 LIMIT 1   [ RunTime:0.0004s ]
SQL: SHOW COLUMNS FROM `eshop_shop` [ RunTime:0.0062s ]
SQL: SELECT * FROM `eshop_shop` WHERE `id` = 3 AND `is_exam` = 1 AND `is_forbid` = 0 AND `is_show` = 1 LIMIT 1   [ RunTime:0.0004s ]
SQL: SHOW COLUMNS FROM `eshop_shop_firstmenu` [ RunTime:0.0066s ]
SQL: SELECT `id`,`name` FROM `eshop_shop_firstmenu` WHERE `shopId` = 3 AND `is_show` = 1  [ RunTime:0.0004s ]
SQL: SHOW COLUMNS FROM `eshop_shop_secondmenu` [ RunTime:0.0054s ]
SQL: SELECT `pid`,`id`,`sname` FROM `eshop_shop_secondmenu` WHERE `pid` IN ('1','5') AND `is_show` = 1  [ RunTime:0.0004s ]
SQL: SHOW COLUMNS FROM `eshop_goodcomment` [ RunTime:0.0072s ]
SQL: SELECT AVG(goodScore) AS tp_avg FROM `eshop_goodcomment` WHERE `shopId` = 3 LIMIT 1   [ RunTime:0.0006s ]
SQL: SELECT AVG(logisticsScore) AS tp_avg FROM `eshop_goodcomment` WHERE `shopId` = 3 LIMIT 1   [ RunTime:0.0004s ]
SQL: SELECT AVG(serviceScore) AS tp_avg FROM `eshop_goodcomment` WHERE `shopId` = 3 LIMIT 1   [ RunTime:0.0003s ]
SQL: SHOW COLUMNS FROM `eshop_goodnav` [ RunTime:0.0061s ]
SQL: SELECT * FROM eshop_goodnav n INNER JOIN eshop_good as g on n.goodId = g.id  WHERE `shopId` = 3 AND `s_fid` = 0 ORDER BY `count` asc  [ RunTime:0.0007s ]
SQL: SELECT * FROM eshop_goodnav n INNER JOIN eshop_good as g on n.goodId = g.id  WHERE `shopId` = 3 AND `s_fid` = 0 ORDER BY `count` asc LIMIT 0,12   [ RunTime:0.0009s ]
INFO: [ view_parse ] --START--
INFO: [ template_filter ] --START--
INFO: Run Behavior\ContentReplaceBehavior [ RunTime:0.000072s ]
INFO: [ template_filter ] --END-- [ RunTime:0.000157s ]
INFO: Run Behavior\ParseTemplateBehavior [ RunTime:0.011562s ]
INFO: [ view_parse ] --END-- [ RunTime:0.011702s ]
INFO: [ view_filter ] --START--
INFO: Run Behavior\WriteHtmlCacheBehavior [ RunTime:0.000670s ]
INFO: Run Behavior\TokenBuildBehavior [ RunTime:0.000801s ]
INFO: [ view_filter ] --END-- [ RunTime:0.001667s ]

[ 2017-05-16T10:40:49+08:00 ] ::1 /eshop/index.php/Home/Search/index/shopId/3/goodname/%E8%8B%B9%E6%9E%9C/type/1.html
ERR: Cron:cron Runat 2017-05-16 10:40:49 Use 0.000400 s

[ 2017-05-16T10:42:10+08:00 ] ::1 /eshop/index.php/Home/Search/index/shopId/3/goodname/%E8%8B%B9%E6%9E%9C/type/1.html
ERR: Cron:cron Runat 2017-05-16 10:42:10 Use 0.000425 s

[ 2017-05-16T10:42:29+08:00 ] ::1 /eshop/index.php/Home/Search/index/shopId/3/goodname/%E8%8B%B9%E6%9E%9C/type/1.html
ERR: Cron:cron Runat 2017-05-16 10:42:29 Use 0.000435 s

[ 2017-05-16T10:42:33+08:00 ] ::1 /eshop/index.php/Home/Shop/moreList/shopId/3/scat/5.html
ERR: Cron:cron Runat 2017-05-16 10:42:33 Use 0.000503 s

[ 2017-05-16T10:42:41+08:00 ] ::1 /eshop/index.php/Home/Shop/goodsOrder/shopId/3.html
ERR: Cron:cron Runat 2017-05-16 10:42:41 Use 0.000355 s

[ 2017-05-16T10:42:42+08:00 ] ::1 /eshop/index.php/Home/Shop/goodsOrder/shopId/3.html
INFO: [ app_begin ] --START--
INFO: Run Behavior\ReadHtmlCacheBehavior [ RunTime:0.000868s ]
INFO: Run Behavior\CronRunBehavior [ RunTime:0.005797s ]
INFO: [ app_begin ] --END-- [ RunTime:0.007450s ]
SQL: SHOW COLUMNS FROM `eshop_cart` [ RunTime:0.0052s ]
SQL: SELECT `goodId`,`goodNumber`,`mount`,`name`,`shopPrice`,`good_log` FROM eshop_cart c INNER JOIN eshop_good as g on c.goodId = g.id  WHERE `userId` = '20' ORDER BY c.time desc  [ RunTime:0.0007s ]
SQL: SHOW COLUMNS FROM `eshop_messages` [ RunTime:0.0058s ]
SQL: SELECT COUNT(*) AS tp_count FROM `eshop_messages` WHERE `status` = 0 AND `receiveId` = 20 LIMIT 1   [ RunTime:0.0003s ]
SQL: SHOW COLUMNS FROM `eshop_shop` [ RunTime:0.0052s ]
SQL: SELECT * FROM `eshop_shop` WHERE `id` = 3 AND `is_exam` = 1 AND `is_forbid` = 0 AND `is_show` = 1 LIMIT 1   [ RunTime:0.0005s ]
SQL: SHOW COLUMNS FROM `eshop_shop_firstmenu` [ RunTime:0.0082s ]
SQL: SELECT `id`,`name` FROM `eshop_shop_firstmenu` WHERE `shopId` = 3 AND `is_show` = 1  [ RunTime:0.0004s ]
SQL: SHOW COLUMNS FROM `eshop_shop_secondmenu` [ RunTime:0.0056s ]
SQL: SELECT `pid`,`id`,`sname` FROM `eshop_shop_secondmenu` WHERE `pid` IN ('1','5') AND `is_show` = 1  [ RunTime:0.0004s ]
SQL: SHOW COLUMNS FROM `eshop_goodcomment` [ RunTime:0.0056s ]
SQL: SELECT AVG(goodScore) AS tp_avg FROM `eshop_goodcomment` WHERE `shopId` = 3 LIMIT 1   [ RunTime:0.0003s ]
SQL: SELECT AVG(logisticsScore) AS tp_avg FROM `eshop_goodcomment` WHERE `shopId` = 3 LIMIT 1   [ RunTime:0.0003s ]
SQL: SELECT AVG(serviceScore) AS tp_avg FROM `eshop_goodcomment` WHERE `shopId` = 3 LIMIT 1   [ RunTime:0.0003s ]
SQL: SHOW COLUMNS FROM `eshop_goodnav` [ RunTime:0.0068s ]
SQL: SELECT * FROM eshop_goodnav n INNER JOIN eshop_good as g on n.goodId = g.id  WHERE `shopId` = 3 AND `s_fid` = 5 ORDER BY `shopPrice` desc  [ RunTime:0.0009s ]
SQL: SELECT * FROM eshop_goodnav n INNER JOIN eshop_good as g on n.goodId = g.id  WHERE `shopId` = 3 AND `s_fid` = 5 ORDER BY `shopPrice` desc LIMIT 0,12   [ RunTime:0.0007s ]
INFO: [ view_parse ] --START--
INFO: [ template_filter ] --START--
INFO: Run Behavior\ContentReplaceBehavior [ RunTime:0.000068s ]
INFO: [ template_filter ] --END-- [ RunTime:0.000148s ]
SQL: SHOW COLUMNS FROM `eshop_collection` [ RunTime:0.0058s ]
SQL: SELECT `id` FROM `eshop_collection` WHERE `targetId` = '15' AND `type` = 0 AND `userId` = 20 LIMIT 1   [ RunTime:0.0004s ]
SQL: SELECT `id` FROM `eshop_collection` WHERE `targetId` = '18' AND `type` = 0 AND `userId` = 20 LIMIT 1   [ RunTime:0.0003s ]
SQL: SELECT `id` FROM `eshop_collection` WHERE `targetId` = '16' AND `type` = 0 AND `userId` = 20 LIMIT 1   [ RunTime:0.0003s ]
SQL: SELECT `id` FROM `eshop_collection` WHERE `targetId` = '14' AND `type` = 0 AND `userId` = 20 LIMIT 1   [ RunTime:0.0003s ]
SQL: SELECT `id` FROM `eshop_collection` WHERE `targetId` = '17' AND `type` = 0 AND `userId` = 20 LIMIT 1   [ RunTime:0.0003s ]
INFO: Run Behavior\ParseTemplateBehavior [ RunTime:0.024628s ]
INFO: [ view_parse ] --END-- [ RunTime:0.024731s ]
INFO: [ view_filter ] --START--
INFO: Run Behavior\WriteHtmlCacheBehavior [ RunTime:0.000784s ]
INFO: Run Behavior\TokenBuildBehavior [ RunTime:0.000998s ]
INFO: [ view_filter ] --END-- [ RunTime:0.001923s ]

[ 2017-05-16T10:42:43+08:00 ] ::1 /eshop/index.php/Home/Shop/goodsOrder/shopId/3.html
ERR: Cron:cron Runat 2017-05-16 10:42:43 Use 0.000329 s

[ 2017-05-16T10:42:43+08:00 ] ::1 /eshop/index.php/Home/Shop/goodsOrder/shopId/3.html
INFO: [ app_begin ] --START--
INFO: Run Behavior\ReadHtmlCacheBehavior [ RunTime:0.000818s ]
INFO: Run Behavior\CronRunBehavior [ RunTime:0.004679s ]
INFO: [ app_begin ] --END-- [ RunTime:0.006305s ]
SQL: SHOW COLUMNS FROM `eshop_cart` [ RunTime:0.0049s ]
SQL: SELECT `goodId`,`goodNumber`,`mount`,`name`,`shopPrice`,`good_log` FROM eshop_cart c INNER JOIN eshop_good as g on c.goodId = g.id  WHERE `userId` = '20' ORDER BY c.time desc  [ RunTime:0.0004s ]
SQL: SHOW COLUMNS FROM `eshop_messages` [ RunTime:0.0066s ]
SQL: SELECT COUNT(*) AS tp_count FROM `eshop_messages` WHERE `status` = 0 AND `receiveId` = 20 LIMIT 1   [ RunTime:0.0003s ]
SQL: SHOW COLUMNS FROM `eshop_shop` [ RunTime:0.0049s ]
SQL: SELECT * FROM `eshop_shop` WHERE `id` = 3 AND `is_exam` = 1 AND `is_forbid` = 0 AND `is_show` = 1 LIMIT 1   [ RunTime:0.0004s ]
SQL: SHOW COLUMNS FROM `eshop_shop_firstmenu` [ RunTime:0.0056s ]
SQL: SELECT `id`,`name` FROM `eshop_shop_firstmenu` WHERE `shopId` = 3 AND `is_show` = 1  [ RunTime:0.0004s ]
SQL: SHOW COLUMNS FROM `eshop_shop_secondmenu` [ RunTime:0.0057s ]
SQL: SELECT `pid`,`id`,`sname` FROM `eshop_shop_secondmenu` WHERE `pid` IN ('1','5') AND `is_show` = 1  [ RunTime:0.0004s ]
SQL: SHOW COLUMNS FROM `eshop_goodcomment` [ RunTime:0.0056s ]
SQL: SELECT AVG(goodScore) AS tp_avg FROM `eshop_goodcomment` WHERE `shopId` = 3 LIMIT 1   [ RunTime:0.0005s ]
SQL: SELECT AVG(logisticsScore) AS tp_avg FROM `eshop_goodcomment` WHERE `shopId` = 3 LIMIT 1   [ RunTime:0.0003s ]
SQL: SELECT AVG(serviceScore) AS tp_avg FROM `eshop_goodcomment` WHERE `shopId` = 3 LIMIT 1   [ RunTime:0.0004s ]
SQL: SHOW COLUMNS FROM `eshop_goodnav` [ RunTime:0.0055s ]
SQL: SELECT * FROM eshop_goodnav n INNER JOIN eshop_good as g on n.goodId = g.id  WHERE `shopId` = 3 AND `s_fid` = 5 ORDER BY `count` desc  [ RunTime:0.0008s ]
SQL: SELECT * FROM eshop_goodnav n INNER JOIN eshop_good as g on n.goodId = g.id  WHERE `shopId` = 3 AND `s_fid` = 5 ORDER BY `count` desc LIMIT 0,12   [ RunTime:0.0008s ]
INFO: [ view_parse ] --START--
INFO: [ template_filter ] --START--
INFO: Run Behavior\ContentReplaceBehavior [ RunTime:0.000064s ]
INFO: [ template_filter ] --END-- [ RunTime:0.000140s ]
SQL: SHOW COLUMNS FROM `eshop_collection` [ RunTime:0.0053s ]
SQL: SELECT `id` FROM `eshop_collection` WHERE `targetId` = '16' AND `type` = 0 AND `userId` = 20 LIMIT 1   [ RunTime:0.0005s ]
SQL: SELECT `id` FROM `eshop_collection` WHERE `targetId` = '14' AND `type` = 0 AND `userId` = 20 LIMIT 1   [ RunTime:0.0003s ]
SQL: SELECT `id` FROM `eshop_collection` WHERE `targetId` = '15' AND `type` = 0 AND `userId` = 20 LIMIT 1   [ RunTime:0.0003s ]
SQL: SELECT `id` FROM `eshop_collection` WHERE `targetId` = '17' AND `type` = 0 AND `userId` = 20 LIMIT 1   [ RunTime:0.0003s ]
SQL: SELECT `id` FROM `eshop_collection` WHERE `targetId` = '18' AND `type` = 0 AND `userId` = 20 LIMIT 1   [ RunTime:0.0003s ]
INFO: Run Behavior\ParseTemplateBehavior [ RunTime:0.022540s ]
INFO: [ view_parse ] --END-- [ RunTime:0.022647s ]
INFO: [ view_filter ] --START--
INFO: Run Behavior\WriteHtmlCacheBehavior [ RunTime:0.000968s ]
INFO: Run Behavior\TokenBuildBehavior [ RunTime:0.000757s ]
INFO: [ view_filter ] --END-- [ RunTime:0.001921s ]

[ 2017-05-16T10:42:44+08:00 ] ::1 /eshop/index.php/Home/Shop/goodsOrder/shopId/3.html
INFO: [ app_begin ] --START--
INFO: Run Behavior\ReadHtmlCacheBehavior [ RunTime:0.001152s ]
INFO: Run Behavior\CronRunBehavior [ RunTime:0.002537s ]
INFO: [ app_begin ] --END-- [ RunTime:0.004472s ]
SQL: SHOW COLUMNS FROM `eshop_cart` [ RunTime:0.0066s ]
SQL: SELECT `goodId`,`goodNumber`,`mount`,`name`,`shopPrice`,`good_log` FROM eshop_cart c INNER JOIN eshop_good as g on c.goodId = g.id  WHERE `userId` = '20' ORDER BY c.time desc  [ RunTime:0.0005s ]
SQL: SHOW COLUMNS FROM `eshop_messages` [ RunTime:0.0066s ]
SQL: SELECT COUNT(*) AS tp_count FROM `eshop_messages` WHERE `status` = 0 AND `receiveId` = 20 LIMIT 1   [ RunTime:0.0004s ]
SQL: SHOW COLUMNS FROM `eshop_shop` [ RunTime:0.0069s ]
SQL: SELECT * FROM `eshop_shop` WHERE `id` = 3 AND `is_exam` = 1 AND `is_forbid` = 0 AND `is_show` = 1 LIMIT 1   [ RunTime:0.0005s ]
SQL: SHOW COLUMNS FROM `eshop_shop_firstmenu` [ RunTime:0.0055s ]
SQL: SELECT `id`,`name` FROM `eshop_shop_firstmenu` WHERE `shopId` = 3 AND `is_show` = 1  [ RunTime:0.0004s ]
SQL: SHOW COLUMNS FROM `eshop_shop_secondmenu` [ RunTime:0.0067s ]
SQL: SELECT `pid`,`id`,`sname` FROM `eshop_shop_secondmenu` WHERE `pid` IN ('1','5') AND `is_show` = 1  [ RunTime:0.0004s ]
SQL: SHOW COLUMNS FROM `eshop_goodcomment` [ RunTime:0.0068s ]
SQL: SELECT AVG(goodScore) AS tp_avg FROM `eshop_goodcomment` WHERE `shopId` = 3 LIMIT 1   [ RunTime:0.0004s ]
SQL: SELECT AVG(logisticsScore) AS tp_avg FROM `eshop_goodcomment` WHERE `shopId` = 3 LIMIT 1   [ RunTime:0.0004s ]
SQL: SELECT AVG(serviceScore) AS tp_avg FROM `eshop_goodcomment` WHERE `shopId` = 3 LIMIT 1   [ RunTime:0.0004s ]
SQL: SHOW COLUMNS FROM `eshop_goodnav` [ RunTime:0.0050s ]
SQL: SELECT * FROM eshop_goodnav n INNER JOIN eshop_good as g on n.goodId = g.id  WHERE `shopId` = 3 AND `s_fid` = 5 ORDER BY `count` asc  [ RunTime:0.0008s ]
SQL: SELECT * FROM eshop_goodnav n INNER JOIN eshop_good as g on n.goodId = g.id  WHERE `shopId` = 3 AND `s_fid` = 5 ORDER BY `count` asc LIMIT 0,12   [ RunTime:0.0007s ]
INFO: [ view_parse ] --START--
INFO: [ template_filter ] --START--
INFO: Run Behavior\ContentReplaceBehavior [ RunTime:0.000077s ]
INFO: [ template_filter ] --END-- [ RunTime:0.000178s ]
SQL: SHOW COLUMNS FROM `eshop_collection` [ RunTime:0.0063s ]
SQL: SELECT `id` FROM `eshop_collection` WHERE `targetId` = '18' AND `type` = 0 AND `userId` = 20 LIMIT 1   [ RunTime:0.0003s ]
SQL: SELECT `id` FROM `eshop_collection` WHERE `targetId` = '17' AND `type` = 0 AND `userId` = 20 LIMIT 1   [ RunTime:0.0003s ]
SQL: SELECT `id` FROM `eshop_collection` WHERE `targetId` = '15' AND `type` = 0 AND `userId` = 20 LIMIT 1   [ RunTime:0.0003s ]
SQL: SELECT `id` FROM `eshop_collection` WHERE `targetId` = '14' AND `type` = 0 AND `userId` = 20 LIMIT 1   [ RunTime:0.0003s ]
SQL: SELECT `id` FROM `eshop_collection` WHERE `targetId` = '16' AND `type` = 0 AND `userId` = 20 LIMIT 1   [ RunTime:0.0003s ]
INFO: Run Behavior\ParseTemplateBehavior [ RunTime:0.023014s ]
INFO: [ view_parse ] --END-- [ RunTime:0.023104s ]
INFO: [ view_filter ] --START--
INFO: Run Behavior\WriteHtmlCacheBehavior [ RunTime:0.000693s ]
INFO: Run Behavior\TokenBuildBehavior [ RunTime:0.000622s ]
INFO: [ view_filter ] --END-- [ RunTime:0.001440s ]

[ 2017-05-16T10:42:50+08:00 ] ::1 /eshop/index.php/Home/Index/index.html
ERR: Cron:cron Runat 2017-05-16 10:42:50 Use 0.000349 s

[ 2017-05-16T10:42:53+08:00 ] ::1 /eshop/index.php/Home/Index/goodsInfo/id/18.html
ERR: Cron:cron Runat 2017-05-16 10:42:53 Use 0.000415 s

