[ 2017-01-25T09:14:19+08:00 ] ::1 /eshop/index.php/Home/Good/
ERR: 非法操作:index

[ 2017-01-25T09:14:23+08:00 ] ::1 /eshop/index.php/Home/Good/
ERR: 非法操作:index

[ 2017-01-25T09:14:28+08:00 ] ::1 /eshop/index.php/Home/Good/
ERR: 非法操作:index

[ 2017-01-25T09:14:34+08:00 ] ::1 /eshop/index.php/Home/Good/
ERR: 非法操作:index

[ 2017-01-25T09:14:42+08:00 ] ::1 /eshop/index.php/Home/Good/
ERR: 非法操作:index

[ 2017-01-25T09:20:28+08:00 ] ::1 /eshop/index.php/Good/getShopCart.html
INFO: [ app_begin ] --START--
INFO: Run Behavior\ReadHtmlCacheBehavior [ RunTime:0.001593s ]
INFO: [ app_begin ] --END-- [ RunTime:0.002510s ]
SQL: SHOW COLUMNS FROM `eshop_shop_secondmenu` [ RunTime:0.0065s ]
SQL: SELECT `id`,`sname` FROM `eshop_shop_secondmenu` WHERE `pid` = 1 AND `is_show` = 1  [ RunTime:0.0005s ]

[ 2017-01-25T09:21:10+08:00 ] ::1 /eshop/index.php/Home/Good/
ERR: 非法操作:index

[ 2017-01-25T09:21:12+08:00 ] ::1 /eshop/index.php/Home/Good/
ERR: 非法操作:index

[ 2017-01-25T09:21:56+08:00 ] ::1 /eshop/index.php/Home/Good/
ERR: 非法操作:index

[ 2017-01-25T09:22:47+08:00 ] ::1 /eshop/index.php/Home/Good/
ERR: 非法操作:index

[ 2017-01-25T09:24:54+08:00 ] ::1 /eshop/index.php/Home/Good/
ERR: 非法操作:index

[ 2017-01-25T09:27:50+08:00 ] ::1 /eshop/index.php/Home/Good/
ERR: 非法操作:index

[ 2017-01-25T09:29:22+08:00 ] ::1 /eshop/index.php/Home/Good/
ERR: 非法操作:index

[ 2017-01-25T09:33:34+08:00 ] ::1 /eshop/index.php/Home/Good/
ERR: 非法操作:index

[ 2017-01-25T09:33:37+08:00 ] ::1 /eshop/index.php/Home/Good/
ERR: 非法操作:index

[ 2017-01-25T10:01:47+08:00 ] ::1 /eshop/index.php/Home/Good/
ERR: 非法操作:index

[ 2017-01-25T10:08:27+08:00 ] ::1 /eshop/index.php/Good/goodsSave.html
INFO: [ app_begin ] --START--
INFO: Run Behavior\ReadHtmlCacheBehavior [ RunTime:0.001056s ]
INFO: [ app_begin ] --END-- [ RunTime:0.001586s ]
SQL: SHOW COLUMNS FROM `eshop_shop` [ RunTime:0.0065s ]
SQL: SELECT `id` FROM `eshop_shop` WHERE `shoperId` = 13 LIMIT 1   [ RunTime:0.0004s ]
NOTIC: [2] finfo_file(): Empty filename or path D:\wampserver\wamp\www\eshop\ThinkPHP\Library\Think\Upload.class.php 第 152 行.

[ 2017-01-25T10:08:40+08:00 ] ::1 /eshop/index.php/Good/goodsSave.html
INFO: [ app_begin ] --START--
INFO: Run Behavior\ReadHtmlCacheBehavior [ RunTime:0.001404s ]
INFO: [ app_begin ] --END-- [ RunTime:0.002255s ]
SQL: SHOW COLUMNS FROM `eshop_shop` [ RunTime:0.0491s ]
SQL: SELECT `id` FROM `eshop_shop` WHERE `shoperId` = 13 LIMIT 1   [ RunTime:0.0003s ]
NOTIC: [2] finfo_file(): Empty filename or path D:\wampserver\wamp\www\eshop\ThinkPHP\Library\Think\Upload.class.php 第 152 行.

[ 2017-01-25T10:21:50+08:00 ] ::1 /eshop/index.php/Good/goodsSave.html
INFO: [ app_begin ] --START--
INFO: Run Behavior\ReadHtmlCacheBehavior [ RunTime:0.001326s ]
INFO: [ app_begin ] --END-- [ RunTime:0.001973s ]
SQL: SHOW COLUMNS FROM `eshop_shop` [ RunTime:0.0058s ]
SQL: SELECT `id` FROM `eshop_shop` WHERE `shoperId` = 13 LIMIT 1   [ RunTime:0.0003s ]
NOTIC: [2] finfo_file(): Empty filename or path D:\wampserver\wamp\www\eshop\ThinkPHP\Library\Think\Upload.class.php 第 152 行.

[ 2017-01-25T10:23:22+08:00 ] ::1 /eshop/index.php/Home/Good/
ERR: 非法操作:index

[ 2017-01-25T10:23:24+08:00 ] ::1 /eshop/index.php/Home/Good/
ERR: 非法操作:index

[ 2017-01-25T10:23:26+08:00 ] ::1 /eshop/index.php/Home/Good/
ERR: 非法操作:index

[ 2017-01-25T10:23:28+08:00 ] ::1 /eshop/index.php/Home/Good/
ERR: 非法操作:index

[ 2017-01-25T10:24:26+08:00 ] ::1 /eshop/index.php/Home/Good/
ERR: 非法操作:index

[ 2017-01-25T10:24:28+08:00 ] ::1 /eshop/index.php/Home/Good/
ERR: 非法操作:index

[ 2017-01-25T10:24:33+08:00 ] ::1 /eshop/index.php/Home/Good/
ERR: 非法操作:index

[ 2017-01-25T10:25:09+08:00 ] ::1 /eshop/index.php/Home/Good/
ERR: 非法操作:index

[ 2017-01-25T10:25:12+08:00 ] ::1 /eshop/index.php/Home/Good/
ERR: 非法操作:index

[ 2017-01-25T10:25:15+08:00 ] ::1 /eshop/index.php/Home/Good/
ERR: 非法操作:index

[ 2017-01-25T10:25:17+08:00 ] ::1 /eshop/index.php/Home/Good/
ERR: 非法操作:index

[ 2017-01-25T10:25:20+08:00 ] ::1 /eshop/index.php/Home/Good/
ERR: 非法操作:index

[ 2017-01-25T10:25:29+08:00 ] ::1 /eshop/index.php/Home/Good/
ERR: 非法操作:index

[ 2017-01-25T10:26:23+08:00 ] ::1 /eshop/index.php/Home/Good/
ERR: 非法操作:index

[ 2017-01-25T10:26:48+08:00 ] ::1 /eshop/index.php/Home/Good/
ERR: 非法操作:index

[ 2017-01-25T10:27:11+08:00 ] ::1 /eshop/index.php/Home/Good/
ERR: 非法操作:index

[ 2017-01-25T10:27:15+08:00 ] ::1 /eshop/index.php/Home/Good/
ERR: 非法操作:index

[ 2017-01-25T10:29:13+08:00 ] ::1 /eshop/index.php/Home/Good/
ERR: 非法操作:index

[ 2017-01-25T10:29:24+08:00 ] ::1 /eshop/index.php/Home/Good/
ERR: 非法操作:index

[ 2017-01-25T10:31:05+08:00 ] ::1 /eshop/index.php/Home/Good/
ERR: 非法操作:index

[ 2017-01-25T10:33:32+08:00 ] ::1 /eshop/index.php/Home/Good/
ERR: 非法操作:index

[ 2017-01-25T10:36:08+08:00 ] ::1 /eshop/index.php/Home/Good/
ERR: 非法操作:index

[ 2017-01-25T10:41:01+08:00 ] ::1 /eshop/index.php/Home/Good/
ERR: 非法操作:index

[ 2017-01-25T10:42:31+08:00 ] ::1 /eshop/index.php/Home/Good/
ERR: 非法操作:index

[ 2017-01-25T11:05:38+08:00 ] ::1 /eshop/index.php/Good/goodsSave.html
INFO: [ app_begin ] --START--
INFO: Run Behavior\ReadHtmlCacheBehavior [ RunTime:0.000841s ]
INFO: [ app_begin ] --END-- [ RunTime:0.001371s ]
SQL: SHOW COLUMNS FROM `eshop_shop` [ RunTime:0.0056s ]
SQL: SELECT `id` FROM `eshop_shop` WHERE `shoperId` = 13 LIMIT 1   [ RunTime:0.0003s ]
NOTIC: [2] finfo_file(): Empty filename or path D:\wampserver\wamp\www\eshop\ThinkPHP\Library\Think\Upload.class.php 第 152 行.

[ 2017-01-25T11:07:36+08:00 ] ::1 /eshop/index.php/Good/goodsSave.html
INFO: [ app_begin ] --START--
INFO: Run Behavior\ReadHtmlCacheBehavior [ RunTime:0.000849s ]
INFO: [ app_begin ] --END-- [ RunTime:0.001377s ]

[ 2017-01-25T11:08:31+08:00 ] ::1 /eshop/index.php/Good/goodsSave.html
INFO: [ app_begin ] --START--
INFO: Run Behavior\ReadHtmlCacheBehavior [ RunTime:0.000961s ]
INFO: [ app_begin ] --END-- [ RunTime:0.001512s ]

[ 2017-01-25T11:10:38+08:00 ] ::1 /eshop/index.php/Good/goodsSave.html
INFO: [ app_begin ] --START--
INFO: Run Behavior\ReadHtmlCacheBehavior [ RunTime:0.000884s ]
INFO: [ app_begin ] --END-- [ RunTime:0.001439s ]

[ 2017-01-25T11:11:01+08:00 ] ::1 /eshop/index.php/Good/goodsSave.html
INFO: [ app_begin ] --START--
INFO: Run Behavior\ReadHtmlCacheBehavior [ RunTime:0.000863s ]
INFO: [ app_begin ] --END-- [ RunTime:0.001427s ]

[ 2017-01-25T11:11:51+08:00 ] ::1 /eshop/index.php/Good/goodsSave.html
INFO: [ app_begin ] --START--
INFO: Run Behavior\ReadHtmlCacheBehavior [ RunTime:0.000850s ]
INFO: [ app_begin ] --END-- [ RunTime:0.001426s ]

[ 2017-01-25T11:12:12+08:00 ] ::1 /eshop/index.php/Good/goodsSave.html
INFO: [ app_begin ] --START--
INFO: Run Behavior\ReadHtmlCacheBehavior [ RunTime:0.000886s ]
INFO: [ app_begin ] --END-- [ RunTime:0.001459s ]

[ 2017-01-25T11:13:33+08:00 ] ::1 /eshop/index.php/Good/goodsSave.html
INFO: [ app_begin ] --START--
INFO: Run Behavior\ReadHtmlCacheBehavior [ RunTime:0.000887s ]
INFO: [ app_begin ] --END-- [ RunTime:0.001420s ]

[ 2017-01-25T11:13:55+08:00 ] ::1 /eshop/index.php/Good/goodsSave.html
INFO: [ app_begin ] --START--
INFO: Run Behavior\ReadHtmlCacheBehavior [ RunTime:0.000865s ]
INFO: [ app_begin ] --END-- [ RunTime:0.001400s ]
SQL: SHOW COLUMNS FROM `eshop_shop` [ RunTime:0.0051s ]
SQL: SELECT `id` FROM `eshop_shop` WHERE `shoperId` = 13 LIMIT 1   [ RunTime:0.0004s ]
NOTIC: [2] finfo_file(): Empty filename or path D:\wampserver\wamp\www\eshop\ThinkPHP\Library\Think\Upload.class.php 第 152 行.

[ 2017-01-25T11:14:55+08:00 ] ::1 /eshop/index.php/Good/goodsSave.html
INFO: [ app_begin ] --START--
INFO: Run Behavior\ReadHtmlCacheBehavior [ RunTime:0.000933s ]
INFO: [ app_begin ] --END-- [ RunTime:0.001808s ]
SQL: SHOW COLUMNS FROM `eshop_shop` [ RunTime:0.0066s ]
SQL: SELECT `id` FROM `eshop_shop` WHERE `shoperId` = 13 LIMIT 1   [ RunTime:0.0003s ]

[ 2017-01-25T11:15:35+08:00 ] ::1 /eshop/index.php/Good/goodsSave.html
INFO: [ app_begin ] --START--
INFO: Run Behavior\ReadHtmlCacheBehavior [ RunTime:0.000956s ]
INFO: [ app_begin ] --END-- [ RunTime:0.001567s ]
SQL: SHOW COLUMNS FROM `eshop_shop` [ RunTime:0.0057s ]
SQL: SELECT `id` FROM `eshop_shop` WHERE `shoperId` = 13 LIMIT 1   [ RunTime:0.0003s ]

[ 2017-01-25T15:14:53+08:00 ] ::1 /eshop/index.php/Good/goodsSave.html
INFO: [ app_begin ] --START--
INFO: Run Behavior\ReadHtmlCacheBehavior [ RunTime:0.001132s ]
INFO: [ app_begin ] --END-- [ RunTime:0.001860s ]
SQL: SHOW COLUMNS FROM `eshop_shop` [ RunTime:0.0074s ]
SQL: SELECT `id` FROM `eshop_shop` WHERE `shoperId` = 13 LIMIT 1   [ RunTime:0.0007s ]

[ 2017-01-25T15:15:37+08:00 ] ::1 /eshop/index.php/Good/goodsSave.html
INFO: [ app_begin ] --START--
INFO: Run Behavior\ReadHtmlCacheBehavior [ RunTime:0.001155s ]
INFO: [ app_begin ] --END-- [ RunTime:0.001904s ]
SQL: SHOW COLUMNS FROM `eshop_shop` [ RunTime:0.0066s ]
SQL: SELECT `id` FROM `eshop_shop` WHERE `shoperId` = 13 LIMIT 1   [ RunTime:0.0005s ]

[ 2017-01-25T15:16:09+08:00 ] ::1 /eshop/index.php/Good/goodsSave.html
INFO: [ app_begin ] --START--
INFO: Run Behavior\ReadHtmlCacheBehavior [ RunTime:0.001289s ]
INFO: [ app_begin ] --END-- [ RunTime:0.001960s ]

[ 2017-01-25T15:17:38+08:00 ] ::1 /eshop/index.php/Good/goodsSave.html
INFO: [ app_begin ] --START--
INFO: Run Behavior\ReadHtmlCacheBehavior [ RunTime:0.000839s ]
INFO: [ app_begin ] --END-- [ RunTime:0.001455s ]

[ 2017-01-25T15:18:46+08:00 ] ::1 /eshop/index.php/Good/goodsSave.html
INFO: [ app_begin ] --START--
INFO: Run Behavior\ReadHtmlCacheBehavior [ RunTime:0.001488s ]
INFO: [ app_begin ] --END-- [ RunTime:0.002486s ]

[ 2017-01-25T15:26:24+08:00 ] ::1 /eshop/index.php/Good/goodsSave.html
INFO: [ app_begin ] --START--
INFO: Run Behavior\ReadHtmlCacheBehavior [ RunTime:0.001625s ]
INFO: [ app_begin ] --END-- [ RunTime:0.002541s ]

[ 2017-01-25T15:29:45+08:00 ] ::1 /eshop/index.php/Good/goodsSave.html
INFO: [ app_begin ] --START--
INFO: Run Behavior\ReadHtmlCacheBehavior [ RunTime:0.000970s ]
INFO: [ app_begin ] --END-- [ RunTime:0.001636s ]

[ 2017-01-25T15:29:53+08:00 ] ::1 /eshop/index.php/Good/goodsSave.html
INFO: [ app_begin ] --START--
INFO: Run Behavior\ReadHtmlCacheBehavior [ RunTime:0.001181s ]
INFO: [ app_begin ] --END-- [ RunTime:0.001974s ]

[ 2017-01-25T16:49:09+08:00 ] ::1 /eshop/index.php/Good/getWebCart.html
INFO: [ app_begin ] --START--
INFO: Run Behavior\ReadHtmlCacheBehavior [ RunTime:0.001267s ]
INFO: [ app_begin ] --END-- [ RunTime:0.002110s ]
SQL: SHOW COLUMNS FROM `eshop_secondmenu` [ RunTime:0.0081s ]
SQL: SELECT `id`,`name` FROM `eshop_secondmenu` WHERE `pid` = 1 AND `is_show` = 1  [ RunTime:0.0550s ]

[ 2017-01-25T16:49:11+08:00 ] ::1 /eshop/index.php/Good/getShopCart.html
INFO: [ app_begin ] --START--
INFO: Run Behavior\ReadHtmlCacheBehavior [ RunTime:0.000745s ]
INFO: [ app_begin ] --END-- [ RunTime:0.001347s ]
SQL: SHOW COLUMNS FROM `eshop_shop_secondmenu` [ RunTime:0.0058s ]
SQL: SELECT `id`,`sname` FROM `eshop_shop_secondmenu` WHERE `pid` = 1 AND `is_show` = 1  [ RunTime:0.0005s ]

