[ 2017-01-03T09:55:56+08:00 ] ::1 /eshop/index.php/Home/ShopCart/saveMenu.html
INFO: [ app_begin ] --START--
INFO: Run Behavior\ReadHtmlCacheBehavior [ RunTime:0.002215s ]
INFO: [ app_begin ] --END-- [ RunTime:0.003255s ]

[ 2017-01-03T10:03:48+08:00 ] ::1 /eshop/index.php/Home/ShopCart/saveMenu.html
INFO: [ app_begin ] --START--
INFO: Run Behavior\ReadHtmlCacheBehavior [ RunTime:0.002308s ]
INFO: [ app_begin ] --END-- [ RunTime:0.004153s ]

[ 2017-01-03T10:04:16+08:00 ] ::1 /eshop/index.php/Home/ShopCart/saveMenu.html
INFO: [ app_begin ] --START--
INFO: Run Behavior\ReadHtmlCacheBehavior [ RunTime:0.003357s ]
INFO: [ app_begin ] --END-- [ RunTime:0.006131s ]

[ 2017-01-03T10:04:30+08:00 ] ::1 /eshop/index.php/Home/ShopCart/saveMenu.html
INFO: [ app_begin ] --START--
INFO: Run Behavior\ReadHtmlCacheBehavior [ RunTime:0.001882s ]
INFO: [ app_begin ] --END-- [ RunTime:0.003079s ]

[ 2017-01-03T10:09:40+08:00 ] ::1 /eshop/index.php/Home/ShopCart/saveMenu.html
INFO: [ app_begin ] --START--
INFO: Run Behavior\ReadHtmlCacheBehavior [ RunTime:0.001328s ]
INFO: [ app_begin ] --END-- [ RunTime:0.002245s ]

[ 2017-01-03T10:10:48+08:00 ] ::1 /eshop/index.php/Home/ShopCart/saveMenu.html
INFO: [ app_begin ] --START--
INFO: Run Behavior\ReadHtmlCacheBehavior [ RunTime:0.001274s ]
INFO: [ app_begin ] --END-- [ RunTime:0.002150s ]

[ 2017-01-03T10:15:05+08:00 ] ::1 /eshop/index.php/Home/ShopCart/saveMenu.html
INFO: [ app_begin ] --START--
INFO: Run Behavior\ReadHtmlCacheBehavior [ RunTime:0.001332s ]
INFO: [ app_begin ] --END-- [ RunTime:0.002287s ]

[ 2017-01-03T10:15:13+08:00 ] ::1 /eshop/index.php/Home/ShopCart/saveMenu.html
INFO: [ app_begin ] --START--
INFO: Run Behavior\ReadHtmlCacheBehavior [ RunTime:0.001362s ]
INFO: [ app_begin ] --END-- [ RunTime:0.002437s ]

[ 2017-01-03T10:15:20+08:00 ] ::1 /eshop/index.php/Home/ShopCart/saveMenu.html
INFO: [ app_begin ] --START--
INFO: Run Behavior\ReadHtmlCacheBehavior [ RunTime:0.002020s ]
INFO: [ app_begin ] --END-- [ RunTime:0.003031s ]

[ 2017-01-03T10:15:27+08:00 ] ::1 /eshop/index.php/Home/ShopCart/saveMenu.html
INFO: [ app_begin ] --START--
INFO: Run Behavior\ReadHtmlCacheBehavior [ RunTime:0.001986s ]
INFO: [ app_begin ] --END-- [ RunTime:0.003343s ]

[ 2017-01-03T10:16:20+08:00 ] ::1 /eshop/index.php/Home/ShopCart/saveMenu.html
INFO: [ app_begin ] --START--
INFO: Run Behavior\ReadHtmlCacheBehavior [ RunTime:0.001639s ]
INFO: [ app_begin ] --END-- [ RunTime:0.002729s ]

[ 2017-01-03T10:16:20+08:00 ] ::1 /eshop/index.php/Home/ShopCart/saveMenu.html
INFO: [ app_begin ] --START--
INFO: Run Behavior\ReadHtmlCacheBehavior [ RunTime:0.001330s ]
INFO: [ app_begin ] --END-- [ RunTime:0.002694s ]

[ 2017-01-03T10:16:20+08:00 ] ::1 /eshop/index.php/Home/ShopCart/saveMenu.html
INFO: [ app_begin ] --START--
INFO: Run Behavior\ReadHtmlCacheBehavior [ RunTime:0.002149s ]
INFO: [ app_begin ] --END-- [ RunTime:0.003731s ]

[ 2017-01-03T10:16:20+08:00 ] ::1 /eshop/index.php/Home/ShopCart/saveMenu.html
INFO: [ app_begin ] --START--
INFO: Run Behavior\ReadHtmlCacheBehavior [ RunTime:0.002462s ]
INFO: [ app_begin ] --END-- [ RunTime:0.003845s ]

[ 2017-01-03T10:16:21+08:00 ] ::1 /eshop/index.php/Home/ShopCart/saveMenu.html
INFO: [ app_begin ] --START--
INFO: Run Behavior\ReadHtmlCacheBehavior [ RunTime:0.001767s ]
INFO: [ app_begin ] --END-- [ RunTime:0.002973s ]

[ 2017-01-03T10:17:12+08:00 ] ::1 /eshop/index.php/Home/ShopCart/saveMenu.html
INFO: [ app_begin ] --START--
INFO: Run Behavior\ReadHtmlCacheBehavior [ RunTime:0.001292s ]
INFO: [ app_begin ] --END-- [ RunTime:0.002182s ]

[ 2017-01-03T10:17:14+08:00 ] ::1 /eshop/index.php/Home/ShopCart/saveMenu.html
INFO: [ app_begin ] --START--
INFO: Run Behavior\ReadHtmlCacheBehavior [ RunTime:0.001430s ]
INFO: [ app_begin ] --END-- [ RunTime:0.002645s ]

[ 2017-01-03T10:17:15+08:00 ] ::1 /eshop/index.php/Home/ShopCart/saveMenu.html
INFO: [ app_begin ] --START--
INFO: Run Behavior\ReadHtmlCacheBehavior [ RunTime:0.001474s ]
INFO: [ app_begin ] --END-- [ RunTime:0.002390s ]

[ 2017-01-03T10:17:30+08:00 ] ::1 /eshop/index.php/Home/ShopCart/saveMenu.html
INFO: [ app_begin ] --START--
INFO: Run Behavior\ReadHtmlCacheBehavior [ RunTime:0.001887s ]
INFO: [ app_begin ] --END-- [ RunTime:0.002994s ]

[ 2017-01-03T10:18:20+08:00 ] ::1 /eshop/index.php/Home/ShopCart/saveMenu.html
INFO: [ app_begin ] --START--
INFO: Run Behavior\ReadHtmlCacheBehavior [ RunTime:0.001348s ]
INFO: [ app_begin ] --END-- [ RunTime:0.002643s ]

[ 2017-01-03T10:18:33+08:00 ] ::1 /eshop/index.php/Home/ShopCart/saveMenu.html
INFO: [ app_begin ] --START--
INFO: Run Behavior\ReadHtmlCacheBehavior [ RunTime:0.001799s ]
INFO: [ app_begin ] --END-- [ RunTime:0.002752s ]

[ 2017-01-03T10:18:59+08:00 ] ::1 /eshop/index.php/Home/ShopCart/saveMenu.html
INFO: [ app_begin ] --START--
INFO: Run Behavior\ReadHtmlCacheBehavior [ RunTime:0.001300s ]
INFO: [ app_begin ] --END-- [ RunTime:0.002335s ]

[ 2017-01-03T10:19:07+08:00 ] ::1 /eshop/index.php/Home/ShopCart/saveMenu.html
INFO: [ app_begin ] --START--
INFO: Run Behavior\ReadHtmlCacheBehavior [ RunTime:0.003121s ]
INFO: [ app_begin ] --END-- [ RunTime:0.004558s ]

[ 2017-01-03T10:19:14+08:00 ] ::1 /eshop/index.php/Home/ShopCart/saveMenu.html
INFO: [ app_begin ] --START--
INFO: Run Behavior\ReadHtmlCacheBehavior [ RunTime:0.001266s ]
INFO: [ app_begin ] --END-- [ RunTime:0.002120s ]

[ 2017-01-03T10:19:33+08:00 ] ::1 /eshop/index.php/Home/ShopCart/saveMenu.html
INFO: [ app_begin ] --START--
INFO: Run Behavior\ReadHtmlCacheBehavior [ RunTime:0.001557s ]
INFO: [ app_begin ] --END-- [ RunTime:0.002570s ]

[ 2017-01-03T10:20:35+08:00 ] ::1 /eshop/index.php/Home/ShopCart/saveMenu.html
INFO: [ app_begin ] --START--
INFO: Run Behavior\ReadHtmlCacheBehavior [ RunTime:0.001533s ]
INFO: [ app_begin ] --END-- [ RunTime:0.002363s ]

[ 2017-01-03T10:33:08+08:00 ] ::1 /eshop/index.php/Home/ShopCart/saveMenu.html
INFO: [ app_begin ] --START--
INFO: Run Behavior\ReadHtmlCacheBehavior [ RunTime:0.000797s ]
INFO: [ app_begin ] --END-- [ RunTime:0.001575s ]

[ 2017-01-03T10:33:40+08:00 ] ::1 /eshop/index.php/Home/ShopCart/saveMenu.html
INFO: [ app_begin ] --START--
INFO: Run Behavior\ReadHtmlCacheBehavior [ RunTime:0.000830s ]
INFO: [ app_begin ] --END-- [ RunTime:0.001403s ]

[ 2017-01-03T10:34:00+08:00 ] ::1 /eshop/index.php/Home/ShopCart/saveMenu.html
INFO: [ app_begin ] --START--
INFO: Run Behavior\ReadHtmlCacheBehavior [ RunTime:0.000810s ]
INFO: [ app_begin ] --END-- [ RunTime:0.001331s ]

[ 2017-01-03T10:34:37+08:00 ] ::1 /eshop/index.php/Home/ShopCart/saveMenu.html
INFO: [ app_begin ] --START--
INFO: Run Behavior\ReadHtmlCacheBehavior [ RunTime:0.001287s ]
INFO: [ app_begin ] --END-- [ RunTime:0.002145s ]

[ 2017-01-03T10:34:43+08:00 ] ::1 /eshop/index.php/Home/ShopCart/saveMenu.html
INFO: [ app_begin ] --START--
INFO: Run Behavior\ReadHtmlCacheBehavior [ RunTime:0.000853s ]
INFO: [ app_begin ] --END-- [ RunTime:0.001441s ]

[ 2017-01-03T10:38:55+08:00 ] ::1 /eshop/index.php/Home/ShopCart/saveMenu.html
INFO: [ app_begin ] --START--
INFO: Run Behavior\ReadHtmlCacheBehavior [ RunTime:0.001773s ]
INFO: [ app_begin ] --END-- [ RunTime:0.002635s ]

[ 2017-01-03T10:39:04+08:00 ] ::1 /eshop/index.php/Home/ShopCart/saveMenu.html
INFO: [ app_begin ] --START--
INFO: Run Behavior\ReadHtmlCacheBehavior [ RunTime:0.000811s ]
INFO: [ app_begin ] --END-- [ RunTime:0.001391s ]

[ 2017-01-03T10:39:53+08:00 ] ::1 /eshop/index.php/Home/ShopCart/saveMenu.html
INFO: [ app_begin ] --START--
INFO: Run Behavior\ReadHtmlCacheBehavior [ RunTime:0.000825s ]
INFO: [ app_begin ] --END-- [ RunTime:0.001508s ]

[ 2017-01-03T10:40:43+08:00 ] ::1 /eshop/index.php/Home/ShopCart/saveMenu.html
INFO: [ app_begin ] --START--
INFO: Run Behavior\ReadHtmlCacheBehavior [ RunTime:0.001032s ]
INFO: [ app_begin ] --END-- [ RunTime:0.001660s ]

[ 2017-01-03T10:42:16+08:00 ] ::1 /eshop/index.php/Home/ShopCart/saveMenu.html
INFO: [ app_begin ] --START--
INFO: Run Behavior\ReadHtmlCacheBehavior [ RunTime:0.000844s ]
INFO: [ app_begin ] --END-- [ RunTime:0.001490s ]

[ 2017-01-03T10:43:52+08:00 ] ::1 /eshop/index.php/Home/ShopCart/saveMenu.html
INFO: [ app_begin ] --START--
INFO: Run Behavior\ReadHtmlCacheBehavior [ RunTime:0.000705s ]
INFO: [ app_begin ] --END-- [ RunTime:0.001438s ]

[ 2017-01-03T10:45:09+08:00 ] ::1 /eshop/index.php/Home/ShopCart/saveMenu.html
INFO: [ app_begin ] --START--
INFO: Run Behavior\ReadHtmlCacheBehavior [ RunTime:0.001002s ]
INFO: [ app_begin ] --END-- [ RunTime:0.002264s ]

[ 2017-01-03T10:46:30+08:00 ] ::1 /eshop/index.php/Home/ShopCart/saveMenu.html
INFO: [ app_begin ] --START--
INFO: Run Behavior\ReadHtmlCacheBehavior [ RunTime:0.000902s ]
INFO: [ app_begin ] --END-- [ RunTime:0.001558s ]

[ 2017-01-03T10:48:17+08:00 ] ::1 /eshop/index.php/Home/ShopCart/saveMenu.html
INFO: [ app_begin ] --START--
INFO: Run Behavior\ReadHtmlCacheBehavior [ RunTime:0.000591s ]
INFO: [ app_begin ] --END-- [ RunTime:0.001155s ]

[ 2017-01-03T10:48:47+08:00 ] ::1 /eshop/index.php/Home/ShopCart/saveMenu.html
INFO: [ app_begin ] --START--
INFO: Run Behavior\ReadHtmlCacheBehavior [ RunTime:0.000690s ]
INFO: [ app_begin ] --END-- [ RunTime:0.001178s ]

[ 2017-01-03T10:49:00+08:00 ] ::1 /eshop/index.php/Home/ShopCart/saveMenu.html
INFO: [ app_begin ] --START--
INFO: Run Behavior\ReadHtmlCacheBehavior [ RunTime:0.000864s ]
INFO: [ app_begin ] --END-- [ RunTime:0.001403s ]

[ 2017-01-03T10:49:49+08:00 ] ::1 /eshop/index.php/Home/ShopCart/saveMenu.html
INFO: [ app_begin ] --START--
INFO: Run Behavior\ReadHtmlCacheBehavior [ RunTime:0.000969s ]
INFO: [ app_begin ] --END-- [ RunTime:0.001592s ]

[ 2017-01-03T10:50:08+08:00 ] ::1 /eshop/index.php/Home/ShopCart/saveMenu.html
INFO: [ app_begin ] --START--
INFO: Run Behavior\ReadHtmlCacheBehavior [ RunTime:0.000783s ]
INFO: [ app_begin ] --END-- [ RunTime:0.001450s ]

[ 2017-01-03T11:06:16+08:00 ] ::1 /eshop/index.php/Home/ShopCart/saveMenu.html
INFO: [ app_begin ] --START--
INFO: Run Behavior\ReadHtmlCacheBehavior [ RunTime:0.000912s ]
INFO: [ app_begin ] --END-- [ RunTime:0.001515s ]

[ 2017-01-03T11:06:53+08:00 ] ::1 /eshop/index.php/Home/ShopCart/saveMenu.html
INFO: [ app_begin ] --START--
INFO: Run Behavior\ReadHtmlCacheBehavior [ RunTime:0.000836s ]
INFO: [ app_begin ] --END-- [ RunTime:0.001382s ]

[ 2017-01-03T11:07:02+08:00 ] ::1 /eshop/index.php/Home/ShopCart/saveMenu.html
INFO: [ app_begin ] --START--
INFO: Run Behavior\ReadHtmlCacheBehavior [ RunTime:0.001377s ]
INFO: [ app_begin ] --END-- [ RunTime:0.002318s ]

[ 2017-01-03T11:07:13+08:00 ] ::1 /eshop/index.php/Home/ShopCart/saveMenu.html
INFO: [ app_begin ] --START--
INFO: Run Behavior\ReadHtmlCacheBehavior [ RunTime:0.000931s ]
INFO: [ app_begin ] --END-- [ RunTime:0.001465s ]

[ 2017-01-03T11:07:18+08:00 ] ::1 /eshop/index.php/Home/ShopCart/saveMenu.html
INFO: [ app_begin ] --START--
INFO: Run Behavior\ReadHtmlCacheBehavior [ RunTime:0.000928s ]
INFO: [ app_begin ] --END-- [ RunTime:0.001714s ]

[ 2017-01-03T11:07:48+08:00 ] ::1 /eshop/index.php/Home/ShopCart/saveMenu.html
INFO: [ app_begin ] --START--
INFO: Run Behavior\ReadHtmlCacheBehavior [ RunTime:0.000886s ]
INFO: [ app_begin ] --END-- [ RunTime:0.001521s ]

[ 2017-01-03T11:09:10+08:00 ] ::1 /eshop/index.php/Home/ShopCart/saveMenu.html
INFO: [ app_begin ] --START--
INFO: Run Behavior\ReadHtmlCacheBehavior [ RunTime:0.000795s ]
INFO: [ app_begin ] --END-- [ RunTime:0.001384s ]

[ 2017-01-03T11:09:23+08:00 ] ::1 /eshop/index.php/Home/ShopCart/saveMenu.html
INFO: [ app_begin ] --START--
INFO: Run Behavior\ReadHtmlCacheBehavior [ RunTime:0.000812s ]
INFO: [ app_begin ] --END-- [ RunTime:0.001360s ]

[ 2017-01-03T11:09:40+08:00 ] ::1 /eshop/index.php/Home/ShopCart/saveMenu.html
INFO: [ app_begin ] --START--
INFO: Run Behavior\ReadHtmlCacheBehavior [ RunTime:0.000841s ]
INFO: [ app_begin ] --END-- [ RunTime:0.001439s ]

[ 2017-01-03T11:11:35+08:00 ] ::1 /eshop/index.php/Home/ShopCart/saveMenu.html
INFO: [ app_begin ] --START--
INFO: Run Behavior\ReadHtmlCacheBehavior [ RunTime:0.001181s ]
INFO: [ app_begin ] --END-- [ RunTime:0.001884s ]

[ 2017-01-03T11:11:55+08:00 ] ::1 /eshop/index.php/Home/ShopCart/saveMenu.html
INFO: [ app_begin ] --START--
INFO: Run Behavior\ReadHtmlCacheBehavior [ RunTime:0.000991s ]
INFO: [ app_begin ] --END-- [ RunTime:0.001562s ]

[ 2017-01-03T11:12:05+08:00 ] ::1 /eshop/index.php/Home/ShopCart/saveMenu.html
INFO: [ app_begin ] --START--
INFO: Run Behavior\ReadHtmlCacheBehavior [ RunTime:0.000834s ]
INFO: [ app_begin ] --END-- [ RunTime:0.001406s ]

[ 2017-01-03T11:12:20+08:00 ] ::1 /eshop/index.php/Home/ShopCart/saveMenu.html
INFO: [ app_begin ] --START--
INFO: Run Behavior\ReadHtmlCacheBehavior [ RunTime:0.000817s ]
INFO: [ app_begin ] --END-- [ RunTime:0.001435s ]

[ 2017-01-03T11:13:10+08:00 ] ::1 /eshop/index.php/Home/ShopCart/saveMenu.html
INFO: [ app_begin ] --START--
INFO: Run Behavior\ReadHtmlCacheBehavior [ RunTime:0.001093s ]
INFO: [ app_begin ] --END-- [ RunTime:0.001633s ]

[ 2017-01-03T11:13:56+08:00 ] ::1 /eshop/index.php/Home/ShopCart/saveMenu.html
INFO: [ app_begin ] --START--
INFO: Run Behavior\ReadHtmlCacheBehavior [ RunTime:0.000974s ]
INFO: [ app_begin ] --END-- [ RunTime:0.001609s ]

[ 2017-01-03T11:14:07+08:00 ] ::1 /eshop/index.php/Home/ShopCart/saveMenu.html
INFO: [ app_begin ] --START--
INFO: Run Behavior\ReadHtmlCacheBehavior [ RunTime:0.000991s ]
INFO: [ app_begin ] --END-- [ RunTime:0.001594s ]

[ 2017-01-03T13:32:49+08:00 ] ::1 /eshop/index.php/Home/ShopCart/saveMenu.html
INFO: [ app_begin ] --START--
INFO: Run Behavior\ReadHtmlCacheBehavior [ RunTime:0.001599s ]
INFO: [ app_begin ] --END-- [ RunTime:0.002295s ]

[ 2017-01-03T13:32:58+08:00 ] ::1 /eshop/index.php/Home/ShopCart/saveMenu.html
INFO: [ app_begin ] --START--
INFO: Run Behavior\ReadHtmlCacheBehavior [ RunTime:0.001167s ]
INFO: [ app_begin ] --END-- [ RunTime:0.001841s ]

[ 2017-01-03T13:33:26+08:00 ] ::1 /eshop/index.php/Home/ShopCart/saveMenu.html
INFO: [ app_begin ] --START--
INFO: Run Behavior\ReadHtmlCacheBehavior [ RunTime:0.001312s ]
INFO: [ app_begin ] --END-- [ RunTime:0.001954s ]

[ 2017-01-03T13:33:35+08:00 ] ::1 /eshop/index.php/Home/ShopCart/saveMenu.html
INFO: [ app_begin ] --START--
INFO: Run Behavior\ReadHtmlCacheBehavior [ RunTime:0.001171s ]
INFO: [ app_begin ] --END-- [ RunTime:0.001865s ]

[ 2017-01-03T13:33:57+08:00 ] ::1 /eshop/index.php/Home/ShopCart/saveMenu.html
INFO: [ app_begin ] --START--
INFO: Run Behavior\ReadHtmlCacheBehavior [ RunTime:0.001304s ]
INFO: [ app_begin ] --END-- [ RunTime:0.002079s ]

[ 2017-01-03T13:40:35+08:00 ] ::1 /eshop/index.php/Home/ShopCart/saveMenu.html
INFO: [ app_begin ] --START--
INFO: Run Behavior\ReadHtmlCacheBehavior [ RunTime:0.000814s ]
INFO: [ app_begin ] --END-- [ RunTime:0.001461s ]

[ 2017-01-03T13:41:10+08:00 ] ::1 /eshop/index.php/Home/ShopCart/saveMenu.html
INFO: [ app_begin ] --START--
INFO: Run Behavior\ReadHtmlCacheBehavior [ RunTime:0.000874s ]
INFO: [ app_begin ] --END-- [ RunTime:0.001449s ]

[ 2017-01-03T13:41:42+08:00 ] ::1 /eshop/index.php/Home/ShopCart/saveMenu.html
INFO: [ app_begin ] --START--
INFO: Run Behavior\ReadHtmlCacheBehavior [ RunTime:0.000991s ]
INFO: [ app_begin ] --END-- [ RunTime:0.001606s ]

[ 2017-01-03T13:41:50+08:00 ] ::1 /eshop/index.php/Home/ShopCart/saveMenu.html
INFO: [ app_begin ] --START--
INFO: Run Behavior\ReadHtmlCacheBehavior [ RunTime:0.000872s ]
INFO: [ app_begin ] --END-- [ RunTime:0.001457s ]

[ 2017-01-03T13:43:17+08:00 ] ::1 /eshop/index.php/Home/ShopCart/saveMenu.html
INFO: [ app_begin ] --START--
INFO: Run Behavior\ReadHtmlCacheBehavior [ RunTime:0.000905s ]
INFO: [ app_begin ] --END-- [ RunTime:0.001639s ]

[ 2017-01-03T13:44:41+08:00 ] ::1 /eshop/index.php/Home/ShopCart/saveMenu.html
INFO: [ app_begin ] --START--
INFO: Run Behavior\ReadHtmlCacheBehavior [ RunTime:0.000934s ]
INFO: [ app_begin ] --END-- [ RunTime:0.001585s ]

[ 2017-01-03T13:45:28+08:00 ] ::1 /eshop/index.php/Home/ShopCart/saveMenu.html
INFO: [ app_begin ] --START--
INFO: Run Behavior\ReadHtmlCacheBehavior [ RunTime:0.000944s ]
INFO: [ app_begin ] --END-- [ RunTime:0.001868s ]

[ 2017-01-03T13:45:32+08:00 ] ::1 /eshop/index.php/Home/ShopCart/saveMenu.html
INFO: [ app_begin ] --START--
INFO: Run Behavior\ReadHtmlCacheBehavior [ RunTime:0.001167s ]
INFO: [ app_begin ] --END-- [ RunTime:0.003618s ]

[ 2017-01-03T13:45:44+08:00 ] ::1 /eshop/index.php/Home/ShopCart/saveMenu.html
INFO: [ app_begin ] --START--
INFO: Run Behavior\ReadHtmlCacheBehavior [ RunTime:0.000820s ]
INFO: [ app_begin ] --END-- [ RunTime:0.001451s ]

[ 2017-01-03T13:48:00+08:00 ] ::1 /eshop/index.php/Home/ShopCart/saveMenu.html
INFO: [ app_begin ] --START--
INFO: Run Behavior\ReadHtmlCacheBehavior [ RunTime:0.000968s ]
INFO: [ app_begin ] --END-- [ RunTime:0.001559s ]

[ 2017-01-03T13:48:18+08:00 ] ::1 /eshop/index.php/Home/ShopCart/saveMenu.html
INFO: [ app_begin ] --START--
INFO: Run Behavior\ReadHtmlCacheBehavior [ RunTime:0.000650s ]
INFO: [ app_begin ] --END-- [ RunTime:0.001109s ]

[ 2017-01-03T13:48:34+08:00 ] ::1 /eshop/index.php/Home/ShopCart/saveMenu.html
INFO: [ app_begin ] --START--
INFO: Run Behavior\ReadHtmlCacheBehavior [ RunTime:0.000717s ]
INFO: [ app_begin ] --END-- [ RunTime:0.001331s ]

[ 2017-01-03T13:48:41+08:00 ] ::1 /eshop/index.php/Home/ShopCart/saveMenu.html
INFO: [ app_begin ] --START--
INFO: Run Behavior\ReadHtmlCacheBehavior [ RunTime:0.000655s ]
INFO: [ app_begin ] --END-- [ RunTime:0.001174s ]

[ 2017-01-03T13:49:13+08:00 ] ::1 /eshop/index.php/Home/ShopCart/saveMenu.html
INFO: [ app_begin ] --START--
INFO: Run Behavior\ReadHtmlCacheBehavior [ RunTime:0.000639s ]
INFO: [ app_begin ] --END-- [ RunTime:0.001249s ]

[ 2017-01-03T13:50:11+08:00 ] ::1 /eshop/index.php/Home/ShopCart/saveMenu.html
INFO: [ app_begin ] --START--
INFO: Run Behavior\ReadHtmlCacheBehavior [ RunTime:0.000887s ]
INFO: [ app_begin ] --END-- [ RunTime:0.001679s ]

[ 2017-01-03T13:50:21+08:00 ] ::1 /eshop/index.php/Home/ShopCart/saveMenu.html
INFO: [ app_begin ] --START--
INFO: Run Behavior\ReadHtmlCacheBehavior [ RunTime:0.000660s ]
INFO: [ app_begin ] --END-- [ RunTime:0.001262s ]

[ 2017-01-03T13:50:25+08:00 ] ::1 /eshop/index.php/Home/ShopCart/saveMenu.html
INFO: [ app_begin ] --START--
INFO: Run Behavior\ReadHtmlCacheBehavior [ RunTime:0.000614s ]
INFO: [ app_begin ] --END-- [ RunTime:0.001185s ]

[ 2017-01-03T13:50:59+08:00 ] ::1 /eshop/index.php/Home/ShopCart/saveMenu.html
INFO: [ app_begin ] --START--
INFO: Run Behavior\ReadHtmlCacheBehavior [ RunTime:0.000669s ]
INFO: [ app_begin ] --END-- [ RunTime:0.001172s ]

[ 2017-01-03T13:51:41+08:00 ] ::1 /eshop/index.php/Home/ShopCart/saveMenu.html
INFO: [ app_begin ] --START--
INFO: Run Behavior\ReadHtmlCacheBehavior [ RunTime:0.000724s ]
INFO: [ app_begin ] --END-- [ RunTime:0.001249s ]

[ 2017-01-03T13:51:46+08:00 ] ::1 /eshop/index.php/Home/ShopCart/saveMenu.html
INFO: [ app_begin ] --START--
INFO: Run Behavior\ReadHtmlCacheBehavior [ RunTime:0.000621s ]
INFO: [ app_begin ] --END-- [ RunTime:0.001325s ]

[ 2017-01-03T13:51:58+08:00 ] ::1 /eshop/index.php/Home/ShopCart/saveMenu.html
INFO: [ app_begin ] --START--
INFO: Run Behavior\ReadHtmlCacheBehavior [ RunTime:0.000769s ]
INFO: [ app_begin ] --END-- [ RunTime:0.001476s ]

[ 2017-01-03T13:52:04+08:00 ] ::1 /eshop/index.php/Home/ShopCart/saveMenu.html
INFO: [ app_begin ] --START--
INFO: Run Behavior\ReadHtmlCacheBehavior [ RunTime:0.000655s ]
INFO: [ app_begin ] --END-- [ RunTime:0.001254s ]

[ 2017-01-03T13:54:46+08:00 ] ::1 /eshop/index.php/Home/ShopCart/saveMenu.html
INFO: [ app_begin ] --START--
INFO: Run Behavior\ReadHtmlCacheBehavior [ RunTime:0.000778s ]
INFO: [ app_begin ] --END-- [ RunTime:0.001322s ]

[ 2017-01-03T13:54:57+08:00 ] ::1 /eshop/index.php/Home/ShopCart/saveMenu.html
INFO: [ app_begin ] --START--
INFO: Run Behavior\ReadHtmlCacheBehavior [ RunTime:0.000962s ]
INFO: [ app_begin ] --END-- [ RunTime:0.001677s ]

[ 2017-01-03T13:55:42+08:00 ] ::1 /eshop/index.php/Home/ShopCart/saveMenu.html
INFO: [ app_begin ] --START--
INFO: Run Behavior\ReadHtmlCacheBehavior [ RunTime:0.000638s ]
INFO: [ app_begin ] --END-- [ RunTime:0.001164s ]

[ 2017-01-03T13:55:51+08:00 ] ::1 /eshop/index.php/Home/ShopCart/saveMenu.html
INFO: [ app_begin ] --START--
INFO: Run Behavior\ReadHtmlCacheBehavior [ RunTime:0.000704s ]
INFO: [ app_begin ] --END-- [ RunTime:0.001262s ]

[ 2017-01-03T13:55:58+08:00 ] ::1 /eshop/index.php/Home/ShopCart/saveMenu.html
INFO: [ app_begin ] --START--
INFO: Run Behavior\ReadHtmlCacheBehavior [ RunTime:0.000593s ]
INFO: [ app_begin ] --END-- [ RunTime:0.001136s ]

[ 2017-01-03T13:57:28+08:00 ] ::1 /eshop/index.php/Home/ShopCart/saveMenu.html
INFO: [ app_begin ] --START--
INFO: Run Behavior\ReadHtmlCacheBehavior [ RunTime:0.000938s ]
INFO: [ app_begin ] --END-- [ RunTime:0.001657s ]

[ 2017-01-03T13:57:37+08:00 ] ::1 /eshop/index.php/Home/ShopCart/saveMenu.html
INFO: [ app_begin ] --START--
INFO: Run Behavior\ReadHtmlCacheBehavior [ RunTime:0.000856s ]
INFO: [ app_begin ] --END-- [ RunTime:0.001428s ]

[ 2017-01-03T13:57:45+08:00 ] ::1 /eshop/index.php/Home/ShopCart/saveMenu.html
INFO: [ app_begin ] --START--
INFO: Run Behavior\ReadHtmlCacheBehavior [ RunTime:0.000903s ]
INFO: [ app_begin ] --END-- [ RunTime:0.001403s ]

[ 2017-01-03T13:58:27+08:00 ] ::1 /eshop/index.php/Home/ShopCart/saveMenu.html
INFO: [ app_begin ] --START--
INFO: Run Behavior\ReadHtmlCacheBehavior [ RunTime:0.000923s ]
INFO: [ app_begin ] --END-- [ RunTime:0.001685s ]

[ 2017-01-03T14:00:24+08:00 ] ::1 /eshop/index.php/Home/ShopCart/saveMenu.html
INFO: [ app_begin ] --START--
INFO: Run Behavior\ReadHtmlCacheBehavior [ RunTime:0.000949s ]
INFO: [ app_begin ] --END-- [ RunTime:0.001546s ]

[ 2017-01-03T14:00:34+08:00 ] ::1 /eshop/index.php/Home/ShopCart/saveMenu.html
INFO: [ app_begin ] --START--
INFO: Run Behavior\ReadHtmlCacheBehavior [ RunTime:0.000929s ]
INFO: [ app_begin ] --END-- [ RunTime:0.001498s ]

[ 2017-01-03T15:05:33+08:00 ] ::1 /eshop/index.php/Home/ShopCart/saveMenu.html
INFO: [ app_begin ] --START--
INFO: Run Behavior\ReadHtmlCacheBehavior [ RunTime:0.000982s ]
INFO: [ app_begin ] --END-- [ RunTime:0.001644s ]

[ 2017-01-03T15:07:54+08:00 ] ::1 /eshop/index.php/Home/ShopCart/saveMenu.html
INFO: [ app_begin ] --START--
INFO: Run Behavior\ReadHtmlCacheBehavior [ RunTime:0.001085s ]
INFO: [ app_begin ] --END-- [ RunTime:0.001891s ]

[ 2017-01-03T15:18:03+08:00 ] ::1 /eshop/index.php/Home/ShopCart/saveMenu.html
INFO: [ app_begin ] --START--
INFO: Run Behavior\ReadHtmlCacheBehavior [ RunTime:0.001133s ]
INFO: [ app_begin ] --END-- [ RunTime:0.001912s ]
SQL: SHOW COLUMNS FROM `eshop_shop_secondmenu` [ RunTime:0.0067s ]
SQL: INSERT INTO `eshop_shop_secondmenu` (`sname`,`pid`,`create_time`) VALUES ('cecbui','1','1483427883') [ RunTime:0.2167s ]

[ 2017-01-03T15:18:15+08:00 ] ::1 /eshop/index.php/Home/ShopCart/saveMenu.html
INFO: [ app_begin ] --START--
INFO: Run Behavior\ReadHtmlCacheBehavior [ RunTime:0.001073s ]
INFO: [ app_begin ] --END-- [ RunTime:0.001667s ]
SQL: SHOW COLUMNS FROM `eshop_shop` [ RunTime:0.0057s ]
NOTIC: [8] Use of undefined constant uid - assumed 'uid' D:\wampserver\wamp\www\eshop\App\Home\Controller\ShopCartController.class.php 第 85 行.
SQL: SELECT `id` FROM `eshop_shop` WHERE `shoperId` = 13 LIMIT 1   [ RunTime:0.0003s ]
SQL: SHOW COLUMNS FROM `eshop_shop_firstmenu` [ RunTime:0.0063s ]
SQL: INSERT INTO `eshop_shop_firstmenu` (`shopId`,`name`,`create_time`) VALUES ('3','nihao','1483427895') [ RunTime:0.1573s ]
NOTIC: [8] Undefined variable: msg D:\wampserver\wamp\www\eshop\App\Home\Controller\ShopCartController.class.php 第 123 行.

[ 2017-01-03T15:19:35+08:00 ] ::1 /eshop/index.php/Home/ShopCart/saveMenu.html
INFO: [ app_begin ] --START--
INFO: Run Behavior\ReadHtmlCacheBehavior [ RunTime:0.001010s ]
INFO: [ app_begin ] --END-- [ RunTime:0.001651s ]
SQL: SHOW COLUMNS FROM `eshop_shop` [ RunTime:0.0056s ]
NOTIC: [8] Use of undefined constant uid - assumed 'uid' D:\wampserver\wamp\www\eshop\App\Home\Controller\ShopCartController.class.php 第 85 行.
SQL: SELECT `id` FROM `eshop_shop` WHERE `shoperId` = 13 LIMIT 1   [ RunTime:0.0003s ]
SQL: SHOW COLUMNS FROM `eshop_shop_firstmenu` [ RunTime:0.0059s ]
SQL: INSERT INTO `eshop_shop_firstmenu` (`shopId`,`name`,`create_time`) VALUES ('3','ceshi','1483427974') [ RunTime:0.1318s ]

[ 2017-01-03T15:19:54+08:00 ] ::1 /eshop/index.php/Home/ShopCart/saveMenu.html
INFO: [ app_begin ] --START--
INFO: Run Behavior\ReadHtmlCacheBehavior [ RunTime:0.000841s ]
INFO: [ app_begin ] --END-- [ RunTime:0.001434s ]
SQL: SHOW COLUMNS FROM `eshop_shop_secondmenu` [ RunTime:0.0058s ]
SQL: INSERT INTO `eshop_shop_secondmenu` (`sname`,`pid`,`create_time`) VALUES ('cnsai','4','1483427994') [ RunTime:0.1071s ]

[ 2017-01-03T15:23:06+08:00 ] ::1 /eshop/index.php/Home/ShopCart/delCart.html
INFO: [ app_begin ] --START--
INFO: Run Behavior\ReadHtmlCacheBehavior [ RunTime:0.000925s ]
INFO: [ app_begin ] --END-- [ RunTime:0.001545s ]
SQL: SHOW COLUMNS FROM `eshop_shop_firstmenu` [ RunTime:0.0066s ]
SQL: DELETE FROM `eshop_shop_firstmenu` WHERE `id` = 4 [ RunTime:0.1206s ]

[ 2017-01-03T15:24:18+08:00 ] ::1 /eshop/index.php/Home/ShopCart/saveMenu.html
INFO: [ app_begin ] --START--
INFO: Run Behavior\ReadHtmlCacheBehavior [ RunTime:0.000870s ]
INFO: [ app_begin ] --END-- [ RunTime:0.001480s ]
SQL: SHOW COLUMNS FROM `eshop_shop_secondmenu` [ RunTime:0.0056s ]
SQL: INSERT INTO `eshop_shop_secondmenu` (`sname`,`pid`,`create_time`) VALUES ('你好','5','1483428258') [ RunTime:0.0860s ]

[ 2017-01-03T15:33:52+08:00 ] ::1 /eshop/index.php/Home/ShopCart/delCart.html
INFO: [ app_begin ] --START--
INFO: Run Behavior\ReadHtmlCacheBehavior [ RunTime:0.000981s ]
INFO: [ app_begin ] --END-- [ RunTime:0.001706s ]

[ 2017-01-03T15:33:58+08:00 ] ::1 /eshop/index.php/Home/ShopCart/delCart.html
INFO: [ app_begin ] --START--
INFO: Run Behavior\ReadHtmlCacheBehavior [ RunTime:0.000884s ]
INFO: [ app_begin ] --END-- [ RunTime:0.001443s ]

[ 2017-01-03T15:34:11+08:00 ] ::1 /eshop/index.php/Home/ShopCart/delCart.html
INFO: [ app_begin ] --START--
INFO: Run Behavior\ReadHtmlCacheBehavior [ RunTime:0.000859s ]
INFO: [ app_begin ] --END-- [ RunTime:0.001498s ]

[ 2017-01-03T15:34:53+08:00 ] ::1 /eshop/index.php/Home/ShopCart/delCart.html
INFO: [ app_begin ] --START--
INFO: Run Behavior\ReadHtmlCacheBehavior [ RunTime:0.001039s ]
INFO: [ app_begin ] --END-- [ RunTime:0.001624s ]

[ 2017-01-03T15:36:30+08:00 ] ::1 /eshop/index.php/Home/ShopCart/delCart.html
INFO: [ app_begin ] --START--
INFO: Run Behavior\ReadHtmlCacheBehavior [ RunTime:0.000865s ]
INFO: [ app_begin ] --END-- [ RunTime:0.001445s ]

[ 2017-01-03T15:43:24+08:00 ] ::1 /eshop/index.php/Home/Sood/add.html
ERR: 无法加载控制器:Sood

[ 2017-01-03T15:56:25+08:00 ] ::1 /eshop/index.php/ShopCart/saveMenu.html
INFO: [ app_begin ] --START--
INFO: Run Behavior\ReadHtmlCacheBehavior [ RunTime:0.000824s ]
INFO: [ app_begin ] --END-- [ RunTime:0.001443s ]
SQL: SHOW COLUMNS FROM `eshop_shop_secondmenu` [ RunTime:0.0057s ]
SQL: INSERT INTO `eshop_shop_secondmenu` (`sname`,`pid`,`create_time`) VALUES ('vdsvsvsd','1','1483430185') [ RunTime:0.0920s ]

[ 2017-01-03T16:00:17+08:00 ] ::1 /eshop/index.php/Home/Index/more_info.html
ERR: 非法操作:more_info

[ 2017-01-03T16:00:25+08:00 ] ::1 /eshop/index.php/Home/Index/goods_info.html
ERR: 非法操作:goods_info

[ 2017-01-03T16:01:43+08:00 ] ::1 /eshop/index.php/Good/shopcart.html
ERR: 非法操作:shopcart

[ 2017-01-03T16:10:34+08:00 ] ::1 /eshop/index.php/ShopCart/delCart.html
INFO: [ app_begin ] --START--
INFO: Run Behavior\ReadHtmlCacheBehavior [ RunTime:0.001042s ]
INFO: [ app_begin ] --END-- [ RunTime:0.001776s ]

[ 2017-01-03T16:11:14+08:00 ] ::1 /eshop/index.php/ShopCart/delCart.html
INFO: [ app_begin ] --START--
INFO: Run Behavior\ReadHtmlCacheBehavior [ RunTime:0.000845s ]
INFO: [ app_begin ] --END-- [ RunTime:0.001405s ]

[ 2017-01-03T16:13:56+08:00 ] ::1 /eshop/index.php/ShopCart/delCart.html
INFO: [ app_begin ] --START--
INFO: Run Behavior\ReadHtmlCacheBehavior [ RunTime:0.000809s ]
INFO: [ app_begin ] --END-- [ RunTime:0.001459s ]
SQL: SHOW COLUMNS FROM `eshop_shop_secondmenu` [ RunTime:0.0053s ]

[ 2017-01-03T16:14:07+08:00 ] ::1 /eshop/index.php/ShopCart/delCart.html
INFO: [ app_begin ] --START--
INFO: Run Behavior\ReadHtmlCacheBehavior [ RunTime:0.000943s ]
INFO: [ app_begin ] --END-- [ RunTime:0.001581s ]
SQL: SHOW COLUMNS FROM `eshop_shop_secondmenu` [ RunTime:0.0059s ]

[ 2017-01-03T16:15:23+08:00 ] ::1 /eshop/index.php/ShopCart/delCart.html
INFO: [ app_begin ] --START--
INFO: Run Behavior\ReadHtmlCacheBehavior [ RunTime:0.000949s ]
INFO: [ app_begin ] --END-- [ RunTime:0.001571s ]
SQL: SHOW COLUMNS FROM `eshop_shop_secondmenu` [ RunTime:0.0058s ]
SQL: UPDATE `eshop_shop_secondmenu` SET `is_show`='0' WHERE `id` = 14 [ RunTime:0.3313s ]

[ 2017-01-03T16:17:13+08:00 ] ::1 /eshop/index.php/ShopCart/delCart.html
INFO: [ app_begin ] --START--
INFO: Run Behavior\ReadHtmlCacheBehavior [ RunTime:0.000869s ]
INFO: [ app_begin ] --END-- [ RunTime:0.001468s ]
SQL: SHOW COLUMNS FROM `eshop_shop_secondmenu` [ RunTime:0.0074s ]
SQL: DELETE FROM `eshop_shop_secondmenu` WHERE `id` = 14 [ RunTime:0.0801s ]

[ 2017-01-03T16:17:21+08:00 ] ::1 /eshop/index.php/ShopCart/delCart.html
INFO: [ app_begin ] --START--
INFO: Run Behavior\ReadHtmlCacheBehavior [ RunTime:0.002085s ]
INFO: [ app_begin ] --END-- [ RunTime:0.002726s ]
SQL: SHOW COLUMNS FROM `eshop_shop_secondmenu` [ RunTime:0.0248s ]
SQL: DELETE FROM `eshop_shop_secondmenu` WHERE `id` = 11 [ RunTime:0.0716s ]

[ 2017-01-03T16:18:06+08:00 ] ::1 /eshop/index.php/ShopCart/delCart.html
INFO: [ app_begin ] --START--
INFO: Run Behavior\ReadHtmlCacheBehavior [ RunTime:0.000776s ]
INFO: [ app_begin ] --END-- [ RunTime:0.001306s ]
SQL: SHOW COLUMNS FROM `eshop_shop_secondmenu` [ RunTime:0.0059s ]
SQL: DELETE FROM `eshop_shop_secondmenu` WHERE `id` = 10 [ RunTime:0.0544s ]

[ 2017-01-03T19:27:15+08:00 ] ::1 /eshop/index.php/ShopCart/editCart.html
INFO: [ app_begin ] --START--
INFO: Run Behavior\ReadHtmlCacheBehavior [ RunTime:0.000933s ]
INFO: [ app_begin ] --END-- [ RunTime:0.001582s ]
INFO: [ app_end ] --START--
INFO: Run Behavior\ShowPageTraceBehavior [ RunTime:0.001018s ]
INFO: [ app_end ] --END-- [ RunTime:0.001103s ]

[ 2017-01-03T19:28:02+08:00 ] ::1 /eshop/index.php/ShopCart/editCart.html
INFO: [ app_begin ] --START--
INFO: Run Behavior\ReadHtmlCacheBehavior [ RunTime:0.001106s ]
INFO: [ app_begin ] --END-- [ RunTime:0.001803s ]
INFO: [ app_end ] --START--
INFO: Run Behavior\ShowPageTraceBehavior [ RunTime:0.000968s ]
INFO: [ app_end ] --END-- [ RunTime:0.001066s ]

[ 2017-01-03T19:28:22+08:00 ] ::1 /eshop/index.php/ShopCart/editCart.html
INFO: [ app_begin ] --START--
INFO: Run Behavior\ReadHtmlCacheBehavior [ RunTime:0.001037s ]
INFO: [ app_begin ] --END-- [ RunTime:0.001925s ]
INFO: [ app_end ] --START--
INFO: Run Behavior\ShowPageTraceBehavior [ RunTime:0.001026s ]
INFO: [ app_end ] --END-- [ RunTime:0.001121s ]

[ 2017-01-03T19:28:27+08:00 ] ::1 /eshop/index.php/ShopCart/editCart.html
INFO: [ app_begin ] --START--
INFO: Run Behavior\ReadHtmlCacheBehavior [ RunTime:0.001221s ]
INFO: [ app_begin ] --END-- [ RunTime:0.001815s ]
INFO: [ app_end ] --START--
INFO: Run Behavior\ShowPageTraceBehavior [ RunTime:0.000964s ]
INFO: [ app_end ] --END-- [ RunTime:0.001104s ]

[ 2017-01-03T19:38:30+08:00 ] ::1 /eshop/index.php/ShopCart/editCart.html
INFO: [ app_begin ] --START--
INFO: Run Behavior\ReadHtmlCacheBehavior [ RunTime:0.001364s ]
INFO: [ app_begin ] --END-- [ RunTime:0.002089s ]
INFO: [ app_end ] --START--
INFO: Run Behavior\ShowPageTraceBehavior [ RunTime:0.001530s ]
INFO: [ app_end ] --END-- [ RunTime:0.001638s ]

[ 2017-01-03T19:38:44+08:00 ] ::1 /eshop/index.php/ShopCart/editCart.html
INFO: [ app_begin ] --START--
INFO: Run Behavior\ReadHtmlCacheBehavior [ RunTime:0.001925s ]
INFO: [ app_begin ] --END-- [ RunTime:0.002729s ]
INFO: [ app_end ] --START--
INFO: Run Behavior\ShowPageTraceBehavior [ RunTime:0.001361s ]
INFO: [ app_end ] --END-- [ RunTime:0.001463s ]

[ 2017-01-03T19:39:27+08:00 ] ::1 /eshop/index.php/ShopCart/editCart.html
INFO: [ app_begin ] --START--
INFO: Run Behavior\ReadHtmlCacheBehavior [ RunTime:0.002228s ]
INFO: [ app_begin ] --END-- [ RunTime:0.003215s ]
INFO: [ app_end ] --START--
INFO: Run Behavior\ShowPageTraceBehavior [ RunTime:0.001266s ]
INFO: [ app_end ] --END-- [ RunTime:0.001395s ]

[ 2017-01-03T19:41:44+08:00 ] ::1 /eshop/index.php/ShopCart/editCart.html
INFO: [ app_begin ] --START--
INFO: Run Behavior\ReadHtmlCacheBehavior [ RunTime:0.001288s ]
INFO: [ app_begin ] --END-- [ RunTime:0.002056s ]
INFO: [ app_end ] --START--
INFO: Run Behavior\ShowPageTraceBehavior [ RunTime:0.001205s ]
INFO: [ app_end ] --END-- [ RunTime:0.001290s ]

[ 2017-01-03T19:45:49+08:00 ] ::1 /eshop/index.php/ShopCart/editCart.html
INFO: [ app_begin ] --START--
INFO: Run Behavior\ReadHtmlCacheBehavior [ RunTime:0.001017s ]
INFO: [ app_begin ] --END-- [ RunTime:0.001857s ]
INFO: [ app_end ] --START--
INFO: Run Behavior\ShowPageTraceBehavior [ RunTime:0.001252s ]
INFO: [ app_end ] --END-- [ RunTime:0.001365s ]

[ 2017-01-03T19:46:12+08:00 ] ::1 /eshop/index.php/ShopCart/editCart.html
INFO: [ app_begin ] --START--
INFO: Run Behavior\ReadHtmlCacheBehavior [ RunTime:0.001324s ]
INFO: [ app_begin ] --END-- [ RunTime:0.001944s ]
INFO: [ app_end ] --START--
INFO: Run Behavior\ShowPageTraceBehavior [ RunTime:0.001048s ]
INFO: [ app_end ] --END-- [ RunTime:0.001161s ]

[ 2017-01-03T19:46:47+08:00 ] ::1 /eshop/index.php/ShopCart/editCart.html
INFO: [ app_begin ] --START--
INFO: Run Behavior\ReadHtmlCacheBehavior [ RunTime:0.000968s ]
INFO: [ app_begin ] --END-- [ RunTime:0.001523s ]
INFO: [ app_end ] --START--
INFO: Run Behavior\ShowPageTraceBehavior [ RunTime:0.000841s ]
INFO: [ app_end ] --END-- [ RunTime:0.000942s ]

[ 2017-01-03T19:48:12+08:00 ] ::1 /eshop/index.php/ShopCart/editCart.html
INFO: [ app_begin ] --START--
INFO: Run Behavior\ReadHtmlCacheBehavior [ RunTime:0.000970s ]
INFO: [ app_begin ] --END-- [ RunTime:0.001756s ]
INFO: [ app_end ] --START--
INFO: Run Behavior\ShowPageTraceBehavior [ RunTime:0.001071s ]
INFO: [ app_end ] --END-- [ RunTime:0.001212s ]

[ 2017-01-03T19:48:23+08:00 ] ::1 /eshop/index.php/ShopCart/editCart.html
INFO: [ app_begin ] --START--
INFO: Run Behavior\ReadHtmlCacheBehavior [ RunTime:0.001110s ]
INFO: [ app_begin ] --END-- [ RunTime:0.001926s ]
INFO: [ app_end ] --START--
INFO: Run Behavior\ShowPageTraceBehavior [ RunTime:0.000959s ]
INFO: [ app_end ] --END-- [ RunTime:0.001067s ]

[ 2017-01-03T19:48:36+08:00 ] ::1 /eshop/index.php/ShopCart/editCart.html
INFO: [ app_begin ] --START--
INFO: Run Behavior\ReadHtmlCacheBehavior [ RunTime:0.001109s ]
INFO: [ app_begin ] --END-- [ RunTime:0.001977s ]
INFO: [ app_end ] --START--
INFO: Run Behavior\ShowPageTraceBehavior [ RunTime:0.001517s ]
INFO: [ app_end ] --END-- [ RunTime:0.001677s ]

[ 2017-01-03T19:48:48+08:00 ] ::1 /eshop/index.php/ShopCart/editCart.html
INFO: [ app_begin ] --START--
INFO: Run Behavior\ReadHtmlCacheBehavior [ RunTime:0.001647s ]
INFO: [ app_begin ] --END-- [ RunTime:0.002597s ]
INFO: [ app_end ] --START--
INFO: Run Behavior\ShowPageTraceBehavior [ RunTime:0.001064s ]
INFO: [ app_end ] --END-- [ RunTime:0.001203s ]

[ 2017-01-03T19:48:58+08:00 ] ::1 /eshop/index.php/ShopCart/editCart.html
INFO: [ app_begin ] --START--
INFO: Run Behavior\ReadHtmlCacheBehavior [ RunTime:0.001019s ]
INFO: [ app_begin ] --END-- [ RunTime:0.001620s ]
INFO: [ app_end ] --START--
INFO: Run Behavior\ShowPageTraceBehavior [ RunTime:0.002124s ]
INFO: [ app_end ] --END-- [ RunTime:0.002274s ]

[ 2017-01-03T19:49:09+08:00 ] ::1 /eshop/index.php/ShopCart/editCart.html
INFO: [ app_begin ] --START--
INFO: Run Behavior\ReadHtmlCacheBehavior [ RunTime:0.000812s ]
INFO: [ app_begin ] --END-- [ RunTime:0.001428s ]
INFO: [ app_end ] --START--
INFO: Run Behavior\ShowPageTraceBehavior [ RunTime:0.001369s ]
INFO: [ app_end ] --END-- [ RunTime:0.001531s ]

[ 2017-01-03T19:51:20+08:00 ] ::1 /eshop/index.php/ShopCart/editCart.html
INFO: [ app_begin ] --START--
INFO: Run Behavior\ReadHtmlCacheBehavior [ RunTime:0.000823s ]
INFO: [ app_begin ] --END-- [ RunTime:0.001472s ]
INFO: [ app_end ] --START--
INFO: Run Behavior\ShowPageTraceBehavior [ RunTime:0.001333s ]
INFO: [ app_end ] --END-- [ RunTime:0.001515s ]

[ 2017-01-03T19:59:09+08:00 ] ::1 /eshop/index.php/ShopCart/editCart.html
INFO: [ app_begin ] --START--
INFO: Run Behavior\ReadHtmlCacheBehavior [ RunTime:0.000992s ]
INFO: [ app_begin ] --END-- [ RunTime:0.001561s ]
INFO: [ app_end ] --START--
INFO: Run Behavior\ShowPageTraceBehavior [ RunTime:0.001351s ]
INFO: [ app_end ] --END-- [ RunTime:0.001511s ]

[ 2017-01-03T19:59:19+08:00 ] ::1 /eshop/index.php/ShopCart/editCart.html
INFO: [ app_begin ] --START--
INFO: Run Behavior\ReadHtmlCacheBehavior [ RunTime:0.002920s ]
INFO: [ app_begin ] --END-- [ RunTime:0.004317s ]
INFO: [ app_end ] --START--
INFO: Run Behavior\ShowPageTraceBehavior [ RunTime:0.003665s ]
INFO: [ app_end ] --END-- [ RunTime:0.003859s ]

[ 2017-01-03T20:00:39+08:00 ] ::1 /eshop/index.php/ShopCart/editCart.html
INFO: [ app_begin ] --START--
INFO: Run Behavior\ReadHtmlCacheBehavior [ RunTime:0.001376s ]
INFO: [ app_begin ] --END-- [ RunTime:0.002726s ]
INFO: [ app_end ] --START--
INFO: Run Behavior\ShowPageTraceBehavior [ RunTime:0.001485s ]
INFO: [ app_end ] --END-- [ RunTime:0.001647s ]

[ 2017-01-03T20:01:52+08:00 ] ::1 /eshop/index.php/ShopCart/editCart.html
INFO: [ app_begin ] --START--
INFO: Run Behavior\ReadHtmlCacheBehavior [ RunTime:0.000938s ]
INFO: [ app_begin ] --END-- [ RunTime:0.001613s ]
INFO: [ app_end ] --START--
INFO: Run Behavior\ShowPageTraceBehavior [ RunTime:0.001034s ]
INFO: [ app_end ] --END-- [ RunTime:0.001175s ]

[ 2017-01-03T20:05:04+08:00 ] ::1 /eshop/index.php/ShopCart/editCart.html
INFO: [ app_begin ] --START--
INFO: Run Behavior\ReadHtmlCacheBehavior [ RunTime:0.001170s ]
INFO: [ app_begin ] --END-- [ RunTime:0.002095s ]
INFO: [ app_end ] --START--
INFO: Run Behavior\ShowPageTraceBehavior [ RunTime:0.001214s ]
INFO: [ app_end ] --END-- [ RunTime:0.001377s ]

[ 2017-01-03T20:05:12+08:00 ] ::1 /eshop/index.php/ShopCart/editCart.html
INFO: [ app_begin ] --START--
INFO: Run Behavior\ReadHtmlCacheBehavior [ RunTime:0.000866s ]
INFO: [ app_begin ] --END-- [ RunTime:0.001515s ]
INFO: [ app_end ] --START--
INFO: Run Behavior\ShowPageTraceBehavior [ RunTime:0.001450s ]
INFO: [ app_end ] --END-- [ RunTime:0.001707s ]

[ 2017-01-03T20:09:35+08:00 ] ::1 /eshop/index.php/ShopCart/editCart.html
INFO: [ app_begin ] --START--
INFO: Run Behavior\ReadHtmlCacheBehavior [ RunTime:0.000998s ]
INFO: [ app_begin ] --END-- [ RunTime:0.001615s ]
INFO: [ app_end ] --START--
INFO: Run Behavior\ShowPageTraceBehavior [ RunTime:0.000886s ]
INFO: [ app_end ] --END-- [ RunTime:0.000973s ]

[ 2017-01-03T20:10:23+08:00 ] ::1 /eshop/index.php/ShopCart/editCart.html
INFO: [ app_begin ] --START--
INFO: Run Behavior\ReadHtmlCacheBehavior [ RunTime:0.000931s ]
INFO: [ app_begin ] --END-- [ RunTime:0.001668s ]
INFO: [ app_end ] --START--
INFO: Run Behavior\ShowPageTraceBehavior [ RunTime:0.001216s ]
INFO: [ app_end ] --END-- [ RunTime:0.001361s ]

[ 2017-01-03T20:10:46+08:00 ] ::1 /eshop/index.php/ShopCart/editCart.html
INFO: [ app_begin ] --START--
INFO: Run Behavior\ReadHtmlCacheBehavior [ RunTime:0.000844s ]
INFO: [ app_begin ] --END-- [ RunTime:0.001422s ]
INFO: [ app_end ] --START--
INFO: Run Behavior\ShowPageTraceBehavior [ RunTime:0.000869s ]
INFO: [ app_end ] --END-- [ RunTime:0.000949s ]

[ 2017-01-03T20:11:55+08:00 ] ::1 /eshop/index.php/ShopCart/editCart.html
INFO: [ app_begin ] --START--
INFO: Run Behavior\ReadHtmlCacheBehavior [ RunTime:0.000946s ]
INFO: [ app_begin ] --END-- [ RunTime:0.001680s ]
INFO: [ app_end ] --START--
INFO: Run Behavior\ShowPageTraceBehavior [ RunTime:0.001112s ]
INFO: [ app_end ] --END-- [ RunTime:0.001214s ]

[ 2017-01-03T20:14:13+08:00 ] ::1 /eshop/index.php/ShopCart/editCart.html
INFO: [ app_begin ] --START--
INFO: Run Behavior\ReadHtmlCacheBehavior [ RunTime:0.001106s ]
INFO: [ app_begin ] --END-- [ RunTime:0.001997s ]
INFO: [ app_end ] --START--
INFO: Run Behavior\ShowPageTraceBehavior [ RunTime:0.001163s ]
INFO: [ app_end ] --END-- [ RunTime:0.002248s ]

[ 2017-01-03T20:15:03+08:00 ] ::1 /eshop/index.php/ShopCart/delCart.html
INFO: [ app_begin ] --START--
INFO: Run Behavior\ReadHtmlCacheBehavior [ RunTime:0.000962s ]
INFO: [ app_begin ] --END-- [ RunTime:0.001693s ]
SQL: SHOW COLUMNS FROM `eshop_shop_secondmenu` [ RunTime:0.0494s ]
SQL: DELETE FROM `eshop_shop_secondmenu` WHERE `id` = 9 [ RunTime:0.0903s ]

[ 2017-01-03T20:15:30+08:00 ] ::1 /eshop/index.php/ShopCart/editCart.html
INFO: [ app_begin ] --START--
INFO: Run Behavior\ReadHtmlCacheBehavior [ RunTime:0.001044s ]
INFO: [ app_begin ] --END-- [ RunTime:0.001630s ]
INFO: [ app_end ] --START--
INFO: Run Behavior\ShowPageTraceBehavior [ RunTime:0.001225s ]
INFO: [ app_end ] --END-- [ RunTime:0.001322s ]

[ 2017-01-03T20:15:59+08:00 ] ::1 /eshop/index.php/ShopCart/editCart.html
INFO: [ app_begin ] --START--
INFO: Run Behavior\ReadHtmlCacheBehavior [ RunTime:0.000986s ]
INFO: [ app_begin ] --END-- [ RunTime:0.002060s ]
INFO: [ app_end ] --START--
INFO: Run Behavior\ShowPageTraceBehavior [ RunTime:0.001122s ]
INFO: [ app_end ] --END-- [ RunTime:0.001247s ]

[ 2017-01-03T20:18:20+08:00 ] ::1 /eshop/index.php/ShopCart/editCart.html
INFO: [ app_begin ] --START--
INFO: Run Behavior\ReadHtmlCacheBehavior [ RunTime:0.000969s ]
INFO: [ app_begin ] --END-- [ RunTime:0.001753s ]
NOTIC: [8] Use of undefined constant type - assumed 'type' D:\wampserver\wamp\www\eshop\App\Home\Controller\ShopCartController.class.php 第 160 行.
INFO: [ app_end ] --START--
INFO: Run Behavior\ShowPageTraceBehavior [ RunTime:0.001003s ]
INFO: [ app_end ] --END-- [ RunTime:0.001085s ]

[ 2017-01-03T20:23:34+08:00 ] ::1 /eshop/index.php/ShopCart/editCart.html
INFO: [ app_begin ] --START--
INFO: Run Behavior\ReadHtmlCacheBehavior [ RunTime:0.000901s ]
INFO: [ app_begin ] --END-- [ RunTime:0.001668s ]
NOTIC: [8] Use of undefined constant type - assumed 'type' D:\wampserver\wamp\www\eshop\App\Home\Controller\ShopCartController.class.php 第 160 行.
INFO: [ app_end ] --START--
INFO: Run Behavior\ShowPageTraceBehavior [ RunTime:0.000919s ]
INFO: [ app_end ] --END-- [ RunTime:0.000999s ]

[ 2017-01-03T20:43:13+08:00 ] ::1 /eshop/index.php/ShopCart/editCart.html
INFO: [ app_begin ] --START--
INFO: Run Behavior\ReadHtmlCacheBehavior [ RunTime:0.000907s ]
INFO: [ app_begin ] --END-- [ RunTime:0.001549s ]

[ 2017-01-03T20:43:19+08:00 ] ::1 /eshop/index.php/ShopCart/editCart.html
INFO: [ app_begin ] --START--
INFO: Run Behavior\ReadHtmlCacheBehavior [ RunTime:0.001278s ]
INFO: [ app_begin ] --END-- [ RunTime:0.001926s ]

[ 2017-01-03T20:43:35+08:00 ] ::1 /eshop/index.php/ShopCart/editCart.html
INFO: [ app_begin ] --START--
INFO: Run Behavior\ReadHtmlCacheBehavior [ RunTime:0.000879s ]
INFO: [ app_begin ] --END-- [ RunTime:0.001447s ]

[ 2017-01-03T20:43:54+08:00 ] ::1 /eshop/index.php/ShopCart/editCart.html
INFO: [ app_begin ] --START--
INFO: Run Behavior\ReadHtmlCacheBehavior [ RunTime:0.000934s ]
INFO: [ app_begin ] --END-- [ RunTime:0.001539s ]
SQL: SHOW COLUMNS FROM `eshop_shop_secondmenu` [ RunTime:0.0071s ]
NOTIC: [2] Invalid argument supplied for foreach() D:\wampserver\wamp\www\eshop\ThinkPHP\Library\Think\Db\Driver.class.php 第 504 行.
ERR: 1064:You have an error in your SQL syntax; check the manual that corresponds to your MySQL server version for the right syntax to use near ') AND (  intval )' at line 1
 [ SQL语句 ] : UPDATE `eshop_shop_secondmenu` SET `sname`='坚果零食11',`modify_time`='1483447434' WHERE `id` = 1 AND (  ) AND (  intval )
ERR: 1064:You have an error in your SQL syntax; check the manual that corresponds to your MySQL server version for the right syntax to use near ') AND (  intval )' at line 1
 [ SQL语句 ] : UPDATE `eshop_shop_secondmenu` SET `sname`='坚果零食11',`modify_time`='1483447434' WHERE `id` = 1 AND (  ) AND (  intval )

[ 2017-01-03T20:46:07+08:00 ] ::1 /eshop/index.php/ShopCart/editCart.html
INFO: [ app_begin ] --START--
INFO: Run Behavior\ReadHtmlCacheBehavior [ RunTime:0.000969s ]
INFO: [ app_begin ] --END-- [ RunTime:0.001664s ]
SQL: SHOW COLUMNS FROM `eshop_shop_firstmenu` [ RunTime:0.0087s ]
SQL: UPDATE `eshop_shop_firstmenu` SET `name`='蔬菜水果',`modify_time`='1483447567' WHERE `id` = 5 [ RunTime:0.0940s ]

[ 2017-01-03T20:46:24+08:00 ] ::1 /eshop/index.php/ShopCart/editCart.html
INFO: [ app_begin ] --START--
INFO: Run Behavior\ReadHtmlCacheBehavior [ RunTime:0.000816s ]
INFO: [ app_begin ] --END-- [ RunTime:0.001344s ]
SQL: SHOW COLUMNS FROM `eshop_shop_secondmenu` [ RunTime:0.0081s ]
SQL: UPDATE `eshop_shop_secondmenu` SET `sname`='红富士苹果',`modify_time`='1483447584' WHERE `id` = 13 [ RunTime:0.0673s ]

[ 2017-01-03T20:47:40+08:00 ] ::1 /eshop/index.php/ShopCart/editCart.html
INFO: [ app_begin ] --START--
INFO: Run Behavior\ReadHtmlCacheBehavior [ RunTime:0.001582s ]
INFO: [ app_begin ] --END-- [ RunTime:0.002658s ]
SQL: SHOW COLUMNS FROM `eshop_shop_secondmenu` [ RunTime:0.0610s ]
SQL: UPDATE `eshop_shop_secondmenu` SET `sname`='可乐',`modify_time`='1483447660' WHERE `id` = 8 [ RunTime:0.0496s ]

[ 2017-01-03T20:48:24+08:00 ] ::1 /eshop/index.php/ShopCart/editCart.html
INFO: [ app_begin ] --START--
INFO: Run Behavior\ReadHtmlCacheBehavior [ RunTime:0.001103s ]
INFO: [ app_begin ] --END-- [ RunTime:0.002276s ]
SQL: SHOW COLUMNS FROM `eshop_shop_secondmenu` [ RunTime:0.0055s ]
SQL: UPDATE `eshop_shop_secondmenu` SET `sname`='可乐1',`modify_time`='1483447704' WHERE `id` = 8 [ RunTime:0.0554s ]

[ 2017-01-03T20:48:29+08:00 ] ::1 /eshop/index.php/ShopCart/editCart.html
INFO: [ app_begin ] --START--
INFO: Run Behavior\ReadHtmlCacheBehavior [ RunTime:0.001189s ]
INFO: [ app_begin ] --END-- [ RunTime:0.001823s ]
SQL: SHOW COLUMNS FROM `eshop_shop_secondmenu` [ RunTime:0.0060s ]
SQL: UPDATE `eshop_shop_secondmenu` SET `sname`='可乐',`modify_time`='1483447709' WHERE `id` = 8 [ RunTime:0.0835s ]

[ 2017-01-03T20:48:48+08:00 ] ::1 /eshop/index.php/ShopCart/saveMenu.html
INFO: [ app_begin ] --START--
INFO: Run Behavior\ReadHtmlCacheBehavior [ RunTime:0.000910s ]
INFO: [ app_begin ] --END-- [ RunTime:0.001541s ]
SQL: SHOW COLUMNS FROM `eshop_shop_secondmenu` [ RunTime:0.0093s ]
SQL: INSERT INTO `eshop_shop_secondmenu` (`sname`,`pid`,`create_time`) VALUES ('啥事','5','1483447728') [ RunTime:0.1795s ]

[ 2017-01-03T20:48:56+08:00 ] ::1 /eshop/index.php/ShopCart/delCart.html
INFO: [ app_begin ] --START--
INFO: Run Behavior\ReadHtmlCacheBehavior [ RunTime:0.000950s ]
INFO: [ app_begin ] --END-- [ RunTime:0.001577s ]
SQL: SHOW COLUMNS FROM `eshop_shop_secondmenu` [ RunTime:0.0172s ]
SQL: DELETE FROM `eshop_shop_secondmenu` WHERE `id` = 15 [ RunTime:0.0796s ]

[ 2017-01-03T20:55:55+08:00 ] ::1 /eshop/index.php/ShopCart/saveMenu.html
INFO: [ app_begin ] --START--
INFO: Run Behavior\ReadHtmlCacheBehavior [ RunTime:0.001074s ]
INFO: [ app_begin ] --END-- [ RunTime:0.001784s ]
SQL: SHOW COLUMNS FROM `eshop_shop_secondmenu` [ RunTime:0.0056s ]
SQL: INSERT INTO `eshop_shop_secondmenu` (`sname`,`pid`,`create_time`) VALUES ('刹那间卡错看','5','1483448155') [ RunTime:0.0913s ]

[ 2017-01-03T20:56:00+08:00 ] ::1 /eshop/index.php/ShopCart/editCart.html
INFO: [ app_begin ] --START--
INFO: Run Behavior\ReadHtmlCacheBehavior [ RunTime:0.001429s ]
INFO: [ app_begin ] --END-- [ RunTime:0.002369s ]
SQL: SHOW COLUMNS FROM `eshop_shop_secondmenu` [ RunTime:0.0055s ]
SQL: UPDATE `eshop_shop_secondmenu` SET `sname`='刹那间',`modify_time`='1483448160' WHERE `id` = 16 [ RunTime:0.0867s ]

[ 2017-01-03T20:56:07+08:00 ] ::1 /eshop/index.php/ShopCart/delCart.html
INFO: [ app_begin ] --START--
INFO: Run Behavior\ReadHtmlCacheBehavior [ RunTime:0.000967s ]
INFO: [ app_begin ] --END-- [ RunTime:0.001555s ]
SQL: SHOW COLUMNS FROM `eshop_shop_secondmenu` [ RunTime:0.0055s ]
SQL: DELETE FROM `eshop_shop_secondmenu` WHERE `id` = 16 [ RunTime:0.0772s ]

[ 2017-01-03T21:31:52+08:00 ] ::1 /eshop/index.php/Home/Good/add.html
ERR: 1146:Table 'eshop.eshop_first_menu_model' doesn't exist
 [ SQL语句 ] : SHOW COLUMNS FROM `eshop_first_menu_model`

[ 2017-01-03T21:32:07+08:00 ] ::1 /eshop/index.php/Home/Good/add.html
ERR: 1146:Table 'eshop.eshop_first_menu_model' doesn't exist
 [ SQL语句 ] : SHOW COLUMNS FROM `eshop_first_menu_model`

[ 2017-01-03T21:32:20+08:00 ] ::1 /eshop/index.php/Home/Good/add.html
ERR: 1146:Table 'eshop.eshop_first_menu_model' doesn't exist
 [ SQL语句 ] : SHOW COLUMNS FROM `eshop_first_menu_model`

[ 2017-01-03T21:34:21+08:00 ] ::1 /eshop/index.php/Home/Good/add.html
ERR: 1146:Table 'eshop.eshop_first_menu_model' doesn't exist
 [ SQL语句 ] : SHOW COLUMNS FROM `eshop_first_menu_model`

[ 2017-01-03T21:34:23+08:00 ] ::1 /eshop/index.php/Home/Good/add.html
ERR: 1146:Table 'eshop.eshop_first_menu_model' doesn't exist
 [ SQL语句 ] : SHOW COLUMNS FROM `eshop_first_menu_model`

[ 2017-01-03T21:34:24+08:00 ] ::1 /eshop/index.php/Home/Good/add.html
ERR: 1146:Table 'eshop.eshop_first_menu_model' doesn't exist
 [ SQL语句 ] : SHOW COLUMNS FROM `eshop_first_menu_model`

[ 2017-01-03T21:34:25+08:00 ] ::1 /eshop/index.php/Home/Good/add.html
ERR: 1146:Table 'eshop.eshop_first_menu_model' doesn't exist
 [ SQL语句 ] : SHOW COLUMNS FROM `eshop_first_menu_model`

[ 2017-01-03T21:34:26+08:00 ] ::1 /eshop/index.php/Home/Good/add.html
ERR: 1146:Table 'eshop.eshop_first_menu_model' doesn't exist
 [ SQL语句 ] : SHOW COLUMNS FROM `eshop_first_menu_model`

[ 2017-01-03T21:34:28+08:00 ] ::1 /eshop/index.php/Home/Good/add.html
ERR: 1146:Table 'eshop.eshop_first_menu_model' doesn't exist
 [ SQL语句 ] : SHOW COLUMNS FROM `eshop_first_menu_model`

[ 2017-01-03T21:35:07+08:00 ] ::1 /eshop/index.php/Home/Good/add.html
ERR: 1146:Table 'eshop.eshop_first_menu_model' doesn't exist
 [ SQL语句 ] : SHOW COLUMNS FROM `eshop_first_menu_model`

[ 2017-01-03T21:35:09+08:00 ] ::1 /eshop/index.php/Home/Good/add.html
ERR: 1146:Table 'eshop.eshop_first_menu_model' doesn't exist
 [ SQL语句 ] : SHOW COLUMNS FROM `eshop_first_menu_model`

[ 2017-01-03T21:35:10+08:00 ] ::1 /eshop/index.php/Home/Good/add.html
ERR: 1146:Table 'eshop.eshop_first_menu_model' doesn't exist
 [ SQL语句 ] : SHOW COLUMNS FROM `eshop_first_menu_model`

[ 2017-01-03T21:35:48+08:00 ] ::1 /eshop/index.php/Home/Good/add.html
ERR: 1146:Table 'eshop.eshop_first_menu_model' doesn't exist
 [ SQL语句 ] : SHOW COLUMNS FROM `eshop_first_menu_model`

[ 2017-01-03T21:36:17+08:00 ] ::1 /eshop/index.php/Home/Good/add.html
ERR: 1146:Table 'eshop.eshop_first_menu_model' doesn't exist
 [ SQL语句 ] : SHOW COLUMNS FROM `eshop_first_menu_model`

[ 2017-01-03T21:36:27+08:00 ] ::1 /eshop/index.php/Home/Good/add.html
ERR: 1146:Table 'eshop.eshop_first_menu_model' doesn't exist
 [ SQL语句 ] : SHOW COLUMNS FROM `eshop_first_menu_model`

[ 2017-01-03T21:36:28+08:00 ] ::1 /eshop/index.php/Home/Good/add.html
ERR: 1146:Table 'eshop.eshop_first_menu_model' doesn't exist
 [ SQL语句 ] : SHOW COLUMNS FROM `eshop_first_menu_model`

[ 2017-01-03T21:36:29+08:00 ] ::1 /eshop/index.php/Home/Good/add.html
ERR: 1146:Table 'eshop.eshop_first_menu_model' doesn't exist
 [ SQL语句 ] : SHOW COLUMNS FROM `eshop_first_menu_model`

[ 2017-01-03T21:36:29+08:00 ] ::1 /eshop/index.php/Home/Good/add.html
ERR: 1146:Table 'eshop.eshop_first_menu_model' doesn't exist
 [ SQL语句 ] : SHOW COLUMNS FROM `eshop_first_menu_model`

[ 2017-01-03T21:37:06+08:00 ] ::1 /eshop/index.php/Home/Good/add.html
ERR: 1146:Table 'eshop.eshop_first_menu_model' doesn't exist
 [ SQL语句 ] : SHOW COLUMNS FROM `eshop_first_menu_model`

[ 2017-01-03T21:37:07+08:00 ] ::1 /eshop/index.php/Home/Good/add.html
ERR: 1146:Table 'eshop.eshop_first_menu_model' doesn't exist
 [ SQL语句 ] : SHOW COLUMNS FROM `eshop_first_menu_model`

[ 2017-01-03T21:37:26+08:00 ] ::1 /eshop/index.php/Home/Good/add.html
ERR: 1146:Table 'eshop.eshop_first_menu_model' doesn't exist
 [ SQL语句 ] : SHOW COLUMNS FROM `eshop_first_menu_model`

[ 2017-01-03T21:37:27+08:00 ] ::1 /eshop/index.php/Home/Good/add.html
ERR: 1146:Table 'eshop.eshop_first_menu_model' doesn't exist
 [ SQL语句 ] : SHOW COLUMNS FROM `eshop_first_menu_model`

[ 2017-01-03T21:37:44+08:00 ] ::1 /eshop/index.php/Home/Good/add.html
ERR: 1146:Table 'eshop.eshop_first_menu_model' doesn't exist
 [ SQL语句 ] : SHOW COLUMNS FROM `eshop_first_menu_model`

[ 2017-01-03T21:38:11+08:00 ] ::1 /eshop/index.php/Home/Good/add.html
ERR: 1146:Table 'eshop.eshop_first_menu_model' doesn't exist
 [ SQL语句 ] : SHOW COLUMNS FROM `eshop_first_menu_model`

[ 2017-01-03T21:38:52+08:00 ] ::1 /eshop/index.php/Home/Good/add.html
ERR: 1146:Table 'eshop.eshop_first_menu_model' doesn't exist
 [ SQL语句 ] : SHOW COLUMNS FROM `eshop_first_menu_model`

[ 2017-01-03T21:39:03+08:00 ] ::1 /eshop/index.php/Home/Good/add.html
ERR: 1146:Table 'eshop.eshop_first_menu_model' doesn't exist
 [ SQL语句 ] : SHOW COLUMNS FROM `eshop_first_menu_model`

