[ 2017-03-18T16:25:50+08:00 ] ::1 /eshop/index.php/Home/Index/goods_info.html
ERR: 非法操作:goods_info

[ 2017-03-18T16:43:15+08:00 ] ::1 /eshop/index.php/User/checkUserName.html
INFO: [ app_begin ] --START--
INFO: Run Behavior\ReadHtmlCacheBehavior [ RunTime:0.000977s ]
INFO: [ app_begin ] --END-- [ RunTime:0.001609s ]
SQL: SHOW COLUMNS FROM `eshop_user` [ RunTime:0.0064s ]
SQL: SELECT `id` FROM `eshop_user` WHERE `name` = 'uesr12' LIMIT 1   [ RunTime:0.0003s ]
INFO: [ app_end ] --START--
INFO: Run Behavior\ShowPageTraceBehavior [ RunTime:0.001532s ]
INFO: [ app_end ] --END-- [ RunTime:0.001661s ]

[ 2017-03-18T16:43:39+08:00 ] ::1 /eshop/index.php/User/checkUserEmail.html
INFO: [ app_begin ] --START--
INFO: Run Behavior\ReadHtmlCacheBehavior [ RunTime:0.000951s ]
INFO: [ app_begin ] --END-- [ RunTime:0.001557s ]
SQL: SHOW COLUMNS FROM `eshop_user` [ RunTime:0.0055s ]
SQL: SELECT `email` FROM `eshop_user` WHERE `email` = '1411387108@qq.con' LIMIT 1   [ RunTime:0.0004s ]
INFO: [ app_end ] --START--
INFO: Run Behavior\ShowPageTraceBehavior [ RunTime:0.002179s ]
INFO: [ app_end ] --END-- [ RunTime:0.002402s ]

[ 2017-03-18T16:43:47+08:00 ] ::1 /eshop/index.php/User/checkVerify.html
INFO: [ app_begin ] --START--
INFO: Run Behavior\ReadHtmlCacheBehavior [ RunTime:0.001120s ]
INFO: [ app_begin ] --END-- [ RunTime:0.001785s ]
INFO: [ app_end ] --START--
INFO: Run Behavior\ShowPageTraceBehavior [ RunTime:0.001024s ]
INFO: [ app_end ] --END-- [ RunTime:0.001190s ]

[ 2017-03-18T16:43:55+08:00 ] ::1 /eshop/index.php/User/doRegist.html
INFO: [ app_begin ] --START--
INFO: Run Behavior\ReadHtmlCacheBehavior [ RunTime:0.001025s ]
INFO: [ app_begin ] --END-- [ RunTime:0.001755s ]
SQL: SHOW COLUMNS FROM `eshop_user` [ RunTime:0.0047s ]
SQL: SHOW COLUMNS FROM `eshop_user` [ RunTime:0.0075s ]
NOTIC: [8] Undefined index: validate D:\wampserver\wamp\www\eshop\ThinkPHP\Library\Think\Model.class.php 第 1185 行.
NOTIC: [8] Undefined index: auto D:\wampserver\wamp\www\eshop\ThinkPHP\Library\Think\Model.class.php 第 1128 行.
SQL: INSERT INTO `eshop_user` (`name`,`password`,`email`,`regist_time`) VALUES ('uesr12','d781eaae8248db6ce1a7b82e58e60435','1411387108@qq.con','1489826635') [ RunTime:0.0988s ]

[ 2017-03-18T16:44:14+08:00 ] ::1 /eshop/index.php/User/checkVerify.html
INFO: [ app_begin ] --START--
INFO: Run Behavior\ReadHtmlCacheBehavior [ RunTime:0.000832s ]
INFO: [ app_begin ] --END-- [ RunTime:0.001448s ]
INFO: [ app_end ] --START--
INFO: Run Behavior\ShowPageTraceBehavior [ RunTime:0.000927s ]
INFO: [ app_end ] --END-- [ RunTime:0.001004s ]

[ 2017-03-18T16:44:14+08:00 ] ::1 /eshop/index.php/User/doLogin.html
INFO: [ app_begin ] --START--
INFO: Run Behavior\ReadHtmlCacheBehavior [ RunTime:0.000978s ]
INFO: [ app_begin ] --END-- [ RunTime:0.001646s ]
SQL: SHOW COLUMNS FROM `eshop_user` [ RunTime:0.0575s ]
SQL: SELECT * FROM `eshop_user` WHERE `name` = 'user12' LIMIT 1   [ RunTime:0.0004s ]
NOTIC: [2] fopen(D:\wampserver\wamp\www\eshop\ThinkPHP\Library\Org\Net/UTFWry.dat): failed to open stream: No such file or directory D:\wampserver\wamp\www\eshop\ThinkPHP\Library\Org\Net\IpLocation.class.php 第 54 行.
SQL: SHOW COLUMNS FROM `eshop_user_log` [ RunTime:0.0055s ]
NOTIC: [8] Undefined index: validate D:\wampserver\wamp\www\eshop\ThinkPHP\Library\Think\Model.class.php 第 1185 行.
NOTIC: [8] Undefined index: auto D:\wampserver\wamp\www\eshop\ThinkPHP\Library\Think\Model.class.php 第 1128 行.
ERR: 1048:Column 'userId' cannot be null
 [ SQL语句 ] : INSERT INTO `eshop_user_log` (`userId`,`action`,`ip`,`location`,`time`) VALUES (NULL,'登录','0.0.0.0',NULL,'1489826654')
ERR: 1048:Column 'userId' cannot be null
 [ SQL语句 ] : INSERT INTO `eshop_user_log` (`userId`,`action`,`ip`,`location`,`time`) VALUES (NULL,'登录','0.0.0.0',NULL,'1489826654')

[ 2017-03-18T16:44:22+08:00 ] ::1 /eshop/index.php/User/doLogin.html
INFO: [ app_begin ] --START--
INFO: Run Behavior\ReadHtmlCacheBehavior [ RunTime:0.000948s ]
INFO: [ app_begin ] --END-- [ RunTime:0.001596s ]
SQL: SHOW COLUMNS FROM `eshop_user` [ RunTime:0.1024s ]
SQL: SELECT * FROM `eshop_user` WHERE `name` = 'user12' LIMIT 1   [ RunTime:0.0004s ]
NOTIC: [2] fopen(D:\wampserver\wamp\www\eshop\ThinkPHP\Library\Org\Net/UTFWry.dat): failed to open stream: No such file or directory D:\wampserver\wamp\www\eshop\ThinkPHP\Library\Org\Net\IpLocation.class.php 第 54 行.
SQL: SHOW COLUMNS FROM `eshop_user_log` [ RunTime:0.0095s ]
NOTIC: [8] Undefined index: validate D:\wampserver\wamp\www\eshop\ThinkPHP\Library\Think\Model.class.php 第 1185 行.
NOTIC: [8] Undefined index: auto D:\wampserver\wamp\www\eshop\ThinkPHP\Library\Think\Model.class.php 第 1128 行.
ERR: 1048:Column 'userId' cannot be null
 [ SQL语句 ] : INSERT INTO `eshop_user_log` (`userId`,`action`,`ip`,`location`,`time`) VALUES (NULL,'登录','0.0.0.0',NULL,'1489826662')
ERR: 1048:Column 'userId' cannot be null
 [ SQL语句 ] : INSERT INTO `eshop_user_log` (`userId`,`action`,`ip`,`location`,`time`) VALUES (NULL,'登录','0.0.0.0',NULL,'1489826662')

[ 2017-03-18T16:45:09+08:00 ] ::1 /eshop/index.php/User/checkVerify.html
INFO: [ app_begin ] --START--
INFO: Run Behavior\ReadHtmlCacheBehavior [ RunTime:0.002879s ]
INFO: [ app_begin ] --END-- [ RunTime:0.004575s ]
INFO: [ app_end ] --START--
INFO: Run Behavior\ShowPageTraceBehavior [ RunTime:0.002499s ]
INFO: [ app_end ] --END-- [ RunTime:0.002607s ]

[ 2017-03-18T16:45:09+08:00 ] ::1 /eshop/index.php/User/doLogin.html
INFO: [ app_begin ] --START--
INFO: Run Behavior\ReadHtmlCacheBehavior [ RunTime:0.000932s ]
INFO: [ app_begin ] --END-- [ RunTime:0.001460s ]
SQL: SHOW COLUMNS FROM `eshop_user` [ RunTime:0.0063s ]
SQL: SELECT * FROM `eshop_user` WHERE `name` = 'user12' LIMIT 1   [ RunTime:0.0004s ]
NOTIC: [2] fopen(D:\wampserver\wamp\www\eshop\ThinkPHP\Library\Org\Net/UTFWry.dat): failed to open stream: No such file or directory D:\wampserver\wamp\www\eshop\ThinkPHP\Library\Org\Net\IpLocation.class.php 第 54 行.
SQL: SHOW COLUMNS FROM `eshop_user_log` [ RunTime:0.0137s ]
NOTIC: [8] Undefined index: validate D:\wampserver\wamp\www\eshop\ThinkPHP\Library\Think\Model.class.php 第 1185 行.
NOTIC: [8] Undefined index: auto D:\wampserver\wamp\www\eshop\ThinkPHP\Library\Think\Model.class.php 第 1128 行.
ERR: 1048:Column 'userId' cannot be null
 [ SQL语句 ] : INSERT INTO `eshop_user_log` (`userId`,`action`,`ip`,`location`,`time`) VALUES (NULL,'登录','0.0.0.0',NULL,'1489826709')
ERR: 1048:Column 'userId' cannot be null
 [ SQL语句 ] : INSERT INTO `eshop_user_log` (`userId`,`action`,`ip`,`location`,`time`) VALUES (NULL,'登录','0.0.0.0',NULL,'1489826709')

[ 2017-03-18T16:45:21+08:00 ] ::1 /eshop/index.php/User/doLogin.html
INFO: [ app_begin ] --START--
INFO: Run Behavior\ReadHtmlCacheBehavior [ RunTime:0.001654s ]
INFO: [ app_begin ] --END-- [ RunTime:0.002600s ]
SQL: SHOW COLUMNS FROM `eshop_user` [ RunTime:0.0236s ]
SQL: SELECT * FROM `eshop_user` WHERE `name` = 'user12' LIMIT 1   [ RunTime:0.0004s ]
NOTIC: [2] fopen(D:\wampserver\wamp\www\eshop\ThinkPHP\Library\Org\Net/UTFWry.dat): failed to open stream: No such file or directory D:\wampserver\wamp\www\eshop\ThinkPHP\Library\Org\Net\IpLocation.class.php 第 54 行.
SQL: SHOW COLUMNS FROM `eshop_user_log` [ RunTime:0.0069s ]
NOTIC: [8] Undefined index: validate D:\wampserver\wamp\www\eshop\ThinkPHP\Library\Think\Model.class.php 第 1185 行.
NOTIC: [8] Undefined index: auto D:\wampserver\wamp\www\eshop\ThinkPHP\Library\Think\Model.class.php 第 1128 行.
ERR: 1048:Column 'userId' cannot be null
 [ SQL语句 ] : INSERT INTO `eshop_user_log` (`userId`,`action`,`ip`,`location`,`time`) VALUES (NULL,'登录','0.0.0.0',NULL,'1489826721')
ERR: 1048:Column 'userId' cannot be null
 [ SQL语句 ] : INSERT INTO `eshop_user_log` (`userId`,`action`,`ip`,`location`,`time`) VALUES (NULL,'登录','0.0.0.0',NULL,'1489826721')

[ 2017-03-18T16:45:34+08:00 ] ::1 /eshop/index.php/User/doLogin.html
INFO: [ app_begin ] --START--
INFO: Run Behavior\ReadHtmlCacheBehavior [ RunTime:0.001507s ]
INFO: [ app_begin ] --END-- [ RunTime:0.002578s ]
SQL: SHOW COLUMNS FROM `eshop_user` [ RunTime:0.0085s ]
SQL: SELECT * FROM `eshop_user` WHERE `name` = 'user12' LIMIT 1   [ RunTime:0.0006s ]
NOTIC: [2] fopen(D:\wampserver\wamp\www\eshop\ThinkPHP\Library\Org\Net/UTFWry.dat): failed to open stream: No such file or directory D:\wampserver\wamp\www\eshop\ThinkPHP\Library\Org\Net\IpLocation.class.php 第 54 行.
SQL: SHOW COLUMNS FROM `eshop_user_log` [ RunTime:0.0062s ]
NOTIC: [8] Undefined index: validate D:\wampserver\wamp\www\eshop\ThinkPHP\Library\Think\Model.class.php 第 1185 行.
NOTIC: [8] Undefined index: auto D:\wampserver\wamp\www\eshop\ThinkPHP\Library\Think\Model.class.php 第 1128 行.
ERR: 1048:Column 'userId' cannot be null
 [ SQL语句 ] : INSERT INTO `eshop_user_log` (`userId`,`action`,`ip`,`location`,`time`) VALUES (NULL,'登录','0.0.0.0',NULL,'1489826734')
ERR: 1048:Column 'userId' cannot be null
 [ SQL语句 ] : INSERT INTO `eshop_user_log` (`userId`,`action`,`ip`,`location`,`time`) VALUES (NULL,'登录','0.0.0.0',NULL,'1489826734')

[ 2017-03-18T16:50:41+08:00 ] ::1 /eshop/index.php/User/doLogin.html
INFO: [ app_begin ] --START--
INFO: Run Behavior\ReadHtmlCacheBehavior [ RunTime:0.001449s ]
INFO: [ app_begin ] --END-- [ RunTime:0.002344s ]

[ 2017-03-18T16:53:43+08:00 ] ::1 /eshop/index.php/User/doLogin.html
INFO: [ app_begin ] --START--
INFO: Run Behavior\ReadHtmlCacheBehavior [ RunTime:0.001310s ]
INFO: [ app_begin ] --END-- [ RunTime:0.001998s ]
SQL: SHOW COLUMNS FROM `eshop_user` [ RunTime:0.1295s ]
SQL: SELECT * FROM `eshop_user` WHERE `name` = 'user12' LIMIT 1   [ RunTime:0.0004s ]

[ 2017-03-18T16:54:14+08:00 ] ::1 /eshop/index.php/User/doLogin.html
INFO: [ app_begin ] --START--
INFO: Run Behavior\ReadHtmlCacheBehavior [ RunTime:0.001432s ]
INFO: [ app_begin ] --END-- [ RunTime:0.002417s ]
SQL: SHOW COLUMNS FROM `eshop_user` [ RunTime:0.0376s ]
SQL: SELECT * FROM `eshop_user` WHERE `name` = 'user12' LIMIT 1   [ RunTime:0.0004s ]

[ 2017-03-18T16:55:28+08:00 ] ::1 /eshop/index.php/User/doLogin.html
INFO: [ app_begin ] --START--
INFO: Run Behavior\ReadHtmlCacheBehavior [ RunTime:0.001907s ]
INFO: [ app_begin ] --END-- [ RunTime:0.002857s ]
SQL: SHOW COLUMNS FROM `eshop_user` [ RunTime:0.0322s ]
SQL: SELECT * FROM `eshop_user` WHERE `name` = 'user12' LIMIT 1   [ RunTime:0.0012s ]

[ 2017-03-18T16:59:31+08:00 ] ::1 /eshop/index.php/User/doLogin.html
INFO: [ app_begin ] --START--
INFO: Run Behavior\ReadHtmlCacheBehavior [ RunTime:0.001055s ]
INFO: [ app_begin ] --END-- [ RunTime:0.001717s ]
SQL: SHOW COLUMNS FROM `eshop_user` [ RunTime:0.0333s ]
SQL: SELECT * FROM `eshop_user` WHERE `name` = 'user12' LIMIT 1   [ RunTime:0.0013s ]

[ 2017-03-18T17:02:07+08:00 ] ::1 /eshop/index.php/User/checkVerify.html
INFO: [ app_begin ] --START--
INFO: Run Behavior\ReadHtmlCacheBehavior [ RunTime:0.001410s ]
INFO: [ app_begin ] --END-- [ RunTime:0.002355s ]
INFO: [ app_end ] --START--
INFO: Run Behavior\ShowPageTraceBehavior [ RunTime:0.001275s ]
INFO: [ app_end ] --END-- [ RunTime:0.001499s ]

[ 2017-03-18T17:02:08+08:00 ] ::1 /eshop/index.php/User/doLogin.html
INFO: [ app_begin ] --START--
INFO: Run Behavior\ReadHtmlCacheBehavior [ RunTime:0.000973s ]
INFO: [ app_begin ] --END-- [ RunTime:0.001786s ]
SQL: SHOW COLUMNS FROM `eshop_user` [ RunTime:0.0760s ]
SQL: SELECT * FROM `eshop_user` WHERE `name` = 'uesr12' LIMIT 1   [ RunTime:0.0005s ]
NOTIC: [2] fopen(D:\wampserver\wamp\www\eshop\ThinkPHP\Library\Org\Net/UTFWry.dat): failed to open stream: No such file or directory D:\wampserver\wamp\www\eshop\ThinkPHP\Library\Org\Net\IpLocation.class.php 第 54 行.
SQL: SHOW COLUMNS FROM `eshop_user_log` [ RunTime:0.0074s ]
NOTIC: [8] Undefined index: validate D:\wampserver\wamp\www\eshop\ThinkPHP\Library\Think\Model.class.php 第 1185 行.
NOTIC: [8] Undefined index: auto D:\wampserver\wamp\www\eshop\ThinkPHP\Library\Think\Model.class.php 第 1128 行.
SQL: INSERT INTO `eshop_user_log` (`userId`,`action`,`ip`,`location`,`time`) VALUES ('19','登录','0.0.0.0',NULL,'1489827728') [ RunTime:0.0864s ]

[ 2017-03-18T17:05:34+08:00 ] ::1 /eshop/index.php/User/checkVerify.html
INFO: [ app_begin ] --START--
INFO: Run Behavior\ReadHtmlCacheBehavior [ RunTime:0.002662s ]
INFO: [ app_begin ] --END-- [ RunTime:0.003706s ]
INFO: [ app_end ] --START--
INFO: Run Behavior\ShowPageTraceBehavior [ RunTime:0.000947s ]
INFO: [ app_end ] --END-- [ RunTime:0.001049s ]

[ 2017-03-18T17:05:35+08:00 ] ::1 /eshop/index.php/User/doLogin.html
INFO: [ app_begin ] --START--
INFO: Run Behavior\ReadHtmlCacheBehavior [ RunTime:0.000876s ]
INFO: [ app_begin ] --END-- [ RunTime:0.001383s ]
SQL: SHOW COLUMNS FROM `eshop_user` [ RunTime:0.0699s ]
SQL: SELECT * FROM `eshop_user` WHERE `name` = 'uesr12' LIMIT 1   [ RunTime:0.0012s ]

[ 2017-03-18T17:05:49+08:00 ] ::1 /eshop/index.php/User/checkVerify.html
INFO: [ app_begin ] --START--
INFO: Run Behavior\ReadHtmlCacheBehavior [ RunTime:0.002080s ]
INFO: [ app_begin ] --END-- [ RunTime:0.003090s ]
INFO: [ app_end ] --START--
INFO: Run Behavior\ShowPageTraceBehavior [ RunTime:0.000976s ]
INFO: [ app_end ] --END-- [ RunTime:0.001122s ]

[ 2017-03-18T17:05:50+08:00 ] ::1 /eshop/index.php/User/doLogin.html
INFO: [ app_begin ] --START--
INFO: Run Behavior\ReadHtmlCacheBehavior [ RunTime:0.000887s ]
INFO: [ app_begin ] --END-- [ RunTime:0.001483s ]
SQL: SHOW COLUMNS FROM `eshop_user` [ RunTime:0.0068s ]
SQL: SELECT * FROM `eshop_user` WHERE `name` = 'uesr12' LIMIT 1   [ RunTime:0.0004s ]
NOTIC: [2] fopen(D:\wampserver\wamp\www\eshop\ThinkPHP\Library\Org\Net/UTFWry.dat): failed to open stream: No such file or directory D:\wampserver\wamp\www\eshop\ThinkPHP\Library\Org\Net\IpLocation.class.php 第 54 行.
SQL: SHOW COLUMNS FROM `eshop_user_log` [ RunTime:0.0065s ]
NOTIC: [8] Undefined index: validate D:\wampserver\wamp\www\eshop\ThinkPHP\Library\Think\Model.class.php 第 1185 行.
NOTIC: [8] Undefined index: auto D:\wampserver\wamp\www\eshop\ThinkPHP\Library\Think\Model.class.php 第 1128 行.
SQL: INSERT INTO `eshop_user_log` (`userId`,`action`,`ip`,`location`,`time`) VALUES ('19','登录','0.0.0.0',NULL,'1489827949') [ RunTime:0.0598s ]

[ 2017-03-18T17:12:19+08:00 ] ::1 /eshop/index.php/Home/UserCenter/ucenter_account.html
ERR: 非法操作:ucenter_account

[ 2017-03-18T17:15:14+08:00 ] ::1 /eshop/index.php/Shoper/checkVerify.html
INFO: [ app_begin ] --START--
INFO: Run Behavior\ReadHtmlCacheBehavior [ RunTime:0.001154s ]
INFO: [ app_begin ] --END-- [ RunTime:0.002058s ]
INFO: [ app_end ] --START--
INFO: Run Behavior\ShowPageTraceBehavior [ RunTime:0.001391s ]
INFO: [ app_end ] --END-- [ RunTime:0.001546s ]

[ 2017-03-18T17:15:14+08:00 ] ::1 /eshop/index.php/Shoper/doLogin.html
INFO: [ app_begin ] --START--
INFO: Run Behavior\ReadHtmlCacheBehavior [ RunTime:0.000867s ]
INFO: [ app_begin ] --END-- [ RunTime:0.001366s ]
SQL: SHOW COLUMNS FROM `eshop_shoper` [ RunTime:0.0712s ]
SQL: SELECT * FROM `eshop_shoper` WHERE `name` = 'shoper3' LIMIT 1   [ RunTime:0.0006s ]
NOTIC: [2] fopen(D:\wampserver\wamp\www\eshop\ThinkPHP\Library\Org\Net/UTFWry.dat): failed to open stream: No such file or directory D:\wampserver\wamp\www\eshop\ThinkPHP\Library\Org\Net\IpLocation.class.php 第 54 行.
SQL: SHOW COLUMNS FROM `eshop_shoper_log` [ RunTime:0.0059s ]
NOTIC: [8] Undefined index: validate D:\wampserver\wamp\www\eshop\ThinkPHP\Library\Think\Model.class.php 第 1185 行.
NOTIC: [8] Undefined index: auto D:\wampserver\wamp\www\eshop\ThinkPHP\Library\Think\Model.class.php 第 1128 行.
SQL: INSERT INTO `eshop_shoper_log` (`shoperId`,`action`,`ip`,`location`,`time`) VALUES ('13','登录','0.0.0.0',NULL,'1489828514') [ RunTime:0.0831s ]

[ 2017-03-18T17:20:37+08:00 ] ::1 /eshop/index.php/User/checkVerify.html
INFO: [ app_begin ] --START--
INFO: Run Behavior\ReadHtmlCacheBehavior [ RunTime:0.000928s ]
INFO: [ app_begin ] --END-- [ RunTime:0.001521s ]
INFO: [ app_end ] --START--
INFO: Run Behavior\ShowPageTraceBehavior [ RunTime:0.001002s ]
INFO: [ app_end ] --END-- [ RunTime:0.001088s ]

[ 2017-03-18T17:20:37+08:00 ] ::1 /eshop/index.php/User/doLogin.html
INFO: [ app_begin ] --START--
INFO: Run Behavior\ReadHtmlCacheBehavior [ RunTime:0.000876s ]
INFO: [ app_begin ] --END-- [ RunTime:0.001441s ]
SQL: SHOW COLUMNS FROM `eshop_user` [ RunTime:0.0307s ]
SQL: SELECT * FROM `eshop_user` WHERE `name` = 'uesr12' LIMIT 1   [ RunTime:0.0004s ]
NOTIC: [2] fopen(D:\wampserver\wamp\www\eshop\ThinkPHP\Library\Org\Net/UTFWry.dat): failed to open stream: No such file or directory D:\wampserver\wamp\www\eshop\ThinkPHP\Library\Org\Net\IpLocation.class.php 第 54 行.
SQL: SHOW COLUMNS FROM `eshop_user_log` [ RunTime:0.0078s ]
NOTIC: [8] Undefined index: validate D:\wampserver\wamp\www\eshop\ThinkPHP\Library\Think\Model.class.php 第 1185 行.
NOTIC: [8] Undefined index: auto D:\wampserver\wamp\www\eshop\ThinkPHP\Library\Think\Model.class.php 第 1128 行.
SQL: INSERT INTO `eshop_user_log` (`userId`,`action`,`ip`,`location`,`time`) VALUES ('19','登录','0.0.0.0',NULL,'1489828837') [ RunTime:0.0564s ]

[ 2017-03-18T17:21:57+08:00 ] ::1 /eshop/index.php/User/doLogin.html
INFO: [ app_begin ] --START--
INFO: Run Behavior\ReadHtmlCacheBehavior [ RunTime:0.000925s ]
INFO: [ app_begin ] --END-- [ RunTime:0.001548s ]
SQL: SHOW COLUMNS FROM `eshop_user` [ RunTime:0.0437s ]
SQL: SELECT * FROM `eshop_user` WHERE `name` = 'uesr12' LIMIT 1   [ RunTime:0.0004s ]
NOTIC: [2] fopen(D:\wampserver\wamp\www\eshop\ThinkPHP\Library\Org\Net/UTFWry.dat): failed to open stream: No such file or directory D:\wampserver\wamp\www\eshop\ThinkPHP\Library\Org\Net\IpLocation.class.php 第 54 行.

[ 2017-03-18T17:22:43+08:00 ] ::1 /eshop/index.php/User/doLogin.html
INFO: [ app_begin ] --START--
INFO: Run Behavior\ReadHtmlCacheBehavior [ RunTime:0.001242s ]
INFO: [ app_begin ] --END-- [ RunTime:0.002088s ]
SQL: SHOW COLUMNS FROM `eshop_user` [ RunTime:0.0217s ]
SQL: SELECT * FROM `eshop_user` WHERE `name` = 'uesr12' LIMIT 1   [ RunTime:0.0004s ]
NOTIC: [2] fopen(D:\wampserver\wamp\www\eshop\ThinkPHP\Library\Org\Net/UTFWry.dat): failed to open stream: No such file or directory D:\wampserver\wamp\www\eshop\ThinkPHP\Library\Org\Net\IpLocation.class.php 第 54 行.
SQL: SHOW COLUMNS FROM `eshop_user_log` [ RunTime:0.0070s ]
NOTIC: [8] Undefined index: validate D:\wampserver\wamp\www\eshop\ThinkPHP\Library\Think\Model.class.php 第 1185 行.
NOTIC: [8] Undefined index: auto D:\wampserver\wamp\www\eshop\ThinkPHP\Library\Think\Model.class.php 第 1128 行.
NOTIC: [8] Undefined index: validate D:\wampserver\wamp\www\eshop\ThinkPHP\Library\Think\Model.class.php 第 1185 行.
NOTIC: [8] Undefined index: auto D:\wampserver\wamp\www\eshop\ThinkPHP\Library\Think\Model.class.php 第 1128 行.

[ 2017-03-18T22:14:49+08:00 ] ::1 /eshop/index.php/User/doLogin.html
INFO: [ app_begin ] --START--
INFO: Run Behavior\ReadHtmlCacheBehavior [ RunTime:0.010327s ]
INFO: [ app_begin ] --END-- [ RunTime:0.011175s ]
SQL: SHOW COLUMNS FROM `eshop_user` [ RunTime:0.0059s ]
SQL: SELECT * FROM `eshop_user` WHERE `name` = 'uesr12' LIMIT 1   [ RunTime:0.0008s ]
NOTIC: [2] fopen(D:\wampserver\wamp\www\eshop\ThinkPHP\Library\Org\Net/UTFWry.dat): failed to open stream: No such file or directory D:\wampserver\wamp\www\eshop\ThinkPHP\Library\Org\Net\IpLocation.class.php 第 54 行.
SQL: SHOW COLUMNS FROM `eshop_user_log` [ RunTime:0.0062s ]
NOTIC: [8] Undefined index: validate D:\wampserver\wamp\www\eshop\ThinkPHP\Library\Think\Model.class.php 第 1185 行.
NOTIC: [8] Undefined index: auto D:\wampserver\wamp\www\eshop\ThinkPHP\Library\Think\Model.class.php 第 1128 行.
NOTIC: [8] Undefined index: validate D:\wampserver\wamp\www\eshop\ThinkPHP\Library\Think\Model.class.php 第 1185 行.
NOTIC: [8] Undefined index: auto D:\wampserver\wamp\www\eshop\ThinkPHP\Library\Think\Model.class.php 第 1128 行.

[ 2017-03-18T22:18:12+08:00 ] ::1 /eshop/index.php/User/doLogin.html
INFO: [ app_begin ] --START--
INFO: Run Behavior\ReadHtmlCacheBehavior [ RunTime:0.001639s ]
INFO: [ app_begin ] --END-- [ RunTime:0.002445s ]
SQL: SHOW COLUMNS FROM `eshop_user` [ RunTime:0.0848s ]
SQL: SELECT * FROM `eshop_user` WHERE `name` = 'uesr12' LIMIT 1   [ RunTime:0.0004s ]
NOTIC: [2] fopen(D:\wampserver\wamp\www\eshop\ThinkPHP\Library\Org\Net/UTFWry.dat): failed to open stream: No such file or directory D:\wampserver\wamp\www\eshop\ThinkPHP\Library\Org\Net\IpLocation.class.php 第 54 行.
SQL: SHOW COLUMNS FROM `eshop_user_log` [ RunTime:0.0054s ]
ERR: Think\Model:date方法不存在！

[ 2017-03-18T22:18:29+08:00 ] ::1 /eshop/index.php/User/doLogin.html
INFO: [ app_begin ] --START--
INFO: Run Behavior\ReadHtmlCacheBehavior [ RunTime:0.000910s ]
INFO: [ app_begin ] --END-- [ RunTime:0.001550s ]
SQL: SHOW COLUMNS FROM `eshop_user` [ RunTime:0.0925s ]
SQL: SELECT * FROM `eshop_user` WHERE `name` = 'uesr12' LIMIT 1   [ RunTime:0.0009s ]
NOTIC: [2] fopen(D:\wampserver\wamp\www\eshop\ThinkPHP\Library\Org\Net/UTFWry.dat): failed to open stream: No such file or directory D:\wampserver\wamp\www\eshop\ThinkPHP\Library\Org\Net\IpLocation.class.php 第 54 行.
SQL: SHOW COLUMNS FROM `eshop_user_log` [ RunTime:0.0181s ]
SQL: INSERT INTO `eshop_user_log` (`userId`,`action`,`ip`,`location`,`time`) VALUES ('19','登录','0.0.0.0',NULL,'1489846709') [ RunTime:0.0404s ]
ERR: Think\Model:date方法不存在！

[ 2017-03-18T22:18:45+08:00 ] ::1 /eshop/index.php/User/doLogin.html
INFO: [ app_begin ] --START--
INFO: Run Behavior\ReadHtmlCacheBehavior [ RunTime:0.000894s ]
INFO: [ app_begin ] --END-- [ RunTime:0.001496s ]
SQL: SHOW COLUMNS FROM `eshop_user` [ RunTime:0.0587s ]
SQL: SELECT * FROM `eshop_user` WHERE `name` = 'uesr12' LIMIT 1   [ RunTime:0.0004s ]
NOTIC: [2] fopen(D:\wampserver\wamp\www\eshop\ThinkPHP\Library\Org\Net/UTFWry.dat): failed to open stream: No such file or directory D:\wampserver\wamp\www\eshop\ThinkPHP\Library\Org\Net\IpLocation.class.php 第 54 行.
SQL: SHOW COLUMNS FROM `eshop_user_log` [ RunTime:0.0062s ]
SQL: INSERT INTO `eshop_user_log` (`userId`,`action`,`ip`,`location`,`time`) VALUES ('19','登录','0.0.0.0',NULL,'1489846725') [ RunTime:0.0602s ]
SQL: INSERT INTO `eshop_user_log` (`userId`,`action`,`ip`,`location`,`time`) VALUES ('19','登录','0.0.0.0',NULL,'1489846725') [ RunTime:0.0329s ]

[ 2017-03-18T22:20:47+08:00 ] ::1 /eshop/index.php/User/checkVerify.html
INFO: [ app_begin ] --START--
INFO: Run Behavior\ReadHtmlCacheBehavior [ RunTime:0.000915s ]
INFO: [ app_begin ] --END-- [ RunTime:0.001496s ]
INFO: [ app_end ] --START--
INFO: Run Behavior\ShowPageTraceBehavior [ RunTime:0.000890s ]
INFO: [ app_end ] --END-- [ RunTime:0.000973s ]

[ 2017-03-18T22:20:47+08:00 ] ::1 /eshop/index.php/User/doLogin.html
INFO: [ app_begin ] --START--
INFO: Run Behavior\ReadHtmlCacheBehavior [ RunTime:0.000924s ]
INFO: [ app_begin ] --END-- [ RunTime:0.001578s ]
SQL: SHOW COLUMNS FROM `eshop_user` [ RunTime:0.1050s ]
SQL: SELECT * FROM `eshop_user` WHERE `name` = 'uesr12' LIMIT 1   [ RunTime:0.0004s ]
NOTIC: [2] fopen(D:\wampserver\wamp\www\eshop\ThinkPHP\Library\Org\Net/UTFWry.dat): failed to open stream: No such file or directory D:\wampserver\wamp\www\eshop\ThinkPHP\Library\Org\Net\IpLocation.class.php 第 54 行.
SQL: SHOW COLUMNS FROM `eshop_user_log` [ RunTime:0.0079s ]
SQL: INSERT INTO `eshop_user_log` (`userId`,`action`,`ip`,`location`,`time`) VALUES ('19','登录','0.0.0.0',NULL,'1489846847') [ RunTime:0.0860s ]

[ 2017-03-18T22:23:33+08:00 ] ::1 /eshop/index.php/UserCenter/ucenter_orders.html
ERR: 非法操作:ucenter_orders

[ 2017-03-18T22:24:51+08:00 ] ::1 /eshop/index.php/UserCenter/addressAdd.html
INFO: [ app_begin ] --START--
INFO: Run Behavior\ReadHtmlCacheBehavior [ RunTime:0.001108s ]
INFO: [ app_begin ] --END-- [ RunTime:0.001892s ]
SQL: SHOW COLUMNS FROM `eshop_user_address` [ RunTime:0.0833s ]
SQL: SHOW COLUMNS FROM `eshop_user_address` [ RunTime:0.0063s ]
SQL: SELECT COUNT(*) AS tp_count FROM `eshop_user_address` WHERE `userId` = 19 AND `is_show` = 1 LIMIT 1   [ RunTime:0.0004s ]
SQL: UPDATE `eshop_user_address` SET `is_first`='0',`modifytime`='1489847091' WHERE `userId` = 19 AND `is_first` = 1 [ RunTime:0.0004s ]
NOTIC: [8] Undefined index: validate D:\wampserver\wamp\www\eshop\ThinkPHP\Library\Think\Model.class.php 第 1185 行.
NOTIC: [8] Undefined index: auto D:\wampserver\wamp\www\eshop\ThinkPHP\Library\Think\Model.class.php 第 1128 行.
SQL: INSERT INTO `eshop_user_address` (`userId`,`userName`,`location`,`streetInfo`,`postCode`,`tel`,`is_first`,`createtime`) VALUES ('19','李永发','北京市|北京市市辖区|东城区','东咋会电视剧','422800','18904010296','1','1489847091') [ RunTime:0.0356s ]

