[ 2017-04-19T15:56:33+08:00 ] ::1 /eshop/index.php/Home/Shop/index/shopId/3.html
ERR: Cron:cron Runat 2017-04-19 15:56:33 Use 0.001391 s

[ 2017-04-19T15:56:45+08:00 ] ::1 /eshop/index.php/Home/Index/index.html
ERR: Cron:cron Runat 2017-04-19 15:56:45 Use 0.000339 s

[ 2017-04-19T15:56:56+08:00 ] ::1 /eshop/index.php/Home/UserCenter/index.html
ERR: Cron:cron Runat 2017-04-19 15:56:56 Use 0.000387 s

[ 2017-04-19T15:57:04+08:00 ] ::1 /eshop/index.php/Home/Shop/index/shopId/3.html
ERR: Cron:cron Runat 2017-04-19 15:57:04 Use 0.000373 s

[ 2017-04-19T15:57:15+08:00 ] ::1 /eshop/index.php/Home/UserCollection/shops.html
ERR: Cron:cron Runat 2017-04-19 15:57:15 Use 0.000398 s

[ 2017-04-19T15:57:37+08:00 ] ::1 /eshop/index.php/Home/UserCollection/shops.html
ERR: Cron:cron Runat 2017-04-19 15:57:37 Use 0.000368 s

[ 2017-04-19T15:58:15+08:00 ] ::1 /eshop/index.php/Home/UserCollection/shops.html
ERR: Cron:cron Runat 2017-04-19 15:58:15 Use 0.000330 s

[ 2017-04-19T15:58:25+08:00 ] ::1 /eshop/index.php/Home/UserCollection/shops.html
ERR: Cron:cron Runat 2017-04-19 15:58:25 Use 0.000442 s

[ 2017-04-19T15:58:35+08:00 ] ::1 /eshop/index.php/Home/UserCollection/shops.html
ERR: Cron:cron Runat 2017-04-19 15:58:35 Use 0.000367 s

[ 2017-04-19T15:59:05+08:00 ] ::1 /eshop/index.php/Home/UserCollection/shops.html
ERR: Cron:cron Runat 2017-04-19 15:59:05 Use 0.000343 s

[ 2017-04-19T15:59:16+08:00 ] ::1 /eshop/index.php/Home/UserCollection/shops.html
ERR: Cron:cron Runat 2017-04-19 15:59:16 Use 0.000381 s

[ 2017-04-19T15:59:18+08:00 ] ::1 /eshop/index.php/UserCollection/shops/p/2.html
INFO: [ app_begin ] --START--
INFO: Run Behavior\ReadHtmlCacheBehavior [ RunTime:0.000743s ]
INFO: Run Behavior\CronRunBehavior [ RunTime:0.002439s ]
INFO: [ app_begin ] --END-- [ RunTime:0.003830s ]
SQL: SHOW COLUMNS FROM `eshop_collection` [ RunTime:0.0048s ]
SQL: SELECT COUNT(*) AS tp_count FROM eshop_collection c INNER JOIN eshop_shop as s on c.targetId = s.id  WHERE `type` = 1 AND `userId` = '20' LIMIT 1   [ RunTime:0.0004s ]
NOTIC: [8] Undefined variable: where D:\wampserver\wamp\www\eshop\App\Home\Controller\UserCollectionController.class.php 第 28 行.
SQL: SELECT s.id,s.name,s.logo FROM eshop_collection c INNER JOIN eshop_shop as s on c.targetId = s.id  LIMIT 1,1   [ RunTime:0.0003s ]
INFO: [ view_parse ] --START--
INFO: [ template_filter ] --START--
INFO: Run Behavior\ContentReplaceBehavior [ RunTime:0.000045s ]
INFO: [ template_filter ] --END-- [ RunTime:0.000114s ]
INFO: Run Behavior\ParseTemplateBehavior [ RunTime:0.003397s ]
INFO: [ view_parse ] --END-- [ RunTime:0.003492s ]
INFO: [ view_filter ] --START--
INFO: Run Behavior\WriteHtmlCacheBehavior [ RunTime:0.000706s ]
INFO: Run Behavior\TokenBuildBehavior [ RunTime:0.000857s ]
INFO: [ view_filter ] --END-- [ RunTime:0.001766s ]

[ 2017-04-19T15:59:33+08:00 ] ::1 /eshop/index.php/Home/UserCenter/index.html
ERR: Cron:cron Runat 2017-04-19 15:59:33 Use 0.000351 s

[ 2017-04-19T15:59:35+08:00 ] ::1 /eshop/index.php/Home/UserCollection/shops.html
ERR: Cron:cron Runat 2017-04-19 15:59:35 Use 0.000388 s

[ 2017-04-19T15:59:37+08:00 ] ::1 /eshop/index.php/UserCollection/shops/p/2.html
ERR: Cron:cron Runat 2017-04-19 15:59:37 Use 0.000310 s

[ 2017-04-19T15:59:37+08:00 ] ::1 /eshop/index.php/UserCollection/shops/p/2.html
INFO: [ app_begin ] --START--
INFO: Run Behavior\ReadHtmlCacheBehavior [ RunTime:0.000812s ]
INFO: Run Behavior\CronRunBehavior [ RunTime:0.004443s ]
INFO: [ app_begin ] --END-- [ RunTime:0.006008s ]
SQL: SHOW COLUMNS FROM `eshop_collection` [ RunTime:0.0049s ]
SQL: SELECT COUNT(*) AS tp_count FROM eshop_collection c INNER JOIN eshop_shop as s on c.targetId = s.id  WHERE `type` = 1 AND `userId` = '20' LIMIT 1   [ RunTime:0.0004s ]
NOTIC: [8] Undefined variable: where D:\wampserver\wamp\www\eshop\App\Home\Controller\UserCollectionController.class.php 第 28 行.
SQL: SELECT s.id,s.name,s.logo FROM eshop_collection c INNER JOIN eshop_shop as s on c.targetId = s.id  LIMIT 1,1   [ RunTime:0.0004s ]
INFO: [ view_parse ] --START--
INFO: [ template_filter ] --START--
INFO: Run Behavior\ContentReplaceBehavior [ RunTime:0.000393s ]
INFO: [ template_filter ] --END-- [ RunTime:0.000522s ]
INFO: Run Behavior\ParseTemplateBehavior [ RunTime:0.034284s ]
INFO: [ view_parse ] --END-- [ RunTime:0.034381s ]
INFO: [ view_filter ] --START--
INFO: Run Behavior\WriteHtmlCacheBehavior [ RunTime:0.000618s ]
INFO: Run Behavior\TokenBuildBehavior [ RunTime:0.000691s ]
INFO: [ view_filter ] --END-- [ RunTime:0.001416s ]
INFO: [ app_end ] --START--
INFO: Run Behavior\ShowPageTraceBehavior [ RunTime:0.000797s ]
INFO: [ app_end ] --END-- [ RunTime:0.000875s ]

[ 2017-04-19T15:59:59+08:00 ] ::1 /eshop/index.php/Home/UserCollection/shops.html
ERR: Cron:cron Runat 2017-04-19 15:59:59 Use 0.000452 s

[ 2017-04-19T16:01:05+08:00 ] ::1 /eshop/index.php/Home/UserCollection/shops.html
ERR: Cron:cron Runat 2017-04-19 16:01:05 Use 0.000371 s

[ 2017-04-19T16:01:08+08:00 ] ::1 /eshop/index.php/UserCollection/shops/p/1.html
ERR: Cron:cron Runat 2017-04-19 16:01:08 Use 0.000364 s

[ 2017-04-19T16:01:10+08:00 ] ::1 /eshop/index.php/UserCollection/shops/p/2.html
ERR: Cron:cron Runat 2017-04-19 16:01:10 Use 0.000399 s

[ 2017-04-19T16:01:14+08:00 ] ::1 /eshop/index.php/UserCollection/shops/p/1.html
ERR: Cron:cron Runat 2017-04-19 16:01:14 Use 0.000384 s

[ 2017-04-19T16:01:17+08:00 ] ::1 /eshop/index.php/UserCollection/shops/p/2.html
ERR: Cron:cron Runat 2017-04-19 16:01:17 Use 0.000293 s

[ 2017-04-19T16:03:01+08:00 ] ::1 /eshop/index.php/UserCollection/shops/p/2.html
ERR: Cron:cron Runat 2017-04-19 16:03:01 Use 0.000385 s

[ 2017-04-19T16:08:08+08:00 ] ::1 /eshop/index.php/UserCollection/shops/p/2.html
ERR: Cron:cron Runat 2017-04-19 16:08:08 Use 0.000377 s

[ 2017-04-19T16:08:09+08:00 ] ::1 /eshop/index.php/UserCollection/shops/p/1.html
INFO: [ app_begin ] --START--
INFO: Run Behavior\ReadHtmlCacheBehavior [ RunTime:0.000795s ]
INFO: Run Behavior\CronRunBehavior [ RunTime:0.002731s ]
INFO: [ app_begin ] --END-- [ RunTime:0.004187s ]
SQL: SHOW COLUMNS FROM `eshop_collection` [ RunTime:0.0050s ]
SQL: SELECT COUNT(*) AS tp_count FROM eshop_collection c INNER JOIN eshop_shop as s on c.targetId = s.id  WHERE `type` = 1 AND `userId` = '20' LIMIT 1   [ RunTime:0.0004s ]
NOTIC: [8] Undefined variable: where D:\wampserver\wamp\www\eshop\App\Home\Controller\UserCollectionController.class.php 第 28 行.
SQL: SELECT s.id,s.name,s.logo FROM eshop_collection c INNER JOIN eshop_shop as s on c.targetId = s.id  LIMIT 0,1   [ RunTime:0.0004s ]
INFO: [ view_parse ] --START--
INFO: [ template_filter ] --START--
INFO: Run Behavior\ContentReplaceBehavior [ RunTime:0.000062s ]
INFO: [ template_filter ] --END-- [ RunTime:0.000152s ]
INFO: Run Behavior\ParseTemplateBehavior [ RunTime:0.011923s ]
INFO: [ view_parse ] --END-- [ RunTime:0.012013s ]
INFO: [ view_filter ] --START--
INFO: Run Behavior\WriteHtmlCacheBehavior [ RunTime:0.000728s ]
INFO: Run Behavior\TokenBuildBehavior [ RunTime:0.000572s ]
INFO: [ view_filter ] --END-- [ RunTime:0.001436s ]

[ 2017-04-19T16:08:11+08:00 ] ::1 /eshop/index.php/UserCollection/shops/p/2.html
ERR: Cron:cron Runat 2017-04-19 16:08:11 Use 0.000398 s

[ 2017-04-19T16:08:11+08:00 ] ::1 /eshop/index.php/UserCollection/shops/p/2.html
INFO: [ app_begin ] --START--
INFO: Run Behavior\ReadHtmlCacheBehavior [ RunTime:0.000993s ]
INFO: Run Behavior\CronRunBehavior [ RunTime:0.005392s ]
INFO: [ app_begin ] --END-- [ RunTime:0.007087s ]
SQL: SHOW COLUMNS FROM `eshop_collection` [ RunTime:0.0064s ]
SQL: SELECT COUNT(*) AS tp_count FROM eshop_collection c INNER JOIN eshop_shop as s on c.targetId = s.id  WHERE `type` = 1 AND `userId` = '20' LIMIT 1   [ RunTime:0.0004s ]
NOTIC: [8] Undefined variable: where D:\wampserver\wamp\www\eshop\App\Home\Controller\UserCollectionController.class.php 第 28 行.
SQL: SELECT s.id,s.name,s.logo FROM eshop_collection c INNER JOIN eshop_shop as s on c.targetId = s.id  LIMIT 1,1   [ RunTime:0.0005s ]
INFO: [ view_parse ] --START--
INFO: [ template_filter ] --START--
INFO: Run Behavior\ContentReplaceBehavior [ RunTime:0.000056s ]
INFO: [ template_filter ] --END-- [ RunTime:0.000132s ]
INFO: Run Behavior\ParseTemplateBehavior [ RunTime:0.008940s ]
INFO: [ view_parse ] --END-- [ RunTime:0.009028s ]
INFO: [ view_filter ] --START--
INFO: Run Behavior\WriteHtmlCacheBehavior [ RunTime:0.000598s ]
INFO: Run Behavior\TokenBuildBehavior [ RunTime:0.000728s ]
INFO: [ view_filter ] --END-- [ RunTime:0.001497s ]

[ 2017-04-19T16:08:15+08:00 ] ::1 /eshop/index.php/UserCollection/shops/p/1.html
ERR: Cron:cron Runat 2017-04-19 16:08:15 Use 0.000318 s

[ 2017-04-19T16:08:15+08:00 ] ::1 /eshop/index.php/UserCollection/shops/p/1.html
INFO: [ app_begin ] --START--
INFO: Run Behavior\ReadHtmlCacheBehavior [ RunTime:0.001169s ]
INFO: Run Behavior\CronRunBehavior [ RunTime:0.004686s ]
INFO: [ app_begin ] --END-- [ RunTime:0.006628s ]
SQL: SHOW COLUMNS FROM `eshop_collection` [ RunTime:0.0051s ]
SQL: SELECT COUNT(*) AS tp_count FROM eshop_collection c INNER JOIN eshop_shop as s on c.targetId = s.id  WHERE `type` = 1 AND `userId` = '20' LIMIT 1   [ RunTime:0.0004s ]
NOTIC: [8] Undefined variable: where D:\wampserver\wamp\www\eshop\App\Home\Controller\UserCollectionController.class.php 第 28 行.
SQL: SELECT s.id,s.name,s.logo FROM eshop_collection c INNER JOIN eshop_shop as s on c.targetId = s.id  LIMIT 0,1   [ RunTime:0.0003s ]
INFO: [ view_parse ] --START--
INFO: [ template_filter ] --START--
INFO: Run Behavior\ContentReplaceBehavior [ RunTime:0.000063s ]
INFO: [ template_filter ] --END-- [ RunTime:0.000149s ]
INFO: Run Behavior\ParseTemplateBehavior [ RunTime:0.010164s ]
INFO: [ view_parse ] --END-- [ RunTime:0.010276s ]
INFO: [ view_filter ] --START--
INFO: Run Behavior\WriteHtmlCacheBehavior [ RunTime:0.000495s ]
INFO: Run Behavior\TokenBuildBehavior [ RunTime:0.000603s ]
INFO: [ view_filter ] --END-- [ RunTime:0.001215s ]

[ 2017-04-19T16:08:16+08:00 ] ::1 /eshop/index.php/UserCollection/shops/p/2.html
INFO: [ app_begin ] --START--
INFO: Run Behavior\ReadHtmlCacheBehavior [ RunTime:0.000812s ]
INFO: Run Behavior\CronRunBehavior [ RunTime:0.002426s ]
INFO: [ app_begin ] --END-- [ RunTime:0.003952s ]
SQL: SHOW COLUMNS FROM `eshop_collection` [ RunTime:0.0050s ]
SQL: SELECT COUNT(*) AS tp_count FROM eshop_collection c INNER JOIN eshop_shop as s on c.targetId = s.id  WHERE `type` = 1 AND `userId` = '20' LIMIT 1   [ RunTime:0.0004s ]
NOTIC: [8] Undefined variable: where D:\wampserver\wamp\www\eshop\App\Home\Controller\UserCollectionController.class.php 第 28 行.
SQL: SELECT s.id,s.name,s.logo FROM eshop_collection c INNER JOIN eshop_shop as s on c.targetId = s.id  LIMIT 1,1   [ RunTime:0.0003s ]
INFO: [ view_parse ] --START--
INFO: [ template_filter ] --START--
INFO: Run Behavior\ContentReplaceBehavior [ RunTime:0.000084s ]
INFO: [ template_filter ] --END-- [ RunTime:0.000203s ]
INFO: Run Behavior\ParseTemplateBehavior [ RunTime:0.010697s ]
INFO: [ view_parse ] --END-- [ RunTime:0.010787s ]
INFO: [ view_filter ] --START--
INFO: Run Behavior\WriteHtmlCacheBehavior [ RunTime:0.000536s ]
INFO: Run Behavior\TokenBuildBehavior [ RunTime:0.000657s ]
INFO: [ view_filter ] --END-- [ RunTime:0.001329s ]

[ 2017-04-19T16:08:18+08:00 ] ::1 /eshop/index.php/UserCollection/shops/p/1.html
ERR: Cron:cron Runat 2017-04-19 16:08:18 Use 0.000448 s

[ 2017-04-19T16:08:18+08:00 ] ::1 /eshop/index.php/UserCollection/shops/p/1.html
INFO: [ app_begin ] --START--
INFO: Run Behavior\ReadHtmlCacheBehavior [ RunTime:0.000807s ]
INFO: Run Behavior\CronRunBehavior [ RunTime:0.005065s ]
INFO: [ app_begin ] --END-- [ RunTime:0.006560s ]
SQL: SHOW COLUMNS FROM `eshop_collection` [ RunTime:0.0054s ]
SQL: SELECT COUNT(*) AS tp_count FROM eshop_collection c INNER JOIN eshop_shop as s on c.targetId = s.id  WHERE `type` = 1 AND `userId` = '20' LIMIT 1   [ RunTime:0.0004s ]
NOTIC: [8] Undefined variable: where D:\wampserver\wamp\www\eshop\App\Home\Controller\UserCollectionController.class.php 第 28 行.
SQL: SELECT s.id,s.name,s.logo FROM eshop_collection c INNER JOIN eshop_shop as s on c.targetId = s.id  LIMIT 0,1   [ RunTime:0.0003s ]
INFO: [ view_parse ] --START--
INFO: [ template_filter ] --START--
INFO: Run Behavior\ContentReplaceBehavior [ RunTime:0.000060s ]
INFO: [ template_filter ] --END-- [ RunTime:0.000155s ]
INFO: Run Behavior\ParseTemplateBehavior [ RunTime:0.009445s ]
INFO: [ view_parse ] --END-- [ RunTime:0.009550s ]
INFO: [ view_filter ] --START--
INFO: Run Behavior\WriteHtmlCacheBehavior [ RunTime:0.000643s ]
INFO: Run Behavior\TokenBuildBehavior [ RunTime:0.000549s ]
INFO: [ view_filter ] --END-- [ RunTime:0.001329s ]

[ 2017-04-19T16:08:42+08:00 ] ::1 /eshop/index.php/UserCollection/shops/p/2.html
ERR: Cron:cron Runat 2017-04-19 16:08:42 Use 0.000332 s

[ 2017-04-19T16:09:02+08:00 ] ::1 /eshop/index.php/UserCollection/shops/p/2.html
ERR: Cron:cron Runat 2017-04-19 16:09:02 Use 0.000353 s

[ 2017-04-19T16:09:06+08:00 ] ::1 /eshop/index.php/Home/UserCollection/shops.html
ERR: Cron:cron Runat 2017-04-19 16:09:06 Use 0.000390 s

[ 2017-04-19T16:09:10+08:00 ] ::1 /eshop/index.php/Home/UserCollection/goods.html
ERR: Cron:cron Runat 2017-04-19 16:09:10 Use 0.000388 s

[ 2017-04-19T16:09:12+08:00 ] ::1 /eshop/index.php/Home/UserCollection/shops.html
ERR: Cron:cron Runat 2017-04-19 16:09:12 Use 0.000309 s

[ 2017-04-19T16:10:56+08:00 ] ::1 /eshop/index.php/Home/UserCollection/shops.html
ERR: Cron:cron Runat 2017-04-19 16:10:56 Use 0.000324 s

[ 2017-04-19T16:10:58+08:00 ] ::1 /eshop/index.php/Home/UserCollection/goods.html
ERR: Cron:cron Runat 2017-04-19 16:10:58 Use 0.000416 s

[ 2017-04-19T16:11:01+08:00 ] ::1 /eshop/index.php/Home/UserCollection/goods.html
ERR: Cron:cron Runat 2017-04-19 16:11:01 Use 0.000385 s

[ 2017-04-19T16:11:06+08:00 ] ::1 /eshop/index.php/UserCollection/goods/p/2.html
ERR: Cron:cron Runat 2017-04-19 16:11:06 Use 0.000290 s

[ 2017-04-19T16:11:06+08:00 ] ::1 /eshop/index.php/UserCollection/goods/p/2.html
INFO: [ app_begin ] --START--
INFO: Run Behavior\ReadHtmlCacheBehavior [ RunTime:0.000780s ]
INFO: Run Behavior\CronRunBehavior [ RunTime:0.004538s ]
INFO: [ app_begin ] --END-- [ RunTime:0.006016s ]
SQL: SHOW COLUMNS FROM `eshop_collection` [ RunTime:0.0050s ]
SQL: SELECT COUNT(*) AS tp_count FROM eshop_collection c INNER JOIN eshop_good as g on c.targetId = g.id  WHERE `type` = 0 AND `userId` = '20' LIMIT 1   [ RunTime:0.0004s ]
NOTIC: [8] Undefined variable: where D:\wampserver\wamp\www\eshop\App\Home\Controller\UserCollectionController.class.php 第 15 行.
SQL: SELECT g.id,`name`,`shopprice`,`place`,`good_log`,`count` FROM eshop_collection c INNER JOIN eshop_good as g on c.targetId = g.id  LIMIT 1,1   [ RunTime:0.0004s ]
INFO: [ view_parse ] --START--
INFO: [ template_filter ] --START--
INFO: Run Behavior\ContentReplaceBehavior [ RunTime:0.000379s ]
INFO: [ template_filter ] --END-- [ RunTime:0.000460s ]
INFO: Run Behavior\ParseTemplateBehavior [ RunTime:0.035224s ]
INFO: [ view_parse ] --END-- [ RunTime:0.035311s ]
INFO: [ view_filter ] --START--
INFO: Run Behavior\WriteHtmlCacheBehavior [ RunTime:0.000685s ]
INFO: Run Behavior\TokenBuildBehavior [ RunTime:0.000680s ]
INFO: [ view_filter ] --END-- [ RunTime:0.001500s ]
INFO: [ app_end ] --START--
INFO: Run Behavior\ShowPageTraceBehavior [ RunTime:0.000760s ]
INFO: [ app_end ] --END-- [ RunTime:0.000833s ]

[ 2017-04-19T16:11:32+08:00 ] ::1 /eshop/index.php/Home/UserCollection/goods.html
ERR: Cron:cron Runat 2017-04-19 16:11:32 Use 0.000390 s

[ 2017-04-19T16:12:11+08:00 ] ::1 /eshop/index.php/Home/UserCollection/goods.html
ERR: Cron:cron Runat 2017-04-19 16:12:11 Use 0.000337 s

[ 2017-04-19T16:12:20+08:00 ] ::1 /eshop/index.php/Home/Shop/index/shopId/3.html
ERR: Cron:cron Runat 2017-04-19 16:12:20 Use 0.000325 s

[ 2017-04-19T16:12:52+08:00 ] ::1 /eshop/index.php/Home/UserCollection/goods.html
ERR: Cron:cron Runat 2017-04-19 16:12:52 Use 0.000473 s

[ 2017-04-19T16:13:16+08:00 ] ::1 /eshop/index.php/Home/UserCollection/goods.html
ERR: Cron:cron Runat 2017-04-19 16:13:16 Use 0.000538 s

[ 2017-04-19T16:15:16+08:00 ] ::1 /eshop/index.php/Home/Shop/index/shopId/3.html
ERR: Cron:cron Runat 2017-04-19 16:15:16 Use 0.000397 s

[ 2017-04-19T16:24:39+08:00 ] ::1 /eshop/index.php/Home/UserCollection/goods.html
ERR: Cron:cron Runat 2017-04-19 16:24:39 Use 0.000440 s

[ 2017-04-19T16:24:39+08:00 ] ::1 /eshop/index.php/Home/UserCollection/goods.html
ERR: 1146:Table 'eshop.eshop_eshop_good' doesn't exist
 [ SQL语句 ] : SHOW COLUMNS FROM `eshop_eshop_good`

[ 2017-04-19T16:25:16+08:00 ] ::1 /eshop/index.php/Home/UserCollection/goods.html
ERR: Cron:cron Runat 2017-04-19 16:25:16 Use 0.000318 s

[ 2017-04-19T16:25:16+08:00 ] ::1 /eshop/index.php/Home/UserCollection/goods.html
ERR: 1054:Unknown column 'n.gooId' in 'on clause'
 [ SQL语句 ] : SELECT s.id,s.name FROM eshop_good g INNER JOIN eshop_goodnav as n on g.id = n.gooId INNER JOIN eshop_shop as s on n.shopId = s.id  WHERE g.id = 13 

[ 2017-04-19T16:25:59+08:00 ] ::1 /eshop/index.php/Home/UserCollection/goods.html
ERR: Cron:cron Runat 2017-04-19 16:25:59 Use 0.000632 s

[ 2017-04-19T16:26:38+08:00 ] ::1 /eshop/index.php/Home/UserCollection/goods.html
ERR: Cron:cron Runat 2017-04-19 16:26:38 Use 0.000621 s

[ 2017-04-19T16:31:38+08:00 ] ::1 /eshop/index.php/Home/UserCollection/goods.html
ERR: Cron:cron Runat 2017-04-19 16:31:38 Use 0.000318 s

[ 2017-04-19T16:33:55+08:00 ] ::1 /eshop/index.php/Home/UserCollection/goods.html
ERR: Cron:cron Runat 2017-04-19 16:33:55 Use 0.000386 s

[ 2017-04-19T16:35:21+08:00 ] ::1 /eshop/index.php/Home/UserCollection/goods.html
ERR: Cron:cron Runat 2017-04-19 16:35:21 Use 0.000712 s

[ 2017-04-19T16:35:33+08:00 ] ::1 /eshop/index.php/Home/UserCollection/goods.html
ERR: Cron:cron Runat 2017-04-19 16:35:33 Use 0.000372 s

[ 2017-04-19T16:37:43+08:00 ] ::1 /eshop/index.php/Home/UserCollection/goods.html
ERR: Cron:cron Runat 2017-04-19 16:37:43 Use 0.000538 s

[ 2017-04-19T16:37:56+08:00 ] ::1 /eshop/index.php/Home/UserCollection/goods.html
ERR: Cron:cron Runat 2017-04-19 16:37:56 Use 0.000308 s

[ 2017-04-19T16:38:02+08:00 ] ::1 /eshop/index.php/Home/UserCollection/goods.html
ERR: Cron:cron Runat 2017-04-19 16:38:02 Use 0.000322 s

[ 2017-04-19T16:38:34+08:00 ] ::1 /eshop/index.php/Home/UserCollection/goods.html
ERR: Cron:cron Runat 2017-04-19 16:38:34 Use 0.000299 s

[ 2017-04-19T16:40:59+08:00 ] ::1 /eshop/index.php/Home/UserCollection/goods.html
ERR: Cron:cron Runat 2017-04-19 16:40:59 Use 0.000453 s

[ 2017-04-19T16:42:10+08:00 ] ::1 /eshop/index.php/Home/UserCollection/goods.html
ERR: Cron:cron Runat 2017-04-19 16:42:10 Use 0.000319 s

[ 2017-04-19T16:42:31+08:00 ] ::1 /eshop/index.php/Home/UserCollection/goods.html
ERR: Cron:cron Runat 2017-04-19 16:42:31 Use 0.000280 s

[ 2017-04-19T16:46:19+08:00 ] ::1 /eshop/index.php/Home/UserCollection/goods.html
ERR: Cron:cron Runat 2017-04-19 16:46:19 Use 0.000332 s

[ 2017-04-19T16:46:36+08:00 ] ::1 /eshop/index.php/Home/UserCollection/goods.html
ERR: Cron:cron Runat 2017-04-19 16:46:36 Use 0.000398 s

[ 2017-04-19T16:46:50+08:00 ] ::1 /eshop/index.php/Home/UserCollection/goods.html
ERR: Cron:cron Runat 2017-04-19 16:46:50 Use 0.000648 s

[ 2017-04-19T16:47:08+08:00 ] ::1 /eshop/index.php/Home/UserCollection/goods.html
ERR: Cron:cron Runat 2017-04-19 16:47:08 Use 0.000287 s

[ 2017-04-19T16:47:48+08:00 ] ::1 /eshop/index.php/Home/UserCollection/goods.html
ERR: Cron:cron Runat 2017-04-19 16:47:48 Use 0.002286 s

[ 2017-04-19T16:47:54+08:00 ] ::1 /eshop/index.php/Home/UserCollection/goods.html
ERR: Cron:cron Runat 2017-04-19 16:47:54 Use 0.000901 s

[ 2017-04-19T16:48:22+08:00 ] ::1 /eshop/index.php/Home/UserCollection/goods.html
ERR: Cron:cron Runat 2017-04-19 16:48:22 Use 0.000725 s

[ 2017-04-19T16:48:36+08:00 ] ::1 /eshop/index.php/Home/UserCollection/goods.html
ERR: Cron:cron Runat 2017-04-19 16:48:36 Use 0.000363 s

[ 2017-04-19T16:49:13+08:00 ] ::1 /eshop/index.php/Home/UserCollection/goods.html
ERR: Cron:cron Runat 2017-04-19 16:49:13 Use 0.000364 s

[ 2017-04-19T16:49:15+08:00 ] ::1 /eshop/index.php/Home/UserCollection/goods.html
ERR: Cron:cron Runat 2017-04-19 16:49:15 Use 0.000403 s

[ 2017-04-19T16:49:49+08:00 ] ::1 /eshop/index.php/Home/UserCollection/goods.html
ERR: Cron:cron Runat 2017-04-19 16:49:49 Use 0.000705 s

[ 2017-04-19T16:50:37+08:00 ] ::1 /eshop/index.php/Home/UserCollection/goods.html
ERR: Cron:cron Runat 2017-04-19 16:50:37 Use 0.000399 s

[ 2017-04-19T16:56:10+08:00 ] ::1 /eshop/index.php/Home/UserCollection/goods.html
ERR: Cron:cron Runat 2017-04-19 16:56:10 Use 0.000396 s

[ 2017-04-19T16:57:28+08:00 ] ::1 /eshop/index.php/Home/UserCollection/goods.html
ERR: Cron:cron Runat 2017-04-19 16:57:28 Use 0.000430 s

[ 2017-04-19T17:00:52+08:00 ] ::1 /eshop/index.php/Home/UserCollection/goods.html
ERR: Cron:cron Runat 2017-04-19 17:00:52 Use 0.000355 s

[ 2017-04-19T17:01:08+08:00 ] ::1 /eshop/index.php/Home/UserCollection/goods.html
ERR: Cron:cron Runat 2017-04-19 17:01:08 Use 0.000535 s

[ 2017-04-19T17:01:29+08:00 ] ::1 /eshop/index.php/Home/UserCollection/goods.html
ERR: Cron:cron Runat 2017-04-19 17:01:29 Use 0.000373 s

[ 2017-04-19T17:02:19+08:00 ] ::1 /eshop/index.php/Home/UserCollection/goods.html
ERR: Cron:cron Runat 2017-04-19 17:02:19 Use 0.000492 s

[ 2017-04-19T17:02:34+08:00 ] ::1 /eshop/index.php/Home/UserCollection/goods.html
ERR: Cron:cron Runat 2017-04-19 17:02:34 Use 0.000410 s

[ 2017-04-19T17:02:44+08:00 ] ::1 /eshop/index.php/Home/UserCollection/goods.html
ERR: Cron:cron Runat 2017-04-19 17:02:44 Use 0.000381 s

[ 2017-04-19T17:04:24+08:00 ] ::1 /eshop/index.php/Home/UserCollection/goods.html
ERR: Cron:cron Runat 2017-04-19 17:04:24 Use 0.000392 s

[ 2017-04-19T17:04:30+08:00 ] ::1 /eshop/index.php/Home/Shop/index/shopId/3.html
ERR: Cron:cron Runat 2017-04-19 17:04:30 Use 0.000278 s

[ 2017-04-19T17:04:50+08:00 ] ::1 /eshop/index.php/Home/UserCollection/goods.html
ERR: Cron:cron Runat 2017-04-19 17:04:50 Use 0.000586 s

[ 2017-04-19T17:04:57+08:00 ] ::1 /eshop/index.php/Home/UserCollection/goods.html
ERR: Cron:cron Runat 2017-04-19 17:04:57 Use 0.000795 s

[ 2017-04-19T17:05:01+08:00 ] ::1 /eshop/index.php/UserCollection/goods/p/2.html
ERR: Cron:cron Runat 2017-04-19 17:05:01 Use 0.000377 s

[ 2017-04-19T17:05:01+08:00 ] ::1 /eshop/index.php/UserCollection/goods/p/2.html
INFO: [ app_begin ] --START--
INFO: Run Behavior\ReadHtmlCacheBehavior [ RunTime:0.000795s ]
INFO: Run Behavior\CronRunBehavior [ RunTime:0.004730s ]
INFO: [ app_begin ] --END-- [ RunTime:0.006164s ]
SQL: SHOW COLUMNS FROM `eshop_collection` [ RunTime:0.0061s ]
SQL: SELECT COUNT(*) AS tp_count FROM eshop_collection c INNER JOIN eshop_good as g on c.targetId = g.id  WHERE `type` = 0 AND `userId` = '20' LIMIT 1   [ RunTime:0.0004s ]
NOTIC: [8] Undefined variable: where D:\wampserver\wamp\www\eshop\App\Home\Controller\UserCollectionController.class.php 第 20 行.
SQL: SELECT g.id goodId,g.name goodName,`shopprice`,`place`,`good_log`,`count`,s.id shopId,s.name shopName FROM eshop_collection c INNER JOIN eshop_good as g on c.targetId = g.id INNER JOIN eshop_goodnav as n on g.id = n.goodId INNER JOIN eshop_shop as s on n.shopId = s.id  LIMIT 1,1   [ RunTime:0.0004s ]
INFO: [ view_parse ] --START--
INFO: [ template_filter ] --START--
INFO: Run Behavior\ContentReplaceBehavior [ RunTime:0.000338s ]
INFO: [ template_filter ] --END-- [ RunTime:0.000425s ]
NOTIC: [8] Undefined index: id D:\wampserver\wamp\www\eshop\App\Runtime\Cache\Home\8cc5f8a43468e126aa49e10be19faf42.php 第 885 行.
INFO: Run Behavior\ParseTemplateBehavior [ RunTime:0.040699s ]
INFO: [ view_parse ] --END-- [ RunTime:0.040822s ]
INFO: [ view_filter ] --START--
INFO: Run Behavior\WriteHtmlCacheBehavior [ RunTime:0.000869s ]
INFO: Run Behavior\TokenBuildBehavior [ RunTime:0.000947s ]
INFO: [ view_filter ] --END-- [ RunTime:0.001984s ]
INFO: [ app_end ] --START--
INFO: Run Behavior\ShowPageTraceBehavior [ RunTime:0.001001s ]
INFO: [ app_end ] --END-- [ RunTime:0.001092s ]

[ 2017-04-19T17:07:32+08:00 ] ::1 /eshop/index.php/Home/UserCollection/goods.html
ERR: Cron:cron Runat 2017-04-19 17:07:32 Use 0.000302 s

[ 2017-04-19T17:07:34+08:00 ] ::1 /eshop/index.php/UserCollection/goods/p/2.html
ERR: Cron:cron Runat 2017-04-19 17:07:34 Use 0.000411 s

[ 2017-04-19T17:07:34+08:00 ] ::1 /eshop/index.php/UserCollection/goods/p/2.html
INFO: [ app_begin ] --START--
INFO: Run Behavior\ReadHtmlCacheBehavior [ RunTime:0.000846s ]
INFO: Run Behavior\CronRunBehavior [ RunTime:0.004940s ]
INFO: [ app_begin ] --END-- [ RunTime:0.006664s ]
SQL: SHOW COLUMNS FROM `eshop_collection` [ RunTime:0.0047s ]
SQL: SELECT COUNT(*) AS tp_count FROM eshop_collection c INNER JOIN eshop_good as g on c.targetId = g.id  WHERE `type` = 0 AND `userId` = '20' LIMIT 1   [ RunTime:0.0005s ]
NOTIC: [8] Undefined variable: where D:\wampserver\wamp\www\eshop\App\Home\Controller\UserCollectionController.class.php 第 20 行.
SQL: SELECT g.id goodId,g.name goodName,`shopprice`,`place`,`good_log`,`count`,s.id shopId,s.name shopName FROM eshop_collection c INNER JOIN eshop_good as g on c.targetId = g.id INNER JOIN eshop_goodnav as n on g.id = n.goodId INNER JOIN eshop_shop as s on n.shopId = s.id  LIMIT 1,1   [ RunTime:0.0006s ]
INFO: [ view_parse ] --START--
INFO: [ template_filter ] --START--
INFO: Run Behavior\ContentReplaceBehavior [ RunTime:0.000063s ]
INFO: [ template_filter ] --END-- [ RunTime:0.000167s ]
NOTIC: [8] Undefined index: id D:\wampserver\wamp\www\eshop\App\Runtime\Cache\Home\fd18e49eee24094941aa4ee1697eb909.php 第 33 行.
INFO: Run Behavior\ParseTemplateBehavior [ RunTime:0.010655s ]
INFO: [ view_parse ] --END-- [ RunTime:0.010734s ]
INFO: [ view_filter ] --START--
INFO: Run Behavior\WriteHtmlCacheBehavior [ RunTime:0.000582s ]
INFO: Run Behavior\TokenBuildBehavior [ RunTime:0.000591s ]
INFO: [ view_filter ] --END-- [ RunTime:0.001288s ]

[ 2017-04-19T17:07:35+08:00 ] ::1 /eshop/index.php/UserCollection/goods/p/1.html
INFO: [ app_begin ] --START--
INFO: Run Behavior\ReadHtmlCacheBehavior [ RunTime:0.000814s ]
INFO: Run Behavior\CronRunBehavior [ RunTime:0.002506s ]
INFO: [ app_begin ] --END-- [ RunTime:0.004078s ]
SQL: SHOW COLUMNS FROM `eshop_collection` [ RunTime:0.0047s ]
SQL: SELECT COUNT(*) AS tp_count FROM eshop_collection c INNER JOIN eshop_good as g on c.targetId = g.id  WHERE `type` = 0 AND `userId` = '20' LIMIT 1   [ RunTime:0.0004s ]
NOTIC: [8] Undefined variable: where D:\wampserver\wamp\www\eshop\App\Home\Controller\UserCollectionController.class.php 第 20 行.
SQL: SELECT g.id goodId,g.name goodName,`shopprice`,`place`,`good_log`,`count`,s.id shopId,s.name shopName FROM eshop_collection c INNER JOIN eshop_good as g on c.targetId = g.id INNER JOIN eshop_goodnav as n on g.id = n.goodId INNER JOIN eshop_shop as s on n.shopId = s.id  LIMIT 0,1   [ RunTime:0.0006s ]
INFO: [ view_parse ] --START--
INFO: [ template_filter ] --START--
INFO: Run Behavior\ContentReplaceBehavior [ RunTime:0.000063s ]
INFO: [ template_filter ] --END-- [ RunTime:0.000147s ]
NOTIC: [8] Undefined index: id D:\wampserver\wamp\www\eshop\App\Runtime\Cache\Home\fd18e49eee24094941aa4ee1697eb909.php 第 33 行.
INFO: Run Behavior\ParseTemplateBehavior [ RunTime:0.011101s ]
INFO: [ view_parse ] --END-- [ RunTime:0.011198s ]
INFO: [ view_filter ] --START--
INFO: Run Behavior\WriteHtmlCacheBehavior [ RunTime:0.000665s ]
INFO: Run Behavior\TokenBuildBehavior [ RunTime:0.000601s ]
INFO: [ view_filter ] --END-- [ RunTime:0.001393s ]

[ 2017-04-19T17:07:36+08:00 ] ::1 /eshop/index.php/UserCollection/goods/p/2.html
ERR: Cron:cron Runat 2017-04-19 17:07:36 Use 0.000348 s

[ 2017-04-19T17:07:36+08:00 ] ::1 /eshop/index.php/UserCollection/goods/p/2.html
INFO: [ app_begin ] --START--
INFO: Run Behavior\ReadHtmlCacheBehavior [ RunTime:0.000839s ]
INFO: Run Behavior\CronRunBehavior [ RunTime:0.004618s ]
INFO: [ app_begin ] --END-- [ RunTime:0.006136s ]
SQL: SHOW COLUMNS FROM `eshop_collection` [ RunTime:0.0060s ]
SQL: SELECT COUNT(*) AS tp_count FROM eshop_collection c INNER JOIN eshop_good as g on c.targetId = g.id  WHERE `type` = 0 AND `userId` = '20' LIMIT 1   [ RunTime:0.0004s ]
NOTIC: [8] Undefined variable: where D:\wampserver\wamp\www\eshop\App\Home\Controller\UserCollectionController.class.php 第 20 行.
SQL: SELECT g.id goodId,g.name goodName,`shopprice`,`place`,`good_log`,`count`,s.id shopId,s.name shopName FROM eshop_collection c INNER JOIN eshop_good as g on c.targetId = g.id INNER JOIN eshop_goodnav as n on g.id = n.goodId INNER JOIN eshop_shop as s on n.shopId = s.id  LIMIT 1,1   [ RunTime:0.0005s ]
INFO: [ view_parse ] --START--
INFO: [ template_filter ] --START--
INFO: Run Behavior\ContentReplaceBehavior [ RunTime:0.000074s ]
INFO: [ template_filter ] --END-- [ RunTime:0.000185s ]
NOTIC: [8] Undefined index: id D:\wampserver\wamp\www\eshop\App\Runtime\Cache\Home\fd18e49eee24094941aa4ee1697eb909.php 第 33 行.
INFO: Run Behavior\ParseTemplateBehavior [ RunTime:0.011600s ]
INFO: [ view_parse ] --END-- [ RunTime:0.011689s ]
INFO: [ view_filter ] --START--
INFO: Run Behavior\WriteHtmlCacheBehavior [ RunTime:0.000564s ]
INFO: Run Behavior\TokenBuildBehavior [ RunTime:0.000570s ]
INFO: [ view_filter ] --END-- [ RunTime:0.001237s ]

[ 2017-04-19T17:07:40+08:00 ] ::1 /eshop/index.php/UserCollection/goods/p/1.html
ERR: Cron:cron Runat 2017-04-19 17:07:40 Use 0.000359 s

[ 2017-04-19T17:07:40+08:00 ] ::1 /eshop/index.php/UserCollection/goods/p/1.html
INFO: [ app_begin ] --START--
INFO: Run Behavior\ReadHtmlCacheBehavior [ RunTime:0.000973s ]
INFO: Run Behavior\CronRunBehavior [ RunTime:0.004915s ]
INFO: [ app_begin ] --END-- [ RunTime:0.006644s ]
SQL: SHOW COLUMNS FROM `eshop_collection` [ RunTime:0.0068s ]
SQL: SELECT COUNT(*) AS tp_count FROM eshop_collection c INNER JOIN eshop_good as g on c.targetId = g.id  WHERE `type` = 0 AND `userId` = '20' LIMIT 1   [ RunTime:0.0004s ]
NOTIC: [8] Undefined variable: where D:\wampserver\wamp\www\eshop\App\Home\Controller\UserCollectionController.class.php 第 20 行.
SQL: SELECT g.id goodId,g.name goodName,`shopprice`,`place`,`good_log`,`count`,s.id shopId,s.name shopName FROM eshop_collection c INNER JOIN eshop_good as g on c.targetId = g.id INNER JOIN eshop_goodnav as n on g.id = n.goodId INNER JOIN eshop_shop as s on n.shopId = s.id  LIMIT 0,1   [ RunTime:0.0005s ]
INFO: [ view_parse ] --START--
INFO: [ template_filter ] --START--
INFO: Run Behavior\ContentReplaceBehavior [ RunTime:0.000142s ]
INFO: [ template_filter ] --END-- [ RunTime:0.000278s ]
NOTIC: [8] Undefined index: id D:\wampserver\wamp\www\eshop\App\Runtime\Cache\Home\fd18e49eee24094941aa4ee1697eb909.php 第 33 行.
INFO: Run Behavior\ParseTemplateBehavior [ RunTime:0.011623s ]
INFO: [ view_parse ] --END-- [ RunTime:0.011717s ]
INFO: [ view_filter ] --START--
INFO: Run Behavior\WriteHtmlCacheBehavior [ RunTime:0.000649s ]
INFO: Run Behavior\TokenBuildBehavior [ RunTime:0.000581s ]
INFO: [ view_filter ] --END-- [ RunTime:0.001338s ]

[ 2017-04-19T17:08:03+08:00 ] ::1 /eshop/index.php/Home/UserCollection/goods.html
ERR: Cron:cron Runat 2017-04-19 17:08:03 Use 0.000360 s

[ 2017-04-19T17:08:11+08:00 ] ::1 /eshop/index.php/Home/UserCollection/goods.html
ERR: Cron:cron Runat 2017-04-19 17:08:11 Use 0.000360 s

[ 2017-04-19T17:08:57+08:00 ] ::1 /eshop/index.php/Home/UserCollection/goods.html
ERR: Cron:cron Runat 2017-04-19 17:08:57 Use 0.000393 s

[ 2017-04-19T17:09:03+08:00 ] ::1 /eshop/index.php/Home/Index/goodsInfo/id/17.html
ERR: Cron:cron Runat 2017-04-19 17:09:03 Use 0.000492 s

[ 2017-04-19T17:09:20+08:00 ] ::1 /eshop/index.php/Home/UserCollection/goods.html
ERR: Cron:cron Runat 2017-04-19 17:09:20 Use 0.000392 s

[ 2017-04-19T17:09:43+08:00 ] ::1 /eshop/index.php/Home/UserCollection/goods.html
ERR: Cron:cron Runat 2017-04-19 17:09:43 Use 0.000453 s

[ 2017-04-19T17:09:49+08:00 ] ::1 /eshop/index.php/Home/UserCollection/shops.html
ERR: Cron:cron Runat 2017-04-19 17:09:49 Use 0.000375 s

[ 2017-04-19T17:09:52+08:00 ] ::1 /eshop/index.php/Home/UserCollection/goods.html
ERR: Cron:cron Runat 2017-04-19 17:09:52 Use 0.000368 s

[ 2017-04-19T17:09:54+08:00 ] ::1 /eshop/index.php/Home/UserCollection/shops.html
ERR: Cron:cron Runat 2017-04-19 17:09:54 Use 0.000434 s

[ 2017-04-19T17:10:01+08:00 ] ::1 /eshop/index.php/Home/UserCollection/shops.html
ERR: Cron:cron Runat 2017-04-19 17:10:01 Use 0.000431 s

[ 2017-04-19T17:10:06+08:00 ] ::1 /eshop/index.php/Home/UserCollection/shops.html
ERR: Cron:cron Runat 2017-04-19 17:10:06 Use 0.000334 s

[ 2017-04-19T17:10:13+08:00 ] ::1 /eshop/index.php/Home/Shop/index/shopId/3.html
ERR: Cron:cron Runat 2017-04-19 17:10:13 Use 0.000326 s

[ 2017-04-19T17:10:24+08:00 ] ::1 /eshop/index.php/Shop/moreList/shopId/3/scat/5.html
ERR: Cron:cron Runat 2017-04-19 17:10:24 Use 0.000473 s

[ 2017-04-19T17:10:29+08:00 ] ::1 /eshop/index.php/Home/Index/index.html
ERR: Cron:cron Runat 2017-04-19 17:10:29 Use 0.000357 s

[ 2017-04-19T17:10:36+08:00 ] ::1 /eshop/index.php/Home/Shop/index/shopId/3.html
ERR: Cron:cron Runat 2017-04-19 17:10:36 Use 0.000350 s

[ 2017-04-19T17:10:55+08:00 ] ::1 /eshop/index.php/Home/Shop/index/shopId/3.html
ERR: Cron:cron Runat 2017-04-19 17:10:55 Use 0.000385 s

[ 2017-04-19T17:10:57+08:00 ] ::1 /eshop/index.php/Home/UserCollection/shops.html
ERR: Cron:cron Runat 2017-04-19 17:10:57 Use 0.000381 s

[ 2017-04-19T17:11:05+08:00 ] ::1 /eshop/index.php/Home/UserCollection/goods.html
ERR: Cron:cron Runat 2017-04-19 17:11:05 Use 0.000310 s

[ 2017-04-19T17:11:52+08:00 ] ::1 /eshop/index.php/Home/UserCollection/goods.html
ERR: Cron:cron Runat 2017-04-19 17:11:52 Use 0.000383 s

[ 2017-04-19T17:12:14+08:00 ] ::1 /eshop/index.php/Home/UserCollection/goods.html
ERR: Cron:cron Runat 2017-04-19 17:12:14 Use 0.000381 s

[ 2017-04-19T17:12:18+08:00 ] ::1 /eshop/index.php/Home/UserCollection/goods.html
ERR: Cron:cron Runat 2017-04-19 17:12:18 Use 0.000700 s

[ 2017-04-19T17:12:23+08:00 ] ::1 /eshop/index.php/Home/UserCollection/shops.html
ERR: Cron:cron Runat 2017-04-19 17:12:23 Use 0.000391 s

[ 2017-04-19T17:12:45+08:00 ] ::1 /eshop/index.php/Home/UserCollection/shops.html
ERR: Cron:cron Runat 2017-04-19 17:12:45 Use 0.000440 s

[ 2017-04-19T17:12:49+08:00 ] ::1 /eshop/index.php/Home/UserCenter/index.html
ERR: Cron:cron Runat 2017-04-19 17:12:49 Use 0.000385 s

[ 2017-04-19T17:12:51+08:00 ] ::1 /eshop/index.php/UserCenter/modifyPwd.html
ERR: Cron:cron Runat 2017-04-19 17:12:51 Use 0.000455 s

[ 2017-04-19T17:12:53+08:00 ] ::1 /eshop/index.php/UserCenter/address.html
ERR: Cron:cron Runat 2017-04-19 17:12:53 Use 0.000470 s

[ 2017-04-19T17:13:09+08:00 ] ::1 /eshop/index.php/UserCenter/userinfo.html
ERR: Cron:cron Runat 2017-04-19 17:13:09 Use 0.000408 s

[ 2017-04-19T17:13:11+08:00 ] ::1 /eshop/index.php/Home/UserCollection/shops.html
ERR: Cron:cron Runat 2017-04-19 17:13:11 Use 0.000374 s

[ 2017-04-19T17:13:13+08:00 ] ::1 /eshop/index.php/Home/UserCollection/goods.html
ERR: Cron:cron Runat 2017-04-19 17:13:13 Use 0.000523 s

[ 2017-04-19T17:13:19+08:00 ] ::1 /eshop/index.php/Home/UserCollection/goods.html
ERR: Cron:cron Runat 2017-04-19 17:13:19 Use 0.000348 s

[ 2017-04-19T17:13:22+08:00 ] ::1 /eshop/index.php/Home/UserCollection/goods.html
ERR: Cron:cron Runat 2017-04-19 17:13:22 Use 0.000300 s

[ 2017-04-19T17:13:36+08:00 ] ::1 /eshop/index.php/Home/UserCollection/goods.html
ERR: Cron:cron Runat 2017-04-19 17:13:36 Use 0.000434 s

[ 2017-04-19T17:13:47+08:00 ] ::1 /eshop/index.php/Home/UserCollection/ucenter_account.html
ERR: Cron:cron Runat 2017-04-19 17:13:47 Use 0.000460 s

[ 2017-04-19T17:13:47+08:00 ] ::1 /eshop/index.php/Home/UserCollection/ucenter_account.html
ERR: 非法操作:ucenter_account

[ 2017-04-19T17:14:43+08:00 ] ::1 /eshop/index.php/Home/UserCollection/goods.html
ERR: Cron:cron Runat 2017-04-19 17:14:43 Use 0.000346 s

[ 2017-04-19T17:14:56+08:00 ] ::1 /eshop/index.php/Home/UserCollection/goods.html
ERR: Cron:cron Runat 2017-04-19 17:14:56 Use 0.000294 s

[ 2017-04-19T17:14:59+08:00 ] ::1 /eshop/index.php/Home/UserCollection/goods.html
ERR: Cron:cron Runat 2017-04-19 17:14:59 Use 0.000309 s

[ 2017-04-19T17:15:21+08:00 ] ::1 /eshop/index.php/Home/UserCollection/goods.html
ERR: Cron:cron Runat 2017-04-19 17:15:21 Use 0.000413 s

[ 2017-04-19T19:05:53+08:00 ] ::1 /eshop/index.php/Home/Index/goodsInfo/id/17.html
ERR: Cron:cron Runat 2017-04-19 19:05:53 Use 0.016776 s

[ 2017-04-19T19:06:34+08:00 ] ::1 /eshop/index.php/Home/UserCollection/goods.html
ERR: Cron:cron Runat 2017-04-19 19:06:34 Use 0.000333 s

[ 2017-04-19T19:06:36+08:00 ] ::1 /eshop/index.php/Home/Index/goodsInfo/id/17.html
ERR: Cron:cron Runat 2017-04-19 19:06:36 Use 0.000300 s

[ 2017-04-19T19:12:49+08:00 ] ::1 /eshop/index.php/Home/UserCollection/goods.html
ERR: Cron:cron Runat 2017-04-19 19:12:49 Use 0.000378 s

[ 2017-04-19T19:13:27+08:00 ] ::1 /eshop/index.php/Home/UserCollection/goods.html
ERR: Cron:cron Runat 2017-04-19 19:13:27 Use 0.000331 s

[ 2017-04-19T19:18:13+08:00 ] ::1 /eshop/index.php/Home/UserCollection/goods.html
ERR: Cron:cron Runat 2017-04-19 19:18:13 Use 0.000488 s

[ 2017-04-19T19:19:01+08:00 ] ::1 /eshop/index.php/Home/UserCollection/goods.html
ERR: Cron:cron Runat 2017-04-19 19:19:01 Use 0.000410 s

[ 2017-04-19T19:19:51+08:00 ] ::1 /eshop/index.php/Home/UserCollection/goods.html
ERR: Cron:cron Runat 2017-04-19 19:19:51 Use 0.000404 s

[ 2017-04-19T19:19:56+08:00 ] ::1 /eshop/index.php/Home/ShoppingCart/add.html
ERR: Cron:cron Runat 2017-04-19 19:19:56 Use 0.000541 s

[ 2017-04-19T19:19:56+08:00 ] ::1 /eshop/index.php/Home/ShoppingCart/add.html
INFO: [ app_begin ] --START--
INFO: Run Behavior\ReadHtmlCacheBehavior [ RunTime:0.000774s ]
INFO: Run Behavior\CronRunBehavior [ RunTime:0.005523s ]
INFO: [ app_begin ] --END-- [ RunTime:0.006969s ]
INFO: [ app_end ] --START--
INFO: Run Behavior\ShowPageTraceBehavior [ RunTime:0.000964s ]
INFO: [ app_end ] --END-- [ RunTime:0.001055s ]

[ 2017-04-19T19:20:41+08:00 ] ::1 /eshop/index.php/Home/UserCollection/goods.html
ERR: Cron:cron Runat 2017-04-19 19:20:41 Use 0.000379 s

[ 2017-04-19T19:20:43+08:00 ] ::1 /eshop/index.php/Home/ShoppingCart/add.html
ERR: Cron:cron Runat 2017-04-19 19:20:43 Use 0.000345 s

[ 2017-04-19T19:20:43+08:00 ] ::1 /eshop/index.php/Home/ShoppingCart/add.html
INFO: [ app_begin ] --START--
INFO: Run Behavior\ReadHtmlCacheBehavior [ RunTime:0.000921s ]
INFO: Run Behavior\CronRunBehavior [ RunTime:0.005302s ]
INFO: [ app_begin ] --END-- [ RunTime:0.006977s ]
ERR: 页面不存在！

[ 2017-04-19T19:20:55+08:00 ] ::1 /eshop/index.php/Home/UserCollection/goods.html
ERR: Cron:cron Runat 2017-04-19 19:20:55 Use 0.000273 s

[ 2017-04-19T19:20:59+08:00 ] ::1 /eshop/index.php/Home/ShoppingCart/add.html
ERR: Cron:cron Runat 2017-04-19 19:20:59 Use 0.000314 s

[ 2017-04-19T19:20:59+08:00 ] ::1 /eshop/index.php/Home/ShoppingCart/add.html
INFO: [ app_begin ] --START--
INFO: Run Behavior\ReadHtmlCacheBehavior [ RunTime:0.000789s ]
INFO: Run Behavior\CronRunBehavior [ RunTime:0.004864s ]
INFO: [ app_begin ] --END-- [ RunTime:0.006310s ]
INFO: [ app_end ] --START--
INFO: Run Behavior\ShowPageTraceBehavior [ RunTime:0.000934s ]
INFO: [ app_end ] --END-- [ RunTime:0.001032s ]

[ 2017-04-19T19:23:58+08:00 ] ::1 /eshop/index.php/ShoppingCart/index.html
ERR: Cron:cron Runat 2017-04-19 19:23:58 Use 0.000386 s

[ 2017-04-19T19:24:03+08:00 ] ::1 /eshop/index.php/ShoppingCart/shoporders.html
ERR: Cron:cron Runat 2017-04-19 19:24:03 Use 0.000433 s

[ 2017-04-19T19:24:03+08:00 ] ::1 /eshop/index.php/ShoppingCart/shoporders.html
ERR: 非法操作:shoporders

[ 2017-04-19T19:24:16+08:00 ] ::1 /eshop/index.php/Home/UserCenter/index.html
ERR: Cron:cron Runat 2017-04-19 19:24:16 Use 0.000628 s

[ 2017-04-19T19:24:19+08:00 ] ::1 /eshop/index.php/Home/UserCenter/modifyPwd.html
ERR: Cron:cron Runat 2017-04-19 19:24:19 Use 0.000471 s

[ 2017-04-19T19:27:44+08:00 ] ::1 /eshop/index.php/Home/UserCollection/goods.html
ERR: Cron:cron Runat 2017-04-19 19:27:44 Use 0.000469 s

[ 2017-04-19T19:30:00+08:00 ] ::1 /eshop/index.php/Home/UserCollection/goods.html
ERR: Cron:cron Runat 2017-04-19 19:30:00 Use 0.000265 s

[ 2017-04-19T19:32:58+08:00 ] ::1 /eshop/index.php/Home/UserCollection/goods.html
ERR: Cron:cron Runat 2017-04-19 19:32:58 Use 0.000313 s

[ 2017-04-19T19:33:15+08:00 ] ::1 /eshop/index.php/Home/UserCollection/goods.html
ERR: Cron:cron Runat 2017-04-19 19:33:15 Use 0.000488 s

[ 2017-04-19T19:34:52+08:00 ] ::1 /eshop/index.php/Home/UserCollection/goods.html
ERR: Cron:cron Runat 2017-04-19 19:34:52 Use 0.000484 s

[ 2017-04-19T19:34:57+08:00 ] ::1 /eshop/index.php/Home/UserCollection/goods.html
ERR: Cron:cron Runat 2017-04-19 19:34:57 Use 0.000382 s

[ 2017-04-19T19:44:29+08:00 ] ::1 /eshop/index.php/Home/ShoppingCart/add.html
ERR: Cron:cron Runat 2017-04-19 19:44:29 Use 0.000323 s

[ 2017-04-19T19:44:29+08:00 ] ::1 /eshop/index.php/Home/ShoppingCart/add.html
INFO: [ app_begin ] --START--
INFO: Run Behavior\ReadHtmlCacheBehavior [ RunTime:0.001461s ]
INFO: Run Behavior\CronRunBehavior [ RunTime:0.008974s ]
INFO: [ app_begin ] --END-- [ RunTime:0.011200s ]
INFO: [ app_end ] --START--
INFO: Run Behavior\ShowPageTraceBehavior [ RunTime:0.001191s ]
INFO: [ app_end ] --END-- [ RunTime:0.001317s ]

[ 2017-04-19T19:50:23+08:00 ] ::1 /eshop/index.php/Home/ShoppingCart/add.html
ERR: Cron:cron Runat 2017-04-19 19:50:23 Use 0.000361 s

[ 2017-04-19T19:50:23+08:00 ] ::1 /eshop/index.php/Home/ShoppingCart/add.html
INFO: [ app_begin ] --START--
INFO: Run Behavior\ReadHtmlCacheBehavior [ RunTime:0.001521s ]
INFO: Run Behavior\CronRunBehavior [ RunTime:0.006346s ]
INFO: [ app_begin ] --END-- [ RunTime:0.009281s ]
INFO: [ app_end ] --START--
INFO: Run Behavior\ShowPageTraceBehavior [ RunTime:0.000976s ]
INFO: [ app_end ] --END-- [ RunTime:0.001093s ]

[ 2017-04-19T20:46:41+08:00 ] ::1 /eshop/index.php/Home/UserCollection/goods.html
ERR: Cron:cron Runat 2017-04-19 20:46:41 Use 0.000344 s

[ 2017-04-19T20:46:46+08:00 ] ::1 /eshop/index.php/Home/ShoppingCart/add.html
ERR: Cron:cron Runat 2017-04-19 20:46:46 Use 0.000293 s

[ 2017-04-19T20:46:46+08:00 ] ::1 /eshop/index.php/Home/ShoppingCart/add.html
INFO: [ app_begin ] --START--
INFO: Run Behavior\ReadHtmlCacheBehavior [ RunTime:0.001009s ]
INFO: Run Behavior\CronRunBehavior [ RunTime:0.004877s ]
INFO: [ app_begin ] --END-- [ RunTime:0.006675s ]

[ 2017-04-19T20:47:15+08:00 ] ::1 /eshop/index.php/Home/ShoppingCart/add.html
ERR: Cron:cron Runat 2017-04-19 20:47:15 Use 0.000584 s

[ 2017-04-19T20:47:15+08:00 ] ::1 /eshop/index.php/Home/ShoppingCart/add.html
INFO: [ app_begin ] --START--
INFO: Run Behavior\ReadHtmlCacheBehavior [ RunTime:0.001363s ]
INFO: Run Behavior\CronRunBehavior [ RunTime:0.008100s ]
INFO: [ app_begin ] --END-- [ RunTime:0.010237s ]
SQL: SHOW COLUMNS FROM `eshop_good` [ RunTime:0.0055s ]
SQL: SELECT `id`,`name`,`shopPrice`,`good_log` FROM `eshop_good` WHERE `id` = 17 LIMIT 1   [ RunTime:0.0005s ]

[ 2017-04-19T20:48:20+08:00 ] ::1 /eshop/index.php/Home/ShoppingCart/add.html
ERR: Cron:cron Runat 2017-04-19 20:48:20 Use 0.000338 s

[ 2017-04-19T20:48:20+08:00 ] ::1 /eshop/index.php/Home/ShoppingCart/add.html
INFO: [ app_begin ] --START--
INFO: Run Behavior\ReadHtmlCacheBehavior [ RunTime:0.001101s ]
INFO: Run Behavior\CronRunBehavior [ RunTime:0.085961s ]
INFO: [ app_begin ] --END-- [ RunTime:0.087921s ]

[ 2017-04-19T20:48:30+08:00 ] ::1 /eshop/index.php/Home/ShoppingCart/add.html
ERR: Cron:cron Runat 2017-04-19 20:48:30 Use 0.000345 s

[ 2017-04-19T20:48:30+08:00 ] ::1 /eshop/index.php/Home/ShoppingCart/add.html
INFO: [ app_begin ] --START--
INFO: Run Behavior\ReadHtmlCacheBehavior [ RunTime:0.000817s ]
INFO: Run Behavior\CronRunBehavior [ RunTime:0.005950s ]
INFO: [ app_begin ] --END-- [ RunTime:0.007448s ]
SQL: SHOW COLUMNS FROM `eshop_good` [ RunTime:0.0069s ]
SQL: SELECT `id`,`name`,`shopPrice`,`good_log` FROM `eshop_good` WHERE `id` = 17 LIMIT 1   [ RunTime:0.0004s ]

[ 2017-04-19T20:49:11+08:00 ] ::1 /eshop/index.php/Home/ShoppingCart/add.html
ERR: Cron:cron Runat 2017-04-19 20:49:11 Use 0.000399 s

[ 2017-04-19T20:49:11+08:00 ] ::1 /eshop/index.php/Home/ShoppingCart/add.html
INFO: [ app_begin ] --START--
INFO: Run Behavior\ReadHtmlCacheBehavior [ RunTime:0.001527s ]
INFO: Run Behavior\CronRunBehavior [ RunTime:0.004962s ]
INFO: [ app_begin ] --END-- [ RunTime:0.007341s ]
SQL: SHOW COLUMNS FROM `eshop_good` [ RunTime:0.0059s ]
SQL: SELECT `id`,`name`,`shopPrice`,`good_log` FROM `eshop_good` WHERE `id` = 17 LIMIT 1   [ RunTime:0.0006s ]

[ 2017-04-19T20:49:40+08:00 ] ::1 /eshop/index.php/Home/ShoppingCart/add.html
ERR: Cron:cron Runat 2017-04-19 20:49:40 Use 0.000352 s

[ 2017-04-19T20:49:40+08:00 ] ::1 /eshop/index.php/Home/ShoppingCart/add.html
INFO: [ app_begin ] --START--
INFO: Run Behavior\ReadHtmlCacheBehavior [ RunTime:0.000979s ]
INFO: Run Behavior\CronRunBehavior [ RunTime:0.005550s ]
INFO: [ app_begin ] --END-- [ RunTime:0.007356s ]
SQL: SHOW COLUMNS FROM `eshop_good` [ RunTime:0.0052s ]
SQL: SELECT `id`,`name`,`shopPrice`,`good_log` FROM `eshop_good` WHERE `id` = 17 LIMIT 1   [ RunTime:0.0004s ]
SQL: SHOW COLUMNS FROM `eshop_cart` [ RunTime:0.0049s ]
SQL: SELECT * FROM `eshop_cart` WHERE `goodId` = 17 AND `userId` = 20 LIMIT 1   [ RunTime:0.0006s ]
SQL: INSERT INTO `eshop_cart` (`goodId`,`userId`,`mount`) VALUES ('17','20','1') [ RunTime:0.1454s ]
NOTIC: [8] Undefined index: cart D:\wampserver\wamp\www\eshop\App\Home\Controller\ShoppingCartController.class.php 第 57 行.
INFO: [ app_end ] --START--
INFO: Run Behavior\ShowPageTraceBehavior [ RunTime:0.001206s ]
INFO: [ app_end ] --END-- [ RunTime:0.001313s ]

[ 2017-04-19T20:50:08+08:00 ] ::1 /eshop/index.php/Home/Shoper/loginout.html
ERR: Cron:cron Runat 2017-04-19 20:50:08 Use 0.000338 s

[ 2017-04-19T20:50:11+08:00 ] ::1 /eshop/index.php/Index/index.html
ERR: Cron:cron Runat 2017-04-19 20:50:11 Use 0.000436 s

[ 2017-04-19T20:50:15+08:00 ] ::1 /eshop/index.php/Home/UserCenter/index.html
ERR: Cron:cron Runat 2017-04-19 20:50:15 Use 0.000426 s

[ 2017-04-19T20:50:19+08:00 ] ::1 /eshop/index.php/Home/User/loginout.html
ERR: Cron:cron Runat 2017-04-19 20:50:19 Use 0.000396 s

[ 2017-04-19T20:50:23+08:00 ] ::1 /eshop/index.php/Index/index.html
ERR: Cron:cron Runat 2017-04-19 20:50:23 Use 0.000395 s

[ 2017-04-19T20:50:31+08:00 ] ::1 /eshop/index.php/Home/User/loginout.html
ERR: Cron:cron Runat 2017-04-19 20:50:31 Use 0.000485 s

[ 2017-04-19T20:50:53+08:00 ] ::1 /eshop/index.php/Home/Shop/index/shopId/3.html
ERR: Cron:cron Runat 2017-04-19 20:50:53 Use 0.000722 s

[ 2017-04-19T20:51:15+08:00 ] ::1 /eshop/index.php/Home/Index/index.html
ERR: Cron:cron Runat 2017-04-19 20:51:15 Use 0.000635 s

[ 2017-04-19T20:51:53+08:00 ] ::1 /eshop/index.php/Home/Index/index.html
ERR: Cron:cron Runat 2017-04-19 20:51:53 Use 0.000376 s

[ 2017-04-19T20:51:55+08:00 ] ::1 /eshop/index.php/Home/UserCenter/index.html
ERR: Cron:cron Runat 2017-04-19 20:51:55 Use 0.000380 s

[ 2017-04-19T20:52:00+08:00 ] ::1 /eshop/index.php/Home/Shop/index/shopId/3.html
ERR: Cron:cron Runat 2017-04-19 20:52:00 Use 0.000378 s

[ 2017-04-19T20:53:23+08:00 ] ::1 /eshop/index.php/Home/Shop/index/shopId/3.html
ERR: Cron:cron Runat 2017-04-19 20:53:23 Use 0.000280 s

[ 2017-04-19T20:55:24+08:00 ] ::1 /eshop/index.php/Home/Shop/index/shopId/3.html
ERR: Cron:cron Runat 2017-04-19 20:55:24 Use 0.000420 s

[ 2017-04-19T20:55:55+08:00 ] ::1 /eshop/index.php/Home/ShoppingCart/add.html
ERR: Cron:cron Runat 2017-04-19 20:55:55 Use 0.000397 s

[ 2017-04-19T20:55:55+08:00 ] ::1 /eshop/index.php/Home/ShoppingCart/add.html
INFO: [ app_begin ] --START--
INFO: Run Behavior\ReadHtmlCacheBehavior [ RunTime:0.000747s ]
INFO: Run Behavior\CronRunBehavior [ RunTime:0.005196s ]
INFO: [ app_begin ] --END-- [ RunTime:0.006620s ]
SQL: SHOW COLUMNS FROM `eshop_good` [ RunTime:0.0098s ]
SQL: SELECT `id`,`name`,`shopPrice`,`good_log` FROM `eshop_good` WHERE `id` = 13 LIMIT 1   [ RunTime:0.0005s ]
INFO: [ app_end ] --START--
INFO: Run Behavior\ShowPageTraceBehavior [ RunTime:0.001187s ]
INFO: [ app_end ] --END-- [ RunTime:0.001312s ]

[ 2017-04-19T21:17:33+08:00 ] ::1 /eshop/index.php/Home/Shop/index/shopId/3.html
ERR: Cron:cron Runat 2017-04-19 21:17:33 Use 0.000359 s

[ 2017-04-19T21:17:39+08:00 ] ::1 /eshop/index.php/Home/ShoppingCart/add.html
ERR: Cron:cron Runat 2017-04-19 21:17:39 Use 0.000300 s

[ 2017-04-19T21:17:39+08:00 ] ::1 /eshop/index.php/Home/ShoppingCart/add.html
INFO: [ app_begin ] --START--
INFO: Run Behavior\ReadHtmlCacheBehavior [ RunTime:0.000765s ]
INFO: Run Behavior\CronRunBehavior [ RunTime:0.006249s ]
INFO: [ app_begin ] --END-- [ RunTime:0.007961s ]
SQL: SHOW COLUMNS FROM `eshop_good` [ RunTime:0.0060s ]
SQL: SELECT `id`,`name`,`shopPrice`,`good_log` FROM `eshop_good` WHERE `id` = 14 LIMIT 1   [ RunTime:0.0004s ]
INFO: [ app_end ] --START--
INFO: Run Behavior\ShowPageTraceBehavior [ RunTime:0.000935s ]
INFO: [ app_end ] --END-- [ RunTime:0.001030s ]

[ 2017-04-19T21:18:40+08:00 ] ::1 /eshop/index.php/Home/Shop/index/shopId/3.html
ERR: Cron:cron Runat 2017-04-19 21:18:40 Use 0.000310 s

[ 2017-04-19T21:18:44+08:00 ] ::1 /eshop/index.php/Home/ShoppingCart/add.html
ERR: Cron:cron Runat 2017-04-19 21:18:44 Use 0.000383 s

[ 2017-04-19T21:18:44+08:00 ] ::1 /eshop/index.php/Home/ShoppingCart/add.html
INFO: [ app_begin ] --START--
INFO: Run Behavior\ReadHtmlCacheBehavior [ RunTime:0.000762s ]
INFO: Run Behavior\CronRunBehavior [ RunTime:0.005990s ]
INFO: [ app_begin ] --END-- [ RunTime:0.007406s ]
SQL: SHOW COLUMNS FROM `eshop_good` [ RunTime:0.0073s ]
SQL: SELECT `id`,`name`,`shopPrice`,`good_log` FROM `eshop_good` WHERE `id` = 17 LIMIT 1   [ RunTime:0.0004s ]
INFO: [ app_end ] --START--
INFO: Run Behavior\ShowPageTraceBehavior [ RunTime:0.000915s ]
INFO: [ app_end ] --END-- [ RunTime:0.001010s ]

[ 2017-04-19T21:19:05+08:00 ] ::1 /eshop/index.php/Home/ShoppingCart/add.html
ERR: Cron:cron Runat 2017-04-19 21:19:05 Use 0.000289 s

[ 2017-04-19T21:19:05+08:00 ] ::1 /eshop/index.php/Home/ShoppingCart/add.html
INFO: [ app_begin ] --START--
INFO: Run Behavior\ReadHtmlCacheBehavior [ RunTime:0.000822s ]
INFO: Run Behavior\CronRunBehavior [ RunTime:0.005136s ]
INFO: [ app_begin ] --END-- [ RunTime:0.006609s ]
SQL: SHOW COLUMNS FROM `eshop_good` [ RunTime:0.0055s ]
SQL: SELECT `id`,`name`,`shopPrice`,`good_log` FROM `eshop_good` WHERE `id` = 14 LIMIT 1   [ RunTime:0.0005s ]
INFO: [ app_end ] --START--
INFO: Run Behavior\ShowPageTraceBehavior [ RunTime:0.001008s ]
INFO: [ app_end ] --END-- [ RunTime:0.001115s ]

[ 2017-04-19T21:19:25+08:00 ] ::1 /eshop/index.php/Home/ShoppingCart/add.html
ERR: Cron:cron Runat 2017-04-19 21:19:25 Use 0.000377 s

[ 2017-04-19T21:19:25+08:00 ] ::1 /eshop/index.php/Home/ShoppingCart/add.html
INFO: [ app_begin ] --START--
INFO: Run Behavior\ReadHtmlCacheBehavior [ RunTime:0.001618s ]
INFO: Run Behavior\CronRunBehavior [ RunTime:0.005725s ]
INFO: [ app_begin ] --END-- [ RunTime:0.008271s ]
SQL: SHOW COLUMNS FROM `eshop_good` [ RunTime:0.0065s ]
SQL: SELECT `id`,`name`,`shopPrice`,`good_log` FROM `eshop_good` WHERE `id` = 14 LIMIT 1   [ RunTime:0.0003s ]
INFO: [ app_end ] --START--
INFO: Run Behavior\ShowPageTraceBehavior [ RunTime:0.001021s ]
INFO: [ app_end ] --END-- [ RunTime:0.001105s ]

[ 2017-04-19T21:19:42+08:00 ] ::1 /eshop/index.php/Home/ShoppingCart/add.html
ERR: Cron:cron Runat 2017-04-19 21:19:42 Use 0.000332 s

[ 2017-04-19T21:19:42+08:00 ] ::1 /eshop/index.php/Home/ShoppingCart/add.html
INFO: [ app_begin ] --START--
INFO: Run Behavior\ReadHtmlCacheBehavior [ RunTime:0.001071s ]
INFO: Run Behavior\CronRunBehavior [ RunTime:0.005744s ]
INFO: [ app_begin ] --END-- [ RunTime:0.007684s ]
SQL: SHOW COLUMNS FROM `eshop_good` [ RunTime:0.0060s ]
SQL: SELECT `id`,`name`,`shopPrice`,`good_log` FROM `eshop_good` WHERE `id` = 16 LIMIT 1   [ RunTime:0.0004s ]
INFO: [ app_end ] --START--
INFO: Run Behavior\ShowPageTraceBehavior [ RunTime:0.001088s ]
INFO: [ app_end ] --END-- [ RunTime:0.001197s ]

[ 2017-04-19T21:20:45+08:00 ] ::1 /eshop/index.php/Home/Shop/index/shopId/3.html
ERR: Cron:cron Runat 2017-04-19 21:20:45 Use 0.000318 s

[ 2017-04-19T21:20:49+08:00 ] ::1 /eshop/index.php/Home/ShoppingCart/add.html
ERR: Cron:cron Runat 2017-04-19 21:20:49 Use 0.000322 s

[ 2017-04-19T21:20:49+08:00 ] ::1 /eshop/index.php/Home/ShoppingCart/add.html
INFO: [ app_begin ] --START--
INFO: Run Behavior\ReadHtmlCacheBehavior [ RunTime:0.001031s ]
INFO: Run Behavior\CronRunBehavior [ RunTime:0.005357s ]
INFO: [ app_begin ] --END-- [ RunTime:0.007189s ]
SQL: SHOW COLUMNS FROM `eshop_good` [ RunTime:0.0085s ]
SQL: SELECT `id`,`name`,`shopPrice`,`good_log` FROM `eshop_good` WHERE `id` = 16 LIMIT 1   [ RunTime:0.0004s ]
INFO: [ app_end ] --START--
INFO: Run Behavior\ShowPageTraceBehavior [ RunTime:0.000955s ]
INFO: [ app_end ] --END-- [ RunTime:0.001070s ]

[ 2017-04-19T21:23:29+08:00 ] ::1 /eshop/index.php/Home/Shop/index/shopId/3.html
ERR: Cron:cron Runat 2017-04-19 21:23:29 Use 0.000440 s

[ 2017-04-19T21:23:31+08:00 ] ::1 /eshop/index.php/Home/ShoppingCart/add.html
ERR: Cron:cron Runat 2017-04-19 21:23:31 Use 0.000431 s

[ 2017-04-19T21:23:31+08:00 ] ::1 /eshop/index.php/Home/ShoppingCart/add.html
INFO: [ app_begin ] --START--
INFO: Run Behavior\ReadHtmlCacheBehavior [ RunTime:0.001234s ]
INFO: Run Behavior\CronRunBehavior [ RunTime:0.005470s ]
INFO: [ app_begin ] --END-- [ RunTime:0.007700s ]
SQL: SHOW COLUMNS FROM `eshop_good` [ RunTime:0.0465s ]
SQL: SELECT `id`,`name`,`shopPrice`,`good_log` FROM `eshop_good` WHERE `id` = 13 LIMIT 1   [ RunTime:0.0005s ]
INFO: [ app_end ] --START--
INFO: Run Behavior\ShowPageTraceBehavior [ RunTime:0.001287s ]
INFO: [ app_end ] --END-- [ RunTime:0.001428s ]

[ 2017-04-19T21:24:31+08:00 ] ::1 /eshop/index.php/Home/ShoppingCart/add.html
ERR: Cron:cron Runat 2017-04-19 21:24:31 Use 0.000322 s

[ 2017-04-19T21:24:31+08:00 ] ::1 /eshop/index.php/Home/ShoppingCart/add.html
INFO: [ app_begin ] --START--
INFO: Run Behavior\ReadHtmlCacheBehavior [ RunTime:0.000788s ]
INFO: Run Behavior\CronRunBehavior [ RunTime:0.005467s ]
INFO: [ app_begin ] --END-- [ RunTime:0.007113s ]
SQL: SHOW COLUMNS FROM `eshop_good` [ RunTime:0.0066s ]
SQL: SELECT `id`,`name`,`shopPrice`,`good_log` FROM `eshop_good` WHERE `id` = 14 LIMIT 1   [ RunTime:0.0004s ]
INFO: [ app_end ] --START--
INFO: Run Behavior\ShowPageTraceBehavior [ RunTime:0.000959s ]
INFO: [ app_end ] --END-- [ RunTime:0.001048s ]

[ 2017-04-19T21:25:06+08:00 ] ::1 /eshop/index.php/Home/ShoppingCart/add.html
ERR: Cron:cron Runat 2017-04-19 21:25:06 Use 0.000551 s

[ 2017-04-19T21:25:06+08:00 ] ::1 /eshop/index.php/Home/ShoppingCart/add.html
INFO: [ app_begin ] --START--
INFO: Run Behavior\ReadHtmlCacheBehavior [ RunTime:0.001872s ]
INFO: Run Behavior\CronRunBehavior [ RunTime:0.011790s ]
INFO: [ app_begin ] --END-- [ RunTime:0.014841s ]
SQL: SHOW COLUMNS FROM `eshop_good` [ RunTime:0.0065s ]
SQL: SELECT `id`,`name`,`shopPrice`,`good_log` FROM `eshop_good` WHERE `id` = 14 LIMIT 1   [ RunTime:0.0006s ]
NOTIC: [8] Use of undefined constant iii - assumed 'iii' D:\wampserver\wamp\www\eshop\App\Home\Controller\ShoppingCartController.class.php 第 35 行.
INFO: [ app_end ] --START--
INFO: Run Behavior\ShowPageTraceBehavior [ RunTime:0.001327s ]
INFO: [ app_end ] --END-- [ RunTime:0.001464s ]

[ 2017-04-19T21:27:12+08:00 ] ::1 /eshop/index.php/Home/ShoppingCart/add.html
ERR: Cron:cron Runat 2017-04-19 21:27:12 Use 0.000405 s

[ 2017-04-19T21:27:12+08:00 ] ::1 /eshop/index.php/Home/ShoppingCart/add.html
INFO: [ app_begin ] --START--
INFO: Run Behavior\ReadHtmlCacheBehavior [ RunTime:0.000880s ]
INFO: Run Behavior\CronRunBehavior [ RunTime:0.004682s ]
INFO: [ app_begin ] --END-- [ RunTime:0.006412s ]
SQL: SHOW COLUMNS FROM `eshop_good` [ RunTime:0.0076s ]
SQL: SELECT `id`,`name`,`shopPrice`,`good_log` FROM `eshop_good` WHERE `id` = 13 LIMIT 1   [ RunTime:0.0004s ]
INFO: [ app_end ] --START--
INFO: Run Behavior\ShowPageTraceBehavior [ RunTime:0.001165s ]
INFO: [ app_end ] --END-- [ RunTime:0.001295s ]

