[ 2017-03-22T08:47:28+08:00 ] ::1 /eshop/index.php/Shoper/checkVerify.html
INFO: [ app_begin ] --START--
INFO: Run Behavior\ReadHtmlCacheBehavior [ RunTime:0.000829s ]
INFO: [ app_begin ] --END-- [ RunTime:0.001488s ]
INFO: [ app_end ] --START--
INFO: Run Behavior\ShowPageTraceBehavior [ RunTime:0.000919s ]
INFO: [ app_end ] --END-- [ RunTime:0.001014s ]

[ 2017-03-22T08:47:29+08:00 ] ::1 /eshop/index.php/Shoper/doLogin.html
INFO: [ app_begin ] --START--
INFO: Run Behavior\ReadHtmlCacheBehavior [ RunTime:0.000781s ]
INFO: [ app_begin ] --END-- [ RunTime:0.001370s ]
SQL: SHOW COLUMNS FROM `eshop_shoper` [ RunTime:0.2792s ]
SQL: SELECT * FROM `eshop_shoper` WHERE `name` = 'Shoper3' LIMIT 1   [ RunTime:0.1589s ]
NOTIC: [2] fopen(D:\wampserver\wamp\www\eshop\ThinkPHP\Library\Org\Net/UTFWry.dat): failed to open stream: No such file or directory D:\wampserver\wamp\www\eshop\ThinkPHP\Library\Org\Net\IpLocation.class.php 第 54 行.
SQL: SHOW COLUMNS FROM `eshop_shoper_log` [ RunTime:0.0145s ]
NOTIC: [8] Undefined index: validate D:\wampserver\wamp\www\eshop\ThinkPHP\Library\Think\Model.class.php 第 1185 行.
NOTIC: [8] Undefined index: auto D:\wampserver\wamp\www\eshop\ThinkPHP\Library\Think\Model.class.php 第 1128 行.
SQL: INSERT INTO `eshop_shoper_log` (`shoperId`,`action`,`ip`,`location`,`time`) VALUES ('13','登录','0.0.0.0',NULL,'1490143649') [ RunTime:0.2332s ]

[ 2017-03-22T09:41:47+08:00 ] ::1 /eshop/index.php/Home/ShopCart/index.html
ERR: Cron:cron Runat 2017-03-22 09:41:47 Use 0.000444 s

[ 2017-03-22T09:41:54+08:00 ] ::1 /eshop/index.php/Home/ShopCart/index.html
ERR: Cron:cron Runat 2017-03-22 09:41:54 Use 0.000414 s

[ 2017-03-22T09:42:05+08:00 ] ::1 /eshop/index.php/Home/ShopCart/index.html
ERR: Cron:cron Runat 2017-03-22 09:42:05 Use 0.000401 s

[ 2017-03-22T09:42:07+08:00 ] ::1 /eshop/index.php/Home/ShopCart/index.html
ERR: Cron:cron Runat 2017-03-22 09:42:07 Use 0.000375 s

[ 2017-03-22T09:49:50+08:00 ] ::1 /eshop/index.php/Home/ShopCart/index.html
ERR: Cron:cron Runat 2017-03-22 09:49:50 Use 0.000421 s

[ 2017-03-22T09:50:10+08:00 ] ::1 /eshop/index.php/Home/ShopCart/index.html
ERR: Cron:cron Runat 2017-03-22 09:50:10 Use 0.000343 s

[ 2017-03-22T09:51:46+08:00 ] ::1 /eshop/index.php/Home/ShopCart/index.html
ERR: Cron:cron Runat 2017-03-22 09:51:46 Use 0.000333 s

[ 2017-03-22T09:52:39+08:00 ] ::1 /eshop/index.php/Home/ShopCart/index.html
ERR: Cron:cron Runat 2017-03-22 09:52:39 Use 0.000735 s

[ 2017-03-22T10:14:44+08:00 ] ::1 /eshop/index.php/Home/ShopCart/index.html
ERR: Cron:cron Runat 2017-03-22 10:14:44 Use 0.000363 s

[ 2017-03-22T10:14:46+08:00 ] ::1 /eshop/index.php/Home/ShopCart/index.html
ERR: Cron:cron Runat 2017-03-22 10:14:46 Use 0.000391 s

[ 2017-03-22T10:14:48+08:00 ] ::1 /eshop/index.php/Home/ShopCart/index.html
ERR: Cron:cron Runat 2017-03-22 10:14:48 Use 0.000383 s

[ 2017-03-22T11:01:28+08:00 ] ::1 /eshop/index.php/Home/ShopCart/index.html
ERR: Cron:cron Runat 2017-03-22 11:01:28 Use 0.000436 s

[ 2017-03-22T11:10:34+08:00 ] ::1 /eshop/index.php/Home/ShopCart/index.html
ERR: Cron:cron Runat 2017-03-22 11:10:34 Use 0.000544 s

[ 2017-03-22T11:11:12+08:00 ] ::1 /eshop/index.php/Home/Good/add.html
ERR: Cron:cron Runat 2017-03-22 11:11:12 Use 0.000466 s

[ 2017-03-22T11:11:30+08:00 ] ::1 /eshop/index.php/Home/Good/add.html
ERR: Cron:cron Runat 2017-03-22 11:11:30 Use 0.000406 s

[ 2017-03-22T14:06:34+08:00 ] ::1 /eshop/index.php/Home/UserCenter/index.html
ERR: Cron:cron Runat 2017-03-22 14:06:34 Use 0.000500 s

[ 2017-03-22T14:06:42+08:00 ] ::1 /eshop/index.php/Home/ShopCart/index.html
ERR: Cron:cron Runat 2017-03-22 14:06:42 Use 0.000505 s

[ 2017-03-22T14:08:00+08:00 ] ::1 /eshop/index.php/Home/ShopCart/index.html
ERR: Cron:cron Runat 2017-03-22 14:08:00 Use 0.000757 s

[ 2017-03-22T14:08:07+08:00 ] ::1 /eshop/index.php/Home/ShopCart/index.html
ERR: Cron:cron Runat 2017-03-22 14:08:07 Use 0.000910 s

[ 2017-03-22T14:08:10+08:00 ] ::1 /eshop/index.php/Home/ShoperCenter/log.html
ERR: Cron:cron Runat 2017-03-22 14:08:10 Use 0.000454 s

[ 2017-03-22T14:11:17+08:00 ] ::1 /eshop/index.php/Home/ShopCart/index.html
ERR: Cron:cron Runat 2017-03-22 14:11:17 Use 0.000658 s

[ 2017-03-22T14:11:19+08:00 ] ::1 /eshop/index.php/Home/ShoperCenter/log.html
ERR: Cron:cron Runat 2017-03-22 14:11:19 Use 0.000598 s

[ 2017-03-22T14:11:45+08:00 ] ::1 /eshop/index.php/Home/ShoperCenter/log.html
ERR: Cron:cron Runat 2017-03-22 14:11:45 Use 0.000455 s

[ 2017-03-22T14:13:13+08:00 ] ::1 /eshop/index.php/Home/ShoperCenter/log.html
ERR: Cron:cron Runat 2017-03-22 14:13:13 Use 0.000953 s

[ 2017-03-22T14:14:27+08:00 ] ::1 /eshop/index.php/Home/ShoperCenter/log.html
ERR: Cron:cron Runat 2017-03-22 14:14:27 Use 0.000694 s

[ 2017-03-22T20:11:11+08:00 ] ::1 /eshop/index.php/Home/ShoperCenter/log.html
ERR: Cron:cron Runat 2017-03-22 20:11:11 Use 0.000396 s

[ 2017-03-22T20:11:24+08:00 ] ::1 /eshop/index.php/Home/ShoperCenter/log.html
ERR: Cron:cron Runat 2017-03-22 20:11:24 Use 0.000293 s

[ 2017-03-22T20:11:28+08:00 ] ::1 /eshop/index.php/ShoperCenter/log/p/2.html
ERR: Cron:cron Runat 2017-03-22 20:11:28 Use 0.000374 s

[ 2017-03-22T20:11:30+08:00 ] ::1 /eshop/index.php/ShoperCenter/log/p/3.html
ERR: Cron:cron Runat 2017-03-22 20:11:30 Use 0.000309 s

[ 2017-03-22T20:15:04+08:00 ] ::1 /eshop/index.php/ShoperCenter/log/p/3.html
ERR: Cron:cron Runat 2017-03-22 20:15:04 Use 0.000232 s

[ 2017-03-22T20:15:16+08:00 ] ::1 /eshop/index.php/ShoperCenter/log/p/1.html
ERR: Cron:cron Runat 2017-03-22 20:15:16 Use 0.000359 s

[ 2017-03-22T20:16:20+08:00 ] ::1 /eshop/index.php/Home/ShoperCenter/log.html
ERR: Cron:cron Runat 2017-03-22 20:16:20 Use 0.000410 s

[ 2017-03-22T20:16:24+08:00 ] ::1 /eshop/index.php/Home/ShoperCenter/log.html
ERR: Cron:cron Runat 2017-03-22 20:16:24 Use 0.000422 s

[ 2017-03-22T20:16:31+08:00 ] ::1 /eshop/index.php/Home/ShopCart/index.html
ERR: Cron:cron Runat 2017-03-22 20:16:31 Use 0.000511 s

[ 2017-03-22T20:16:33+08:00 ] ::1 /eshop/index.php/Home/ShoperCenter/log.html
ERR: Cron:cron Runat 2017-03-22 20:16:33 Use 0.000373 s

[ 2017-03-22T20:16:37+08:00 ] ::1 /eshop/index.php/Home/ShoperCenter/log.html
ERR: Cron:cron Runat 2017-03-22 20:16:37 Use 0.000411 s

[ 2017-03-22T20:16:41+08:00 ] ::1 /eshop/index.php/ShoperCenter/modifyPwd.html
ERR: Cron:cron Runat 2017-03-22 20:16:41 Use 0.000361 s

[ 2017-03-22T20:16:57+08:00 ] ::1 /eshop/index.php/ShoperCenter/log/p/2.html
ERR: Cron:cron Runat 2017-03-22 20:16:57 Use 0.000540 s

[ 2017-03-22T20:16:59+08:00 ] ::1 /eshop/index.php/ShoperCenter/log/p/3.html
ERR: Cron:cron Runat 2017-03-22 20:16:59 Use 0.000422 s

[ 2017-03-22T20:17:58+08:00 ] ::1 /eshop/index.php/ShoperCenter/log/p/3.html
ERR: Cron:cron Runat 2017-03-22 20:17:58 Use 0.000614 s

[ 2017-03-22T20:18:02+08:00 ] ::1 /eshop/index.php/ShoperCenter/log/p/3.html
ERR: Cron:cron Runat 2017-03-22 20:18:02 Use 0.000362 s

[ 2017-03-22T20:18:07+08:00 ] ::1 /eshop/index.php/ShoperCenter/log/
ERR: Cron:cron Runat 2017-03-22 20:18:07 Use 0.000342 s

[ 2017-03-22T20:18:24+08:00 ] ::1 /eshop/index.php/ShoperCenter/log/
ERR: Cron:cron Runat 2017-03-22 20:18:24 Use 0.000393 s

[ 2017-03-22T20:19:37+08:00 ] ::1 /eshop/index.php/ShoperCenter/log/
ERR: Cron:cron Runat 2017-03-22 20:19:37 Use 0.000306 s

[ 2017-03-22T20:19:41+08:00 ] ::1 /eshop/index.php/ShoperCenter/log/
ERR: Cron:cron Runat 2017-03-22 20:19:41 Use 0.000416 s

[ 2017-03-22T20:19:51+08:00 ] ::1 /eshop/index.php/ShoperCenter/log/
ERR: Cron:cron Runat 2017-03-22 20:19:51 Use 0.000291 s

[ 2017-03-22T20:19:53+08:00 ] ::1 /eshop/index.php/ShoperCenter/log/
ERR: Cron:cron Runat 2017-03-22 20:19:53 Use 0.000402 s

[ 2017-03-22T20:20:02+08:00 ] ::1 /eshop/index.php/ShoperCenter/log/
ERR: Cron:cron Runat 2017-03-22 20:20:02 Use 0.000263 s

[ 2017-03-22T20:20:21+08:00 ] ::1 /eshop/index.php/ShoperCenter/log/
ERR: Cron:cron Runat 2017-03-22 20:20:21 Use 0.000417 s

[ 2017-03-22T20:20:36+08:00 ] ::1 /eshop/index.php/ShoperCenter/log/
ERR: Cron:cron Runat 2017-03-22 20:20:36 Use 0.000234 s

[ 2017-03-22T20:20:43+08:00 ] ::1 /eshop/index.php/ShoperCenter/log/
ERR: Cron:cron Runat 2017-03-22 20:20:43 Use 0.000381 s

[ 2017-03-22T20:20:46+08:00 ] ::1 /eshop/index.php/ShoperCenter/log/p/2.html
ERR: Cron:cron Runat 2017-03-22 20:20:46 Use 0.000363 s

[ 2017-03-22T20:20:53+08:00 ] ::1 /eshop/index.php/ShoperCenter/log/p/2.html
ERR: Cron:cron Runat 2017-03-22 20:20:53 Use 0.000403 s

[ 2017-03-22T20:21:23+08:00 ] ::1 /eshop/index.php/Home/Good/add.html
ERR: Cron:cron Runat 2017-03-22 20:21:23 Use 0.000337 s

[ 2017-03-22T20:22:06+08:00 ] ::1 /eshop/index.php/Home/Good/add.html
ERR: Cron:cron Runat 2017-03-22 20:22:06 Use 0.000411 s

[ 2017-03-22T20:22:10+08:00 ] ::1 /eshop/index.php/Home/ShoperCenter/log.html
ERR: Cron:cron Runat 2017-03-22 20:22:10 Use 0.000398 s

[ 2017-03-22T20:22:22+08:00 ] ::1 /eshop/index.php/ShoperCenter/log/p/2.html
ERR: Cron:cron Runat 2017-03-22 20:22:22 Use 0.000312 s

[ 2017-03-22T20:22:22+08:00 ] ::1 /eshop/index.php/ShoperCenter/log/p/2.html
INFO: [ app_begin ] --START--
INFO: Run Behavior\ReadHtmlCacheBehavior [ RunTime:0.000983s ]
INFO: Run Behavior\CronRunBehavior [ RunTime:0.004073s ]
INFO: [ app_begin ] --END-- [ RunTime:0.005761s ]
SQL: SHOW COLUMNS FROM `eshop_shoper_log` [ RunTime:0.0042s ]
SQL: SELECT COUNT(*) AS tp_count FROM `eshop_shoper_log` WHERE `shoperId` = 13 AND `is_show` = 1 LIMIT 1   [ RunTime:0.0004s ]
SQL: SELECT * FROM `eshop_shoper_log` WHERE `shoperId` = 13 AND `is_show` = 1 ORDER BY time desc LIMIT 4,4   [ RunTime:0.0005s ]
INFO: [ view_parse ] --START--
INFO: [ template_filter ] --START--
INFO: Run Behavior\ContentReplaceBehavior [ RunTime:0.000082s ]
INFO: [ template_filter ] --END-- [ RunTime:0.000219s ]
INFO: Run Behavior\ParseTemplateBehavior [ RunTime:0.055811s ]
INFO: [ view_parse ] --END-- [ RunTime:0.055902s ]
INFO: [ view_filter ] --START--
INFO: Run Behavior\WriteHtmlCacheBehavior [ RunTime:0.000538s ]
INFO: Run Behavior\TokenBuildBehavior [ RunTime:0.000508s ]
INFO: [ view_filter ] --END-- [ RunTime:0.001150s ]

[ 2017-03-22T20:22:59+08:00 ] ::1 /eshop/index.php/Home/ShoperCenter/log.html
ERR: Cron:cron Runat 2017-03-22 20:22:59 Use 0.000251 s

[ 2017-03-22T20:23:19+08:00 ] ::1 /eshop/index.php/ShoperCenter/log/p/2.html
ERR: Cron:cron Runat 2017-03-22 20:23:19 Use 0.000271 s

[ 2017-03-22T20:23:19+08:00 ] ::1 /eshop/index.php/ShoperCenter/log/p/2.html
INFO: [ app_begin ] --START--
INFO: Run Behavior\ReadHtmlCacheBehavior [ RunTime:0.001009s ]
INFO: Run Behavior\CronRunBehavior [ RunTime:0.003906s ]
INFO: [ app_begin ] --END-- [ RunTime:0.005558s ]
SQL: SHOW COLUMNS FROM `eshop_shoper_log` [ RunTime:0.0045s ]
SQL: SELECT COUNT(*) AS tp_count FROM `eshop_shoper_log` WHERE `shoperId` = 13 AND `is_show` = 1 LIMIT 1   [ RunTime:0.0003s ]
SQL: SELECT * FROM `eshop_shoper_log` WHERE `shoperId` = 13 AND `is_show` = 1 ORDER BY time desc LIMIT 4,4   [ RunTime:0.0005s ]
INFO: [ view_parse ] --START--
INFO: [ template_filter ] --START--
INFO: Run Behavior\ContentReplaceBehavior [ RunTime:0.000057s ]
INFO: [ template_filter ] --END-- [ RunTime:0.000143s ]
INFO: Run Behavior\ParseTemplateBehavior [ RunTime:0.009125s ]
INFO: [ view_parse ] --END-- [ RunTime:0.009206s ]
INFO: [ view_filter ] --START--
INFO: Run Behavior\WriteHtmlCacheBehavior [ RunTime:0.000470s ]
INFO: Run Behavior\TokenBuildBehavior [ RunTime:0.000480s ]
INFO: [ view_filter ] --END-- [ RunTime:0.001079s ]

[ 2017-03-22T20:23:20+08:00 ] ::1 /eshop/index.php/ShoperCenter/log/p/3.html
INFO: [ app_begin ] --START--
INFO: Run Behavior\ReadHtmlCacheBehavior [ RunTime:0.000995s ]
INFO: Run Behavior\CronRunBehavior [ RunTime:0.002561s ]
INFO: [ app_begin ] --END-- [ RunTime:0.004340s ]
SQL: SHOW COLUMNS FROM `eshop_shoper_log` [ RunTime:0.0043s ]
SQL: SELECT COUNT(*) AS tp_count FROM `eshop_shoper_log` WHERE `shoperId` = 13 AND `is_show` = 1 LIMIT 1   [ RunTime:0.0003s ]
SQL: SELECT * FROM `eshop_shoper_log` WHERE `shoperId` = 13 AND `is_show` = 1 ORDER BY time desc LIMIT 8,4   [ RunTime:0.0004s ]
INFO: [ view_parse ] --START--
INFO: [ template_filter ] --START--
INFO: Run Behavior\ContentReplaceBehavior [ RunTime:0.000054s ]
INFO: [ template_filter ] --END-- [ RunTime:0.000179s ]
INFO: Run Behavior\ParseTemplateBehavior [ RunTime:0.009916s ]
INFO: [ view_parse ] --END-- [ RunTime:0.009996s ]
INFO: [ view_filter ] --START--
INFO: Run Behavior\WriteHtmlCacheBehavior [ RunTime:0.000562s ]
INFO: Run Behavior\TokenBuildBehavior [ RunTime:0.000673s ]
INFO: [ view_filter ] --END-- [ RunTime:0.001367s ]

[ 2017-03-22T20:23:22+08:00 ] ::1 /eshop/index.php/ShoperCenter/log/p/2.html
ERR: Cron:cron Runat 2017-03-22 20:23:22 Use 0.000330 s

[ 2017-03-22T20:23:22+08:00 ] ::1 /eshop/index.php/ShoperCenter/log/p/2.html
INFO: [ app_begin ] --START--
INFO: Run Behavior\ReadHtmlCacheBehavior [ RunTime:0.000837s ]
INFO: Run Behavior\CronRunBehavior [ RunTime:0.003951s ]
INFO: [ app_begin ] --END-- [ RunTime:0.005584s ]
SQL: SHOW COLUMNS FROM `eshop_shoper_log` [ RunTime:0.0042s ]
SQL: SELECT COUNT(*) AS tp_count FROM `eshop_shoper_log` WHERE `shoperId` = 13 AND `is_show` = 1 LIMIT 1   [ RunTime:0.0004s ]
SQL: SELECT * FROM `eshop_shoper_log` WHERE `shoperId` = 13 AND `is_show` = 1 ORDER BY time desc LIMIT 4,4   [ RunTime:0.0004s ]
INFO: [ view_parse ] --START--
INFO: [ template_filter ] --START--
INFO: Run Behavior\ContentReplaceBehavior [ RunTime:0.000089s ]
INFO: [ template_filter ] --END-- [ RunTime:0.000228s ]
INFO: Run Behavior\ParseTemplateBehavior [ RunTime:0.012437s ]
INFO: [ view_parse ] --END-- [ RunTime:0.012528s ]
INFO: [ view_filter ] --START--
INFO: Run Behavior\WriteHtmlCacheBehavior [ RunTime:0.000460s ]
INFO: Run Behavior\TokenBuildBehavior [ RunTime:0.000494s ]
INFO: [ view_filter ] --END-- [ RunTime:0.001075s ]

[ 2017-03-22T20:23:23+08:00 ] ::1 /eshop/index.php/ShoperCenter/log/p/1.html
INFO: [ app_begin ] --START--
INFO: Run Behavior\ReadHtmlCacheBehavior [ RunTime:0.000873s ]
INFO: Run Behavior\CronRunBehavior [ RunTime:0.002379s ]
INFO: [ app_begin ] --END-- [ RunTime:0.003904s ]
SQL: SHOW COLUMNS FROM `eshop_shoper_log` [ RunTime:0.0053s ]
SQL: SELECT COUNT(*) AS tp_count FROM `eshop_shoper_log` WHERE `shoperId` = 13 AND `is_show` = 1 LIMIT 1   [ RunTime:0.0004s ]
SQL: SELECT * FROM `eshop_shoper_log` WHERE `shoperId` = 13 AND `is_show` = 1 ORDER BY time desc LIMIT 0,4   [ RunTime:0.0007s ]
INFO: [ view_parse ] --START--
INFO: [ template_filter ] --START--
INFO: Run Behavior\ContentReplaceBehavior [ RunTime:0.000076s ]
INFO: [ template_filter ] --END-- [ RunTime:0.000202s ]
INFO: Run Behavior\ParseTemplateBehavior [ RunTime:0.010542s ]
INFO: [ view_parse ] --END-- [ RunTime:0.010653s ]
INFO: [ view_filter ] --START--
INFO: Run Behavior\WriteHtmlCacheBehavior [ RunTime:0.000623s ]
INFO: Run Behavior\TokenBuildBehavior [ RunTime:0.000580s ]
INFO: [ view_filter ] --END-- [ RunTime:0.001305s ]

[ 2017-03-22T20:23:24+08:00 ] ::1 /eshop/index.php/ShoperCenter/log/p/2.html
ERR: Cron:cron Runat 2017-03-22 20:23:24 Use 0.000353 s

[ 2017-03-22T20:23:24+08:00 ] ::1 /eshop/index.php/ShoperCenter/log/p/2.html
INFO: [ app_begin ] --START--
INFO: Run Behavior\ReadHtmlCacheBehavior [ RunTime:0.000907s ]
INFO: Run Behavior\CronRunBehavior [ RunTime:0.003623s ]
INFO: [ app_begin ] --END-- [ RunTime:0.005208s ]
SQL: SHOW COLUMNS FROM `eshop_shoper_log` [ RunTime:0.0040s ]
SQL: SELECT COUNT(*) AS tp_count FROM `eshop_shoper_log` WHERE `shoperId` = 13 AND `is_show` = 1 LIMIT 1   [ RunTime:0.0003s ]
SQL: SELECT * FROM `eshop_shoper_log` WHERE `shoperId` = 13 AND `is_show` = 1 ORDER BY time desc LIMIT 4,4   [ RunTime:0.0007s ]
INFO: [ view_parse ] --START--
INFO: [ template_filter ] --START--
INFO: Run Behavior\ContentReplaceBehavior [ RunTime:0.000088s ]
INFO: [ template_filter ] --END-- [ RunTime:0.000219s ]
INFO: Run Behavior\ParseTemplateBehavior [ RunTime:0.010084s ]
INFO: [ view_parse ] --END-- [ RunTime:0.010190s ]
INFO: [ view_filter ] --START--
INFO: Run Behavior\WriteHtmlCacheBehavior [ RunTime:0.000506s ]
INFO: Run Behavior\TokenBuildBehavior [ RunTime:0.000472s ]
INFO: [ view_filter ] --END-- [ RunTime:0.001091s ]

[ 2017-03-22T20:25:29+08:00 ] ::1 /eshop/index.php/Home/ShoperCenter/log.html
ERR: Cron:cron Runat 2017-03-22 20:25:29 Use 0.000261 s

[ 2017-03-22T20:25:30+08:00 ] ::1 /eshop/index.php/ShoperCenter/log/p/2.html
INFO: [ app_begin ] --START--
INFO: Run Behavior\ReadHtmlCacheBehavior [ RunTime:0.000987s ]
INFO: Run Behavior\CronRunBehavior [ RunTime:0.002271s ]
INFO: [ app_begin ] --END-- [ RunTime:0.004031s ]
SQL: SHOW COLUMNS FROM `eshop_shoper_log` [ RunTime:0.0054s ]
SQL: SELECT COUNT(*) AS tp_count FROM `eshop_shoper_log` WHERE `shoperId` = 13 AND `is_show` = 1 LIMIT 1   [ RunTime:0.0004s ]
SQL: SELECT * FROM `eshop_shoper_log` WHERE `shoperId` = 13 AND `is_show` = 1 ORDER BY time desc LIMIT 4,4   [ RunTime:0.0004s ]
INFO: [ view_parse ] --START--
INFO: [ template_filter ] --START--
INFO: Run Behavior\ContentReplaceBehavior [ RunTime:0.000081s ]
INFO: [ template_filter ] --END-- [ RunTime:0.000184s ]
INFO: Run Behavior\ParseTemplateBehavior [ RunTime:0.010726s ]
INFO: [ view_parse ] --END-- [ RunTime:0.010835s ]
INFO: [ view_filter ] --START--
INFO: Run Behavior\WriteHtmlCacheBehavior [ RunTime:0.000718s ]
INFO: Run Behavior\TokenBuildBehavior [ RunTime:0.000614s ]
INFO: [ view_filter ] --END-- [ RunTime:0.001453s ]

[ 2017-03-22T20:25:32+08:00 ] ::1 /eshop/index.php/ShoperCenter/log/p/3.html
ERR: Cron:cron Runat 2017-03-22 20:25:32 Use 0.000290 s

[ 2017-03-22T20:25:32+08:00 ] ::1 /eshop/index.php/ShoperCenter/log/p/3.html
INFO: [ app_begin ] --START--
INFO: Run Behavior\ReadHtmlCacheBehavior [ RunTime:0.000796s ]
INFO: Run Behavior\CronRunBehavior [ RunTime:0.004611s ]
INFO: [ app_begin ] --END-- [ RunTime:0.006190s ]
SQL: SHOW COLUMNS FROM `eshop_shoper_log` [ RunTime:0.0047s ]
SQL: SELECT COUNT(*) AS tp_count FROM `eshop_shoper_log` WHERE `shoperId` = 13 AND `is_show` = 1 LIMIT 1   [ RunTime:0.0006s ]
SQL: SELECT * FROM `eshop_shoper_log` WHERE `shoperId` = 13 AND `is_show` = 1 ORDER BY time desc LIMIT 8,4   [ RunTime:0.0006s ]
INFO: [ view_parse ] --START--
INFO: [ template_filter ] --START--
INFO: Run Behavior\ContentReplaceBehavior [ RunTime:0.000077s ]
INFO: [ template_filter ] --END-- [ RunTime:0.000179s ]
INFO: Run Behavior\ParseTemplateBehavior [ RunTime:0.009755s ]
INFO: [ view_parse ] --END-- [ RunTime:0.009886s ]
INFO: [ view_filter ] --START--
INFO: Run Behavior\WriteHtmlCacheBehavior [ RunTime:0.000554s ]
INFO: Run Behavior\TokenBuildBehavior [ RunTime:0.000603s ]
INFO: [ view_filter ] --END-- [ RunTime:0.001290s ]

[ 2017-03-22T20:25:33+08:00 ] ::1 /eshop/index.php/ShoperCenter/log/p/2.html
INFO: [ app_begin ] --START--
INFO: Run Behavior\ReadHtmlCacheBehavior [ RunTime:0.000832s ]
INFO: Run Behavior\CronRunBehavior [ RunTime:0.002190s ]
INFO: [ app_begin ] --END-- [ RunTime:0.003689s ]
SQL: SHOW COLUMNS FROM `eshop_shoper_log` [ RunTime:0.0041s ]
SQL: SELECT COUNT(*) AS tp_count FROM `eshop_shoper_log` WHERE `shoperId` = 13 AND `is_show` = 1 LIMIT 1   [ RunTime:0.0004s ]
SQL: SELECT * FROM `eshop_shoper_log` WHERE `shoperId` = 13 AND `is_show` = 1 ORDER BY time desc LIMIT 4,4   [ RunTime:0.0004s ]
INFO: [ view_parse ] --START--
INFO: [ template_filter ] --START--
INFO: Run Behavior\ContentReplaceBehavior [ RunTime:0.000055s ]
INFO: [ template_filter ] --END-- [ RunTime:0.000146s ]
INFO: Run Behavior\ParseTemplateBehavior [ RunTime:0.009669s ]
INFO: [ view_parse ] --END-- [ RunTime:0.009761s ]
INFO: [ view_filter ] --START--
INFO: Run Behavior\WriteHtmlCacheBehavior [ RunTime:0.000754s ]
INFO: Run Behavior\TokenBuildBehavior [ RunTime:0.000920s ]
INFO: [ view_filter ] --END-- [ RunTime:0.001840s ]

[ 2017-03-22T20:26:57+08:00 ] ::1 /eshop/index.php/Home/ShoperCenter/log.html
ERR: Cron:cron Runat 2017-03-22 20:26:57 Use 0.000382 s

[ 2017-03-22T20:27:00+08:00 ] ::1 /eshop/index.php/ShoperCenter/log/p/2.html
ERR: Cron:cron Runat 2017-03-22 20:27:00 Use 0.000292 s

[ 2017-03-22T20:27:00+08:00 ] ::1 /eshop/index.php/ShoperCenter/log/p/2.html
INFO: [ app_begin ] --START--
INFO: Run Behavior\ReadHtmlCacheBehavior [ RunTime:0.001035s ]
INFO: Run Behavior\CronRunBehavior [ RunTime:0.004116s ]
INFO: [ app_begin ] --END-- [ RunTime:0.005776s ]
SQL: SHOW COLUMNS FROM `eshop_shoper_log` [ RunTime:0.0042s ]
SQL: SELECT COUNT(*) AS tp_count FROM `eshop_shoper_log` WHERE `shoperId` = 13 AND `is_show` = 1 LIMIT 1   [ RunTime:0.0004s ]
SQL: SELECT * FROM `eshop_shoper_log` WHERE `shoperId` = 13 AND `is_show` = 1 ORDER BY time desc LIMIT 4,4   [ RunTime:0.0005s ]
INFO: [ view_parse ] --START--
INFO: [ template_filter ] --START--
INFO: Run Behavior\ContentReplaceBehavior [ RunTime:0.000054s ]
INFO: [ template_filter ] --END-- [ RunTime:0.000161s ]
INFO: Run Behavior\ParseTemplateBehavior [ RunTime:0.010008s ]
INFO: [ view_parse ] --END-- [ RunTime:0.010120s ]
INFO: [ view_filter ] --START--
INFO: Run Behavior\WriteHtmlCacheBehavior [ RunTime:0.000733s ]
INFO: Run Behavior\TokenBuildBehavior [ RunTime:0.000597s ]
INFO: [ view_filter ] --END-- [ RunTime:0.001486s ]

[ 2017-03-22T20:27:01+08:00 ] ::1 /eshop/index.php/ShoperCenter/log/p/3.html
INFO: [ app_begin ] --START--
INFO: Run Behavior\ReadHtmlCacheBehavior [ RunTime:0.001152s ]
INFO: Run Behavior\CronRunBehavior [ RunTime:0.002276s ]
INFO: [ app_begin ] --END-- [ RunTime:0.004262s ]
SQL: SHOW COLUMNS FROM `eshop_shoper_log` [ RunTime:0.0041s ]
SQL: SELECT COUNT(*) AS tp_count FROM `eshop_shoper_log` WHERE `shoperId` = 13 AND `is_show` = 1 LIMIT 1   [ RunTime:0.0004s ]
SQL: SELECT * FROM `eshop_shoper_log` WHERE `shoperId` = 13 AND `is_show` = 1 ORDER BY time desc LIMIT 8,4   [ RunTime:0.0004s ]
INFO: [ view_parse ] --START--
INFO: [ template_filter ] --START--
INFO: Run Behavior\ContentReplaceBehavior [ RunTime:0.000083s ]
INFO: [ template_filter ] --END-- [ RunTime:0.000259s ]
INFO: Run Behavior\ParseTemplateBehavior [ RunTime:0.010178s ]
INFO: [ view_parse ] --END-- [ RunTime:0.010274s ]
INFO: [ view_filter ] --START--
INFO: Run Behavior\WriteHtmlCacheBehavior [ RunTime:0.000645s ]
INFO: Run Behavior\TokenBuildBehavior [ RunTime:0.000617s ]
INFO: [ view_filter ] --END-- [ RunTime:0.001380s ]

[ 2017-03-22T20:27:12+08:00 ] ::1 /eshop/index.php/Home/ShoperCenter/log.html
ERR: Cron:cron Runat 2017-03-22 20:27:12 Use 0.000349 s

[ 2017-03-22T20:27:21+08:00 ] ::1 /eshop/index.php/Home/ShoperCenter/log.html
ERR: Cron:cron Runat 2017-03-22 20:27:21 Use 0.000410 s

[ 2017-03-22T20:27:42+08:00 ] ::1 /eshop/index.php/Home/Good/illegal.html
ERR: Cron:cron Runat 2017-03-22 20:27:42 Use 0.000323 s

[ 2017-03-22T20:27:59+08:00 ] ::1 /eshop/index.php/Home/ShoperCenter/log.html
ERR: Cron:cron Runat 2017-03-22 20:27:59 Use 0.000315 s

[ 2017-03-22T20:32:48+08:00 ] ::1 /eshop/index.php/Home/ShoperCenter/log.html
ERR: Cron:cron Runat 2017-03-22 20:32:48 Use 0.000512 s

[ 2017-03-22T20:33:25+08:00 ] ::1 /eshop/index.php/Home/ShoperCenter/log.html
ERR: Cron:cron Runat 2017-03-22 20:33:25 Use 0.000491 s

[ 2017-03-22T20:34:38+08:00 ] ::1 /eshop/index.php/Home/ShoperCenter/log.html
ERR: Cron:cron Runat 2017-03-22 20:34:38 Use 0.000329 s

[ 2017-03-22T20:34:47+08:00 ] ::1 /eshop/index.php/Home/ShoperCenter/log.html
ERR: Cron:cron Runat 2017-03-22 20:34:47 Use 0.000465 s

[ 2017-03-22T20:41:40+08:00 ] ::1 /eshop/index.php/Home/ShoperCenter/log.html
ERR: Cron:cron Runat 2017-03-22 20:41:40 Use 0.000332 s

[ 2017-03-22T20:43:52+08:00 ] ::1 /eshop/index.php/ShoperCenter/delLog.html
ERR: Cron:cron Runat 2017-03-22 20:43:52 Use 0.000307 s

[ 2017-03-22T20:43:52+08:00 ] ::1 /eshop/index.php/ShoperCenter/delLog.html
INFO: [ app_begin ] --START--
INFO: Run Behavior\ReadHtmlCacheBehavior [ RunTime:0.000980s ]
INFO: Run Behavior\CronRunBehavior [ RunTime:0.005070s ]
INFO: [ app_begin ] --END-- [ RunTime:0.006781s ]

[ 2017-03-22T20:45:07+08:00 ] ::1 /eshop/index.php/Home/ShoperCenter/log.html
ERR: Cron:cron Runat 2017-03-22 20:45:07 Use 0.000406 s

[ 2017-03-22T20:45:18+08:00 ] ::1 /eshop/index.php/ShoperCenter/delLog.html
ERR: Cron:cron Runat 2017-03-22 20:45:18 Use 0.000343 s

[ 2017-03-22T20:45:18+08:00 ] ::1 /eshop/index.php/ShoperCenter/delLog.html
INFO: [ app_begin ] --START--
INFO: Run Behavior\ReadHtmlCacheBehavior [ RunTime:0.000849s ]
INFO: Run Behavior\CronRunBehavior [ RunTime:0.004381s ]
INFO: [ app_begin ] --END-- [ RunTime:0.005965s ]
SQL: SHOW COLUMNS FROM `eshop_shoper_log` [ RunTime:0.0045s ]
SQL: DELETE FROM `eshop_shoper_log` WHERE `id` = 0 [ RunTime:0.0005s ]

[ 2017-03-22T20:45:31+08:00 ] ::1 /eshop/index.php/Home/ShoperCenter/log.html
ERR: Cron:cron Runat 2017-03-22 20:45:31 Use 0.000431 s

[ 2017-03-22T20:46:54+08:00 ] ::1 /eshop/index.php/ShoperCenter/delLog.html
ERR: Cron:cron Runat 2017-03-22 20:46:54 Use 0.000561 s

[ 2017-03-22T20:46:54+08:00 ] ::1 /eshop/index.php/ShoperCenter/delLog.html
INFO: [ app_begin ] --START--
INFO: Run Behavior\ReadHtmlCacheBehavior [ RunTime:0.000812s ]
INFO: Run Behavior\CronRunBehavior [ RunTime:0.005218s ]
INFO: [ app_begin ] --END-- [ RunTime:0.006795s ]
SQL: SHOW COLUMNS FROM `eshop_shoper_log` [ RunTime:0.0047s ]
SQL: DELETE FROM `eshop_shoper_log` WHERE `id` = 0 [ RunTime:0.0004s ]

[ 2017-03-22T20:47:59+08:00 ] ::1 /eshop/index.php/ShoperCenter/delLog.html
ERR: Cron:cron Runat 2017-03-22 20:47:59 Use 0.000377 s

[ 2017-03-22T20:47:59+08:00 ] ::1 /eshop/index.php/ShoperCenter/delLog.html
INFO: [ app_begin ] --START--
INFO: Run Behavior\ReadHtmlCacheBehavior [ RunTime:0.000760s ]
INFO: Run Behavior\CronRunBehavior [ RunTime:0.004173s ]
INFO: [ app_begin ] --END-- [ RunTime:0.005608s ]

[ 2017-03-22T20:48:23+08:00 ] ::1 /eshop/index.php/ShoperCenter/delLog.html
ERR: Cron:cron Runat 2017-03-22 20:48:23 Use 0.000319 s

[ 2017-03-22T20:48:23+08:00 ] ::1 /eshop/index.php/ShoperCenter/delLog.html
INFO: [ app_begin ] --START--
INFO: Run Behavior\ReadHtmlCacheBehavior [ RunTime:0.001061s ]
INFO: Run Behavior\CronRunBehavior [ RunTime:0.004144s ]
INFO: [ app_begin ] --END-- [ RunTime:0.005965s ]
SQL: SHOW COLUMNS FROM `eshop_shoper_log` [ RunTime:0.0043s ]
SQL: DELETE FROM `eshop_shoper_log` WHERE `id` = 11 [ RunTime:0.0934s ]

[ 2017-03-22T20:48:54+08:00 ] ::1 /eshop/index.php/ShoperCenter/modifyPwd.html
ERR: Cron:cron Runat 2017-03-22 20:48:54 Use 0.000780 s

[ 2017-03-22T20:49:41+08:00 ] ::1 /eshop/index.php/Home/ShoperCenter/log.html
ERR: Cron:cron Runat 2017-03-22 20:49:41 Use 0.000285 s

[ 2017-03-22T20:49:43+08:00 ] ::1 /eshop/index.php/ShoperCenter/log/p/5.html
ERR: Cron:cron Runat 2017-03-22 20:49:43 Use 0.000596 s

[ 2017-03-22T20:49:43+08:00 ] ::1 /eshop/index.php/ShoperCenter/log/p/5.html
INFO: [ app_begin ] --START--
INFO: Run Behavior\ReadHtmlCacheBehavior [ RunTime:0.000807s ]
INFO: Run Behavior\CronRunBehavior [ RunTime:0.005514s ]
INFO: [ app_begin ] --END-- [ RunTime:0.007074s ]
SQL: SHOW COLUMNS FROM `eshop_shoper_log` [ RunTime:0.0045s ]
SQL: SELECT COUNT(*) AS tp_count FROM `eshop_shoper_log` WHERE `shoperId` = 13 AND `is_show` = 1 LIMIT 1   [ RunTime:0.0004s ]
SQL: SELECT * FROM `eshop_shoper_log` WHERE `shoperId` = 13 AND `is_show` = 1 ORDER BY time desc LIMIT 8,2   [ RunTime:0.0004s ]
INFO: [ view_parse ] --START--
INFO: [ template_filter ] --START--
INFO: Run Behavior\ContentReplaceBehavior [ RunTime:0.000052s ]
INFO: [ template_filter ] --END-- [ RunTime:0.000169s ]
INFO: Run Behavior\ParseTemplateBehavior [ RunTime:0.009728s ]
INFO: [ view_parse ] --END-- [ RunTime:0.009819s ]
INFO: [ view_filter ] --START--
INFO: Run Behavior\WriteHtmlCacheBehavior [ RunTime:0.000771s ]
INFO: Run Behavior\TokenBuildBehavior [ RunTime:0.000565s ]
INFO: [ view_filter ] --END-- [ RunTime:0.001461s ]

[ 2017-03-22T20:49:45+08:00 ] ::1 /eshop/index.php/ShoperCenter/delLog.html
ERR: Cron:cron Runat 2017-03-22 20:49:45 Use 0.000363 s

[ 2017-03-22T20:49:45+08:00 ] ::1 /eshop/index.php/ShoperCenter/delLog.html
INFO: [ app_begin ] --START--
INFO: Run Behavior\ReadHtmlCacheBehavior [ RunTime:0.000856s ]
INFO: Run Behavior\CronRunBehavior [ RunTime:0.003970s ]
INFO: [ app_begin ] --END-- [ RunTime:0.005562s ]
SQL: SHOW COLUMNS FROM `eshop_shoper_log` [ RunTime:0.0038s ]
SQL: DELETE FROM `eshop_shoper_log` WHERE `id` = 16 [ RunTime:0.0896s ]

[ 2017-03-22T20:49:51+08:00 ] ::1 /eshop/index.php/Home/ShoperCenter/log.html
ERR: Cron:cron Runat 2017-03-22 20:49:51 Use 0.000381 s

[ 2017-03-22T20:51:56+08:00 ] ::1 /eshop/index.php/Home/ShoperCenter/log.html
ERR: Cron:cron Runat 2017-03-22 20:51:56 Use 0.000255 s

[ 2017-03-22T20:52:01+08:00 ] ::1 /eshop/index.php/Home/ShoperCenter/log.html
ERR: Cron:cron Runat 2017-03-22 20:52:01 Use 0.000382 s

[ 2017-03-22T20:52:08+08:00 ] ::1 /eshop/index.php/Home/ShoperCenter/log.html
ERR: Cron:cron Runat 2017-03-22 20:52:08 Use 0.000286 s

[ 2017-03-22T20:55:28+08:00 ] ::1 /eshop/index.php/Home/ShoperCenter/log.html
ERR: Cron:cron Runat 2017-03-22 20:55:28 Use 0.000338 s

[ 2017-03-22T20:55:35+08:00 ] ::1 /eshop/index.php/Home/ShoperCenter/log.html
ERR: Cron:cron Runat 2017-03-22 20:55:35 Use 0.000309 s

[ 2017-03-22T20:57:58+08:00 ] ::1 /eshop/index.php/Home/ShoperCenter/log.html
ERR: Cron:cron Runat 2017-03-22 20:57:58 Use 0.001539 s

[ 2017-03-22T20:58:04+08:00 ] ::1 /eshop/index.php/Home/ShoperCenter/log.html
ERR: Cron:cron Runat 2017-03-22 20:58:04 Use 0.000600 s

[ 2017-03-22T21:14:20+08:00 ] ::1 /eshop/index.php/Home/ShoperCenter/log.html
ERR: Cron:cron Runat 2017-03-22 21:14:20 Use 0.000378 s

[ 2017-03-22T21:14:25+08:00 ] ::1 /eshop/index.php/Home/ShoperCenter/log.html
ERR: Cron:cron Runat 2017-03-22 21:14:25 Use 0.000958 s

[ 2017-03-22T21:14:33+08:00 ] ::1 /eshop/index.php/Help/index.html
ERR: Cron:cron Runat 2017-03-22 21:14:33 Use 0.000374 s

[ 2017-03-22T21:15:17+08:00 ] ::1 /eshop/index.php/Home/ShopCart/index.html
ERR: Cron:cron Runat 2017-03-22 21:15:17 Use 0.000401 s

[ 2017-03-22T21:15:19+08:00 ] ::1 /eshop/index.php/Home/Good/add.html
ERR: Cron:cron Runat 2017-03-22 21:15:19 Use 0.000368 s

[ 2017-03-22T21:15:23+08:00 ] ::1 /eshop/index.php/Home/Good/audit.html
ERR: Cron:cron Runat 2017-03-22 21:15:23 Use 0.000282 s

[ 2017-03-22T21:15:26+08:00 ] ::1 /eshop/index.php/Home/Good/illegal.html
ERR: Cron:cron Runat 2017-03-22 21:15:26 Use 0.000405 s

[ 2017-03-22T21:15:29+08:00 ] ::1 /eshop/index.php/Home/Good/stock.html
ERR: Cron:cron Runat 2017-03-22 21:15:29 Use 0.000369 s

[ 2017-03-22T21:15:35+08:00 ] ::1 /eshop/index.php/Home/Good/onsale.html
ERR: Cron:cron Runat 2017-03-22 21:15:35 Use 0.000406 s

[ 2017-03-22T21:15:37+08:00 ] ::1 /eshop/index.php/Home/Good/stock.html
ERR: Cron:cron Runat 2017-03-22 21:15:37 Use 0.000409 s

[ 2017-03-22T21:15:40+08:00 ] ::1 /eshop/index.php/Home/Good/store.html
ERR: Cron:cron Runat 2017-03-22 21:15:40 Use 0.001201 s

[ 2017-03-22T21:15:45+08:00 ] ::1 /eshop/index.php/Home/Good/info/id/10.html
ERR: Cron:cron Runat 2017-03-22 21:15:45 Use 0.000383 s

[ 2017-03-22T21:16:02+08:00 ] ::1 /eshop/index.php/Home/Good/store.html
ERR: Cron:cron Runat 2017-03-22 21:16:02 Use 0.000315 s

[ 2017-03-22T21:16:13+08:00 ] ::1 /eshop/index.php/Home/ShoperCenter/log.html
ERR: Cron:cron Runat 2017-03-22 21:16:13 Use 0.000382 s

[ 2017-03-22T21:17:15+08:00 ] ::1 /eshop/index.php/Home/Good/audit.html
ERR: Cron:cron Runat 2017-03-22 21:17:15 Use 0.000504 s

[ 2017-03-22T21:17:20+08:00 ] ::1 /eshop/index.php/Home/ShoperCenter/log.html
ERR: Cron:cron Runat 2017-03-22 21:17:20 Use 0.000364 s

[ 2017-03-22T21:30:58+08:00 ] ::1 /eshop/index.php/ShoperCenter/modifyPwd.html
ERR: Cron:cron Runat 2017-03-22 21:30:58 Use 0.000436 s

[ 2017-03-22T21:30:58+08:00 ] ::1 /eshop/index.php/ShoperCenter/modifyPwd.html
ERR: 模板不存在:./App/Home/View/default/ShoperCenter/modifyPwd.html

[ 2017-03-22T21:31:30+08:00 ] ::1 /eshop/index.php/Home/ShoperCenter/log.html
ERR: Cron:cron Runat 2017-03-22 21:31:30 Use 0.000369 s

[ 2017-03-22T21:31:32+08:00 ] ::1 /eshop/index.php/ShoperCenter/modifyPwd.html
ERR: Cron:cron Runat 2017-03-22 21:31:32 Use 0.000347 s

[ 2017-03-22T21:31:32+08:00 ] ::1 /eshop/index.php/ShoperCenter/modifyPwd.html
ERR: 模板不存在:./App/Home/View/default/ShoperCenter/modifyPwd.html

[ 2017-03-22T21:31:39+08:00 ] ::1 /eshop/index.php/Home/ShoperCenter/log.html
ERR: Cron:cron Runat 2017-03-22 21:31:39 Use 0.000377 s

