[ 2017-02-24T14:21:44+08:00 ] ::1 /eshop/index.php/Good/getWebCart.html
INFO: [ app_begin ] --START--
INFO: Run Behavior\ReadHtmlCacheBehavior [ RunTime:0.001149s ]
INFO: [ app_begin ] --END-- [ RunTime:0.022731s ]
SQL: SHOW COLUMNS FROM `eshop_secondmenu` [ RunTime:0.1853s ]
SQL: SELECT `id`,`name` FROM `eshop_secondmenu` WHERE `pid` = 5 AND `is_show` = 1  [ RunTime:0.0029s ]

[ 2017-02-24T14:21:46+08:00 ] ::1 /eshop/index.php/Good/getWebCart.html
INFO: [ app_begin ] --START--
INFO: Run Behavior\ReadHtmlCacheBehavior [ RunTime:0.001657s ]
INFO: [ app_begin ] --END-- [ RunTime:0.003415s ]
SQL: SHOW COLUMNS FROM `eshop_thirdmenu` [ RunTime:0.0950s ]
SQL: SELECT `id`,`name` FROM `eshop_thirdmenu` WHERE `pid` = 10 AND `is_show` = 1  [ RunTime:0.0014s ]

[ 2017-02-24T14:21:49+08:00 ] ::1 /eshop/index.php/Good/getWebCart.html
INFO: [ app_begin ] --START--
INFO: Run Behavior\ReadHtmlCacheBehavior [ RunTime:0.001015s ]
INFO: [ app_begin ] --END-- [ RunTime:0.001871s ]
SQL: SHOW COLUMNS FROM `eshop_secondmenu` [ RunTime:0.0087s ]
SQL: SELECT `id`,`name` FROM `eshop_secondmenu` WHERE `pid` = 1 AND `is_show` = 1  [ RunTime:0.0005s ]

[ 2017-02-24T14:21:50+08:00 ] ::1 /eshop/index.php/Good/getWebCart.html
INFO: [ app_begin ] --START--
INFO: Run Behavior\ReadHtmlCacheBehavior [ RunTime:0.001149s ]
INFO: [ app_begin ] --END-- [ RunTime:0.002194s ]
SQL: SHOW COLUMNS FROM `eshop_thirdmenu` [ RunTime:0.0080s ]
SQL: SELECT `id`,`name` FROM `eshop_thirdmenu` WHERE `pid` = 1 AND `is_show` = 1  [ RunTime:0.0005s ]

[ 2017-02-24T14:21:53+08:00 ] ::1 /eshop/index.php/Good/getShopCart.html
INFO: [ app_begin ] --START--
INFO: Run Behavior\ReadHtmlCacheBehavior [ RunTime:0.001211s ]
INFO: [ app_begin ] --END-- [ RunTime:0.002117s ]
SQL: SHOW COLUMNS FROM `eshop_shop_secondmenu` [ RunTime:0.0069s ]
SQL: SELECT `id`,`sname` FROM `eshop_shop_secondmenu` WHERE `pid` = 1 AND `is_show` = 1  [ RunTime:0.0007s ]

