[ 2017-03-31T09:18:09+08:00 ] ::1 /eshop/index.php/Home/Good/audit.html
ERR: Cron:cron Runat 2017-03-31 09:18:09 Use 0.001100 s

[ 2017-03-31T09:18:30+08:00 ] ::1 /eshop/index.php/Shoper/checkVerify.html
ERR: Cron:cron Runat 2017-03-31 09:18:30 Use 0.000542 s

[ 2017-03-31T09:18:30+08:00 ] ::1 /eshop/index.php/Shoper/checkVerify.html
INFO: [ app_begin ] --START--
INFO: Run Behavior\ReadHtmlCacheBehavior [ RunTime:0.001388s ]
INFO: Run Behavior\CronRunBehavior [ RunTime:0.005907s ]
INFO: [ app_begin ] --END-- [ RunTime:0.008479s ]
INFO: [ app_end ] --START--
INFO: Run Behavior\ShowPageTraceBehavior [ RunTime:0.001351s ]
INFO: [ app_end ] --END-- [ RunTime:0.001522s ]

[ 2017-03-31T09:18:31+08:00 ] ::1 /eshop/index.php/Shoper/doLogin.html
INFO: [ app_begin ] --START--
INFO: Run Behavior\ReadHtmlCacheBehavior [ RunTime:0.001236s ]
INFO: Run Behavior\CronRunBehavior [ RunTime:0.003215s ]
INFO: [ app_begin ] --END-- [ RunTime:0.005448s ]
SQL: SHOW COLUMNS FROM `eshop_shoper` [ RunTime:0.1666s ]
SQL: SELECT * FROM `eshop_shoper` WHERE `name` = 'shoper3' LIMIT 1   [ RunTime:0.0573s ]
SQL: SHOW COLUMNS FROM `eshop_shoper_log` [ RunTime:0.0664s ]
NOTIC: [2] fopen(D:\wampserver\wamp\www\eshop\ThinkPHP\Library\Org\Net/UTFWry.dat): failed to open stream: No such file or directory D:\wampserver\wamp\www\eshop\ThinkPHP\Library\Org\Net\IpLocation.class.php 第 54 行.
SQL: INSERT INTO `eshop_shoper_log` (`shoperId`,`action`,`ip`,`location`,`time`) VALUES ('13','登录','0.0.0.0',NULL,'1490923111') [ RunTime:0.0708s ]

[ 2017-03-31T09:18:34+08:00 ] ::1 /eshop/index.php/Home/ShopCart/index.html
ERR: Cron:cron Runat 2017-03-31 09:18:34 Use 0.001236 s

[ 2017-03-31T09:18:39+08:00 ] ::1 /eshop/index.php/Home/ShoperCenter/log.html
ERR: Cron:cron Runat 2017-03-31 09:18:39 Use 0.000579 s

[ 2017-03-31T09:18:52+08:00 ] ::1 /eshop/index.php/Home/ShopManage/infoList.html
ERR: Cron:cron Runat 2017-03-31 09:18:52 Use 0.000527 s

[ 2017-03-31T09:18:57+08:00 ] ::1 /eshop/index.php/ShopManage/infoEdit/id/2.html
ERR: Cron:cron Runat 2017-03-31 09:18:57 Use 0.000590 s

[ 2017-03-31T09:21:38+08:00 ] ::1 /eshop/index.php/ShopManage/infoEdit/id/2.html
ERR: Cron:cron Runat 2017-03-31 09:21:38 Use 0.000545 s

[ 2017-03-31T09:22:44+08:00 ] ::1 /eshop/index.php/ShopManage/infoEdit/id/2.html
ERR: Cron:cron Runat 2017-03-31 09:22:44 Use 0.000594 s

[ 2017-03-31T09:23:42+08:00 ] ::1 /eshop/index.php/ShopManage/infoEdit/id/2.html
ERR: Cron:cron Runat 2017-03-31 09:23:42 Use 0.000654 s

[ 2017-03-31T09:24:13+08:00 ] ::1 /eshop/index.php/ShopManage/infoEdit/id/2.html
ERR: Cron:cron Runat 2017-03-31 09:24:13 Use 0.000512 s

[ 2017-03-31T09:25:05+08:00 ] ::1 /eshop/index.php/ShopManage/infoEdit/id/2.html
ERR: Cron:cron Runat 2017-03-31 09:25:05 Use 0.000978 s

[ 2017-03-31T09:25:10+08:00 ] ::1 /eshop/index.php/ShopManage/infoEdit/id/2.html?title=eshop%E6%9B%B4%E6%96%B0%E9%80%9A%E7%9F%A5&type=2&content=%3Cp%3E%E4%B8%80%E4%B8%AA%E4%BA%BA%E6%80%BB%E8%A6%81%E8%B5%B0%E9%99%8C%E7%94%9F%E7%9A%84%E8%B7%AF%EF%BC%8C%E6%AC%A3%E8%B5%8F%E7%9A%84%E9%99%8C%E7%94%9F%E7%9A%84%E9%A3%8E%E6%99%AF%EF%BC%8C%E7%9B%B8%E9%81%87%E9%99%8C%E7%94%9F%E7%9A%84%E4%BA%BA%EF%BC%8C%E5%BE%88%E5%A4%9A%E5%BF%83%E7%BB%AA%E4%B8%8E%E6%83%85%E7%BB%AA%EF%BC%8C%E9%83%BD%E6%98%AF%E9%9A%8F%E7%9D%80%E6%97%B6%E9%97%B4%E5%A0%86%E7%A0%8C%E8%80%8C%E6%88%90%EF%BC%8C%E5%8F%AA%E5%9B%A0%E5%9C%A8%E6%97%B6%E5%85%89%E7%9A%84%E7%A3%A8%E5%90%88%E4%B8%AD%E6%88%90%E9%95%BF%E4%BA%86%EF%BC%8C%E5%8D%B4%E4%B9%9F%E5%A4%9A%E6%84%81%E5%96%84%E6%84%9F%E4%BA%86%EF%BC%8C%E5%9B%A0%E4%B8%BA%E5%9C%A8%E4%B8%80%E6%AE%B5%E6%AE%B5%E6%97%85%E9%80%94%E4%B8%AD%EF%BC%8C%E4%BD%93%E9%AA%8C%E4%BA%86%E4%B8%96%E9%97%B4%E5%86%B7%E6%9A%96%EF%BC%8C%E8%81%9A%E6%95%A3%E5%88%86%E7%A6%BB%E3%80%82%E4%B8%80%E4%B8%AA%E4%BA%BA%E6%80%BB%E8%A6%81%E8%B5%B0%E9%99%8C%E7%94%9F%E7%9A%84%E8%B7%AF%EF%BC%8C%E6%AC%A3%E8%B5%8F%E7%9A%84%E9%99%8C%E7%94%9F%E7%9A%84%E9%A3%8E%E6%99%AF%EF%BC%8C%E7%9B%B8%E9%81%87%E9%99%8C%E7%94%9F%E7%9A%84%E4%BA%BA%EF%BC%8C%E5%BE%88%E5%A4%9A%E5%BF%83%E7%BB%AA%E4%B8%8E%E6%83%85%E7%BB%AA%EF%BC%8C%E9%83%BD%E6%98%AF%E9%9A%8F%E7%9D%80%E6%97%B6%E9%97%B4%E5%A0%86%E7%A0%8C%E8%80%8C%E6%88%90%EF%BC%8C%E5%8F%AA%E5%9B%A0%E5%9C%A8%E6%97%B6%E5%85%89%E7%9A%84%E7%A3%A8%E5%90%88%E4%B8%AD%E6%88%90%E9%95%BF%E4%BA%86%EF%BC%8C%E5%8D%B4%E4%B9%9F%E5%A4%9A%E6%84%81%E5%96%84%E6%84%9F%E4%BA%86%EF%BC%8C%E5%9B%A0%E4%B8%BA%E5%9C%A8%E4%B8%80%E6%AE%B5%E6%AE%B5%E6%97%85%E9%80%94%E4%B8%AD%EF%BC%8C%E4%BD%93%E9%AA%8C%E4%BA%86%E4%B8%96%E9%97%B4%E5%86%B7%E6%9A%96%EF%BC%8C%E8%81%9A%E6%95%A3%E5%88%86%E7%A6%BB%E3%80%82%3C%2Fp%3E%3Cp%3E%E4%B8%80%E4%B8%AA%E4%BA%BA%E6%80%BB%E8%A6%81%E8%B5%B0%E9%99%8C%E7%94%9F%E7%9A%84%E8%B7%AF%EF%BC%8C%E6%AC%A3%E8%B5%8F%E7%9A%84%E9%99%8C%E7%94%9F%E7%9A%84%E9%A3%8E%E6%99%AF%EF%BC%8C%E7%9B%B8%E9%81%87%E9%99%8C%E7%94%9F%E7%9A%84%E4%BA%BA%EF%BC%8C%E5%BE%88%E5%A4%9A%E5%BF%83%E7%BB%AA%E4%B8%8E%E6%83%85%E7%BB%AA%EF%BC%8C%E9%83%BD%E6%98%AF%E9%9A%8F%E7%9D%80%E6%97%B6%E9%97%B4%E5%A0%86%E7%A0%8C%E8%80%8C%E6%88%90%EF%BC%8C%E5%8F%AA%E5%9B%A0%E5%9C%A8%E6%97%B6%E5%85%89%E7%9A%84%E7%A3%A8%E5%90%88%E4%B8%AD%E6%88%90%E9%95%BF%E4%BA%86%EF%BC%8C%E5%8D%B4%E4%B9%9F%E5%A4%9A%E6%84%81%E5%96%84%E6%84%9F%E4%BA%86%EF%BC%8C%E5%9B%A0%E4%B8%BA%E5%9C%A8%E4%B8%80%E6%AE%B5%E6%AE%B5%E6%97%85%E9%80%94%E4%B8%AD%EF%BC%8C%E4%BD%93%E9%AA%8C%E4%BA%86%E4%B8%96%E9%97%B4%E5%86%B7%E6%9A%96%EF%BC%8C%E8%81%9A%E6%95%A3%E5%88%86%E7%A6%BB%E3%80%82%3C%2Fp%3E%3Cp%3E%E4%B8%80%E4%B8%AA%E4%BA%BA%E6%80%BB%E8%A6%81%E8%B5%B0%E9%99%8C%E7%94%9F%E7%9A%84%E8%B7%AF%EF%BC%8C%E6%AC%A3%E8%B5%8F%E7%9A%84%E9%99%8C%E7%94%9F%E7%9A%84%E9%A3%8E%E6%99%AF%EF%BC%8C%E7%9B%B8%E9%81%87%E9%99%8C%E7%94%9F%E7%9A%84%E4%BA%BA%EF%BC%8C%E5%BE%88%E5%A4%9A%E5%BF%83%E7%BB%AA%E4%B8%8E%E6%83%85%E7%BB%AA%EF%BC%8C%E9%83%BD%E6%98%AF%E9%9A%8F%E7%9D%80%E6%97%B6%E9%97%B4%E5%A0%86%E7%A0%8C%E8%80%8C%E6%88%90%EF%BC%8C%E5%8F%AA%E5%9B%A0%E5%9C%A8%E6%97%B6%E5%85%89%E7%9A%84%E7%A3%A8%E5%90%88%E4%B8%AD%E6%88%90%E9%95%BF%E4%BA%86%EF%BC%8C%E5%8D%B4%E4%B9%9F%E5%A4%9A%E6%84%81%E5%96%84%E6%84%9F%E4%BA%86%EF%BC%8C%E5%9B%A0%E4%B8%BA%E5%9C%A8%E4%B8%80%E6%AE%B5%E6%AE%B5%E6%97%85%E9%80%94%E4%B8%AD%EF%BC%8C%E4%BD%93%E9%AA%8C%E4%BA%86%E4%B8%96%E9%97%B4%E5%86%B7%E6%9A%96%EF%BC%8C%E8%81%9A%E6%95%A3%E5%88%86%E7%A6%BB%E3%80%82%3C%2Fp%3E%3Cp%3E%3Cbr%2F%3E%3C%2Fp%3E
ERR: Cron:cron Runat 2017-03-31 09:25:10 Use 0.000581 s

[ 2017-03-31T09:25:29+08:00 ] ::1 /eshop/index.php/ShopManage/infoEdit/id/2.html?title=eshop%E6%9B%B4%E6%96%B0%E9%80%9A%E7%9F%A5&type=2&content=%3Cp%3E%E4%B8%80%E4%B8%AA%E4%BA%BA%E6%80%BB%E8%A6%81%E8%B5%B0%E9%99%8C%E7%94%9F%E7%9A%84%E8%B7%AF%EF%BC%8C%E6%AC%A3%E8%B5%8F%E7%9A%84%E9%99%8C%E7%94%9F%E7%9A%84%E9%A3%8E%E6%99%AF%EF%BC%8C%E7%9B%B8%E9%81%87%E9%99%8C%E7%94%9F%E7%9A%84%E4%BA%BA%EF%BC%8C%E5%BE%88%E5%A4%9A%E5%BF%83%E7%BB%AA%E4%B8%8E%E6%83%85%E7%BB%AA%EF%BC%8C%E9%83%BD%E6%98%AF%E9%9A%8F%E7%9D%80%E6%97%B6%E9%97%B4%E5%A0%86%E7%A0%8C%E8%80%8C%E6%88%90%EF%BC%8C%E5%8F%AA%E5%9B%A0%E5%9C%A8%E6%97%B6%E5%85%89%E7%9A%84%E7%A3%A8%E5%90%88%E4%B8%AD%E6%88%90%E9%95%BF%E4%BA%86%EF%BC%8C%E5%8D%B4%E4%B9%9F%E5%A4%9A%E6%84%81%E5%96%84%E6%84%9F%E4%BA%86%EF%BC%8C%E5%9B%A0%E4%B8%BA%E5%9C%A8%E4%B8%80%E6%AE%B5%E6%AE%B5%E6%97%85%E9%80%94%E4%B8%AD%EF%BC%8C%E4%BD%93%E9%AA%8C%E4%BA%86%E4%B8%96%E9%97%B4%E5%86%B7%E6%9A%96%EF%BC%8C%E8%81%9A%E6%95%A3%E5%88%86%E7%A6%BB%E3%80%82%E4%B8%80%E4%B8%AA%E4%BA%BA%E6%80%BB%E8%A6%81%E8%B5%B0%E9%99%8C%E7%94%9F%E7%9A%84%E8%B7%AF%EF%BC%8C%E6%AC%A3%E8%B5%8F%E7%9A%84%E9%99%8C%E7%94%9F%E7%9A%84%E9%A3%8E%E6%99%AF%EF%BC%8C%E7%9B%B8%E9%81%87%E9%99%8C%E7%94%9F%E7%9A%84%E4%BA%BA%EF%BC%8C%E5%BE%88%E5%A4%9A%E5%BF%83%E7%BB%AA%E4%B8%8E%E6%83%85%E7%BB%AA%EF%BC%8C%E9%83%BD%E6%98%AF%E9%9A%8F%E7%9D%80%E6%97%B6%E9%97%B4%E5%A0%86%E7%A0%8C%E8%80%8C%E6%88%90%EF%BC%8C%E5%8F%AA%E5%9B%A0%E5%9C%A8%E6%97%B6%E5%85%89%E7%9A%84%E7%A3%A8%E5%90%88%E4%B8%AD%E6%88%90%E9%95%BF%E4%BA%86%EF%BC%8C%E5%8D%B4%E4%B9%9F%E5%A4%9A%E6%84%81%E5%96%84%E6%84%9F%E4%BA%86%EF%BC%8C%E5%9B%A0%E4%B8%BA%E5%9C%A8%E4%B8%80%E6%AE%B5%E6%AE%B5%E6%97%85%E9%80%94%E4%B8%AD%EF%BC%8C%E4%BD%93%E9%AA%8C%E4%BA%86%E4%B8%96%E9%97%B4%E5%86%B7%E6%9A%96%EF%BC%8C%E8%81%9A%E6%95%A3%E5%88%86%E7%A6%BB%E3%80%82%3C%2Fp%3E%3Cp%3E%E4%B8%80%E4%B8%AA%E4%BA%BA%E6%80%BB%E8%A6%81%E8%B5%B0%E9%99%8C%E7%94%9F%E7%9A%84%E8%B7%AF%EF%BC%8C%E6%AC%A3%E8%B5%8F%E7%9A%84%E9%99%8C%E7%94%9F%E7%9A%84%E9%A3%8E%E6%99%AF%EF%BC%8C%E7%9B%B8%E9%81%87%E9%99%8C%E7%94%9F%E7%9A%84%E4%BA%BA%EF%BC%8C%E5%BE%88%E5%A4%9A%E5%BF%83%E7%BB%AA%E4%B8%8E%E6%83%85%E7%BB%AA%EF%BC%8C%E9%83%BD%E6%98%AF%E9%9A%8F%E7%9D%80%E6%97%B6%E9%97%B4%E5%A0%86%E7%A0%8C%E8%80%8C%E6%88%90%EF%BC%8C%E5%8F%AA%E5%9B%A0%E5%9C%A8%E6%97%B6%E5%85%89%E7%9A%84%E7%A3%A8%E5%90%88%E4%B8%AD%E6%88%90%E9%95%BF%E4%BA%86%EF%BC%8C%E5%8D%B4%E4%B9%9F%E5%A4%9A%E6%84%81%E5%96%84%E6%84%9F%E4%BA%86%EF%BC%8C%E5%9B%A0%E4%B8%BA%E5%9C%A8%E4%B8%80%E6%AE%B5%E6%AE%B5%E6%97%85%E9%80%94%E4%B8%AD%EF%BC%8C%E4%BD%93%E9%AA%8C%E4%BA%86%E4%B8%96%E9%97%B4%E5%86%B7%E6%9A%96%EF%BC%8C%E8%81%9A%E6%95%A3%E5%88%86%E7%A6%BB%E3%80%82%3C%2Fp%3E%3Cp%3E%E4%B8%80%E4%B8%AA%E4%BA%BA%E6%80%BB%E8%A6%81%E8%B5%B0%E9%99%8C%E7%94%9F%E7%9A%84%E8%B7%AF%EF%BC%8C%E6%AC%A3%E8%B5%8F%E7%9A%84%E9%99%8C%E7%94%9F%E7%9A%84%E9%A3%8E%E6%99%AF%EF%BC%8C%E7%9B%B8%E9%81%87%E9%99%8C%E7%94%9F%E7%9A%84%E4%BA%BA%EF%BC%8C%E5%BE%88%E5%A4%9A%E5%BF%83%E7%BB%AA%E4%B8%8E%E6%83%85%E7%BB%AA%EF%BC%8C%E9%83%BD%E6%98%AF%E9%9A%8F%E7%9D%80%E6%97%B6%E9%97%B4%E5%A0%86%E7%A0%8C%E8%80%8C%E6%88%90%EF%BC%8C%E5%8F%AA%E5%9B%A0%E5%9C%A8%E6%97%B6%E5%85%89%E7%9A%84%E7%A3%A8%E5%90%88%E4%B8%AD%E6%88%90%E9%95%BF%E4%BA%86%EF%BC%8C%E5%8D%B4%E4%B9%9F%E5%A4%9A%E6%84%81%E5%96%84%E6%84%9F%E4%BA%86%EF%BC%8C%E5%9B%A0%E4%B8%BA%E5%9C%A8%E4%B8%80%E6%AE%B5%E6%AE%B5%E6%97%85%E9%80%94%E4%B8%AD%EF%BC%8C%E4%BD%93%E9%AA%8C%E4%BA%86%E4%B8%96%E9%97%B4%E5%86%B7%E6%9A%96%EF%BC%8C%E8%81%9A%E6%95%A3%E5%88%86%E7%A6%BB%E3%80%82%3C%2Fp%3E%3Cp%3E%3Cbr%2F%3E%3C%2Fp%3E
ERR: Cron:cron Runat 2017-03-31 09:25:29 Use 0.000565 s

[ 2017-03-31T09:27:11+08:00 ] ::1 /eshop/index.php/Home/ShopManage/info.html
ERR: Cron:cron Runat 2017-03-31 09:27:11 Use 0.000583 s

[ 2017-03-31T09:27:15+08:00 ] ::1 /eshop/index.php/Home/ShopManage/infoList.html
ERR: Cron:cron Runat 2017-03-31 09:27:15 Use 0.000472 s

[ 2017-03-31T09:29:30+08:00 ] ::1 /eshop/index.php/Home/ShopManage/infoList.html
ERR: Cron:cron Runat 2017-03-31 09:29:30 Use 0.001664 s

[ 2017-03-31T09:29:32+08:00 ] ::1 /eshop/index.php/ShopManage/infoEdit/id/1.html
ERR: Cron:cron Runat 2017-03-31 09:29:32 Use 0.000575 s

[ 2017-03-31T09:29:46+08:00 ] ::1 /eshop/index.php/ShopManage/infoEdit/id/infoEditSave
ERR: Cron:cron Runat 2017-03-31 09:29:46 Use 0.000512 s

[ 2017-03-31T09:29:46+08:00 ] ::1 /eshop/index.php/ShopManage/infoEdit/id/infoEditSave
INFO: [ app_begin ] --START--
INFO: Run Behavior\ReadHtmlCacheBehavior [ RunTime:0.001311s ]
INFO: Run Behavior\CronRunBehavior [ RunTime:0.006963s ]
INFO: [ app_begin ] --END-- [ RunTime:0.009309s ]
ERR: 页面不存在！

[ 2017-03-31T09:31:29+08:00 ] ::1 /eshop/index.php/Home/Good/onsale.html
ERR: Cron:cron Runat 2017-03-31 09:31:29 Use 0.000489 s

[ 2017-03-31T09:31:34+08:00 ] ::1 /eshop/index.php/Home/Good/edit/id/13/src/audit.html
ERR: Cron:cron Runat 2017-03-31 09:31:34 Use 0.000685 s

[ 2017-03-31T09:37:00+08:00 ] ::1 /eshop/index.php/Home/ShopManage/infoList.html
ERR: Cron:cron Runat 2017-03-31 09:37:00 Use 0.000510 s

[ 2017-03-31T09:37:04+08:00 ] ::1 /eshop/index.php/ShopManage/infoEdit/id/1.html
ERR: Cron:cron Runat 2017-03-31 09:37:04 Use 0.000545 s

[ 2017-03-31T09:37:14+08:00 ] ::1 /eshop/index.php/ShopManage/infoEdit/id/infoEditSave
ERR: Cron:cron Runat 2017-03-31 09:37:14 Use 0.000721 s

[ 2017-03-31T09:37:14+08:00 ] ::1 /eshop/index.php/ShopManage/infoEdit/id/infoEditSave
INFO: [ app_begin ] --START--
INFO: Run Behavior\ReadHtmlCacheBehavior [ RunTime:0.001523s ]
INFO: Run Behavior\CronRunBehavior [ RunTime:0.007994s ]
INFO: [ app_begin ] --END-- [ RunTime:0.010743s ]
ERR: 页面不存在！

[ 2017-03-31T09:40:36+08:00 ] ::1 /eshop/index.php/ShopManage/infoEdit/id/1.html
ERR: Cron:cron Runat 2017-03-31 09:40:36 Use 0.000464 s

[ 2017-03-31T09:40:40+08:00 ] ::1 /eshop/index.php/ShopManage/infoEditSave.html
ERR: Cron:cron Runat 2017-03-31 09:40:40 Use 0.000493 s

[ 2017-03-31T09:40:40+08:00 ] ::1 /eshop/index.php/ShopManage/infoEditSave.html
INFO: [ app_begin ] --START--
INFO: Run Behavior\ReadHtmlCacheBehavior [ RunTime:0.001537s ]
INFO: Run Behavior\CronRunBehavior [ RunTime:0.006304s ]
INFO: [ app_begin ] --END-- [ RunTime:0.009607s ]
INFO: [ app_end ] --START--
INFO: Run Behavior\ShowPageTraceBehavior [ RunTime:0.001387s ]
INFO: [ app_end ] --END-- [ RunTime:0.001536s ]

[ 2017-03-31T09:43:00+08:00 ] ::1 /eshop/index.php/ShopManage/infoEditSave.html
ERR: Cron:cron Runat 2017-03-31 09:43:00 Use 0.000641 s

[ 2017-03-31T09:43:00+08:00 ] ::1 /eshop/index.php/ShopManage/infoEditSave.html
INFO: [ app_begin ] --START--
INFO: Run Behavior\ReadHtmlCacheBehavior [ RunTime:0.001407s ]
INFO: Run Behavior\CronRunBehavior [ RunTime:0.006210s ]
INFO: [ app_begin ] --END-- [ RunTime:0.008641s ]
INFO: [ app_end ] --START--
INFO: Run Behavior\ShowPageTraceBehavior [ RunTime:0.001860s ]
INFO: [ app_end ] --END-- [ RunTime:0.002108s ]

[ 2017-03-31T09:43:31+08:00 ] ::1 /eshop/index.php/ShopManage/infoEdit/id/1.html
ERR: Cron:cron Runat 2017-03-31 09:43:31 Use 0.000718 s

[ 2017-03-31T09:43:34+08:00 ] ::1 /eshop/index.php/ShopManage/infoEditSave.html
ERR: Cron:cron Runat 2017-03-31 09:43:34 Use 0.000747 s

[ 2017-03-31T09:43:34+08:00 ] ::1 /eshop/index.php/ShopManage/infoEditSave.html
INFO: [ app_begin ] --START--
INFO: Run Behavior\ReadHtmlCacheBehavior [ RunTime:0.001224s ]
INFO: Run Behavior\CronRunBehavior [ RunTime:0.010522s ]
INFO: [ app_begin ] --END-- [ RunTime:0.012806s ]
INFO: [ app_end ] --START--
INFO: Run Behavior\ShowPageTraceBehavior [ RunTime:0.001592s ]
INFO: [ app_end ] --END-- [ RunTime:0.001765s ]

[ 2017-03-31T09:43:47+08:00 ] ::1 /eshop/index.php/ShopManage/infoEditSave.html
ERR: Cron:cron Runat 2017-03-31 09:43:47 Use 0.000508 s

[ 2017-03-31T09:43:47+08:00 ] ::1 /eshop/index.php/ShopManage/infoEditSave.html
INFO: [ app_begin ] --START--
INFO: Run Behavior\ReadHtmlCacheBehavior [ RunTime:0.001204s ]
INFO: Run Behavior\CronRunBehavior [ RunTime:0.006410s ]
INFO: [ app_begin ] --END-- [ RunTime:0.008686s ]
INFO: [ app_end ] --START--
INFO: Run Behavior\ShowPageTraceBehavior [ RunTime:0.001337s ]
INFO: [ app_end ] --END-- [ RunTime:0.001476s ]

[ 2017-03-31T09:43:55+08:00 ] ::1 /eshop/index.php/ShopManage/infoEditSave.html
ERR: Cron:cron Runat 2017-03-31 09:43:55 Use 0.000539 s

[ 2017-03-31T09:43:55+08:00 ] ::1 /eshop/index.php/ShopManage/infoEditSave.html
INFO: [ app_begin ] --START--
INFO: Run Behavior\ReadHtmlCacheBehavior [ RunTime:0.001228s ]
INFO: Run Behavior\CronRunBehavior [ RunTime:0.006222s ]
INFO: [ app_begin ] --END-- [ RunTime:0.008634s ]
INFO: [ app_end ] --START--
INFO: Run Behavior\ShowPageTraceBehavior [ RunTime:0.001537s ]
INFO: [ app_end ] --END-- [ RunTime:0.001681s ]

[ 2017-03-31T09:44:16+08:00 ] ::1 /eshop/index.php/ShopManage/infoEditSave.html
ERR: Cron:cron Runat 2017-03-31 09:44:16 Use 0.000424 s

[ 2017-03-31T09:44:16+08:00 ] ::1 /eshop/index.php/ShopManage/infoEditSave.html
INFO: [ app_begin ] --START--
INFO: Run Behavior\ReadHtmlCacheBehavior [ RunTime:0.001406s ]
INFO: Run Behavior\CronRunBehavior [ RunTime:0.006794s ]
INFO: [ app_begin ] --END-- [ RunTime:0.009346s ]
INFO: [ app_end ] --START--
INFO: Run Behavior\ShowPageTraceBehavior [ RunTime:0.002259s ]
INFO: [ app_end ] --END-- [ RunTime:0.002477s ]

[ 2017-03-31T09:44:33+08:00 ] ::1 /eshop/index.php/ShopManage/infoEditSave.html
ERR: Cron:cron Runat 2017-03-31 09:44:33 Use 0.000652 s

[ 2017-03-31T09:44:33+08:00 ] ::1 /eshop/index.php/ShopManage/infoEditSave.html
INFO: [ app_begin ] --START--
INFO: Run Behavior\ReadHtmlCacheBehavior [ RunTime:0.001588s ]
INFO: Run Behavior\CronRunBehavior [ RunTime:0.006478s ]
INFO: [ app_begin ] --END-- [ RunTime:0.009401s ]
INFO: [ app_end ] --START--
INFO: Run Behavior\ShowPageTraceBehavior [ RunTime:0.001718s ]
INFO: [ app_end ] --END-- [ RunTime:0.001905s ]

[ 2017-03-31T09:46:35+08:00 ] ::1 /eshop/index.php/ShopManage/infoEdit/id/1.html
ERR: Cron:cron Runat 2017-03-31 09:46:35 Use 0.000463 s

[ 2017-03-31T09:46:53+08:00 ] ::1 /eshop/index.php/ShopManage/infoEdit/id/1.html
ERR: Cron:cron Runat 2017-03-31 09:46:53 Use 0.000453 s

[ 2017-03-31T09:47:03+08:00 ] ::1 /eshop/index.php/ShopManage/infoEditSave.html
ERR: Cron:cron Runat 2017-03-31 09:47:03 Use 0.000707 s

[ 2017-03-31T09:47:03+08:00 ] ::1 /eshop/index.php/ShopManage/infoEditSave.html
INFO: [ app_begin ] --START--
INFO: Run Behavior\ReadHtmlCacheBehavior [ RunTime:0.001735s ]
INFO: Run Behavior\CronRunBehavior [ RunTime:0.008378s ]
INFO: [ app_begin ] --END-- [ RunTime:0.011553s ]
INFO: [ app_end ] --START--
INFO: Run Behavior\ShowPageTraceBehavior [ RunTime:0.001772s ]
INFO: [ app_end ] --END-- [ RunTime:0.001974s ]

[ 2017-03-31T09:47:27+08:00 ] ::1 /eshop/index.php/ShopManage/infoEditSave.html
ERR: Cron:cron Runat 2017-03-31 09:47:27 Use 0.000646 s

[ 2017-03-31T09:47:27+08:00 ] ::1 /eshop/index.php/ShopManage/infoEditSave.html
INFO: [ app_begin ] --START--
INFO: Run Behavior\ReadHtmlCacheBehavior [ RunTime:0.001120s ]
INFO: Run Behavior\CronRunBehavior [ RunTime:0.007512s ]
INFO: [ app_begin ] --END-- [ RunTime:0.009659s ]
INFO: [ app_end ] --START--
INFO: Run Behavior\ShowPageTraceBehavior [ RunTime:0.002117s ]
INFO: [ app_end ] --END-- [ RunTime:0.002371s ]

[ 2017-03-31T09:47:39+08:00 ] ::1 /eshop/index.php/ShopManage/infoEditSave.html
ERR: Cron:cron Runat 2017-03-31 09:47:39 Use 0.000713 s

[ 2017-03-31T09:47:39+08:00 ] ::1 /eshop/index.php/ShopManage/infoEditSave.html
INFO: [ app_begin ] --START--
INFO: Run Behavior\ReadHtmlCacheBehavior [ RunTime:0.001119s ]
INFO: Run Behavior\CronRunBehavior [ RunTime:0.007215s ]
INFO: [ app_begin ] --END-- [ RunTime:0.009599s ]
INFO: [ app_end ] --START--
INFO: Run Behavior\ShowPageTraceBehavior [ RunTime:0.001321s ]
INFO: [ app_end ] --END-- [ RunTime:0.001471s ]

[ 2017-03-31T09:49:05+08:00 ] ::1 /eshop/index.php/ShopManage/infoEditSave.html
ERR: Cron:cron Runat 2017-03-31 09:49:05 Use 0.000806 s

[ 2017-03-31T09:49:05+08:00 ] ::1 /eshop/index.php/ShopManage/infoEditSave.html
INFO: [ app_begin ] --START--
INFO: Run Behavior\ReadHtmlCacheBehavior [ RunTime:0.001520s ]
INFO: Run Behavior\CronRunBehavior [ RunTime:0.009402s ]
INFO: [ app_begin ] --END-- [ RunTime:0.012187s ]
INFO: [ app_end ] --START--
INFO: Run Behavior\ShowPageTraceBehavior [ RunTime:0.001440s ]
INFO: [ app_end ] --END-- [ RunTime:0.001593s ]

[ 2017-03-31T09:49:16+08:00 ] ::1 /eshop/index.php/ShopManage/infoEditSave.html
ERR: Cron:cron Runat 2017-03-31 09:49:16 Use 0.000507 s

[ 2017-03-31T09:49:16+08:00 ] ::1 /eshop/index.php/ShopManage/infoEditSave.html
INFO: [ app_begin ] --START--
INFO: Run Behavior\ReadHtmlCacheBehavior [ RunTime:0.001182s ]
INFO: Run Behavior\CronRunBehavior [ RunTime:0.006714s ]
INFO: [ app_begin ] --END-- [ RunTime:0.009052s ]
INFO: [ app_end ] --START--
INFO: Run Behavior\ShowPageTraceBehavior [ RunTime:0.001802s ]
INFO: [ app_end ] --END-- [ RunTime:0.001974s ]

[ 2017-03-31T09:49:29+08:00 ] ::1 /eshop/index.php/ShopManage/infoEditSave.html
ERR: Cron:cron Runat 2017-03-31 09:49:29 Use 0.000580 s

[ 2017-03-31T09:49:29+08:00 ] ::1 /eshop/index.php/ShopManage/infoEditSave.html
INFO: [ app_begin ] --START--
INFO: Run Behavior\ReadHtmlCacheBehavior [ RunTime:0.001182s ]
INFO: Run Behavior\CronRunBehavior [ RunTime:0.006850s ]
INFO: [ app_begin ] --END-- [ RunTime:0.009079s ]
INFO: [ app_end ] --START--
INFO: Run Behavior\ShowPageTraceBehavior [ RunTime:0.001738s ]
INFO: [ app_end ] --END-- [ RunTime:0.001913s ]

[ 2017-03-31T09:50:02+08:00 ] ::1 /eshop/index.php/ShopManage/infoEditSave.html
ERR: Cron:cron Runat 2017-03-31 09:50:02 Use 0.000417 s

[ 2017-03-31T09:50:02+08:00 ] ::1 /eshop/index.php/ShopManage/infoEditSave.html
INFO: [ app_begin ] --START--
INFO: Run Behavior\ReadHtmlCacheBehavior [ RunTime:0.001116s ]
INFO: Run Behavior\CronRunBehavior [ RunTime:0.005849s ]
INFO: [ app_begin ] --END-- [ RunTime:0.007977s ]
INFO: [ app_end ] --START--
INFO: Run Behavior\ShowPageTraceBehavior [ RunTime:0.001389s ]
INFO: [ app_end ] --END-- [ RunTime:0.001549s ]

[ 2017-03-31T09:51:44+08:00 ] ::1 /eshop/index.php/ShopManage/infoEditSave.html
ERR: Cron:cron Runat 2017-03-31 09:51:44 Use 0.000555 s

[ 2017-03-31T09:51:44+08:00 ] ::1 /eshop/index.php/ShopManage/infoEditSave.html
INFO: [ app_begin ] --START--
INFO: Run Behavior\ReadHtmlCacheBehavior [ RunTime:0.001137s ]
INFO: Run Behavior\CronRunBehavior [ RunTime:0.008340s ]
INFO: [ app_begin ] --END-- [ RunTime:0.010468s ]
INFO: [ app_end ] --START--
INFO: Run Behavior\ShowPageTraceBehavior [ RunTime:0.001339s ]
INFO: [ app_end ] --END-- [ RunTime:0.001485s ]

[ 2017-03-31T09:52:01+08:00 ] ::1 /eshop/index.php/ShopManage/infoEditSave.html
ERR: Cron:cron Runat 2017-03-31 09:52:01 Use 0.000671 s

[ 2017-03-31T09:52:01+08:00 ] ::1 /eshop/index.php/ShopManage/infoEditSave.html
INFO: [ app_begin ] --START--
INFO: Run Behavior\ReadHtmlCacheBehavior [ RunTime:0.001180s ]
INFO: Run Behavior\CronRunBehavior [ RunTime:0.007312s ]
INFO: [ app_begin ] --END-- [ RunTime:0.009797s ]
INFO: [ app_end ] --START--
INFO: Run Behavior\ShowPageTraceBehavior [ RunTime:0.001686s ]
INFO: [ app_end ] --END-- [ RunTime:0.002034s ]

[ 2017-03-31T09:52:07+08:00 ] ::1 /eshop/index.php/ShopManage/infoEdit/id/1.html
ERR: Cron:cron Runat 2017-03-31 09:52:07 Use 0.000548 s

[ 2017-03-31T09:52:10+08:00 ] ::1 /eshop/index.php/ShopManage/infoEditSave.html
ERR: Cron:cron Runat 2017-03-31 09:52:10 Use 0.000552 s

[ 2017-03-31T09:52:10+08:00 ] ::1 /eshop/index.php/ShopManage/infoEditSave.html
INFO: [ app_begin ] --START--
INFO: Run Behavior\ReadHtmlCacheBehavior [ RunTime:0.001351s ]
INFO: Run Behavior\CronRunBehavior [ RunTime:0.006330s ]
INFO: [ app_begin ] --END-- [ RunTime:0.008963s ]
INFO: [ app_end ] --START--
INFO: Run Behavior\ShowPageTraceBehavior [ RunTime:0.001428s ]
INFO: [ app_end ] --END-- [ RunTime:0.001580s ]

[ 2017-03-31T09:52:17+08:00 ] ::1 /eshop/index.php/ShopManage/infoEditSave.html
ERR: Cron:cron Runat 2017-03-31 09:52:17 Use 0.000667 s

[ 2017-03-31T09:52:17+08:00 ] ::1 /eshop/index.php/ShopManage/infoEditSave.html
INFO: [ app_begin ] --START--
INFO: Run Behavior\ReadHtmlCacheBehavior [ RunTime:0.001259s ]
INFO: Run Behavior\CronRunBehavior [ RunTime:0.007129s ]
INFO: [ app_begin ] --END-- [ RunTime:0.009349s ]
INFO: [ app_end ] --START--
INFO: Run Behavior\ShowPageTraceBehavior [ RunTime:0.001643s ]
INFO: [ app_end ] --END-- [ RunTime:0.001794s ]

[ 2017-03-31T09:57:40+08:00 ] ::1 /eshop/index.php/ShopManage/infoEditSave.html
ERR: Cron:cron Runat 2017-03-31 09:57:40 Use 0.000563 s

[ 2017-03-31T09:57:40+08:00 ] ::1 /eshop/index.php/ShopManage/infoEditSave.html
INFO: [ app_begin ] --START--
INFO: Run Behavior\ReadHtmlCacheBehavior [ RunTime:0.001377s ]
INFO: Run Behavior\CronRunBehavior [ RunTime:0.006501s ]
INFO: [ app_begin ] --END-- [ RunTime:0.008911s ]
INFO: [ app_end ] --START--
INFO: Run Behavior\ShowPageTraceBehavior [ RunTime:0.002219s ]
INFO: [ app_end ] --END-- [ RunTime:0.002448s ]

[ 2017-03-31T09:57:52+08:00 ] ::1 /eshop/index.php/ShopManage/infoEditSave.html
ERR: Cron:cron Runat 2017-03-31 09:57:52 Use 0.000549 s

[ 2017-03-31T09:57:52+08:00 ] ::1 /eshop/index.php/ShopManage/infoEditSave.html
INFO: [ app_begin ] --START--
INFO: Run Behavior\ReadHtmlCacheBehavior [ RunTime:0.001249s ]
INFO: Run Behavior\CronRunBehavior [ RunTime:0.005858s ]
INFO: [ app_begin ] --END-- [ RunTime:0.008102s ]
INFO: [ app_end ] --START--
INFO: Run Behavior\ShowPageTraceBehavior [ RunTime:0.001509s ]
INFO: [ app_end ] --END-- [ RunTime:0.001685s ]

[ 2017-03-31T10:02:10+08:00 ] ::1 /eshop/index.php/ShopManage/infoEditSave.html
ERR: Cron:cron Runat 2017-03-31 10:02:10 Use 0.000437 s

[ 2017-03-31T10:02:10+08:00 ] ::1 /eshop/index.php/ShopManage/infoEditSave.html
INFO: [ app_begin ] --START--
INFO: Run Behavior\ReadHtmlCacheBehavior [ RunTime:0.001177s ]
INFO: Run Behavior\CronRunBehavior [ RunTime:0.005829s ]
INFO: [ app_begin ] --END-- [ RunTime:0.008158s ]
SQL: SHOW COLUMNS FROM `eshop_information` [ RunTime:0.0092s ]
NOTIC: [8] Undefined index: validate D:\wampserver\wamp\www\eshop\ThinkPHP\Library\Think\Model.class.php 第 1185 行.
NOTIC: [8] Undefined index: auto D:\wampserver\wamp\www\eshop\ThinkPHP\Library\Think\Model.class.php 第 1128 行.
NOTIC: [8] Undefined index: validate D:\wampserver\wamp\www\eshop\ThinkPHP\Library\Think\Model.class.php 第 1185 行.
NOTIC: [8] Undefined index: auto D:\wampserver\wamp\www\eshop\ThinkPHP\Library\Think\Model.class.php 第 1128 行.

[ 2017-03-31T10:04:07+08:00 ] ::1 /eshop/index.php/ShopManage/infoEditSave.html
ERR: Cron:cron Runat 2017-03-31 10:04:07 Use 0.000623 s

[ 2017-03-31T10:04:07+08:00 ] ::1 /eshop/index.php/ShopManage/infoEditSave.html
INFO: [ app_begin ] --START--
INFO: Run Behavior\ReadHtmlCacheBehavior [ RunTime:0.001253s ]
INFO: Run Behavior\CronRunBehavior [ RunTime:0.005777s ]
INFO: [ app_begin ] --END-- [ RunTime:0.008030s ]
SQL: SHOW COLUMNS FROM `eshop_information` [ RunTime:0.0079s ]
NOTIC: [8] Undefined index: validate D:\wampserver\wamp\www\eshop\ThinkPHP\Library\Think\Model.class.php 第 1185 行.
NOTIC: [8] Undefined index: auto D:\wampserver\wamp\www\eshop\ThinkPHP\Library\Think\Model.class.php 第 1128 行.
SQL: UPDATE `eshop_information` SET `title`='eshop正式上线通知',`type`='1',`content`='&lt;p&gt;一个人总要走陌生的路，欣赏的陌生的风景，相遇陌生的人&lt;br/&gt;&lt;/p&gt;',`publish_time`='1490925847',`modify_time`='1490925847' WHERE `id` = 1 [ RunTime:0.1196s ]

[ 2017-03-31T10:04:11+08:00 ] ::1 /eshop/index.php/ShopManage/infoEdit/id/infoList
ERR: Cron:cron Runat 2017-03-31 10:04:11 Use 0.000688 s

[ 2017-03-31T10:04:11+08:00 ] ::1 /eshop/index.php/ShopManage/infoEdit/id/infoList
ERR: 页面不存在！

[ 2017-03-31T10:04:52+08:00 ] ::1 /eshop/index.php/ShopManage/infoEdit/id/1.html
ERR: Cron:cron Runat 2017-03-31 10:04:52 Use 0.000600 s

[ 2017-03-31T10:05:08+08:00 ] ::1 /eshop/index.php/ShopManage/infoEditSave.html
ERR: Cron:cron Runat 2017-03-31 10:05:08 Use 0.000547 s

[ 2017-03-31T10:05:08+08:00 ] ::1 /eshop/index.php/ShopManage/infoEditSave.html
INFO: [ app_begin ] --START--
INFO: Run Behavior\ReadHtmlCacheBehavior [ RunTime:0.001452s ]
INFO: Run Behavior\CronRunBehavior [ RunTime:0.006537s ]
INFO: [ app_begin ] --END-- [ RunTime:0.009052s ]
SQL: SHOW COLUMNS FROM `eshop_information` [ RunTime:0.0058s ]
NOTIC: [8] Undefined index: validate D:\wampserver\wamp\www\eshop\ThinkPHP\Library\Think\Model.class.php 第 1185 行.
NOTIC: [8] Undefined index: auto D:\wampserver\wamp\www\eshop\ThinkPHP\Library\Think\Model.class.php 第 1128 行.
SQL: UPDATE `eshop_information` SET `title`='eshop正式上线通知',`type`='1',`content`='&lt;p&gt;一个人总要走陌生的路，欣赏的陌生的风景，相遇陌生的人一个人总要走陌生的路，欣赏的陌生的风景，相遇陌生的人&lt;/p&gt;&lt;p&gt;一个人总要走陌生的路，欣赏的陌生的风景，相遇陌生的人一个人总要走陌生的路，欣赏的陌生的风景，相遇陌生的人&lt;/p&gt;&lt;p&gt;一个人总要走陌生的路，欣赏的陌生的风景，相遇陌生的人一个人总要走陌生的路，欣赏的陌生的风景，相遇陌生的人&lt;/p&gt;&lt;p&gt;一个人总要走陌生的路，欣赏的陌生的风景，相遇陌生的人一个人总要走陌生的路，欣赏的陌生的风景，相遇陌生的人&lt;/p&gt;',`publish_time`='1490925908',`modify_time`='1490925908' WHERE `id` = 1 [ RunTime:0.0847s ]

[ 2017-03-31T10:05:48+08:00 ] ::1 /eshop/index.php/Home/ShopManage/infoList.html
ERR: Cron:cron Runat 2017-03-31 10:05:48 Use 0.000633 s

[ 2017-03-31T10:08:01+08:00 ] ::1 /eshop/index.php/Home/Index/infoDetail/id/2/type/UwZLFQ1dRgdLAw.html
ERR: Cron:cron Runat 2017-03-31 10:08:01 Use 0.000460 s

[ 2017-03-31T10:09:36+08:00 ] ::1 /eshop/index.php/Home/Index/infoDetail/id/2/type/UwZLFQ1dRgdLAw.html
ERR: Cron:cron Runat 2017-03-31 10:09:36 Use 0.000746 s

[ 2017-03-31T10:12:52+08:00 ] ::1 /eshop/index.php/Home/Index/infoDetail/id/2/type/UwZLFQ1dRgdLAw.html
ERR: Cron:cron Runat 2017-03-31 10:12:52 Use 0.000716 s

[ 2017-03-31T10:13:39+08:00 ] ::1 /eshop/index.php/Home/Index/infoDetail/id/2/type/UwZLFQ1dRgdLAw.html
ERR: Cron:cron Runat 2017-03-31 10:13:39 Use 0.000465 s

[ 2017-03-31T10:14:14+08:00 ] ::1 /eshop/index.php/Home/Index/infoDetail/id/2/type/UwZLFQ1dRgdLAw.html
ERR: Cron:cron Runat 2017-03-31 10:14:14 Use 0.000540 s

[ 2017-03-31T10:14:19+08:00 ] ::1 /eshop/index.php/Home/Index/infoDetail/id/2/type/UwZLFQ1dRgdLAw.html
ERR: Cron:cron Runat 2017-03-31 10:14:19 Use 0.000462 s

[ 2017-03-31T10:15:25+08:00 ] ::1 /eshop/index.php/Home/Index/infoDetail/id/2/type/UwZLFQ1dRgdLAw.html
ERR: Cron:cron Runat 2017-03-31 10:15:25 Use 0.000724 s

[ 2017-03-31T10:15:42+08:00 ] ::1 /eshop/index.php/Home/Index/infoDetail/id/2/type/UwZLFQ1dRgdLAw.html
ERR: Cron:cron Runat 2017-03-31 10:15:42 Use 0.000795 s

[ 2017-03-31T10:15:51+08:00 ] ::1 /eshop/index.php/Home/Index/infoDetail/id/2/type/UwZLFQ1dRgdLAw.html
ERR: Cron:cron Runat 2017-03-31 10:15:51 Use 0.000546 s

[ 2017-03-31T10:17:13+08:00 ] ::1 /eshop/index.php/Home/Index/infoDetail/id/2/type/UwZLFQ1dRgdLAw.html
ERR: Cron:cron Runat 2017-03-31 10:17:13 Use 0.000499 s

[ 2017-03-31T10:17:40+08:00 ] ::1 /eshop/index.php/Home/Index/infoDetail/id/2/type/UwZLFQ1dRgdLAw.html
ERR: Cron:cron Runat 2017-03-31 10:17:40 Use 0.000549 s

[ 2017-03-31T10:18:31+08:00 ] ::1 /eshop/index.php/Home/Index/infoDetail/id/2/type/UwZLFQ1dRgdLAw.html
ERR: Cron:cron Runat 2017-03-31 10:18:31 Use 0.000558 s

[ 2017-03-31T10:19:23+08:00 ] ::1 /eshop/index.php/Home/Index/infoDetail/id/2/type/UwZLFQ1dRgdLAw.html
ERR: Cron:cron Runat 2017-03-31 10:19:23 Use 0.000553 s

[ 2017-03-31T10:19:47+08:00 ] ::1 /eshop/index.php/Home/Index/infoDetail/id/2/type/UwZLFQ1dRgdLAw.html
ERR: Cron:cron Runat 2017-03-31 10:19:47 Use 0.000525 s

[ 2017-03-31T10:21:14+08:00 ] ::1 /eshop/index.php/Home/Index/infoDetail/id/2/type/UwZLFQ1dRgdLAw.html
ERR: Cron:cron Runat 2017-03-31 10:21:14 Use 0.000788 s

[ 2017-03-31T10:21:32+08:00 ] ::1 /eshop/index.php/Home/Index/infoDetail/id/2/type/UwZLFQ1dRgdLAw.html
ERR: Cron:cron Runat 2017-03-31 10:21:32 Use 0.000577 s

[ 2017-03-31T10:22:50+08:00 ] ::1 /eshop/index.php/Home/Index/infoDetail/id/2/type/UwZLFQ1dRgdLAw.html
ERR: Cron:cron Runat 2017-03-31 10:22:50 Use 0.000522 s

[ 2017-03-31T10:23:36+08:00 ] ::1 /eshop/index.php/Home/Index/infoDetail/id/2/type/UwZLFQ1dRgdLAw.html
ERR: Cron:cron Runat 2017-03-31 10:23:36 Use 0.000571 s

[ 2017-03-31T10:24:00+08:00 ] ::1 /eshop/index.php/Home/Index/infoDetail/id/2/type/UwZLFQ1dRgdLAw.html
ERR: Cron:cron Runat 2017-03-31 10:24:00 Use 0.000509 s

[ 2017-03-31T10:24:11+08:00 ] ::1 /eshop/index.php/Home/Index/infoDetail/id/2/type/UwZLFQ1dRgdLAw.html
ERR: Cron:cron Runat 2017-03-31 10:24:11 Use 0.000632 s

[ 2017-03-31T10:24:34+08:00 ] ::1 /eshop/index.php/Home/Index/infoDetail/id/2/type/UwZLFQ1dRgdLAw.html
ERR: Cron:cron Runat 2017-03-31 10:24:34 Use 0.000616 s

[ 2017-03-31T10:24:42+08:00 ] ::1 /eshop/index.php/Home/Index/infoDetail/id/2/type/UwZLFQ1dRgdLAw.html
ERR: Cron:cron Runat 2017-03-31 10:24:42 Use 0.000551 s

[ 2017-03-31T10:24:54+08:00 ] ::1 /eshop/index.php/Home/Index/infoDetail/id/2/type/UwZLFQ1dRgdLAw.html
ERR: Cron:cron Runat 2017-03-31 10:24:54 Use 0.000497 s

[ 2017-03-31T10:25:38+08:00 ] ::1 /eshop/index.php/Home/Index/infoDetail/id/2/type/UwZLFQ1dRgdLAw.html
ERR: Cron:cron Runat 2017-03-31 10:25:38 Use 0.000501 s

[ 2017-03-31T10:28:17+08:00 ] ::1 /eshop/index.php/Home/Index/infoDetail/id/2/type/UwZLFQ1dRgdLAw.html
ERR: Cron:cron Runat 2017-03-31 10:28:17 Use 0.000386 s

[ 2017-03-31T10:28:29+08:00 ] ::1 /eshop/index.php/Home/Index/infoDetail/id/2/type/UwZLFQ1dRgdLAw.html
ERR: Cron:cron Runat 2017-03-31 10:28:29 Use 0.000678 s

[ 2017-03-31T10:28:35+08:00 ] ::1 /eshop/index.php/Home/ShopManage/infoList.html
ERR: Cron:cron Runat 2017-03-31 10:28:35 Use 0.000373 s

[ 2017-03-31T10:28:40+08:00 ] ::1 /eshop/index.php/Home/Index/infoDetail/id/1/type/UwZLFQ1dRgdLAw.html
ERR: Cron:cron Runat 2017-03-31 10:28:40 Use 0.000377 s

[ 2017-03-31T10:28:52+08:00 ] ::1 /eshop/index.php/Home/Index/infoDetail/id/2/type/UwZLFQ1dRgdLAw.html
ERR: Cron:cron Runat 2017-03-31 10:28:52 Use 0.000402 s

[ 2017-03-31T10:28:57+08:00 ] ::1 /eshop/index.php/Home/Index/infoDetail/id/3/type/UwZLFQ1dRgdLAw.html
ERR: Cron:cron Runat 2017-03-31 10:28:57 Use 0.000429 s

[ 2017-03-31T10:29:37+08:00 ] ::1 /eshop/index.php/Home/Index/infoDetail/id/3/type/UwZLFQ1dRgdLAw.html
ERR: Cron:cron Runat 2017-03-31 10:29:37 Use 0.000329 s

[ 2017-03-31T10:31:16+08:00 ] ::1 /eshop/index.php/Home/Index/infoDetail/id/3/type/UwZLFQ1dRgdLAw.html
ERR: Cron:cron Runat 2017-03-31 10:31:16 Use 0.000369 s

[ 2017-03-31T10:32:04+08:00 ] ::1 /eshop/index.php/Home/Index/infoDetail/id/3/type/UwZLFQ1dRgdLAw.html
ERR: Cron:cron Runat 2017-03-31 10:32:04 Use 0.000358 s

[ 2017-03-31T10:32:43+08:00 ] ::1 /eshop/index.php/Home/Index/infoDetail/id/3/type/UwZLFQ1dRgdLAw.html
ERR: Cron:cron Runat 2017-03-31 10:32:43 Use 0.000304 s

[ 2017-03-31T10:33:07+08:00 ] ::1 /eshop/index.php/Home/Index/infoDetail/id/2/type/UwZLFQ1dRgdLAw.html
ERR: Cron:cron Runat 2017-03-31 10:33:07 Use 0.000363 s

[ 2017-03-31T10:33:14+08:00 ] ::1 /eshop/index.php/Home/Index/infoDetail/id/2/type/UwZLFQ1dRgdLAw.html
ERR: Cron:cron Runat 2017-03-31 10:33:14 Use 0.000410 s

[ 2017-03-31T10:33:17+08:00 ] ::1 /eshop/index.php/Home/Index/infoDetail/id/2/type/UwZLFQ1dRgdLAw.html
ERR: Cron:cron Runat 2017-03-31 10:33:17 Use 0.000387 s

[ 2017-03-31T10:33:49+08:00 ] ::1 /eshop/index.php/Home/Index/infoDetail/id/2/type/UwZLFQ1dRgdLAw.html
ERR: Cron:cron Runat 2017-03-31 10:33:49 Use 0.000372 s

[ 2017-03-31T10:34:00+08:00 ] ::1 /eshop/index.php/Home/ShopManage/infoList.html
ERR: Cron:cron Runat 2017-03-31 10:34:00 Use 0.000317 s

[ 2017-03-31T10:34:03+08:00 ] ::1 /eshop/index.php/ShopManage/infoEdit/id/1.html
ERR: Cron:cron Runat 2017-03-31 10:34:03 Use 0.000367 s

[ 2017-03-31T10:34:23+08:00 ] ::1 /eshop/index.php/ShopManage/infoEditSave.html
ERR: Cron:cron Runat 2017-03-31 10:34:23 Use 0.000525 s

[ 2017-03-31T10:34:23+08:00 ] ::1 /eshop/index.php/ShopManage/infoEditSave.html
INFO: [ app_begin ] --START--
INFO: Run Behavior\ReadHtmlCacheBehavior [ RunTime:0.000726s ]
INFO: Run Behavior\CronRunBehavior [ RunTime:0.004686s ]
INFO: [ app_begin ] --END-- [ RunTime:0.006014s ]
SQL: SHOW COLUMNS FROM `eshop_information` [ RunTime:0.0041s ]
NOTIC: [8] Undefined index: validate D:\wampserver\wamp\www\eshop\ThinkPHP\Library\Think\Model.class.php 第 1185 行.
NOTIC: [8] Undefined index: auto D:\wampserver\wamp\www\eshop\ThinkPHP\Library\Think\Model.class.php 第 1128 行.
SQL: UPDATE `eshop_information` SET `title`='eshop正式上线通知',`type`='1',`content`='&lt;p&gt;&amp;nbsp; &amp;nbsp;&amp;nbsp;&amp;nbsp;&amp;nbsp;一个人总要走陌生的路，欣赏的陌生的风景，相遇陌生的人一个人总要走陌生的路，欣赏的陌生的风景，相遇陌生的人。&lt;/p&gt;&lt;p&gt;&amp;nbsp;&amp;nbsp;&amp;nbsp;&amp;nbsp;一个人总要走陌生的路，欣赏的陌生的风景，相遇陌生的人一个人总要走陌生的路，欣赏的陌生的风景，相遇陌生的人。&lt;/p&gt;&lt;p&gt;&amp;nbsp;&amp;nbsp;&amp;nbsp;&amp;nbsp;一个人总要走陌生的路，欣赏的陌生的风景，相遇陌生的人一个人总要走陌生的路，欣赏的陌生的风景，相遇陌生的人。&lt;/p&gt;&lt;p&gt;&amp;nbsp;&amp;nbsp;&amp;nbsp;&amp;nbsp;一个人总要走陌生的路，欣赏的陌生的风景，相遇陌生的人一个人总要走陌生的路，欣赏的陌生的风景，相遇陌生的人。&lt;/p&gt;',`publish_time`='1490927663',`modify_time`='1490927663' WHERE `id` = 1 [ RunTime:0.0859s ]

[ 2017-03-31T10:37:05+08:00 ] ::1 /eshop/index.php/Home/ShopManage/infoList.html
ERR: Cron:cron Runat 2017-03-31 10:37:05 Use 0.000338 s

[ 2017-03-31T10:37:09+08:00 ] ::1 /eshop/index.php/ShopManage/infoEdit/id/1.html
ERR: Cron:cron Runat 2017-03-31 10:37:09 Use 0.000357 s

[ 2017-03-31T10:37:19+08:00 ] ::1 /eshop/index.php/ShopManage/infoEditSave.html
ERR: Cron:cron Runat 2017-03-31 10:37:19 Use 0.000358 s

[ 2017-03-31T10:37:19+08:00 ] ::1 /eshop/index.php/ShopManage/infoEditSave.html
INFO: [ app_begin ] --START--
INFO: Run Behavior\ReadHtmlCacheBehavior [ RunTime:0.000754s ]
INFO: Run Behavior\CronRunBehavior [ RunTime:0.004000s ]
INFO: [ app_begin ] --END-- [ RunTime:0.005413s ]
SQL: SHOW COLUMNS FROM `eshop_information` [ RunTime:0.0039s ]
NOTIC: [8] Undefined index: validate D:\wampserver\wamp\www\eshop\ThinkPHP\Library\Think\Model.class.php 第 1185 行.
NOTIC: [8] Undefined index: auto D:\wampserver\wamp\www\eshop\ThinkPHP\Library\Think\Model.class.php 第 1128 行.
SQL: UPDATE `eshop_information` SET `title`='eshop正式上线通知',`type`='1',`content`='&lt;p&gt;&amp;nbsp; &amp;nbsp;&amp;nbsp;&amp;nbsp;&amp;nbsp;一个人总要走陌生的路，欣赏的陌生的风景，相遇陌生的人一个人总要走陌生的路，欣赏的陌生的风景，相遇陌生的人。&lt;/p&gt;&lt;p&gt;&amp;nbsp;&amp;nbsp;&amp;nbsp;&amp;nbsp;一个人总要走陌生的路，欣赏的陌生的风景，相遇陌生的人一个人总要走陌生的路，欣赏的陌生的风景，相遇陌生的人。&lt;/p&gt;&lt;p&gt;&amp;nbsp;&amp;nbsp;&amp;nbsp;&amp;nbsp;一个人总要走陌生的路，欣赏的陌生的风景，相遇陌生的人一个人总要走陌生的路，欣赏的陌生的风景，相遇陌生的人。&lt;/p&gt;&lt;p&gt;&amp;nbsp;&amp;nbsp;&amp;nbsp;&amp;nbsp;一个人总要走陌生的路，欣赏的陌生的风景，相遇陌生的人一个人总要走陌生的路，欣赏的陌生的风景，相遇陌生的人。&lt;/p&gt;&lt;p&gt;&amp;nbsp; &amp;nbsp;&amp;nbsp;&amp;nbsp;&amp;nbsp;一个人总要走陌生的路，欣赏的陌生的风景，相遇陌生的人一个人总要走陌生的路，欣赏的陌生的风景，相遇陌生的人。&lt;/p&gt;',`publish_time`='1490927839',`modify_time`='1490927839' WHERE `id` = 1 [ RunTime:0.1105s ]

[ 2017-03-31T10:38:28+08:00 ] ::1 /eshop/index.php/ShopManage/infoEdit/id/1.html
ERR: Cron:cron Runat 2017-03-31 10:38:28 Use 0.000345 s

[ 2017-03-31T10:38:36+08:00 ] ::1 /eshop/index.php/ShopManage/infoEditSave.html
ERR: Cron:cron Runat 2017-03-31 10:38:36 Use 0.000403 s

[ 2017-03-31T10:38:37+08:00 ] ::1 /eshop/index.php/ShopManage/infoEditSave.html
INFO: [ app_begin ] --START--
INFO: Run Behavior\ReadHtmlCacheBehavior [ RunTime:0.000858s ]
INFO: Run Behavior\CronRunBehavior [ RunTime:0.004443s ]
INFO: [ app_begin ] --END-- [ RunTime:0.006124s ]
SQL: SHOW COLUMNS FROM `eshop_information` [ RunTime:0.0042s ]
NOTIC: [8] Undefined index: validate D:\wampserver\wamp\www\eshop\ThinkPHP\Library\Think\Model.class.php 第 1185 行.
NOTIC: [8] Undefined index: auto D:\wampserver\wamp\www\eshop\ThinkPHP\Library\Think\Model.class.php 第 1128 行.
SQL: UPDATE `eshop_information` SET `title`='eshop正式上线通知',`type`='1',`content`='&lt;p&gt;&amp;nbsp; &amp;nbsp;&amp;nbsp;&amp;nbsp;&amp;nbsp;一个人总要走陌生的路，欣赏的陌生的风景，相遇陌生的人一个人总要走陌生的路，欣赏的陌生的风景，相遇陌生的人。&lt;/p&gt;&lt;p&gt;&amp;nbsp;&amp;nbsp;&amp;nbsp;&amp;nbsp;一个人总要走陌生的路，欣赏的陌生的风景，相遇陌生的人一个人总要走陌生的路，欣赏的陌生的风景，相遇陌生的人。&lt;/p&gt;&lt;p&gt;&amp;nbsp;&amp;nbsp;&amp;nbsp;&amp;nbsp;一个人总要走陌生的路，欣赏的陌生的风景，相遇陌生的人一个人总要走陌生的路，欣赏的陌生的风景，相遇陌生的人。&lt;/p&gt;&lt;p&gt;&amp;nbsp;&amp;nbsp;&amp;nbsp;&amp;nbsp;一个人总要走陌生的路，欣赏的陌生的风景，相遇陌生的人一个人总要走陌生的路，欣赏的陌生的风景，相遇陌生的人。&lt;/p&gt;&lt;p&gt;&lt;br/&gt;&lt;/p&gt;',`publish_time`='1490927916',`modify_time`='1490927916' WHERE `id` = 1 [ RunTime:0.0892s ]

[ 2017-03-31T10:39:21+08:00 ] ::1 /eshop/index.php/ShopManage/infoEdit/id/1.html
ERR: Cron:cron Runat 2017-03-31 10:39:21 Use 0.000271 s

[ 2017-03-31T10:39:36+08:00 ] ::1 /eshop/index.php/ShopManage/infoEditSave.html
ERR: Cron:cron Runat 2017-03-31 10:39:36 Use 0.000357 s

[ 2017-03-31T10:39:36+08:00 ] ::1 /eshop/index.php/ShopManage/infoEditSave.html
INFO: [ app_begin ] --START--
INFO: Run Behavior\ReadHtmlCacheBehavior [ RunTime:0.000839s ]
INFO: Run Behavior\CronRunBehavior [ RunTime:0.004128s ]
INFO: [ app_begin ] --END-- [ RunTime:0.005798s ]
SQL: SHOW COLUMNS FROM `eshop_information` [ RunTime:0.0155s ]
NOTIC: [8] Undefined index: validate D:\wampserver\wamp\www\eshop\ThinkPHP\Library\Think\Model.class.php 第 1185 行.
NOTIC: [8] Undefined index: auto D:\wampserver\wamp\www\eshop\ThinkPHP\Library\Think\Model.class.php 第 1128 行.
SQL: UPDATE `eshop_information` SET `title`='eshop正式上线通知',`type`='1',`content`='&lt;p&gt;&amp;nbsp; &amp;nbsp;&amp;nbsp;&amp;nbsp;&amp;nbsp;一个人总要走陌生的路，欣赏的陌生的风景，相遇陌生的人一个人总要走陌生的路，欣赏的陌生的风景，相遇陌生的人。&lt;/p&gt;&lt;p&gt;&amp;nbsp;&amp;nbsp;&amp;nbsp;&amp;nbsp;一个人总要走陌生的路，欣赏的陌生的风景，相遇陌生的人一个人总要走陌生的路，欣赏的陌生的风景，相遇陌生的人。&lt;/p&gt;&lt;p&gt;&amp;nbsp;&amp;nbsp;&amp;nbsp;&amp;nbsp;一个人总要走陌生的路，欣赏的陌生的风景，相遇陌生的人一个人总要走陌生的路，欣赏的陌生的风景，相遇陌生的人。&lt;/p&gt;&lt;p&gt;&amp;nbsp;&amp;nbsp;&amp;nbsp;&amp;nbsp;一个人总要走陌生的路，欣赏的陌生的风景，相遇陌生的人一个人总要走陌生的路，欣赏的陌生的风景，相遇陌生的人。&lt;/p&gt;&lt;p&gt;&amp;nbsp;&amp;nbsp;&amp;nbsp;&amp;nbsp;&amp;nbsp;&amp;nbsp;&amp;nbsp;&amp;nbsp;一个人总要走陌生的路，欣赏的陌生的风景，相遇陌生的人一个人总要走陌生的路，欣赏的陌生的风景，相遇陌生的人。&lt;/p&gt;&lt;p&gt;&lt;br/&gt;&lt;/p&gt;&lt;p&gt;&lt;br/&gt;&lt;/p&gt;',`publish_time`='1490927976',`modify_time`='1490927976' WHERE `id` = 1 [ RunTime:0.1217s ]

[ 2017-03-31T10:40:44+08:00 ] ::1 /eshop/index.php/ShopManage/infoEdit/id/1.html
ERR: Cron:cron Runat 2017-03-31 10:40:44 Use 0.000297 s

[ 2017-03-31T10:40:51+08:00 ] ::1 /eshop/index.php/ShopManage/infoEditSave.html
ERR: Cron:cron Runat 2017-03-31 10:40:51 Use 0.000428 s

[ 2017-03-31T10:40:51+08:00 ] ::1 /eshop/index.php/ShopManage/infoEditSave.html
INFO: [ app_begin ] --START--
INFO: Run Behavior\ReadHtmlCacheBehavior [ RunTime:0.001167s ]
INFO: Run Behavior\CronRunBehavior [ RunTime:0.005734s ]
INFO: [ app_begin ] --END-- [ RunTime:0.007786s ]
SQL: SHOW COLUMNS FROM `eshop_information` [ RunTime:0.0051s ]
NOTIC: [8] Undefined index: validate D:\wampserver\wamp\www\eshop\ThinkPHP\Library\Think\Model.class.php 第 1185 行.
NOTIC: [8] Undefined index: auto D:\wampserver\wamp\www\eshop\ThinkPHP\Library\Think\Model.class.php 第 1128 行.
SQL: UPDATE `eshop_information` SET `title`='eshop正式上线通知',`type`='1',`content`='&lt;p&gt;&amp;nbsp; &amp;nbsp;&amp;nbsp;&amp;nbsp;&amp;nbsp;一个人总要走陌生的路，欣赏的陌生的风景，相遇陌生的人一个人总要走陌生的路，欣赏的陌生的风景，相遇陌生的人。&lt;/p&gt;&lt;p&gt;&amp;nbsp;&amp;nbsp;&amp;nbsp;&amp;nbsp;一个人总要走陌生的路，欣赏的陌生的风景，相遇陌生的人一个人总要走陌生的路，欣赏的陌生的风景，相遇陌生的人。&lt;/p&gt;&lt;p&gt;&amp;nbsp;&amp;nbsp;&amp;nbsp;&amp;nbsp;一个人总要走陌生的路，欣赏的陌生的风景，相遇陌生的人一个人总要走陌生的路，欣赏的陌生的风景，相遇陌生的人。&lt;/p&gt;&lt;p&gt;&amp;nbsp;&amp;nbsp;&amp;nbsp;&amp;nbsp;一个人总要走陌生的路，欣赏的陌生的风景，相遇陌生的人一个人总要走陌生的路，欣赏的陌生的风景，相遇陌生的人。&lt;/p&gt;&lt;p&gt;&amp;nbsp;&amp;nbsp;&amp;nbsp;&amp;nbsp;&amp;nbsp;&amp;nbsp;&amp;nbsp; &lt;br/&gt;&lt;/p&gt;&lt;p&gt;&lt;br/&gt;&lt;/p&gt;&lt;p&gt;&lt;br/&gt;&lt;/p&gt;',`publish_time`='1490928051',`modify_time`='1490928051' WHERE `id` = 1 [ RunTime:0.1275s ]

[ 2017-03-31T10:40:53+08:00 ] ::1 /eshop/index.php/ShopManage/infoList.html
ERR: Cron:cron Runat 2017-03-31 10:40:53 Use 0.000299 s

[ 2017-03-31T10:41:15+08:00 ] ::1 /eshop/index.php/ShopManage/infoList.html
ERR: Cron:cron Runat 2017-03-31 10:41:15 Use 0.000620 s

[ 2017-03-31T10:41:25+08:00 ] ::1 /eshop/index.php/ShopManage/searchInfos
ERR: Cron:cron Runat 2017-03-31 10:41:25 Use 0.000397 s

[ 2017-03-31T10:41:25+08:00 ] ::1 /eshop/index.php/ShopManage/searchInfos
INFO: [ app_begin ] --START--
INFO: Run Behavior\ReadHtmlCacheBehavior [ RunTime:0.000793s ]
INFO: Run Behavior\CronRunBehavior [ RunTime:0.004086s ]
INFO: [ app_begin ] --END-- [ RunTime:0.005510s ]
SQL: SHOW COLUMNS FROM `eshop_information` [ RunTime:0.0040s ]
SQL: SELECT COUNT(*) AS tp_count FROM `eshop_information` WHERE `title` LIKE '%eshop%' AND `publisherId` = '13' AND `publishType` = 1 AND `is_show` = 1 LIMIT 1   [ RunTime:0.0534s ]
SQL: SELECT * FROM `eshop_information` WHERE `title` LIKE '%eshop%' AND `publisherId` = '13' AND `publishType` = 1 AND `is_show` = 1 LIMIT 0,12   [ RunTime:0.0004s ]
INFO: [ view_parse ] --START--
INFO: [ template_filter ] --START--
INFO: Run Behavior\ContentReplaceBehavior [ RunTime:0.000056s ]
INFO: [ template_filter ] --END-- [ RunTime:0.000132s ]
INFO: Run Behavior\ParseTemplateBehavior [ RunTime:0.019066s ]
INFO: [ view_parse ] --END-- [ RunTime:0.019157s ]
INFO: [ view_filter ] --START--
INFO: Run Behavior\WriteHtmlCacheBehavior [ RunTime:0.000569s ]
INFO: Run Behavior\TokenBuildBehavior [ RunTime:0.000549s ]
INFO: [ view_filter ] --END-- [ RunTime:0.001219s ]

[ 2017-03-31T10:41:28+08:00 ] ::1 /eshop/index.php/ShopManage/searchInfos
ERR: Cron:cron Runat 2017-03-31 10:41:28 Use 0.000306 s

[ 2017-03-31T10:41:28+08:00 ] ::1 /eshop/index.php/ShopManage/searchInfos
INFO: [ app_begin ] --START--
INFO: Run Behavior\ReadHtmlCacheBehavior [ RunTime:0.000779s ]
INFO: Run Behavior\CronRunBehavior [ RunTime:0.003984s ]
INFO: [ app_begin ] --END-- [ RunTime:0.005432s ]
SQL: SHOW COLUMNS FROM `eshop_information` [ RunTime:0.0042s ]
SQL: SELECT COUNT(*) AS tp_count FROM `eshop_information` WHERE `type` = 2 AND `title` LIKE '%eshop%' AND `publisherId` = '13' AND `publishType` = 1 AND `is_show` = 1 LIMIT 1   [ RunTime:0.0004s ]
SQL: SELECT * FROM `eshop_information` WHERE `type` = 2 AND `title` LIKE '%eshop%' AND `publisherId` = '13' AND `publishType` = 1 AND `is_show` = 1 LIMIT 0,12   [ RunTime:0.0004s ]
INFO: [ view_parse ] --START--
INFO: [ template_filter ] --START--
INFO: Run Behavior\ContentReplaceBehavior [ RunTime:0.000056s ]
INFO: [ template_filter ] --END-- [ RunTime:0.000129s ]
INFO: Run Behavior\ParseTemplateBehavior [ RunTime:0.009189s ]
INFO: [ view_parse ] --END-- [ RunTime:0.009266s ]
INFO: [ view_filter ] --START--
INFO: Run Behavior\WriteHtmlCacheBehavior [ RunTime:0.000548s ]
INFO: Run Behavior\TokenBuildBehavior [ RunTime:0.000533s ]
INFO: [ view_filter ] --END-- [ RunTime:0.001181s ]

[ 2017-03-31T10:41:31+08:00 ] ::1 /eshop/index.php/ShopManage/searchInfos
ERR: Cron:cron Runat 2017-03-31 10:41:31 Use 0.000380 s

[ 2017-03-31T10:41:31+08:00 ] ::1 /eshop/index.php/ShopManage/searchInfos
INFO: [ app_begin ] --START--
INFO: Run Behavior\ReadHtmlCacheBehavior [ RunTime:0.000762s ]
INFO: Run Behavior\CronRunBehavior [ RunTime:0.003817s ]
INFO: [ app_begin ] --END-- [ RunTime:0.005131s ]
SQL: SHOW COLUMNS FROM `eshop_information` [ RunTime:0.0041s ]
SQL: SELECT COUNT(*) AS tp_count FROM `eshop_information` WHERE `title` LIKE '%eshop%' AND `publisherId` = '13' AND `publishType` = 1 AND `is_show` = 1 LIMIT 1   [ RunTime:0.0004s ]
SQL: SELECT * FROM `eshop_information` WHERE `title` LIKE '%eshop%' AND `publisherId` = '13' AND `publishType` = 1 AND `is_show` = 1 LIMIT 0,12   [ RunTime:0.0004s ]
INFO: [ view_parse ] --START--
INFO: [ template_filter ] --START--
INFO: Run Behavior\ContentReplaceBehavior [ RunTime:0.000056s ]
INFO: [ template_filter ] --END-- [ RunTime:0.000131s ]
INFO: Run Behavior\ParseTemplateBehavior [ RunTime:0.009533s ]
INFO: [ view_parse ] --END-- [ RunTime:0.009615s ]
INFO: [ view_filter ] --START--
INFO: Run Behavior\WriteHtmlCacheBehavior [ RunTime:0.000558s ]
INFO: Run Behavior\TokenBuildBehavior [ RunTime:0.000602s ]
INFO: [ view_filter ] --END-- [ RunTime:0.001276s ]

[ 2017-03-31T10:41:34+08:00 ] ::1 /eshop/index.php/Home/ShopManage/info.html
ERR: Cron:cron Runat 2017-03-31 10:41:34 Use 0.000340 s

[ 2017-03-31T10:41:37+08:00 ] ::1 /eshop/index.php/Home/ShopManage/infoList.html
ERR: Cron:cron Runat 2017-03-31 10:41:37 Use 0.000378 s

[ 2017-03-31T10:41:39+08:00 ] ::1 /eshop/index.php/Home/ShopManage/setting.html
ERR: Cron:cron Runat 2017-03-31 10:41:39 Use 0.000357 s

[ 2017-03-31T10:42:33+08:00 ] ::1 /eshop/index.php/Home/ShopManage/setting.html
ERR: Cron:cron Runat 2017-03-31 10:42:33 Use 0.000484 s

[ 2017-03-31T10:46:27+08:00 ] ::1 /eshop/index.php/Home/ShopManage/setting.html
ERR: Cron:cron Runat 2017-03-31 10:46:27 Use 0.000358 s

[ 2017-03-31T10:47:39+08:00 ] ::1 /eshop/index.php/Home/ShopManage/setting.html
ERR: Cron:cron Runat 2017-03-31 10:47:39 Use 0.000394 s

[ 2017-03-31T11:00:26+08:00 ] ::1 /eshop/index.php/Home/ShopManage/setting.html
ERR: Cron:cron Runat 2017-03-31 11:00:26 Use 0.000300 s

[ 2017-03-31T11:00:49+08:00 ] ::1 /eshop/index.php/Home/ShopManage/index.html
ERR: Cron:cron Runat 2017-03-31 11:00:49 Use 0.000406 s

[ 2017-03-31T11:00:59+08:00 ] ::1 /eshop/index.php/Home/ShopManage/setting.html
ERR: Cron:cron Runat 2017-03-31 11:00:59 Use 0.000401 s

[ 2017-03-31T11:03:37+08:00 ] ::1 /eshop/index.php/Home/ShopManage/setting.html
ERR: Cron:cron Runat 2017-03-31 11:03:37 Use 0.000293 s

[ 2017-03-31T11:03:54+08:00 ] ::1 /eshop/index.php/Home/ShopManage/setting.html
ERR: Cron:cron Runat 2017-03-31 11:03:54 Use 0.000396 s

[ 2017-03-31T11:04:38+08:00 ] ::1 /eshop/index.php/Home/ShopManage/setting.html
ERR: Cron:cron Runat 2017-03-31 11:04:38 Use 0.000599 s

[ 2017-03-31T11:05:09+08:00 ] ::1 /eshop/index.php/Home/ShopManage/setting.html
ERR: Cron:cron Runat 2017-03-31 11:05:09 Use 0.000312 s

[ 2017-03-31T11:06:55+08:00 ] ::1 /eshop/index.php/Home/ShopManage/setting.html
ERR: Cron:cron Runat 2017-03-31 11:06:55 Use 0.000375 s

[ 2017-03-31T11:08:26+08:00 ] ::1 /eshop/index.php/Home/ShopManage/setting.html
ERR: Cron:cron Runat 2017-03-31 11:08:26 Use 0.000384 s

[ 2017-03-31T11:12:12+08:00 ] ::1 /eshop/index.php/Home/ShopManage/infoList.html
ERR: Cron:cron Runat 2017-03-31 11:12:12 Use 0.000339 s

[ 2017-03-31T11:12:16+08:00 ] ::1 /eshop/index.php/Home/ShopManage/infoList.html
ERR: Cron:cron Runat 2017-03-31 11:12:16 Use 0.000493 s

[ 2017-03-31T11:12:19+08:00 ] ::1 /eshop/index.php/Home/ShoperCenter/info.html
ERR: Cron:cron Runat 2017-03-31 11:12:19 Use 0.000368 s

[ 2017-03-31T11:12:24+08:00 ] ::1 /eshop/index.php/Home/ShoperCenter/modifyPwd.html
ERR: Cron:cron Runat 2017-03-31 11:12:24 Use 0.000411 s

[ 2017-03-31T11:12:27+08:00 ] ::1 /eshop/index.php/Home/ShoperCenter/security.html
ERR: Cron:cron Runat 2017-03-31 11:12:27 Use 0.000383 s

[ 2017-03-31T11:12:33+08:00 ] ::1 /eshop/index.php/Home/ShoperCenter/info.html
ERR: Cron:cron Runat 2017-03-31 11:12:33 Use 0.000388 s

[ 2017-03-31T11:12:37+08:00 ] ::1 /eshop/index.php/Home/ShoperCenter/log.html
ERR: Cron:cron Runat 2017-03-31 11:12:37 Use 0.000364 s

[ 2017-03-31T11:14:48+08:00 ] ::1 /eshop/index.php/Home/ShoperCenter/log.html
ERR: Cron:cron Runat 2017-03-31 11:14:48 Use 0.000401 s

[ 2017-03-31T11:15:48+08:00 ] ::1 /eshop/index.php/Home/Shop/index.html
ERR: Cron:cron Runat 2017-03-31 11:15:48 Use 0.000345 s

[ 2017-03-31T11:16:30+08:00 ] ::1 /eshop/index.php/Home/Shop/index.html
ERR: Cron:cron Runat 2017-03-31 11:16:30 Use 0.000337 s

[ 2017-03-31T11:16:50+08:00 ] ::1 /eshop/index.php/Home/Shop/index.html
ERR: Cron:cron Runat 2017-03-31 11:16:50 Use 0.000345 s

[ 2017-03-31T11:19:03+08:00 ] ::1 /eshop/index.php/Home/Shop/index.html
ERR: Cron:cron Runat 2017-03-31 11:19:03 Use 0.000390 s

[ 2017-03-31T11:19:13+08:00 ] ::1 /eshop/index.php/Home/Shop/index.html
ERR: Cron:cron Runat 2017-03-31 11:19:13 Use 0.000367 s

[ 2017-03-31T11:20:00+08:00 ] ::1 /eshop/index.php/Home/Shop/index.html
ERR: Cron:cron Runat 2017-03-31 11:20:00 Use 0.000278 s

[ 2017-03-31T11:21:18+08:00 ] ::1 /eshop/index.php/Home/Shop/index.html
ERR: Cron:cron Runat 2017-03-31 11:21:18 Use 0.000287 s

[ 2017-03-31T11:21:28+08:00 ] ::1 /eshop/index.php/Home/Shop/index.html
ERR: Cron:cron Runat 2017-03-31 11:21:28 Use 0.000302 s

[ 2017-03-31T11:21:51+08:00 ] ::1 /eshop/index.php/Home/ShoperCenter/log.html
ERR: Cron:cron Runat 2017-03-31 11:21:51 Use 0.000377 s

[ 2017-03-31T11:22:21+08:00 ] ::1 /eshop/index.php/Home/ShoperCenter/log.html
ERR: Cron:cron Runat 2017-03-31 11:22:21 Use 0.000341 s

[ 2017-03-31T19:04:27+08:00 ] ::1 /eshop/index.php/Home/ShopManage/setting.html
ERR: Cron:cron Runat 2017-03-31 19:04:27 Use 0.000492 s

[ 2017-03-31T19:04:37+08:00 ] ::1 /eshop/index.php/Home/ShoperCenter/security.html
ERR: Cron:cron Runat 2017-03-31 19:04:37 Use 0.000540 s

[ 2017-03-31T19:09:30+08:00 ] ::1 /eshop/index.php/Home/ShopManage/setting.html
ERR: Cron:cron Runat 2017-03-31 19:09:30 Use 0.000540 s

[ 2017-03-31T19:09:55+08:00 ] ::1 /eshop/index.php/Home/ShopManage/setting.html
ERR: Cron:cron Runat 2017-03-31 19:09:55 Use 0.000590 s

[ 2017-03-31T20:01:02+08:00 ] ::1 /eshop/index.php/Home/Good/onsale.html
ERR: Cron:cron Runat 2017-03-31 20:01:02 Use 0.000364 s

[ 2017-03-31T20:01:04+08:00 ] ::1 /eshop/index.php/Home/Good/edit/id/13/src/audit.html
ERR: Cron:cron Runat 2017-03-31 20:01:04 Use 0.000420 s

[ 2017-03-31T20:01:07+08:00 ] ::1 /eshop/index.php/Home/Good/onsale.html
ERR: Cron:cron Runat 2017-03-31 20:01:07 Use 0.000353 s

[ 2017-03-31T20:01:10+08:00 ] ::1 /eshop/index.php/Home/Good/edit/id/15/src/audit.html
ERR: Cron:cron Runat 2017-03-31 20:01:10 Use 0.000303 s

[ 2017-03-31T20:01:49+08:00 ] ::1 /eshop/index.php/Home/Good/store.html
ERR: Cron:cron Runat 2017-03-31 20:01:49 Use 0.000380 s

[ 2017-03-31T20:01:51+08:00 ] ::1 /eshop/index.php/Home/Good/edit/id/10/src/audit.html
ERR: Cron:cron Runat 2017-03-31 20:01:51 Use 0.000366 s

[ 2017-03-31T20:02:04+08:00 ] ::1 /eshop/index.php/Good/goodImg.html
ERR: Cron:cron Runat 2017-03-31 20:02:04 Use 0.000375 s

[ 2017-03-31T20:02:07+08:00 ] ::1 /eshop/index.php/Good/eidtSave.html
ERR: Cron:cron Runat 2017-03-31 20:02:07 Use 0.000388 s

[ 2017-03-31T20:02:07+08:00 ] ::1 /eshop/index.php/Good/eidtSave.html
INFO: [ app_begin ] --START--
INFO: Run Behavior\ReadHtmlCacheBehavior [ RunTime:0.000846s ]
INFO: Run Behavior\CronRunBehavior [ RunTime:0.003972s ]
INFO: [ app_begin ] --END-- [ RunTime:0.005646s ]
SQL: SHOW COLUMNS FROM `eshop_good` [ RunTime:0.0047s ]
SQL: SHOW COLUMNS FROM `eshop_goodnav` [ RunTime:0.0044s ]
SQL: SHOW COLUMNS FROM `eshop_goodservice` [ RunTime:0.0038s ]
SQL: SHOW COLUMNS FROM `eshop_goodinfo` [ RunTime:0.0041s ]
NOTIC: [8] Undefined index: validate D:\wampserver\wamp\www\eshop\ThinkPHP\Library\Think\Model.class.php 第 1185 行.
NOTIC: [8] Undefined index: auto D:\wampserver\wamp\www\eshop\ThinkPHP\Library\Think\Model.class.php 第 1128 行.
SQL: UPDATE `eshop_good` SET `marketPrice`='12.00',`shopPrice`='1.00',`stock`='345',`place`='泰国',`name`='进口大鸭梨1',`stock_warning`='12',`is_recomend`='1',`is_hot`='1',`is_new`='1',`time`='1490961727',`modify_recenet`='1490961727' WHERE `id` = 10 [ RunTime:0.0502s ]
SQL: SET FOREIGN_KEY_CHECKS = 0 [ RunTime:0.0137s ]
SQL: UPDATE `eshop_goodnav` SET `w_fid`='2',`w_sid`='1',`w_tid`='1',`s_fid`='1',`s_sid`='2',`modify_time`='1490961727' WHERE `goodId` = 10 [ RunTime:0.0009s ]
SQL: SET FOREIGN_KEY_CHECKS = 1 [ RunTime:0.0005s ]
SQL: UPDATE `eshop_goodservice` SET `content`='',`modify_time`='1490961727' WHERE `goodId` = 10 [ RunTime:0.0013s ]
SQL: SELECT * FROM `eshop_goodinfo` WHERE `goodId` = 10 AND `lableId` = 1 LIMIT 1   [ RunTime:0.0017s ]
SQL: INSERT INTO `eshop_goodinfo` (`lableContent`,`goodId`) VALUES ('','10') [ RunTime:0.0010s ]
SQL: SELECT * FROM `eshop_goodinfo` WHERE `goodId` = 10 AND `lableId` = 2 LIMIT 1   [ RunTime:0.0009s ]
SQL: INSERT INTO `eshop_goodinfo` (`lableContent`,`goodId`) VALUES ('','10') [ RunTime:0.0007s ]
SQL: SELECT * FROM `eshop_goodinfo` WHERE `goodId` = 10 AND `lableId` = 3 LIMIT 1   [ RunTime:0.0011s ]
SQL: INSERT INTO `eshop_goodinfo` (`lableContent`,`goodId`) VALUES ('','10') [ RunTime:0.0009s ]
SQL: SELECT * FROM `eshop_goodinfo` WHERE `goodId` = 10 AND `lableId` = 4 LIMIT 1   [ RunTime:0.0011s ]
SQL: INSERT INTO `eshop_goodinfo` (`lableContent`,`goodId`) VALUES ('','10') [ RunTime:0.0006s ]
SQL: SELECT * FROM `eshop_goodinfo` WHERE `goodId` = 10 AND `lableId` = 5 LIMIT 1   [ RunTime:0.0010s ]
SQL: INSERT INTO `eshop_goodinfo` (`lableContent`,`goodId`) VALUES ('','10') [ RunTime:0.0006s ]
SQL: SELECT * FROM `eshop_goodinfo` WHERE `goodId` = 10 AND `lableId` = 6 LIMIT 1   [ RunTime:0.0009s ]
SQL: INSERT INTO `eshop_goodinfo` (`lableContent`,`goodId`) VALUES ('','10') [ RunTime:0.0006s ]
SQL: SELECT * FROM `eshop_goodinfo` WHERE `goodId` = 10 AND `lableId` = 7 LIMIT 1   [ RunTime:0.0009s ]
SQL: INSERT INTO `eshop_goodinfo` (`lableContent`,`goodId`) VALUES ('0','10') [ RunTime:0.0007s ]
SQL: SELECT * FROM `eshop_goodinfo` WHERE `goodId` = 10 AND `lableId` = 8 LIMIT 1   [ RunTime:0.0011s ]
SQL: INSERT INTO `eshop_goodinfo` (`lableContent`,`goodId`) VALUES ('0','10') [ RunTime:0.0006s ]
SQL: SELECT * FROM `eshop_goodinfo` WHERE `goodId` = 10 AND `lableId` = 9 LIMIT 1   [ RunTime:0.0006s ]
SQL: INSERT INTO `eshop_goodinfo` (`lableContent`,`goodId`) VALUES ('','10') [ RunTime:0.0004s ]
SQL: SHOW COLUMNS FROM `eshop_goodimg` [ RunTime:0.0152s ]
SQL: INSERT INTO `eshop_goodimg` (`goodId`,`img`,`thumb_img`,`createtime`) VALUES ('10','Uploads/Shops/goods/2017-03-31/58de453c19919.jpg','Uploads/Shops/goods/2017-03-31/thumb150_58de453c19919.jpg','1490961727'),('10','Uploads/Shops/goods/2017-03-31/58de453c311b8.jpg','Uploads/Shops/goods/2017-03-31/thumb150_58de453c311b8.jpg','1490961727') [ RunTime:0.2738s ]
NOTIC: [8] Undefined variable: logo D:\wampserver\wamp\www\eshop\App\Home\Controller\GoodController.class.php 第 260 行.
NOTIC: [2] unlink(): Invalid argument D:\wampserver\wamp\www\eshop\App\Home\Controller\GoodController.class.php 第 260 行.
NOTIC: [8] Undefined variable: logo D:\wampserver\wamp\www\eshop\App\Home\Controller\GoodController.class.php 第 282 行.
NOTIC: [2] unlink(): Invalid argument D:\wampserver\wamp\www\eshop\App\Home\Controller\GoodController.class.php 第 282 行.

[ 2017-03-31T20:02:24+08:00 ] ::1 /eshop/index.php/Home/ShopManage/setting.html
ERR: Cron:cron Runat 2017-03-31 20:02:24 Use 0.000413 s

[ 2017-03-31T20:15:40+08:00 ] ::1 /eshop/index.php/Home/ShopManage/setting.html
ERR: Cron:cron Runat 2017-03-31 20:15:40 Use 0.000290 s

[ 2017-03-31T20:15:56+08:00 ] ::1 /eshop/index.php/ShopManage/goodImg.html
ERR: Cron:cron Runat 2017-03-31 20:15:56 Use 0.000325 s

[ 2017-03-31T20:15:56+08:00 ] ::1 /eshop/index.php/ShopManage/goodImg.html
ERR: 非法操作:goodImg

[ 2017-03-31T20:16:51+08:00 ] ::1 /eshop/index.php/Home/ShopManage/setting.html
ERR: Cron:cron Runat 2017-03-31 20:16:51 Use 0.000280 s

[ 2017-03-31T20:16:57+08:00 ] ::1 /eshop/index.php/Home/ShopManage/adsImgUpload
ERR: Cron:cron Runat 2017-03-31 20:16:57 Use 0.000368 s

[ 2017-03-31T20:17:21+08:00 ] ::1 /eshop/index.php/Home/ShopManage/setting.html
ERR: Cron:cron Runat 2017-03-31 20:17:21 Use 0.000335 s

[ 2017-03-31T20:18:28+08:00 ] ::1 /eshop/index.php/Home/ShopManage/adsImgUpload
ERR: Cron:cron Runat 2017-03-31 20:18:28 Use 0.000459 s

[ 2017-03-31T20:23:56+08:00 ] ::1 /eshop/index.php/Home/Good/onsale.html
ERR: Cron:cron Runat 2017-03-31 20:23:56 Use 0.000308 s

[ 2017-03-31T20:23:59+08:00 ] ::1 /eshop/index.php/Home/Good/edit/id/15/src/audit.html
ERR: Cron:cron Runat 2017-03-31 20:23:59 Use 0.000478 s

[ 2017-03-31T20:38:14+08:00 ] ::1 /eshop/index.php/Home/ShopManage/infoList.html
ERR: Cron:cron Runat 2017-03-31 20:38:14 Use 0.000316 s

[ 2017-03-31T20:38:18+08:00 ] ::1 /eshop/index.php/Home/ShopManage/setting.html
ERR: Cron:cron Runat 2017-03-31 20:38:18 Use 0.000430 s

[ 2017-03-31T20:38:26+08:00 ] ::1 /eshop/index.php/Home/ShopManage/adsImgUpload
ERR: Cron:cron Runat 2017-03-31 20:38:26 Use 0.000283 s

[ 2017-03-31T20:38:29+08:00 ] ::1 /eshop/index.php/Home/ShopManage/adsImgDel
ERR: Cron:cron Runat 2017-03-31 20:38:29 Use 0.000342 s

[ 2017-03-31T20:38:29+08:00 ] ::1 /eshop/index.php/Home/ShopManage/adsImgDel
INFO: [ app_begin ] --START--
INFO: Run Behavior\ReadHtmlCacheBehavior [ RunTime:0.000765s ]
INFO: Run Behavior\CronRunBehavior [ RunTime:0.003926s ]
INFO: [ app_begin ] --END-- [ RunTime:0.005330s ]
NOTIC: [2] closedir() expects parameter 1 to be resource, string given D:\wampserver\wamp\www\eshop\App\Common\Common\function.php 第 98 行.
NOTIC: [2] closedir() expects parameter 1 to be resource, string given D:\wampserver\wamp\www\eshop\App\Common\Common\function.php 第 98 行.

[ 2017-03-31T20:39:56+08:00 ] ::1 /eshop/index.php/Home/ShopManage/setting.html
ERR: Cron:cron Runat 2017-03-31 20:39:56 Use 0.000343 s

[ 2017-03-31T20:40:47+08:00 ] ::1 /eshop/index.php/Home/ShopManage/adsImgUpload
ERR: Cron:cron Runat 2017-03-31 20:40:47 Use 0.000363 s

[ 2017-03-31T20:40:49+08:00 ] ::1 /eshop/index.php/Home/ShopManage/adsImgDel
ERR: Cron:cron Runat 2017-03-31 20:40:49 Use 0.000345 s

[ 2017-03-31T20:40:49+08:00 ] ::1 /eshop/index.php/Home/ShopManage/adsImgDel
INFO: [ app_begin ] --START--
INFO: Run Behavior\ReadHtmlCacheBehavior [ RunTime:0.000723s ]
INFO: Run Behavior\CronRunBehavior [ RunTime:0.004316s ]
INFO: [ app_begin ] --END-- [ RunTime:0.005687s ]
NOTIC: [2] closedir() expects parameter 1 to be resource, string given D:\wampserver\wamp\www\eshop\App\Common\Common\function.php 第 98 行.
NOTIC: [2] closedir() expects parameter 1 to be resource, string given D:\wampserver\wamp\www\eshop\App\Common\Common\function.php 第 98 行.

[ 2017-03-31T20:40:57+08:00 ] ::1 /eshop/index.php/Home/ShopManage/setting.html
ERR: Cron:cron Runat 2017-03-31 20:40:57 Use 0.000338 s

[ 2017-03-31T20:43:44+08:00 ] ::1 /eshop/index.php/Home/Good/store.html
ERR: Cron:cron Runat 2017-03-31 20:43:44 Use 0.000350 s

[ 2017-03-31T20:43:46+08:00 ] ::1 /eshop/index.php/Home/Good/edit/id/10/src/audit.html
ERR: Cron:cron Runat 2017-03-31 20:43:46 Use 0.000368 s

[ 2017-03-31T20:44:31+08:00 ] ::1 /eshop/index.php/Good/goodImg.html
ERR: Cron:cron Runat 2017-03-31 20:44:31 Use 0.000403 s

[ 2017-03-31T20:45:20+08:00 ] ::1 /eshop/index.php/Good/goodImgDel.html
ERR: Cron:cron Runat 2017-03-31 20:45:20 Use 0.000379 s

[ 2017-03-31T20:45:20+08:00 ] ::1 /eshop/index.php/Good/goodImgDel.html
INFO: [ app_begin ] --START--
INFO: Run Behavior\ReadHtmlCacheBehavior [ RunTime:0.000755s ]
INFO: Run Behavior\CronRunBehavior [ RunTime:0.004043s ]
INFO: [ app_begin ] --END-- [ RunTime:0.005518s ]
NOTIC: [2] closedir() expects parameter 1 to be resource, string given D:\wampserver\wamp\www\eshop\App\Common\Common\function.php 第 98 行.
NOTIC: [2] closedir() expects parameter 1 to be resource, string given D:\wampserver\wamp\www\eshop\App\Common\Common\function.php 第 98 行.
NOTIC: [2] closedir() expects parameter 1 to be resource, string given D:\wampserver\wamp\www\eshop\App\Common\Common\function.php 第 98 行.
NOTIC: [2] closedir() expects parameter 1 to be resource, string given D:\wampserver\wamp\www\eshop\App\Common\Common\function.php 第 98 行.
NOTIC: [2] closedir() expects parameter 1 to be resource, string given D:\wampserver\wamp\www\eshop\App\Common\Common\function.php 第 98 行.

[ 2017-03-31T20:45:25+08:00 ] ::1 /eshop/index.php/Home/Good/edit/id/10/src/audit.html
ERR: Cron:cron Runat 2017-03-31 20:45:25 Use 0.000282 s

[ 2017-03-31T20:45:29+08:00 ] ::1 /eshop/index.php/Home/ShopManage/setting.html
ERR: Cron:cron Runat 2017-03-31 20:45:29 Use 0.000359 s

[ 2017-03-31T20:46:55+08:00 ] ::1 /eshop/index.php/Home/ShopManage/adsImgUpload
ERR: Cron:cron Runat 2017-03-31 20:46:55 Use 0.000350 s

[ 2017-03-31T21:14:14+08:00 ] ::1 /eshop/index.php/Home/ShopManage/setting.html
ERR: Cron:cron Runat 2017-03-31 21:14:14 Use 0.000273 s

[ 2017-03-31T21:14:27+08:00 ] ::1 /eshop/index.php/Home/ShopManage/setting.html
ERR: Cron:cron Runat 2017-03-31 21:14:27 Use 0.000330 s

[ 2017-03-31T21:14:28+08:00 ] ::1 /eshop/index.php/Home/ShopManage/settingSave
INFO: [ app_begin ] --START--
INFO: Run Behavior\ReadHtmlCacheBehavior [ RunTime:0.001326s ]
INFO: Run Behavior\CronRunBehavior [ RunTime:0.002266s ]
INFO: [ app_begin ] --END-- [ RunTime:0.004360s ]

[ 2017-03-31T21:14:32+08:00 ] ::1 /eshop/index.php/Home/ShopManage/setting.html
ERR: Cron:cron Runat 2017-03-31 21:14:32 Use 0.000313 s

[ 2017-03-31T21:14:33+08:00 ] ::1 /eshop/index.php/Home/ShopManage/settingSave
INFO: [ app_begin ] --START--
INFO: Run Behavior\ReadHtmlCacheBehavior [ RunTime:0.000772s ]
INFO: Run Behavior\CronRunBehavior [ RunTime:0.002678s ]
INFO: [ app_begin ] --END-- [ RunTime:0.004099s ]

[ 2017-03-31T21:14:46+08:00 ] ::1 /eshop/index.php/Home/ShopManage/adsImgUpload
ERR: Cron:cron Runat 2017-03-31 21:14:46 Use 0.000265 s

[ 2017-03-31T21:14:52+08:00 ] ::1 /eshop/index.php/Home/ShopManage/setting.html?file=&imgURL%5B%5D=Uploads%2FShops%2Fads%2F2017-03-31%2F58de56468a48c.png&file=
ERR: Cron:cron Runat 2017-03-31 21:14:52 Use 0.000393 s

[ 2017-03-31T21:14:52+08:00 ] ::1 /eshop/index.php/Home/ShopManage/settingSave
INFO: [ app_begin ] --START--
INFO: Run Behavior\ReadHtmlCacheBehavior [ RunTime:0.000820s ]
INFO: Run Behavior\CronRunBehavior [ RunTime:0.002790s ]
INFO: [ app_begin ] --END-- [ RunTime:0.004314s ]

[ 2017-03-31T21:15:14+08:00 ] ::1 /eshop/index.php/Home/ShopManage/setting.html?file=&imgURL%5B%5D=Uploads%2FShops%2Fads%2F2017-03-31%2F58de56468a48c.png&file=
ERR: Cron:cron Runat 2017-03-31 21:15:14 Use 0.000316 s

[ 2017-03-31T21:15:15+08:00 ] ::1 /eshop/index.php/Home/ShopManage/settingSave
INFO: [ app_begin ] --START--
INFO: Run Behavior\ReadHtmlCacheBehavior [ RunTime:0.000957s ]
INFO: Run Behavior\CronRunBehavior [ RunTime:0.002486s ]
INFO: [ app_begin ] --END-- [ RunTime:0.004259s ]
SQL: SHOW COLUMNS FROM `eshop_shop_scollimg` [ RunTime:0.0071s ]

[ 2017-03-31T21:15:34+08:00 ] ::1 /eshop/index.php/Home/ShopManage/adsImgUpload
ERR: Cron:cron Runat 2017-03-31 21:15:34 Use 0.000327 s

[ 2017-03-31T21:15:36+08:00 ] ::1 /eshop/index.php/Home/ShopManage/settingSave
ERR: Cron:cron Runat 2017-03-31 21:15:36 Use 0.000565 s

[ 2017-03-31T21:15:36+08:00 ] ::1 /eshop/index.php/Home/ShopManage/settingSave
INFO: [ app_begin ] --START--
INFO: Run Behavior\ReadHtmlCacheBehavior [ RunTime:0.001138s ]
INFO: Run Behavior\CronRunBehavior [ RunTime:0.006300s ]
INFO: [ app_begin ] --END-- [ RunTime:0.008184s ]
SQL: SHOW COLUMNS FROM `eshop_shop_scollimg` [ RunTime:0.0043s ]

[ 2017-03-31T21:16:10+08:00 ] ::1 /eshop/index.php/Home/ShopManage/setting.html?file=&imgURL%5B%5D=Uploads%2FShops%2Fads%2F2017-03-31%2F58de56760a6aa.png&file=
ERR: Cron:cron Runat 2017-03-31 21:16:10 Use 0.000453 s

[ 2017-03-31T21:16:12+08:00 ] ::1 /eshop/index.php/Home/ShopManage/settingSave
ERR: Cron:cron Runat 2017-03-31 21:16:12 Use 0.000607 s

[ 2017-03-31T21:16:12+08:00 ] ::1 /eshop/index.php/Home/ShopManage/settingSave
INFO: [ app_begin ] --START--
INFO: Run Behavior\ReadHtmlCacheBehavior [ RunTime:0.000792s ]
INFO: Run Behavior\CronRunBehavior [ RunTime:0.005219s ]
INFO: [ app_begin ] --END-- [ RunTime:0.006735s ]
SQL: SHOW COLUMNS FROM `eshop_shop_scollimg` [ RunTime:0.0050s ]

[ 2017-03-31T21:16:18+08:00 ] ::1 /eshop/index.php/Home/ShopManage/adsImgUpload
ERR: Cron:cron Runat 2017-03-31 21:16:18 Use 0.000292 s

[ 2017-03-31T21:16:20+08:00 ] ::1 /eshop/index.php/Home/ShopManage/setting.html?file=&imgURL%5B%5D=Uploads%2FShops%2Fads%2F2017-03-31%2F58de56a2b480e.png&file=
ERR: Cron:cron Runat 2017-03-31 21:16:20 Use 0.000307 s

[ 2017-03-31T21:16:22+08:00 ] ::1 /eshop/index.php/Home/ShopManage/settingSave
ERR: Cron:cron Runat 2017-03-31 21:16:22 Use 0.000473 s

[ 2017-03-31T21:16:22+08:00 ] ::1 /eshop/index.php/Home/ShopManage/settingSave
INFO: [ app_begin ] --START--
INFO: Run Behavior\ReadHtmlCacheBehavior [ RunTime:0.000901s ]
INFO: Run Behavior\CronRunBehavior [ RunTime:0.005326s ]
INFO: [ app_begin ] --END-- [ RunTime:0.006928s ]
SQL: SHOW COLUMNS FROM `eshop_shop_scollimg` [ RunTime:0.0051s ]

[ 2017-03-31T21:17:25+08:00 ] ::1 /eshop/index.php/Home/ShopManage/setting.html?file=&imgURL%5B%5D=Uploads%2FShops%2Fads%2F2017-03-31%2F58de56a2b480e.png&file=
ERR: Cron:cron Runat 2017-03-31 21:17:25 Use 0.000511 s

[ 2017-03-31T21:17:26+08:00 ] ::1 /eshop/index.php/Home/ShopManage/settingSave
INFO: [ app_begin ] --START--
INFO: Run Behavior\ReadHtmlCacheBehavior [ RunTime:0.001077s ]
INFO: Run Behavior\CronRunBehavior [ RunTime:0.002252s ]
INFO: [ app_begin ] --END-- [ RunTime:0.004032s ]
SQL: SHOW COLUMNS FROM `eshop_shop_scollimg` [ RunTime:0.0058s ]

[ 2017-03-31T21:17:28+08:00 ] ::1 /eshop/index.php/Home/ShopManage/setting.html?file=&imgURL%5B%5D=Uploads%2FShops%2Fads%2F2017-03-31%2F58de56a2b480e.png&file=
ERR: Cron:cron Runat 2017-03-31 21:17:28 Use 0.000457 s

[ 2017-03-31T21:17:29+08:00 ] ::1 /eshop/index.php/Home/ShopManage/settingSave
INFO: [ app_begin ] --START--
INFO: Run Behavior\ReadHtmlCacheBehavior [ RunTime:0.001079s ]
INFO: Run Behavior\CronRunBehavior [ RunTime:0.002944s ]
INFO: [ app_begin ] --END-- [ RunTime:0.004886s ]
SQL: SHOW COLUMNS FROM `eshop_shop_scollimg` [ RunTime:0.0047s ]

[ 2017-03-31T21:18:25+08:00 ] ::1 /eshop/index.php/Home/ShoperCenter/info.html
ERR: Cron:cron Runat 2017-03-31 21:18:25 Use 0.000373 s

[ 2017-03-31T21:18:27+08:00 ] ::1 /eshop/index.php/Home/ShoperCenter/security.html
ERR: Cron:cron Runat 2017-03-31 21:18:27 Use 0.000479 s

[ 2017-03-31T21:18:33+08:00 ] ::1 /eshop/index.php/Home/ShopManage/setting.html
ERR: Cron:cron Runat 2017-03-31 21:18:33 Use 0.000385 s

[ 2017-03-31T21:18:34+08:00 ] ::1 /eshop/index.php/Home/ShopManage/settingSave
INFO: [ app_begin ] --START--
INFO: Run Behavior\ReadHtmlCacheBehavior [ RunTime:0.000738s ]
INFO: Run Behavior\CronRunBehavior [ RunTime:0.002471s ]
INFO: [ app_begin ] --END-- [ RunTime:0.003878s ]
SQL: SHOW COLUMNS FROM `eshop_shop_scollimg` [ RunTime:0.0060s ]

[ 2017-03-31T21:18:36+08:00 ] ::1 /eshop/index.php/Home/ShopManage/setting.html
ERR: Cron:cron Runat 2017-03-31 21:18:36 Use 0.000370 s

[ 2017-03-31T21:18:36+08:00 ] ::1 /eshop/index.php/Home/ShopManage/settingSave
INFO: [ app_begin ] --START--
INFO: Run Behavior\ReadHtmlCacheBehavior [ RunTime:0.000848s ]
INFO: Run Behavior\CronRunBehavior [ RunTime:0.002509s ]
INFO: [ app_begin ] --END-- [ RunTime:0.004189s ]
SQL: SHOW COLUMNS FROM `eshop_shop_scollimg` [ RunTime:0.0045s ]

[ 2017-03-31T21:19:23+08:00 ] ::1 /eshop/index.php/Home/ShopManage/setting.html
ERR: Cron:cron Runat 2017-03-31 21:19:23 Use 0.000380 s

[ 2017-03-31T21:19:23+08:00 ] ::1 /eshop/index.php/Home/ShopManage/settingSave
INFO: [ app_begin ] --START--
INFO: Run Behavior\ReadHtmlCacheBehavior [ RunTime:0.000785s ]
INFO: Run Behavior\CronRunBehavior [ RunTime:0.002613s ]
INFO: [ app_begin ] --END-- [ RunTime:0.004105s ]
SQL: SHOW COLUMNS FROM `eshop_shop_scollimg` [ RunTime:0.0047s ]

[ 2017-03-31T21:22:04+08:00 ] ::1 /eshop/index.php/Home/ShopManage/setting.html?file=&file=
ERR: Cron:cron Runat 2017-03-31 21:22:04 Use 0.000365 s

[ 2017-03-31T21:22:05+08:00 ] ::1 /eshop/index.php/Home/ShopManage/settingSave
INFO: [ app_begin ] --START--
INFO: Run Behavior\ReadHtmlCacheBehavior [ RunTime:0.000769s ]
INFO: Run Behavior\CronRunBehavior [ RunTime:0.002893s ]
INFO: [ app_begin ] --END-- [ RunTime:0.004374s ]
SQL: SHOW COLUMNS FROM `eshop_shop_scollimg` [ RunTime:0.0075s ]

[ 2017-03-31T21:23:31+08:00 ] ::1 /eshop/index.php/Home/ShopManage/setting.html?file=&file=
ERR: Cron:cron Runat 2017-03-31 21:23:31 Use 0.000475 s

[ 2017-03-31T21:23:32+08:00 ] ::1 /eshop/index.php/Home/ShopManage/settingSave
INFO: [ app_begin ] --START--
INFO: Run Behavior\ReadHtmlCacheBehavior [ RunTime:0.000810s ]
INFO: Run Behavior\CronRunBehavior [ RunTime:0.002282s ]
INFO: [ app_begin ] --END-- [ RunTime:0.003912s ]
SQL: SHOW COLUMNS FROM `eshop_shop_scollimg` [ RunTime:0.0047s ]

[ 2017-03-31T21:24:19+08:00 ] ::1 /eshop/index.php/Home/ShopManage/setting.html?file=&file=
ERR: Cron:cron Runat 2017-03-31 21:24:19 Use 0.000539 s

[ 2017-03-31T21:24:20+08:00 ] ::1 /eshop/index.php/Home/ShopManage/settingSave
INFO: [ app_begin ] --START--
INFO: Run Behavior\ReadHtmlCacheBehavior [ RunTime:0.000903s ]
INFO: Run Behavior\CronRunBehavior [ RunTime:0.002443s ]
INFO: [ app_begin ] --END-- [ RunTime:0.004215s ]
SQL: SHOW COLUMNS FROM `eshop_shop_scollimg` [ RunTime:0.0056s ]

[ 2017-03-31T21:26:14+08:00 ] ::1 /eshop/index.php/Home/ShopManage/setting.html?file=&file=
ERR: Cron:cron Runat 2017-03-31 21:26:14 Use 0.000565 s

[ 2017-03-31T21:26:18+08:00 ] ::1 /eshop/index.php/Home/ShopManage/settingSave
ERR: Cron:cron Runat 2017-03-31 21:26:18 Use 0.000394 s

[ 2017-03-31T21:26:18+08:00 ] ::1 /eshop/index.php/Home/ShopManage/settingSave
INFO: [ app_begin ] --START--
INFO: Run Behavior\ReadHtmlCacheBehavior [ RunTime:0.000959s ]
INFO: Run Behavior\CronRunBehavior [ RunTime:0.004464s ]
INFO: [ app_begin ] --END-- [ RunTime:0.006203s ]
SQL: SHOW COLUMNS FROM `eshop_shop_scollimg` [ RunTime:0.0057s ]

[ 2017-03-31T21:26:30+08:00 ] ::1 /eshop/index.php/Home/ShopManage/adsImgUpload
ERR: Cron:cron Runat 2017-03-31 21:26:30 Use 0.000374 s

[ 2017-03-31T21:26:32+08:00 ] ::1 /eshop/index.php/Home/ShopManage/settingSave
ERR: Cron:cron Runat 2017-03-31 21:26:32 Use 0.000304 s

[ 2017-03-31T21:26:32+08:00 ] ::1 /eshop/index.php/Home/ShopManage/settingSave
INFO: [ app_begin ] --START--
INFO: Run Behavior\ReadHtmlCacheBehavior [ RunTime:0.000813s ]
INFO: Run Behavior\CronRunBehavior [ RunTime:0.005502s ]
INFO: [ app_begin ] --END-- [ RunTime:0.007057s ]
SQL: SHOW COLUMNS FROM `eshop_shop_scollimg` [ RunTime:0.0050s ]

[ 2017-03-31T21:26:53+08:00 ] ::1 /eshop/index.php/Home/ShopManage/adsImgUpload
ERR: Cron:cron Runat 2017-03-31 21:26:53 Use 0.000325 s

[ 2017-03-31T21:26:55+08:00 ] ::1 /eshop/index.php/Home/ShopManage/settingSave
INFO: [ app_begin ] --START--
INFO: Run Behavior\ReadHtmlCacheBehavior [ RunTime:0.000733s ]
INFO: Run Behavior\CronRunBehavior [ RunTime:0.001869s ]
INFO: [ app_begin ] --END-- [ RunTime:0.003218s ]
SQL: SHOW COLUMNS FROM `eshop_shop_scollimg` [ RunTime:0.0066s ]

[ 2017-03-31T21:27:14+08:00 ] ::1 /eshop/index.php/Home/ShopManage/settingSave
ERR: Cron:cron Runat 2017-03-31 21:27:14 Use 0.000373 s

[ 2017-03-31T21:27:14+08:00 ] ::1 /eshop/index.php/Home/ShopManage/settingSave
INFO: [ app_begin ] --START--
INFO: Run Behavior\ReadHtmlCacheBehavior [ RunTime:0.000988s ]
INFO: Run Behavior\CronRunBehavior [ RunTime:0.004551s ]
INFO: [ app_begin ] --END-- [ RunTime:0.006307s ]
SQL: SHOW COLUMNS FROM `eshop_shop_scollimg` [ RunTime:0.0049s ]

[ 2017-03-31T21:27:35+08:00 ] ::1 /eshop/index.php/Home/ShopManage/settingSave
ERR: Cron:cron Runat 2017-03-31 21:27:35 Use 0.000345 s

[ 2017-03-31T21:27:35+08:00 ] ::1 /eshop/index.php/Home/ShopManage/settingSave
INFO: [ app_begin ] --START--
INFO: Run Behavior\ReadHtmlCacheBehavior [ RunTime:0.000779s ]
INFO: Run Behavior\CronRunBehavior [ RunTime:0.004235s ]
INFO: [ app_begin ] --END-- [ RunTime:0.005837s ]
SQL: SHOW COLUMNS FROM `eshop_shop_scollimg` [ RunTime:0.0041s ]

[ 2017-03-31T21:30:46+08:00 ] ::1 /eshop/index.php/Home/ShopManage/setting.html?file=&file=
ERR: Cron:cron Runat 2017-03-31 21:30:46 Use 0.000322 s

[ 2017-03-31T21:30:55+08:00 ] ::1 /eshop/index.php/Home/ShopManage/adsImgUpload
ERR: Cron:cron Runat 2017-03-31 21:30:55 Use 0.000295 s

[ 2017-03-31T21:30:57+08:00 ] ::1 /eshop/index.php/Home/ShopManage/settingSave
ERR: Cron:cron Runat 2017-03-31 21:30:57 Use 0.000321 s

[ 2017-03-31T21:30:57+08:00 ] ::1 /eshop/index.php/Home/ShopManage/settingSave
INFO: [ app_begin ] --START--
INFO: Run Behavior\ReadHtmlCacheBehavior [ RunTime:0.001117s ]
INFO: Run Behavior\CronRunBehavior [ RunTime:0.004266s ]
INFO: [ app_begin ] --END-- [ RunTime:0.006352s ]
SQL: SHOW COLUMNS FROM `eshop_shop_scollimg` [ RunTime:0.0057s ]
ERR: 1452:Cannot add or update a child row: a foreign key constraint fails (`eshop`.`eshop_shop_scollimg`, CONSTRAINT `eshop_shop_scollimg_ibfk_1` FOREIGN KEY (`shopId`) REFERENCES `eshop_shop` (`id`) ON DELETE CASCADE ON UPDATE CASCADE)
 [ SQL语句 ] : INSERT INTO `eshop_shop_scollimg` (`shopId`,`imgURL`,`upload_time`) VALUES ('13','Uploads/Shops/ads/2017-03-31/58de5a0f24bf4.png','1490967057'),('13','Uploads/Shops/ads/2017-03-31/58de5a0f3a694.png','1490967057')
ERR: 1452:Cannot add or update a child row: a foreign key constraint fails (`eshop`.`eshop_shop_scollimg`, CONSTRAINT `eshop_shop_scollimg_ibfk_1` FOREIGN KEY (`shopId`) REFERENCES `eshop_shop` (`id`) ON DELETE CASCADE ON UPDATE CASCADE)
 [ SQL语句 ] : INSERT INTO `eshop_shop_scollimg` (`shopId`,`imgURL`,`upload_time`) VALUES ('13','Uploads/Shops/ads/2017-03-31/58de5a0f24bf4.png','1490967057'),('13','Uploads/Shops/ads/2017-03-31/58de5a0f3a694.png','1490967057')

[ 2017-03-31T21:31:17+08:00 ] ::1 /eshop/index.php/Home/ShopManage/settingSave
ERR: Cron:cron Runat 2017-03-31 21:31:17 Use 0.000374 s

[ 2017-03-31T21:31:17+08:00 ] ::1 /eshop/index.php/Home/ShopManage/settingSave
INFO: [ app_begin ] --START--
INFO: Run Behavior\ReadHtmlCacheBehavior [ RunTime:0.000750s ]
INFO: Run Behavior\CronRunBehavior [ RunTime:0.003884s ]
INFO: [ app_begin ] --END-- [ RunTime:0.005383s ]
SQL: SHOW COLUMNS FROM `eshop_shop_scollimg` [ RunTime:0.0038s ]
ERR: 1452:Cannot add or update a child row: a foreign key constraint fails (`eshop`.`eshop_shop_scollimg`, CONSTRAINT `eshop_shop_scollimg_ibfk_1` FOREIGN KEY (`shopId`) REFERENCES `eshop_shop` (`id`) ON DELETE CASCADE ON UPDATE CASCADE)
 [ SQL语句 ] : INSERT INTO `eshop_shop_scollimg` (`shopId`,`imgURL`,`upload_time`) VALUES ('13','Uploads/Shops/ads/2017-03-31/58de5a0f24bf4.png','1490967077'),('13','Uploads/Shops/ads/2017-03-31/58de5a0f3a694.png','1490967077')
ERR: 1452:Cannot add or update a child row: a foreign key constraint fails (`eshop`.`eshop_shop_scollimg`, CONSTRAINT `eshop_shop_scollimg_ibfk_1` FOREIGN KEY (`shopId`) REFERENCES `eshop_shop` (`id`) ON DELETE CASCADE ON UPDATE CASCADE)
 [ SQL语句 ] : INSERT INTO `eshop_shop_scollimg` (`shopId`,`imgURL`,`upload_time`) VALUES ('13','Uploads/Shops/ads/2017-03-31/58de5a0f24bf4.png','1490967077'),('13','Uploads/Shops/ads/2017-03-31/58de5a0f3a694.png','1490967077')

[ 2017-03-31T21:32:06+08:00 ] ::1 /eshop/index.php/Home/ShopManage/settingSave
ERR: Cron:cron Runat 2017-03-31 21:32:06 Use 0.000340 s

[ 2017-03-31T21:32:06+08:00 ] ::1 /eshop/index.php/Home/ShopManage/settingSave
INFO: [ app_begin ] --START--
INFO: Run Behavior\ReadHtmlCacheBehavior [ RunTime:0.000966s ]
INFO: Run Behavior\CronRunBehavior [ RunTime:0.003775s ]
INFO: [ app_begin ] --END-- [ RunTime:0.005466s ]

[ 2017-03-31T21:32:43+08:00 ] ::1 /eshop/index.php/Home/ShopManage/settingSave
ERR: Cron:cron Runat 2017-03-31 21:32:43 Use 0.000636 s

[ 2017-03-31T21:32:43+08:00 ] ::1 /eshop/index.php/Home/ShopManage/settingSave
INFO: [ app_begin ] --START--
INFO: Run Behavior\ReadHtmlCacheBehavior [ RunTime:0.000795s ]
INFO: Run Behavior\CronRunBehavior [ RunTime:0.005156s ]
INFO: [ app_begin ] --END-- [ RunTime:0.006729s ]
SQL: SHOW COLUMNS FROM `eshop_shop_scollimg` [ RunTime:0.0049s ]
ERR: 1452:Cannot add or update a child row: a foreign key constraint fails (`eshop`.`eshop_shop_scollimg`, CONSTRAINT `eshop_shop_scollimg_ibfk_1` FOREIGN KEY (`shopId`) REFERENCES `eshop_shop` (`id`) ON DELETE CASCADE ON UPDATE CASCADE)
 [ SQL语句 ] : INSERT INTO `eshop_shop_scollimg` (`shopId`,`imgURL`,`upload_time`) VALUES ('13','Uploads/Shops/ads/2017-03-31/58de5a0f24bf4.png','1490967163'),('13','Uploads/Shops/ads/2017-03-31/58de5a0f3a694.png','1490967163')
ERR: 1452:Cannot add or update a child row: a foreign key constraint fails (`eshop`.`eshop_shop_scollimg`, CONSTRAINT `eshop_shop_scollimg_ibfk_1` FOREIGN KEY (`shopId`) REFERENCES `eshop_shop` (`id`) ON DELETE CASCADE ON UPDATE CASCADE)
 [ SQL语句 ] : INSERT INTO `eshop_shop_scollimg` (`shopId`,`imgURL`,`upload_time`) VALUES ('13','Uploads/Shops/ads/2017-03-31/58de5a0f24bf4.png','1490967163'),('13','Uploads/Shops/ads/2017-03-31/58de5a0f3a694.png','1490967163')

[ 2017-03-31T21:33:39+08:00 ] ::1 /eshop/index.php/Home/ShopManage/settingSave
ERR: Cron:cron Runat 2017-03-31 21:33:39 Use 0.000380 s

[ 2017-03-31T21:33:39+08:00 ] ::1 /eshop/index.php/Home/ShopManage/settingSave
INFO: [ app_begin ] --START--
INFO: Run Behavior\ReadHtmlCacheBehavior [ RunTime:0.000981s ]
INFO: Run Behavior\CronRunBehavior [ RunTime:0.004903s ]
INFO: [ app_begin ] --END-- [ RunTime:0.006515s ]
SQL: SHOW COLUMNS FROM `eshop_shop_scollimg` [ RunTime:0.0049s ]

[ 2017-03-31T21:35:03+08:00 ] ::1 /eshop/index.php/Home/ShopManage/settingSave
ERR: Cron:cron Runat 2017-03-31 21:35:03 Use 0.000374 s

[ 2017-03-31T21:35:03+08:00 ] ::1 /eshop/index.php/Home/ShopManage/settingSave
INFO: [ app_begin ] --START--
INFO: Run Behavior\ReadHtmlCacheBehavior [ RunTime:0.001527s ]
INFO: Run Behavior\CronRunBehavior [ RunTime:0.005009s ]
INFO: [ app_begin ] --END-- [ RunTime:0.007589s ]
SQL: SHOW COLUMNS FROM `eshop_shop_scollimg` [ RunTime:0.0043s ]
SQL: SHOW COLUMNS FROM `eshop_shop` [ RunTime:0.0059s ]
SQL: SELECT `id` FROM `eshop_shop` WHERE `shoperId` = 13 LIMIT 1   [ RunTime:0.0007s ]

[ 2017-03-31T21:35:32+08:00 ] ::1 /eshop/index.php/Home/ShopManage/settingSave
ERR: Cron:cron Runat 2017-03-31 21:35:32 Use 0.000355 s

[ 2017-03-31T21:35:32+08:00 ] ::1 /eshop/index.php/Home/ShopManage/settingSave
INFO: [ app_begin ] --START--
INFO: Run Behavior\ReadHtmlCacheBehavior [ RunTime:0.000957s ]
INFO: Run Behavior\CronRunBehavior [ RunTime:0.004594s ]
INFO: [ app_begin ] --END-- [ RunTime:0.006332s ]
SQL: SHOW COLUMNS FROM `eshop_shop_scollimg` [ RunTime:0.0906s ]
SQL: SHOW COLUMNS FROM `eshop_shop` [ RunTime:0.0042s ]
SQL: SELECT `id` FROM `eshop_shop` WHERE `shoperId` = 13 LIMIT 1   [ RunTime:0.0003s ]
SQL: INSERT INTO `eshop_shop_scollimg` (`shopId`,`imgURL`,`upload_time`) VALUES ('3','Uploads/Shops/ads/2017-03-31/58de5a0f24bf4.png','1490967332'),('3','Uploads/Shops/ads/2017-03-31/58de5a0f3a694.png','1490967332') [ RunTime:0.0946s ]

[ 2017-03-31T21:35:47+08:00 ] ::1 /eshop/index.php/Home/ShopManage/setting.html?file=&file=
ERR: Cron:cron Runat 2017-03-31 21:35:47 Use 0.000396 s

[ 2017-03-31T21:41:49+08:00 ] ::1 /eshop/index.php/Home/ShopManage/setting.html?file=&file=
ERR: Cron:cron Runat 2017-03-31 21:41:49 Use 0.000343 s

[ 2017-03-31T21:43:04+08:00 ] ::1 /eshop/index.php/Home/ShopManage/setting.html?file=&file=
ERR: Cron:cron Runat 2017-03-31 21:43:04 Use 0.000393 s

[ 2017-03-31T21:43:49+08:00 ] ::1 /eshop/index.php/Home/ShopManage/setting.html?file=&file=
ERR: Cron:cron Runat 2017-03-31 21:43:49 Use 0.000436 s

[ 2017-03-31T21:44:32+08:00 ] ::1 /eshop/index.php/Home/ShopManage/setting.html?file=&file=
ERR: Cron:cron Runat 2017-03-31 21:44:32 Use 0.000420 s

[ 2017-03-31T21:44:57+08:00 ] ::1 /eshop/index.php/Home/ShopManage/setting.html?file=&file=
ERR: Cron:cron Runat 2017-03-31 21:44:57 Use 0.000418 s

[ 2017-03-31T21:45:25+08:00 ] ::1 /eshop/index.php/Home/ShopManage/setting.html?file=&file=
ERR: Cron:cron Runat 2017-03-31 21:45:25 Use 0.000336 s

[ 2017-03-31T21:45:28+08:00 ] ::1 /eshop/index.php/Home/ShopManage/setting.html
ERR: Cron:cron Runat 2017-03-31 21:45:28 Use 0.000377 s

[ 2017-03-31T21:46:22+08:00 ] ::1 /eshop/index.php/Home/ShopManage/setting.html
ERR: Cron:cron Runat 2017-03-31 21:46:22 Use 0.000376 s

[ 2017-03-31T21:46:26+08:00 ] ::1 /eshop/index.php/Home/ShopManage/adsImgDel
ERR: Cron:cron Runat 2017-03-31 21:46:26 Use 0.000400 s

[ 2017-03-31T21:46:26+08:00 ] ::1 /eshop/index.php/Home/ShopManage/adsImgDel
INFO: [ app_begin ] --START--
INFO: Run Behavior\ReadHtmlCacheBehavior [ RunTime:0.001062s ]
INFO: Run Behavior\CronRunBehavior [ RunTime:0.004670s ]
INFO: [ app_begin ] --END-- [ RunTime:0.006488s ]
SQL: SHOW COLUMNS FROM `eshop_shop_scollimg` [ RunTime:0.0041s ]
SQL: SELECT `imgURL` FROM `eshop_shop_scollimg` WHERE `id` = 8 LIMIT 1   [ RunTime:0.0003s ]
SQL: DELETE FROM `eshop_shop_scollimg` WHERE `id` = 8 [ RunTime:0.1319s ]
NOTIC: [8] Undefined index: imgURL D:\wampserver\wamp\www\eshop\App\Home\Controller\ShopManageController.class.php 第 206 行.
NOTIC: [2] unlink(): Invalid argument D:\wampserver\wamp\www\eshop\App\Home\Controller\ShopManageController.class.php 第 206 行.
NOTIC: [2] closedir() expects parameter 1 to be resource, string given D:\wampserver\wamp\www\eshop\App\Common\Common\function.php 第 98 行.
NOTIC: [2] closedir() expects parameter 1 to be resource, string given D:\wampserver\wamp\www\eshop\App\Common\Common\function.php 第 98 行.

[ 2017-03-31T21:47:03+08:00 ] ::1 /eshop/index.php/Home/ShopManage/setting.html
ERR: Cron:cron Runat 2017-03-31 21:47:03 Use 0.000406 s

[ 2017-03-31T21:47:16+08:00 ] ::1 /eshop/index.php/Home/ShopManage/adsImgUpload
ERR: Cron:cron Runat 2017-03-31 21:47:16 Use 0.000399 s

[ 2017-03-31T21:47:23+08:00 ] ::1 /eshop/index.php/Home/ShopManage/setting.html
ERR: Cron:cron Runat 2017-03-31 21:47:23 Use 0.000334 s

[ 2017-03-31T21:48:08+08:00 ] ::1 /eshop/index.php/Home/ShopManage/setting.html
ERR: Cron:cron Runat 2017-03-31 21:48:08 Use 0.000428 s

[ 2017-03-31T21:48:14+08:00 ] ::1 /eshop/index.php/Home/ShopManage/adsImgUpload
ERR: Cron:cron Runat 2017-03-31 21:48:14 Use 0.000392 s

[ 2017-03-31T21:48:16+08:00 ] ::1 /eshop/index.php/Home/ShopManage/settingSave
ERR: Cron:cron Runat 2017-03-31 21:48:16 Use 0.000320 s

[ 2017-03-31T21:48:16+08:00 ] ::1 /eshop/index.php/Home/ShopManage/settingSave
INFO: [ app_begin ] --START--
INFO: Run Behavior\ReadHtmlCacheBehavior [ RunTime:0.000786s ]
INFO: Run Behavior\CronRunBehavior [ RunTime:0.004134s ]
INFO: [ app_begin ] --END-- [ RunTime:0.005582s ]
SQL: SHOW COLUMNS FROM `eshop_shop_scollimg` [ RunTime:0.0043s ]
SQL: SHOW COLUMNS FROM `eshop_shop` [ RunTime:0.0046s ]
SQL: SELECT `id` FROM `eshop_shop` WHERE `shoperId` = 13 LIMIT 1   [ RunTime:0.0003s ]
SQL: INSERT INTO `eshop_shop_scollimg` (`shopId`,`imgURL`,`upload_time`) VALUES ('3','Uploads/Shops/ads/2017-03-31/58de5e1e511c4.png','1490968096') [ RunTime:0.0573s ]

[ 2017-03-31T21:49:31+08:00 ] ::1 /eshop/index.php/Home/ShopManage/adsImgDel
ERR: Cron:cron Runat 2017-03-31 21:49:31 Use 0.000420 s

[ 2017-03-31T21:49:31+08:00 ] ::1 /eshop/index.php/Home/ShopManage/adsImgDel
INFO: [ app_begin ] --START--
INFO: Run Behavior\ReadHtmlCacheBehavior [ RunTime:0.000955s ]
INFO: Run Behavior\CronRunBehavior [ RunTime:0.004124s ]
INFO: [ app_begin ] --END-- [ RunTime:0.005742s ]

[ 2017-03-31T21:50:01+08:00 ] ::1 /eshop/index.php/Home/ShopManage/setting.html
ERR: Cron:cron Runat 2017-03-31 21:50:01 Use 0.000282 s

[ 2017-03-31T21:50:05+08:00 ] ::1 /eshop/index.php/Home/ShopManage/adsImgDel
ERR: Cron:cron Runat 2017-03-31 21:50:05 Use 0.000380 s

[ 2017-03-31T21:50:05+08:00 ] ::1 /eshop/index.php/Home/ShopManage/adsImgDel
INFO: [ app_begin ] --START--
INFO: Run Behavior\ReadHtmlCacheBehavior [ RunTime:0.000790s ]
INFO: Run Behavior\CronRunBehavior [ RunTime:0.004855s ]
INFO: [ app_begin ] --END-- [ RunTime:0.006357s ]

[ 2017-03-31T21:51:09+08:00 ] ::1 /eshop/index.php/Home/ShopManage/adsImgDel
ERR: Cron:cron Runat 2017-03-31 21:51:09 Use 0.000277 s

[ 2017-03-31T21:51:09+08:00 ] ::1 /eshop/index.php/Home/ShopManage/adsImgDel
INFO: [ app_begin ] --START--
INFO: Run Behavior\ReadHtmlCacheBehavior [ RunTime:0.000806s ]
INFO: Run Behavior\CronRunBehavior [ RunTime:0.003855s ]
INFO: [ app_begin ] --END-- [ RunTime:0.005343s ]
NOTIC: [8] Undefined variable: ids D:\wampserver\wamp\www\eshop\App\Home\Controller\ShopManageController.class.php 第 205 行.

[ 2017-03-31T21:51:18+08:00 ] ::1 /eshop/index.php/Home/ShopManage/adsImgDel
ERR: Cron:cron Runat 2017-03-31 21:51:18 Use 0.000401 s

[ 2017-03-31T21:51:18+08:00 ] ::1 /eshop/index.php/Home/ShopManage/adsImgDel
INFO: [ app_begin ] --START--
INFO: Run Behavior\ReadHtmlCacheBehavior [ RunTime:0.000853s ]
INFO: Run Behavior\CronRunBehavior [ RunTime:0.004135s ]
INFO: [ app_begin ] --END-- [ RunTime:0.005667s ]

[ 2017-03-31T21:51:36+08:00 ] ::1 /eshop/index.php/Home/ShopManage/adsImgDel
ERR: Cron:cron Runat 2017-03-31 21:51:36 Use 0.000449 s

[ 2017-03-31T21:51:36+08:00 ] ::1 /eshop/index.php/Home/ShopManage/adsImgDel
INFO: [ app_begin ] --START--
INFO: Run Behavior\ReadHtmlCacheBehavior [ RunTime:0.000811s ]
INFO: Run Behavior\CronRunBehavior [ RunTime:0.004898s ]
INFO: [ app_begin ] --END-- [ RunTime:0.006391s ]
SQL: SHOW COLUMNS FROM `eshop_shop_scollimg` [ RunTime:0.0043s ]
SQL: SELECT `imgURL` FROM `eshop_shop_scollimg` WHERE `id` = 9 LIMIT 1   [ RunTime:0.0004s ]
SQL: DELETE FROM `eshop_shop_scollimg` WHERE `id` = 9 [ RunTime:0.0891s ]

[ 2017-03-31T21:52:34+08:00 ] ::1 /eshop/index.php/Home/ShopManage/setting.html
ERR: Cron:cron Runat 2017-03-31 21:52:34 Use 0.000365 s

[ 2017-03-31T21:52:43+08:00 ] ::1 /eshop/index.php/Home/ShopManage/adsImgDel
ERR: Cron:cron Runat 2017-03-31 21:52:43 Use 0.000388 s

[ 2017-03-31T21:52:43+08:00 ] ::1 /eshop/index.php/Home/ShopManage/adsImgDel
INFO: [ app_begin ] --START--
INFO: Run Behavior\ReadHtmlCacheBehavior [ RunTime:0.000855s ]
INFO: Run Behavior\CronRunBehavior [ RunTime:0.004263s ]
INFO: [ app_begin ] --END-- [ RunTime:0.005922s ]
SQL: SHOW COLUMNS FROM `eshop_shop_scollimg` [ RunTime:0.0040s ]
SQL: SELECT `imgURL` FROM `eshop_shop_scollimg` WHERE `id` = 7 LIMIT 1   [ RunTime:0.0004s ]
SQL: DELETE FROM `eshop_shop_scollimg` WHERE `id` = 7 [ RunTime:0.0531s ]
NOTIC: [2] closedir() expects parameter 1 to be resource, string given D:\wampserver\wamp\www\eshop\App\Common\Common\function.php 第 98 行.
NOTIC: [2] closedir() expects parameter 1 to be resource, string given D:\wampserver\wamp\www\eshop\App\Common\Common\function.php 第 98 行.

[ 2017-03-31T21:53:22+08:00 ] ::1 /eshop/index.php/Home/ShopManage/setting.html
ERR: Cron:cron Runat 2017-03-31 21:53:22 Use 0.000356 s

[ 2017-03-31T21:53:28+08:00 ] ::1 /eshop/index.php/Home/ShopManage/adsImgUpload
ERR: Cron:cron Runat 2017-03-31 21:53:28 Use 0.000475 s

[ 2017-03-31T21:53:29+08:00 ] ::1 /eshop/index.php/Home/ShopManage/settingSave
INFO: [ app_begin ] --START--
INFO: Run Behavior\ReadHtmlCacheBehavior [ RunTime:0.000799s ]
INFO: Run Behavior\CronRunBehavior [ RunTime:0.002231s ]
INFO: [ app_begin ] --END-- [ RunTime:0.003678s ]
SQL: SHOW COLUMNS FROM `eshop_shop_scollimg` [ RunTime:0.0038s ]
SQL: SHOW COLUMNS FROM `eshop_shop` [ RunTime:0.0051s ]
SQL: SELECT `id` FROM `eshop_shop` WHERE `shoperId` = 13 LIMIT 1   [ RunTime:0.0004s ]
SQL: INSERT INTO `eshop_shop_scollimg` (`shopId`,`imgURL`,`upload_time`) VALUES ('3','Uploads/Shops/ads/2017-03-31/58de5f5868d97.png','1490968409') [ RunTime:0.0514s ]

[ 2017-03-31T21:53:39+08:00 ] ::1 /eshop/index.php/Home/ShopManage/adsImgDel
ERR: Cron:cron Runat 2017-03-31 21:53:39 Use 0.000367 s

[ 2017-03-31T21:53:39+08:00 ] ::1 /eshop/index.php/Home/ShopManage/adsImgDel
INFO: [ app_begin ] --START--
INFO: Run Behavior\ReadHtmlCacheBehavior [ RunTime:0.000815s ]
INFO: Run Behavior\CronRunBehavior [ RunTime:0.004162s ]
INFO: [ app_begin ] --END-- [ RunTime:0.005696s ]
SQL: SHOW COLUMNS FROM `eshop_shop_scollimg` [ RunTime:0.0042s ]
SQL: SELECT `imgURL` FROM `eshop_shop_scollimg` WHERE `id` = 1 LIMIT 1   [ RunTime:0.0003s ]
SQL: DELETE FROM `eshop_shop_scollimg` WHERE `id` = 1 [ RunTime:0.0823s ]
NOTIC: [2] closedir() expects parameter 1 to be resource, string given D:\wampserver\wamp\www\eshop\App\Common\Common\function.php 第 98 行.
NOTIC: [2] closedir() expects parameter 1 to be resource, string given D:\wampserver\wamp\www\eshop\App\Common\Common\function.php 第 98 行.

[ 2017-03-31T21:53:56+08:00 ] ::1 /eshop/index.php/Home/ShopManage/adsImgUpload
ERR: Cron:cron Runat 2017-03-31 21:53:56 Use 0.000418 s

[ 2017-03-31T21:53:58+08:00 ] ::1 /eshop/index.php/Home/ShopManage/adsImgDel
ERR: Cron:cron Runat 2017-03-31 21:53:58 Use 0.000340 s

[ 2017-03-31T21:53:58+08:00 ] ::1 /eshop/index.php/Home/ShopManage/adsImgDel
INFO: [ app_begin ] --START--
INFO: Run Behavior\ReadHtmlCacheBehavior [ RunTime:0.000796s ]
INFO: Run Behavior\CronRunBehavior [ RunTime:0.004435s ]
INFO: [ app_begin ] --END-- [ RunTime:0.005967s ]
NOTIC: [2] closedir() expects parameter 1 to be resource, string given D:\wampserver\wamp\www\eshop\App\Common\Common\function.php 第 98 行.
NOTIC: [2] closedir() expects parameter 1 to be resource, string given D:\wampserver\wamp\www\eshop\App\Common\Common\function.php 第 98 行.

[ 2017-03-31T21:54:04+08:00 ] ::1 /eshop/index.php/Home/ShopManage/setting.html
ERR: Cron:cron Runat 2017-03-31 21:54:04 Use 0.000442 s

[ 2017-03-31T21:54:15+08:00 ] ::1 /eshop/index.php/Home/ShopManage/adsImgUpload
ERR: Cron:cron Runat 2017-03-31 21:54:15 Use 0.000290 s

[ 2017-03-31T21:54:18+08:00 ] ::1 /eshop/index.php/Home/ShopManage/settingSave
ERR: Cron:cron Runat 2017-03-31 21:54:18 Use 0.000284 s

[ 2017-03-31T21:54:18+08:00 ] ::1 /eshop/index.php/Home/ShopManage/settingSave
INFO: [ app_begin ] --START--
INFO: Run Behavior\ReadHtmlCacheBehavior [ RunTime:0.000803s ]
INFO: Run Behavior\CronRunBehavior [ RunTime:0.004501s ]
INFO: [ app_begin ] --END-- [ RunTime:0.005949s ]
SQL: SHOW COLUMNS FROM `eshop_shop_scollimg` [ RunTime:0.0048s ]
SQL: SHOW COLUMNS FROM `eshop_shop` [ RunTime:0.0058s ]
SQL: SELECT `id` FROM `eshop_shop` WHERE `shoperId` = 13 LIMIT 1   [ RunTime:0.0004s ]
SQL: INSERT INTO `eshop_shop_scollimg` (`shopId`,`imgURL`,`upload_time`) VALUES ('3','Uploads/Shops/ads/2017-03-31/58de5f8794c3f.png','1490968458'),('3','Uploads/Shops/ads/2017-03-31/58de5f87a8c35.png','1490968458'),('3','Uploads/Shops/ads/2017-03-31/58de5f87b8e40.png','1490968458'),('3','Uploads/Shops/ads/2017-03-31/58de5f87cb96d.png','1490968458'),('3','Uploads/Shops/ads/2017-03-31/58de5f87dc1d5.png','1490968458') [ RunTime:0.0802s ]

[ 2017-03-31T22:01:37+08:00 ] ::1 /eshop/index.php/Home/ShoperCenter/info.html
ERR: Cron:cron Runat 2017-03-31 22:01:37 Use 0.000377 s

[ 2017-03-31T22:01:40+08:00 ] ::1 /eshop/index.php/Home/ShoperCenter/security.html
ERR: Cron:cron Runat 2017-03-31 22:01:40 Use 0.000374 s

[ 2017-03-31T22:01:42+08:00 ] ::1 /eshop/index.php/Home/ShopCart/index.html
ERR: Cron:cron Runat 2017-03-31 22:01:42 Use 0.000383 s

[ 2017-03-31T22:01:45+08:00 ] ::1 /eshop/index.php/Home/ShopCart/index.html
ERR: Cron:cron Runat 2017-03-31 22:01:45 Use 0.000326 s

