[ 2017-05-30T07:59:18+08:00 ] ::1 /eshop/Public/Common/bootstrap3.3.7/css/bootstrap.min.css.map
ERR: Cron:cron Runat 2017-05-30 07:59:18 Use 0.000343 s

[ 2017-05-30T07:59:18+08:00 ] ::1 /eshop/Public/Common/bootstrap3.3.7/css/bootstrap.min.css.map
ERR: 无法加载控制器:Public

[ 2017-05-30T08:00:08+08:00 ] ::1 /eshop/Public/Common/bootstrap3.3.7/css/bootstrap.min.css.map
ERR: 无法加载控制器:Public

[ 2017-05-30T08:13:05+08:00 ] ::1 /eshop/index.php/ShopManage/addAutho.html
ERR: Cron:cron Runat 2017-05-30 08:13:05 Use 0.000350 s

[ 2017-05-30T08:13:06+08:00 ] ::1 /eshop/index.php/ShopManage/addAutho.html
ERR: 非法操作:addAutho

[ 2017-05-30T08:31:15+08:00 ] ::1 /eshop/Public/Common/bootstrap3.3.7/css/bootstrap.min.css.map
ERR: Cron:cron Runat 2017-05-30 08:31:15 Use 0.000360 s

[ 2017-05-30T08:31:15+08:00 ] ::1 /eshop/Public/Common/bootstrap3.3.7/css/bootstrap.min.css.map
ERR: 无法加载控制器:Public

[ 2017-05-30T08:31:17+08:00 ] ::1 /eshop/Public/Common/bootstrap3.3.7/css/bootstrap.min.css.map
ERR: Cron:cron Runat 2017-05-30 08:31:17 Use 0.000309 s

[ 2017-05-30T08:31:17+08:00 ] ::1 /eshop/Public/Common/bootstrap3.3.7/css/bootstrap.min.css.map
ERR: 无法加载控制器:Public

[ 2017-05-30T08:32:40+08:00 ] ::1 /eshop/Public/Common/bootstrap3.3.7/css/bootstrap.min.css.map
ERR: 无法加载控制器:Public

[ 2017-05-30T08:33:05+08:00 ] ::1 /eshop/Public/Common/bootstrap3.3.7/css/bootstrap.min.css.map
ERR: Cron:cron Runat 2017-05-30 08:33:05 Use 0.000318 s

[ 2017-05-30T08:33:05+08:00 ] ::1 /eshop/Public/Common/bootstrap3.3.7/css/bootstrap.min.css.map
ERR: 无法加载控制器:Public

[ 2017-05-30T08:33:28+08:00 ] ::1 /eshop/Public/Common/bootstrap3.3.7/css/bootstrap.min.css.map
ERR: 无法加载控制器:Public

[ 2017-05-30T08:33:37+08:00 ] ::1 /eshop/Public/Common/bootstrap3.3.7/css/bootstrap.min.css.map
ERR: Cron:cron Runat 2017-05-30 08:33:37 Use 0.000454 s

[ 2017-05-30T08:33:37+08:00 ] ::1 /eshop/Public/Common/bootstrap3.3.7/css/bootstrap.min.css.map
ERR: 无法加载控制器:Public

[ 2017-05-30T08:34:48+08:00 ] ::1 /eshop/Public/Common/bootstrap3.3.7/css/bootstrap.min.css.map
ERR: 无法加载控制器:Public

[ 2017-05-30T08:34:52+08:00 ] ::1 /eshop/Public/Common/bootstrap3.3.7/css/bootstrap.min.css.map
ERR: Cron:cron Runat 2017-05-30 08:34:52 Use 0.000462 s

[ 2017-05-30T08:34:52+08:00 ] ::1 /eshop/Public/Common/bootstrap3.3.7/css/bootstrap.min.css.map
ERR: 无法加载控制器:Public

[ 2017-05-30T08:35:11+08:00 ] ::1 /eshop/Public/Common/bootstrap3.3.7/css/bootstrap.min.css.map
ERR: 无法加载控制器:Public

[ 2017-05-30T08:35:21+08:00 ] ::1 /eshop/Public/Common/bootstrap3.3.7/css/bootstrap.min.css.map
ERR: 无法加载控制器:Public

[ 2017-05-30T08:35:27+08:00 ] ::1 /eshop/Public/Common/bootstrap3.3.7/css/bootstrap.min.css.map
ERR: Cron:cron Runat 2017-05-30 08:35:27 Use 0.000355 s

[ 2017-05-30T08:35:27+08:00 ] ::1 /eshop/Public/Common/bootstrap3.3.7/css/bootstrap.min.css.map
ERR: 无法加载控制器:Public

[ 2017-05-30T08:35:59+08:00 ] ::1 /eshop/Public/Common/bootstrap3.3.7/css/bootstrap.min.css.map
ERR: Cron:cron Runat 2017-05-30 08:35:59 Use 0.000262 s

[ 2017-05-30T08:35:59+08:00 ] ::1 /eshop/Public/Common/bootstrap3.3.7/css/bootstrap.min.css.map
ERR: 无法加载控制器:Public

[ 2017-05-30T08:37:56+08:00 ] ::1 /eshop/Public/Common/bootstrap3.3.7/css/bootstrap.min.css.map
ERR: 无法加载控制器:Public

[ 2017-05-30T08:38:16+08:00 ] ::1 /eshop/Public/Common/bootstrap3.3.7/css/bootstrap.min.css.map
ERR: 无法加载控制器:Public

[ 2017-05-30T08:38:25+08:00 ] ::1 /eshop/Public/Common/bootstrap3.3.7/css/bootstrap.min.css.map
ERR: 无法加载控制器:Public

[ 2017-05-30T08:39:18+08:00 ] ::1 /eshop/Public/Common/bootstrap3.3.7/css/bootstrap.min.css.map
ERR: 无法加载控制器:Public

[ 2017-05-30T08:39:34+08:00 ] ::1 /eshop/Public/Common/bootstrap3.3.7/css/bootstrap.min.css.map
ERR: Cron:cron Runat 2017-05-30 08:39:34 Use 0.000277 s

[ 2017-05-30T08:39:34+08:00 ] ::1 /eshop/Public/Common/bootstrap3.3.7/css/bootstrap.min.css.map
ERR: 无法加载控制器:Public

[ 2017-05-30T08:39:56+08:00 ] ::1 /eshop/Public/Common/bootstrap3.3.7/css/bootstrap.min.css.map
ERR: 无法加载控制器:Public

[ 2017-05-30T08:41:34+08:00 ] ::1 /eshop/Public/Common/bootstrap3.3.7/css/bootstrap.min.css.map
ERR: 无法加载控制器:Public

[ 2017-05-30T08:41:38+08:00 ] ::1 /eshop/Public/Common/bootstrap3.3.7/css/bootstrap.min.css.map
ERR: Cron:cron Runat 2017-05-30 08:41:38 Use 0.000335 s

[ 2017-05-30T08:41:38+08:00 ] ::1 /eshop/Public/Common/bootstrap3.3.7/css/bootstrap.min.css.map
ERR: 无法加载控制器:Public

[ 2017-05-30T08:42:07+08:00 ] ::1 /eshop/Public/Common/bootstrap3.3.7/css/bootstrap.min.css.map
ERR: 无法加载控制器:Public

[ 2017-05-30T08:42:55+08:00 ] ::1 /eshop/Public/Common/bootstrap3.3.7/css/bootstrap.min.css.map
ERR: 无法加载控制器:Public

[ 2017-05-30T08:45:38+08:00 ] ::1 /eshop/Public/Common/bootstrap3.3.7/css/bootstrap.min.css.map
ERR: Cron:cron Runat 2017-05-30 08:45:38 Use 0.000283 s

[ 2017-05-30T08:45:38+08:00 ] ::1 /eshop/Public/Common/bootstrap3.3.7/css/bootstrap.min.css.map
ERR: 无法加载控制器:Public

[ 2017-05-30T08:45:41+08:00 ] ::1 /eshop/Public/Common/bootstrap3.3.7/css/bootstrap.min.css.map
ERR: Cron:cron Runat 2017-05-30 08:45:41 Use 0.000262 s

[ 2017-05-30T08:45:41+08:00 ] ::1 /eshop/Public/Common/bootstrap3.3.7/css/bootstrap.min.css.map
ERR: 无法加载控制器:Public

[ 2017-05-30T08:48:16+08:00 ] ::1 /eshop/Public/Common/bootstrap3.3.7/css/bootstrap.min.css.map
ERR: 无法加载控制器:Public

[ 2017-05-30T08:48:22+08:00 ] ::1 /eshop/Public/Common/bootstrap3.3.7/css/bootstrap.min.css.map
ERR: Cron:cron Runat 2017-05-30 08:48:22 Use 0.000278 s

[ 2017-05-30T08:48:22+08:00 ] ::1 /eshop/Public/Common/bootstrap3.3.7/css/bootstrap.min.css.map
ERR: 无法加载控制器:Public

[ 2017-05-30T08:49:02+08:00 ] ::1 /eshop/Public/Common/bootstrap3.3.7/css/bootstrap.min.css.map
ERR: 无法加载控制器:Public

[ 2017-05-30T08:49:37+08:00 ] ::1 /eshop/Public/Common/bootstrap3.3.7/css/bootstrap.min.css.map
ERR: 无法加载控制器:Public

[ 2017-05-30T08:49:48+08:00 ] ::1 /eshop/Public/Common/bootstrap3.3.7/css/bootstrap.min.css.map
ERR: Cron:cron Runat 2017-05-30 08:49:48 Use 0.000446 s

[ 2017-05-30T08:49:48+08:00 ] ::1 /eshop/Public/Common/bootstrap3.3.7/css/bootstrap.min.css.map
ERR: 无法加载控制器:Public

[ 2017-05-30T08:50:07+08:00 ] ::1 /eshop/Public/Common/bootstrap3.3.7/css/bootstrap.min.css.map
ERR: 无法加载控制器:Public

[ 2017-05-30T08:50:19+08:00 ] ::1 /eshop/Public/Common/bootstrap3.3.7/css/bootstrap.min.css.map
ERR: 无法加载控制器:Public

[ 2017-05-30T08:51:32+08:00 ] ::1 /eshop/Public/Common/bootstrap3.3.7/css/bootstrap.min.css.map
ERR: Cron:cron Runat 2017-05-30 08:51:32 Use 0.000316 s

[ 2017-05-30T08:51:32+08:00 ] ::1 /eshop/Public/Common/bootstrap3.3.7/css/bootstrap.min.css.map
ERR: 无法加载控制器:Public

[ 2017-05-30T08:51:36+08:00 ] ::1 /eshop/Public/Common/bootstrap3.3.7/css/bootstrap.min.css.map
ERR: Cron:cron Runat 2017-05-30 08:51:36 Use 0.000286 s

[ 2017-05-30T08:51:36+08:00 ] ::1 /eshop/Public/Common/bootstrap3.3.7/css/bootstrap.min.css.map
ERR: 无法加载控制器:Public

[ 2017-05-30T08:52:18+08:00 ] ::1 /eshop/Public/Common/bootstrap3.3.7/css/bootstrap.min.css.map
ERR: Cron:cron Runat 2017-05-30 08:52:18 Use 0.000322 s

[ 2017-05-30T08:52:18+08:00 ] ::1 /eshop/Public/Common/bootstrap3.3.7/css/bootstrap.min.css.map
ERR: 无法加载控制器:Public

[ 2017-05-30T08:52:59+08:00 ] ::1 /eshop/Public/Common/bootstrap3.3.7/css/bootstrap.min.css.map
ERR: Cron:cron Runat 2017-05-30 08:52:59 Use 0.000333 s

[ 2017-05-30T08:52:59+08:00 ] ::1 /eshop/Public/Common/bootstrap3.3.7/css/bootstrap.min.css.map
ERR: 无法加载控制器:Public

[ 2017-05-30T08:53:00+08:00 ] ::1 /eshop/Public/Common/bootstrap3.3.7/css/bootstrap.min.css.map
ERR: 无法加载控制器:Public

[ 2017-05-30T08:53:19+08:00 ] ::1 /eshop/Public/Common/bootstrap3.3.7/css/bootstrap.min.css.map
ERR: 无法加载控制器:Public

[ 2017-05-30T08:53:24+08:00 ] ::1 /eshop/Public/Common/bootstrap3.3.7/css/bootstrap.min.css.map
ERR: Cron:cron Runat 2017-05-30 08:53:24 Use 0.000408 s

[ 2017-05-30T08:53:24+08:00 ] ::1 /eshop/Public/Common/bootstrap3.3.7/css/bootstrap.min.css.map
ERR: 无法加载控制器:Public

[ 2017-05-30T08:53:28+08:00 ] ::1 /eshop/Public/Common/bootstrap3.3.7/css/bootstrap.min.css.map
ERR: 无法加载控制器:Public

[ 2017-05-30T08:53:32+08:00 ] ::1 /eshop/Public/Common/bootstrap3.3.7/css/bootstrap.min.css.map
ERR: Cron:cron Runat 2017-05-30 08:53:32 Use 0.000402 s

[ 2017-05-30T08:53:32+08:00 ] ::1 /eshop/Public/Common/bootstrap3.3.7/css/bootstrap.min.css.map
ERR: 无法加载控制器:Public

[ 2017-05-30T08:54:48+08:00 ] ::1 /eshop/Public/Common/bootstrap3.3.7/css/bootstrap.min.css.map
ERR: 无法加载控制器:Public

[ 2017-05-30T08:54:54+08:00 ] ::1 /eshop/Public/Common/bootstrap3.3.7/css/bootstrap.min.css.map
ERR: Cron:cron Runat 2017-05-30 08:54:54 Use 0.000284 s

[ 2017-05-30T08:54:54+08:00 ] ::1 /eshop/Public/Common/bootstrap3.3.7/css/bootstrap.min.css.map
ERR: 无法加载控制器:Public

[ 2017-05-30T08:55:19+08:00 ] ::1 /eshop/Public/Common/bootstrap3.3.7/css/bootstrap.min.css.map
ERR: 无法加载控制器:Public

[ 2017-05-30T08:57:07+08:00 ] ::1 /eshop/Public/Common/bootstrap3.3.7/css/bootstrap.min.css.map
ERR: Cron:cron Runat 2017-05-30 08:57:07 Use 0.000276 s

[ 2017-05-30T08:57:07+08:00 ] ::1 /eshop/Public/Common/bootstrap3.3.7/css/bootstrap.min.css.map
ERR: 无法加载控制器:Public

[ 2017-05-30T08:57:10+08:00 ] ::1 /eshop/Public/Common/bootstrap3.3.7/css/bootstrap.min.css.map
ERR: Cron:cron Runat 2017-05-30 08:57:10 Use 0.001521 s

[ 2017-05-30T08:57:10+08:00 ] ::1 /eshop/Public/Common/bootstrap3.3.7/css/bootstrap.min.css.map
ERR: 无法加载控制器:Public

[ 2017-05-30T08:58:09+08:00 ] ::1 /eshop/Public/Common/bootstrap3.3.7/css/bootstrap.min.css.map
ERR: 无法加载控制器:Public

[ 2017-05-30T08:58:32+08:00 ] ::1 /eshop/Public/Common/bootstrap3.3.7/css/bootstrap.min.css.map
ERR: 无法加载控制器:Public

[ 2017-05-30T08:58:38+08:00 ] ::1 /eshop/Public/Common/bootstrap3.3.7/css/bootstrap.min.css.map
ERR: Cron:cron Runat 2017-05-30 08:58:38 Use 0.000314 s

[ 2017-05-30T08:58:38+08:00 ] ::1 /eshop/Public/Common/bootstrap3.3.7/css/bootstrap.min.css.map
ERR: 无法加载控制器:Public

[ 2017-05-30T08:58:57+08:00 ] ::1 /eshop/Public/Common/bootstrap3.3.7/css/bootstrap.min.css.map
ERR: Cron:cron Runat 2017-05-30 08:58:57 Use 0.000302 s

[ 2017-05-30T08:58:57+08:00 ] ::1 /eshop/Public/Common/bootstrap3.3.7/css/bootstrap.min.css.map
ERR: 无法加载控制器:Public

[ 2017-05-30T08:59:30+08:00 ] ::1 /eshop/Public/Common/bootstrap3.3.7/css/bootstrap.min.css.map
ERR: 无法加载控制器:Public

[ 2017-05-30T08:59:41+08:00 ] ::1 /eshop/Public/Common/bootstrap3.3.7/css/bootstrap.min.css.map
ERR: 无法加载控制器:Public

[ 2017-05-30T08:59:58+08:00 ] ::1 /eshop/Public/Common/bootstrap3.3.7/css/bootstrap.min.css.map
ERR: 无法加载控制器:Public

[ 2017-05-30T09:00:22+08:00 ] ::1 /eshop/Public/Common/bootstrap3.3.7/css/bootstrap.min.css.map
ERR: 无法加载控制器:Public

[ 2017-05-30T09:00:34+08:00 ] ::1 /eshop/Public/Common/bootstrap3.3.7/css/bootstrap.min.css.map
ERR: Cron:cron Runat 2017-05-30 09:00:34 Use 0.000298 s

[ 2017-05-30T09:00:34+08:00 ] ::1 /eshop/Public/Common/bootstrap3.3.7/css/bootstrap.min.css.map
ERR: 无法加载控制器:Public

[ 2017-05-30T09:01:09+08:00 ] ::1 /eshop/Public/Common/bootstrap3.3.7/css/bootstrap.min.css.map
ERR: 无法加载控制器:Public

[ 2017-05-30T09:01:14+08:00 ] ::1 /eshop/Public/Common/bootstrap3.3.7/css/bootstrap.min.css.map
ERR: Cron:cron Runat 2017-05-30 09:01:14 Use 0.000441 s

[ 2017-05-30T09:01:14+08:00 ] ::1 /eshop/Public/Common/bootstrap3.3.7/css/bootstrap.min.css.map
ERR: 无法加载控制器:Public

[ 2017-05-30T09:01:40+08:00 ] ::1 /eshop/Public/Common/bootstrap3.3.7/css/bootstrap.min.css.map
ERR: 无法加载控制器:Public

[ 2017-05-30T09:01:46+08:00 ] ::1 /eshop/Public/Common/bootstrap3.3.7/css/bootstrap.min.css.map
ERR: Cron:cron Runat 2017-05-30 09:01:46 Use 0.000272 s

[ 2017-05-30T09:01:46+08:00 ] ::1 /eshop/Public/Common/bootstrap3.3.7/css/bootstrap.min.css.map
ERR: 无法加载控制器:Public

[ 2017-05-30T09:01:58+08:00 ] ::1 /eshop/Public/Common/bootstrap3.3.7/css/bootstrap.min.css.map
ERR: 无法加载控制器:Public

[ 2017-05-30T09:02:03+08:00 ] ::1 /eshop/Public/Common/bootstrap3.3.7/css/bootstrap.min.css.map
ERR: Cron:cron Runat 2017-05-30 09:02:03 Use 0.000397 s

[ 2017-05-30T09:02:03+08:00 ] ::1 /eshop/Public/Common/bootstrap3.3.7/css/bootstrap.min.css.map
ERR: 无法加载控制器:Public

[ 2017-05-30T09:02:16+08:00 ] ::1 /eshop/Public/Common/bootstrap3.3.7/css/bootstrap.min.css.map
ERR: 无法加载控制器:Public

[ 2017-05-30T09:02:36+08:00 ] ::1 /eshop/Public/Common/bootstrap3.3.7/css/bootstrap.min.css.map
ERR: Cron:cron Runat 2017-05-30 09:02:36 Use 0.000333 s

[ 2017-05-30T09:02:36+08:00 ] ::1 /eshop/Public/Common/bootstrap3.3.7/css/bootstrap.min.css.map
ERR: 无法加载控制器:Public

[ 2017-05-30T09:02:49+08:00 ] ::1 /eshop/Public/Common/bootstrap3.3.7/css/bootstrap.min.css.map
ERR: Cron:cron Runat 2017-05-30 09:02:49 Use 0.000294 s

[ 2017-05-30T09:02:49+08:00 ] ::1 /eshop/Public/Common/bootstrap3.3.7/css/bootstrap.min.css.map
ERR: 无法加载控制器:Public

[ 2017-05-30T09:04:02+08:00 ] ::1 /eshop/Public/Common/bootstrap3.3.7/css/bootstrap.min.css.map
ERR: 无法加载控制器:Public

[ 2017-05-30T09:04:09+08:00 ] ::1 /eshop/Public/Common/bootstrap3.3.7/css/bootstrap.min.css.map
ERR: Cron:cron Runat 2017-05-30 09:04:09 Use 0.000281 s

[ 2017-05-30T09:04:09+08:00 ] ::1 /eshop/Public/Common/bootstrap3.3.7/css/bootstrap.min.css.map
ERR: 无法加载控制器:Public

[ 2017-05-30T09:04:27+08:00 ] ::1 /eshop/Public/Common/bootstrap3.3.7/css/bootstrap.min.css.map
ERR: 无法加载控制器:Public

[ 2017-05-30T09:04:32+08:00 ] ::1 /eshop/Public/Common/bootstrap3.3.7/css/bootstrap.min.css.map
ERR: Cron:cron Runat 2017-05-30 09:04:32 Use 0.000281 s

[ 2017-05-30T09:04:32+08:00 ] ::1 /eshop/Public/Common/bootstrap3.3.7/css/bootstrap.min.css.map
ERR: 无法加载控制器:Public

[ 2017-05-30T09:06:39+08:00 ] ::1 /eshop/Public/Common/bootstrap3.3.7/css/bootstrap.min.css.map
ERR: 无法加载控制器:Public

[ 2017-05-30T09:06:48+08:00 ] ::1 /eshop/Public/Common/bootstrap3.3.7/css/bootstrap.min.css.map
ERR: Cron:cron Runat 2017-05-30 09:06:48 Use 0.000283 s

[ 2017-05-30T09:06:48+08:00 ] ::1 /eshop/Public/Common/bootstrap3.3.7/css/bootstrap.min.css.map
ERR: 无法加载控制器:Public

[ 2017-05-30T09:07:00+08:00 ] ::1 /eshop/Public/Common/bootstrap3.3.7/css/bootstrap.min.css.map
ERR: 无法加载控制器:Public

[ 2017-05-30T09:07:06+08:00 ] ::1 /eshop/Public/Common/bootstrap3.3.7/css/bootstrap.min.css.map
ERR: Cron:cron Runat 2017-05-30 09:07:06 Use 0.000262 s

[ 2017-05-30T09:07:06+08:00 ] ::1 /eshop/Public/Common/bootstrap3.3.7/css/bootstrap.min.css.map
ERR: 无法加载控制器:Public

[ 2017-05-30T09:07:35+08:00 ] ::1 /eshop/Public/Common/bootstrap3.3.7/css/bootstrap.min.css.map
ERR: 无法加载控制器:Public

[ 2017-05-30T09:07:50+08:00 ] ::1 /eshop/Public/Common/bootstrap3.3.7/css/bootstrap.min.css.map
ERR: Cron:cron Runat 2017-05-30 09:07:50 Use 0.000265 s

[ 2017-05-30T09:07:50+08:00 ] ::1 /eshop/Public/Common/bootstrap3.3.7/css/bootstrap.min.css.map
ERR: 无法加载控制器:Public

[ 2017-05-30T09:08:06+08:00 ] ::1 /eshop/Public/Common/bootstrap3.3.7/css/bootstrap.min.css.map
ERR: Cron:cron Runat 2017-05-30 09:08:06 Use 0.000291 s

[ 2017-05-30T09:08:06+08:00 ] ::1 /eshop/Public/Common/bootstrap3.3.7/css/bootstrap.min.css.map
ERR: 无法加载控制器:Public

[ 2017-05-30T09:08:17+08:00 ] ::1 /eshop/Public/Common/bootstrap3.3.7/css/bootstrap.min.css.map
ERR: Cron:cron Runat 2017-05-30 09:08:17 Use 0.000267 s

[ 2017-05-30T09:08:17+08:00 ] ::1 /eshop/Public/Common/bootstrap3.3.7/css/bootstrap.min.css.map
ERR: 无法加载控制器:Public

[ 2017-05-30T09:10:50+08:00 ] ::1 /eshop/Public/Common/bootstrap3.3.7/css/bootstrap.min.css.map
ERR: 无法加载控制器:Public

[ 2017-05-30T09:11:24+08:00 ] ::1 /eshop/Public/Common/bootstrap3.3.7/css/bootstrap.min.css.map
ERR: Cron:cron Runat 2017-05-30 09:11:24 Use 0.000277 s

[ 2017-05-30T09:11:24+08:00 ] ::1 /eshop/Public/Common/bootstrap3.3.7/css/bootstrap.min.css.map
ERR: 无法加载控制器:Public

[ 2017-05-30T09:11:28+08:00 ] ::1 /eshop/Public/Common/bootstrap3.3.7/css/bootstrap.min.css.map
ERR: Cron:cron Runat 2017-05-30 09:11:28 Use 0.000269 s

[ 2017-05-30T09:11:28+08:00 ] ::1 /eshop/Public/Common/bootstrap3.3.7/css/bootstrap.min.css.map
ERR: 无法加载控制器:Public

[ 2017-05-30T09:13:10+08:00 ] ::1 /eshop/Public/Common/bootstrap3.3.7/css/bootstrap.min.css.map
ERR: 无法加载控制器:Public

[ 2017-05-30T09:13:16+08:00 ] ::1 /eshop/Public/Common/bootstrap3.3.7/css/bootstrap.min.css.map
ERR: Cron:cron Runat 2017-05-30 09:13:16 Use 0.000299 s

[ 2017-05-30T09:13:16+08:00 ] ::1 /eshop/Public/Common/bootstrap3.3.7/css/bootstrap.min.css.map
ERR: 无法加载控制器:Public

[ 2017-05-30T09:14:31+08:00 ] ::1 /eshop/Public/Common/bootstrap3.3.7/css/bootstrap.min.css.map
ERR: 无法加载控制器:Public

[ 2017-05-30T09:14:36+08:00 ] ::1 /eshop/Public/Common/bootstrap3.3.7/css/bootstrap.min.css.map
ERR: Cron:cron Runat 2017-05-30 09:14:36 Use 0.000268 s

[ 2017-05-30T09:14:36+08:00 ] ::1 /eshop/Public/Common/bootstrap3.3.7/css/bootstrap.min.css.map
ERR: 无法加载控制器:Public

[ 2017-05-30T09:15:03+08:00 ] ::1 /eshop/Public/Common/bootstrap3.3.7/css/bootstrap.min.css.map
ERR: 无法加载控制器:Public

[ 2017-05-30T09:19:44+08:00 ] ::1 /eshop/Public/Common/bootstrap3.3.7/css/bootstrap.min.css.map
ERR: Cron:cron Runat 2017-05-30 09:19:44 Use 0.000392 s

[ 2017-05-30T09:19:44+08:00 ] ::1 /eshop/Public/Common/bootstrap3.3.7/css/bootstrap.min.css.map
ERR: 无法加载控制器:Public

[ 2017-05-30T09:20:41+08:00 ] ::1 /eshop/Public/Common/bootstrap3.3.7/css/bootstrap.min.css.map
ERR: Cron:cron Runat 2017-05-30 09:20:41 Use 0.000459 s

[ 2017-05-30T09:20:41+08:00 ] ::1 /eshop/Public/Common/bootstrap3.3.7/css/bootstrap.min.css.map
ERR: 无法加载控制器:Public

[ 2017-05-30T10:23:29+08:00 ] ::1 /eshop/Public/Admin/Js/Common/common.js
ERR: 无法加载控制器:Public

[ 2017-05-30T10:23:29+08:00 ] ::1 /eshop/Public/Admin/Js/Common/common.js
ERR: 无法加载控制器:Public

