[ 2017-04-18T08:56:59+08:00 ] ::1 /eshop/index.php/Home/UserCollection/goods.html
ERR: Cron:cron Runat 2017-04-18 08:56:59 Use 0.000520 s

[ 2017-04-18T08:57:08+08:00 ] ::1 /eshop/index.php/Shop/moreList/shopId/3/scat/1.html
ERR: Cron:cron Runat 2017-04-18 08:57:08 Use 0.000589 s

[ 2017-04-18T08:57:22+08:00 ] ::1 /eshop/index.php/Home/Index/goodsInfo/id/16.html
ERR: Cron:cron Runat 2017-04-18 08:57:22 Use 0.000543 s

[ 2017-04-18T09:00:03+08:00 ] ::1 /eshop/index.php/Home/UserCollection/goods.html
ERR: Cron:cron Runat 2017-04-18 09:00:03 Use 0.000617 s

[ 2017-04-18T09:00:13+08:00 ] ::1 /eshop/index.php/Home/UserCollection/goods.html
ERR: Cron:cron Runat 2017-04-18 09:00:13 Use 0.000546 s

[ 2017-04-18T09:00:36+08:00 ] ::1 /eshop/index.php/Home/UserCollection/shops.html
ERR: Cron:cron Runat 2017-04-18 09:00:36 Use 0.000551 s

[ 2017-04-18T09:01:16+08:00 ] ::1 /eshop/index.php/Home/UserCollection/shops.html
ERR: Cron:cron Runat 2017-04-18 09:01:16 Use 0.000567 s

[ 2017-04-18T09:02:01+08:00 ] ::1 /eshop/index.php/Home/UserCollection/shops.html
ERR: Cron:cron Runat 2017-04-18 09:02:01 Use 0.000491 s

[ 2017-04-18T09:09:24+08:00 ] ::1 /eshop/index.php/Home/UserCollection/goods.html
ERR: Cron:cron Runat 2017-04-18 09:09:24 Use 0.000369 s

[ 2017-04-18T09:10:20+08:00 ] ::1 /eshop/index.php/Home/UserCollection/shops.html
ERR: Cron:cron Runat 2017-04-18 09:10:20 Use 0.000387 s

[ 2017-04-18T09:11:21+08:00 ] ::1 /eshop/index.php/Home/UserCollection/shops.html
ERR: Cron:cron Runat 2017-04-18 09:11:21 Use 0.000295 s

[ 2017-04-18T09:11:24+08:00 ] ::1 /eshop/index.php/Home/UserCollection/goods.html
ERR: Cron:cron Runat 2017-04-18 09:11:24 Use 0.000385 s

[ 2017-04-18T09:13:02+08:00 ] ::1 /eshop/index.php/Home/UserCollection/goods.html
ERR: Cron:cron Runat 2017-04-18 09:13:02 Use 0.000397 s

[ 2017-04-18T09:13:28+08:00 ] ::1 /eshop/index.php/Home/Shop/index/shopId/3.html
ERR: Cron:cron Runat 2017-04-18 09:13:28 Use 0.000381 s

[ 2017-04-18T09:17:02+08:00 ] ::1 /eshop/index.php/Home/UserCollection/shops.html
ERR: Cron:cron Runat 2017-04-18 09:17:02 Use 0.000357 s

[ 2017-04-18T09:18:45+08:00 ] ::1 /eshop/index.php/Home/UserCollection/shops.html
ERR: Cron:cron Runat 2017-04-18 09:18:45 Use 0.000389 s

[ 2017-04-18T09:19:46+08:00 ] ::1 /eshop/index.php/Home/UserCollection/shops.html
ERR: Cron:cron Runat 2017-04-18 09:19:46 Use 0.000378 s

[ 2017-04-18T09:21:08+08:00 ] ::1 /eshop/index.php/Home/UserCollection/shops.html
ERR: Cron:cron Runat 2017-04-18 09:21:08 Use 0.000439 s

[ 2017-04-18T09:21:31+08:00 ] ::1 /eshop/index.php/Home/UserCollection/shops.html
ERR: Cron:cron Runat 2017-04-18 09:21:31 Use 0.000371 s

[ 2017-04-18T09:23:29+08:00 ] ::1 /eshop/index.php/Home/UserCollection/shops.html
ERR: Cron:cron Runat 2017-04-18 09:23:29 Use 0.000351 s

[ 2017-04-18T09:23:38+08:00 ] ::1 /eshop/index.php/Home/UserCollection/shops.html
ERR: Cron:cron Runat 2017-04-18 09:23:38 Use 0.000306 s

[ 2017-04-18T09:26:13+08:00 ] ::1 /eshop/index.php/Home/UserCollection/shops.html
ERR: Cron:cron Runat 2017-04-18 09:26:13 Use 0.000333 s

[ 2017-04-18T09:26:20+08:00 ] ::1 /eshop/index.php/Home/Shop/index/shopId/3.html
ERR: Cron:cron Runat 2017-04-18 09:26:20 Use 0.000334 s

[ 2017-04-18T09:26:24+08:00 ] ::1 /eshop/index.php/Home/Shop/index/shopId/2.html
ERR: Cron:cron Runat 2017-04-18 09:26:24 Use 0.000303 s

[ 2017-04-18T09:26:58+08:00 ] ::1 /eshop/index.php/Home/UserCollection/shops.html
ERR: Cron:cron Runat 2017-04-18 09:26:58 Use 0.000418 s

[ 2017-04-18T09:27:35+08:00 ] ::1 /eshop/index.php/Home/UserCollection/goods.html
ERR: Cron:cron Runat 2017-04-18 09:27:35 Use 0.000394 s

[ 2017-04-18T09:30:37+08:00 ] ::1 /eshop/index.php/Home/UserCollection/goods.html
ERR: Cron:cron Runat 2017-04-18 09:30:37 Use 0.000385 s

[ 2017-04-18T09:30:53+08:00 ] ::1 /eshop/index.php/Home/UserCollection/goods.html
ERR: Cron:cron Runat 2017-04-18 09:30:53 Use 0.000358 s

[ 2017-04-18T09:37:48+08:00 ] ::1 /eshop/index.php/Home/UserCollection/goods.html
ERR: Cron:cron Runat 2017-04-18 09:37:48 Use 0.000395 s

[ 2017-04-18T09:37:52+08:00 ] ::1 /eshop/index.php/Home/UserCollection/shops.html
ERR: Cron:cron Runat 2017-04-18 09:37:52 Use 0.000438 s

[ 2017-04-18T09:38:09+08:00 ] ::1 /eshop/index.php/Home/UserCollection/shops.html
ERR: Cron:cron Runat 2017-04-18 09:38:09 Use 0.000433 s

[ 2017-04-18T09:38:38+08:00 ] ::1 /eshop/index.php/Home/UserCollection/shops.html
ERR: Cron:cron Runat 2017-04-18 09:38:38 Use 0.000252 s

[ 2017-04-18T09:39:00+08:00 ] ::1 /eshop/index.php/Home/UserCollection/shops.html
ERR: Cron:cron Runat 2017-04-18 09:39:00 Use 0.000306 s

[ 2017-04-18T09:39:23+08:00 ] ::1 /eshop/index.php/Home/UserCollection/shops.html
ERR: Cron:cron Runat 2017-04-18 09:39:23 Use 0.000320 s

[ 2017-04-18T09:39:25+08:00 ] ::1 /eshop/index.php/Home/UserCollection/shops.html
ERR: Cron:cron Runat 2017-04-18 09:39:25 Use 0.000393 s

[ 2017-04-18T09:42:13+08:00 ] ::1 /eshop/index.php/Home/UserCollection/shops.html
ERR: Cron:cron Runat 2017-04-18 09:42:13 Use 0.000339 s

[ 2017-04-18T09:42:17+08:00 ] ::1 /eshop/index.php/Home/UserCenter/index.html
ERR: Cron:cron Runat 2017-04-18 09:42:17 Use 0.000392 s

[ 2017-04-18T09:42:30+08:00 ] ::1 /eshop/index.php/Home/UserCollection/shops.html
ERR: Cron:cron Runat 2017-04-18 09:42:30 Use 0.000402 s

[ 2017-04-18T11:34:35+08:00 ] ::1 /eshop/index.php/Home/UserCollection/shops.html
ERR: Cron:cron Runat 2017-04-18 11:34:35 Use 0.003245 s

