[ 2017-06-07T08:37:43+08:00 ] ::1 /eshop/index.php/Home/Shop/index/shopId/3.html
ERR: Cron:cron Runat 2017-06-07 08:37:43 Use 0.015317 s

[ 2017-06-07T08:37:46+08:00 ] ::1 /eshop/index.php/Home/Shop/index/shopId/3.html
ERR: Cron:cron Runat 2017-06-07 08:37:46 Use 0.000587 s

[ 2017-06-07T08:37:56+08:00 ] ::1 /eshop/index.php/Home/ShoppingCart/add.html
ERR: Cron:cron Runat 2017-06-07 08:37:56 Use 0.000540 s

[ 2017-06-07T08:37:56+08:00 ] ::1 /eshop/index.php/Home/ShoppingCart/add.html
INFO: [ app_begin ] --START--
INFO: Run Behavior\ReadHtmlCacheBehavior [ RunTime:0.001418s ]
INFO: Run Behavior\CronRunBehavior [ RunTime:0.020211s ]
INFO: [ app_begin ] --END-- [ RunTime:0.022931s ]
NOTIC: [2048] Declaration of Home\Controller\ShoppingCartController::success() should be compatible with Think\Controller::success($message = '', $jumpUrl = '', $ajax = false) D:\wampserver\wamp\www\eshop\App\Home\Controller\ShoppingCartController.class.php 第 7 行.
NOTIC: [8] Undefined index: good_cart D:\wampserver\wamp\www\eshop\App\Home\Common\function.php 第 294 行.
NOTIC: [8] Undefined index: good_cart D:\wampserver\wamp\www\eshop\App\Home\Common\function.php 第 294 行.
SQL: SHOW COLUMNS FROM `eshop_messages` [ RunTime:0.0115s ]
SQL: SELECT COUNT(*) AS tp_count FROM `eshop_messages` WHERE `status` = 0 AND `receiveId` = null LIMIT 1   [ RunTime:0.0008s ]
SQL: SHOW COLUMNS FROM `eshop_footer_nav` [ RunTime:0.0114s ]
SQL: SELECT f.id,f.name,n.id sid,n.name sname,n.content scontent FROM eshop_footer_nav f INNER JOIN eshop_footer_nav as n on f.id = n.pid   [ RunTime:0.0012s ]
SQL: SHOW COLUMNS FROM `eshop_good` [ RunTime:0.0121s ]
SQL: SELECT `id`,`name`,`shopPrice`,`good_log`,`stock` FROM `eshop_good` WHERE `id` = 17 LIMIT 1   [ RunTime:0.0008s ]
NOTIC: [8] Undefined index: good_cart D:\wampserver\wamp\www\eshop\App\Home\Common\function.php 第 294 行.

[ 2017-06-07T08:38:00+08:00 ] ::1 /eshop/index.php/Home/ShoppingCart/add.html
ERR: Cron:cron Runat 2017-06-07 08:38:00 Use 0.000644 s

[ 2017-06-07T08:38:00+08:00 ] ::1 /eshop/index.php/Home/ShoppingCart/add.html
INFO: [ app_begin ] --START--
INFO: Run Behavior\ReadHtmlCacheBehavior [ RunTime:0.001336s ]
INFO: Run Behavior\CronRunBehavior [ RunTime:0.006202s ]
INFO: [ app_begin ] --END-- [ RunTime:0.008533s ]
NOTIC: [2048] Declaration of Home\Controller\ShoppingCartController::success() should be compatible with Think\Controller::success($message = '', $jumpUrl = '', $ajax = false) D:\wampserver\wamp\www\eshop\App\Home\Controller\ShoppingCartController.class.php 第 7 行.
SQL: SHOW COLUMNS FROM `eshop_messages` [ RunTime:0.0061s ]
SQL: SELECT COUNT(*) AS tp_count FROM `eshop_messages` WHERE `status` = 0 AND `receiveId` = null LIMIT 1   [ RunTime:0.0005s ]
SQL: SHOW COLUMNS FROM `eshop_footer_nav` [ RunTime:0.0060s ]
SQL: SELECT f.id,f.name,n.id sid,n.name sname,n.content scontent FROM eshop_footer_nav f INNER JOIN eshop_footer_nav as n on f.id = n.pid   [ RunTime:0.0006s ]
SQL: SHOW COLUMNS FROM `eshop_good` [ RunTime:0.0067s ]
SQL: SELECT `id`,`name`,`shopPrice`,`good_log`,`stock` FROM `eshop_good` WHERE `id` = 10 LIMIT 1   [ RunTime:0.0005s ]

[ 2017-06-07T08:38:05+08:00 ] ::1 /eshop/index.php/Home/Shoper/index.html
ERR: Cron:cron Runat 2017-06-07 08:38:05 Use 0.001222 s

[ 2017-06-07T08:38:28+08:00 ] ::1 /eshop/index.php/Shoper/checkVerify.html
ERR: Cron:cron Runat 2017-06-07 08:38:28 Use 0.000771 s

[ 2017-06-07T08:38:28+08:00 ] ::1 /eshop/index.php/Shoper/checkVerify.html
INFO: [ app_begin ] --START--
INFO: Run Behavior\ReadHtmlCacheBehavior [ RunTime:0.001284s ]
INFO: Run Behavior\CronRunBehavior [ RunTime:0.007766s ]
INFO: [ app_begin ] --END-- [ RunTime:0.010379s ]
SQL: SHOW COLUMNS FROM `eshop_messages` [ RunTime:0.1377s ]
SQL: SELECT COUNT(*) AS tp_count FROM `eshop_messages` WHERE `status` = 0 AND `receiveId` = null LIMIT 1   [ RunTime:0.0009s ]
SQL: SHOW COLUMNS FROM `eshop_footer_nav` [ RunTime:0.0114s ]
SQL: SELECT f.id,f.name,n.id sid,n.name sname,n.content scontent FROM eshop_footer_nav f INNER JOIN eshop_footer_nav as n on f.id = n.pid   [ RunTime:0.0012s ]
INFO: [ app_end ] --START--
INFO: Run Behavior\ShowPageTraceBehavior [ RunTime:0.002410s ]
INFO: [ app_end ] --END-- [ RunTime:0.002683s ]

[ 2017-06-07T08:38:28+08:00 ] ::1 /eshop/index.php/Shoper/doLogin.html
INFO: [ app_begin ] --START--
INFO: Run Behavior\ReadHtmlCacheBehavior [ RunTime:0.001396s ]
INFO: Run Behavior\CronRunBehavior [ RunTime:0.003676s ]
INFO: [ app_begin ] --END-- [ RunTime:0.006191s ]
SQL: SHOW COLUMNS FROM `eshop_messages` [ RunTime:0.0068s ]
SQL: SELECT COUNT(*) AS tp_count FROM `eshop_messages` WHERE `status` = 0 AND `receiveId` = null LIMIT 1   [ RunTime:0.0006s ]
SQL: SHOW COLUMNS FROM `eshop_footer_nav` [ RunTime:0.0073s ]
SQL: SELECT f.id,f.name,n.id sid,n.name sname,n.content scontent FROM eshop_footer_nav f INNER JOIN eshop_footer_nav as n on f.id = n.pid   [ RunTime:0.0007s ]
SQL: SHOW COLUMNS FROM `eshop_shoper` [ RunTime:0.1815s ]
SQL: SELECT * FROM `eshop_shoper` WHERE `name` = 'admin' LIMIT 1   [ RunTime:0.0036s ]

[ 2017-06-07T08:38:32+08:00 ] ::1 /eshop/index.php/Home/Shoper/index.html
ERR: Cron:cron Runat 2017-06-07 08:38:32 Use 0.000783 s

[ 2017-06-07T08:38:37+08:00 ] ::1 /eshop/index.php/Shoper/verify.html
ERR: Cron:cron Runat 2017-06-07 08:38:37 Use 0.000554 s

[ 2017-06-07T08:38:43+08:00 ] ::1 /eshop/index.php/Shoper/checkVerify.html
ERR: Cron:cron Runat 2017-06-07 08:38:43 Use 0.000528 s

[ 2017-06-07T08:38:43+08:00 ] ::1 /eshop/index.php/Shoper/checkVerify.html
INFO: [ app_begin ] --START--
INFO: Run Behavior\ReadHtmlCacheBehavior [ RunTime:0.001237s ]
INFO: Run Behavior\CronRunBehavior [ RunTime:0.006631s ]
INFO: [ app_begin ] --END-- [ RunTime:0.008891s ]
SQL: SHOW COLUMNS FROM `eshop_messages` [ RunTime:0.0303s ]
SQL: SELECT COUNT(*) AS tp_count FROM `eshop_messages` WHERE `status` = 0 AND `receiveId` = null LIMIT 1   [ RunTime:0.0005s ]
SQL: SHOW COLUMNS FROM `eshop_footer_nav` [ RunTime:0.0063s ]
SQL: SELECT f.id,f.name,n.id sid,n.name sname,n.content scontent FROM eshop_footer_nav f INNER JOIN eshop_footer_nav as n on f.id = n.pid   [ RunTime:0.0007s ]
INFO: [ app_end ] --START--
INFO: Run Behavior\ShowPageTraceBehavior [ RunTime:0.001357s ]
INFO: [ app_end ] --END-- [ RunTime:0.001513s ]

[ 2017-06-07T08:38:43+08:00 ] ::1 /eshop/index.php/Shoper/doLogin.html
INFO: [ app_begin ] --START--
INFO: Run Behavior\ReadHtmlCacheBehavior [ RunTime:0.001267s ]
INFO: Run Behavior\CronRunBehavior [ RunTime:0.003324s ]
INFO: [ app_begin ] --END-- [ RunTime:0.005776s ]
SQL: SHOW COLUMNS FROM `eshop_messages` [ RunTime:0.0062s ]
SQL: SELECT COUNT(*) AS tp_count FROM `eshop_messages` WHERE `status` = 0 AND `receiveId` = null LIMIT 1   [ RunTime:0.0005s ]
SQL: SHOW COLUMNS FROM `eshop_footer_nav` [ RunTime:0.0070s ]
SQL: SELECT f.id,f.name,n.id sid,n.name sname,n.content scontent FROM eshop_footer_nav f INNER JOIN eshop_footer_nav as n on f.id = n.pid   [ RunTime:0.0009s ]
SQL: SHOW COLUMNS FROM `eshop_shoper` [ RunTime:0.0065s ]
SQL: SELECT * FROM `eshop_shoper` WHERE `name` = 'admin' LIMIT 1   [ RunTime:0.0005s ]

[ 2017-06-07T08:38:46+08:00 ] ::1 /eshop/index.php/Home/Shoper/index.html
ERR: Cron:cron Runat 2017-06-07 08:38:46 Use 0.001004 s

[ 2017-06-07T08:38:55+08:00 ] ::1 /eshop/index.php/Shoper/verify.html?0.37034386099282757
ERR: Cron:cron Runat 2017-06-07 08:38:55 Use 0.000979 s

[ 2017-06-07T08:39:04+08:00 ] ::1 /eshop/index.php/Shoper/checkVerify.html
ERR: Cron:cron Runat 2017-06-07 08:39:04 Use 0.000479 s

[ 2017-06-07T08:39:04+08:00 ] ::1 /eshop/index.php/Shoper/checkVerify.html
INFO: [ app_begin ] --START--
INFO: Run Behavior\ReadHtmlCacheBehavior [ RunTime:0.001262s ]
INFO: Run Behavior\CronRunBehavior [ RunTime:0.008941s ]
INFO: [ app_begin ] --END-- [ RunTime:0.011714s ]
SQL: SHOW COLUMNS FROM `eshop_messages` [ RunTime:0.0079s ]
SQL: SELECT COUNT(*) AS tp_count FROM `eshop_messages` WHERE `status` = 0 AND `receiveId` = null LIMIT 1   [ RunTime:0.0005s ]
SQL: SHOW COLUMNS FROM `eshop_footer_nav` [ RunTime:0.0090s ]
SQL: SELECT f.id,f.name,n.id sid,n.name sname,n.content scontent FROM eshop_footer_nav f INNER JOIN eshop_footer_nav as n on f.id = n.pid   [ RunTime:0.0006s ]
INFO: [ app_end ] --START--
INFO: Run Behavior\ShowPageTraceBehavior [ RunTime:0.001252s ]
INFO: [ app_end ] --END-- [ RunTime:0.001398s ]

[ 2017-06-07T08:39:05+08:00 ] ::1 /eshop/index.php/Shoper/doLogin.html
INFO: [ app_begin ] --START--
INFO: Run Behavior\ReadHtmlCacheBehavior [ RunTime:0.001223s ]
INFO: Run Behavior\CronRunBehavior [ RunTime:0.003297s ]
INFO: [ app_begin ] --END-- [ RunTime:0.005578s ]
SQL: SHOW COLUMNS FROM `eshop_messages` [ RunTime:0.0064s ]
SQL: SELECT COUNT(*) AS tp_count FROM `eshop_messages` WHERE `status` = 0 AND `receiveId` = null LIMIT 1   [ RunTime:0.0005s ]
SQL: SHOW COLUMNS FROM `eshop_footer_nav` [ RunTime:0.0066s ]
SQL: SELECT f.id,f.name,n.id sid,n.name sname,n.content scontent FROM eshop_footer_nav f INNER JOIN eshop_footer_nav as n on f.id = n.pid   [ RunTime:0.0007s ]
SQL: SHOW COLUMNS FROM `eshop_shoper` [ RunTime:0.0064s ]
SQL: SELECT * FROM `eshop_shoper` WHERE `name` = 'admin' LIMIT 1   [ RunTime:0.0006s ]

[ 2017-06-07T08:39:08+08:00 ] ::1 /eshop/index.php/Home/Shoper/index.html
ERR: Cron:cron Runat 2017-06-07 08:39:08 Use 0.000579 s

[ 2017-06-07T08:39:10+08:00 ] ::1 /eshop/index.php/Home/User/login.html
ERR: Cron:cron Runat 2017-06-07 08:39:10 Use 0.000626 s

[ 2017-06-07T08:39:18+08:00 ] ::1 /eshop/index.php/User/verify.html?0.8627510216843789
ERR: Cron:cron Runat 2017-06-07 08:39:18 Use 0.000961 s

[ 2017-06-07T08:39:24+08:00 ] ::1 /eshop/index.php/User/checkVerify.html
ERR: Cron:cron Runat 2017-06-07 08:39:24 Use 0.000548 s

[ 2017-06-07T08:39:24+08:00 ] ::1 /eshop/index.php/User/checkVerify.html
INFO: [ app_begin ] --START--
INFO: Run Behavior\ReadHtmlCacheBehavior [ RunTime:0.001507s ]
INFO: Run Behavior\CronRunBehavior [ RunTime:0.006052s ]
INFO: [ app_begin ] --END-- [ RunTime:0.008653s ]
SQL: SHOW COLUMNS FROM `eshop_messages` [ RunTime:0.0897s ]
SQL: SELECT COUNT(*) AS tp_count FROM `eshop_messages` WHERE `status` = 0 AND `receiveId` = null LIMIT 1   [ RunTime:0.0008s ]
SQL: SHOW COLUMNS FROM `eshop_footer_nav` [ RunTime:0.0110s ]
SQL: SELECT f.id,f.name,n.id sid,n.name sname,n.content scontent FROM eshop_footer_nav f INNER JOIN eshop_footer_nav as n on f.id = n.pid   [ RunTime:0.0011s ]
INFO: [ app_end ] --START--
INFO: Run Behavior\ShowPageTraceBehavior [ RunTime:0.002357s ]
INFO: [ app_end ] --END-- [ RunTime:0.002625s ]

[ 2017-06-07T08:39:24+08:00 ] ::1 /eshop/index.php/User/doLogin.html
INFO: [ app_begin ] --START--
INFO: Run Behavior\ReadHtmlCacheBehavior [ RunTime:0.001386s ]
INFO: Run Behavior\CronRunBehavior [ RunTime:0.003670s ]
INFO: [ app_begin ] --END-- [ RunTime:0.006242s ]
SQL: SHOW COLUMNS FROM `eshop_messages` [ RunTime:0.0075s ]
SQL: SELECT COUNT(*) AS tp_count FROM `eshop_messages` WHERE `status` = 0 AND `receiveId` = null LIMIT 1   [ RunTime:0.0005s ]
SQL: SHOW COLUMNS FROM `eshop_footer_nav` [ RunTime:0.0067s ]
SQL: SELECT f.id,f.name,n.id sid,n.name sname,n.content scontent FROM eshop_footer_nav f INNER JOIN eshop_footer_nav as n on f.id = n.pid   [ RunTime:0.0007s ]
SQL: SHOW COLUMNS FROM `eshop_user` [ RunTime:0.1213s ]
SQL: SELECT * FROM `eshop_user` WHERE `name` = 'admin' LIMIT 1   [ RunTime:0.0015s ]

[ 2017-06-07T08:39:35+08:00 ] ::1 /eshop/index.php/User/checkVerify.html
ERR: Cron:cron Runat 2017-06-07 08:39:35 Use 0.000552 s

[ 2017-06-07T08:39:35+08:00 ] ::1 /eshop/index.php/User/checkVerify.html
INFO: [ app_begin ] --START--
INFO: Run Behavior\ReadHtmlCacheBehavior [ RunTime:0.001236s ]
INFO: Run Behavior\CronRunBehavior [ RunTime:0.006151s ]
INFO: [ app_begin ] --END-- [ RunTime:0.008344s ]
SQL: SHOW COLUMNS FROM `eshop_messages` [ RunTime:0.0850s ]
SQL: SELECT COUNT(*) AS tp_count FROM `eshop_messages` WHERE `status` = 0 AND `receiveId` = null LIMIT 1   [ RunTime:0.0008s ]
SQL: SHOW COLUMNS FROM `eshop_footer_nav` [ RunTime:0.0111s ]
SQL: SELECT f.id,f.name,n.id sid,n.name sname,n.content scontent FROM eshop_footer_nav f INNER JOIN eshop_footer_nav as n on f.id = n.pid   [ RunTime:0.0011s ]
INFO: [ app_end ] --START--
INFO: Run Behavior\ShowPageTraceBehavior [ RunTime:0.002432s ]
INFO: [ app_end ] --END-- [ RunTime:0.002733s ]

[ 2017-06-07T08:39:44+08:00 ] ::1 /eshop/index.php/User/verify.html?0.1821399367405927
ERR: Cron:cron Runat 2017-06-07 08:39:44 Use 0.000571 s

[ 2017-06-07T08:39:49+08:00 ] ::1 /eshop/index.php/User/checkVerify.html
ERR: Cron:cron Runat 2017-06-07 08:39:49 Use 0.000951 s

[ 2017-06-07T08:39:49+08:00 ] ::1 /eshop/index.php/User/checkVerify.html
INFO: [ app_begin ] --START--
INFO: Run Behavior\ReadHtmlCacheBehavior [ RunTime:0.002478s ]
INFO: Run Behavior\CronRunBehavior [ RunTime:0.011440s ]
INFO: [ app_begin ] --END-- [ RunTime:0.015629s ]
SQL: SHOW COLUMNS FROM `eshop_messages` [ RunTime:0.0109s ]
SQL: SELECT COUNT(*) AS tp_count FROM `eshop_messages` WHERE `status` = 0 AND `receiveId` = null LIMIT 1   [ RunTime:0.0008s ]
SQL: SHOW COLUMNS FROM `eshop_footer_nav` [ RunTime:0.0111s ]
SQL: SELECT f.id,f.name,n.id sid,n.name sname,n.content scontent FROM eshop_footer_nav f INNER JOIN eshop_footer_nav as n on f.id = n.pid   [ RunTime:0.0011s ]
INFO: [ app_end ] --START--
INFO: Run Behavior\ShowPageTraceBehavior [ RunTime:0.002437s ]
INFO: [ app_end ] --END-- [ RunTime:0.002747s ]

[ 2017-06-07T08:39:50+08:00 ] ::1 /eshop/index.php/User/checkVerify.html
INFO: [ app_begin ] --START--
INFO: Run Behavior\ReadHtmlCacheBehavior [ RunTime:0.001483s ]
INFO: Run Behavior\CronRunBehavior [ RunTime:0.003567s ]
INFO: [ app_begin ] --END-- [ RunTime:0.006248s ]
SQL: SHOW COLUMNS FROM `eshop_messages` [ RunTime:0.0109s ]
SQL: SELECT COUNT(*) AS tp_count FROM `eshop_messages` WHERE `status` = 0 AND `receiveId` = null LIMIT 1   [ RunTime:0.0008s ]
SQL: SHOW COLUMNS FROM `eshop_footer_nav` [ RunTime:0.0111s ]
SQL: SELECT f.id,f.name,n.id sid,n.name sname,n.content scontent FROM eshop_footer_nav f INNER JOIN eshop_footer_nav as n on f.id = n.pid   [ RunTime:0.0013s ]
INFO: [ app_end ] --START--
INFO: Run Behavior\ShowPageTraceBehavior [ RunTime:0.002384s ]
INFO: [ app_end ] --END-- [ RunTime:0.002652s ]

[ 2017-06-07T08:39:50+08:00 ] ::1 /eshop/index.php/User/checkVerify.html
INFO: [ app_begin ] --START--
INFO: Run Behavior\ReadHtmlCacheBehavior [ RunTime:0.002343s ]
INFO: Run Behavior\CronRunBehavior [ RunTime:0.005571s ]
INFO: [ app_begin ] --END-- [ RunTime:0.009930s ]
SQL: SHOW COLUMNS FROM `eshop_messages` [ RunTime:0.0260s ]
SQL: SELECT COUNT(*) AS tp_count FROM `eshop_messages` WHERE `status` = 0 AND `receiveId` = null LIMIT 1   [ RunTime:0.0008s ]
SQL: SHOW COLUMNS FROM `eshop_footer_nav` [ RunTime:0.0113s ]
SQL: SELECT f.id,f.name,n.id sid,n.name sname,n.content scontent FROM eshop_footer_nav f INNER JOIN eshop_footer_nav as n on f.id = n.pid   [ RunTime:0.0011s ]
INFO: [ app_end ] --START--
INFO: Run Behavior\ShowPageTraceBehavior [ RunTime:0.002445s ]
INFO: [ app_end ] --END-- [ RunTime:0.002719s ]

[ 2017-06-07T08:39:50+08:00 ] ::1 /eshop/index.php/User/checkVerify.html
INFO: [ app_begin ] --START--
INFO: Run Behavior\ReadHtmlCacheBehavior [ RunTime:0.002403s ]
INFO: Run Behavior\CronRunBehavior [ RunTime:0.006000s ]
INFO: [ app_begin ] --END-- [ RunTime:0.010361s ]
SQL: SHOW COLUMNS FROM `eshop_messages` [ RunTime:0.0108s ]
SQL: SELECT COUNT(*) AS tp_count FROM `eshop_messages` WHERE `status` = 0 AND `receiveId` = null LIMIT 1   [ RunTime:0.0008s ]
SQL: SHOW COLUMNS FROM `eshop_footer_nav` [ RunTime:0.0111s ]
SQL: SELECT f.id,f.name,n.id sid,n.name sname,n.content scontent FROM eshop_footer_nav f INNER JOIN eshop_footer_nav as n on f.id = n.pid   [ RunTime:0.0011s ]
INFO: [ app_end ] --START--
INFO: Run Behavior\ShowPageTraceBehavior [ RunTime:0.002365s ]
INFO: [ app_end ] --END-- [ RunTime:0.002640s ]

[ 2017-06-07T08:39:51+08:00 ] ::1 /eshop/index.php/User/checkVerify.html
ERR: Cron:cron Runat 2017-06-07 08:39:51 Use 0.001053 s

[ 2017-06-07T08:39:51+08:00 ] ::1 /eshop/index.php/User/checkVerify.html
INFO: [ app_begin ] --START--
INFO: Run Behavior\ReadHtmlCacheBehavior [ RunTime:0.002372s ]
INFO: Run Behavior\CronRunBehavior [ RunTime:0.009886s ]
INFO: [ app_begin ] --END-- [ RunTime:0.014043s ]
SQL: SHOW COLUMNS FROM `eshop_messages` [ RunTime:0.0150s ]
SQL: SELECT COUNT(*) AS tp_count FROM `eshop_messages` WHERE `status` = 0 AND `receiveId` = null LIMIT 1   [ RunTime:0.0008s ]
SQL: SHOW COLUMNS FROM `eshop_footer_nav` [ RunTime:0.0112s ]
SQL: SELECT f.id,f.name,n.id sid,n.name sname,n.content scontent FROM eshop_footer_nav f INNER JOIN eshop_footer_nav as n on f.id = n.pid   [ RunTime:0.0011s ]
INFO: [ app_end ] --START--
INFO: Run Behavior\ShowPageTraceBehavior [ RunTime:0.002704s ]
INFO: [ app_end ] --END-- [ RunTime:0.002979s ]

[ 2017-06-07T08:39:53+08:00 ] ::1 /eshop/index.php/User/doLogin.html
INFO: [ app_begin ] --START--
INFO: Run Behavior\ReadHtmlCacheBehavior [ RunTime:0.001280s ]
INFO: Run Behavior\CronRunBehavior [ RunTime:0.003063s ]
INFO: [ app_begin ] --END-- [ RunTime:0.005629s ]
SQL: SHOW COLUMNS FROM `eshop_messages` [ RunTime:0.0065s ]
SQL: SELECT COUNT(*) AS tp_count FROM `eshop_messages` WHERE `status` = 0 AND `receiveId` = null LIMIT 1   [ RunTime:0.0005s ]
SQL: SHOW COLUMNS FROM `eshop_footer_nav` [ RunTime:0.0060s ]
SQL: SELECT f.id,f.name,n.id sid,n.name sname,n.content scontent FROM eshop_footer_nav f INNER JOIN eshop_footer_nav as n on f.id = n.pid   [ RunTime:0.0007s ]
SQL: SHOW COLUMNS FROM `eshop_user` [ RunTime:0.0063s ]
SQL: SELECT * FROM `eshop_user` WHERE `name` = 'admin' LIMIT 1   [ RunTime:0.0006s ]
SQL: SHOW COLUMNS FROM `eshop_user_log` [ RunTime:0.0709s ]
NOTIC: [2] fopen(D:\wampserver\wamp\www\eshop\ThinkPHP\Library\Org\Net/UTFWry.dat): failed to open stream: No such file or directory D:\wampserver\wamp\www\eshop\ThinkPHP\Library\Org\Net\IpLocation.class.php 第 54 行.
SQL: INSERT INTO `eshop_user_log` (`userId`,`action`,`ip`,`location`,`time`) VALUES ('20','登录','0.0.0.0',NULL,'1496795993') [ RunTime:0.0595s ]
NOTIC: [8] Use of undefined constant data - assumed 'data' D:\wampserver\wamp\www\eshop\App\Home\Common\function.php 第 362 行.
SQL: SHOW COLUMNS FROM `eshop_cart` [ RunTime:0.0552s ]
SQL: SHOW COLUMNS FROM `eshop_good` [ RunTime:0.0112s ]
SQL: SELECT `id`,`name`,`shopPrice`,`good_log`,`stock` FROM `eshop_good` WHERE `id` = 17 LIMIT 1   [ RunTime:0.0008s ]
SQL: SELECT * FROM `eshop_cart` WHERE `goodId` = 17 AND `userId` = 20 LIMIT 1   [ RunTime:0.0008s ]
SQL: INSERT INTO `eshop_cart` (`goodId`,`userId`,`mount`,`time`) VALUES ('17','20','1','1496795993') [ RunTime:0.0463s ]
SQL: SELECT `id`,`name`,`shopPrice`,`good_log`,`stock` FROM `eshop_good` WHERE `id` = 10 LIMIT 1   [ RunTime:0.0008s ]
SQL: SELECT * FROM `eshop_cart` WHERE `goodId` = 10 AND `userId` = 20 LIMIT 1   [ RunTime:0.0154s ]
SQL: INSERT INTO `eshop_cart` (`goodId`,`userId`,`mount`,`time`) VALUES ('10','20','1','1496795993') [ RunTime:0.0469s ]

[ 2017-06-07T08:39:56+08:00 ] ::1 /eshop/index.php/Index/index.html
ERR: Cron:cron Runat 2017-06-07 08:39:56 Use 0.001028 s

[ 2017-06-07T08:40:00+08:00 ] ::1 /eshop/index.php/ShoppingCart/index.html
ERR: Cron:cron Runat 2017-06-07 08:40:00 Use 0.000508 s

[ 2017-06-07T08:42:16+08:00 ] ::1 /eshop/index.php/ShoppingCart/ischecked
ERR: Cron:cron Runat 2017-06-07 08:42:16 Use 0.000560 s

[ 2017-06-07T08:42:16+08:00 ] ::1 /eshop/index.php/ShoppingCart/ischecked
INFO: [ app_begin ] --START--
INFO: Run Behavior\ReadHtmlCacheBehavior [ RunTime:0.001399s ]
INFO: Run Behavior\CronRunBehavior [ RunTime:0.006571s ]
INFO: [ app_begin ] --END-- [ RunTime:0.009190s ]
NOTIC: [2048] Declaration of Home\Controller\ShoppingCartController::success() should be compatible with Think\Controller::success($message = '', $jumpUrl = '', $ajax = false) D:\wampserver\wamp\www\eshop\App\Home\Controller\ShoppingCartController.class.php 第 7 行.
SQL: SHOW COLUMNS FROM `eshop_cart` [ RunTime:0.0065s ]
SQL: SELECT `goodId`,`goodNumber`,`mount`,`name`,`shopPrice`,`good_log` FROM eshop_cart c INNER JOIN eshop_good as g on c.goodId = g.id  WHERE `userId` = '20' ORDER BY c.time desc  [ RunTime:0.0007s ]
SQL: SHOW COLUMNS FROM `eshop_messages` [ RunTime:0.0056s ]
SQL: SELECT COUNT(*) AS tp_count FROM `eshop_messages` WHERE `status` = 0 AND `receiveId` = 20 LIMIT 1   [ RunTime:0.0005s ]
SQL: SHOW COLUMNS FROM `eshop_footer_nav` [ RunTime:0.0065s ]
SQL: SELECT f.id,f.name,n.id sid,n.name sname,n.content scontent FROM eshop_footer_nav f INNER JOIN eshop_footer_nav as n on f.id = n.pid   [ RunTime:0.0006s ]
INFO: [ app_end ] --START--
INFO: Run Behavior\ShowPageTraceBehavior [ RunTime:0.001436s ]
INFO: [ app_end ] --END-- [ RunTime:0.001584s ]

