[ 2017-04-08T09:14:26+08:00 ] ::1 /eshop/index.php/Home/ShopCart/index.html
ERR: Cron:cron Runat 2017-04-08 09:14:26 Use 0.000870 s

[ 2017-04-08T09:14:40+08:00 ] ::1 /eshop/index.php/Home/ShopCart/index.html
ERR: Cron:cron Runat 2017-04-08 09:14:40 Use 0.000458 s

[ 2017-04-08T09:14:45+08:00 ] ::1 /eshop/index.php/Home/ShopCart/index.html
ERR: Cron:cron Runat 2017-04-08 09:14:45 Use 0.000579 s

[ 2017-04-08T09:14:55+08:00 ] ::1 /eshop/index.php/Home/Good/add.html
ERR: Cron:cron Runat 2017-04-08 09:14:55 Use 0.000547 s

[ 2017-04-08T09:14:59+08:00 ] ::1 /eshop/index.php/Good/getShopCart.html
ERR: Cron:cron Runat 2017-04-08 09:14:59 Use 0.000617 s

[ 2017-04-08T09:14:59+08:00 ] ::1 /eshop/index.php/Good/getShopCart.html
INFO: [ app_begin ] --START--
INFO: Run Behavior\ReadHtmlCacheBehavior [ RunTime:0.001388s ]
INFO: Run Behavior\CronRunBehavior [ RunTime:0.007537s ]
INFO: [ app_begin ] --END-- [ RunTime:0.009994s ]
SQL: SHOW COLUMNS FROM `eshop_shop` [ RunTime:0.0117s ]
SQL: SELECT `id` FROM `eshop_shop` WHERE `shoperId` = 13 LIMIT 1   [ RunTime:0.0005s ]
SQL: SELECT * FROM `eshop_shop` WHERE `id` = 3 AND `is_exam` = 1 AND `is_forbid` = 0 AND `is_show` = 1 LIMIT 1   [ RunTime:0.0005s ]
SQL: SHOW COLUMNS FROM `eshop_shop_firstmenu` [ RunTime:0.0102s ]
SQL: SELECT `id`,`name` FROM `eshop_shop_firstmenu` WHERE `shopId` = 3 AND `is_show` = 1  [ RunTime:0.0006s ]
SQL: SHOW COLUMNS FROM `eshop_shop_secondmenu` [ RunTime:0.0068s ]
SQL: SELECT `pid`,`id`,`sname` FROM `eshop_shop_secondmenu` WHERE `pid` IN ('1','5') AND `is_show` = 1  [ RunTime:0.0005s ]
SQL: SHOW COLUMNS FROM `eshop_shop_secondmenu` [ RunTime:0.0069s ]
SQL: SELECT `id`,`sname` FROM `eshop_shop_secondmenu` WHERE `pid` = 1 AND `is_show` = 1  [ RunTime:0.0005s ]

[ 2017-04-08T09:15:03+08:00 ] ::1 /eshop/index.php/Home/ShopCart/index.html
ERR: Cron:cron Runat 2017-04-08 09:15:03 Use 0.000511 s

[ 2017-04-08T09:15:28+08:00 ] ::1 /eshop/index.php/Home/ShopCart/index.html
ERR: Cron:cron Runat 2017-04-08 09:15:28 Use 0.000479 s

[ 2017-04-08T09:15:32+08:00 ] ::1 /eshop/index.php/Home/Good/onsale.html
ERR: Cron:cron Runat 2017-04-08 09:15:32 Use 0.000471 s

[ 2017-04-08T09:15:39+08:00 ] ::1 /eshop/index.php/Home/Good/add.html
ERR: Cron:cron Runat 2017-04-08 09:15:39 Use 0.000498 s

[ 2017-04-08T09:15:43+08:00 ] ::1 /eshop/index.php/Home/ShopCart/index.html
ERR: Cron:cron Runat 2017-04-08 09:15:43 Use 0.000789 s

[ 2017-04-08T09:17:04+08:00 ] ::1 /eshop/index.php/Home/ShopCart/index.html
ERR: Cron:cron Runat 2017-04-08 09:17:04 Use 0.000535 s

[ 2017-04-08T09:17:12+08:00 ] ::1 /eshop/index.php/Home/ShopCart/index.html
ERR: Cron:cron Runat 2017-04-08 09:17:12 Use 0.000699 s

[ 2017-04-08T09:17:22+08:00 ] ::1 /eshop/index.php/Home/Shop/index/shopId/3.html
ERR: Cron:cron Runat 2017-04-08 09:17:22 Use 0.000721 s

[ 2017-04-08T09:20:19+08:00 ] ::1 /eshop/index.php/Home/Shop/index/shopId/3.html
ERR: Cron:cron Runat 2017-04-08 09:20:19 Use 0.000547 s

[ 2017-04-08T09:21:05+08:00 ] ::1 /eshop/index.php/Home/Shop/index/shopId/3.html
ERR: Cron:cron Runat 2017-04-08 09:21:05 Use 0.000629 s

[ 2017-04-08T09:21:07+08:00 ] ::1 /eshop/index.php/Home/Shop/index/shopId/goods_info.html
ERR: Cron:cron Runat 2017-04-08 09:21:07 Use 0.000757 s

[ 2017-04-08T09:21:07+08:00 ] ::1 /eshop/index.php/Home/Shop/index/shopId/goods_info.html
ERR: 页面不存在！

[ 2017-04-08T09:21:11+08:00 ] ::1 /eshop/index.php/Home/Good/onsale.html
ERR: Cron:cron Runat 2017-04-08 09:21:11 Use 0.000580 s

[ 2017-04-08T09:21:14+08:00 ] ::1 /eshop/index.php/Home/Good/info/id/17.html
ERR: Cron:cron Runat 2017-04-08 09:21:14 Use 0.000519 s

[ 2017-04-08T09:22:04+08:00 ] ::1 /eshop/index.php/Home/Good/info/id/17.html
ERR: Cron:cron Runat 2017-04-08 09:22:04 Use 0.000606 s

[ 2017-04-08T09:22:28+08:00 ] ::1 /eshop/index.php/Home/Good/onsale.html
ERR: Cron:cron Runat 2017-04-08 09:22:28 Use 0.000770 s

[ 2017-04-08T09:22:31+08:00 ] ::1 /eshop/index.php/Home/Good/info/id/16.html
ERR: Cron:cron Runat 2017-04-08 09:22:31 Use 0.000567 s

[ 2017-04-08T09:31:54+08:00 ] ::1 /eshop/index.php/Home/Good/onsale.html
ERR: Cron:cron Runat 2017-04-08 09:31:54 Use 0.000548 s

[ 2017-04-08T09:32:22+08:00 ] ::1 /eshop/index.php/Home/Good/onsale.html
ERR: Cron:cron Runat 2017-04-08 09:32:22 Use 0.000494 s

[ 2017-04-08T09:32:24+08:00 ] ::1 /eshop/index.php/Home/Good/info/id/16.html
ERR: Cron:cron Runat 2017-04-08 09:32:24 Use 0.000560 s

[ 2017-04-08T09:33:41+08:00 ] ::1 /eshop/index.php/Home/Good/onsale.html
ERR: Cron:cron Runat 2017-04-08 09:33:41 Use 0.000586 s

[ 2017-04-08T09:33:45+08:00 ] ::1 /eshop/index.php/Home/Good/info/id/16.html
ERR: Cron:cron Runat 2017-04-08 09:33:45 Use 0.000975 s

[ 2017-04-08T09:34:04+08:00 ] ::1 /eshop/index.php/Home/Good/onsale.html
ERR: Cron:cron Runat 2017-04-08 09:34:04 Use 0.000561 s

[ 2017-04-08T09:34:47+08:00 ] ::1 /eshop/index.php/Home/Good/onsale.html
ERR: Cron:cron Runat 2017-04-08 09:34:47 Use 0.000544 s

[ 2017-04-08T09:34:49+08:00 ] ::1 /eshop/index.php/Home/Good/info/id/16.html
ERR: Cron:cron Runat 2017-04-08 09:34:49 Use 0.000488 s

[ 2017-04-08T09:35:05+08:00 ] ::1 /eshop/index.php/Home/Good/info/id/14.html
ERR: Cron:cron Runat 2017-04-08 09:35:05 Use 0.000768 s

[ 2017-04-08T09:36:11+08:00 ] ::1 /eshop/index.php/Home/Good/info/id/14.html
ERR: Cron:cron Runat 2017-04-08 09:36:11 Use 0.000562 s

[ 2017-04-08T09:36:18+08:00 ] ::1 /eshop/index.php/Home/Good/info/id/16.html
ERR: Cron:cron Runat 2017-04-08 09:36:18 Use 0.000593 s

[ 2017-04-08T09:36:21+08:00 ] ::1 /eshop/index.php/Home/Good/onsale.html
ERR: Cron:cron Runat 2017-04-08 09:36:21 Use 0.000686 s

[ 2017-04-08T09:36:26+08:00 ] ::1 /eshop/index.php/Home/Good/info/id/10.html
ERR: Cron:cron Runat 2017-04-08 09:36:26 Use 0.000771 s

[ 2017-04-08T09:50:39+08:00 ] ::1 /eshop/index.php/Home/Good/info/id/10.html
ERR: Cron:cron Runat 2017-04-08 09:50:39 Use 0.000681 s

[ 2017-04-08T09:50:42+08:00 ] ::1 /eshop/index.php/Home/Good/info/id/10.html
ERR: Cron:cron Runat 2017-04-08 09:50:42 Use 0.000451 s

[ 2017-04-08T09:51:07+08:00 ] ::1 /eshop/index.php/Home/Good/info/id/10.html
ERR: Cron:cron Runat 2017-04-08 09:51:07 Use 0.000567 s

[ 2017-04-08T09:51:42+08:00 ] ::1 /eshop/index.php/Home/Good/info/id/10.html
ERR: Cron:cron Runat 2017-04-08 09:51:42 Use 0.000568 s

[ 2017-04-08T09:53:39+08:00 ] ::1 /eshop/index.php/Home/Good/info/id/10.html
ERR: Cron:cron Runat 2017-04-08 09:53:39 Use 0.000574 s

[ 2017-04-08T09:53:45+08:00 ] ::1 /eshop/index.php/Home/Good/onsale.html
ERR: Cron:cron Runat 2017-04-08 09:53:45 Use 0.000604 s

[ 2017-04-08T09:53:47+08:00 ] ::1 /eshop/index.php/Home/Good/info/id/17.html
ERR: Cron:cron Runat 2017-04-08 09:53:47 Use 0.002303 s

[ 2017-04-08T09:56:10+08:00 ] ::1 /eshop/index.php/Home/Good/info/id/17.html
ERR: Cron:cron Runat 2017-04-08 09:56:10 Use 0.000535 s

[ 2017-04-08T09:56:28+08:00 ] ::1 /eshop/index.php/Home/Good/info/id/17.html
ERR: Cron:cron Runat 2017-04-08 09:56:28 Use 0.000521 s

[ 2017-04-08T09:57:09+08:00 ] ::1 /eshop/index.php/Home/Good/info/id/17.html
ERR: Cron:cron Runat 2017-04-08 09:57:09 Use 0.000515 s

[ 2017-04-08T09:57:50+08:00 ] ::1 /eshop/index.php/Home/Good/info/id/17.html
ERR: Cron:cron Runat 2017-04-08 09:57:50 Use 0.000516 s

[ 2017-04-08T09:59:01+08:00 ] ::1 /eshop/index.php/Home/Good/info/id/17.html
ERR: Cron:cron Runat 2017-04-08 09:59:01 Use 0.000503 s

[ 2017-04-08T10:02:44+08:00 ] ::1 /eshop/index.php/Home/Good/info/id/17.html
ERR: Cron:cron Runat 2017-04-08 10:02:44 Use 0.000549 s

[ 2017-04-08T10:05:41+08:00 ] ::1 /eshop/index.php/Home/Good/info/id/17.html
ERR: Cron:cron Runat 2017-04-08 10:05:41 Use 0.000431 s

[ 2017-04-08T10:06:03+08:00 ] ::1 /eshop/index.php/Home/Good/info/id/17.html
ERR: Cron:cron Runat 2017-04-08 10:06:03 Use 0.000542 s

[ 2017-04-08T10:06:40+08:00 ] ::1 /eshop/index.php/Home/Good/info/id/17.html
ERR: Cron:cron Runat 2017-04-08 10:06:40 Use 0.000534 s

[ 2017-04-08T10:06:56+08:00 ] ::1 /eshop/index.php/Home/Good/info/id/17.html
ERR: Cron:cron Runat 2017-04-08 10:06:56 Use 0.001369 s

[ 2017-04-08T10:09:46+08:00 ] ::1 /eshop/index.php/Home/Good/info/id/17.html
ERR: Cron:cron Runat 2017-04-08 10:09:46 Use 0.000452 s

[ 2017-04-08T10:10:08+08:00 ] ::1 /eshop/index.php/Home/Good/info/id/17.html
ERR: Cron:cron Runat 2017-04-08 10:10:08 Use 0.000581 s

[ 2017-04-08T10:15:24+08:00 ] ::1 /eshop/index.php/Home/Good/info/id/17.html
ERR: Cron:cron Runat 2017-04-08 10:15:24 Use 0.000556 s

[ 2017-04-08T10:15:30+08:00 ] ::1 /eshop/index.php/Home/Good/info/id/17.html
ERR: Cron:cron Runat 2017-04-08 10:15:30 Use 0.000494 s

[ 2017-04-08T10:15:48+08:00 ] ::1 /eshop/index.php/Home/Good/info/id/17.html
ERR: Cron:cron Runat 2017-04-08 10:15:48 Use 0.000725 s

[ 2017-04-08T10:16:01+08:00 ] ::1 /eshop/index.php/Home/Good/info/id/17.html
ERR: Cron:cron Runat 2017-04-08 10:16:01 Use 0.000593 s

[ 2017-04-08T10:16:17+08:00 ] ::1 /eshop/index.php/Home/Good/info/id/17.html
ERR: Cron:cron Runat 2017-04-08 10:16:17 Use 0.000596 s

[ 2017-04-08T10:16:41+08:00 ] ::1 /eshop/index.php/Home/Good/info/id/17.html
ERR: Cron:cron Runat 2017-04-08 10:16:41 Use 0.000682 s

[ 2017-04-08T10:16:53+08:00 ] ::1 /eshop/index.php/Home/Good/info/id/17.html
ERR: Cron:cron Runat 2017-04-08 10:16:53 Use 0.000725 s

[ 2017-04-08T10:18:07+08:00 ] ::1 /eshop/index.php/Home/Good/info/id/17.html
ERR: Cron:cron Runat 2017-04-08 10:18:07 Use 0.002141 s

[ 2017-04-08T10:18:19+08:00 ] ::1 /eshop/index.php/Home/Good/info/id/17.html
ERR: Cron:cron Runat 2017-04-08 10:18:19 Use 0.000692 s

[ 2017-04-08T10:18:26+08:00 ] ::1 /eshop/index.php/Home/Good/info/id/17.html
ERR: Cron:cron Runat 2017-04-08 10:18:26 Use 0.000485 s

[ 2017-04-08T10:18:42+08:00 ] ::1 /eshop/index.php/Home/Good/info/id/17.html
ERR: Cron:cron Runat 2017-04-08 10:18:42 Use 0.000477 s

[ 2017-04-08T10:18:57+08:00 ] ::1 /eshop/index.php/Home/Good/info/id/17.html
ERR: Cron:cron Runat 2017-04-08 10:18:57 Use 0.000604 s

[ 2017-04-08T10:19:19+08:00 ] ::1 /eshop/index.php/Home/Good/info/id/17.html
ERR: Cron:cron Runat 2017-04-08 10:19:19 Use 0.000590 s

[ 2017-04-08T10:20:29+08:00 ] ::1 /eshop/index.php/Home/Good/info/id/17.html
ERR: Cron:cron Runat 2017-04-08 10:20:29 Use 0.000590 s

[ 2017-04-08T10:20:42+08:00 ] ::1 /eshop/index.php/Home/Good/info/id/17.html
ERR: Cron:cron Runat 2017-04-08 10:20:42 Use 0.000534 s

[ 2017-04-08T10:20:57+08:00 ] ::1 /eshop/index.php/Home/Good/info/id/17.html
ERR: Cron:cron Runat 2017-04-08 10:20:57 Use 0.000522 s

[ 2017-04-08T10:20:59+08:00 ] ::1 /eshop/index.php/Home/Good/info/id/17.html
ERR: Cron:cron Runat 2017-04-08 10:20:59 Use 0.001184 s

[ 2017-04-08T10:21:27+08:00 ] ::1 /eshop/index.php/Home/Good/info/id/17.html
ERR: Cron:cron Runat 2017-04-08 10:21:27 Use 0.000868 s

[ 2017-04-08T10:21:36+08:00 ] ::1 /eshop/index.php/Home/Good/info/id/17.html
ERR: Cron:cron Runat 2017-04-08 10:21:36 Use 0.000525 s

[ 2017-04-08T10:21:49+08:00 ] ::1 /eshop/index.php/Home/Good/info/id/17.html
ERR: Cron:cron Runat 2017-04-08 10:21:49 Use 0.000601 s

[ 2017-04-08T10:22:15+08:00 ] ::1 /eshop/index.php/Home/Good/info/id/17.html
ERR: Cron:cron Runat 2017-04-08 10:22:15 Use 0.001182 s

[ 2017-04-08T10:25:23+08:00 ] ::1 /eshop/index.php/Home/Shop/index/shopId/3.html
ERR: Cron:cron Runat 2017-04-08 10:25:23 Use 0.000492 s

[ 2017-04-08T10:25:26+08:00 ] ::1 /eshop/index.php/Home/Good/onsale.html
ERR: Cron:cron Runat 2017-04-08 10:25:26 Use 0.000579 s

[ 2017-04-08T10:25:43+08:00 ] ::1 /eshop/index.php/Home/Good/info/id/10.html
ERR: Cron:cron Runat 2017-04-08 10:25:43 Use 0.000505 s

[ 2017-04-08T10:25:46+08:00 ] ::1 /eshop/index.php/Home/Good/info/id/17.html
ERR: Cron:cron Runat 2017-04-08 10:25:46 Use 0.000483 s

[ 2017-04-08T10:26:24+08:00 ] ::1 /eshop/index.php/Home/Good/info/id/17.html
ERR: Cron:cron Runat 2017-04-08 10:26:24 Use 0.000543 s

[ 2017-04-08T10:26:28+08:00 ] ::1 /eshop/index.php/Home/Good/info/id/10.html
ERR: Cron:cron Runat 2017-04-08 10:26:28 Use 0.000582 s

[ 2017-04-08T10:27:33+08:00 ] ::1 /eshop/index.php/Home/Good/onsale.html
ERR: Cron:cron Runat 2017-04-08 10:27:33 Use 0.000810 s

[ 2017-04-08T10:27:35+08:00 ] ::1 /eshop/index.php/Home/Good/info/id/10.html
ERR: Cron:cron Runat 2017-04-08 10:27:35 Use 0.000501 s

[ 2017-04-08T10:27:39+08:00 ] ::1 /eshop/index.php/Home/Good/info/id/13.html
ERR: Cron:cron Runat 2017-04-08 10:27:39 Use 0.000947 s

[ 2017-04-08T10:28:20+08:00 ] ::1 /eshop/index.php/Home/Good/info/id/10.html
ERR: Cron:cron Runat 2017-04-08 10:28:20 Use 0.000849 s

[ 2017-04-08T10:28:23+08:00 ] ::1 /eshop/index.php/Home/Good/info/id/13.html
ERR: Cron:cron Runat 2017-04-08 10:28:23 Use 0.000669 s

[ 2017-04-08T10:28:34+08:00 ] ::1 /eshop/index.php/Home/Good/info/id/13.html
ERR: Cron:cron Runat 2017-04-08 10:28:34 Use 0.000583 s

[ 2017-04-08T10:28:37+08:00 ] ::1 /eshop/index.php/Home/Good/info/id/10.html
ERR: Cron:cron Runat 2017-04-08 10:28:37 Use 0.000580 s

[ 2017-04-08T10:31:06+08:00 ] ::1 /eshop/index.php/Home/Good/illegal.html
ERR: Cron:cron Runat 2017-04-08 10:31:06 Use 0.000527 s

[ 2017-04-08T10:31:10+08:00 ] ::1 /eshop/index.php/Home/Good/onsale.html
ERR: Cron:cron Runat 2017-04-08 10:31:10 Use 0.000544 s

[ 2017-04-08T10:31:43+08:00 ] ::1 /eshop/index.php/Home/Good/onsale.html
ERR: Cron:cron Runat 2017-04-08 10:31:43 Use 0.000767 s

[ 2017-04-08T10:32:05+08:00 ] ::1 /eshop/index.php/Home/Good/onsale.html
ERR: Cron:cron Runat 2017-04-08 10:32:05 Use 0.001072 s

[ 2017-04-08T10:32:08+08:00 ] ::1 /eshop/index.php/Home/Good/info/id/17.html
ERR: Cron:cron Runat 2017-04-08 10:32:08 Use 0.000540 s

[ 2017-04-08T10:32:11+08:00 ] ::1 /eshop/index.php/Home/Good/info/id/10.html
ERR: Cron:cron Runat 2017-04-08 10:32:11 Use 0.000483 s

[ 2017-04-08T10:32:40+08:00 ] ::1 /eshop/index.php/Home/Good/info/id/17.html
ERR: Cron:cron Runat 2017-04-08 10:32:40 Use 0.000923 s

[ 2017-04-08T10:32:45+08:00 ] ::1 /eshop/index.php/Home/Good/info/id/17.html
ERR: Cron:cron Runat 2017-04-08 10:32:45 Use 0.000771 s

[ 2017-04-08T10:32:47+08:00 ] ::1 /eshop/index.php/Home/Good/info/id/17.html
ERR: Cron:cron Runat 2017-04-08 10:32:47 Use 0.000577 s

[ 2017-04-08T10:34:10+08:00 ] ::1 /eshop/index.php/Home/Good/info/id/10.html
ERR: Cron:cron Runat 2017-04-08 10:34:10 Use 0.000616 s

[ 2017-04-08T10:34:14+08:00 ] ::1 /eshop/index.php/Home/Good/info/id/17.html
ERR: Cron:cron Runat 2017-04-08 10:34:14 Use 0.000592 s

[ 2017-04-08T10:34:36+08:00 ] ::1 /eshop/index.php/Home/Good/info/id/17.html
ERR: Cron:cron Runat 2017-04-08 10:34:36 Use 0.000535 s

[ 2017-04-08T10:35:46+08:00 ] ::1 /eshop/index.php/Home/Good/info/id/17.html
ERR: Cron:cron Runat 2017-04-08 10:35:46 Use 0.000590 s

[ 2017-04-08T10:35:51+08:00 ] ::1 /eshop/index.php/Home/Good/onsale.html
ERR: Cron:cron Runat 2017-04-08 10:35:51 Use 0.000581 s

[ 2017-04-08T10:35:53+08:00 ] ::1 /eshop/index.php/Home/Good/info/id/13.html
ERR: Cron:cron Runat 2017-04-08 10:35:53 Use 0.001358 s

[ 2017-04-08T10:36:12+08:00 ] ::1 /eshop/index.php/Home/Good/info/id/13.html
ERR: Cron:cron Runat 2017-04-08 10:36:12 Use 0.000500 s

[ 2017-04-08T10:36:39+08:00 ] ::1 /eshop/index.php/Home/Good/info/id/13.html
ERR: Cron:cron Runat 2017-04-08 10:36:39 Use 0.000554 s

[ 2017-04-08T10:37:00+08:00 ] ::1 /eshop/index.php/Home/Good/info/id/17.html
ERR: Cron:cron Runat 2017-04-08 10:37:00 Use 0.000469 s

[ 2017-04-08T10:37:35+08:00 ] ::1 /eshop/index.php/Home/Good/info/id/13.html
ERR: Cron:cron Runat 2017-04-08 10:37:35 Use 0.000708 s

[ 2017-04-08T10:38:13+08:00 ] ::1 /eshop/index.php/Home/Good/info/id/13.html
ERR: Cron:cron Runat 2017-04-08 10:38:13 Use 0.000592 s

[ 2017-04-08T10:38:26+08:00 ] ::1 /eshop/index.php/Home/Good/info/id/13.html
ERR: Cron:cron Runat 2017-04-08 10:38:26 Use 0.000580 s

[ 2017-04-08T10:38:48+08:00 ] ::1 /eshop/index.php/Home/Good/info/id/13.html
ERR: Cron:cron Runat 2017-04-08 10:38:48 Use 0.000589 s

[ 2017-04-08T10:39:48+08:00 ] ::1 /eshop/index.php/Home/Good/onsale.html
ERR: Cron:cron Runat 2017-04-08 10:39:48 Use 0.000694 s

[ 2017-04-08T10:39:50+08:00 ] ::1 /eshop/index.php/Home/Good/info/id/10.html
ERR: Cron:cron Runat 2017-04-08 10:39:50 Use 0.000714 s

[ 2017-04-08T10:39:53+08:00 ] ::1 /eshop/index.php/Home/Good/info/id/10.html
ERR: Cron:cron Runat 2017-04-08 10:39:53 Use 0.000591 s

[ 2017-04-08T10:39:56+08:00 ] ::1 /eshop/index.php/Home/Good/info/id/10.html
ERR: Cron:cron Runat 2017-04-08 10:39:56 Use 0.000608 s

[ 2017-04-08T10:39:58+08:00 ] ::1 /eshop/index.php/Home/Good/info/id/10.html
ERR: Cron:cron Runat 2017-04-08 10:39:58 Use 0.000597 s

[ 2017-04-08T10:40:02+08:00 ] ::1 /eshop/index.php/Home/Good/info/id/13.html
ERR: Cron:cron Runat 2017-04-08 10:40:02 Use 0.000762 s

[ 2017-04-08T10:40:04+08:00 ] ::1 /eshop/index.php/Home/Good/info/id/13.html
ERR: Cron:cron Runat 2017-04-08 10:40:04 Use 0.000576 s

[ 2017-04-08T10:41:03+08:00 ] ::1 /eshop/index.php/Home/Good/info/id/13.html
ERR: Cron:cron Runat 2017-04-08 10:41:03 Use 0.000472 s

[ 2017-04-08T10:41:06+08:00 ] ::1 /eshop/index.php/Home/Good/info/id/10.html
ERR: Cron:cron Runat 2017-04-08 10:41:06 Use 0.000732 s

[ 2017-04-08T10:41:10+08:00 ] ::1 /eshop/index.php/Home/Good/info/id/10.html
ERR: Cron:cron Runat 2017-04-08 10:41:10 Use 0.000564 s

[ 2017-04-08T10:41:12+08:00 ] ::1 /eshop/index.php/Home/Good/info/id/10.html
ERR: Cron:cron Runat 2017-04-08 10:41:12 Use 0.000526 s

[ 2017-04-08T10:41:17+08:00 ] ::1 /eshop/index.php/Home/Good/onsale.html
ERR: Cron:cron Runat 2017-04-08 10:41:17 Use 0.000590 s

[ 2017-04-08T10:41:19+08:00 ] ::1 /eshop/index.php/Home/Good/info/id/13.html
ERR: Cron:cron Runat 2017-04-08 10:41:19 Use 0.000541 s

[ 2017-04-08T10:41:24+08:00 ] ::1 /eshop/index.php/Home/Good/info/id/14.html
ERR: Cron:cron Runat 2017-04-08 10:41:24 Use 0.001099 s

[ 2017-04-08T10:41:39+08:00 ] ::1 /eshop/index.php/Home/Good/info/id/14.html
ERR: Cron:cron Runat 2017-04-08 10:41:39 Use 0.000548 s

[ 2017-04-08T10:41:41+08:00 ] ::1 /eshop/index.php/Home/Good/info/id/14.html
ERR: Cron:cron Runat 2017-04-08 10:41:41 Use 0.000553 s

[ 2017-04-08T10:41:43+08:00 ] ::1 /eshop/index.php/Home/Good/info/id/14.html
ERR: Cron:cron Runat 2017-04-08 10:41:43 Use 0.000512 s

[ 2017-04-08T10:41:45+08:00 ] ::1 /eshop/index.php/Home/Good/info/id/14.html
ERR: Cron:cron Runat 2017-04-08 10:41:45 Use 0.000588 s

[ 2017-04-08T10:41:47+08:00 ] ::1 /eshop/index.php/Home/Good/info/id/14.html
ERR: Cron:cron Runat 2017-04-08 10:41:47 Use 0.000766 s

[ 2017-04-08T10:41:50+08:00 ] ::1 /eshop/index.php/Home/Good/info/id/13.html
ERR: Cron:cron Runat 2017-04-08 10:41:50 Use 0.000602 s

[ 2017-04-08T10:41:52+08:00 ] ::1 /eshop/index.php/Home/Good/info/id/13.html
ERR: Cron:cron Runat 2017-04-08 10:41:52 Use 0.000688 s

[ 2017-04-08T10:41:54+08:00 ] ::1 /eshop/index.php/Home/Good/info/id/13.html
ERR: Cron:cron Runat 2017-04-08 10:41:54 Use 0.000597 s

[ 2017-04-08T10:42:06+08:00 ] ::1 /eshop/index.php/Home/Good/info/id/10.html
ERR: Cron:cron Runat 2017-04-08 10:42:06 Use 0.000503 s

[ 2017-04-08T10:42:12+08:00 ] ::1 /eshop/index.php/Home/Good/info/id/15.html
ERR: Cron:cron Runat 2017-04-08 10:42:12 Use 0.000954 s

[ 2017-04-08T10:42:17+08:00 ] ::1 /eshop/index.php/Home/Good/info/id/17.html
ERR: Cron:cron Runat 2017-04-08 10:42:17 Use 0.000477 s

[ 2017-04-08T10:42:21+08:00 ] ::1 /eshop/index.php/Home/Good/info/id/17.html
ERR: Cron:cron Runat 2017-04-08 10:42:21 Use 0.000929 s

[ 2017-04-08T10:42:24+08:00 ] ::1 /eshop/index.php/Home/Good/info/id/17.html
ERR: Cron:cron Runat 2017-04-08 10:42:24 Use 0.000626 s

[ 2017-04-08T10:42:40+08:00 ] ::1 /eshop/index.php/Home/Good/info/id/16.html
ERR: Cron:cron Runat 2017-04-08 10:42:40 Use 0.003900 s

[ 2017-04-08T10:43:07+08:00 ] ::1 /eshop/index.php/Home/Good/info/id/15.html
ERR: Cron:cron Runat 2017-04-08 10:43:07 Use 0.000748 s

[ 2017-04-08T10:43:42+08:00 ] ::1 /eshop/index.php/Home/Good/info/id/15.html
ERR: Cron:cron Runat 2017-04-08 10:43:42 Use 0.001063 s

[ 2017-04-08T10:44:21+08:00 ] ::1 /eshop/index.php/Home/Good/onsale.html
ERR: Cron:cron Runat 2017-04-08 10:44:21 Use 0.000634 s

[ 2017-04-08T10:44:37+08:00 ] ::1 /eshop/index.php/Home/Good/onsale.html
ERR: Cron:cron Runat 2017-04-08 10:44:37 Use 0.000527 s

[ 2017-04-08T10:44:39+08:00 ] ::1 /eshop/index.php/Home/Good/info/id/16.html
ERR: Cron:cron Runat 2017-04-08 10:44:39 Use 0.000603 s

[ 2017-04-08T10:44:43+08:00 ] ::1 /eshop/index.php/Home/Good/info/id/16.html
ERR: Cron:cron Runat 2017-04-08 10:44:43 Use 0.000642 s

[ 2017-04-08T10:44:46+08:00 ] ::1 /eshop/index.php/Home/Good/info/id/13.html
ERR: Cron:cron Runat 2017-04-08 10:44:46 Use 0.000717 s

[ 2017-04-08T10:44:49+08:00 ] ::1 /eshop/index.php/Home/Good/info/id/13.html
ERR: Cron:cron Runat 2017-04-08 10:44:49 Use 0.000576 s

[ 2017-04-08T10:44:58+08:00 ] ::1 /eshop/index.php/Home/Good/info/id/17.html
ERR: Cron:cron Runat 2017-04-08 10:44:58 Use 0.000740 s

[ 2017-04-08T10:45:31+08:00 ] ::1 /eshop/index.php/Home/Good/onsale.html
ERR: Cron:cron Runat 2017-04-08 10:45:31 Use 0.000744 s

[ 2017-04-08T10:45:35+08:00 ] ::1 /eshop/index.php/Home/Good/info/id/17.html
ERR: Cron:cron Runat 2017-04-08 10:45:35 Use 0.000534 s

[ 2017-04-08T10:45:38+08:00 ] ::1 /eshop/index.php/Home/Good/info/id/10.html
ERR: Cron:cron Runat 2017-04-08 10:45:38 Use 0.000490 s

[ 2017-04-08T10:45:59+08:00 ] ::1 /eshop/index.php/Home/Good/info/id/10.html
ERR: Cron:cron Runat 2017-04-08 10:45:59 Use 0.000657 s

[ 2017-04-08T10:46:03+08:00 ] ::1 /eshop/index.php/Home/Good/info/id/17.html
ERR: Cron:cron Runat 2017-04-08 10:46:03 Use 0.000590 s

[ 2017-04-08T10:46:14+08:00 ] ::1 /eshop/index.php/Home/Good/info/id/17.html
ERR: Cron:cron Runat 2017-04-08 10:46:14 Use 0.000505 s

[ 2017-04-08T10:46:17+08:00 ] ::1 /eshop/index.php/Home/Good/info/id/10.html
ERR: Cron:cron Runat 2017-04-08 10:46:17 Use 0.000496 s

[ 2017-04-08T10:47:02+08:00 ] ::1 /eshop/index.php/Home/Good/info/id/10.html
ERR: Cron:cron Runat 2017-04-08 10:47:02 Use 0.000612 s

[ 2017-04-08T10:47:23+08:00 ] ::1 /eshop/index.php/Home/Good/info/id/10.html
ERR: Cron:cron Runat 2017-04-08 10:47:23 Use 0.000608 s

[ 2017-04-08T10:47:26+08:00 ] ::1 /eshop/index.php/Home/Good/info/id/17.html
ERR: Cron:cron Runat 2017-04-08 10:47:26 Use 0.000631 s

[ 2017-04-08T10:47:31+08:00 ] ::1 /eshop/index.php/Home/Good/info/id/16.html
ERR: Cron:cron Runat 2017-04-08 10:47:31 Use 0.000712 s

[ 2017-04-08T10:47:47+08:00 ] ::1 /eshop/index.php/Home/Good/info/id/16.html
ERR: Cron:cron Runat 2017-04-08 10:47:47 Use 0.000722 s

[ 2017-04-08T10:47:50+08:00 ] ::1 /eshop/index.php/Home/Good/info/id/10.html
ERR: Cron:cron Runat 2017-04-08 10:47:50 Use 0.000608 s

[ 2017-04-08T10:47:55+08:00 ] ::1 /eshop/index.php/Home/Good/info/id/10.html
ERR: Cron:cron Runat 2017-04-08 10:47:55 Use 0.000568 s

[ 2017-04-08T10:48:05+08:00 ] ::1 /eshop/index.php/Home/Good/info/id/10.html
ERR: Cron:cron Runat 2017-04-08 10:48:05 Use 0.000557 s

[ 2017-04-08T10:48:08+08:00 ] ::1 /eshop/index.php/Home/Good/info/id/16.html
ERR: Cron:cron Runat 2017-04-08 10:48:08 Use 0.001271 s

[ 2017-04-08T10:48:13+08:00 ] ::1 /eshop/index.php/Home/Good/info/id/10.html
ERR: Cron:cron Runat 2017-04-08 10:48:13 Use 0.000868 s

[ 2017-04-08T10:48:26+08:00 ] ::1 /eshop/index.php/Home/Good/info/id/10.html
ERR: Cron:cron Runat 2017-04-08 10:48:26 Use 0.000700 s

[ 2017-04-08T10:48:30+08:00 ] ::1 /eshop/index.php/Home/Good/info/id/16.html
ERR: Cron:cron Runat 2017-04-08 10:48:30 Use 0.000604 s

[ 2017-04-08T10:52:11+08:00 ] ::1 /eshop/index.php/Home/Good/onsale.html
ERR: Cron:cron Runat 2017-04-08 10:52:11 Use 0.000946 s

[ 2017-04-08T10:52:15+08:00 ] ::1 /eshop/index.php/Home/Good/info/id/17.html
ERR: Cron:cron Runat 2017-04-08 10:52:15 Use 0.000840 s

[ 2017-04-08T10:52:19+08:00 ] ::1 /eshop/index.php/Home/Good/info/id/16.html
ERR: Cron:cron Runat 2017-04-08 10:52:19 Use 0.001034 s

[ 2017-04-08T10:52:24+08:00 ] ::1 /eshop/index.php/Home/Good/info/id/14.html
ERR: Cron:cron Runat 2017-04-08 10:52:24 Use 0.001590 s

[ 2017-04-08T10:52:27+08:00 ] ::1 /eshop/index.php/Home/Good/info/id/14.html
ERR: Cron:cron Runat 2017-04-08 10:52:27 Use 0.000897 s

[ 2017-04-08T10:52:30+08:00 ] ::1 /eshop/index.php/Home/Good/info/id/17.html
ERR: Cron:cron Runat 2017-04-08 10:52:30 Use 0.000744 s

[ 2017-04-08T10:52:37+08:00 ] ::1 /eshop/index.php/Home/Good/info/id/14.html
ERR: Cron:cron Runat 2017-04-08 10:52:37 Use 0.000497 s

[ 2017-04-08T10:53:29+08:00 ] ::1 /eshop/index.php/Home/Good/info/id/16.html
ERR: Cron:cron Runat 2017-04-08 10:53:29 Use 0.000507 s

[ 2017-04-08T10:53:35+08:00 ] ::1 /eshop/index.php/Home/Good/info/id/15.html
ERR: Cron:cron Runat 2017-04-08 10:53:35 Use 0.000657 s

[ 2017-04-08T10:53:37+08:00 ] ::1 /eshop/index.php/Home/Good/info/id/17.html
ERR: Cron:cron Runat 2017-04-08 10:53:37 Use 0.000503 s

[ 2017-04-08T10:53:40+08:00 ] ::1 /eshop/index.php/Home/Good/info/id/16.html
ERR: Cron:cron Runat 2017-04-08 10:53:40 Use 0.000717 s

[ 2017-04-08T10:53:44+08:00 ] ::1 /eshop/index.php/Home/Good/info/id/10.html
ERR: Cron:cron Runat 2017-04-08 10:53:44 Use 0.000497 s

[ 2017-04-08T10:53:48+08:00 ] ::1 /eshop/index.php/Home/Good/info/id/13.html
ERR: Cron:cron Runat 2017-04-08 10:53:48 Use 0.000491 s

[ 2017-04-08T10:53:53+08:00 ] ::1 /eshop/index.php/Home/Good/info/id/14.html
ERR: Cron:cron Runat 2017-04-08 10:53:53 Use 0.001109 s

[ 2017-04-08T11:01:00+08:00 ] ::1 /eshop/index.php/Home/Good/onsale.html
ERR: Cron:cron Runat 2017-04-08 11:01:00 Use 0.000549 s

[ 2017-04-08T11:01:04+08:00 ] ::1 /eshop/index.php/Home/Good/info/id/14.html
ERR: Cron:cron Runat 2017-04-08 11:01:04 Use 0.000577 s

[ 2017-04-08T11:01:28+08:00 ] ::1 /eshop/index.php/Home/Good/info/id/14.html
ERR: Cron:cron Runat 2017-04-08 11:01:28 Use 0.000602 s

[ 2017-04-08T11:01:55+08:00 ] ::1 /eshop/index.php/Home/Good/info/id/14.html
ERR: Cron:cron Runat 2017-04-08 11:01:55 Use 0.000577 s

[ 2017-04-08T11:02:22+08:00 ] ::1 /eshop/index.php/Home/Good/info/id/14.html
ERR: Cron:cron Runat 2017-04-08 11:02:22 Use 0.000544 s

[ 2017-04-08T11:02:25+08:00 ] ::1 /eshop/index.php/Home/Good/info/id/14.html
ERR: Cron:cron Runat 2017-04-08 11:02:25 Use 0.000589 s

[ 2017-04-08T11:02:55+08:00 ] ::1 /eshop/index.php/Home/Good/info/id/14.html
ERR: Cron:cron Runat 2017-04-08 11:02:55 Use 0.000624 s

[ 2017-04-08T11:05:51+08:00 ] ::1 /eshop/index.php/Home/Good/info/id/10.html
ERR: Cron:cron Runat 2017-04-08 11:05:51 Use 0.000673 s

[ 2017-04-08T11:12:15+08:00 ] ::1 /eshop/index.php/Home/Good/info/id/10.html
ERR: Cron:cron Runat 2017-04-08 11:12:15 Use 0.000710 s

[ 2017-04-08T11:16:16+08:00 ] ::1 /eshop/index.php/Home/Good/info/id/10.html
ERR: Cron:cron Runat 2017-04-08 11:16:16 Use 0.000544 s

[ 2017-04-08T11:16:48+08:00 ] ::1 /eshop/index.php/Home/Good/info/id/10.html
ERR: Cron:cron Runat 2017-04-08 11:16:48 Use 0.000536 s

[ 2017-04-08T11:18:55+08:00 ] ::1 /eshop/index.php/Home/Good/info/id/10.html
ERR: Cron:cron Runat 2017-04-08 11:18:55 Use 0.000427 s

[ 2017-04-08T11:19:52+08:00 ] ::1 /eshop/index.php/Home/Good/info/id/10.html
ERR: Cron:cron Runat 2017-04-08 11:19:52 Use 0.000470 s

[ 2017-04-08T11:20:12+08:00 ] ::1 /eshop/index.php/Home/Good/info/id/10.html
ERR: Cron:cron Runat 2017-04-08 11:20:12 Use 0.000626 s

[ 2017-04-08T11:21:44+08:00 ] ::1 /eshop/index.php/Home/Good/info/id/10.html
ERR: Cron:cron Runat 2017-04-08 11:21:44 Use 0.000721 s

[ 2017-04-08T11:22:14+08:00 ] ::1 /eshop/index.php/Home/Good/info/id/10.html
ERR: Cron:cron Runat 2017-04-08 11:22:14 Use 0.000505 s

[ 2017-04-08T11:23:06+08:00 ] ::1 /eshop/index.php/Home/Good/info/id/10.html
ERR: Cron:cron Runat 2017-04-08 11:23:06 Use 0.000500 s

[ 2017-04-08T11:23:08+08:00 ] ::1 /eshop/index.php/Home/Good/info/id/10.html
ERR: Cron:cron Runat 2017-04-08 11:23:08 Use 0.000594 s

[ 2017-04-08T11:23:58+08:00 ] ::1 /eshop/index.php/Home/Good/info/id/10.html
ERR: Cron:cron Runat 2017-04-08 11:23:58 Use 0.000612 s

[ 2017-04-08T11:24:52+08:00 ] ::1 /eshop/index.php/Home/Good/info/id/10.html
ERR: Cron:cron Runat 2017-04-08 11:24:52 Use 0.000537 s

[ 2017-04-08T11:26:33+08:00 ] ::1 /eshop/index.php/Home/Good/info/id/10.html
ERR: Cron:cron Runat 2017-04-08 11:26:33 Use 0.000741 s

[ 2017-04-08T11:28:10+08:00 ] ::1 /eshop/index.php/Home/Good/info/id/10.html
ERR: Cron:cron Runat 2017-04-08 11:28:10 Use 0.000489 s

[ 2017-04-08T11:28:56+08:00 ] ::1 /eshop/index.php/Home/Good/info/id/10.html
ERR: Cron:cron Runat 2017-04-08 11:28:56 Use 0.000533 s

[ 2017-04-08T11:29:39+08:00 ] ::1 /eshop/index.php/Home/Good/info/id/10.html
ERR: Cron:cron Runat 2017-04-08 11:29:39 Use 0.000741 s

[ 2017-04-08T11:31:20+08:00 ] ::1 /eshop/index.php/Home/Good/info/id/10.html
ERR: Cron:cron Runat 2017-04-08 11:31:20 Use 0.000775 s

[ 2017-04-08T11:32:19+08:00 ] ::1 /eshop/index.php/Home/Good/info/id/10.html
ERR: Cron:cron Runat 2017-04-08 11:32:19 Use 0.000583 s

[ 2017-04-08T11:33:26+08:00 ] ::1 /eshop/index.php/Home/Good/info/id/10.html
ERR: Cron:cron Runat 2017-04-08 11:33:26 Use 0.000750 s

[ 2017-04-08T11:36:11+08:00 ] ::1 /eshop/index.php/Home/Good/info/id/10.html
ERR: Cron:cron Runat 2017-04-08 11:36:11 Use 0.000366 s

[ 2017-04-08T11:37:13+08:00 ] ::1 /eshop/index.php/Home/Good/info/id/10.html
ERR: Cron:cron Runat 2017-04-08 11:37:13 Use 0.000379 s

[ 2017-04-08T11:38:30+08:00 ] ::1 /eshop/index.php/Home/Good/info/id/10.html
ERR: Cron:cron Runat 2017-04-08 11:38:30 Use 0.000386 s

[ 2017-04-08T11:38:43+08:00 ] ::1 /eshop/index.php/Home/Good/info/id/10.html
ERR: Cron:cron Runat 2017-04-08 11:38:43 Use 0.000681 s

[ 2017-04-08T11:38:57+08:00 ] ::1 /eshop/index.php/Home/Good/info/id/10.html
ERR: Cron:cron Runat 2017-04-08 11:38:57 Use 0.000322 s

[ 2017-04-08T11:42:00+08:00 ] ::1 /eshop/index.php/Home/Good/info/id/10.html
ERR: Cron:cron Runat 2017-04-08 11:42:00 Use 0.000360 s

[ 2017-04-08T11:42:03+08:00 ] ::1 /eshop/index.php/Home/Good/info/id/10.html
ERR: Cron:cron Runat 2017-04-08 11:42:03 Use 0.000317 s

[ 2017-04-08T11:42:08+08:00 ] ::1 /eshop/index.php/Home/Good/onsale.html
ERR: Cron:cron Runat 2017-04-08 11:42:08 Use 0.000392 s

[ 2017-04-08T11:42:14+08:00 ] ::1 /eshop/index.php/Good/changeStatus.html
ERR: Cron:cron Runat 2017-04-08 11:42:14 Use 0.000338 s

[ 2017-04-08T11:42:14+08:00 ] ::1 /eshop/index.php/Good/changeStatus.html
INFO: [ app_begin ] --START--
INFO: Run Behavior\ReadHtmlCacheBehavior [ RunTime:0.000971s ]
INFO: Run Behavior\CronRunBehavior [ RunTime:0.004511s ]
INFO: [ app_begin ] --END-- [ RunTime:0.006182s ]
SQL: SHOW COLUMNS FROM `eshop_shop` [ RunTime:0.0047s ]
SQL: SELECT `id` FROM `eshop_shop` WHERE `shoperId` = 13 LIMIT 1   [ RunTime:0.0004s ]
SQL: SELECT * FROM `eshop_shop` WHERE `id` = 3 AND `is_exam` = 1 AND `is_forbid` = 0 AND `is_show` = 1 LIMIT 1   [ RunTime:0.0003s ]
SQL: SHOW COLUMNS FROM `eshop_shop_firstmenu` [ RunTime:0.0055s ]
SQL: SELECT `id`,`name` FROM `eshop_shop_firstmenu` WHERE `shopId` = 3 AND `is_show` = 1  [ RunTime:0.0004s ]
SQL: SHOW COLUMNS FROM `eshop_shop_secondmenu` [ RunTime:0.0044s ]
SQL: SELECT `pid`,`id`,`sname` FROM `eshop_shop_secondmenu` WHERE `pid` IN ('1','5') AND `is_show` = 1  [ RunTime:0.0004s ]
SQL: SHOW COLUMNS FROM `eshop_good` [ RunTime:0.0054s ]
SQL: UPDATE `eshop_good` SET `status`='0',`modify_recenet`='1491622934' WHERE ( id in (14) ) [ RunTime:0.0946s ]

[ 2017-04-08T11:42:17+08:00 ] ::1 /eshop/index.php/Home/Good/onsale.html
ERR: Cron:cron Runat 2017-04-08 11:42:17 Use 0.000343 s

[ 2017-04-08T11:42:20+08:00 ] ::1 /eshop/index.php/Home/Good/store.html
ERR: Cron:cron Runat 2017-04-08 11:42:20 Use 0.000387 s

[ 2017-04-08T11:42:23+08:00 ] ::1 /eshop/index.php/Home/Good/onsale.html
ERR: Cron:cron Runat 2017-04-08 11:42:23 Use 0.000342 s

[ 2017-04-08T11:42:43+08:00 ] ::1 /eshop/index.php/Home/Good/info/id/10.html
ERR: Cron:cron Runat 2017-04-08 11:42:43 Use 0.000403 s

[ 2017-04-08T11:43:15+08:00 ] ::1 /eshop/index.php/Home/Good/info/id/10.html
ERR: Cron:cron Runat 2017-04-08 11:43:15 Use 0.000380 s

[ 2017-04-08T11:43:40+08:00 ] ::1 /eshop/index.php/Home/Shop/index.html
ERR: Cron:cron Runat 2017-04-08 11:43:40 Use 0.000403 s

[ 2017-04-08T11:43:40+08:00 ] ::1 /eshop/index.php/Home/Shop/index.html
ERR: 页面不存在！

[ 2017-04-08T11:45:29+08:00 ] ::1 /eshop/index.php/Home/Good/info/id/10.html
ERR: Cron:cron Runat 2017-04-08 11:45:29 Use 0.000428 s

[ 2017-04-08T11:45:38+08:00 ] ::1 /eshop/index.php/Home/Good/onsale.html
ERR: Cron:cron Runat 2017-04-08 11:45:38 Use 0.000417 s

[ 2017-04-08T11:45:40+08:00 ] ::1 /eshop/index.php/Home/Good/info/id/10.html
ERR: Cron:cron Runat 2017-04-08 11:45:40 Use 0.000397 s

[ 2017-04-08T11:47:37+08:00 ] ::1 /eshop/index.php/Home/Good/info/id/10.html
ERR: Cron:cron Runat 2017-04-08 11:47:37 Use 0.000394 s

[ 2017-04-08T11:48:14+08:00 ] ::1 /eshop/index.php/Home/Good/onsale.html
ERR: Cron:cron Runat 2017-04-08 11:48:14 Use 0.000427 s

[ 2017-04-08T11:48:17+08:00 ] ::1 /eshop/index.php/Home/ShopManage/index.html
ERR: Cron:cron Runat 2017-04-08 11:48:17 Use 0.000489 s

[ 2017-04-08T11:48:27+08:00 ] ::1 /eshop/index.php/Home/Good/info/id/10.html
ERR: Cron:cron Runat 2017-04-08 11:48:27 Use 0.000310 s

[ 2017-04-08T11:51:02+08:00 ] ::1 /eshop/index.php/Home/Good/info/id/13.html
ERR: Cron:cron Runat 2017-04-08 11:51:02 Use 0.000343 s

[ 2017-04-08T11:58:20+08:00 ] ::1 /eshop/index.php/Home/Good/info/id/13.html
ERR: Cron:cron Runat 2017-04-08 11:58:20 Use 0.000413 s

[ 2017-04-08T11:58:54+08:00 ] ::1 /eshop/index.php/Home/Good/info/id/13.html
ERR: Cron:cron Runat 2017-04-08 11:58:54 Use 0.000396 s

[ 2017-04-08T11:59:28+08:00 ] ::1 /eshop/index.php/Home/Good/info/id/13.html
ERR: Cron:cron Runat 2017-04-08 11:59:28 Use 0.000383 s

[ 2017-04-08T11:59:48+08:00 ] ::1 /eshop/index.php/Home/Good/info/id/13.html
ERR: Cron:cron Runat 2017-04-08 11:59:48 Use 0.000382 s

[ 2017-04-08T12:00:00+08:00 ] ::1 /eshop/index.php/Home/Good/info/id/13.html
ERR: Cron:cron Runat 2017-04-08 12:00:00 Use 0.000295 s

[ 2017-04-08T12:00:20+08:00 ] ::1 /eshop/index.php/Home/Good/info/id/13.html
ERR: Cron:cron Runat 2017-04-08 12:00:20 Use 0.000302 s

[ 2017-04-08T12:00:39+08:00 ] ::1 /eshop/index.php/Home/Shop/index/shopId/3.html
ERR: Cron:cron Runat 2017-04-08 12:00:39 Use 0.000378 s

[ 2017-04-08T12:01:12+08:00 ] ::1 /eshop/index.php/Home/Good/info/id/13.html
ERR: Cron:cron Runat 2017-04-08 12:01:12 Use 0.000367 s

[ 2017-04-08T12:01:18+08:00 ] ::1 /eshop/index.php/Home/Good/info/id/13.html
ERR: Cron:cron Runat 2017-04-08 12:01:18 Use 0.000304 s

[ 2017-04-08T12:01:42+08:00 ] ::1 /eshop/index.php/Home/ShoperCenter/modifyPwd.html
ERR: Cron:cron Runat 2017-04-08 12:01:42 Use 0.000428 s

[ 2017-04-08T12:01:44+08:00 ] ::1 /eshop/index.php/Home/ShoperCenter/security.html
ERR: Cron:cron Runat 2017-04-08 12:01:44 Use 0.000407 s

[ 2017-04-08T12:01:53+08:00 ] ::1 /eshop/index.php/Home/ShoperCenter/security.html
ERR: Cron:cron Runat 2017-04-08 12:01:53 Use 0.000498 s

[ 2017-04-08T12:07:17+08:00 ] ::1 /eshop/index.php/ShoppingCart/index.html
ERR: Cron:cron Runat 2017-04-08 12:07:17 Use 0.000301 s

[ 2017-04-08T12:08:25+08:00 ] ::1 /eshop/index.php/ShoppingCart/index.html
ERR: Cron:cron Runat 2017-04-08 12:08:25 Use 0.000396 s

[ 2017-04-08T12:08:30+08:00 ] ::1 /eshop/index.php/ShoppingCart/shoporders.html
ERR: Cron:cron Runat 2017-04-08 12:08:30 Use 0.000336 s

[ 2017-04-08T12:08:30+08:00 ] ::1 /eshop/index.php/ShoppingCart/shoporders.html
ERR: 非法操作:shoporders

[ 2017-04-08T12:50:36+08:00 ] ::1 /eshop/index.php/Home/Good/info/id/13.html
ERR: Cron:cron Runat 2017-04-08 12:50:36 Use 0.000400 s

[ 2017-04-08T12:50:46+08:00 ] ::1 /eshop/index.php/Home/Good/info/id/13.html
ERR: Cron:cron Runat 2017-04-08 12:50:46 Use 0.000305 s

[ 2017-04-08T12:50:50+08:00 ] ::1 /eshop/index.php/Home/Good/info/id/13.html
ERR: Cron:cron Runat 2017-04-08 12:50:50 Use 0.000531 s

[ 2017-04-08T12:51:19+08:00 ] ::1 /eshop/index.php/Home/Good/onsale.html
ERR: Cron:cron Runat 2017-04-08 12:51:19 Use 0.000522 s

[ 2017-04-08T12:56:07+08:00 ] ::1 /eshop/index.php/Home/Good/info/id/13.html
ERR: Cron:cron Runat 2017-04-08 12:56:07 Use 0.000378 s

[ 2017-04-08T12:59:11+08:00 ] ::1 /eshop/index.php/Home/Good/info/id/13.html
ERR: Cron:cron Runat 2017-04-08 12:59:11 Use 0.000367 s

[ 2017-04-08T13:01:08+08:00 ] ::1 /eshop/index.php/Home/Good/info/id/13.html
ERR: Cron:cron Runat 2017-04-08 13:01:08 Use 0.000398 s

[ 2017-04-08T13:10:16+08:00 ] ::1 /eshop/index.php/Home/Good/info/id/13.html
ERR: Cron:cron Runat 2017-04-08 13:10:16 Use 0.000466 s

[ 2017-04-08T13:12:23+08:00 ] ::1 /eshop/index.php/Home/Good/info/id/13.html
ERR: Cron:cron Runat 2017-04-08 13:12:23 Use 0.000356 s

[ 2017-04-08T13:13:48+08:00 ] ::1 /eshop/index.php/Home/Good/info/id/goods_info.html
ERR: Cron:cron Runat 2017-04-08 13:13:48 Use 0.000331 s

[ 2017-04-08T13:13:48+08:00 ] ::1 /eshop/index.php/Home/Good/info/id/goods_info.html
ERR: 页面不存在！

[ 2017-04-08T13:13:51+08:00 ] ::1 /eshop/index.php/Home/Good/info/id/13.html
ERR: Cron:cron Runat 2017-04-08 13:13:51 Use 0.000335 s

[ 2017-04-08T13:13:56+08:00 ] ::1 /eshop/index.php/Home/Good/info.html
ERR: Cron:cron Runat 2017-04-08 13:13:56 Use 0.000375 s

[ 2017-04-08T13:13:56+08:00 ] ::1 /eshop/index.php/Home/Good/info.html
ERR: 页面不存在！

[ 2017-04-08T13:14:32+08:00 ] ::1 /eshop/index.php/Home/Good/info/id/13.html
ERR: Cron:cron Runat 2017-04-08 13:14:32 Use 0.000398 s

[ 2017-04-08T13:14:35+08:00 ] ::1 /eshop/index.php/Home/Good/info/id/10.html
ERR: Cron:cron Runat 2017-04-08 13:14:35 Use 0.000345 s

[ 2017-04-08T13:14:42+08:00 ] ::1 /eshop/index.php/Home/Good/info/id/13.html
ERR: Cron:cron Runat 2017-04-08 13:14:42 Use 0.000448 s

[ 2017-04-08T13:15:55+08:00 ] ::1 /eshop/index.php/Home/Good/info/id/13.html
ERR: Cron:cron Runat 2017-04-08 13:15:55 Use 0.000393 s

[ 2017-04-08T13:18:32+08:00 ] ::1 /eshop/index.php/Home/Good/info/id/13.html
ERR: Cron:cron Runat 2017-04-08 13:18:32 Use 0.000418 s

[ 2017-04-08T13:19:10+08:00 ] ::1 /eshop/index.php/Home/Good/info/id/13.html
ERR: Cron:cron Runat 2017-04-08 13:19:10 Use 0.000376 s

[ 2017-04-08T13:19:24+08:00 ] ::1 /eshop/index.php/Home/Good/info/id/13.html
ERR: Cron:cron Runat 2017-04-08 13:19:24 Use 0.000346 s

[ 2017-04-08T13:22:30+08:00 ] ::1 /eshop/index.php/Home/Good/info/id/13.html
ERR: Cron:cron Runat 2017-04-08 13:22:30 Use 0.000278 s

[ 2017-04-08T13:22:55+08:00 ] ::1 /eshop/index.php/Home/Good/info/id/13.html
ERR: Cron:cron Runat 2017-04-08 13:22:55 Use 0.000491 s

[ 2017-04-08T13:23:02+08:00 ] ::1 /eshop/index.php/Home/Good/info/id/goods_info.html
ERR: Cron:cron Runat 2017-04-08 13:23:02 Use 0.000340 s

[ 2017-04-08T13:23:02+08:00 ] ::1 /eshop/index.php/Home/Good/info/id/goods_info.html
ERR: 页面不存在！

[ 2017-04-08T13:23:08+08:00 ] ::1 /eshop/index.php/Home/Good/info/id/13.html
ERR: Cron:cron Runat 2017-04-08 13:23:08 Use 0.000382 s

[ 2017-04-08T13:23:59+08:00 ] ::1 /eshop/index.php/Home/Good/info/id/13.html
ERR: Cron:cron Runat 2017-04-08 13:23:59 Use 0.000389 s

[ 2017-04-08T13:24:17+08:00 ] ::1 /eshop/index.php/Home/Good/info/id/13.html
ERR: Cron:cron Runat 2017-04-08 13:24:17 Use 0.000355 s

[ 2017-04-08T13:25:16+08:00 ] ::1 /eshop/index.php/Home/Good/info/id/13.html
ERR: Cron:cron Runat 2017-04-08 13:25:16 Use 0.000368 s

[ 2017-04-08T13:25:24+08:00 ] ::1 /eshop/index.php/Home/Good/info/id/goods_info.html
ERR: Cron:cron Runat 2017-04-08 13:25:24 Use 0.001124 s

[ 2017-04-08T13:25:25+08:00 ] ::1 /eshop/index.php/Home/Good/info/id/goods_info.html
ERR: 页面不存在！

[ 2017-04-08T13:25:29+08:00 ] ::1 /eshop/index.php/Home/Good/info/id/13.html
ERR: Cron:cron Runat 2017-04-08 13:25:29 Use 0.000288 s

[ 2017-04-08T13:26:17+08:00 ] ::1 /eshop/index.php/Home/Shop/index/shopId/3.html
ERR: Cron:cron Runat 2017-04-08 13:26:17 Use 0.000372 s

[ 2017-04-08T13:26:40+08:00 ] ::1 /eshop/index.php/Home/Good/info/id/13.html
ERR: Cron:cron Runat 2017-04-08 13:26:40 Use 0.000398 s

[ 2017-04-08T13:26:48+08:00 ] ::1 /eshop/index.php/Home/Good/info/shopId/3.html
ERR: Cron:cron Runat 2017-04-08 13:26:48 Use 0.000308 s

[ 2017-04-08T13:26:49+08:00 ] ::1 /eshop/index.php/Home/Good/info/shopId/3.html
ERR: 页面不存在！

[ 2017-04-08T13:27:23+08:00 ] ::1 /eshop/index.php/Home/Good/info/id/13.html
ERR: Cron:cron Runat 2017-04-08 13:27:23 Use 0.000352 s

[ 2017-04-08T13:27:29+08:00 ] ::1 /eshop/index.php/Home/Good/info/id/13.html
ERR: Cron:cron Runat 2017-04-08 13:27:29 Use 0.000351 s

[ 2017-04-08T13:27:33+08:00 ] ::1 /eshop/index.php/Home/Shop/index/shopId/3.html
ERR: Cron:cron Runat 2017-04-08 13:27:33 Use 0.000323 s

[ 2017-04-08T13:28:51+08:00 ] ::1 /eshop/index.php/Home/Good/edit/id/13/src/audit.html
ERR: Cron:cron Runat 2017-04-08 13:28:51 Use 0.000386 s

[ 2017-04-08T13:29:42+08:00 ] ::1 /eshop/index.php/Good/goodImgDel.html
ERR: Cron:cron Runat 2017-04-08 13:29:42 Use 0.000292 s

[ 2017-04-08T13:29:42+08:00 ] ::1 /eshop/index.php/Good/goodImgDel.html
INFO: [ app_begin ] --START--
INFO: Run Behavior\ReadHtmlCacheBehavior [ RunTime:0.001043s ]
INFO: Run Behavior\CronRunBehavior [ RunTime:0.004459s ]
INFO: [ app_begin ] --END-- [ RunTime:0.006171s ]
SQL: SHOW COLUMNS FROM `eshop_shop` [ RunTime:0.0047s ]
SQL: SELECT `id` FROM `eshop_shop` WHERE `shoperId` = 13 LIMIT 1   [ RunTime:0.0003s ]
SQL: SELECT * FROM `eshop_shop` WHERE `id` = 3 AND `is_exam` = 1 AND `is_forbid` = 0 AND `is_show` = 1 LIMIT 1   [ RunTime:0.0003s ]
SQL: SHOW COLUMNS FROM `eshop_shop_firstmenu` [ RunTime:0.0228s ]
SQL: SELECT `id`,`name` FROM `eshop_shop_firstmenu` WHERE `shopId` = 3 AND `is_show` = 1  [ RunTime:0.0003s ]
SQL: SHOW COLUMNS FROM `eshop_shop_secondmenu` [ RunTime:0.0046s ]
SQL: SELECT `pid`,`id`,`sname` FROM `eshop_shop_secondmenu` WHERE `pid` IN ('1','5') AND `is_show` = 1  [ RunTime:0.0004s ]
SQL: SHOW COLUMNS FROM `eshop_goodimg` [ RunTime:0.0049s ]
SQL: SELECT `img`,`thumb_img` FROM `eshop_goodimg` WHERE `id` = 4 LIMIT 1   [ RunTime:0.0004s ]
SQL: DELETE FROM `eshop_goodimg` WHERE `id` = 4 [ RunTime:0.1184s ]
NOTIC: [2] closedir() expects parameter 1 to be resource, string given D:\wampserver\wamp\www\eshop\App\Common\Common\function.php 第 98 行.
NOTIC: [2] closedir() expects parameter 1 to be resource, string given D:\wampserver\wamp\www\eshop\App\Common\Common\function.php 第 98 行.
NOTIC: [2] closedir() expects parameter 1 to be resource, string given D:\wampserver\wamp\www\eshop\App\Common\Common\function.php 第 98 行.
NOTIC: [2] closedir() expects parameter 1 to be resource, string given D:\wampserver\wamp\www\eshop\App\Common\Common\function.php 第 98 行.
NOTIC: [2] closedir() expects parameter 1 to be resource, string given D:\wampserver\wamp\www\eshop\App\Common\Common\function.php 第 98 行.
NOTIC: [2] closedir() expects parameter 1 to be resource, string given D:\wampserver\wamp\www\eshop\App\Common\Common\function.php 第 98 行.

[ 2017-04-08T13:29:45+08:00 ] ::1 /eshop/index.php/Good/goodImgDel.html
ERR: Cron:cron Runat 2017-04-08 13:29:45 Use 0.000399 s

[ 2017-04-08T13:29:45+08:00 ] ::1 /eshop/index.php/Good/goodImgDel.html
INFO: [ app_begin ] --START--
INFO: Run Behavior\ReadHtmlCacheBehavior [ RunTime:0.000822s ]
INFO: Run Behavior\CronRunBehavior [ RunTime:0.003842s ]
INFO: [ app_begin ] --END-- [ RunTime:0.005382s ]
SQL: SHOW COLUMNS FROM `eshop_shop` [ RunTime:0.0049s ]
SQL: SELECT `id` FROM `eshop_shop` WHERE `shoperId` = 13 LIMIT 1   [ RunTime:0.0004s ]
SQL: SELECT * FROM `eshop_shop` WHERE `id` = 3 AND `is_exam` = 1 AND `is_forbid` = 0 AND `is_show` = 1 LIMIT 1   [ RunTime:0.0003s ]
SQL: SHOW COLUMNS FROM `eshop_shop_firstmenu` [ RunTime:0.0050s ]
SQL: SELECT `id`,`name` FROM `eshop_shop_firstmenu` WHERE `shopId` = 3 AND `is_show` = 1  [ RunTime:0.0004s ]
SQL: SHOW COLUMNS FROM `eshop_shop_secondmenu` [ RunTime:0.0057s ]
SQL: SELECT `pid`,`id`,`sname` FROM `eshop_shop_secondmenu` WHERE `pid` IN ('1','5') AND `is_show` = 1  [ RunTime:0.0004s ]
SQL: SHOW COLUMNS FROM `eshop_goodimg` [ RunTime:0.0049s ]
SQL: SELECT `img`,`thumb_img` FROM `eshop_goodimg` WHERE `id` = 3 LIMIT 1   [ RunTime:0.0003s ]
SQL: DELETE FROM `eshop_goodimg` WHERE `id` = 3 [ RunTime:0.1036s ]
NOTIC: [2] closedir() expects parameter 1 to be resource, string given D:\wampserver\wamp\www\eshop\App\Common\Common\function.php 第 98 行.
NOTIC: [2] closedir() expects parameter 1 to be resource, string given D:\wampserver\wamp\www\eshop\App\Common\Common\function.php 第 98 行.
NOTIC: [2] closedir() expects parameter 1 to be resource, string given D:\wampserver\wamp\www\eshop\App\Common\Common\function.php 第 98 行.
NOTIC: [2] closedir() expects parameter 1 to be resource, string given D:\wampserver\wamp\www\eshop\App\Common\Common\function.php 第 98 行.
NOTIC: [2] closedir() expects parameter 1 to be resource, string given D:\wampserver\wamp\www\eshop\App\Common\Common\function.php 第 98 行.
NOTIC: [2] closedir() expects parameter 1 to be resource, string given D:\wampserver\wamp\www\eshop\App\Common\Common\function.php 第 98 行.

[ 2017-04-08T13:30:12+08:00 ] ::1 /eshop/index.php/Good/goodImg.html
ERR: Cron:cron Runat 2017-04-08 13:30:12 Use 0.000294 s

[ 2017-04-08T13:30:18+08:00 ] ::1 /eshop/index.php/Good/eidtSave.html
ERR: Cron:cron Runat 2017-04-08 13:30:18 Use 0.000345 s

[ 2017-04-08T13:30:18+08:00 ] ::1 /eshop/index.php/Good/eidtSave.html
INFO: [ app_begin ] --START--
INFO: Run Behavior\ReadHtmlCacheBehavior [ RunTime:0.000842s ]
INFO: Run Behavior\CronRunBehavior [ RunTime:0.004340s ]
INFO: [ app_begin ] --END-- [ RunTime:0.005875s ]
SQL: SHOW COLUMNS FROM `eshop_shop` [ RunTime:0.0048s ]
SQL: SELECT `id` FROM `eshop_shop` WHERE `shoperId` = 13 LIMIT 1   [ RunTime:0.0003s ]
SQL: SELECT * FROM `eshop_shop` WHERE `id` = 3 AND `is_exam` = 1 AND `is_forbid` = 0 AND `is_show` = 1 LIMIT 1   [ RunTime:0.0003s ]
SQL: SHOW COLUMNS FROM `eshop_shop_firstmenu` [ RunTime:0.0056s ]
SQL: SELECT `id`,`name` FROM `eshop_shop_firstmenu` WHERE `shopId` = 3 AND `is_show` = 1  [ RunTime:0.0004s ]
SQL: SHOW COLUMNS FROM `eshop_shop_secondmenu` [ RunTime:0.0051s ]
SQL: SELECT `pid`,`id`,`sname` FROM `eshop_shop_secondmenu` WHERE `pid` IN ('1','5') AND `is_show` = 1  [ RunTime:0.0005s ]
NOTIC: [2] call_user_func() expects parameter 1 to be a valid callback, no array or string given D:\wampserver\wamp\www\eshop\ThinkPHP\Library\Think\Upload.class.php 第 170 行.
SQL: SHOW COLUMNS FROM `eshop_good` [ RunTime:0.0060s ]
SQL: SELECT `good_log` FROM `eshop_good` WHERE `id` = 13 LIMIT 1   [ RunTime:0.0003s ]
SQL: SHOW COLUMNS FROM `eshop_goodnav` [ RunTime:0.0050s ]
SQL: SHOW COLUMNS FROM `eshop_goodservice` [ RunTime:0.0053s ]
SQL: SHOW COLUMNS FROM `eshop_goodinfo` [ RunTime:0.0053s ]
NOTIC: [8] Undefined index: validate D:\wampserver\wamp\www\eshop\ThinkPHP\Library\Think\Model.class.php 第 1185 行.
NOTIC: [8] Undefined index: auto D:\wampserver\wamp\www\eshop\ThinkPHP\Library\Think\Model.class.php 第 1128 行.
SQL: UPDATE `eshop_good` SET `marketPrice`='2.50',`shopPrice`='1.20',`stock`='170',`place`='湖南邵阳',`status`='1',`good_log`='Uploads/Shops/logo/2017-04-08/thumb_58e8756a1e8b5.jpg',`name`='玉米',`stock_warning`='120',`is_recomend`='1',`is_hot`='1',`is_new`='0',`time`='1491629418',`modify_recenet`='1491629418' WHERE `id` = 13 [ RunTime:0.0314s ]
SQL: SET FOREIGN_KEY_CHECKS = 0 [ RunTime:0.0034s ]
SQL: UPDATE `eshop_goodnav` SET `w_fid`='1',`w_sid`='1',`w_tid`='1',`s_fid`='1',`s_sid`='1',`modify_time`='1491629418' WHERE `goodId` = 13 [ RunTime:0.0005s ]
SQL: SET FOREIGN_KEY_CHECKS = 1 [ RunTime:0.0002s ]
SQL: UPDATE `eshop_goodservice` SET `content`='&lt;p&gt;玉米很好吃，营养丰富，无公害，假一罚十。&lt;br/&gt;&lt;/p&gt;',`modify_time`='1491629418' WHERE `goodId` = 13 [ RunTime:0.0003s ]
SQL: SELECT * FROM `eshop_goodinfo` WHERE `goodId` = 13 AND `lableId` = 1 LIMIT 1   [ RunTime:0.0318s ]
SQL: UPDATE `eshop_goodinfo` SET `lableContent`='12年' WHERE `goodId` = 13 AND `lableId` = 1 [ RunTime:0.0077s ]
SQL: SELECT * FROM `eshop_goodinfo` WHERE `goodId` = 13 AND `lableId` = 2 LIMIT 1   [ RunTime:0.0006s ]
SQL: UPDATE `eshop_goodinfo` SET `lableContent`='密封，禁潮湿' WHERE `goodId` = 13 AND `lableId` = 2 [ RunTime:0.0004s ]
SQL: SELECT * FROM `eshop_goodinfo` WHERE `goodId` = 13 AND `lableId` = 3 LIMIT 1   [ RunTime:0.0005s ]
SQL: UPDATE `eshop_goodinfo` SET `lableContent`='大玉米' WHERE `goodId` = 13 AND `lableId` = 3 [ RunTime:0.0004s ]
SQL: SELECT * FROM `eshop_goodinfo` WHERE `goodId` = 13 AND `lableId` = 4 LIMIT 1   [ RunTime:0.0005s ]
SQL: UPDATE `eshop_goodinfo` SET `lableContent`='2017-03-01' WHERE `goodId` = 13 AND `lableId` = 4 [ RunTime:0.0005s ]
SQL: SELECT * FROM `eshop_goodinfo` WHERE `goodId` = 13 AND `lableId` = 5 LIMIT 1   [ RunTime:0.0004s ]
SQL: UPDATE `eshop_goodinfo` SET `lableContent`='12' WHERE `goodId` = 13 AND `lableId` = 5 [ RunTime:0.0004s ]
SQL: SELECT * FROM `eshop_goodinfo` WHERE `goodId` = 13 AND `lableId` = 6 LIMIT 1   [ RunTime:0.0006s ]
SQL: UPDATE `eshop_goodinfo` SET `lableContent`='冷藏' WHERE `goodId` = 13 AND `lableId` = 6 [ RunTime:0.0004s ]
SQL: SELECT * FROM `eshop_goodinfo` WHERE `goodId` = 13 AND `lableId` = 7 LIMIT 1   [ RunTime:0.0003s ]
SQL: UPDATE `eshop_goodinfo` SET `lableContent`='0' WHERE `goodId` = 13 AND `lableId` = 7 [ RunTime:0.0003s ]
SQL: SELECT * FROM `eshop_goodinfo` WHERE `goodId` = 13 AND `lableId` = 8 LIMIT 1   [ RunTime:0.0003s ]
SQL: UPDATE `eshop_goodinfo` SET `lableContent`='1' WHERE `goodId` = 13 AND `lableId` = 8 [ RunTime:0.0005s ]
SQL: SELECT * FROM `eshop_goodinfo` WHERE `goodId` = 13 AND `lableId` = 9 LIMIT 1   [ RunTime:0.0004s ]
SQL: UPDATE `eshop_goodinfo` SET `lableContent`='包邮' WHERE `goodId` = 13 AND `lableId` = 9 [ RunTime:0.0004s ]
SQL: SHOW COLUMNS FROM `eshop_goodimg` [ RunTime:0.0050s ]
SQL: INSERT INTO `eshop_goodimg` (`goodId`,`img`,`thumb_img`,`createtime`) VALUES ('13','Uploads/Shops/goods/2017-04-08/58e87564cf4dc.jpg','Uploads/Shops/goods/2017-04-08/thumb150_58e87564cf4dc.jpg','1491629418') [ RunTime:0.0083s ]
NOTIC: [2] unlink(Uploads/Shops/logo/2017-03-03/thumb_58b8cc223e8d2.jpg): No such file or directory D:\wampserver\wamp\www\eshop\App\Home\Controller\GoodController.class.php 第 289 行.

[ 2017-04-08T13:34:42+08:00 ] ::1 /eshop/index.php/Home/Good/edit/id/13/src/audit.html
ERR: Cron:cron Runat 2017-04-08 13:34:42 Use 0.000395 s

[ 2017-04-08T13:34:52+08:00 ] ::1 /eshop/index.php/Good/getWebCart.html
ERR: Cron:cron Runat 2017-04-08 13:34:52 Use 0.000338 s

[ 2017-04-08T13:34:52+08:00 ] ::1 /eshop/index.php/Good/getWebCart.html
INFO: [ app_begin ] --START--
INFO: Run Behavior\ReadHtmlCacheBehavior [ RunTime:0.000844s ]
INFO: Run Behavior\CronRunBehavior [ RunTime:0.015810s ]
INFO: [ app_begin ] --END-- [ RunTime:0.017421s ]
SQL: SHOW COLUMNS FROM `eshop_shop` [ RunTime:0.0047s ]
SQL: SELECT `id` FROM `eshop_shop` WHERE `shoperId` = 13 LIMIT 1   [ RunTime:0.0003s ]
SQL: SELECT * FROM `eshop_shop` WHERE `id` = 3 AND `is_exam` = 1 AND `is_forbid` = 0 AND `is_show` = 1 LIMIT 1   [ RunTime:0.0003s ]
SQL: SHOW COLUMNS FROM `eshop_shop_firstmenu` [ RunTime:0.0045s ]
SQL: SELECT `id`,`name` FROM `eshop_shop_firstmenu` WHERE `shopId` = 3 AND `is_show` = 1  [ RunTime:0.0003s ]
SQL: SHOW COLUMNS FROM `eshop_shop_secondmenu` [ RunTime:0.0040s ]
SQL: SELECT `pid`,`id`,`sname` FROM `eshop_shop_secondmenu` WHERE `pid` IN ('1','5') AND `is_show` = 1  [ RunTime:0.0004s ]
SQL: SHOW COLUMNS FROM `eshop_secondmenu` [ RunTime:0.0052s ]
SQL: SELECT `id`,`name` FROM `eshop_secondmenu` WHERE `pid` = 2 AND `is_show` = 1  [ RunTime:0.0005s ]

[ 2017-04-08T13:35:00+08:00 ] ::1 /eshop/index.php/Home/Good/edit/id/13/src/audit.html
ERR: Cron:cron Runat 2017-04-08 13:35:00 Use 0.000281 s

[ 2017-04-08T13:35:27+08:00 ] ::1 /eshop/index.php/Home/Good/edit/id/13/src/audit.html
ERR: Cron:cron Runat 2017-04-08 13:35:27 Use 0.000659 s

[ 2017-04-08T13:35:29+08:00 ] ::1 /eshop/index.php/Home/Good/info/id/13.html
ERR: Cron:cron Runat 2017-04-08 13:35:29 Use 0.000391 s

[ 2017-04-08T13:36:00+08:00 ] ::1 /eshop/index.php/Home/Index/index.html
ERR: Cron:cron Runat 2017-04-08 13:36:00 Use 0.000413 s

[ 2017-04-08T13:36:05+08:00 ] ::1 /eshop/index.php/Home/Good/info/id/13.html
ERR: Cron:cron Runat 2017-04-08 13:36:05 Use 0.000405 s

[ 2017-04-08T13:37:08+08:00 ] ::1 /eshop/index.php/Home/Shop/index/shopId/3.html
ERR: Cron:cron Runat 2017-04-08 13:37:08 Use 0.000448 s

[ 2017-04-08T13:39:15+08:00 ] ::1 /eshop/index.php/Home/Good/info/id/13.html
ERR: Cron:cron Runat 2017-04-08 13:39:15 Use 0.000650 s

[ 2017-04-08T13:39:33+08:00 ] ::1 /eshop/index.php/Home/Shop/index/shopId/3.html
ERR: Cron:cron Runat 2017-04-08 13:39:33 Use 0.000487 s

[ 2017-04-08T13:39:37+08:00 ] ::1 /eshop/index.php/Home/Shop/index/shopId/3.html
ERR: Cron:cron Runat 2017-04-08 13:39:37 Use 0.000290 s

[ 2017-04-08T13:40:13+08:00 ] ::1 /eshop/index.php/Home/Good/info/id/13.html
ERR: Cron:cron Runat 2017-04-08 13:40:13 Use 0.000434 s

[ 2017-04-08T13:43:40+08:00 ] ::1 /eshop/index.php/Home/Good/info/id/13.html
ERR: Cron:cron Runat 2017-04-08 13:43:40 Use 0.000394 s

[ 2017-04-08T13:43:53+08:00 ] ::1 /eshop/index.php/Home/Good/info/id/13.html
ERR: Cron:cron Runat 2017-04-08 13:43:53 Use 0.000311 s

[ 2017-04-08T13:44:14+08:00 ] ::1 /eshop/index.php/Home/Good/info/id/13.html
ERR: Cron:cron Runat 2017-04-08 13:44:14 Use 0.000362 s

[ 2017-04-08T13:46:31+08:00 ] ::1 /eshop/index.php/Home/Good/info/id/13.html
ERR: Cron:cron Runat 2017-04-08 13:46:31 Use 0.000316 s

[ 2017-04-08T13:48:29+08:00 ] ::1 /eshop/index.php/Home/Good/info/id/13.html
ERR: Cron:cron Runat 2017-04-08 13:48:29 Use 0.000316 s

[ 2017-04-08T13:49:22+08:00 ] ::1 /eshop/index.php/Home/Good/info/id/13.html
ERR: Cron:cron Runat 2017-04-08 13:49:22 Use 0.000371 s

[ 2017-04-08T13:49:34+08:00 ] ::1 /eshop/index.php/Home/Good/info/id/13.html
ERR: Cron:cron Runat 2017-04-08 13:49:34 Use 0.000328 s

[ 2017-04-08T13:51:07+08:00 ] ::1 /eshop/index.php/Home/Good/info/id/13.html
ERR: Cron:cron Runat 2017-04-08 13:51:07 Use 0.000364 s

[ 2017-04-08T13:52:09+08:00 ] ::1 /eshop/index.php/Home/Shop/index/shopId/3.html
ERR: Cron:cron Runat 2017-04-08 13:52:09 Use 0.000447 s

[ 2017-04-08T13:52:41+08:00 ] ::1 /eshop/index.php/Home/Good/info/id/13.html
ERR: Cron:cron Runat 2017-04-08 13:52:41 Use 0.000394 s

[ 2017-04-08T13:52:53+08:00 ] ::1 /eshop/index.php/Home/Good/info/id/13.html
ERR: Cron:cron Runat 2017-04-08 13:52:53 Use 0.000377 s

[ 2017-04-08T13:53:52+08:00 ] ::1 /eshop/index.php/Home/Good/info/id/13.html
ERR: Cron:cron Runat 2017-04-08 13:53:52 Use 0.000409 s

[ 2017-04-08T13:54:56+08:00 ] ::1 /eshop/index.php/Home/Good/info/id/13.html
ERR: Cron:cron Runat 2017-04-08 13:54:56 Use 0.000396 s

[ 2017-04-08T13:55:30+08:00 ] ::1 /eshop/index.php/Home/Good/info/id/13.html
ERR: Cron:cron Runat 2017-04-08 13:55:30 Use 0.000377 s

[ 2017-04-08T13:55:54+08:00 ] ::1 /eshop/index.php/Home/Good/info/id/13.html
ERR: Cron:cron Runat 2017-04-08 13:55:54 Use 0.000356 s

[ 2017-04-08T13:56:22+08:00 ] ::1 /eshop/index.php/Home/Good/info/id/13.html
ERR: Cron:cron Runat 2017-04-08 13:56:22 Use 0.000389 s

[ 2017-04-08T13:57:00+08:00 ] ::1 /eshop/index.php/Home/Good/info/id/13.html
ERR: Cron:cron Runat 2017-04-08 13:57:00 Use 0.000327 s

[ 2017-04-08T13:57:51+08:00 ] ::1 /eshop/index.php/Home/Shop/index/shopId/3.html
ERR: Cron:cron Runat 2017-04-08 13:57:51 Use 0.000921 s

[ 2017-04-08T14:01:48+08:00 ] ::1 /eshop/index.php/Home/Good/info/id/13.html
ERR: Cron:cron Runat 2017-04-08 14:01:48 Use 0.000365 s

[ 2017-04-08T14:02:11+08:00 ] ::1 /eshop/index.php/Home/Good/info/id/13.html
ERR: Cron:cron Runat 2017-04-08 14:02:11 Use 0.000391 s

[ 2017-04-08T14:03:56+08:00 ] ::1 /eshop/index.php/Home/Good/info/id/13.html
ERR: Cron:cron Runat 2017-04-08 14:03:56 Use 0.000385 s

[ 2017-04-08T14:04:59+08:00 ] ::1 /eshop/index.php/Home/Good/info/id/13.html
ERR: Cron:cron Runat 2017-04-08 14:04:59 Use 0.000396 s

[ 2017-04-08T14:05:13+08:00 ] ::1 /eshop/index.php/Home/Good/edit/id/13/src/audit.html
ERR: Cron:cron Runat 2017-04-08 14:05:13 Use 0.000339 s

[ 2017-04-08T14:05:16+08:00 ] ::1 /eshop/index.php/Home/Good/onsale.html
ERR: Cron:cron Runat 2017-04-08 14:05:16 Use 0.000347 s

[ 2017-04-08T14:05:18+08:00 ] ::1 /eshop/index.php/Home/Good/info/id/10.html
ERR: Cron:cron Runat 2017-04-08 14:05:18 Use 0.001012 s

[ 2017-04-08T14:06:30+08:00 ] ::1 /eshop/index.php/Home/Good/info/id/10.html
ERR: Cron:cron Runat 2017-04-08 14:06:30 Use 0.000336 s

[ 2017-04-08T18:15:58+08:00 ] ::1 /eshop/index.php/Home/Good/info/id/10.html
ERR: Cron:cron Runat 2017-04-08 18:15:58 Use 0.000840 s

[ 2017-04-08T18:16:07+08:00 ] ::1 /eshop/index.php/Home/Good/info/id/goods_info.html
ERR: Cron:cron Runat 2017-04-08 18:16:07 Use 0.001011 s

[ 2017-04-08T18:16:07+08:00 ] ::1 /eshop/index.php/Home/Good/info/id/goods_info.html
ERR: 页面不存在！

[ 2017-04-08T18:22:01+08:00 ] ::1 /eshop/index.php/Home/Good/info/id/10.html
ERR: Cron:cron Runat 2017-04-08 18:22:01 Use 0.000317 s

[ 2017-04-08T18:22:30+08:00 ] ::1 /eshop/index.php/Home/Good/info/id/13.html
ERR: Cron:cron Runat 2017-04-08 18:22:30 Use 0.000403 s

[ 2017-04-08T18:24:03+08:00 ] ::1 /eshop/index.php/Home/Good/info/id/10.html
ERR: Cron:cron Runat 2017-04-08 18:24:03 Use 0.000316 s

[ 2017-04-08T18:52:20+08:00 ] ::1 /eshop/index.php/Home/Good/add.html
ERR: Cron:cron Runat 2017-04-08 18:52:20 Use 0.000517 s

