[ 2017-03-20T09:59:54+08:00 ] ::1 /eshop/index.php/User/checkUserName.html
INFO: [ app_begin ] --START--
INFO: Run Behavior\ReadHtmlCacheBehavior [ RunTime:0.002935s ]
INFO: [ app_begin ] --END-- [ RunTime:0.004913s ]
SQL: SHOW COLUMNS FROM `eshop_user` [ RunTime:0.0089s ]
SQL: SELECT `id` FROM `eshop_user` WHERE `name` = 'admin' LIMIT 1   [ RunTime:0.0004s ]
INFO: [ app_end ] --START--
INFO: Run Behavior\ShowPageTraceBehavior [ RunTime:0.001894s ]
INFO: [ app_end ] --END-- [ RunTime:0.002030s ]

[ 2017-03-20T10:00:14+08:00 ] ::1 /eshop/index.php/User/checkUserEmail.html
INFO: [ app_begin ] --START--
INFO: Run Behavior\ReadHtmlCacheBehavior [ RunTime:0.000914s ]
INFO: [ app_begin ] --END-- [ RunTime:0.001679s ]
SQL: SHOW COLUMNS FROM `eshop_user` [ RunTime:0.0078s ]
SQL: SELECT `email` FROM `eshop_user` WHERE `email` = 'admin@qq.com' LIMIT 1   [ RunTime:0.0005s ]
INFO: [ app_end ] --START--
INFO: Run Behavior\ShowPageTraceBehavior [ RunTime:0.001617s ]
INFO: [ app_end ] --END-- [ RunTime:0.001788s ]

[ 2017-03-20T10:00:19+08:00 ] ::1 /eshop/index.php/User/checkVerify.html
INFO: [ app_begin ] --START--
INFO: Run Behavior\ReadHtmlCacheBehavior [ RunTime:0.003678s ]
INFO: [ app_begin ] --END-- [ RunTime:0.005639s ]
INFO: [ app_end ] --START--
INFO: Run Behavior\ShowPageTraceBehavior [ RunTime:0.004119s ]
INFO: [ app_end ] --END-- [ RunTime:0.004549s ]

[ 2017-03-20T10:00:20+08:00 ] ::1 /eshop/index.php/User/checkVerify.html
INFO: [ app_begin ] --START--
INFO: Run Behavior\ReadHtmlCacheBehavior [ RunTime:0.003710s ]
INFO: [ app_begin ] --END-- [ RunTime:0.006525s ]
INFO: [ app_end ] --START--
INFO: Run Behavior\ShowPageTraceBehavior [ RunTime:0.003860s ]
INFO: [ app_end ] --END-- [ RunTime:0.004222s ]

[ 2017-03-20T10:00:21+08:00 ] ::1 /eshop/index.php/User/checkVerify.html
INFO: [ app_begin ] --START--
INFO: Run Behavior\ReadHtmlCacheBehavior [ RunTime:0.005479s ]
INFO: [ app_begin ] --END-- [ RunTime:0.009048s ]
INFO: [ app_end ] --START--
INFO: Run Behavior\ShowPageTraceBehavior [ RunTime:0.004819s ]
INFO: [ app_end ] --END-- [ RunTime:0.005243s ]

[ 2017-03-20T10:00:24+08:00 ] ::1 /eshop/index.php/User/checkVerify.html
INFO: [ app_begin ] --START--
INFO: Run Behavior\ReadHtmlCacheBehavior [ RunTime:0.003699s ]
INFO: [ app_begin ] --END-- [ RunTime:0.005778s ]
INFO: [ app_end ] --START--
INFO: Run Behavior\ShowPageTraceBehavior [ RunTime:0.004724s ]
INFO: [ app_end ] --END-- [ RunTime:0.005173s ]

[ 2017-03-20T10:00:28+08:00 ] ::1 /eshop/index.php/User/checkVerify.html
INFO: [ app_begin ] --START--
INFO: Run Behavior\ReadHtmlCacheBehavior [ RunTime:0.003604s ]
INFO: [ app_begin ] --END-- [ RunTime:0.005673s ]
INFO: [ app_end ] --START--
INFO: Run Behavior\ShowPageTraceBehavior [ RunTime:0.002067s ]
INFO: [ app_end ] --END-- [ RunTime:0.002268s ]

[ 2017-03-20T10:00:31+08:00 ] ::1 /eshop/index.php/User/doRegist.html
INFO: [ app_begin ] --START--
INFO: Run Behavior\ReadHtmlCacheBehavior [ RunTime:0.000990s ]
INFO: [ app_begin ] --END-- [ RunTime:0.001681s ]
SQL: SHOW COLUMNS FROM `eshop_user` [ RunTime:0.0048s ]
INFO: [ app_end ] --START--
INFO: Run Behavior\ShowPageTraceBehavior [ RunTime:0.000966s ]
INFO: [ app_end ] --END-- [ RunTime:0.001037s ]

[ 2017-03-20T10:05:10+08:00 ] ::1 /eshop/index.php/User/doRegist.html
INFO: [ app_begin ] --START--
INFO: Run Behavior\ReadHtmlCacheBehavior [ RunTime:0.000902s ]
INFO: [ app_begin ] --END-- [ RunTime:0.001527s ]
SQL: SHOW COLUMNS FROM `eshop_user` [ RunTime:0.0519s ]
NOTIC: [8] Undefined index: validate D:\wampserver\wamp\www\eshop\ThinkPHP\Library\Think\Model.class.php 第 1185 行.
SQL: SELECT * FROM `eshop_user` WHERE `name` = 'admin' LIMIT 1   [ RunTime:0.0004s ]
SQL: SELECT * FROM `eshop_user` WHERE `email` = 'admin@qq.com' LIMIT 1   [ RunTime:0.0005s ]
NOTIC: [8] Undefined index: auto D:\wampserver\wamp\www\eshop\ThinkPHP\Library\Think\Model.class.php 第 1128 行.

[ 2017-03-20T10:05:53+08:00 ] ::1 /eshop/index.php/User/doRegist.html
INFO: [ app_begin ] --START--
INFO: Run Behavior\ReadHtmlCacheBehavior [ RunTime:0.001111s ]
INFO: [ app_begin ] --END-- [ RunTime:0.001814s ]
SQL: SHOW COLUMNS FROM `eshop_user` [ RunTime:0.0732s ]
NOTIC: [8] Undefined index: validate D:\wampserver\wamp\www\eshop\ThinkPHP\Library\Think\Model.class.php 第 1185 行.
SQL: SELECT * FROM `eshop_user` WHERE `name` = 'admin' LIMIT 1   [ RunTime:0.0005s ]
SQL: SELECT * FROM `eshop_user` WHERE `email` = 'admin@qq.com' LIMIT 1   [ RunTime:0.0004s ]
NOTIC: [8] Undefined index: auto D:\wampserver\wamp\www\eshop\ThinkPHP\Library\Think\Model.class.php 第 1128 行.
SQL: INSERT INTO `eshop_user` (`name`,`password`,`email`,`regist_time`) VALUES ('admin','1844156d4166d94387f1a4ad031ca5fa','admin@qq.com','1489975553') [ RunTime:0.1718s ]

[ 2017-03-20T10:08:56+08:00 ] ::1 /eshop/index.php/User/checkVerify.html
INFO: [ app_begin ] --START--
INFO: Run Behavior\ReadHtmlCacheBehavior [ RunTime:0.000869s ]
INFO: [ app_begin ] --END-- [ RunTime:0.001459s ]
INFO: [ app_end ] --START--
INFO: Run Behavior\ShowPageTraceBehavior [ RunTime:0.000939s ]
INFO: [ app_end ] --END-- [ RunTime:0.001035s ]

[ 2017-03-20T10:09:07+08:00 ] ::1 /eshop/index.php/User/checkVerify.html
INFO: [ app_begin ] --START--
INFO: Run Behavior\ReadHtmlCacheBehavior [ RunTime:0.000900s ]
INFO: [ app_begin ] --END-- [ RunTime:0.001491s ]
INFO: [ app_end ] --START--
INFO: Run Behavior\ShowPageTraceBehavior [ RunTime:0.000843s ]
INFO: [ app_end ] --END-- [ RunTime:0.000932s ]

[ 2017-03-20T10:09:08+08:00 ] ::1 /eshop/index.php/User/checkVerify.html
INFO: [ app_begin ] --START--
INFO: Run Behavior\ReadHtmlCacheBehavior [ RunTime:0.000912s ]
INFO: [ app_begin ] --END-- [ RunTime:0.001495s ]
INFO: [ app_end ] --START--
INFO: Run Behavior\ShowPageTraceBehavior [ RunTime:0.000974s ]
INFO: [ app_end ] --END-- [ RunTime:0.001059s ]

[ 2017-03-20T10:09:10+08:00 ] ::1 /eshop/index.php/User/checkVerify.html
INFO: [ app_begin ] --START--
INFO: Run Behavior\ReadHtmlCacheBehavior [ RunTime:0.001078s ]
INFO: [ app_begin ] --END-- [ RunTime:0.001784s ]
INFO: [ app_end ] --START--
INFO: Run Behavior\ShowPageTraceBehavior [ RunTime:0.000901s ]
INFO: [ app_end ] --END-- [ RunTime:0.000985s ]

[ 2017-03-20T10:09:10+08:00 ] ::1 /eshop/index.php/User/checkVerify.html
INFO: [ app_begin ] --START--
INFO: Run Behavior\ReadHtmlCacheBehavior [ RunTime:0.001570s ]
INFO: [ app_begin ] --END-- [ RunTime:0.002595s ]
INFO: [ app_end ] --START--
INFO: Run Behavior\ShowPageTraceBehavior [ RunTime:0.001543s ]
INFO: [ app_end ] --END-- [ RunTime:0.001695s ]

[ 2017-03-20T10:09:10+08:00 ] ::1 /eshop/index.php/User/checkVerify.html
INFO: [ app_begin ] --START--
INFO: Run Behavior\ReadHtmlCacheBehavior [ RunTime:0.001032s ]
INFO: [ app_begin ] --END-- [ RunTime:0.001660s ]
INFO: [ app_end ] --START--
INFO: Run Behavior\ShowPageTraceBehavior [ RunTime:0.001055s ]
INFO: [ app_end ] --END-- [ RunTime:0.001143s ]

[ 2017-03-20T10:09:12+08:00 ] ::1 /eshop/index.php/User/doLogin.html
INFO: [ app_begin ] --START--
INFO: Run Behavior\ReadHtmlCacheBehavior [ RunTime:0.000846s ]
INFO: [ app_begin ] --END-- [ RunTime:0.001382s ]
SQL: SHOW COLUMNS FROM `eshop_user` [ RunTime:0.0389s ]
SQL: SELECT * FROM `eshop_user` WHERE `name` = 'admin' LIMIT 1   [ RunTime:0.0004s ]
NOTIC: [2] fopen(D:\wampserver\wamp\www\eshop\ThinkPHP\Library\Org\Net/UTFWry.dat): failed to open stream: No such file or directory D:\wampserver\wamp\www\eshop\ThinkPHP\Library\Org\Net\IpLocation.class.php 第 54 行.
SQL: SHOW COLUMNS FROM `eshop_user_log` [ RunTime:0.0062s ]
SQL: INSERT INTO `eshop_user_log` (`userId`,`action`,`ip`,`location`,`time`) VALUES ('20','登录','0.0.0.0',NULL,'1489975752') [ RunTime:0.1006s ]

[ 2017-03-20T10:19:04+08:00 ] ::1 /eshop/index.php/UserCenter/userinfoEdit.html
INFO: [ app_begin ] --START--
INFO: Run Behavior\ReadHtmlCacheBehavior [ RunTime:0.000862s ]
INFO: [ app_begin ] --END-- [ RunTime:0.001505s ]
SQL: SHOW COLUMNS FROM `eshop_user` [ RunTime:0.0076s ]
SQL: UPDATE `eshop_user` SET `nick`='',`trueName`='',`sex`='保密',`birthday`='',`carNum`='',`qq`='',`tel`='' WHERE `id` = 20 [ RunTime:0.1285s ]
NOTIC: [2] fopen(D:\wampserver\wamp\www\eshop\ThinkPHP\Library\Org\Net/UTFWry.dat): failed to open stream: No such file or directory D:\wampserver\wamp\www\eshop\ThinkPHP\Library\Org\Net\IpLocation.class.php 第 54 行.
SQL: SHOW COLUMNS FROM `eshop_user_log` [ RunTime:0.0207s ]
SQL: INSERT INTO `eshop_user_log` (`userId`,`action`,`ip`,`location`,`time`) VALUES ('20','修改个人信息','0.0.0.0',NULL,'1489976344') [ RunTime:0.0385s ]

[ 2017-03-20T10:21:48+08:00 ] ::1 /eshop/index.php/UserCenter/userinfoEdit.html
INFO: [ app_begin ] --START--
INFO: Run Behavior\ReadHtmlCacheBehavior [ RunTime:0.001322s ]
INFO: [ app_begin ] --END-- [ RunTime:0.002381s ]
SQL: SHOW COLUMNS FROM `eshop_user` [ RunTime:0.0141s ]
SQL: UPDATE `eshop_user` SET `nick`='',`trueName`='',`sex`='保密',`birthday`='0000-00-00',`carNum`='',`qq`='',`tel`='' WHERE `id` = 20 [ RunTime:0.0682s ]

[ 2017-03-20T10:33:45+08:00 ] ::1 /eshop/index.php/UserCenter/checkuNickname.html
INFO: [ app_begin ] --START--
INFO: Run Behavior\ReadHtmlCacheBehavior [ RunTime:0.000858s ]
INFO: [ app_begin ] --END-- [ RunTime:0.001519s ]
SQL: SHOW COLUMNS FROM `eshop_user` [ RunTime:0.0049s ]
SQL: SELECT `id` FROM `eshop_user` WHERE `nick` = '不收菜吧' LIMIT 1   [ RunTime:0.0004s ]
INFO: [ app_end ] --START--
INFO: Run Behavior\ShowPageTraceBehavior [ RunTime:0.001024s ]
INFO: [ app_end ] --END-- [ RunTime:0.001100s ]

[ 2017-03-20T10:36:33+08:00 ] ::1 /eshop/index.php/UserCenter/userinfoEdit.html
INFO: [ app_begin ] --START--
INFO: Run Behavior\ReadHtmlCacheBehavior [ RunTime:0.000875s ]
INFO: [ app_begin ] --END-- [ RunTime:0.001401s ]

[ 2017-03-20T10:39:53+08:00 ] ::1 /eshop/index.php/UserCenter/userinfoEdit.html
INFO: [ app_begin ] --START--
INFO: Run Behavior\ReadHtmlCacheBehavior [ RunTime:0.000908s ]
INFO: [ app_begin ] --END-- [ RunTime:0.001540s ]

[ 2017-03-20T10:40:12+08:00 ] ::1 /eshop/index.php/UserCenter/userinfoEdit.html
INFO: [ app_begin ] --START--
INFO: Run Behavior\ReadHtmlCacheBehavior [ RunTime:0.000907s ]
INFO: [ app_begin ] --END-- [ RunTime:0.001498s ]

[ 2017-03-20T10:40:29+08:00 ] ::1 /eshop/index.php/UserCenter/userinfoEdit.html
INFO: [ app_begin ] --START--
INFO: Run Behavior\ReadHtmlCacheBehavior [ RunTime:0.001118s ]
INFO: [ app_begin ] --END-- [ RunTime:0.001812s ]

[ 2017-03-20T11:15:16+08:00 ] ::1 /eshop/index.php/UserCenter/userinfoEdit.html
INFO: [ app_begin ] --START--
INFO: Run Behavior\ReadHtmlCacheBehavior [ RunTime:0.001055s ]
INFO: [ app_begin ] --END-- [ RunTime:0.001739s ]
NOTIC: [8] Undefined index: face D:\wampserver\wamp\www\eshop\App\Home\Controller\UserCenterController.class.php 第 68 行.

[ 2017-03-20T11:15:55+08:00 ] ::1 /eshop/index.php/UserCenter/userinfoEdit.html
INFO: [ app_begin ] --START--
INFO: Run Behavior\ReadHtmlCacheBehavior [ RunTime:0.001714s ]
INFO: [ app_begin ] --END-- [ RunTime:0.002691s ]

[ 2017-03-20T12:53:46+08:00 ] ::1 /eshop/index.php/UserCenter/checkuNickname.html
INFO: [ app_begin ] --START--
INFO: Run Behavior\ReadHtmlCacheBehavior [ RunTime:0.000956s ]
INFO: [ app_begin ] --END-- [ RunTime:0.001548s ]
SQL: SHOW COLUMNS FROM `eshop_user` [ RunTime:0.0060s ]
SQL: SELECT `id` FROM `eshop_user` WHERE `nick` = 'lyf1' LIMIT 1   [ RunTime:0.0004s ]
INFO: [ app_end ] --START--
INFO: Run Behavior\ShowPageTraceBehavior [ RunTime:0.001057s ]
INFO: [ app_end ] --END-- [ RunTime:0.001135s ]

[ 2017-03-20T12:53:46+08:00 ] ::1 /eshop/index.php/UserCenter/checkuNickname.html
INFO: [ app_begin ] --START--
INFO: Run Behavior\ReadHtmlCacheBehavior [ RunTime:0.001026s ]
INFO: [ app_begin ] --END-- [ RunTime:0.001704s ]
SQL: SHOW COLUMNS FROM `eshop_user` [ RunTime:0.0076s ]
SQL: SELECT `id` FROM `eshop_user` WHERE `nick` = 'lyf11' LIMIT 1   [ RunTime:0.0003s ]
INFO: [ app_end ] --START--
INFO: Run Behavior\ShowPageTraceBehavior [ RunTime:0.001026s ]
INFO: [ app_end ] --END-- [ RunTime:0.001100s ]

[ 2017-03-20T13:16:22+08:00 ] ::1 /eshop/index.php/UserCenter/checkuNickname.html
INFO: [ app_begin ] --START--
INFO: Run Behavior\ReadHtmlCacheBehavior [ RunTime:0.002691s ]
INFO: [ app_begin ] --END-- [ RunTime:0.004481s ]
SQL: SHOW COLUMNS FROM `eshop_user` [ RunTime:0.0413s ]
SQL: SELECT `id` FROM `eshop_user` WHERE `nick` = 'lyf11' LIMIT 1   [ RunTime:0.0006s ]
INFO: [ app_end ] --START--
INFO: Run Behavior\ShowPageTraceBehavior [ RunTime:0.002495s ]
INFO: [ app_end ] --END-- [ RunTime:0.002749s ]

[ 2017-03-20T13:16:47+08:00 ] ::1 /eshop/index.php/UserCenter/userinfoEdit.html
INFO: [ app_begin ] --START--
INFO: Run Behavior\ReadHtmlCacheBehavior [ RunTime:0.001012s ]
INFO: [ app_begin ] --END-- [ RunTime:0.001648s ]

[ 2017-03-20T13:21:46+08:00 ] ::1 /eshop/index.php/UserCenter/checkuNickname.html
INFO: [ app_begin ] --START--
INFO: Run Behavior\ReadHtmlCacheBehavior [ RunTime:0.000920s ]
INFO: [ app_begin ] --END-- [ RunTime:0.001518s ]
SQL: SHOW COLUMNS FROM `eshop_user` [ RunTime:0.0074s ]
SQL: SELECT `id` FROM `eshop_user` WHERE `nick` = 'lyf11' LIMIT 1   [ RunTime:0.0003s ]
INFO: [ app_end ] --START--
INFO: Run Behavior\ShowPageTraceBehavior [ RunTime:0.001190s ]
INFO: [ app_end ] --END-- [ RunTime:0.001271s ]

[ 2017-03-20T13:22:18+08:00 ] ::1 /eshop/index.php/UserCenter/userinfoEdit.html
INFO: [ app_begin ] --START--
INFO: Run Behavior\ReadHtmlCacheBehavior [ RunTime:0.000947s ]
INFO: [ app_begin ] --END-- [ RunTime:0.001544s ]

[ 2017-03-20T13:24:15+08:00 ] ::1 /eshop/index.php/UserCenter/checkuNickname.html
INFO: [ app_begin ] --START--
INFO: Run Behavior\ReadHtmlCacheBehavior [ RunTime:0.002893s ]
INFO: [ app_begin ] --END-- [ RunTime:0.004778s ]
SQL: SHOW COLUMNS FROM `eshop_user` [ RunTime:0.0231s ]
SQL: SELECT `id` FROM `eshop_user` WHERE `nick` = '张三查吧' LIMIT 1   [ RunTime:0.0007s ]
INFO: [ app_end ] --START--
INFO: Run Behavior\ShowPageTraceBehavior [ RunTime:0.003479s ]
INFO: [ app_end ] --END-- [ RunTime:0.003805s ]

[ 2017-03-20T13:24:18+08:00 ] ::1 /eshop/index.php/UserCenter/userinfoEdit.html
INFO: [ app_begin ] --START--
INFO: Run Behavior\ReadHtmlCacheBehavior [ RunTime:0.002873s ]
INFO: [ app_begin ] --END-- [ RunTime:0.004876s ]

[ 2017-03-20T13:44:26+08:00 ] ::1 /eshop/index.php/UserCenter/userinfoEdit.html
INFO: [ app_begin ] --START--
INFO: Run Behavior\ReadHtmlCacheBehavior [ RunTime:0.000926s ]
INFO: [ app_begin ] --END-- [ RunTime:0.001505s ]

[ 2017-03-20T13:44:37+08:00 ] ::1 /eshop/index.php/UserCenter/userinfoEdit.html
INFO: [ app_begin ] --START--
INFO: Run Behavior\ReadHtmlCacheBehavior [ RunTime:0.001501s ]
INFO: [ app_begin ] --END-- [ RunTime:0.002395s ]

[ 2017-03-20T13:46:24+08:00 ] ::1 /eshop/index.php/UserCenter/userinfoEdit.html
INFO: [ app_begin ] --START--
INFO: Run Behavior\ReadHtmlCacheBehavior [ RunTime:0.000824s ]
INFO: [ app_begin ] --END-- [ RunTime:0.001451s ]
NOTIC: [2] call_user_func() expects parameter 1 to be a valid callback, no array or string given D:\wampserver\wamp\www\eshop\ThinkPHP\Library\Think\Upload.class.php 第 170 行.
SQL: SHOW COLUMNS FROM `eshop_user` [ RunTime:0.0071s ]
SQL: SELECT `photo` FROM `eshop_user` WHERE `id` = 20 LIMIT 1   [ RunTime:0.0003s ]
NOTIC: [8] Undefined index: validate D:\wampserver\wamp\www\eshop\ThinkPHP\Library\Think\Model.class.php 第 1185 行.
NOTIC: [8] Undefined index: trueName D:\wampserver\wamp\www\eshop\ThinkPHP\Library\Think\Model.class.php 第 1217 行.
NOTIC: [8] Undefined index: carNum D:\wampserver\wamp\www\eshop\ThinkPHP\Library\Think\Model.class.php 第 1217 行.
NOTIC: [8] Undefined index: auto D:\wampserver\wamp\www\eshop\ThinkPHP\Library\Think\Model.class.php 第 1128 行.
NOTIC: [2] md5() expects at least 1 parameter, 0 given D:\wampserver\wamp\www\eshop\ThinkPHP\Library\Think\Model.class.php 第 1154 行.

[ 2017-03-20T13:50:23+08:00 ] ::1 /eshop/index.php/UserCenter/userinfoEdit.html
INFO: [ app_begin ] --START--
INFO: Run Behavior\ReadHtmlCacheBehavior [ RunTime:0.000712s ]
INFO: [ app_begin ] --END-- [ RunTime:0.001232s ]
NOTIC: [2] call_user_func() expects parameter 1 to be a valid callback, no array or string given D:\wampserver\wamp\www\eshop\ThinkPHP\Library\Think\Upload.class.php 第 170 行.
SQL: SHOW COLUMNS FROM `eshop_user` [ RunTime:0.0082s ]
SQL: SELECT `photo` FROM `eshop_user` WHERE `id` = 20 LIMIT 1   [ RunTime:0.0004s ]
NOTIC: [8] Undefined index: validate D:\wampserver\wamp\www\eshop\ThinkPHP\Library\Think\Model.class.php 第 1185 行.
NOTIC: [8] Undefined index: trueName D:\wampserver\wamp\www\eshop\ThinkPHP\Library\Think\Model.class.php 第 1217 行.
NOTIC: [8] Undefined index: carNum D:\wampserver\wamp\www\eshop\ThinkPHP\Library\Think\Model.class.php 第 1217 行.
NOTIC: [8] Undefined index: auto D:\wampserver\wamp\www\eshop\ThinkPHP\Library\Think\Model.class.php 第 1128 行.
NOTIC: [2] md5() expects at least 1 parameter, 0 given D:\wampserver\wamp\www\eshop\ThinkPHP\Library\Think\Model.class.php 第 1154 行.

[ 2017-03-20T13:50:52+08:00 ] ::1 /eshop/index.php/UserCenter/checkuNickname.html
INFO: [ app_begin ] --START--
INFO: Run Behavior\ReadHtmlCacheBehavior [ RunTime:0.000695s ]
INFO: [ app_begin ] --END-- [ RunTime:0.001264s ]
SQL: SHOW COLUMNS FROM `eshop_user` [ RunTime:0.0051s ]
SQL: SELECT `id` FROM `eshop_user` WHERE `nick` = '大漠雄鹰' LIMIT 1   [ RunTime:0.0003s ]
INFO: [ app_end ] --START--
INFO: Run Behavior\ShowPageTraceBehavior [ RunTime:0.001394s ]
INFO: [ app_end ] --END-- [ RunTime:0.001507s ]

[ 2017-03-20T13:51:39+08:00 ] ::1 /eshop/index.php/UserCenter/userinfoEdit.html
INFO: [ app_begin ] --START--
INFO: Run Behavior\ReadHtmlCacheBehavior [ RunTime:0.000663s ]
INFO: [ app_begin ] --END-- [ RunTime:0.001230s ]
NOTIC: [2] call_user_func() expects parameter 1 to be a valid callback, no array or string given D:\wampserver\wamp\www\eshop\ThinkPHP\Library\Think\Upload.class.php 第 170 行.
SQL: SHOW COLUMNS FROM `eshop_user` [ RunTime:0.0088s ]
SQL: SELECT `photo` FROM `eshop_user` WHERE `id` = 20 LIMIT 1   [ RunTime:0.0007s ]
NOTIC: [8] Undefined index: validate D:\wampserver\wamp\www\eshop\ThinkPHP\Library\Think\Model.class.php 第 1185 行.
NOTIC: [8] Undefined index: trueName D:\wampserver\wamp\www\eshop\ThinkPHP\Library\Think\Model.class.php 第 1217 行.
NOTIC: [8] Undefined index: carNum D:\wampserver\wamp\www\eshop\ThinkPHP\Library\Think\Model.class.php 第 1217 行.
NOTIC: [8] Undefined index: auto D:\wampserver\wamp\www\eshop\ThinkPHP\Library\Think\Model.class.php 第 1128 行.
NOTIC: [2] md5() expects at least 1 parameter, 0 given D:\wampserver\wamp\www\eshop\ThinkPHP\Library\Think\Model.class.php 第 1154 行.

[ 2017-03-20T13:53:36+08:00 ] ::1 /eshop/index.php/UserCenter/userinfoEdit.html
INFO: [ app_begin ] --START--
INFO: Run Behavior\ReadHtmlCacheBehavior [ RunTime:0.000766s ]
INFO: [ app_begin ] --END-- [ RunTime:0.001378s ]
NOTIC: [2] call_user_func() expects parameter 1 to be a valid callback, no array or string given D:\wampserver\wamp\www\eshop\ThinkPHP\Library\Think\Upload.class.php 第 170 行.
SQL: SHOW COLUMNS FROM `eshop_user` [ RunTime:0.0089s ]
SQL: SELECT `photo` FROM `eshop_user` WHERE `id` = 20 LIMIT 1   [ RunTime:0.0004s ]
NOTIC: [8] Undefined index: validate D:\wampserver\wamp\www\eshop\ThinkPHP\Library\Think\Model.class.php 第 1185 行.
NOTIC: [8] Undefined index: trueName D:\wampserver\wamp\www\eshop\ThinkPHP\Library\Think\Model.class.php 第 1217 行.
NOTIC: [8] Undefined index: carNum D:\wampserver\wamp\www\eshop\ThinkPHP\Library\Think\Model.class.php 第 1217 行.
NOTIC: [8] Undefined index: auto D:\wampserver\wamp\www\eshop\ThinkPHP\Library\Think\Model.class.php 第 1128 行.
NOTIC: [2] md5() expects at least 1 parameter, 0 given D:\wampserver\wamp\www\eshop\ThinkPHP\Library\Think\Model.class.php 第 1154 行.

[ 2017-03-20T13:54:28+08:00 ] ::1 /eshop/index.php/UserCenter/userinfoEdit.html
INFO: [ app_begin ] --START--
INFO: Run Behavior\ReadHtmlCacheBehavior [ RunTime:0.000821s ]
INFO: [ app_begin ] --END-- [ RunTime:0.001505s ]
NOTIC: [2] call_user_func() expects parameter 1 to be a valid callback, no array or string given D:\wampserver\wamp\www\eshop\ThinkPHP\Library\Think\Upload.class.php 第 170 行.
SQL: SHOW COLUMNS FROM `eshop_user` [ RunTime:0.0086s ]
SQL: SELECT `photo` FROM `eshop_user` WHERE `id` = 20 LIMIT 1   [ RunTime:0.0004s ]
NOTIC: [8] Undefined index: validate D:\wampserver\wamp\www\eshop\ThinkPHP\Library\Think\Model.class.php 第 1185 行.
NOTIC: [8] Undefined index: trueName D:\wampserver\wamp\www\eshop\ThinkPHP\Library\Think\Model.class.php 第 1217 行.
NOTIC: [8] Undefined index: carNum D:\wampserver\wamp\www\eshop\ThinkPHP\Library\Think\Model.class.php 第 1217 行.
NOTIC: [8] Undefined index: auto D:\wampserver\wamp\www\eshop\ThinkPHP\Library\Think\Model.class.php 第 1128 行.
NOTIC: [2] md5() expects at least 1 parameter, 0 given D:\wampserver\wamp\www\eshop\ThinkPHP\Library\Think\Model.class.php 第 1154 行.

[ 2017-03-20T14:09:23+08:00 ] ::1 /eshop/index.php/User/checkUserName.html
INFO: [ app_begin ] --START--
INFO: Run Behavior\ReadHtmlCacheBehavior [ RunTime:0.000603s ]
INFO: [ app_begin ] --END-- [ RunTime:0.001148s ]
SQL: SHOW COLUMNS FROM `eshop_user` [ RunTime:0.0061s ]
SQL: SELECT `id` FROM `eshop_user` WHERE `name` = 'admin1' LIMIT 1   [ RunTime:0.0004s ]
INFO: [ app_end ] --START--
INFO: Run Behavior\ShowPageTraceBehavior [ RunTime:0.001090s ]
INFO: [ app_end ] --END-- [ RunTime:0.001196s ]

[ 2017-03-20T14:09:26+08:00 ] ::1 /eshop/index.php/User/checkUserName.html
INFO: [ app_begin ] --START--
INFO: Run Behavior\ReadHtmlCacheBehavior [ RunTime:0.000723s ]
INFO: [ app_begin ] --END-- [ RunTime:0.001289s ]
SQL: SHOW COLUMNS FROM `eshop_user` [ RunTime:0.0086s ]
SQL: SELECT `id` FROM `eshop_user` WHERE `name` = 'admin2' LIMIT 1   [ RunTime:0.0003s ]
INFO: [ app_end ] --START--
INFO: Run Behavior\ShowPageTraceBehavior [ RunTime:0.001025s ]
INFO: [ app_end ] --END-- [ RunTime:0.001112s ]

[ 2017-03-20T14:09:49+08:00 ] ::1 /eshop/index.php/User/checkUserEmail.html
INFO: [ app_begin ] --START--
INFO: Run Behavior\ReadHtmlCacheBehavior [ RunTime:0.001175s ]
INFO: [ app_begin ] --END-- [ RunTime:0.002199s ]
SQL: SHOW COLUMNS FROM `eshop_user` [ RunTime:0.0084s ]
SQL: SELECT `email` FROM `eshop_user` WHERE `email` = 'admin2@sina.com' LIMIT 1   [ RunTime:0.0003s ]
INFO: [ app_end ] --START--
INFO: Run Behavior\ShowPageTraceBehavior [ RunTime:0.001081s ]
INFO: [ app_end ] --END-- [ RunTime:0.001183s ]

[ 2017-03-20T14:09:56+08:00 ] ::1 /eshop/index.php/User/checkVerify.html
INFO: [ app_begin ] --START--
INFO: Run Behavior\ReadHtmlCacheBehavior [ RunTime:0.000614s ]
INFO: [ app_begin ] --END-- [ RunTime:0.001219s ]
INFO: [ app_end ] --START--
INFO: Run Behavior\ShowPageTraceBehavior [ RunTime:0.000916s ]
INFO: [ app_end ] --END-- [ RunTime:0.001011s ]

[ 2017-03-20T14:10:03+08:00 ] ::1 /eshop/index.php/User/checkVerify.html
INFO: [ app_begin ] --START--
INFO: Run Behavior\ReadHtmlCacheBehavior [ RunTime:0.001087s ]
INFO: [ app_begin ] --END-- [ RunTime:0.001955s ]
INFO: [ app_end ] --START--
INFO: Run Behavior\ShowPageTraceBehavior [ RunTime:0.001222s ]
INFO: [ app_end ] --END-- [ RunTime:0.001354s ]

[ 2017-03-20T14:10:04+08:00 ] ::1 /eshop/index.php/User/checkVerify.html
INFO: [ app_begin ] --START--
INFO: Run Behavior\ReadHtmlCacheBehavior [ RunTime:0.000728s ]
INFO: [ app_begin ] --END-- [ RunTime:0.001321s ]
INFO: [ app_end ] --START--
INFO: Run Behavior\ShowPageTraceBehavior [ RunTime:0.000883s ]
INFO: [ app_end ] --END-- [ RunTime:0.000985s ]

[ 2017-03-20T14:10:06+08:00 ] ::1 /eshop/index.php/User/checkVerify.html
INFO: [ app_begin ] --START--
INFO: Run Behavior\ReadHtmlCacheBehavior [ RunTime:0.001037s ]
INFO: [ app_begin ] --END-- [ RunTime:0.001829s ]
INFO: [ app_end ] --START--
INFO: Run Behavior\ShowPageTraceBehavior [ RunTime:0.000853s ]
INFO: [ app_end ] --END-- [ RunTime:0.000930s ]

[ 2017-03-20T14:10:07+08:00 ] ::1 /eshop/index.php/User/checkVerify.html
INFO: [ app_begin ] --START--
INFO: Run Behavior\ReadHtmlCacheBehavior [ RunTime:0.000917s ]
INFO: [ app_begin ] --END-- [ RunTime:0.001679s ]
INFO: [ app_end ] --START--
INFO: Run Behavior\ShowPageTraceBehavior [ RunTime:0.000844s ]
INFO: [ app_end ] --END-- [ RunTime:0.000925s ]

[ 2017-03-20T14:10:08+08:00 ] ::1 /eshop/index.php/User/checkVerify.html
INFO: [ app_begin ] --START--
INFO: Run Behavior\ReadHtmlCacheBehavior [ RunTime:0.001121s ]
INFO: [ app_begin ] --END-- [ RunTime:0.002211s ]
INFO: [ app_end ] --START--
INFO: Run Behavior\ShowPageTraceBehavior [ RunTime:0.001541s ]
INFO: [ app_end ] --END-- [ RunTime:0.001692s ]

[ 2017-03-20T14:11:07+08:00 ] ::1 /eshop/index.php/User/checkUserName.html
INFO: [ app_begin ] --START--
INFO: Run Behavior\ReadHtmlCacheBehavior [ RunTime:0.000989s ]
INFO: [ app_begin ] --END-- [ RunTime:0.002295s ]
SQL: SHOW COLUMNS FROM `eshop_user` [ RunTime:0.0064s ]
SQL: SELECT `id` FROM `eshop_user` WHERE `name` = 'admin2' LIMIT 1   [ RunTime:0.0004s ]
INFO: [ app_end ] --START--
INFO: Run Behavior\ShowPageTraceBehavior [ RunTime:0.001114s ]
INFO: [ app_end ] --END-- [ RunTime:0.001208s ]

[ 2017-03-20T14:11:13+08:00 ] ::1 /eshop/index.php/User/checkVerify.html
INFO: [ app_begin ] --START--
INFO: Run Behavior\ReadHtmlCacheBehavior [ RunTime:0.000921s ]
INFO: [ app_begin ] --END-- [ RunTime:0.001665s ]
INFO: [ app_end ] --START--
INFO: Run Behavior\ShowPageTraceBehavior [ RunTime:0.003105s ]
INFO: [ app_end ] --END-- [ RunTime:0.003248s ]

[ 2017-03-20T14:11:16+08:00 ] ::1 /eshop/index.php/User/checkVerify.html
INFO: [ app_begin ] --START--
INFO: Run Behavior\ReadHtmlCacheBehavior [ RunTime:0.000979s ]
INFO: [ app_begin ] --END-- [ RunTime:0.001496s ]
INFO: [ app_end ] --START--
INFO: Run Behavior\ShowPageTraceBehavior [ RunTime:0.000942s ]
INFO: [ app_end ] --END-- [ RunTime:0.001029s ]

[ 2017-03-20T14:11:16+08:00 ] ::1 /eshop/index.php/User/checkVerify.html
INFO: [ app_begin ] --START--
INFO: Run Behavior\ReadHtmlCacheBehavior [ RunTime:0.000870s ]
INFO: [ app_begin ] --END-- [ RunTime:0.001408s ]
INFO: [ app_end ] --START--
INFO: Run Behavior\ShowPageTraceBehavior [ RunTime:0.000876s ]
INFO: [ app_end ] --END-- [ RunTime:0.000960s ]

[ 2017-03-20T14:11:21+08:00 ] ::1 /eshop/index.php/User/checkVerify.html
INFO: [ app_begin ] --START--
INFO: Run Behavior\ReadHtmlCacheBehavior [ RunTime:0.000992s ]
INFO: [ app_begin ] --END-- [ RunTime:0.001685s ]
INFO: [ app_end ] --START--
INFO: Run Behavior\ShowPageTraceBehavior [ RunTime:0.000913s ]
INFO: [ app_end ] --END-- [ RunTime:0.000992s ]

[ 2017-03-20T14:11:21+08:00 ] ::1 /eshop/index.php/User/checkVerify.html
INFO: [ app_begin ] --START--
INFO: Run Behavior\ReadHtmlCacheBehavior [ RunTime:0.001184s ]
INFO: [ app_begin ] --END-- [ RunTime:0.001891s ]
INFO: [ app_end ] --START--
INFO: Run Behavior\ShowPageTraceBehavior [ RunTime:0.001128s ]
INFO: [ app_end ] --END-- [ RunTime:0.001247s ]

[ 2017-03-20T14:11:24+08:00 ] ::1 /eshop/index.php/User/checkVerify.html
INFO: [ app_begin ] --START--
INFO: Run Behavior\ReadHtmlCacheBehavior [ RunTime:0.000936s ]
INFO: [ app_begin ] --END-- [ RunTime:0.001595s ]
INFO: [ app_end ] --START--
INFO: Run Behavior\ShowPageTraceBehavior [ RunTime:0.000868s ]
INFO: [ app_end ] --END-- [ RunTime:0.000977s ]

[ 2017-03-20T14:11:27+08:00 ] ::1 /eshop/index.php/User/checkUserEmail.html
INFO: [ app_begin ] --START--
INFO: Run Behavior\ReadHtmlCacheBehavior [ RunTime:0.000921s ]
INFO: [ app_begin ] --END-- [ RunTime:0.001590s ]
SQL: SHOW COLUMNS FROM `eshop_user` [ RunTime:0.0881s ]
SQL: SELECT `email` FROM `eshop_user` WHERE `email` = 'admin2@sina.com' LIMIT 1   [ RunTime:0.0004s ]
INFO: [ app_end ] --START--
INFO: Run Behavior\ShowPageTraceBehavior [ RunTime:0.001052s ]
INFO: [ app_end ] --END-- [ RunTime:0.001161s ]

[ 2017-03-20T14:11:27+08:00 ] ::1 /eshop/index.php/User/doRegist.html
INFO: [ app_begin ] --START--
INFO: Run Behavior\ReadHtmlCacheBehavior [ RunTime:0.000917s ]
INFO: [ app_begin ] --END-- [ RunTime:0.001536s ]

[ 2017-03-20T14:12:06+08:00 ] ::1 /eshop/index.php/User/doRegist.html
INFO: [ app_begin ] --START--
INFO: Run Behavior\ReadHtmlCacheBehavior [ RunTime:0.001314s ]
INFO: [ app_begin ] --END-- [ RunTime:0.001989s ]
SQL: SHOW COLUMNS FROM `eshop_user` [ RunTime:0.0550s ]
NOTIC: [8] Undefined index: validate D:\wampserver\wamp\www\eshop\ThinkPHP\Library\Think\Model.class.php 第 1185 行.
SQL: SELECT * FROM `eshop_user` WHERE `name` = 'admin2' LIMIT 1   [ RunTime:0.0005s ]
SQL: SELECT * FROM `eshop_user` WHERE `email` = 'admin2@sina.com' LIMIT 1   [ RunTime:0.0004s ]
NOTIC: [8] Undefined index: nick D:\wampserver\wamp\www\eshop\ThinkPHP\Library\Think\Model.class.php 第 1217 行.
NOTIC: [8] Undefined index: trueName D:\wampserver\wamp\www\eshop\ThinkPHP\Library\Think\Model.class.php 第 1217 行.
NOTIC: [8] Undefined index: carNum D:\wampserver\wamp\www\eshop\ThinkPHP\Library\Think\Model.class.php 第 1217 行.
NOTIC: [8] Undefined index: qq D:\wampserver\wamp\www\eshop\ThinkPHP\Library\Think\Model.class.php 第 1217 行.
NOTIC: [8] Undefined index: tel D:\wampserver\wamp\www\eshop\ThinkPHP\Library\Think\Model.class.php 第 1217 行.
NOTIC: [8] Undefined index: auto D:\wampserver\wamp\www\eshop\ThinkPHP\Library\Think\Model.class.php 第 1128 行.
SQL: INSERT INTO `eshop_user` (`name`,`password`,`email`) VALUES ('admin2','admin2','admin2@sina.com') [ RunTime:0.0663s ]

[ 2017-03-20T14:15:02+08:00 ] ::1 /eshop/index.php/User/checkVerify.html
INFO: [ app_begin ] --START--
INFO: Run Behavior\ReadHtmlCacheBehavior [ RunTime:0.000674s ]
INFO: [ app_begin ] --END-- [ RunTime:0.001223s ]
INFO: [ app_end ] --START--
INFO: Run Behavior\ShowPageTraceBehavior [ RunTime:0.000785s ]
INFO: [ app_end ] --END-- [ RunTime:0.000879s ]

[ 2017-03-20T14:15:02+08:00 ] ::1 /eshop/index.php/User/doLogin.html
INFO: [ app_begin ] --START--
INFO: Run Behavior\ReadHtmlCacheBehavior [ RunTime:0.000734s ]
INFO: [ app_begin ] --END-- [ RunTime:0.001272s ]
SQL: SHOW COLUMNS FROM `eshop_user` [ RunTime:0.0695s ]
SQL: SELECT * FROM `eshop_user` WHERE `name` = 'admin12' LIMIT 1   [ RunTime:0.0004s ]

[ 2017-03-20T14:15:13+08:00 ] ::1 /eshop/index.php/User/checkVerify.html
INFO: [ app_begin ] --START--
INFO: Run Behavior\ReadHtmlCacheBehavior [ RunTime:0.000659s ]
INFO: [ app_begin ] --END-- [ RunTime:0.001164s ]
INFO: [ app_end ] --START--
INFO: Run Behavior\ShowPageTraceBehavior [ RunTime:0.000745s ]
INFO: [ app_end ] --END-- [ RunTime:0.000830s ]

[ 2017-03-20T14:16:30+08:00 ] ::1 /eshop/index.php/User/checkVerify.html
INFO: [ app_begin ] --START--
INFO: Run Behavior\ReadHtmlCacheBehavior [ RunTime:0.000951s ]
INFO: [ app_begin ] --END-- [ RunTime:0.001566s ]
INFO: [ app_end ] --START--
INFO: Run Behavior\ShowPageTraceBehavior [ RunTime:0.000966s ]
INFO: [ app_end ] --END-- [ RunTime:0.001047s ]

[ 2017-03-20T14:16:40+08:00 ] ::1 /eshop/index.php/User/doLogin.html
INFO: [ app_begin ] --START--
INFO: Run Behavior\ReadHtmlCacheBehavior [ RunTime:0.000925s ]
INFO: [ app_begin ] --END-- [ RunTime:0.001535s ]
SQL: SHOW COLUMNS FROM `eshop_user` [ RunTime:0.0272s ]
SQL: SELECT * FROM `eshop_user` WHERE `name` = 'admin12' LIMIT 1   [ RunTime:0.0005s ]

[ 2017-03-20T14:17:02+08:00 ] ::1 /eshop/index.php/User/checkVerify.html
INFO: [ app_begin ] --START--
INFO: Run Behavior\ReadHtmlCacheBehavior [ RunTime:0.001083s ]
INFO: [ app_begin ] --END-- [ RunTime:0.001798s ]
INFO: [ app_end ] --START--
INFO: Run Behavior\ShowPageTraceBehavior [ RunTime:0.001255s ]
INFO: [ app_end ] --END-- [ RunTime:0.001475s ]

[ 2017-03-20T14:17:05+08:00 ] ::1 /eshop/index.php/User/checkVerify.html
INFO: [ app_begin ] --START--
INFO: Run Behavior\ReadHtmlCacheBehavior [ RunTime:0.000999s ]
INFO: [ app_begin ] --END-- [ RunTime:0.001661s ]
INFO: [ app_end ] --START--
INFO: Run Behavior\ShowPageTraceBehavior [ RunTime:0.000970s ]
INFO: [ app_end ] --END-- [ RunTime:0.001090s ]

[ 2017-03-20T14:17:06+08:00 ] ::1 /eshop/index.php/User/checkVerify.html
INFO: [ app_begin ] --START--
INFO: Run Behavior\ReadHtmlCacheBehavior [ RunTime:0.001043s ]
INFO: [ app_begin ] --END-- [ RunTime:0.001610s ]
INFO: [ app_end ] --START--
INFO: Run Behavior\ShowPageTraceBehavior [ RunTime:0.000932s ]
INFO: [ app_end ] --END-- [ RunTime:0.001085s ]

[ 2017-03-20T14:17:14+08:00 ] ::1 /eshop/index.php/User/checkVerify.html
INFO: [ app_begin ] --START--
INFO: Run Behavior\ReadHtmlCacheBehavior [ RunTime:0.001072s ]
INFO: [ app_begin ] --END-- [ RunTime:0.001643s ]
INFO: [ app_end ] --START--
INFO: Run Behavior\ShowPageTraceBehavior [ RunTime:0.001279s ]
INFO: [ app_end ] --END-- [ RunTime:0.001417s ]

[ 2017-03-20T14:17:15+08:00 ] ::1 /eshop/index.php/User/checkVerify.html
INFO: [ app_begin ] --START--
INFO: Run Behavior\ReadHtmlCacheBehavior [ RunTime:0.001006s ]
INFO: [ app_begin ] --END-- [ RunTime:0.001584s ]
INFO: [ app_end ] --START--
INFO: Run Behavior\ShowPageTraceBehavior [ RunTime:0.001023s ]
INFO: [ app_end ] --END-- [ RunTime:0.001119s ]

[ 2017-03-20T14:17:17+08:00 ] ::1 /eshop/index.php/User/checkVerify.html
INFO: [ app_begin ] --START--
INFO: Run Behavior\ReadHtmlCacheBehavior [ RunTime:0.001286s ]
INFO: [ app_begin ] --END-- [ RunTime:0.002027s ]
INFO: [ app_end ] --START--
INFO: Run Behavior\ShowPageTraceBehavior [ RunTime:0.000902s ]
INFO: [ app_end ] --END-- [ RunTime:0.000998s ]

[ 2017-03-20T14:17:17+08:00 ] ::1 /eshop/index.php/User/checkVerify.html
INFO: [ app_begin ] --START--
INFO: Run Behavior\ReadHtmlCacheBehavior [ RunTime:0.000856s ]
INFO: [ app_begin ] --END-- [ RunTime:0.001407s ]
INFO: [ app_end ] --START--
INFO: Run Behavior\ShowPageTraceBehavior [ RunTime:0.000997s ]
INFO: [ app_end ] --END-- [ RunTime:0.001082s ]

[ 2017-03-20T14:17:19+08:00 ] ::1 /eshop/index.php/User/checkVerify.html
INFO: [ app_begin ] --START--
INFO: Run Behavior\ReadHtmlCacheBehavior [ RunTime:0.001716s ]
INFO: [ app_begin ] --END-- [ RunTime:0.002632s ]
INFO: [ app_end ] --START--
INFO: Run Behavior\ShowPageTraceBehavior [ RunTime:0.000964s ]
INFO: [ app_end ] --END-- [ RunTime:0.001054s ]

[ 2017-03-20T14:17:21+08:00 ] ::1 /eshop/index.php/User/doLogin.html
INFO: [ app_begin ] --START--
INFO: Run Behavior\ReadHtmlCacheBehavior [ RunTime:0.001481s ]
INFO: [ app_begin ] --END-- [ RunTime:0.002579s ]
SQL: SHOW COLUMNS FROM `eshop_user` [ RunTime:0.0691s ]
SQL: SELECT * FROM `eshop_user` WHERE `name` = 'admin' LIMIT 1   [ RunTime:0.0004s ]
NOTIC: [2] fopen(D:\wampserver\wamp\www\eshop\ThinkPHP\Library\Org\Net/UTFWry.dat): failed to open stream: No such file or directory D:\wampserver\wamp\www\eshop\ThinkPHP\Library\Org\Net\IpLocation.class.php 第 54 行.
SQL: SHOW COLUMNS FROM `eshop_user_log` [ RunTime:0.0051s ]
SQL: INSERT INTO `eshop_user_log` (`userId`,`action`,`ip`,`location`,`time`) VALUES ('20','登录','0.0.0.0',NULL,'1489990641') [ RunTime:0.0664s ]

[ 2017-03-20T14:21:02+08:00 ] ::1 /eshop/index.php/UserCenter/userinfoEdit.html
INFO: [ app_begin ] --START--
INFO: Run Behavior\ReadHtmlCacheBehavior [ RunTime:0.001018s ]
INFO: [ app_begin ] --END-- [ RunTime:0.001692s ]
NOTIC: [8] Undefined variable: face D:\wampserver\wamp\www\eshop\App\Home\Controller\UserCenterController.class.php 第 76 行.
SQL: SHOW COLUMNS FROM `eshop_user` [ RunTime:0.0055s ]
NOTIC: [8] Undefined index: validate D:\wampserver\wamp\www\eshop\ThinkPHP\Library\Think\Model.class.php 第 1185 行.
NOTIC: [8] Undefined index: trueName D:\wampserver\wamp\www\eshop\ThinkPHP\Library\Think\Model.class.php 第 1217 行.
NOTIC: [8] Undefined index: carNum D:\wampserver\wamp\www\eshop\ThinkPHP\Library\Think\Model.class.php 第 1217 行.
NOTIC: [8] Undefined index: auto D:\wampserver\wamp\www\eshop\ThinkPHP\Library\Think\Model.class.php 第 1128 行.
NOTIC: [2] md5() expects at least 1 parameter, 0 given D:\wampserver\wamp\www\eshop\ThinkPHP\Library\Think\Model.class.php 第 1154 行.

[ 2017-03-20T14:21:32+08:00 ] ::1 /eshop/index.php/UserCenter/userinfoEdit.html
INFO: [ app_begin ] --START--
INFO: Run Behavior\ReadHtmlCacheBehavior [ RunTime:0.000859s ]
INFO: [ app_begin ] --END-- [ RunTime:0.001475s ]
NOTIC: [8] Undefined variable: face D:\wampserver\wamp\www\eshop\App\Home\Controller\UserCenterController.class.php 第 76 行.
SQL: SHOW COLUMNS FROM `eshop_user` [ RunTime:0.0060s ]
NOTIC: [8] Undefined index: validate D:\wampserver\wamp\www\eshop\ThinkPHP\Library\Think\Model.class.php 第 1185 行.
NOTIC: [8] Undefined index: trueName D:\wampserver\wamp\www\eshop\ThinkPHP\Library\Think\Model.class.php 第 1217 行.
NOTIC: [8] Undefined index: carNum D:\wampserver\wamp\www\eshop\ThinkPHP\Library\Think\Model.class.php 第 1217 行.
NOTIC: [8] Undefined index: auto D:\wampserver\wamp\www\eshop\ThinkPHP\Library\Think\Model.class.php 第 1128 行.
NOTIC: [2] md5() expects at least 1 parameter, 0 given D:\wampserver\wamp\www\eshop\ThinkPHP\Library\Think\Model.class.php 第 1154 行.

[ 2017-03-20T14:23:57+08:00 ] ::1 /eshop/index.php/UserCenter/userinfoEdit.html
INFO: [ app_begin ] --START--
INFO: Run Behavior\ReadHtmlCacheBehavior [ RunTime:0.001263s ]
INFO: [ app_begin ] --END-- [ RunTime:0.001994s ]
NOTIC: [8] Undefined variable: face D:\wampserver\wamp\www\eshop\App\Home\Controller\UserCenterController.class.php 第 76 行.

[ 2017-03-20T14:24:08+08:00 ] ::1 /eshop/index.php/UserCenter/userinfoEdit.html
INFO: [ app_begin ] --START--
INFO: Run Behavior\ReadHtmlCacheBehavior [ RunTime:0.000958s ]
INFO: [ app_begin ] --END-- [ RunTime:0.001528s ]
NOTIC: [8] Undefined variable: face D:\wampserver\wamp\www\eshop\App\Home\Controller\UserCenterController.class.php 第 76 行.
SQL: SHOW COLUMNS FROM `eshop_user` [ RunTime:0.0061s ]
NOTIC: [8] Undefined index: validate D:\wampserver\wamp\www\eshop\ThinkPHP\Library\Think\Model.class.php 第 1185 行.
NOTIC: [8] Undefined index: trueName D:\wampserver\wamp\www\eshop\ThinkPHP\Library\Think\Model.class.php 第 1217 行.
NOTIC: [8] Undefined index: carNum D:\wampserver\wamp\www\eshop\ThinkPHP\Library\Think\Model.class.php 第 1217 行.
NOTIC: [8] Undefined index: auto D:\wampserver\wamp\www\eshop\ThinkPHP\Library\Think\Model.class.php 第 1128 行.
NOTIC: [2] md5() expects at least 1 parameter, 0 given D:\wampserver\wamp\www\eshop\ThinkPHP\Library\Think\Model.class.php 第 1154 行.

[ 2017-03-20T14:24:30+08:00 ] ::1 /eshop/index.php/UserCenter/userinfoEdit.html
INFO: [ app_begin ] --START--
INFO: Run Behavior\ReadHtmlCacheBehavior [ RunTime:0.001245s ]
INFO: [ app_begin ] --END-- [ RunTime:0.001830s ]
NOTIC: [8] Undefined variable: face D:\wampserver\wamp\www\eshop\App\Home\Controller\UserCenterController.class.php 第 76 行.
SQL: SHOW COLUMNS FROM `eshop_user` [ RunTime:0.0061s ]
NOTIC: [8] Undefined index: validate D:\wampserver\wamp\www\eshop\ThinkPHP\Library\Think\Model.class.php 第 1185 行.
NOTIC: [8] Undefined index: trueName D:\wampserver\wamp\www\eshop\ThinkPHP\Library\Think\Model.class.php 第 1217 行.
NOTIC: [8] Undefined index: carNum D:\wampserver\wamp\www\eshop\ThinkPHP\Library\Think\Model.class.php 第 1217 行.
NOTIC: [8] Undefined index: auto D:\wampserver\wamp\www\eshop\ThinkPHP\Library\Think\Model.class.php 第 1128 行.
NOTIC: [2] md5() expects at least 1 parameter, 0 given D:\wampserver\wamp\www\eshop\ThinkPHP\Library\Think\Model.class.php 第 1154 行.

[ 2017-03-20T14:27:34+08:00 ] ::1 /eshop/index.php/UserCenter/userinfoEdit.html
INFO: [ app_begin ] --START--
INFO: Run Behavior\ReadHtmlCacheBehavior [ RunTime:0.000973s ]
INFO: [ app_begin ] --END-- [ RunTime:0.001568s ]

[ 2017-03-20T14:27:46+08:00 ] ::1 /eshop/index.php/UserCenter/userinfoEdit.html
INFO: [ app_begin ] --START--
INFO: Run Behavior\ReadHtmlCacheBehavior [ RunTime:0.000989s ]
INFO: [ app_begin ] --END-- [ RunTime:0.001622s ]
NOTIC: [8] Undefined variable: face D:\wampserver\wamp\www\eshop\App\Home\Controller\UserCenterController.class.php 第 76 行.
SQL: SHOW COLUMNS FROM `eshop_user` [ RunTime:0.0062s ]
NOTIC: [8] Undefined index: validate D:\wampserver\wamp\www\eshop\ThinkPHP\Library\Think\Model.class.php 第 1185 行.
NOTIC: [8] Undefined index: trueName D:\wampserver\wamp\www\eshop\ThinkPHP\Library\Think\Model.class.php 第 1217 行.
NOTIC: [8] Undefined index: carNum D:\wampserver\wamp\www\eshop\ThinkPHP\Library\Think\Model.class.php 第 1217 行.
NOTIC: [8] Undefined index: auto D:\wampserver\wamp\www\eshop\ThinkPHP\Library\Think\Model.class.php 第 1128 行.
NOTIC: [2] md5() expects at least 1 parameter, 0 given D:\wampserver\wamp\www\eshop\ThinkPHP\Library\Think\Model.class.php 第 1154 行.
NOTIC: [8] Undefined index: validate D:\wampserver\wamp\www\eshop\ThinkPHP\Library\Think\Model.class.php 第 1185 行.
NOTIC: [8] Undefined index: trueName D:\wampserver\wamp\www\eshop\ThinkPHP\Library\Think\Model.class.php 第 1217 行.
NOTIC: [8] Undefined index: carNum D:\wampserver\wamp\www\eshop\ThinkPHP\Library\Think\Model.class.php 第 1217 行.
NOTIC: [8] Undefined index: auto D:\wampserver\wamp\www\eshop\ThinkPHP\Library\Think\Model.class.php 第 1128 行.
NOTIC: [2] md5() expects at least 1 parameter, 0 given D:\wampserver\wamp\www\eshop\ThinkPHP\Library\Think\Model.class.php 第 1154 行.
SQL: INSERT INTO `eshop_user` (`nick`,`qq`,`tel`) VALUES ('','','') [ RunTime:0.0004s ]

[ 2017-03-20T14:48:53+08:00 ] ::1 /eshop/index.php/UserCenter/doModifyPwd.html
INFO: [ app_begin ] --START--
INFO: Run Behavior\ReadHtmlCacheBehavior [ RunTime:0.000892s ]
INFO: [ app_begin ] --END-- [ RunTime:0.001519s ]
SQL: SHOW COLUMNS FROM `eshop_user` [ RunTime:0.0050s ]
SQL: UPDATE `eshop_user` SET `password`='e00cf25ad42683b3df678c61f42c6bda' WHERE `id` = 20 [ RunTime:0.0878s ]
SQL: SHOW COLUMNS FROM `eshop_user_log` [ RunTime:0.0067s ]
NOTIC: [2] fopen(D:\wampserver\wamp\www\eshop\ThinkPHP\Library\Org\Net/UTFWry.dat): failed to open stream: No such file or directory D:\wampserver\wamp\www\eshop\ThinkPHP\Library\Org\Net\IpLocation.class.php 第 54 行.
SQL: INSERT INTO `eshop_user_log` (`userId`,`action`,`ip`,`location`,`time`) VALUES ('20','修改密码','0.0.0.0',NULL,'1489992533') [ RunTime:0.0450s ]

[ 2017-03-20T14:49:12+08:00 ] ::1 /eshop/index.php/User/checkVerify.html
INFO: [ app_begin ] --START--
INFO: Run Behavior\ReadHtmlCacheBehavior [ RunTime:0.001112s ]
INFO: [ app_begin ] --END-- [ RunTime:0.001686s ]
INFO: [ app_end ] --START--
INFO: Run Behavior\ShowPageTraceBehavior [ RunTime:0.000989s ]
INFO: [ app_end ] --END-- [ RunTime:0.001101s ]

[ 2017-03-20T14:49:19+08:00 ] ::1 /eshop/index.php/User/checkVerify.html
INFO: [ app_begin ] --START--
INFO: Run Behavior\ReadHtmlCacheBehavior [ RunTime:0.001022s ]
INFO: [ app_begin ] --END-- [ RunTime:0.001628s ]
INFO: [ app_end ] --START--
INFO: Run Behavior\ShowPageTraceBehavior [ RunTime:0.000930s ]
INFO: [ app_end ] --END-- [ RunTime:0.001016s ]

[ 2017-03-20T14:49:20+08:00 ] ::1 /eshop/index.php/User/checkVerify.html
INFO: [ app_begin ] --START--
INFO: Run Behavior\ReadHtmlCacheBehavior [ RunTime:0.001191s ]
INFO: [ app_begin ] --END-- [ RunTime:0.001771s ]
INFO: [ app_end ] --START--
INFO: Run Behavior\ShowPageTraceBehavior [ RunTime:0.000938s ]
INFO: [ app_end ] --END-- [ RunTime:0.001024s ]

[ 2017-03-20T14:49:21+08:00 ] ::1 /eshop/index.php/User/checkVerify.html
INFO: [ app_begin ] --START--
INFO: Run Behavior\ReadHtmlCacheBehavior [ RunTime:0.001007s ]
INFO: [ app_begin ] --END-- [ RunTime:0.001673s ]
INFO: [ app_end ] --START--
INFO: Run Behavior\ShowPageTraceBehavior [ RunTime:0.000931s ]
INFO: [ app_end ] --END-- [ RunTime:0.001017s ]

[ 2017-03-20T14:49:22+08:00 ] ::1 /eshop/index.php/User/checkVerify.html
INFO: [ app_begin ] --START--
INFO: Run Behavior\ReadHtmlCacheBehavior [ RunTime:0.000889s ]
INFO: [ app_begin ] --END-- [ RunTime:0.001439s ]
INFO: [ app_end ] --START--
INFO: Run Behavior\ShowPageTraceBehavior [ RunTime:0.000972s ]
INFO: [ app_end ] --END-- [ RunTime:0.001058s ]

[ 2017-03-20T14:49:22+08:00 ] ::1 /eshop/index.php/User/checkVerify.html
INFO: [ app_begin ] --START--
INFO: Run Behavior\ReadHtmlCacheBehavior [ RunTime:0.000862s ]
INFO: [ app_begin ] --END-- [ RunTime:0.001409s ]
INFO: [ app_end ] --START--
INFO: Run Behavior\ShowPageTraceBehavior [ RunTime:0.000977s ]
INFO: [ app_end ] --END-- [ RunTime:0.001095s ]

[ 2017-03-20T14:49:24+08:00 ] ::1 /eshop/index.php/User/doLogin.html
INFO: [ app_begin ] --START--
INFO: Run Behavior\ReadHtmlCacheBehavior [ RunTime:0.000873s ]
INFO: [ app_begin ] --END-- [ RunTime:0.001487s ]
SQL: SHOW COLUMNS FROM `eshop_user` [ RunTime:0.0790s ]
SQL: SELECT * FROM `eshop_user` WHERE `name` = 'admin' LIMIT 1   [ RunTime:0.0004s ]
NOTIC: [2] fopen(D:\wampserver\wamp\www\eshop\ThinkPHP\Library\Org\Net/UTFWry.dat): failed to open stream: No such file or directory D:\wampserver\wamp\www\eshop\ThinkPHP\Library\Org\Net\IpLocation.class.php 第 54 行.
SQL: SHOW COLUMNS FROM `eshop_user_log` [ RunTime:0.0058s ]
SQL: INSERT INTO `eshop_user_log` (`userId`,`action`,`ip`,`location`,`time`) VALUES ('20','登录','0.0.0.0',NULL,'1489992564') [ RunTime:0.0523s ]

[ 2017-03-20T14:52:10+08:00 ] ::1 /eshop/index.php/User/checkVerify.html
INFO: [ app_begin ] --START--
INFO: Run Behavior\ReadHtmlCacheBehavior [ RunTime:0.000916s ]
INFO: [ app_begin ] --END-- [ RunTime:0.001502s ]
INFO: [ app_end ] --START--
INFO: Run Behavior\ShowPageTraceBehavior [ RunTime:0.000873s ]
INFO: [ app_end ] --END-- [ RunTime:0.000952s ]

[ 2017-03-20T14:52:18+08:00 ] ::1 /eshop/index.php/User/checkVerify.html
INFO: [ app_begin ] --START--
INFO: Run Behavior\ReadHtmlCacheBehavior [ RunTime:0.000877s ]
INFO: [ app_begin ] --END-- [ RunTime:0.001460s ]
INFO: [ app_end ] --START--
INFO: Run Behavior\ShowPageTraceBehavior [ RunTime:0.000903s ]
INFO: [ app_end ] --END-- [ RunTime:0.001032s ]

[ 2017-03-20T14:52:18+08:00 ] ::1 /eshop/index.php/User/checkVerify.html
INFO: [ app_begin ] --START--
INFO: Run Behavior\ReadHtmlCacheBehavior [ RunTime:0.000877s ]
INFO: [ app_begin ] --END-- [ RunTime:0.001450s ]
INFO: [ app_end ] --START--
INFO: Run Behavior\ShowPageTraceBehavior [ RunTime:0.000822s ]
INFO: [ app_end ] --END-- [ RunTime:0.000937s ]

[ 2017-03-20T14:52:20+08:00 ] ::1 /eshop/index.php/User/doLogin.html
INFO: [ app_begin ] --START--
INFO: Run Behavior\ReadHtmlCacheBehavior [ RunTime:0.000943s ]
INFO: [ app_begin ] --END-- [ RunTime:0.001542s ]
SQL: SHOW COLUMNS FROM `eshop_user` [ RunTime:0.0706s ]
SQL: SELECT * FROM `eshop_user` WHERE `name` = 'admin' LIMIT 1   [ RunTime:0.0012s ]
ERR: Think\Model:addLog方法不存在！

[ 2017-03-20T14:52:23+08:00 ] ::1 /eshop/index.php/User/doLogin.html
INFO: [ app_begin ] --START--
INFO: Run Behavior\ReadHtmlCacheBehavior [ RunTime:0.001149s ]
INFO: [ app_begin ] --END-- [ RunTime:0.001758s ]
SQL: SHOW COLUMNS FROM `eshop_user` [ RunTime:0.0704s ]
SQL: SELECT * FROM `eshop_user` WHERE `name` = 'admin' LIMIT 1   [ RunTime:0.0004s ]
ERR: Think\Model:addLog方法不存在！

[ 2017-03-20T14:52:47+08:00 ] ::1 /eshop/index.php/User/checkVerify.html
INFO: [ app_begin ] --START--
INFO: Run Behavior\ReadHtmlCacheBehavior [ RunTime:0.000848s ]
INFO: [ app_begin ] --END-- [ RunTime:0.001584s ]
INFO: [ app_end ] --START--
INFO: Run Behavior\ShowPageTraceBehavior [ RunTime:0.001161s ]
INFO: [ app_end ] --END-- [ RunTime:0.001284s ]

[ 2017-03-20T14:52:59+08:00 ] ::1 /eshop/index.php/User/doLogin.html
INFO: [ app_begin ] --START--
INFO: Run Behavior\ReadHtmlCacheBehavior [ RunTime:0.000806s ]
INFO: [ app_begin ] --END-- [ RunTime:0.001343s ]
SQL: SHOW COLUMNS FROM `eshop_user` [ RunTime:0.0481s ]
SQL: SELECT * FROM `eshop_user` WHERE `name` = 'admin' LIMIT 1   [ RunTime:0.0004s ]
ERR: Think\Model:addLog方法不存在！

[ 2017-03-20T14:53:40+08:00 ] ::1 /eshop/index.php/User/doLogin.html
INFO: [ app_begin ] --START--
INFO: Run Behavior\ReadHtmlCacheBehavior [ RunTime:0.000861s ]
INFO: [ app_begin ] --END-- [ RunTime:0.001485s ]
SQL: SHOW COLUMNS FROM `eshop_user` [ RunTime:0.0342s ]
SQL: SELECT * FROM `eshop_user` WHERE `name` = 'admin' LIMIT 1   [ RunTime:0.0005s ]
SQL: SHOW COLUMNS FROM `eshop_user_log` [ RunTime:0.0070s ]
NOTIC: [2] fopen(D:\wampserver\wamp\www\eshop\ThinkPHP\Library\Org\Net/UTFWry.dat): failed to open stream: No such file or directory D:\wampserver\wamp\www\eshop\ThinkPHP\Library\Org\Net\IpLocation.class.php 第 54 行.
SQL: INSERT INTO `eshop_user_log` (`userId`,`action`,`ip`,`location`,`time`) VALUES ('20','登录','0.0.0.0',NULL,'1489992820') [ RunTime:0.0560s ]

[ 2017-03-20T15:02:56+08:00 ] ::1 /eshop/index.php/UserCenter/userinfoEdit.html
INFO: [ app_begin ] --START--
INFO: Run Behavior\ReadHtmlCacheBehavior [ RunTime:0.000794s ]
INFO: [ app_begin ] --END-- [ RunTime:0.001621s ]
NOTIC: [8] Undefined variable: face D:\wampserver\wamp\www\eshop\App\Home\Controller\UserCenterController.class.php 第 74 行.
SQL: SHOW COLUMNS FROM `eshop_user` [ RunTime:0.0056s ]
NOTIC: [8] Undefined index: validate D:\wampserver\wamp\www\eshop\ThinkPHP\Library\Think\Model.class.php 第 1185 行.
NOTIC: [8] Undefined index: trueName D:\wampserver\wamp\www\eshop\ThinkPHP\Library\Think\Model.class.php 第 1217 行.
NOTIC: [8] Undefined index: carNum D:\wampserver\wamp\www\eshop\ThinkPHP\Library\Think\Model.class.php 第 1217 行.
NOTIC: [8] Undefined index: auto D:\wampserver\wamp\www\eshop\ThinkPHP\Library\Think\Model.class.php 第 1128 行.
NOTIC: [2] md5() expects at least 1 parameter, 0 given D:\wampserver\wamp\www\eshop\ThinkPHP\Library\Think\Model.class.php 第 1154 行.
NOTIC: [8] Undefined index: validate D:\wampserver\wamp\www\eshop\ThinkPHP\Library\Think\Model.class.php 第 1185 行.
NOTIC: [8] Undefined index: trueName D:\wampserver\wamp\www\eshop\ThinkPHP\Library\Think\Model.class.php 第 1217 行.
NOTIC: [8] Undefined index: carNum D:\wampserver\wamp\www\eshop\ThinkPHP\Library\Think\Model.class.php 第 1217 行.
NOTIC: [8] Undefined index: auto D:\wampserver\wamp\www\eshop\ThinkPHP\Library\Think\Model.class.php 第 1128 行.
NOTIC: [2] md5() expects at least 1 parameter, 0 given D:\wampserver\wamp\www\eshop\ThinkPHP\Library\Think\Model.class.php 第 1154 行.
SQL: INSERT INTO `eshop_user` (`nick`,`qq`,`tel`) VALUES ('','','') [ RunTime:0.0007s ]

[ 2017-03-20T15:26:13+08:00 ] ::1 /eshop/index.php/UserCenter/userinfoEdit.html
INFO: [ app_begin ] --START--
INFO: Run Behavior\ReadHtmlCacheBehavior [ RunTime:0.001413s ]
INFO: [ app_begin ] --END-- [ RunTime:0.003314s ]
SQL: SHOW COLUMNS FROM `eshop_user` [ RunTime:0.0077s ]
NOTIC: [8] Undefined variable: msg D:\wampserver\wamp\www\eshop\App\Home\Controller\UserCenterController.class.php 第 69 行.

[ 2017-03-20T15:26:37+08:00 ] ::1 /eshop/index.php/UserCenter/userinfoEdit.html
INFO: [ app_begin ] --START--
INFO: Run Behavior\ReadHtmlCacheBehavior [ RunTime:0.000729s ]
INFO: [ app_begin ] --END-- [ RunTime:0.001259s ]
SQL: SHOW COLUMNS FROM `eshop_user` [ RunTime:0.0073s ]
NOTIC: [2] call_user_func() expects parameter 1 to be a valid callback, no array or string given D:\wampserver\wamp\www\eshop\ThinkPHP\Library\Think\Upload.class.php 第 170 行.
SQL: SELECT `photo` FROM `eshop_user` WHERE `id` = 20 LIMIT 1   [ RunTime:0.0005s ]
NOTIC: [8] Undefined variable: msg D:\wampserver\wamp\www\eshop\App\Home\Controller\UserCenterController.class.php 第 69 行.

[ 2017-03-20T15:27:07+08:00 ] ::1 /eshop/index.php/UserCenter/userinfoEdit.html
INFO: [ app_begin ] --START--
INFO: Run Behavior\ReadHtmlCacheBehavior [ RunTime:0.001290s ]
INFO: [ app_begin ] --END-- [ RunTime:0.001899s ]
SQL: SHOW COLUMNS FROM `eshop_user` [ RunTime:0.0057s ]
NOTIC: [2] call_user_func() expects parameter 1 to be a valid callback, no array or string given D:\wampserver\wamp\www\eshop\ThinkPHP\Library\Think\Upload.class.php 第 170 行.
SQL: SELECT `photo` FROM `eshop_user` WHERE `id` = 20 LIMIT 1   [ RunTime:0.0003s ]
NOTIC: [8] Undefined variable: msg D:\wampserver\wamp\www\eshop\App\Home\Controller\UserCenterController.class.php 第 69 行.

[ 2017-03-20T15:27:39+08:00 ] ::1 /eshop/index.php/UserCenter/userinfoEdit.html
INFO: [ app_begin ] --START--
INFO: Run Behavior\ReadHtmlCacheBehavior [ RunTime:0.000836s ]
INFO: [ app_begin ] --END-- [ RunTime:0.001479s ]
SQL: SHOW COLUMNS FROM `eshop_user` [ RunTime:0.0100s ]
NOTIC: [2] call_user_func() expects parameter 1 to be a valid callback, no array or string given D:\wampserver\wamp\www\eshop\ThinkPHP\Library\Think\Upload.class.php 第 170 行.
SQL: SELECT `photo` FROM `eshop_user` WHERE `id` = 20 LIMIT 1   [ RunTime:0.0004s ]
NOTIC: [8] Undefined variable: msg D:\wampserver\wamp\www\eshop\App\Home\Controller\UserCenterController.class.php 第 69 行.

[ 2017-03-20T15:28:13+08:00 ] ::1 /eshop/index.php/UserCenter/userinfoEdit.html
INFO: [ app_begin ] --START--
INFO: Run Behavior\ReadHtmlCacheBehavior [ RunTime:0.000804s ]
INFO: [ app_begin ] --END-- [ RunTime:0.001379s ]
SQL: SHOW COLUMNS FROM `eshop_user` [ RunTime:0.0098s ]
NOTIC: [2] call_user_func() expects parameter 1 to be a valid callback, no array or string given D:\wampserver\wamp\www\eshop\ThinkPHP\Library\Think\Upload.class.php 第 170 行.
SQL: SELECT `photo` FROM `eshop_user` WHERE `id` = 20 LIMIT 1   [ RunTime:0.0007s ]

[ 2017-03-20T15:28:51+08:00 ] ::1 /eshop/index.php/UserCenter/userinfoEdit.html
INFO: [ app_begin ] --START--
INFO: Run Behavior\ReadHtmlCacheBehavior [ RunTime:0.001603s ]
INFO: [ app_begin ] --END-- [ RunTime:0.002225s ]
SQL: SHOW COLUMNS FROM `eshop_user` [ RunTime:0.0075s ]
NOTIC: [2] call_user_func() expects parameter 1 to be a valid callback, no array or string given D:\wampserver\wamp\www\eshop\ThinkPHP\Library\Think\Upload.class.php 第 170 行.
SQL: SELECT `photo` FROM `eshop_user` WHERE `id` = 20 LIMIT 1   [ RunTime:0.0005s ]

