[ 2017-05-21T09:28:58+08:00 ] ::1 /eshop/index.php/Home/Shop/index/shopId/3.html
ERR: Cron:cron Runat 2017-05-21 09:28:58 Use 0.000675 s

[ 2017-05-21T09:29:06+08:00 ] ::1 /eshop/index.php/Home/Index/index.html
ERR: Cron:cron Runat 2017-05-21 09:29:06 Use 0.000522 s

[ 2017-05-21T09:29:12+08:00 ] ::1 /eshop/index.php/Home/User/login.html
ERR: Cron:cron Runat 2017-05-21 09:29:12 Use 0.000523 s

[ 2017-05-21T09:29:15+08:00 ] ::1 /eshop/index.php/Home/ForgetPwd/index/type/user.html
ERR: Cron:cron Runat 2017-05-21 09:29:15 Use 0.000560 s

[ 2017-05-21T09:29:24+08:00 ] ::1 /eshop/index.php/ForgetPwd/checkAccount.html
ERR: Cron:cron Runat 2017-05-21 09:29:24 Use 0.000477 s

[ 2017-05-21T09:29:24+08:00 ] ::1 /eshop/index.php/ForgetPwd/checkAccount.html
INFO: [ app_begin ] --START--
INFO: Run Behavior\ReadHtmlCacheBehavior [ RunTime:0.001278s ]
INFO: Run Behavior\CronRunBehavior [ RunTime:0.006629s ]
INFO: [ app_begin ] --END-- [ RunTime:0.009265s ]
SQL: SHOW COLUMNS FROM `eshop_messages` [ RunTime:0.0219s ]
SQL: SELECT COUNT(*) AS tp_count FROM `eshop_messages` WHERE `status` = 0 AND `receiveId` = null LIMIT 1   [ RunTime:0.0005s ]
SQL: SHOW COLUMNS FROM `eshop_user` [ RunTime:0.1284s ]
SQL: SELECT `id` FROM `eshop_user` WHERE `name` = 'admin' OR `email` = 'admin' OR `tel` = 'admin' LIMIT 1   [ RunTime:0.0005s ]
INFO: [ app_end ] --START--
INFO: Run Behavior\ShowPageTraceBehavior [ RunTime:0.001367s ]
INFO: [ app_end ] --END-- [ RunTime:0.001505s ]

[ 2017-05-21T09:29:28+08:00 ] ::1 /eshop/index.php/ForgetPwd/verify/id/3.html?0.2928206997503786
ERR: Cron:cron Runat 2017-05-21 09:29:28 Use 0.000517 s

[ 2017-05-21T09:29:40+08:00 ] ::1 /eshop/index.php/ForgetPwd/checkVerify.html
ERR: Cron:cron Runat 2017-05-21 09:29:40 Use 0.000484 s

[ 2017-05-21T09:29:40+08:00 ] ::1 /eshop/index.php/ForgetPwd/checkVerify.html
INFO: [ app_begin ] --START--
INFO: Run Behavior\ReadHtmlCacheBehavior [ RunTime:0.001220s ]
INFO: Run Behavior\CronRunBehavior [ RunTime:0.008360s ]
INFO: [ app_begin ] --END-- [ RunTime:0.010597s ]
SQL: SHOW COLUMNS FROM `eshop_messages` [ RunTime:0.0872s ]
SQL: SELECT COUNT(*) AS tp_count FROM `eshop_messages` WHERE `status` = 0 AND `receiveId` = null LIMIT 1   [ RunTime:0.0009s ]
INFO: [ app_end ] --START--
INFO: Run Behavior\ShowPageTraceBehavior [ RunTime:0.002389s ]
INFO: [ app_end ] --END-- [ RunTime:0.002653s ]

[ 2017-05-21T09:29:41+08:00 ] ::1 /eshop/index.php/ForgetPwd/findPwd.html
INFO: [ app_begin ] --START--
INFO: Run Behavior\ReadHtmlCacheBehavior [ RunTime:0.001747s ]
INFO: Run Behavior\CronRunBehavior [ RunTime:0.005045s ]
INFO: [ app_begin ] --END-- [ RunTime:0.008180s ]
SQL: SHOW COLUMNS FROM `eshop_messages` [ RunTime:0.0073s ]
SQL: SELECT COUNT(*) AS tp_count FROM `eshop_messages` WHERE `status` = 0 AND `receiveId` = null LIMIT 1   [ RunTime:0.0005s ]
SQL: SHOW COLUMNS FROM `eshop_user` [ RunTime:0.0087s ]
SQL: SELECT `id`,`name`,`email`,`tel`,`bind_email`,`bind_tel` FROM `eshop_user` WHERE `name` = 'admin' OR `email` = 'admin' OR `tel` = 'admin' LIMIT 1   [ RunTime:0.0005s ]

[ 2017-05-21T09:29:42+08:00 ] ::1 /eshop/index.php/ForgetPwd/foregtPwd.html
ERR: Cron:cron Runat 2017-05-21 09:29:42 Use 0.000607 s

[ 2017-05-21T09:35:12+08:00 ] ::1 /eshop/index.php/ForgetPwd/foregtPwd.html
ERR: Cron:cron Runat 2017-05-21 09:35:12 Use 0.000668 s

[ 2017-05-21T09:35:28+08:00 ] ::1 /eshop/index.php/ForgetPwd/foregtPwd.html
ERR: Cron:cron Runat 2017-05-21 09:35:28 Use 0.000444 s

[ 2017-05-21T09:36:34+08:00 ] ::1 /eshop/index.php/ForgetPwd/foregtPwd.html
ERR: Cron:cron Runat 2017-05-21 09:36:34 Use 0.000511 s

[ 2017-05-21T09:37:19+08:00 ] ::1 /eshop/index.php/ForgetPwd/foregtPwd.html
ERR: Cron:cron Runat 2017-05-21 09:37:19 Use 0.000550 s

[ 2017-05-21T09:38:00+08:00 ] ::1 /eshop/index.php/ForgetPwd/foregtPwd.html
ERR: Cron:cron Runat 2017-05-21 09:38:00 Use 0.000284 s

[ 2017-05-21T09:38:25+08:00 ] ::1 /eshop/index.php/ForgetPwd/foregtPwd.html
ERR: Cron:cron Runat 2017-05-21 09:38:25 Use 0.000357 s

[ 2017-05-21T09:54:27+08:00 ] ::1 /eshop/index.php/ForgetPwd/foregtPwd.html
ERR: Cron:cron Runat 2017-05-21 09:54:27 Use 0.000751 s

[ 2017-05-21T09:54:53+08:00 ] ::1 /eshop/index.php/ForgetPwd/foregtPwd.html
ERR: Cron:cron Runat 2017-05-21 09:54:53 Use 0.000290 s

[ 2017-05-21T09:55:27+08:00 ] ::1 /eshop/index.php/ForgetPwd/foregtPwd.html
ERR: Cron:cron Runat 2017-05-21 09:55:27 Use 0.000296 s

[ 2017-05-21T09:55:43+08:00 ] ::1 /eshop/index.php/ForgetPwd/foregtPwd.html
ERR: Cron:cron Runat 2017-05-21 09:55:43 Use 0.000330 s

[ 2017-05-21T09:55:51+08:00 ] ::1 /eshop/index.php/ForgetPwd/foregtPwd.html
ERR: Cron:cron Runat 2017-05-21 09:55:51 Use 0.000417 s

[ 2017-05-21T09:56:17+08:00 ] ::1 /eshop/index.php/Home/Shop/index/shopId/3.html
ERR: Cron:cron Runat 2017-05-21 09:56:17 Use 0.000782 s

[ 2017-05-21T09:56:19+08:00 ] ::1 /eshop/index.php/ForgetPwd/foregtPwd.html
ERR: Cron:cron Runat 2017-05-21 09:56:19 Use 0.000377 s

[ 2017-05-21T09:56:37+08:00 ] ::1 /eshop/index.php/ForgetPwd/foregtPwd.html
ERR: Cron:cron Runat 2017-05-21 09:56:37 Use 0.000434 s

[ 2017-05-21T09:57:10+08:00 ] ::1 /eshop/index.php/ForgetPwd/foregtPwd.html
ERR: Cron:cron Runat 2017-05-21 09:57:10 Use 0.000308 s

[ 2017-05-21T09:57:18+08:00 ] ::1 /eshop/index.php/ForgetPwd/foregtPwd.html
ERR: Cron:cron Runat 2017-05-21 09:57:18 Use 0.000467 s

[ 2017-05-21T09:57:21+08:00 ] ::1 /eshop/index.php/ForgetPwd/foregtPwd.html
ERR: Cron:cron Runat 2017-05-21 09:57:21 Use 0.000318 s

[ 2017-05-21T09:58:43+08:00 ] ::1 /eshop/index.php/ForgetPwd/foregtPwd.html
ERR: Cron:cron Runat 2017-05-21 09:58:43 Use 0.000440 s

[ 2017-05-21T10:00:17+08:00 ] ::1 /eshop/index.php/ForgetPwd/foregtPwd.html
ERR: Cron:cron Runat 2017-05-21 10:00:17 Use 0.000423 s

[ 2017-05-21T10:00:39+08:00 ] ::1 /eshop/index.php/ForgetPwd/foregtPwd.html
ERR: Cron:cron Runat 2017-05-21 10:00:39 Use 0.000480 s

[ 2017-05-21T10:00:53+08:00 ] ::1 /eshop/index.php/ForgetPwd/foregtPwd.html
ERR: Cron:cron Runat 2017-05-21 10:00:53 Use 0.000480 s

[ 2017-05-21T10:01:51+08:00 ] ::1 /eshop/index.php/ForgetPwd/foregtPwd.html
ERR: Cron:cron Runat 2017-05-21 10:01:51 Use 0.000344 s

[ 2017-05-21T10:02:06+08:00 ] ::1 /eshop/index.php/ForgetPwd/foregtPwd.html
ERR: Cron:cron Runat 2017-05-21 10:02:06 Use 0.000418 s

[ 2017-05-21T10:02:26+08:00 ] ::1 /eshop/index.php/ForgetPwd/foregtPwd.html
ERR: Cron:cron Runat 2017-05-21 10:02:26 Use 0.000351 s

[ 2017-05-21T10:02:59+08:00 ] ::1 /eshop/index.php/ForgetPwd/foregtPwd.html
ERR: Cron:cron Runat 2017-05-21 10:02:59 Use 0.000347 s

[ 2017-05-21T10:03:32+08:00 ] ::1 /eshop/index.php/ForgetPwd/foregtPwd.html
ERR: Cron:cron Runat 2017-05-21 10:03:32 Use 0.000525 s

[ 2017-05-21T10:03:38+08:00 ] ::1 /eshop/index.php/ForgetPwd/foregtPwd.html
ERR: Cron:cron Runat 2017-05-21 10:03:38 Use 0.000439 s

[ 2017-05-21T10:03:50+08:00 ] ::1 /eshop/index.php/ForgetPwd/foregtPwd.html
ERR: Cron:cron Runat 2017-05-21 10:03:50 Use 0.000282 s

[ 2017-05-21T10:05:49+08:00 ] ::1 /eshop/index.php/ForgetPwd/foregtPwd.html
ERR: Cron:cron Runat 2017-05-21 10:05:49 Use 0.000312 s

[ 2017-05-21T10:07:23+08:00 ] ::1 /eshop/index.php/ForgetPwd/foregtPwd.html
ERR: Cron:cron Runat 2017-05-21 10:07:23 Use 0.000354 s

[ 2017-05-21T10:11:27+08:00 ] ::1 /eshop/index.php/ForgetPwd/foregtPwd.html
ERR: Cron:cron Runat 2017-05-21 10:11:27 Use 0.000334 s

[ 2017-05-21T10:12:47+08:00 ] ::1 /eshop/index.php/ForgetPwd/foregtPwd.html
ERR: Cron:cron Runat 2017-05-21 10:12:47 Use 0.000413 s

[ 2017-05-21T10:13:14+08:00 ] ::1 /eshop/index.php/ForgetPwd/foregtPwd.html
ERR: Cron:cron Runat 2017-05-21 10:13:14 Use 0.000280 s

[ 2017-05-21T10:14:11+08:00 ] ::1 /eshop/index.php/ForgetPwd/foregtPwd.html
ERR: Cron:cron Runat 2017-05-21 10:14:11 Use 0.000454 s

[ 2017-05-21T10:14:47+08:00 ] ::1 /eshop/index.php/ForgetPwd/foregtPwd.html
ERR: Cron:cron Runat 2017-05-21 10:14:47 Use 0.000300 s

[ 2017-05-21T10:15:05+08:00 ] ::1 /eshop/index.php/ForgetPwd/foregtPwd.html
ERR: Cron:cron Runat 2017-05-21 10:15:05 Use 0.000350 s

[ 2017-05-21T10:15:12+08:00 ] ::1 /eshop/index.php/ForgetPwd/foregtPwd.html
ERR: Cron:cron Runat 2017-05-21 10:15:12 Use 0.000308 s

[ 2017-05-21T10:15:52+08:00 ] ::1 /eshop/index.php/ForgetPwd/foregtPwd.html
ERR: Cron:cron Runat 2017-05-21 10:15:52 Use 0.000324 s

[ 2017-05-21T10:16:07+08:00 ] ::1 /eshop/index.php/ForgetPwd/foregtPwd.html
ERR: Cron:cron Runat 2017-05-21 10:16:07 Use 0.000466 s

[ 2017-05-21T10:16:27+08:00 ] ::1 /eshop/index.php/ForgetPwd/foregtPwd.html
ERR: Cron:cron Runat 2017-05-21 10:16:27 Use 0.000309 s

[ 2017-05-21T10:17:53+08:00 ] ::1 /eshop/index.php/ForgetPwd/foregtPwd.html
ERR: Cron:cron Runat 2017-05-21 10:17:53 Use 0.000342 s

[ 2017-05-21T10:23:04+08:00 ] ::1 /eshop/index.php/ForgetPwd/foregtPwd.html
ERR: Cron:cron Runat 2017-05-21 10:23:04 Use 0.000453 s

[ 2017-05-21T10:23:07+08:00 ] ::1 /eshop/index.php/ForgetPwd/verify/id/3.html
ERR: Cron:cron Runat 2017-05-21 10:23:07 Use 0.000366 s

[ 2017-05-21T10:23:16+08:00 ] ::1 /eshop/index.php/ForgetPwd/checkAccount.html
ERR: Cron:cron Runat 2017-05-21 10:23:16 Use 0.000326 s

[ 2017-05-21T10:23:16+08:00 ] ::1 /eshop/index.php/ForgetPwd/checkAccount.html
INFO: [ app_begin ] --START--
INFO: Run Behavior\ReadHtmlCacheBehavior [ RunTime:0.001034s ]
INFO: Run Behavior\CronRunBehavior [ RunTime:0.005108s ]
INFO: [ app_begin ] --END-- [ RunTime:0.006944s ]
SQL: SHOW COLUMNS FROM `eshop_messages` [ RunTime:0.0054s ]
SQL: SELECT COUNT(*) AS tp_count FROM `eshop_messages` WHERE `status` = 0 AND `receiveId` = null LIMIT 1   [ RunTime:0.0004s ]
SQL: SHOW COLUMNS FROM `eshop_user` [ RunTime:0.0058s ]
SQL: SELECT `id` FROM `eshop_user` WHERE `name` = 'admin' OR `email` = 'admin' OR `tel` = 'admin' LIMIT 1   [ RunTime:0.0005s ]
INFO: [ app_end ] --START--
INFO: Run Behavior\ShowPageTraceBehavior [ RunTime:0.000972s ]
INFO: [ app_end ] --END-- [ RunTime:0.001071s ]

[ 2017-05-21T10:23:18+08:00 ] ::1 /eshop/index.php/ForgetPwd/verify/id/3.html?0.5247850863461708
ERR: Cron:cron Runat 2017-05-21 10:23:18 Use 0.000344 s

[ 2017-05-21T10:23:26+08:00 ] ::1 /eshop/index.php/ForgetPwd/checkVerify.html
ERR: Cron:cron Runat 2017-05-21 10:23:26 Use 0.000346 s

[ 2017-05-21T10:23:26+08:00 ] ::1 /eshop/index.php/ForgetPwd/checkVerify.html
INFO: [ app_begin ] --START--
INFO: Run Behavior\ReadHtmlCacheBehavior [ RunTime:0.000729s ]
INFO: Run Behavior\CronRunBehavior [ RunTime:0.004953s ]
INFO: [ app_begin ] --END-- [ RunTime:0.006334s ]
SQL: SHOW COLUMNS FROM `eshop_messages` [ RunTime:0.0054s ]
SQL: SELECT COUNT(*) AS tp_count FROM `eshop_messages` WHERE `status` = 0 AND `receiveId` = null LIMIT 1   [ RunTime:0.0004s ]
INFO: [ app_end ] --START--
INFO: Run Behavior\ShowPageTraceBehavior [ RunTime:0.000869s ]
INFO: [ app_end ] --END-- [ RunTime:0.000980s ]

[ 2017-05-21T10:23:28+08:00 ] ::1 /eshop/index.php/ForgetPwd/verify/id/3.html?0.5247850863461708?0.2623330978312609
ERR: Cron:cron Runat 2017-05-21 10:23:28 Use 0.000325 s

[ 2017-05-21T10:23:31+08:00 ] ::1 /eshop/index.php/ForgetPwd/checkVerify.html
ERR: Cron:cron Runat 2017-05-21 10:23:31 Use 0.000269 s

[ 2017-05-21T10:23:31+08:00 ] ::1 /eshop/index.php/ForgetPwd/checkVerify.html
INFO: [ app_begin ] --START--
INFO: Run Behavior\ReadHtmlCacheBehavior [ RunTime:0.000775s ]
INFO: Run Behavior\CronRunBehavior [ RunTime:0.004395s ]
INFO: [ app_begin ] --END-- [ RunTime:0.005795s ]
SQL: SHOW COLUMNS FROM `eshop_messages` [ RunTime:0.0050s ]
SQL: SELECT COUNT(*) AS tp_count FROM `eshop_messages` WHERE `status` = 0 AND `receiveId` = null LIMIT 1   [ RunTime:0.0005s ]
INFO: [ app_end ] --START--
INFO: Run Behavior\ShowPageTraceBehavior [ RunTime:0.000840s ]
INFO: [ app_end ] --END-- [ RunTime:0.000958s ]

[ 2017-05-21T10:23:31+08:00 ] ::1 /eshop/index.php/ForgetPwd/checkVerify.html
INFO: [ app_begin ] --START--
INFO: Run Behavior\ReadHtmlCacheBehavior [ RunTime:0.000799s ]
INFO: Run Behavior\CronRunBehavior [ RunTime:0.002795s ]
INFO: [ app_begin ] --END-- [ RunTime:0.004247s ]
SQL: SHOW COLUMNS FROM `eshop_messages` [ RunTime:0.0053s ]
SQL: SELECT COUNT(*) AS tp_count FROM `eshop_messages` WHERE `status` = 0 AND `receiveId` = null LIMIT 1   [ RunTime:0.0004s ]
INFO: [ app_end ] --START--
INFO: Run Behavior\ShowPageTraceBehavior [ RunTime:0.000834s ]
INFO: [ app_end ] --END-- [ RunTime:0.000923s ]

[ 2017-05-21T10:23:32+08:00 ] ::1 /eshop/index.php/ForgetPwd/checkVerify.html
INFO: [ app_begin ] --START--
INFO: Run Behavior\ReadHtmlCacheBehavior [ RunTime:0.000767s ]
INFO: Run Behavior\CronRunBehavior [ RunTime:0.002342s ]
INFO: [ app_begin ] --END-- [ RunTime:0.003733s ]
SQL: SHOW COLUMNS FROM `eshop_messages` [ RunTime:0.0049s ]
SQL: SELECT COUNT(*) AS tp_count FROM `eshop_messages` WHERE `status` = 0 AND `receiveId` = null LIMIT 1   [ RunTime:0.0004s ]
INFO: [ app_end ] --START--
INFO: Run Behavior\ShowPageTraceBehavior [ RunTime:0.000833s ]
INFO: [ app_end ] --END-- [ RunTime:0.000926s ]

[ 2017-05-21T10:23:32+08:00 ] ::1 /eshop/index.php/ForgetPwd/checkVerify.html
INFO: [ app_begin ] --START--
INFO: Run Behavior\ReadHtmlCacheBehavior [ RunTime:0.000798s ]
INFO: Run Behavior\CronRunBehavior [ RunTime:0.002648s ]
INFO: [ app_begin ] --END-- [ RunTime:0.004046s ]
SQL: SHOW COLUMNS FROM `eshop_messages` [ RunTime:0.0053s ]
SQL: SELECT COUNT(*) AS tp_count FROM `eshop_messages` WHERE `status` = 0 AND `receiveId` = null LIMIT 1   [ RunTime:0.0004s ]
INFO: [ app_end ] --START--
INFO: Run Behavior\ShowPageTraceBehavior [ RunTime:0.000918s ]
INFO: [ app_end ] --END-- [ RunTime:0.001049s ]

[ 2017-05-21T10:23:32+08:00 ] ::1 /eshop/index.php/ForgetPwd/checkVerify.html
INFO: [ app_begin ] --START--
INFO: Run Behavior\ReadHtmlCacheBehavior [ RunTime:0.000787s ]
INFO: Run Behavior\CronRunBehavior [ RunTime:0.002525s ]
INFO: [ app_begin ] --END-- [ RunTime:0.004065s ]
SQL: SHOW COLUMNS FROM `eshop_messages` [ RunTime:0.0051s ]
SQL: SELECT COUNT(*) AS tp_count FROM `eshop_messages` WHERE `status` = 0 AND `receiveId` = null LIMIT 1   [ RunTime:0.0004s ]
INFO: [ app_end ] --START--
INFO: Run Behavior\ShowPageTraceBehavior [ RunTime:0.000830s ]
INFO: [ app_end ] --END-- [ RunTime:0.000917s ]

[ 2017-05-21T10:23:37+08:00 ] ::1 /eshop/index.php/ForgetPwd/checkVerify.html
ERR: Cron:cron Runat 2017-05-21 10:23:37 Use 0.000367 s

[ 2017-05-21T10:23:37+08:00 ] ::1 /eshop/index.php/ForgetPwd/checkVerify.html
INFO: [ app_begin ] --START--
INFO: Run Behavior\ReadHtmlCacheBehavior [ RunTime:0.000786s ]
INFO: Run Behavior\CronRunBehavior [ RunTime:0.004426s ]
INFO: [ app_begin ] --END-- [ RunTime:0.005887s ]
SQL: SHOW COLUMNS FROM `eshop_messages` [ RunTime:0.0050s ]
SQL: SELECT COUNT(*) AS tp_count FROM `eshop_messages` WHERE `status` = 0 AND `receiveId` = null LIMIT 1   [ RunTime:0.0003s ]
INFO: [ app_end ] --START--
INFO: Run Behavior\ShowPageTraceBehavior [ RunTime:0.000852s ]
INFO: [ app_end ] --END-- [ RunTime:0.000951s ]

[ 2017-05-21T10:23:38+08:00 ] ::1 /eshop/index.php/ForgetPwd/findPwd.html
INFO: [ app_begin ] --START--
INFO: Run Behavior\ReadHtmlCacheBehavior [ RunTime:0.000690s ]
INFO: Run Behavior\CronRunBehavior [ RunTime:0.002391s ]
INFO: [ app_begin ] --END-- [ RunTime:0.003739s ]
SQL: SHOW COLUMNS FROM `eshop_messages` [ RunTime:0.0050s ]
SQL: SELECT COUNT(*) AS tp_count FROM `eshop_messages` WHERE `status` = 0 AND `receiveId` = null LIMIT 1   [ RunTime:0.0004s ]
SQL: SHOW COLUMNS FROM `eshop_user` [ RunTime:0.0055s ]
SQL: SELECT `id`,`name`,`email`,`tel`,`bind_email`,`bind_tel` FROM `eshop_user` WHERE `name` = 'admin' OR `email` = 'admin' OR `tel` = 'admin' LIMIT 1   [ RunTime:0.0004s ]

[ 2017-05-21T10:23:39+08:00 ] ::1 /eshop/index.php/ForgetPwd/foregtPwd.html
ERR: Cron:cron Runat 2017-05-21 10:23:39 Use 0.000327 s

[ 2017-05-21T10:25:43+08:00 ] ::1 /eshop/index.php/ForgetPwd/foregtPwd.html
ERR: Cron:cron Runat 2017-05-21 10:25:43 Use 0.000416 s

[ 2017-05-21T10:26:31+08:00 ] ::1 /eshop/index.php/ForgetPwd/foregtPwd.html
ERR: Cron:cron Runat 2017-05-21 10:26:31 Use 0.000349 s

[ 2017-05-21T10:27:57+08:00 ] ::1 /eshop/index.php/ForgetPwd/foregtPwd.html
ERR: Cron:cron Runat 2017-05-21 10:27:57 Use 0.000406 s

[ 2017-05-21T10:28:06+08:00 ] ::1 /eshop/index.php/ForgetPwd/foregtPwd.html
ERR: Cron:cron Runat 2017-05-21 10:28:06 Use 0.000318 s

[ 2017-05-21T10:29:14+08:00 ] ::1 /eshop/index.php/ForgetPwd/foregtPwd.html
ERR: Cron:cron Runat 2017-05-21 10:29:14 Use 0.000390 s

[ 2017-05-21T10:29:58+08:00 ] ::1 /eshop/index.php/ForgetPwd/foregtPwd.html
ERR: Cron:cron Runat 2017-05-21 10:29:58 Use 0.000299 s

[ 2017-05-21T10:32:39+08:00 ] ::1 /eshop/index.php/ForgetPwd/foregtPwd.html
ERR: Cron:cron Runat 2017-05-21 10:32:39 Use 0.000279 s

[ 2017-05-21T10:33:44+08:00 ] ::1 /eshop/index.php/ForgetPwd/foregtPwd.html
ERR: Cron:cron Runat 2017-05-21 10:33:44 Use 0.000298 s

[ 2017-05-21T10:34:28+08:00 ] ::1 /eshop/index.php/ForgetPwd/foregtPwd.html
ERR: Cron:cron Runat 2017-05-21 10:34:28 Use 0.000304 s

[ 2017-05-21T10:35:07+08:00 ] ::1 /eshop/index.php/ForgetPwd/foregtPwd.html
ERR: Cron:cron Runat 2017-05-21 10:35:07 Use 0.000351 s

[ 2017-05-21T10:35:16+08:00 ] ::1 /eshop/index.php/ForgetPwd/foregtPwd.html
ERR: Cron:cron Runat 2017-05-21 10:35:16 Use 0.000324 s

[ 2017-05-21T10:36:43+08:00 ] ::1 /eshop/index.php/ForgetPwd/foregtPwd.html
ERR: Cron:cron Runat 2017-05-21 10:36:43 Use 0.000319 s

[ 2017-05-21T10:36:54+08:00 ] ::1 /eshop/index.php/ForgetPwd/foregtPwd.html
ERR: Cron:cron Runat 2017-05-21 10:36:54 Use 0.000287 s

[ 2017-05-21T10:37:22+08:00 ] ::1 /eshop/index.php/ForgetPwd/foregtPwd.html
ERR: Cron:cron Runat 2017-05-21 10:37:22 Use 0.000300 s

[ 2017-05-21T10:40:06+08:00 ] ::1 /eshop/index.php/ForgetPwd/foregtPwd.html
ERR: Cron:cron Runat 2017-05-21 10:40:06 Use 0.000314 s

[ 2017-05-21T10:40:49+08:00 ] ::1 /eshop/index.php/ForgetPwd/foregtPwd.html
ERR: Cron:cron Runat 2017-05-21 10:40:49 Use 0.000311 s

[ 2017-05-21T10:41:33+08:00 ] ::1 /eshop/index.php/ForgetPwd/foregtPwd.html
ERR: Cron:cron Runat 2017-05-21 10:41:33 Use 0.000334 s

[ 2017-05-21T10:41:45+08:00 ] ::1 /eshop/index.php/ForgetPwd/foregtPwd.html
ERR: Cron:cron Runat 2017-05-21 10:41:45 Use 0.000428 s

[ 2017-05-21T10:42:27+08:00 ] ::1 /eshop/index.php/ForgetPwd/foregtPwd.html
ERR: Cron:cron Runat 2017-05-21 10:42:27 Use 0.000299 s

[ 2017-05-21T10:42:59+08:00 ] ::1 /eshop/index.php/ForgetPwd/foregtPwd.html
ERR: Cron:cron Runat 2017-05-21 10:42:59 Use 0.000438 s

[ 2017-05-21T10:43:32+08:00 ] ::1 /eshop/index.php/ForgetPwd/foregtPwd.html
ERR: Cron:cron Runat 2017-05-21 10:43:32 Use 0.000298 s

[ 2017-05-21T10:44:35+08:00 ] ::1 /eshop/index.php/ForgetPwd/foregtPwd.html
ERR: Cron:cron Runat 2017-05-21 10:44:35 Use 0.000361 s

[ 2017-05-21T10:49:07+08:00 ] ::1 /eshop/index.php/ForgetPwd/foregtPwd.html
ERR: Cron:cron Runat 2017-05-21 10:49:07 Use 0.000678 s

[ 2017-05-21T10:49:20+08:00 ] ::1 /eshop/index.php/ForgetPwd/foregtPwd.html
ERR: Cron:cron Runat 2017-05-21 10:49:20 Use 0.000346 s

[ 2017-05-21T10:49:43+08:00 ] ::1 /eshop/index.php/ForgetPwd/foregtPwd.html
ERR: Cron:cron Runat 2017-05-21 10:49:43 Use 0.001299 s

[ 2017-05-21T10:49:53+08:00 ] ::1 /eshop/index.php/ForgetPwd/foregtPwd.html
ERR: Cron:cron Runat 2017-05-21 10:49:53 Use 0.000384 s

[ 2017-05-21T10:52:00+08:00 ] ::1 /eshop/index.php/ForgetPwd/foregtPwd.html
ERR: Cron:cron Runat 2017-05-21 10:52:00 Use 0.000395 s

[ 2017-05-21T10:52:58+08:00 ] ::1 /eshop/index.php/ForgetPwd/foregtPwd.html
ERR: Cron:cron Runat 2017-05-21 10:52:58 Use 0.000349 s

[ 2017-05-21T10:53:45+08:00 ] ::1 /eshop/index.php/ForgetPwd/foregtPwd.html
ERR: Cron:cron Runat 2017-05-21 10:53:45 Use 0.000352 s

[ 2017-05-21T10:53:54+08:00 ] ::1 /eshop/index.php/ForgetPwd/foregtPwd.html
ERR: Cron:cron Runat 2017-05-21 10:53:54 Use 0.000323 s

[ 2017-05-21T10:54:18+08:00 ] ::1 /eshop/index.php/ForgetPwd/foregtPwd.html
ERR: Cron:cron Runat 2017-05-21 10:54:18 Use 0.000361 s

[ 2017-05-21T10:55:48+08:00 ] ::1 /eshop/index.php/ForgetPwd/foregtPwd.html
ERR: Cron:cron Runat 2017-05-21 10:55:48 Use 0.000298 s

[ 2017-05-21T10:56:06+08:00 ] ::1 /eshop/index.php/ForgetPwd/foregtPwd.html
ERR: Cron:cron Runat 2017-05-21 10:56:06 Use 0.000368 s

[ 2017-05-21T10:58:06+08:00 ] ::1 /eshop/index.php/ForgetPwd/foregtPwd.html
ERR: Cron:cron Runat 2017-05-21 10:58:06 Use 0.000430 s

[ 2017-05-21T10:58:21+08:00 ] ::1 /eshop/index.php/ForgetPwd/foregtPwd.html
ERR: Cron:cron Runat 2017-05-21 10:58:21 Use 0.000373 s

[ 2017-05-21T11:01:33+08:00 ] ::1 /eshop/index.php/ForgetPwd/foregtPwd.html
ERR: Cron:cron Runat 2017-05-21 11:01:33 Use 0.000449 s

