[ 2017-04-10T08:28:25+08:00 ] ::1 /eshop/index.php/Home/Good/onsale.html
ERR: Cron:cron Runat 2017-04-10 08:28:25 Use 0.045571 s

[ 2017-04-10T08:30:02+08:00 ] ::1 /eshop/index.php/Home/Good/info/id/18.html
ERR: Cron:cron Runat 2017-04-10 08:30:02 Use 0.000480 s

[ 2017-04-10T08:30:06+08:00 ] ::1 /eshop/index.php/Home/Shop/index/shopId/3.html
ERR: Cron:cron Runat 2017-04-10 08:30:06 Use 0.000743 s

[ 2017-04-10T08:30:18+08:00 ] ::1 /eshop/index.php/Shop/moreList/shopId/3/scat/5.html
ERR: Cron:cron Runat 2017-04-10 08:30:18 Use 0.000488 s

[ 2017-04-10T08:31:47+08:00 ] ::1 /eshop/index.php/Shop/moreList/shopId/3/scat/1.html
ERR: Cron:cron Runat 2017-04-10 08:31:47 Use 0.000582 s

[ 2017-04-10T08:47:02+08:00 ] ::1 /eshop/index.php/Shop/moreList/shopId/3/scat/1.html
ERR: Cron:cron Runat 2017-04-10 08:47:02 Use 0.000558 s

[ 2017-04-10T08:48:22+08:00 ] ::1 /eshop/index.php/Shop/moreList/shopId/3/scat/1.html
ERR: Cron:cron Runat 2017-04-10 08:48:22 Use 0.000604 s

[ 2017-04-10T08:50:17+08:00 ] ::1 /eshop/index.php/Shop/moreList/shopId/3/scat/1.html
ERR: Cron:cron Runat 2017-04-10 08:50:17 Use 0.000714 s

[ 2017-04-10T08:51:34+08:00 ] ::1 /eshop/index.php/Shop/moreList/shopId/3/scat/1.html
ERR: Cron:cron Runat 2017-04-10 08:51:34 Use 0.000466 s

[ 2017-04-10T08:59:05+08:00 ] ::1 /eshop/index.php/Home/Shop/index/shopId/3.html
ERR: Cron:cron Runat 2017-04-10 08:59:05 Use 0.000542 s

[ 2017-04-10T08:59:41+08:00 ] ::1 /eshop/index.php/Home/Shop/index/shopId/3.html
ERR: Cron:cron Runat 2017-04-10 08:59:41 Use 0.000491 s

[ 2017-04-10T09:00:59+08:00 ] ::1 /eshop/index.php/Home/Shop/index/shopId/3.html
ERR: Cron:cron Runat 2017-04-10 09:00:59 Use 0.000573 s

[ 2017-04-10T09:01:28+08:00 ] ::1 /eshop/index.php/Home/Shop/index/shopId/3.html
ERR: Cron:cron Runat 2017-04-10 09:01:28 Use 0.000553 s

[ 2017-04-10T09:24:27+08:00 ] ::1 /eshop/index.php/Home/Shop/index/shopId/3.html
ERR: Cron:cron Runat 2017-04-10 09:24:27 Use 0.000453 s

[ 2017-04-10T09:27:22+08:00 ] ::1 /eshop/index.php/Home/Shop/index/shopId/3.html
ERR: Cron:cron Runat 2017-04-10 09:27:22 Use 0.000540 s

[ 2017-04-10T09:29:06+08:00 ] ::1 /eshop/index.php/Home/Shop/index/shopId/3.html
ERR: Cron:cron Runat 2017-04-10 09:29:06 Use 0.000552 s

[ 2017-04-10T09:29:18+08:00 ] ::1 /eshop/index.php/Home/Shop/index/shopId/3.html
ERR: Cron:cron Runat 2017-04-10 09:29:18 Use 0.000415 s

[ 2017-04-10T09:30:58+08:00 ] ::1 /eshop/index.php/Home/Shop/index/shopId/3.html
ERR: Cron:cron Runat 2017-04-10 09:30:58 Use 0.000605 s

[ 2017-04-10T09:31:36+08:00 ] ::1 /eshop/index.php/Home/Shop/index/shopId/3.html
ERR: Cron:cron Runat 2017-04-10 09:31:36 Use 0.000544 s

[ 2017-04-10T09:36:03+08:00 ] ::1 /eshop/index.php/Shop/moreList/shopId/3/scat/1.html
ERR: Cron:cron Runat 2017-04-10 09:36:03 Use 0.000426 s

[ 2017-04-10T09:40:38+08:00 ] ::1 /eshop/index.php/Shop/moreList/shopId/3/scat/1.html
ERR: Cron:cron Runat 2017-04-10 09:40:38 Use 0.000534 s

[ 2017-04-10T09:40:53+08:00 ] ::1 /eshop/index.php/Shop/moreList/shopId/3/scat/1.html
ERR: Cron:cron Runat 2017-04-10 09:40:53 Use 0.000502 s

[ 2017-04-10T09:41:07+08:00 ] ::1 /eshop/index.php/Shop/moreList/shopId/3/scat/1.html
ERR: Cron:cron Runat 2017-04-10 09:41:07 Use 0.000781 s

[ 2017-04-10T09:41:11+08:00 ] ::1 /eshop/index.php/Shop/moreList/shopId/3/scat/1.html
ERR: Cron:cron Runat 2017-04-10 09:41:11 Use 0.000582 s

[ 2017-04-10T09:42:35+08:00 ] ::1 /eshop/index.php/Shop/moreList/shopId/3/scat/1.html
ERR: Cron:cron Runat 2017-04-10 09:42:35 Use 0.000566 s

[ 2017-04-10T09:46:16+08:00 ] ::1 /eshop/index.php/Shop/moreList/shopId/3/scat/1.html
ERR: Cron:cron Runat 2017-04-10 09:46:16 Use 0.000525 s

[ 2017-04-10T09:47:50+08:00 ] ::1 /eshop/index.php/Shop/moreList/shopId/3/scat/1.html
ERR: Cron:cron Runat 2017-04-10 09:47:50 Use 0.000492 s

[ 2017-04-10T09:49:27+08:00 ] ::1 /eshop/index.php/Shop/moreList/shopId/3/scat/1.html
ERR: Cron:cron Runat 2017-04-10 09:49:27 Use 0.000554 s

[ 2017-04-10T09:51:14+08:00 ] ::1 /eshop/index.php/Shop/moreList/shopId/3/scat/1.html
ERR: Cron:cron Runat 2017-04-10 09:51:14 Use 0.000510 s

[ 2017-04-10T09:52:08+08:00 ] ::1 /eshop/index.php/Shop/moreList/shopId/3/scat/1.html
ERR: Cron:cron Runat 2017-04-10 09:52:08 Use 0.000673 s

[ 2017-04-10T09:55:55+08:00 ] ::1 /eshop/index.php/Shop/moreList/shopId/3/scat/1.html
ERR: Cron:cron Runat 2017-04-10 09:55:55 Use 0.000493 s

[ 2017-04-10T09:56:35+08:00 ] ::1 /eshop/index.php/Home/Good/onsale.html
ERR: Cron:cron Runat 2017-04-10 09:56:35 Use 0.000585 s

[ 2017-04-10T09:56:56+08:00 ] ::1 /eshop/index.php/Home/Good/onsale.html
ERR: Cron:cron Runat 2017-04-10 09:56:56 Use 0.000472 s

[ 2017-04-10T09:57:03+08:00 ] ::1 /eshop/index.php/Home/Good/onsale.html
ERR: Cron:cron Runat 2017-04-10 09:57:03 Use 0.000418 s

[ 2017-04-10T09:57:25+08:00 ] ::1 /eshop/index.php/Home/Good/onsale.html
ERR: Cron:cron Runat 2017-04-10 09:57:25 Use 0.000480 s

[ 2017-04-10T09:57:27+08:00 ] ::1 /eshop/index.php/Shop/moreList/shopId/3/scat/1.html
ERR: Cron:cron Runat 2017-04-10 09:57:27 Use 0.000593 s

[ 2017-04-10T09:58:41+08:00 ] ::1 /eshop/index.php/Shop/moreList/shopId/3/scat/1.html
ERR: Cron:cron Runat 2017-04-10 09:58:41 Use 0.000354 s

[ 2017-04-10T10:00:34+08:00 ] ::1 /eshop/index.php/Shop/moreList/shopId/3/scat/1.html
ERR: Cron:cron Runat 2017-04-10 10:00:34 Use 0.000376 s

[ 2017-04-10T10:02:37+08:00 ] ::1 /eshop/index.php/Shop/moreList/shopId/3/scat/1.html
ERR: Cron:cron Runat 2017-04-10 10:02:37 Use 0.000383 s

[ 2017-04-10T10:03:26+08:00 ] ::1 /eshop/index.php/Shop/moreList/shopId/3/scat/1.html
ERR: Cron:cron Runat 2017-04-10 10:03:26 Use 0.000305 s

[ 2017-04-10T10:03:36+08:00 ] ::1 /eshop/index.php/Shop/moreList/shopId/3/scat/1.html
ERR: Cron:cron Runat 2017-04-10 10:03:36 Use 0.000463 s

[ 2017-04-10T10:03:47+08:00 ] ::1 /eshop/index.php/Shop/moreList/shopId/3/scat/1.html
ERR: Cron:cron Runat 2017-04-10 10:03:47 Use 0.000361 s

[ 2017-04-10T10:03:57+08:00 ] ::1 /eshop/index.php/Shop/moreList/shopId/3/scat/1.html
ERR: Cron:cron Runat 2017-04-10 10:03:57 Use 0.000324 s

[ 2017-04-10T10:04:16+08:00 ] ::1 /eshop/index.php/Shop/moreList/shopId/3/scat/5.html
ERR: Cron:cron Runat 2017-04-10 10:04:16 Use 0.000850 s

[ 2017-04-10T10:04:21+08:00 ] ::1 /eshop/index.php/Shop/moreList/shopId/3/scat/5/p/2.html
ERR: Cron:cron Runat 2017-04-10 10:04:21 Use 0.000364 s

[ 2017-04-10T10:04:26+08:00 ] ::1 /eshop/index.php/Shop/moreList/shopId/3/scat/5/p/3.html
ERR: Cron:cron Runat 2017-04-10 10:04:26 Use 0.000353 s

[ 2017-04-10T10:04:29+08:00 ] ::1 /eshop/index.php/Shop/moreList/shopId/3/scat/5/p/1.html
ERR: Cron:cron Runat 2017-04-10 10:04:29 Use 0.000332 s

[ 2017-04-10T10:04:59+08:00 ] ::1 /eshop/index.php/Shop/moreList/shopId/3/scat/5/p/1.html
ERR: Cron:cron Runat 2017-04-10 10:04:59 Use 0.000374 s

[ 2017-04-10T10:05:16+08:00 ] ::1 /eshop/index.php/Shop/moreList/shopId/3/scat/5/p/1.html
ERR: Cron:cron Runat 2017-04-10 10:05:16 Use 0.000410 s

[ 2017-04-10T10:11:18+08:00 ] ::1 /eshop/index.php/Shop/moreList/shopId/3/scat/5/p/1.html
ERR: Cron:cron Runat 2017-04-10 10:11:18 Use 0.000404 s

[ 2017-04-10T10:11:22+08:00 ] ::1 /eshop/index.php/Shop/moreList/shopId/3/scat/5/p/2.html
ERR: Cron:cron Runat 2017-04-10 10:11:22 Use 0.000373 s

[ 2017-04-10T10:11:22+08:00 ] ::1 /eshop/index.php/Shop/moreList/shopId/3/scat/5/p/2.html
INFO: [ app_begin ] --START--
INFO: Run Behavior\ReadHtmlCacheBehavior [ RunTime:0.000763s ]
INFO: Run Behavior\CronRunBehavior [ RunTime:0.004804s ]
INFO: [ app_begin ] --END-- [ RunTime:0.006204s ]
SQL: SHOW COLUMNS FROM `eshop_shop` [ RunTime:0.0053s ]
SQL: SELECT * FROM `eshop_shop` WHERE `id` = 3 AND `is_exam` = 1 AND `is_forbid` = 0 AND `is_show` = 1 LIMIT 1   [ RunTime:0.0004s ]
SQL: SHOW COLUMNS FROM `eshop_shop_firstmenu` [ RunTime:0.0049s ]
SQL: SELECT `id`,`name` FROM `eshop_shop_firstmenu` WHERE `shopId` = 3 AND `is_show` = 1  [ RunTime:0.0005s ]
SQL: SHOW COLUMNS FROM `eshop_shop_secondmenu` [ RunTime:0.0052s ]
SQL: SELECT `pid`,`id`,`sname` FROM `eshop_shop_secondmenu` WHERE `pid` IN ('1','5') AND `is_show` = 1  [ RunTime:0.0004s ]
SQL: SHOW COLUMNS FROM `eshop_goodnav` [ RunTime:0.0051s ]
SQL: SELECT * FROM eshop_goodnav n INNER JOIN eshop_good as g on n.goodId = g.id  WHERE `shopId` = 3 AND `s_fid` = 5 ORDER BY modify_recenet desc  [ RunTime:0.0007s ]
SQL: SELECT * FROM eshop_goodnav n INNER JOIN eshop_good as g on n.goodId = g.id  WHERE `shopId` = 3 AND `s_fid` = 5 ORDER BY modify_recenet desc LIMIT 4,4   [ RunTime:0.0008s ]
SQL: SELECT * FROM eshop_goodnav n INNER JOIN eshop_good as g on n.goodId = g.id  WHERE `shopId` = 3 AND `is_hot` = 1 ORDER BY modify_recenet desc LIMIT 4   [ RunTime:0.0006s ]
INFO: [ view_parse ] --START--
INFO: [ template_filter ] --START--
INFO: Run Behavior\ContentReplaceBehavior [ RunTime:0.000052s ]
INFO: [ template_filter ] --END-- [ RunTime:0.000132s ]
INFO: Run Behavior\ParseTemplateBehavior [ RunTime:0.003455s ]
INFO: [ view_parse ] --END-- [ RunTime:0.003573s ]
INFO: [ view_filter ] --START--
INFO: Run Behavior\WriteHtmlCacheBehavior [ RunTime:0.000610s ]
INFO: Run Behavior\TokenBuildBehavior [ RunTime:0.000575s ]
INFO: [ view_filter ] --END-- [ RunTime:0.001308s ]

[ 2017-04-10T10:12:43+08:00 ] ::1 /eshop/index.php/Shop/moreList/shopId/3/scat/5/p/1.html
ERR: Cron:cron Runat 2017-04-10 10:12:43 Use 0.000351 s

[ 2017-04-10T10:12:46+08:00 ] ::1 /eshop/index.php/Shop/moreList/shopId/3/scat/5/p/2.html
ERR: Cron:cron Runat 2017-04-10 10:12:46 Use 0.000380 s

[ 2017-04-10T10:12:46+08:00 ] ::1 /eshop/index.php/Shop/moreList/shopId/3/scat/5/p/2.html
INFO: [ app_begin ] --START--
INFO: Run Behavior\ReadHtmlCacheBehavior [ RunTime:0.000826s ]
INFO: Run Behavior\CronRunBehavior [ RunTime:0.004473s ]
INFO: [ app_begin ] --END-- [ RunTime:0.005938s ]
SQL: SHOW COLUMNS FROM `eshop_shop` [ RunTime:0.0051s ]
SQL: SELECT * FROM `eshop_shop` WHERE `id` = 3 AND `is_exam` = 1 AND `is_forbid` = 0 AND `is_show` = 1 LIMIT 1   [ RunTime:0.0004s ]
SQL: SHOW COLUMNS FROM `eshop_shop_firstmenu` [ RunTime:0.0058s ]
SQL: SELECT `id`,`name` FROM `eshop_shop_firstmenu` WHERE `shopId` = 3 AND `is_show` = 1  [ RunTime:0.0004s ]
SQL: SHOW COLUMNS FROM `eshop_shop_secondmenu` [ RunTime:0.0057s ]
SQL: SELECT `pid`,`id`,`sname` FROM `eshop_shop_secondmenu` WHERE `pid` IN ('1','5') AND `is_show` = 1  [ RunTime:0.0004s ]
SQL: SHOW COLUMNS FROM `eshop_goodnav` [ RunTime:0.0059s ]
SQL: SELECT * FROM eshop_goodnav n INNER JOIN eshop_good as g on n.goodId = g.id  WHERE `shopId` = 3 AND `s_fid` = 5 ORDER BY modify_recenet desc  [ RunTime:0.0007s ]
SQL: SELECT * FROM eshop_goodnav n INNER JOIN eshop_good as g on n.goodId = g.id  WHERE `shopId` = 3 AND `s_fid` = 5 ORDER BY modify_recenet desc LIMIT 4,4   [ RunTime:0.0007s ]
SQL: SELECT * FROM eshop_goodnav n INNER JOIN eshop_good as g on n.goodId = g.id  WHERE `shopId` = 3 AND `is_hot` = 1 ORDER BY modify_recenet desc LIMIT 4   [ RunTime:0.0006s ]
INFO: [ view_parse ] --START--
INFO: [ template_filter ] --START--
INFO: Run Behavior\ContentReplaceBehavior [ RunTime:0.000073s ]
INFO: [ template_filter ] --END-- [ RunTime:0.000158s ]
INFO: Run Behavior\ParseTemplateBehavior [ RunTime:0.009229s ]
INFO: [ view_parse ] --END-- [ RunTime:0.009330s ]
INFO: [ view_filter ] --START--
INFO: Run Behavior\WriteHtmlCacheBehavior [ RunTime:0.000582s ]
INFO: Run Behavior\TokenBuildBehavior [ RunTime:0.000625s ]
INFO: [ view_filter ] --END-- [ RunTime:0.001330s ]

[ 2017-04-10T10:12:49+08:00 ] ::1 /eshop/index.php/Shop/moreList/shopId/3/scat/5/p/1.html
ERR: Cron:cron Runat 2017-04-10 10:12:49 Use 0.000373 s

[ 2017-04-10T10:12:49+08:00 ] ::1 /eshop/index.php/Shop/moreList/shopId/3/scat/5/p/1.html
INFO: [ app_begin ] --START--
INFO: Run Behavior\ReadHtmlCacheBehavior [ RunTime:0.000899s ]
INFO: Run Behavior\CronRunBehavior [ RunTime:0.004488s ]
INFO: [ app_begin ] --END-- [ RunTime:0.006058s ]
SQL: SHOW COLUMNS FROM `eshop_shop` [ RunTime:0.0053s ]
SQL: SELECT * FROM `eshop_shop` WHERE `id` = 3 AND `is_exam` = 1 AND `is_forbid` = 0 AND `is_show` = 1 LIMIT 1   [ RunTime:0.0004s ]
SQL: SHOW COLUMNS FROM `eshop_shop_firstmenu` [ RunTime:0.0057s ]
SQL: SELECT `id`,`name` FROM `eshop_shop_firstmenu` WHERE `shopId` = 3 AND `is_show` = 1  [ RunTime:0.0004s ]
SQL: SHOW COLUMNS FROM `eshop_shop_secondmenu` [ RunTime:0.0050s ]
SQL: SELECT `pid`,`id`,`sname` FROM `eshop_shop_secondmenu` WHERE `pid` IN ('1','5') AND `is_show` = 1  [ RunTime:0.0004s ]
SQL: SHOW COLUMNS FROM `eshop_goodnav` [ RunTime:0.0054s ]
SQL: SELECT * FROM eshop_goodnav n INNER JOIN eshop_good as g on n.goodId = g.id  WHERE `shopId` = 3 AND `s_fid` = 5 ORDER BY modify_recenet desc  [ RunTime:0.0007s ]
SQL: SELECT * FROM eshop_goodnav n INNER JOIN eshop_good as g on n.goodId = g.id  WHERE `shopId` = 3 AND `s_fid` = 5 ORDER BY modify_recenet desc LIMIT 0,4   [ RunTime:0.0006s ]
SQL: SELECT * FROM eshop_goodnav n INNER JOIN eshop_good as g on n.goodId = g.id  WHERE `shopId` = 3 AND `is_hot` = 1 ORDER BY modify_recenet desc LIMIT 4   [ RunTime:0.0006s ]
INFO: [ view_parse ] --START--
INFO: [ template_filter ] --START--
INFO: Run Behavior\ContentReplaceBehavior [ RunTime:0.000072s ]
INFO: [ template_filter ] --END-- [ RunTime:0.000158s ]
INFO: Run Behavior\ParseTemplateBehavior [ RunTime:0.010440s ]
INFO: [ view_parse ] --END-- [ RunTime:0.010544s ]
INFO: [ view_filter ] --START--
INFO: Run Behavior\WriteHtmlCacheBehavior [ RunTime:0.000567s ]
INFO: Run Behavior\TokenBuildBehavior [ RunTime:0.000572s ]
INFO: [ view_filter ] --END-- [ RunTime:0.001255s ]

[ 2017-04-10T10:12:50+08:00 ] ::1 /eshop/index.php/Shop/moreList/shopId/3/scat/5/p/2.html
INFO: [ app_begin ] --START--
INFO: Run Behavior\ReadHtmlCacheBehavior [ RunTime:0.000765s ]
INFO: Run Behavior\CronRunBehavior [ RunTime:0.002558s ]
INFO: [ app_begin ] --END-- [ RunTime:0.003945s ]
SQL: SHOW COLUMNS FROM `eshop_shop` [ RunTime:0.0053s ]
SQL: SELECT * FROM `eshop_shop` WHERE `id` = 3 AND `is_exam` = 1 AND `is_forbid` = 0 AND `is_show` = 1 LIMIT 1   [ RunTime:0.0004s ]
SQL: SHOW COLUMNS FROM `eshop_shop_firstmenu` [ RunTime:0.0059s ]
SQL: SELECT `id`,`name` FROM `eshop_shop_firstmenu` WHERE `shopId` = 3 AND `is_show` = 1  [ RunTime:0.0003s ]
SQL: SHOW COLUMNS FROM `eshop_shop_secondmenu` [ RunTime:0.0054s ]
SQL: SELECT `pid`,`id`,`sname` FROM `eshop_shop_secondmenu` WHERE `pid` IN ('1','5') AND `is_show` = 1  [ RunTime:0.0004s ]
SQL: SHOW COLUMNS FROM `eshop_goodnav` [ RunTime:0.0058s ]
SQL: SELECT * FROM eshop_goodnav n INNER JOIN eshop_good as g on n.goodId = g.id  WHERE `shopId` = 3 AND `s_fid` = 5 ORDER BY modify_recenet desc  [ RunTime:0.0008s ]
SQL: SELECT * FROM eshop_goodnav n INNER JOIN eshop_good as g on n.goodId = g.id  WHERE `shopId` = 3 AND `s_fid` = 5 ORDER BY modify_recenet desc LIMIT 4,4   [ RunTime:0.0007s ]
SQL: SELECT * FROM eshop_goodnav n INNER JOIN eshop_good as g on n.goodId = g.id  WHERE `shopId` = 3 AND `is_hot` = 1 ORDER BY modify_recenet desc LIMIT 4   [ RunTime:0.0005s ]
INFO: [ view_parse ] --START--
INFO: [ template_filter ] --START--
INFO: Run Behavior\ContentReplaceBehavior [ RunTime:0.000065s ]
INFO: [ template_filter ] --END-- [ RunTime:0.000145s ]
INFO: Run Behavior\ParseTemplateBehavior [ RunTime:0.009478s ]
INFO: [ view_parse ] --END-- [ RunTime:0.009578s ]
INFO: [ view_filter ] --START--
INFO: Run Behavior\WriteHtmlCacheBehavior [ RunTime:0.000603s ]
INFO: Run Behavior\TokenBuildBehavior [ RunTime:0.000579s ]
INFO: [ view_filter ] --END-- [ RunTime:0.001295s ]

[ 2017-04-10T10:12:51+08:00 ] ::1 /eshop/index.php/Shop/moreList/shopId/3/scat/5/p/1.html
ERR: Cron:cron Runat 2017-04-10 10:12:51 Use 0.000424 s

[ 2017-04-10T10:12:51+08:00 ] ::1 /eshop/index.php/Shop/moreList/shopId/3/scat/5/p/1.html
INFO: [ app_begin ] --START--
INFO: Run Behavior\ReadHtmlCacheBehavior [ RunTime:0.000763s ]
INFO: Run Behavior\CronRunBehavior [ RunTime:0.004593s ]
INFO: [ app_begin ] --END-- [ RunTime:0.005998s ]
SQL: SHOW COLUMNS FROM `eshop_shop` [ RunTime:0.0053s ]
SQL: SELECT * FROM `eshop_shop` WHERE `id` = 3 AND `is_exam` = 1 AND `is_forbid` = 0 AND `is_show` = 1 LIMIT 1   [ RunTime:0.0004s ]
SQL: SHOW COLUMNS FROM `eshop_shop_firstmenu` [ RunTime:0.0054s ]
SQL: SELECT `id`,`name` FROM `eshop_shop_firstmenu` WHERE `shopId` = 3 AND `is_show` = 1  [ RunTime:0.0003s ]
SQL: SHOW COLUMNS FROM `eshop_shop_secondmenu` [ RunTime:0.0059s ]
SQL: SELECT `pid`,`id`,`sname` FROM `eshop_shop_secondmenu` WHERE `pid` IN ('1','5') AND `is_show` = 1  [ RunTime:0.0004s ]
SQL: SHOW COLUMNS FROM `eshop_goodnav` [ RunTime:0.0056s ]
SQL: SELECT * FROM eshop_goodnav n INNER JOIN eshop_good as g on n.goodId = g.id  WHERE `shopId` = 3 AND `s_fid` = 5 ORDER BY modify_recenet desc  [ RunTime:0.0008s ]
SQL: SELECT * FROM eshop_goodnav n INNER JOIN eshop_good as g on n.goodId = g.id  WHERE `shopId` = 3 AND `s_fid` = 5 ORDER BY modify_recenet desc LIMIT 0,4   [ RunTime:0.0005s ]
SQL: SELECT * FROM eshop_goodnav n INNER JOIN eshop_good as g on n.goodId = g.id  WHERE `shopId` = 3 AND `is_hot` = 1 ORDER BY modify_recenet desc LIMIT 4   [ RunTime:0.0005s ]
INFO: [ view_parse ] --START--
INFO: [ template_filter ] --START--
INFO: Run Behavior\ContentReplaceBehavior [ RunTime:0.000081s ]
INFO: [ template_filter ] --END-- [ RunTime:0.000187s ]
INFO: Run Behavior\ParseTemplateBehavior [ RunTime:0.010006s ]
INFO: [ view_parse ] --END-- [ RunTime:0.010095s ]
INFO: [ view_filter ] --START--
INFO: Run Behavior\WriteHtmlCacheBehavior [ RunTime:0.000538s ]
INFO: Run Behavior\TokenBuildBehavior [ RunTime:0.000538s ]
INFO: [ view_filter ] --END-- [ RunTime:0.001208s ]

[ 2017-04-10T10:12:52+08:00 ] ::1 /eshop/index.php/Shop/moreList/shopId/3/scat/5/p/2.html
INFO: [ app_begin ] --START--
INFO: Run Behavior\ReadHtmlCacheBehavior [ RunTime:0.000793s ]
INFO: Run Behavior\CronRunBehavior [ RunTime:0.002357s ]
INFO: [ app_begin ] --END-- [ RunTime:0.003797s ]
SQL: SHOW COLUMNS FROM `eshop_shop` [ RunTime:0.0051s ]
SQL: SELECT * FROM `eshop_shop` WHERE `id` = 3 AND `is_exam` = 1 AND `is_forbid` = 0 AND `is_show` = 1 LIMIT 1   [ RunTime:0.0004s ]
SQL: SHOW COLUMNS FROM `eshop_shop_firstmenu` [ RunTime:0.0062s ]
SQL: SELECT `id`,`name` FROM `eshop_shop_firstmenu` WHERE `shopId` = 3 AND `is_show` = 1  [ RunTime:0.0004s ]
SQL: SHOW COLUMNS FROM `eshop_shop_secondmenu` [ RunTime:0.0054s ]
SQL: SELECT `pid`,`id`,`sname` FROM `eshop_shop_secondmenu` WHERE `pid` IN ('1','5') AND `is_show` = 1  [ RunTime:0.0003s ]
SQL: SHOW COLUMNS FROM `eshop_goodnav` [ RunTime:0.0080s ]
SQL: SELECT * FROM eshop_goodnav n INNER JOIN eshop_good as g on n.goodId = g.id  WHERE `shopId` = 3 AND `s_fid` = 5 ORDER BY modify_recenet desc  [ RunTime:0.0008s ]
SQL: SELECT * FROM eshop_goodnav n INNER JOIN eshop_good as g on n.goodId = g.id  WHERE `shopId` = 3 AND `s_fid` = 5 ORDER BY modify_recenet desc LIMIT 4,4   [ RunTime:0.0007s ]
SQL: SELECT * FROM eshop_goodnav n INNER JOIN eshop_good as g on n.goodId = g.id  WHERE `shopId` = 3 AND `is_hot` = 1 ORDER BY modify_recenet desc LIMIT 4   [ RunTime:0.0007s ]
INFO: [ view_parse ] --START--
INFO: [ template_filter ] --START--
INFO: Run Behavior\ContentReplaceBehavior [ RunTime:0.000065s ]
INFO: [ template_filter ] --END-- [ RunTime:0.000144s ]
INFO: Run Behavior\ParseTemplateBehavior [ RunTime:0.009329s ]
INFO: [ view_parse ] --END-- [ RunTime:0.009415s ]
INFO: [ view_filter ] --START--
INFO: Run Behavior\WriteHtmlCacheBehavior [ RunTime:0.000709s ]
INFO: Run Behavior\TokenBuildBehavior [ RunTime:0.000622s ]
INFO: [ view_filter ] --END-- [ RunTime:0.001466s ]

[ 2017-04-10T10:12:53+08:00 ] ::1 /eshop/index.php/Shop/moreList/shopId/3/scat/5/p/1.html
ERR: Cron:cron Runat 2017-04-10 10:12:53 Use 0.000372 s

[ 2017-04-10T10:12:53+08:00 ] ::1 /eshop/index.php/Shop/moreList/shopId/3/scat/5/p/1.html
INFO: [ app_begin ] --START--
INFO: Run Behavior\ReadHtmlCacheBehavior [ RunTime:0.000800s ]
INFO: Run Behavior\CronRunBehavior [ RunTime:0.004913s ]
INFO: [ app_begin ] --END-- [ RunTime:0.006391s ]
SQL: SHOW COLUMNS FROM `eshop_shop` [ RunTime:0.0244s ]
SQL: SELECT * FROM `eshop_shop` WHERE `id` = 3 AND `is_exam` = 1 AND `is_forbid` = 0 AND `is_show` = 1 LIMIT 1   [ RunTime:0.0004s ]
SQL: SHOW COLUMNS FROM `eshop_shop_firstmenu` [ RunTime:0.0049s ]
SQL: SELECT `id`,`name` FROM `eshop_shop_firstmenu` WHERE `shopId` = 3 AND `is_show` = 1  [ RunTime:0.0004s ]
SQL: SHOW COLUMNS FROM `eshop_shop_secondmenu` [ RunTime:0.0056s ]
SQL: SELECT `pid`,`id`,`sname` FROM `eshop_shop_secondmenu` WHERE `pid` IN ('1','5') AND `is_show` = 1  [ RunTime:0.0004s ]
SQL: SHOW COLUMNS FROM `eshop_goodnav` [ RunTime:0.0059s ]
SQL: SELECT * FROM eshop_goodnav n INNER JOIN eshop_good as g on n.goodId = g.id  WHERE `shopId` = 3 AND `s_fid` = 5 ORDER BY modify_recenet desc  [ RunTime:0.0009s ]
SQL: SELECT * FROM eshop_goodnav n INNER JOIN eshop_good as g on n.goodId = g.id  WHERE `shopId` = 3 AND `s_fid` = 5 ORDER BY modify_recenet desc LIMIT 0,4   [ RunTime:0.0006s ]
SQL: SELECT * FROM eshop_goodnav n INNER JOIN eshop_good as g on n.goodId = g.id  WHERE `shopId` = 3 AND `is_hot` = 1 ORDER BY modify_recenet desc LIMIT 4   [ RunTime:0.0007s ]
INFO: [ view_parse ] --START--
INFO: [ template_filter ] --START--
INFO: Run Behavior\ContentReplaceBehavior [ RunTime:0.000072s ]
INFO: [ template_filter ] --END-- [ RunTime:0.000172s ]
INFO: Run Behavior\ParseTemplateBehavior [ RunTime:0.010212s ]
INFO: [ view_parse ] --END-- [ RunTime:0.010310s ]
INFO: [ view_filter ] --START--
INFO: Run Behavior\WriteHtmlCacheBehavior [ RunTime:0.000523s ]
INFO: Run Behavior\TokenBuildBehavior [ RunTime:0.000555s ]
INFO: [ view_filter ] --END-- [ RunTime:0.001196s ]

[ 2017-04-10T10:12:54+08:00 ] ::1 /eshop/index.php/Shop/moreList/shopId/3/scat/5/p/2.html
INFO: [ app_begin ] --START--
INFO: Run Behavior\ReadHtmlCacheBehavior [ RunTime:0.000762s ]
INFO: Run Behavior\CronRunBehavior [ RunTime:0.002565s ]
INFO: [ app_begin ] --END-- [ RunTime:0.003946s ]
SQL: SHOW COLUMNS FROM `eshop_shop` [ RunTime:0.0049s ]
SQL: SELECT * FROM `eshop_shop` WHERE `id` = 3 AND `is_exam` = 1 AND `is_forbid` = 0 AND `is_show` = 1 LIMIT 1   [ RunTime:0.0004s ]
SQL: SHOW COLUMNS FROM `eshop_shop_firstmenu` [ RunTime:0.0051s ]
SQL: SELECT `id`,`name` FROM `eshop_shop_firstmenu` WHERE `shopId` = 3 AND `is_show` = 1  [ RunTime:0.0004s ]
SQL: SHOW COLUMNS FROM `eshop_shop_secondmenu` [ RunTime:0.0052s ]
SQL: SELECT `pid`,`id`,`sname` FROM `eshop_shop_secondmenu` WHERE `pid` IN ('1','5') AND `is_show` = 1  [ RunTime:0.0004s ]
SQL: SHOW COLUMNS FROM `eshop_goodnav` [ RunTime:0.0050s ]
SQL: SELECT * FROM eshop_goodnav n INNER JOIN eshop_good as g on n.goodId = g.id  WHERE `shopId` = 3 AND `s_fid` = 5 ORDER BY modify_recenet desc  [ RunTime:0.0008s ]
SQL: SELECT * FROM eshop_goodnav n INNER JOIN eshop_good as g on n.goodId = g.id  WHERE `shopId` = 3 AND `s_fid` = 5 ORDER BY modify_recenet desc LIMIT 4,4   [ RunTime:0.0007s ]
SQL: SELECT * FROM eshop_goodnav n INNER JOIN eshop_good as g on n.goodId = g.id  WHERE `shopId` = 3 AND `is_hot` = 1 ORDER BY modify_recenet desc LIMIT 4   [ RunTime:0.0006s ]
INFO: [ view_parse ] --START--
INFO: [ template_filter ] --START--
INFO: Run Behavior\ContentReplaceBehavior [ RunTime:0.000066s ]
INFO: [ template_filter ] --END-- [ RunTime:0.000144s ]
INFO: Run Behavior\ParseTemplateBehavior [ RunTime:0.009080s ]
INFO: [ view_parse ] --END-- [ RunTime:0.009164s ]
INFO: [ view_filter ] --START--
INFO: Run Behavior\WriteHtmlCacheBehavior [ RunTime:0.000587s ]
INFO: Run Behavior\TokenBuildBehavior [ RunTime:0.000557s ]
INFO: [ view_filter ] --END-- [ RunTime:0.001248s ]

[ 2017-04-10T10:12:55+08:00 ] ::1 /eshop/index.php/Shop/moreList/shopId/3/scat/5/p/1.html
ERR: Cron:cron Runat 2017-04-10 10:12:55 Use 0.000347 s

[ 2017-04-10T10:12:55+08:00 ] ::1 /eshop/index.php/Shop/moreList/shopId/3/scat/5/p/1.html
INFO: [ app_begin ] --START--
INFO: Run Behavior\ReadHtmlCacheBehavior [ RunTime:0.000791s ]
INFO: Run Behavior\CronRunBehavior [ RunTime:0.004357s ]
INFO: [ app_begin ] --END-- [ RunTime:0.005815s ]
SQL: SHOW COLUMNS FROM `eshop_shop` [ RunTime:0.0253s ]
SQL: SELECT * FROM `eshop_shop` WHERE `id` = 3 AND `is_exam` = 1 AND `is_forbid` = 0 AND `is_show` = 1 LIMIT 1   [ RunTime:0.0004s ]
SQL: SHOW COLUMNS FROM `eshop_shop_firstmenu` [ RunTime:0.0056s ]
SQL: SELECT `id`,`name` FROM `eshop_shop_firstmenu` WHERE `shopId` = 3 AND `is_show` = 1  [ RunTime:0.0004s ]
SQL: SHOW COLUMNS FROM `eshop_shop_secondmenu` [ RunTime:0.0061s ]
SQL: SELECT `pid`,`id`,`sname` FROM `eshop_shop_secondmenu` WHERE `pid` IN ('1','5') AND `is_show` = 1  [ RunTime:0.0004s ]
SQL: SHOW COLUMNS FROM `eshop_goodnav` [ RunTime:0.0050s ]
SQL: SELECT * FROM eshop_goodnav n INNER JOIN eshop_good as g on n.goodId = g.id  WHERE `shopId` = 3 AND `s_fid` = 5 ORDER BY modify_recenet desc  [ RunTime:0.0008s ]
SQL: SELECT * FROM eshop_goodnav n INNER JOIN eshop_good as g on n.goodId = g.id  WHERE `shopId` = 3 AND `s_fid` = 5 ORDER BY modify_recenet desc LIMIT 0,4   [ RunTime:0.0006s ]
SQL: SELECT * FROM eshop_goodnav n INNER JOIN eshop_good as g on n.goodId = g.id  WHERE `shopId` = 3 AND `is_hot` = 1 ORDER BY modify_recenet desc LIMIT 4   [ RunTime:0.0006s ]
INFO: [ view_parse ] --START--
INFO: [ template_filter ] --START--
INFO: Run Behavior\ContentReplaceBehavior [ RunTime:0.000084s ]
INFO: [ template_filter ] --END-- [ RunTime:0.000190s ]
INFO: Run Behavior\ParseTemplateBehavior [ RunTime:0.010278s ]
INFO: [ view_parse ] --END-- [ RunTime:0.010395s ]
INFO: [ view_filter ] --START--
INFO: Run Behavior\WriteHtmlCacheBehavior [ RunTime:0.000677s ]
INFO: Run Behavior\TokenBuildBehavior [ RunTime:0.000627s ]
INFO: [ view_filter ] --END-- [ RunTime:0.001446s ]

[ 2017-04-10T10:12:56+08:00 ] ::1 /eshop/index.php/Shop/moreList/shopId/3/scat/5/p/2.html
INFO: [ app_begin ] --START--
INFO: Run Behavior\ReadHtmlCacheBehavior [ RunTime:0.000773s ]
INFO: Run Behavior\CronRunBehavior [ RunTime:0.002404s ]
INFO: [ app_begin ] --END-- [ RunTime:0.003832s ]
SQL: SHOW COLUMNS FROM `eshop_shop` [ RunTime:0.0059s ]
SQL: SELECT * FROM `eshop_shop` WHERE `id` = 3 AND `is_exam` = 1 AND `is_forbid` = 0 AND `is_show` = 1 LIMIT 1   [ RunTime:0.0004s ]
SQL: SHOW COLUMNS FROM `eshop_shop_firstmenu` [ RunTime:0.0056s ]
SQL: SELECT `id`,`name` FROM `eshop_shop_firstmenu` WHERE `shopId` = 3 AND `is_show` = 1  [ RunTime:0.0003s ]
SQL: SHOW COLUMNS FROM `eshop_shop_secondmenu` [ RunTime:0.0054s ]
SQL: SELECT `pid`,`id`,`sname` FROM `eshop_shop_secondmenu` WHERE `pid` IN ('1','5') AND `is_show` = 1  [ RunTime:0.0004s ]
SQL: SHOW COLUMNS FROM `eshop_goodnav` [ RunTime:0.0055s ]
SQL: SELECT * FROM eshop_goodnav n INNER JOIN eshop_good as g on n.goodId = g.id  WHERE `shopId` = 3 AND `s_fid` = 5 ORDER BY modify_recenet desc  [ RunTime:0.0008s ]
SQL: SELECT * FROM eshop_goodnav n INNER JOIN eshop_good as g on n.goodId = g.id  WHERE `shopId` = 3 AND `s_fid` = 5 ORDER BY modify_recenet desc LIMIT 4,4   [ RunTime:0.0007s ]
SQL: SELECT * FROM eshop_goodnav n INNER JOIN eshop_good as g on n.goodId = g.id  WHERE `shopId` = 3 AND `is_hot` = 1 ORDER BY modify_recenet desc LIMIT 4   [ RunTime:0.0006s ]
INFO: [ view_parse ] --START--
INFO: [ template_filter ] --START--
INFO: Run Behavior\ContentReplaceBehavior [ RunTime:0.000064s ]
INFO: [ template_filter ] --END-- [ RunTime:0.000146s ]
INFO: Run Behavior\ParseTemplateBehavior [ RunTime:0.009299s ]
INFO: [ view_parse ] --END-- [ RunTime:0.009396s ]
INFO: [ view_filter ] --START--
INFO: Run Behavior\WriteHtmlCacheBehavior [ RunTime:0.000558s ]
INFO: Run Behavior\TokenBuildBehavior [ RunTime:0.000603s ]
INFO: [ view_filter ] --END-- [ RunTime:0.001268s ]

[ 2017-04-10T10:12:58+08:00 ] ::1 /eshop/index.php/Shop/moreList/shopId/3/scat/5/p/1.html
ERR: Cron:cron Runat 2017-04-10 10:12:58 Use 0.000335 s

[ 2017-04-10T10:12:58+08:00 ] ::1 /eshop/index.php/Shop/moreList/shopId/3/scat/5/p/1.html
INFO: [ app_begin ] --START--
INFO: Run Behavior\ReadHtmlCacheBehavior [ RunTime:0.000784s ]
INFO: Run Behavior\CronRunBehavior [ RunTime:0.004205s ]
INFO: [ app_begin ] --END-- [ RunTime:0.005693s ]
SQL: SHOW COLUMNS FROM `eshop_shop` [ RunTime:0.3150s ]
SQL: SELECT * FROM `eshop_shop` WHERE `id` = 3 AND `is_exam` = 1 AND `is_forbid` = 0 AND `is_show` = 1 LIMIT 1   [ RunTime:0.0006s ]
SQL: SHOW COLUMNS FROM `eshop_shop_firstmenu` [ RunTime:0.0473s ]
SQL: SELECT `id`,`name` FROM `eshop_shop_firstmenu` WHERE `shopId` = 3 AND `is_show` = 1  [ RunTime:0.0008s ]
SQL: SHOW COLUMNS FROM `eshop_shop_secondmenu` [ RunTime:0.0154s ]
SQL: SELECT `pid`,`id`,`sname` FROM `eshop_shop_secondmenu` WHERE `pid` IN ('1','5') AND `is_show` = 1  [ RunTime:0.0009s ]
SQL: SHOW COLUMNS FROM `eshop_goodnav` [ RunTime:0.0135s ]
SQL: SELECT * FROM eshop_goodnav n INNER JOIN eshop_good as g on n.goodId = g.id  WHERE `shopId` = 3 AND `s_fid` = 5 ORDER BY modify_recenet desc  [ RunTime:0.0019s ]
SQL: SELECT * FROM eshop_goodnav n INNER JOIN eshop_good as g on n.goodId = g.id  WHERE `shopId` = 3 AND `s_fid` = 5 ORDER BY modify_recenet desc LIMIT 0,4   [ RunTime:0.0016s ]
SQL: SELECT * FROM eshop_goodnav n INNER JOIN eshop_good as g on n.goodId = g.id  WHERE `shopId` = 3 AND `is_hot` = 1 ORDER BY modify_recenet desc LIMIT 4   [ RunTime:0.0013s ]
INFO: [ view_parse ] --START--
INFO: [ template_filter ] --START--
INFO: Run Behavior\ContentReplaceBehavior [ RunTime:0.000124s ]
INFO: [ template_filter ] --END-- [ RunTime:0.000321s ]
INFO: Run Behavior\ParseTemplateBehavior [ RunTime:0.016034s ]
INFO: [ view_parse ] --END-- [ RunTime:0.016218s ]
INFO: [ view_filter ] --START--
INFO: Run Behavior\WriteHtmlCacheBehavior [ RunTime:0.000919s ]
INFO: Run Behavior\TokenBuildBehavior [ RunTime:0.000860s ]
INFO: [ view_filter ] --END-- [ RunTime:0.001983s ]

[ 2017-04-10T10:12:59+08:00 ] ::1 /eshop/index.php/Shop/moreList/shopId/3/scat/5/p/2.html
INFO: [ app_begin ] --START--
INFO: Run Behavior\ReadHtmlCacheBehavior [ RunTime:0.000765s ]
INFO: Run Behavior\CronRunBehavior [ RunTime:0.002431s ]
INFO: [ app_begin ] --END-- [ RunTime:0.003815s ]
SQL: SHOW COLUMNS FROM `eshop_shop` [ RunTime:0.0056s ]
SQL: SELECT * FROM `eshop_shop` WHERE `id` = 3 AND `is_exam` = 1 AND `is_forbid` = 0 AND `is_show` = 1 LIMIT 1   [ RunTime:0.0004s ]
SQL: SHOW COLUMNS FROM `eshop_shop_firstmenu` [ RunTime:0.0064s ]
SQL: SELECT `id`,`name` FROM `eshop_shop_firstmenu` WHERE `shopId` = 3 AND `is_show` = 1  [ RunTime:0.0003s ]
SQL: SHOW COLUMNS FROM `eshop_shop_secondmenu` [ RunTime:0.0050s ]
SQL: SELECT `pid`,`id`,`sname` FROM `eshop_shop_secondmenu` WHERE `pid` IN ('1','5') AND `is_show` = 1  [ RunTime:0.0004s ]
SQL: SHOW COLUMNS FROM `eshop_goodnav` [ RunTime:0.0072s ]
SQL: SELECT * FROM eshop_goodnav n INNER JOIN eshop_good as g on n.goodId = g.id  WHERE `shopId` = 3 AND `s_fid` = 5 ORDER BY modify_recenet desc  [ RunTime:0.0009s ]
SQL: SELECT * FROM eshop_goodnav n INNER JOIN eshop_good as g on n.goodId = g.id  WHERE `shopId` = 3 AND `s_fid` = 5 ORDER BY modify_recenet desc LIMIT 4,4   [ RunTime:0.0007s ]
SQL: SELECT * FROM eshop_goodnav n INNER JOIN eshop_good as g on n.goodId = g.id  WHERE `shopId` = 3 AND `is_hot` = 1 ORDER BY modify_recenet desc LIMIT 4   [ RunTime:0.0005s ]
INFO: [ view_parse ] --START--
INFO: [ template_filter ] --START--
INFO: Run Behavior\ContentReplaceBehavior [ RunTime:0.000093s ]
INFO: [ template_filter ] --END-- [ RunTime:0.000272s ]
INFO: Run Behavior\ParseTemplateBehavior [ RunTime:0.010894s ]
INFO: [ view_parse ] --END-- [ RunTime:0.010988s ]
INFO: [ view_filter ] --START--
INFO: Run Behavior\WriteHtmlCacheBehavior [ RunTime:0.000561s ]
INFO: Run Behavior\TokenBuildBehavior [ RunTime:0.000594s ]
INFO: [ view_filter ] --END-- [ RunTime:0.001284s ]

[ 2017-04-10T10:13:42+08:00 ] ::1 /eshop/index.php/Shop/moreList/shopId/3/scat/5/p/1.html
ERR: Cron:cron Runat 2017-04-10 10:13:42 Use 0.000370 s

[ 2017-04-10T10:13:44+08:00 ] ::1 /eshop/index.php/Shop/moreList/shopId/3/scat/5/p/2.html
ERR: Cron:cron Runat 2017-04-10 10:13:44 Use 0.000384 s

[ 2017-04-10T10:13:44+08:00 ] ::1 /eshop/index.php/Shop/moreList/shopId/3/scat/5/p/2.html
INFO: [ app_begin ] --START--
INFO: Run Behavior\ReadHtmlCacheBehavior [ RunTime:0.000744s ]
INFO: Run Behavior\CronRunBehavior [ RunTime:0.004577s ]
INFO: [ app_begin ] --END-- [ RunTime:0.005939s ]
SQL: SHOW COLUMNS FROM `eshop_shop` [ RunTime:0.0055s ]
SQL: SELECT * FROM `eshop_shop` WHERE `id` = 3 AND `is_exam` = 1 AND `is_forbid` = 0 AND `is_show` = 1 LIMIT 1   [ RunTime:0.0004s ]
SQL: SHOW COLUMNS FROM `eshop_shop_firstmenu` [ RunTime:0.0055s ]
SQL: SELECT `id`,`name` FROM `eshop_shop_firstmenu` WHERE `shopId` = 3 AND `is_show` = 1  [ RunTime:0.0004s ]
SQL: SHOW COLUMNS FROM `eshop_shop_secondmenu` [ RunTime:0.0055s ]
SQL: SELECT `pid`,`id`,`sname` FROM `eshop_shop_secondmenu` WHERE `pid` IN ('1','5') AND `is_show` = 1  [ RunTime:0.0004s ]
SQL: SHOW COLUMNS FROM `eshop_goodnav` [ RunTime:0.0048s ]
SQL: SELECT * FROM eshop_goodnav n INNER JOIN eshop_good as g on n.goodId = g.id  WHERE `shopId` = 3 AND `s_fid` = 5 ORDER BY modify_recenet desc  [ RunTime:0.0008s ]
SQL: SELECT * FROM eshop_goodnav n INNER JOIN eshop_good as g on n.goodId = g.id  WHERE `shopId` = 3 AND `s_fid` = 5 ORDER BY modify_recenet desc LIMIT 4,4   [ RunTime:0.0007s ]
SQL: SELECT * FROM eshop_goodnav n INNER JOIN eshop_good as g on n.goodId = g.id  WHERE `shopId` = 3 AND `is_hot` = 1 ORDER BY modify_recenet desc LIMIT 4   [ RunTime:0.0006s ]
INFO: [ view_parse ] --START--
INFO: [ template_filter ] --START--
INFO: Run Behavior\ContentReplaceBehavior [ RunTime:0.000070s ]
INFO: [ template_filter ] --END-- [ RunTime:0.000152s ]
INFO: Run Behavior\ParseTemplateBehavior [ RunTime:0.010097s ]
INFO: [ view_parse ] --END-- [ RunTime:0.010193s ]
INFO: [ view_filter ] --START--
INFO: Run Behavior\WriteHtmlCacheBehavior [ RunTime:0.000552s ]
INFO: Run Behavior\TokenBuildBehavior [ RunTime:0.000571s ]
INFO: [ view_filter ] --END-- [ RunTime:0.001231s ]

[ 2017-04-10T10:13:47+08:00 ] ::1 /eshop/index.php/Shop/moreList/shopId/3/scat/5/p/1.html
ERR: Cron:cron Runat 2017-04-10 10:13:47 Use 0.000362 s

[ 2017-04-10T10:13:47+08:00 ] ::1 /eshop/index.php/Shop/moreList/shopId/3/scat/5/p/1.html
INFO: [ app_begin ] --START--
INFO: Run Behavior\ReadHtmlCacheBehavior [ RunTime:0.000774s ]
INFO: Run Behavior\CronRunBehavior [ RunTime:0.004368s ]
INFO: [ app_begin ] --END-- [ RunTime:0.005772s ]
SQL: SHOW COLUMNS FROM `eshop_shop` [ RunTime:0.0054s ]
SQL: SELECT * FROM `eshop_shop` WHERE `id` = 3 AND `is_exam` = 1 AND `is_forbid` = 0 AND `is_show` = 1 LIMIT 1   [ RunTime:0.0004s ]
SQL: SHOW COLUMNS FROM `eshop_shop_firstmenu` [ RunTime:0.0052s ]
SQL: SELECT `id`,`name` FROM `eshop_shop_firstmenu` WHERE `shopId` = 3 AND `is_show` = 1  [ RunTime:0.0003s ]
SQL: SHOW COLUMNS FROM `eshop_shop_secondmenu` [ RunTime:0.0054s ]
SQL: SELECT `pid`,`id`,`sname` FROM `eshop_shop_secondmenu` WHERE `pid` IN ('1','5') AND `is_show` = 1  [ RunTime:0.0004s ]
SQL: SHOW COLUMNS FROM `eshop_goodnav` [ RunTime:0.0059s ]
SQL: SELECT * FROM eshop_goodnav n INNER JOIN eshop_good as g on n.goodId = g.id  WHERE `shopId` = 3 AND `s_fid` = 5 ORDER BY modify_recenet desc  [ RunTime:0.0009s ]
SQL: SELECT * FROM eshop_goodnav n INNER JOIN eshop_good as g on n.goodId = g.id  WHERE `shopId` = 3 AND `s_fid` = 5 ORDER BY modify_recenet desc LIMIT 0,4   [ RunTime:0.0006s ]
SQL: SELECT * FROM eshop_goodnav n INNER JOIN eshop_good as g on n.goodId = g.id  WHERE `shopId` = 3 AND `is_hot` = 1 ORDER BY modify_recenet desc LIMIT 4   [ RunTime:0.0005s ]
INFO: [ view_parse ] --START--
INFO: [ template_filter ] --START--
INFO: Run Behavior\ContentReplaceBehavior [ RunTime:0.000072s ]
INFO: [ template_filter ] --END-- [ RunTime:0.000157s ]
INFO: Run Behavior\ParseTemplateBehavior [ RunTime:0.010076s ]
INFO: [ view_parse ] --END-- [ RunTime:0.010174s ]
INFO: [ view_filter ] --START--
INFO: Run Behavior\WriteHtmlCacheBehavior [ RunTime:0.000582s ]
INFO: Run Behavior\TokenBuildBehavior [ RunTime:0.000603s ]
INFO: [ view_filter ] --END-- [ RunTime:0.001304s ]

[ 2017-04-10T10:13:48+08:00 ] ::1 /eshop/index.php/Shop/moreList/shopId/3/scat/5/p/2.html
INFO: [ app_begin ] --START--
INFO: Run Behavior\ReadHtmlCacheBehavior [ RunTime:0.000800s ]
INFO: Run Behavior\CronRunBehavior [ RunTime:0.002322s ]
INFO: [ app_begin ] --END-- [ RunTime:0.003785s ]
SQL: SHOW COLUMNS FROM `eshop_shop` [ RunTime:0.0055s ]
SQL: SELECT * FROM `eshop_shop` WHERE `id` = 3 AND `is_exam` = 1 AND `is_forbid` = 0 AND `is_show` = 1 LIMIT 1   [ RunTime:0.0004s ]
SQL: SHOW COLUMNS FROM `eshop_shop_firstmenu` [ RunTime:0.0056s ]
SQL: SELECT `id`,`name` FROM `eshop_shop_firstmenu` WHERE `shopId` = 3 AND `is_show` = 1  [ RunTime:0.0004s ]
SQL: SHOW COLUMNS FROM `eshop_shop_secondmenu` [ RunTime:0.0049s ]
SQL: SELECT `pid`,`id`,`sname` FROM `eshop_shop_secondmenu` WHERE `pid` IN ('1','5') AND `is_show` = 1  [ RunTime:0.0004s ]
SQL: SHOW COLUMNS FROM `eshop_goodnav` [ RunTime:0.0056s ]
SQL: SELECT * FROM eshop_goodnav n INNER JOIN eshop_good as g on n.goodId = g.id  WHERE `shopId` = 3 AND `s_fid` = 5 ORDER BY modify_recenet desc  [ RunTime:0.0008s ]
SQL: SELECT * FROM eshop_goodnav n INNER JOIN eshop_good as g on n.goodId = g.id  WHERE `shopId` = 3 AND `s_fid` = 5 ORDER BY modify_recenet desc LIMIT 4,4   [ RunTime:0.0007s ]
SQL: SELECT * FROM eshop_goodnav n INNER JOIN eshop_good as g on n.goodId = g.id  WHERE `shopId` = 3 AND `is_hot` = 1 ORDER BY modify_recenet desc LIMIT 4   [ RunTime:0.0006s ]
INFO: [ view_parse ] --START--
INFO: [ template_filter ] --START--
INFO: Run Behavior\ContentReplaceBehavior [ RunTime:0.000070s ]
INFO: [ template_filter ] --END-- [ RunTime:0.000149s ]
INFO: Run Behavior\ParseTemplateBehavior [ RunTime:0.009882s ]
INFO: [ view_parse ] --END-- [ RunTime:0.010009s ]
INFO: [ view_filter ] --START--
INFO: Run Behavior\WriteHtmlCacheBehavior [ RunTime:0.000601s ]
INFO: Run Behavior\TokenBuildBehavior [ RunTime:0.000580s ]
INFO: [ view_filter ] --END-- [ RunTime:0.001290s ]

[ 2017-04-10T10:13:48+08:00 ] ::1 /eshop/index.php/Shop/moreList/shopId/3/scat/5/p/1.html
INFO: [ app_begin ] --START--
INFO: Run Behavior\ReadHtmlCacheBehavior [ RunTime:0.000753s ]
INFO: Run Behavior\CronRunBehavior [ RunTime:0.002359s ]
INFO: [ app_begin ] --END-- [ RunTime:0.003754s ]
SQL: SHOW COLUMNS FROM `eshop_shop` [ RunTime:0.0245s ]
SQL: SELECT * FROM `eshop_shop` WHERE `id` = 3 AND `is_exam` = 1 AND `is_forbid` = 0 AND `is_show` = 1 LIMIT 1   [ RunTime:0.0004s ]
SQL: SHOW COLUMNS FROM `eshop_shop_firstmenu` [ RunTime:0.0048s ]
SQL: SELECT `id`,`name` FROM `eshop_shop_firstmenu` WHERE `shopId` = 3 AND `is_show` = 1  [ RunTime:0.0004s ]
SQL: SHOW COLUMNS FROM `eshop_shop_secondmenu` [ RunTime:0.0054s ]
SQL: SELECT `pid`,`id`,`sname` FROM `eshop_shop_secondmenu` WHERE `pid` IN ('1','5') AND `is_show` = 1  [ RunTime:0.0004s ]
SQL: SHOW COLUMNS FROM `eshop_goodnav` [ RunTime:0.0054s ]
SQL: SELECT * FROM eshop_goodnav n INNER JOIN eshop_good as g on n.goodId = g.id  WHERE `shopId` = 3 AND `s_fid` = 5 ORDER BY modify_recenet desc  [ RunTime:0.0007s ]
SQL: SELECT * FROM eshop_goodnav n INNER JOIN eshop_good as g on n.goodId = g.id  WHERE `shopId` = 3 AND `s_fid` = 5 ORDER BY modify_recenet desc LIMIT 0,4   [ RunTime:0.0006s ]
SQL: SELECT * FROM eshop_goodnav n INNER JOIN eshop_good as g on n.goodId = g.id  WHERE `shopId` = 3 AND `is_hot` = 1 ORDER BY modify_recenet desc LIMIT 4   [ RunTime:0.0006s ]
INFO: [ view_parse ] --START--
INFO: [ template_filter ] --START--
INFO: Run Behavior\ContentReplaceBehavior [ RunTime:0.000081s ]
INFO: [ template_filter ] --END-- [ RunTime:0.000192s ]
INFO: Run Behavior\ParseTemplateBehavior [ RunTime:0.010223s ]
INFO: [ view_parse ] --END-- [ RunTime:0.010404s ]
INFO: [ view_filter ] --START--
INFO: Run Behavior\WriteHtmlCacheBehavior [ RunTime:0.000890s ]
INFO: Run Behavior\TokenBuildBehavior [ RunTime:0.001078s ]
INFO: [ view_filter ] --END-- [ RunTime:0.002168s ]

[ 2017-04-10T10:13:49+08:00 ] ::1 /eshop/index.php/Shop/moreList/shopId/3/scat/5/p/2.html
ERR: Cron:cron Runat 2017-04-10 10:13:49 Use 0.000413 s

[ 2017-04-10T10:13:49+08:00 ] ::1 /eshop/index.php/Shop/moreList/shopId/3/scat/5/p/2.html
INFO: [ app_begin ] --START--
INFO: Run Behavior\ReadHtmlCacheBehavior [ RunTime:0.000801s ]
INFO: Run Behavior\CronRunBehavior [ RunTime:0.004766s ]
INFO: [ app_begin ] --END-- [ RunTime:0.006219s ]
SQL: SHOW COLUMNS FROM `eshop_shop` [ RunTime:0.0054s ]
SQL: SELECT * FROM `eshop_shop` WHERE `id` = 3 AND `is_exam` = 1 AND `is_forbid` = 0 AND `is_show` = 1 LIMIT 1   [ RunTime:0.0004s ]
SQL: SHOW COLUMNS FROM `eshop_shop_firstmenu` [ RunTime:0.0057s ]
SQL: SELECT `id`,`name` FROM `eshop_shop_firstmenu` WHERE `shopId` = 3 AND `is_show` = 1  [ RunTime:0.0004s ]
SQL: SHOW COLUMNS FROM `eshop_shop_secondmenu` [ RunTime:0.0058s ]
SQL: SELECT `pid`,`id`,`sname` FROM `eshop_shop_secondmenu` WHERE `pid` IN ('1','5') AND `is_show` = 1  [ RunTime:0.0004s ]
SQL: SHOW COLUMNS FROM `eshop_goodnav` [ RunTime:0.0057s ]
SQL: SELECT * FROM eshop_goodnav n INNER JOIN eshop_good as g on n.goodId = g.id  WHERE `shopId` = 3 AND `s_fid` = 5 ORDER BY modify_recenet desc  [ RunTime:0.0008s ]
SQL: SELECT * FROM eshop_goodnav n INNER JOIN eshop_good as g on n.goodId = g.id  WHERE `shopId` = 3 AND `s_fid` = 5 ORDER BY modify_recenet desc LIMIT 4,4   [ RunTime:0.0008s ]
SQL: SELECT * FROM eshop_goodnav n INNER JOIN eshop_good as g on n.goodId = g.id  WHERE `shopId` = 3 AND `is_hot` = 1 ORDER BY modify_recenet desc LIMIT 4   [ RunTime:0.0005s ]
INFO: [ view_parse ] --START--
INFO: [ template_filter ] --START--
INFO: Run Behavior\ContentReplaceBehavior [ RunTime:0.000069s ]
INFO: [ template_filter ] --END-- [ RunTime:0.000151s ]
INFO: Run Behavior\ParseTemplateBehavior [ RunTime:0.009341s ]
INFO: [ view_parse ] --END-- [ RunTime:0.009427s ]
INFO: [ view_filter ] --START--
INFO: Run Behavior\WriteHtmlCacheBehavior [ RunTime:0.000577s ]
INFO: Run Behavior\TokenBuildBehavior [ RunTime:0.000577s ]
INFO: [ view_filter ] --END-- [ RunTime:0.001265s ]

[ 2017-04-10T10:13:51+08:00 ] ::1 /eshop/index.php/Shop/moreList/shopId/3/scat/5/p/1.html
ERR: Cron:cron Runat 2017-04-10 10:13:51 Use 0.000350 s

[ 2017-04-10T10:13:51+08:00 ] ::1 /eshop/index.php/Shop/moreList/shopId/3/scat/5/p/1.html
INFO: [ app_begin ] --START--
INFO: Run Behavior\ReadHtmlCacheBehavior [ RunTime:0.000877s ]
INFO: Run Behavior\CronRunBehavior [ RunTime:0.004257s ]
INFO: [ app_begin ] --END-- [ RunTime:0.005771s ]
SQL: SHOW COLUMNS FROM `eshop_shop` [ RunTime:0.0058s ]
SQL: SELECT * FROM `eshop_shop` WHERE `id` = 3 AND `is_exam` = 1 AND `is_forbid` = 0 AND `is_show` = 1 LIMIT 1   [ RunTime:0.0004s ]
SQL: SHOW COLUMNS FROM `eshop_shop_firstmenu` [ RunTime:0.0048s ]
SQL: SELECT `id`,`name` FROM `eshop_shop_firstmenu` WHERE `shopId` = 3 AND `is_show` = 1  [ RunTime:0.0004s ]
SQL: SHOW COLUMNS FROM `eshop_shop_secondmenu` [ RunTime:0.0062s ]
SQL: SELECT `pid`,`id`,`sname` FROM `eshop_shop_secondmenu` WHERE `pid` IN ('1','5') AND `is_show` = 1  [ RunTime:0.0004s ]
SQL: SHOW COLUMNS FROM `eshop_goodnav` [ RunTime:0.0054s ]
SQL: SELECT * FROM eshop_goodnav n INNER JOIN eshop_good as g on n.goodId = g.id  WHERE `shopId` = 3 AND `s_fid` = 5 ORDER BY modify_recenet desc  [ RunTime:0.0008s ]
SQL: SELECT * FROM eshop_goodnav n INNER JOIN eshop_good as g on n.goodId = g.id  WHERE `shopId` = 3 AND `s_fid` = 5 ORDER BY modify_recenet desc LIMIT 0,4   [ RunTime:0.0006s ]
SQL: SELECT * FROM eshop_goodnav n INNER JOIN eshop_good as g on n.goodId = g.id  WHERE `shopId` = 3 AND `is_hot` = 1 ORDER BY modify_recenet desc LIMIT 4   [ RunTime:0.0007s ]
INFO: [ view_parse ] --START--
INFO: [ template_filter ] --START--
INFO: Run Behavior\ContentReplaceBehavior [ RunTime:0.000069s ]
INFO: [ template_filter ] --END-- [ RunTime:0.000178s ]
INFO: Run Behavior\ParseTemplateBehavior [ RunTime:0.009891s ]
INFO: [ view_parse ] --END-- [ RunTime:0.009978s ]
INFO: [ view_filter ] --START--
INFO: Run Behavior\WriteHtmlCacheBehavior [ RunTime:0.000518s ]
INFO: Run Behavior\TokenBuildBehavior [ RunTime:0.000510s ]
INFO: [ view_filter ] --END-- [ RunTime:0.001151s ]

[ 2017-04-10T10:14:50+08:00 ] ::1 /eshop/index.php/Shop/moreList/shopId/3/scat/5/p/1.html
ERR: Cron:cron Runat 2017-04-10 10:14:50 Use 0.000379 s

[ 2017-04-10T10:14:57+08:00 ] ::1 /eshop/index.php/Shop/moreList/shopId/3/scat/5/p/1.html
ERR: Cron:cron Runat 2017-04-10 10:14:57 Use 0.000360 s

[ 2017-04-10T10:15:18+08:00 ] ::1 /eshop/index.php/Shop/moreList/shopId/3/scat/5/p/1.html
ERR: Cron:cron Runat 2017-04-10 10:15:18 Use 0.000272 s

[ 2017-04-10T10:15:22+08:00 ] ::1 /eshop/index.php/Shop/moreList/shopId/3/scat/5/p/2.html
ERR: Cron:cron Runat 2017-04-10 10:15:22 Use 0.000413 s

[ 2017-04-10T10:15:22+08:00 ] ::1 /eshop/index.php/Shop/moreList/shopId/3/scat/5/p/2.html
INFO: [ app_begin ] --START--
INFO: Run Behavior\ReadHtmlCacheBehavior [ RunTime:0.000739s ]
INFO: Run Behavior\CronRunBehavior [ RunTime:0.004660s ]
INFO: [ app_begin ] --END-- [ RunTime:0.006034s ]
SQL: SHOW COLUMNS FROM `eshop_shop` [ RunTime:0.0054s ]
SQL: SELECT * FROM `eshop_shop` WHERE `id` = 3 AND `is_exam` = 1 AND `is_forbid` = 0 AND `is_show` = 1 LIMIT 1   [ RunTime:0.0004s ]
SQL: SHOW COLUMNS FROM `eshop_shop_firstmenu` [ RunTime:0.0058s ]
SQL: SELECT `id`,`name` FROM `eshop_shop_firstmenu` WHERE `shopId` = 3 AND `is_show` = 1  [ RunTime:0.0003s ]
SQL: SHOW COLUMNS FROM `eshop_shop_secondmenu` [ RunTime:0.0053s ]
SQL: SELECT `pid`,`id`,`sname` FROM `eshop_shop_secondmenu` WHERE `pid` IN ('1','5') AND `is_show` = 1  [ RunTime:0.0004s ]
SQL: SHOW COLUMNS FROM `eshop_goodnav` [ RunTime:0.0055s ]
SQL: SELECT * FROM eshop_goodnav n INNER JOIN eshop_good as g on n.goodId = g.id  WHERE `shopId` = 3 AND `s_fid` = 5 ORDER BY modify_recenet desc  [ RunTime:0.0008s ]
SQL: SELECT * FROM eshop_goodnav n INNER JOIN eshop_good as g on n.goodId = g.id  WHERE `shopId` = 3 AND `s_fid` = 5 ORDER BY modify_recenet desc LIMIT 4,4   [ RunTime:0.0007s ]
SQL: SELECT * FROM eshop_goodnav n INNER JOIN eshop_good as g on n.goodId = g.id  WHERE `shopId` = 3 AND `is_hot` = 1 ORDER BY modify_recenet desc LIMIT 4   [ RunTime:0.0006s ]
INFO: [ view_parse ] --START--
INFO: [ template_filter ] --START--
INFO: Run Behavior\ContentReplaceBehavior [ RunTime:0.000070s ]
INFO: [ template_filter ] --END-- [ RunTime:0.000151s ]
INFO: Run Behavior\ParseTemplateBehavior [ RunTime:0.009916s ]
INFO: [ view_parse ] --END-- [ RunTime:0.010012s ]
INFO: [ view_filter ] --START--
INFO: Run Behavior\WriteHtmlCacheBehavior [ RunTime:0.000545s ]
INFO: Run Behavior\TokenBuildBehavior [ RunTime:0.000567s ]
INFO: [ view_filter ] --END-- [ RunTime:0.001219s ]

[ 2017-04-10T10:15:23+08:00 ] ::1 /eshop/index.php/Shop/moreList/shopId/3/scat/5/p/1.html
INFO: [ app_begin ] --START--
INFO: Run Behavior\ReadHtmlCacheBehavior [ RunTime:0.000784s ]
INFO: Run Behavior\CronRunBehavior [ RunTime:0.002776s ]
INFO: [ app_begin ] --END-- [ RunTime:0.004239s ]
SQL: SHOW COLUMNS FROM `eshop_shop` [ RunTime:0.0050s ]
SQL: SELECT * FROM `eshop_shop` WHERE `id` = 3 AND `is_exam` = 1 AND `is_forbid` = 0 AND `is_show` = 1 LIMIT 1   [ RunTime:0.0004s ]
SQL: SHOW COLUMNS FROM `eshop_shop_firstmenu` [ RunTime:0.0052s ]
SQL: SELECT `id`,`name` FROM `eshop_shop_firstmenu` WHERE `shopId` = 3 AND `is_show` = 1  [ RunTime:0.0003s ]
SQL: SHOW COLUMNS FROM `eshop_shop_secondmenu` [ RunTime:0.0050s ]
SQL: SELECT `pid`,`id`,`sname` FROM `eshop_shop_secondmenu` WHERE `pid` IN ('1','5') AND `is_show` = 1  [ RunTime:0.0004s ]
SQL: SHOW COLUMNS FROM `eshop_goodnav` [ RunTime:0.0054s ]
SQL: SELECT * FROM eshop_goodnav n INNER JOIN eshop_good as g on n.goodId = g.id  WHERE `shopId` = 3 AND `s_fid` = 5 ORDER BY modify_recenet desc  [ RunTime:0.0008s ]
SQL: SELECT * FROM eshop_goodnav n INNER JOIN eshop_good as g on n.goodId = g.id  WHERE `shopId` = 3 AND `s_fid` = 5 ORDER BY modify_recenet desc LIMIT 0,4   [ RunTime:0.0005s ]
SQL: SELECT * FROM eshop_goodnav n INNER JOIN eshop_good as g on n.goodId = g.id  WHERE `shopId` = 3 AND `is_hot` = 1 ORDER BY modify_recenet desc LIMIT 4   [ RunTime:0.0005s ]
INFO: [ view_parse ] --START--
INFO: [ template_filter ] --START--
INFO: Run Behavior\ContentReplaceBehavior [ RunTime:0.000077s ]
INFO: [ template_filter ] --END-- [ RunTime:0.000164s ]
INFO: Run Behavior\ParseTemplateBehavior [ RunTime:0.010321s ]
INFO: [ view_parse ] --END-- [ RunTime:0.010417s ]
INFO: [ view_filter ] --START--
INFO: Run Behavior\WriteHtmlCacheBehavior [ RunTime:0.000523s ]
INFO: Run Behavior\TokenBuildBehavior [ RunTime:0.000580s ]
INFO: [ view_filter ] --END-- [ RunTime:0.001204s ]

[ 2017-04-10T10:15:24+08:00 ] ::1 /eshop/index.php/Shop/moreList/shopId/3/scat/5/p/2.html
ERR: Cron:cron Runat 2017-04-10 10:15:24 Use 0.000259 s

[ 2017-04-10T10:15:24+08:00 ] ::1 /eshop/index.php/Shop/moreList/shopId/3/scat/5/p/2.html
INFO: [ app_begin ] --START--
INFO: Run Behavior\ReadHtmlCacheBehavior [ RunTime:0.000757s ]
INFO: Run Behavior\CronRunBehavior [ RunTime:0.003817s ]
INFO: [ app_begin ] --END-- [ RunTime:0.005210s ]
SQL: SHOW COLUMNS FROM `eshop_shop` [ RunTime:0.0059s ]
SQL: SELECT * FROM `eshop_shop` WHERE `id` = 3 AND `is_exam` = 1 AND `is_forbid` = 0 AND `is_show` = 1 LIMIT 1   [ RunTime:0.0005s ]
SQL: SHOW COLUMNS FROM `eshop_shop_firstmenu` [ RunTime:0.0058s ]
SQL: SELECT `id`,`name` FROM `eshop_shop_firstmenu` WHERE `shopId` = 3 AND `is_show` = 1  [ RunTime:0.0004s ]
SQL: SHOW COLUMNS FROM `eshop_shop_secondmenu` [ RunTime:0.0051s ]
SQL: SELECT `pid`,`id`,`sname` FROM `eshop_shop_secondmenu` WHERE `pid` IN ('1','5') AND `is_show` = 1  [ RunTime:0.0004s ]
SQL: SHOW COLUMNS FROM `eshop_goodnav` [ RunTime:0.0061s ]
SQL: SELECT * FROM eshop_goodnav n INNER JOIN eshop_good as g on n.goodId = g.id  WHERE `shopId` = 3 AND `s_fid` = 5 ORDER BY modify_recenet desc  [ RunTime:0.0008s ]
SQL: SELECT * FROM eshop_goodnav n INNER JOIN eshop_good as g on n.goodId = g.id  WHERE `shopId` = 3 AND `s_fid` = 5 ORDER BY modify_recenet desc LIMIT 4,4   [ RunTime:0.0007s ]
SQL: SELECT * FROM eshop_goodnav n INNER JOIN eshop_good as g on n.goodId = g.id  WHERE `shopId` = 3 AND `is_hot` = 1 ORDER BY modify_recenet desc LIMIT 4   [ RunTime:0.0006s ]
INFO: [ view_parse ] --START--
INFO: [ template_filter ] --START--
INFO: Run Behavior\ContentReplaceBehavior [ RunTime:0.000068s ]
INFO: [ template_filter ] --END-- [ RunTime:0.000149s ]
INFO: Run Behavior\ParseTemplateBehavior [ RunTime:0.009793s ]
INFO: [ view_parse ] --END-- [ RunTime:0.009883s ]
INFO: [ view_filter ] --START--
INFO: Run Behavior\WriteHtmlCacheBehavior [ RunTime:0.000537s ]
INFO: Run Behavior\TokenBuildBehavior [ RunTime:0.000574s ]
INFO: [ view_filter ] --END-- [ RunTime:0.001212s ]

[ 2017-04-10T10:15:36+08:00 ] ::1 /eshop/index.php/Shop/moreList/shopId/3/scat/5/p/1.html
ERR: Cron:cron Runat 2017-04-10 10:15:36 Use 0.000348 s

[ 2017-04-10T10:15:36+08:00 ] ::1 /eshop/index.php/Shop/moreList/shopId/3/scat/5/p/1.html
INFO: [ app_begin ] --START--
INFO: Run Behavior\ReadHtmlCacheBehavior [ RunTime:0.000797s ]
INFO: Run Behavior\CronRunBehavior [ RunTime:0.004145s ]
INFO: [ app_begin ] --END-- [ RunTime:0.005643s ]
SQL: SHOW COLUMNS FROM `eshop_shop` [ RunTime:0.0053s ]
SQL: SELECT * FROM `eshop_shop` WHERE `id` = 3 AND `is_exam` = 1 AND `is_forbid` = 0 AND `is_show` = 1 LIMIT 1   [ RunTime:0.0004s ]
SQL: SHOW COLUMNS FROM `eshop_shop_firstmenu` [ RunTime:0.0056s ]
SQL: SELECT `id`,`name` FROM `eshop_shop_firstmenu` WHERE `shopId` = 3 AND `is_show` = 1  [ RunTime:0.0005s ]
SQL: SHOW COLUMNS FROM `eshop_shop_secondmenu` [ RunTime:0.0059s ]
SQL: SELECT `pid`,`id`,`sname` FROM `eshop_shop_secondmenu` WHERE `pid` IN ('1','5') AND `is_show` = 1  [ RunTime:0.0004s ]
SQL: SHOW COLUMNS FROM `eshop_goodnav` [ RunTime:0.0055s ]
SQL: SELECT * FROM eshop_goodnav n INNER JOIN eshop_good as g on n.goodId = g.id  WHERE `shopId` = 3 AND `s_fid` = 5 ORDER BY modify_recenet desc  [ RunTime:0.0013s ]
SQL: SELECT * FROM eshop_goodnav n INNER JOIN eshop_good as g on n.goodId = g.id  WHERE `shopId` = 3 AND `s_fid` = 5 ORDER BY modify_recenet desc LIMIT 0,4   [ RunTime:0.0006s ]
SQL: SELECT * FROM eshop_goodnav n INNER JOIN eshop_good as g on n.goodId = g.id  WHERE `shopId` = 3 AND `is_hot` = 1 ORDER BY modify_recenet desc LIMIT 4   [ RunTime:0.0005s ]
INFO: [ view_parse ] --START--
INFO: [ template_filter ] --START--
INFO: Run Behavior\ContentReplaceBehavior [ RunTime:0.000072s ]
INFO: [ template_filter ] --END-- [ RunTime:0.000156s ]
INFO: Run Behavior\ParseTemplateBehavior [ RunTime:0.009464s ]
INFO: [ view_parse ] --END-- [ RunTime:0.009547s ]
INFO: [ view_filter ] --START--
INFO: Run Behavior\WriteHtmlCacheBehavior [ RunTime:0.000544s ]
INFO: Run Behavior\TokenBuildBehavior [ RunTime:0.000595s ]
INFO: [ view_filter ] --END-- [ RunTime:0.001253s ]

[ 2017-04-10T10:15:38+08:00 ] ::1 /eshop/index.php/Shop/moreList/shopId/3/scat/5/p/1.html
ERR: Cron:cron Runat 2017-04-10 10:15:38 Use 0.000261 s

[ 2017-04-10T10:16:46+08:00 ] ::1 /eshop/index.php/Shop/moreList/shopId/3/scat/5/p/1.html
ERR: Cron:cron Runat 2017-04-10 10:16:46 Use 0.000452 s

[ 2017-04-10T10:18:53+08:00 ] ::1 /eshop/index.php/Shop/moreList/shopId/3/scat/5/p/1.html
ERR: Cron:cron Runat 2017-04-10 10:18:53 Use 0.000308 s

[ 2017-04-10T10:24:41+08:00 ] ::1 /eshop/index.php/Shop/moreList/shopId/3/scat/5/p/1.html
ERR: Cron:cron Runat 2017-04-10 10:24:41 Use 0.000319 s

[ 2017-04-10T10:24:52+08:00 ] ::1 /eshop/index.php/Shop/moreList/shopId/3/scat/5/p/1.html
ERR: Cron:cron Runat 2017-04-10 10:24:52 Use 0.000314 s

[ 2017-04-10T10:25:10+08:00 ] ::1 /eshop/index.php/Shop/moreList/shopId/3/scat/5/p/1.html
ERR: Cron:cron Runat 2017-04-10 10:25:10 Use 0.000363 s

[ 2017-04-10T10:26:26+08:00 ] ::1 /eshop/index.php/Shop/moreList/shopId/3/scat/5/p/1.html
ERR: Cron:cron Runat 2017-04-10 10:26:26 Use 0.000406 s

[ 2017-04-10T10:26:39+08:00 ] ::1 /eshop/index.php/Shop/moreList/shopId/3/scat/5/p/1.html
ERR: Cron:cron Runat 2017-04-10 10:26:39 Use 0.000267 s

[ 2017-04-10T10:26:48+08:00 ] ::1 /eshop/index.php/Shop/moreList/shopId/3/scat/5/p/1.html
ERR: Cron:cron Runat 2017-04-10 10:26:48 Use 0.000280 s

[ 2017-04-10T10:28:58+08:00 ] ::1 /eshop/index.php/Shop/moreList/shopId/3/scat/5/p/1.html
ERR: Cron:cron Runat 2017-04-10 10:28:58 Use 0.000360 s

[ 2017-04-10T10:29:37+08:00 ] ::1 /eshop/index.php/Shop/moreList/shopId/3/scat/5/p/1.html
ERR: Cron:cron Runat 2017-04-10 10:29:37 Use 0.000450 s

[ 2017-04-10T10:29:41+08:00 ] ::1 /eshop/index.php/Shop/moreList/shopId/3/scat/5/p/2.html
ERR: Cron:cron Runat 2017-04-10 10:29:41 Use 0.000458 s

[ 2017-04-10T10:29:41+08:00 ] ::1 /eshop/index.php/Shop/moreList/shopId/3/scat/5/p/2.html
INFO: [ app_begin ] --START--
INFO: Run Behavior\ReadHtmlCacheBehavior [ RunTime:0.000800s ]
INFO: Run Behavior\CronRunBehavior [ RunTime:0.004745s ]
INFO: [ app_begin ] --END-- [ RunTime:0.006310s ]
SQL: SHOW COLUMNS FROM `eshop_shop` [ RunTime:0.0055s ]
SQL: SELECT * FROM `eshop_shop` WHERE `id` = 3 AND `is_exam` = 1 AND `is_forbid` = 0 AND `is_show` = 1 LIMIT 1   [ RunTime:0.0004s ]
SQL: SHOW COLUMNS FROM `eshop_shop_firstmenu` [ RunTime:0.0059s ]
SQL: SELECT `id`,`name` FROM `eshop_shop_firstmenu` WHERE `shopId` = 3 AND `is_show` = 1  [ RunTime:0.0004s ]
SQL: SHOW COLUMNS FROM `eshop_shop_secondmenu` [ RunTime:0.0053s ]
SQL: SELECT `pid`,`id`,`sname` FROM `eshop_shop_secondmenu` WHERE `pid` IN ('1','5') AND `is_show` = 1  [ RunTime:0.0004s ]
SQL: SHOW COLUMNS FROM `eshop_goodnav` [ RunTime:0.0055s ]
SQL: SELECT * FROM eshop_goodnav n INNER JOIN eshop_good as g on n.goodId = g.id  WHERE `shopId` = 3 AND `s_fid` = 5 ORDER BY modify_recenet desc  [ RunTime:0.0008s ]
SQL: SELECT * FROM eshop_goodnav n INNER JOIN eshop_good as g on n.goodId = g.id  WHERE `shopId` = 3 AND `s_fid` = 5 ORDER BY modify_recenet desc LIMIT 4,4   [ RunTime:0.0007s ]
SQL: SELECT * FROM eshop_goodnav n INNER JOIN eshop_good as g on n.goodId = g.id  WHERE `shopId` = 3 AND `is_hot` = 1 ORDER BY modify_recenet desc LIMIT 4   [ RunTime:0.0006s ]
INFO: [ view_parse ] --START--
INFO: [ template_filter ] --START--
INFO: Run Behavior\ContentReplaceBehavior [ RunTime:0.000065s ]
INFO: [ template_filter ] --END-- [ RunTime:0.000144s ]
INFO: Run Behavior\ParseTemplateBehavior [ RunTime:0.009301s ]
INFO: [ view_parse ] --END-- [ RunTime:0.009435s ]
INFO: [ view_filter ] --START--
INFO: Run Behavior\WriteHtmlCacheBehavior [ RunTime:0.000620s ]
INFO: Run Behavior\TokenBuildBehavior [ RunTime:0.000570s ]
INFO: [ view_filter ] --END-- [ RunTime:0.001314s ]

[ 2017-04-10T10:29:43+08:00 ] ::1 /eshop/index.php/Shop/moreList/shopId/3/scat/5/p/1.html
ERR: Cron:cron Runat 2017-04-10 10:29:43 Use 0.000375 s

[ 2017-04-10T10:29:43+08:00 ] ::1 /eshop/index.php/Shop/moreList/shopId/3/scat/5/p/1.html
INFO: [ app_begin ] --START--
INFO: Run Behavior\ReadHtmlCacheBehavior [ RunTime:0.000774s ]
INFO: Run Behavior\CronRunBehavior [ RunTime:0.004247s ]
INFO: [ app_begin ] --END-- [ RunTime:0.005656s ]
SQL: SHOW COLUMNS FROM `eshop_shop` [ RunTime:0.0046s ]
SQL: SELECT * FROM `eshop_shop` WHERE `id` = 3 AND `is_exam` = 1 AND `is_forbid` = 0 AND `is_show` = 1 LIMIT 1   [ RunTime:0.0004s ]
SQL: SHOW COLUMNS FROM `eshop_shop_firstmenu` [ RunTime:0.0053s ]
SQL: SELECT `id`,`name` FROM `eshop_shop_firstmenu` WHERE `shopId` = 3 AND `is_show` = 1  [ RunTime:0.0004s ]
SQL: SHOW COLUMNS FROM `eshop_shop_secondmenu` [ RunTime:0.0050s ]
SQL: SELECT `pid`,`id`,`sname` FROM `eshop_shop_secondmenu` WHERE `pid` IN ('1','5') AND `is_show` = 1  [ RunTime:0.0004s ]
SQL: SHOW COLUMNS FROM `eshop_goodnav` [ RunTime:0.0064s ]
SQL: SELECT * FROM eshop_goodnav n INNER JOIN eshop_good as g on n.goodId = g.id  WHERE `shopId` = 3 AND `s_fid` = 5 ORDER BY modify_recenet desc  [ RunTime:0.0008s ]
SQL: SELECT * FROM eshop_goodnav n INNER JOIN eshop_good as g on n.goodId = g.id  WHERE `shopId` = 3 AND `s_fid` = 5 ORDER BY modify_recenet desc LIMIT 0,4   [ RunTime:0.0006s ]
SQL: SELECT * FROM eshop_goodnav n INNER JOIN eshop_good as g on n.goodId = g.id  WHERE `shopId` = 3 AND `is_hot` = 1 ORDER BY modify_recenet desc LIMIT 4   [ RunTime:0.0005s ]
INFO: [ view_parse ] --START--
INFO: [ template_filter ] --START--
INFO: Run Behavior\ContentReplaceBehavior [ RunTime:0.000064s ]
INFO: [ template_filter ] --END-- [ RunTime:0.000150s ]
INFO: Run Behavior\ParseTemplateBehavior [ RunTime:0.009784s ]
INFO: [ view_parse ] --END-- [ RunTime:0.009874s ]
INFO: [ view_filter ] --START--
INFO: Run Behavior\WriteHtmlCacheBehavior [ RunTime:0.000605s ]
INFO: Run Behavior\TokenBuildBehavior [ RunTime:0.000541s ]
INFO: [ view_filter ] --END-- [ RunTime:0.001263s ]

[ 2017-04-10T10:29:44+08:00 ] ::1 /eshop/index.php/Shop/moreList/shopId/3/scat/5/p/2.html
INFO: [ app_begin ] --START--
INFO: Run Behavior\ReadHtmlCacheBehavior [ RunTime:0.000767s ]
INFO: Run Behavior\CronRunBehavior [ RunTime:0.002340s ]
INFO: [ app_begin ] --END-- [ RunTime:0.003775s ]
SQL: SHOW COLUMNS FROM `eshop_shop` [ RunTime:0.0223s ]
SQL: SELECT * FROM `eshop_shop` WHERE `id` = 3 AND `is_exam` = 1 AND `is_forbid` = 0 AND `is_show` = 1 LIMIT 1   [ RunTime:0.0004s ]
SQL: SHOW COLUMNS FROM `eshop_shop_firstmenu` [ RunTime:0.0051s ]
SQL: SELECT `id`,`name` FROM `eshop_shop_firstmenu` WHERE `shopId` = 3 AND `is_show` = 1  [ RunTime:0.0003s ]
SQL: SHOW COLUMNS FROM `eshop_shop_secondmenu` [ RunTime:0.0055s ]
SQL: SELECT `pid`,`id`,`sname` FROM `eshop_shop_secondmenu` WHERE `pid` IN ('1','5') AND `is_show` = 1  [ RunTime:0.0004s ]
SQL: SHOW COLUMNS FROM `eshop_goodnav` [ RunTime:0.0057s ]
SQL: SELECT * FROM eshop_goodnav n INNER JOIN eshop_good as g on n.goodId = g.id  WHERE `shopId` = 3 AND `s_fid` = 5 ORDER BY modify_recenet desc  [ RunTime:0.0007s ]
SQL: SELECT * FROM eshop_goodnav n INNER JOIN eshop_good as g on n.goodId = g.id  WHERE `shopId` = 3 AND `s_fid` = 5 ORDER BY modify_recenet desc LIMIT 4,4   [ RunTime:0.0007s ]
SQL: SELECT * FROM eshop_goodnav n INNER JOIN eshop_good as g on n.goodId = g.id  WHERE `shopId` = 3 AND `is_hot` = 1 ORDER BY modify_recenet desc LIMIT 4   [ RunTime:0.0006s ]
INFO: [ view_parse ] --START--
INFO: [ template_filter ] --START--
INFO: Run Behavior\ContentReplaceBehavior [ RunTime:0.000066s ]
INFO: [ template_filter ] --END-- [ RunTime:0.000147s ]
INFO: Run Behavior\ParseTemplateBehavior [ RunTime:0.009469s ]
INFO: [ view_parse ] --END-- [ RunTime:0.009576s ]
INFO: [ view_filter ] --START--
INFO: Run Behavior\WriteHtmlCacheBehavior [ RunTime:0.000610s ]
INFO: Run Behavior\TokenBuildBehavior [ RunTime:0.000595s ]
INFO: [ view_filter ] --END-- [ RunTime:0.001330s ]

[ 2017-04-10T10:31:06+08:00 ] ::1 /eshop/index.php/Home/Shop/index/shopId/3.html
ERR: Cron:cron Runat 2017-04-10 10:31:06 Use 0.000299 s

[ 2017-04-10T10:33:28+08:00 ] ::1 /eshop/index.php/Home/Shop/index/shopId/3.html
ERR: Cron:cron Runat 2017-04-10 10:33:28 Use 0.000362 s

[ 2017-04-10T10:33:34+08:00 ] ::1 /eshop/index.php/Shop/moreList/shopId/3/scat/5/p/1.html
ERR: Cron:cron Runat 2017-04-10 10:33:34 Use 0.000450 s

[ 2017-04-10T10:34:05+08:00 ] ::1 /eshop/index.php/Shop/moreList/shopId/3/scat/5/p/1.html
ERR: Cron:cron Runat 2017-04-10 10:34:05 Use 0.000373 s

[ 2017-04-10T10:35:56+08:00 ] ::1 /eshop/index.php/Shop/moreList/shopId/3/scat/5/p/1.html
ERR: Cron:cron Runat 2017-04-10 10:35:56 Use 0.000374 s

[ 2017-04-10T10:37:26+08:00 ] ::1 /eshop/index.php/Shop/moreList/shopId/3/scat/5/scat2/18.html
ERR: Cron:cron Runat 2017-04-10 10:37:26 Use 0.000334 s

[ 2017-04-10T10:41:41+08:00 ] ::1 /eshop/index.php/Shop/moreList/shopId/3/scat/5/scat2/18.html
ERR: Cron:cron Runat 2017-04-10 10:41:41 Use 0.000499 s

[ 2017-04-10T10:42:10+08:00 ] ::1 /eshop/index.php/Shop/moreList/shopId/3/scat/5/scat2/18.html
ERR: Cron:cron Runat 2017-04-10 10:42:10 Use 0.000373 s

[ 2017-04-10T10:42:26+08:00 ] ::1 /eshop/index.php/Shop/moreList/shopId/3/scat/5/scat2/13.html
ERR: Cron:cron Runat 2017-04-10 10:42:26 Use 0.000369 s

[ 2017-04-10T10:42:53+08:00 ] ::1 /eshop/index.php/Home/Shop/index/shopId/3.html
ERR: Cron:cron Runat 2017-04-10 10:42:53 Use 0.000613 s

[ 2017-04-10T10:48:29+08:00 ] ::1 /eshop/index.php/Shop/moreList/shopId/3/scat/5/scat2/13.html
ERR: Cron:cron Runat 2017-04-10 10:48:29 Use 0.000302 s

[ 2017-04-10T10:49:05+08:00 ] ::1 /eshop/index.php/Shop/moreList/shopId/3/scat/5/scat2/13.html
ERR: Cron:cron Runat 2017-04-10 10:49:05 Use 0.000312 s

[ 2017-04-10T10:54:04+08:00 ] ::1 /eshop/index.php/Shop/moreList/shopId/3/scat/5/scat2/13.html
ERR: Cron:cron Runat 2017-04-10 10:54:04 Use 0.000307 s

[ 2017-04-10T10:56:29+08:00 ] ::1 /eshop/index.php/Shop/moreList/shopId/3/scat/5/scat2/13.html
ERR: Cron:cron Runat 2017-04-10 10:56:29 Use 0.000287 s

[ 2017-04-10T10:56:40+08:00 ] ::1 /eshop/index.php/Shop/moreList/shopId/3/scat/5/scat2/goodsOrder
ERR: Cron:cron Runat 2017-04-10 10:56:40 Use 0.000453 s

[ 2017-04-10T10:56:40+08:00 ] ::1 /eshop/index.php/Shop/moreList/shopId/3/scat/5/scat2/goodsOrder
INFO: [ app_begin ] --START--
INFO: Run Behavior\ReadHtmlCacheBehavior [ RunTime:0.000808s ]
INFO: Run Behavior\CronRunBehavior [ RunTime:0.005169s ]
INFO: [ app_begin ] --END-- [ RunTime:0.006579s ]
SQL: SHOW COLUMNS FROM `eshop_shop` [ RunTime:0.0053s ]
SQL: SELECT * FROM `eshop_shop` WHERE `id` = 3 AND `is_exam` = 1 AND `is_forbid` = 0 AND `is_show` = 1 LIMIT 1   [ RunTime:0.0004s ]
SQL: SHOW COLUMNS FROM `eshop_shop_firstmenu` [ RunTime:0.0059s ]
SQL: SELECT `id`,`name` FROM `eshop_shop_firstmenu` WHERE `shopId` = 3 AND `is_show` = 1  [ RunTime:0.0005s ]
SQL: SHOW COLUMNS FROM `eshop_shop_secondmenu` [ RunTime:0.0055s ]
SQL: SELECT `pid`,`id`,`sname` FROM `eshop_shop_secondmenu` WHERE `pid` IN ('1','5') AND `is_show` = 1  [ RunTime:0.0004s ]
ERR: 

[ 2017-04-10T10:58:05+08:00 ] ::1 /eshop/index.php/Shop/moreList/shopId/3/scat/5/scat2/13.html
ERR: Cron:cron Runat 2017-04-10 10:58:05 Use 0.000331 s

[ 2017-04-10T10:58:47+08:00 ] ::1 /eshop/index.php/Shop/moreList/shopId/3/scat/5/scat2/13.html
ERR: Cron:cron Runat 2017-04-10 10:58:47 Use 0.000373 s

[ 2017-04-10T10:58:53+08:00 ] ::1 /eshop/index.php/Shop/moreList/shopId/3/scat/5/scat2/13.html
ERR: Cron:cron Runat 2017-04-10 10:58:53 Use 0.000316 s

[ 2017-04-10T10:59:11+08:00 ] ::1 /eshop/index.php/Shop/moreList/shopId/3/scat/5/scat2/13.html
ERR: Cron:cron Runat 2017-04-10 10:59:11 Use 0.000281 s

[ 2017-04-10T10:59:18+08:00 ] ::1 /eshop/index.php/Home/Shop/goodsOrder.html
ERR: Cron:cron Runat 2017-04-10 10:59:18 Use 0.000267 s

[ 2017-04-10T10:59:18+08:00 ] ::1 /eshop/index.php/Home/Shop/goodsOrder.html
INFO: [ app_begin ] --START--
INFO: Run Behavior\ReadHtmlCacheBehavior [ RunTime:0.000944s ]
INFO: Run Behavior\CronRunBehavior [ RunTime:0.004818s ]
INFO: [ app_begin ] --END-- [ RunTime:0.006464s ]
ERR: 

[ 2017-04-10T10:59:43+08:00 ] ::1 /eshop/index.php/Shop/moreList/shopId/3/scat/5/scat2/13.html
ERR: Cron:cron Runat 2017-04-10 10:59:43 Use 0.000350 s

[ 2017-04-10T10:59:46+08:00 ] ::1 /eshop/index.php/Shop/goodsOrder.html
ERR: Cron:cron Runat 2017-04-10 10:59:46 Use 0.000327 s

[ 2017-04-10T10:59:46+08:00 ] ::1 /eshop/index.php/Shop/goodsOrder.html
INFO: [ app_begin ] --START--
INFO: Run Behavior\ReadHtmlCacheBehavior [ RunTime:0.000820s ]
INFO: Run Behavior\CronRunBehavior [ RunTime:0.004979s ]
INFO: [ app_begin ] --END-- [ RunTime:0.006493s ]
ERR: 

[ 2017-04-10T11:00:19+08:00 ] ::1 /eshop/index.php/Shop/moreList/shopId/3/scat/5/scat2/13.html
ERR: Cron:cron Runat 2017-04-10 11:00:19 Use 0.000369 s

[ 2017-04-10T11:00:36+08:00 ] ::1 /eshop/index.php/Shop/goodsOrder.html
ERR: Cron:cron Runat 2017-04-10 11:00:36 Use 0.000493 s

[ 2017-04-10T11:00:36+08:00 ] ::1 /eshop/index.php/Shop/goodsOrder.html
INFO: [ app_begin ] --START--
INFO: Run Behavior\ReadHtmlCacheBehavior [ RunTime:0.001153s ]
INFO: Run Behavior\CronRunBehavior [ RunTime:0.008107s ]
INFO: [ app_begin ] --END-- [ RunTime:0.010218s ]
ERR: 

[ 2017-04-10T11:00:59+08:00 ] ::1 /eshop/index.php/Shop/moreList/shopId/3/scat/5/scat2/13.html
ERR: Cron:cron Runat 2017-04-10 11:00:59 Use 0.000291 s

[ 2017-04-10T11:01:03+08:00 ] ::1 /eshop/index.php/Shop/goodsOrder.html
ERR: Cron:cron Runat 2017-04-10 11:01:03 Use 0.000357 s

[ 2017-04-10T11:01:03+08:00 ] ::1 /eshop/index.php/Shop/goodsOrder.html
INFO: [ app_begin ] --START--
INFO: Run Behavior\ReadHtmlCacheBehavior [ RunTime:0.000789s ]
INFO: Run Behavior\CronRunBehavior [ RunTime:0.004923s ]
INFO: [ app_begin ] --END-- [ RunTime:0.006395s ]
ERR: 

[ 2017-04-10T11:01:47+08:00 ] ::1 /eshop/index.php/Shop/moreList/shopId/3/scat/5/scat2/13.html
ERR: Cron:cron Runat 2017-04-10 11:01:47 Use 0.000347 s

[ 2017-04-10T11:01:50+08:00 ] ::1 /eshop/index.php/Shop/goodsOrder.html
ERR: Cron:cron Runat 2017-04-10 11:01:50 Use 0.000315 s

[ 2017-04-10T11:01:50+08:00 ] ::1 /eshop/index.php/Shop/goodsOrder.html
INFO: [ app_begin ] --START--
INFO: Run Behavior\ReadHtmlCacheBehavior [ RunTime:0.000779s ]
INFO: Run Behavior\CronRunBehavior [ RunTime:0.005041s ]
INFO: [ app_begin ] --END-- [ RunTime:0.006516s ]
ERR: 

[ 2017-04-10T11:02:05+08:00 ] ::1 /eshop/index.php/Shop/moreList/shopId/3/scat/5/scat2/13.html
ERR: Cron:cron Runat 2017-04-10 11:02:05 Use 0.000346 s

[ 2017-04-10T11:02:08+08:00 ] ::1 /eshop/index.php/Shop/goodsOrder.html
ERR: Cron:cron Runat 2017-04-10 11:02:08 Use 0.000386 s

[ 2017-04-10T11:02:08+08:00 ] ::1 /eshop/index.php/Shop/goodsOrder.html
INFO: [ app_begin ] --START--
INFO: Run Behavior\ReadHtmlCacheBehavior [ RunTime:0.000797s ]
INFO: Run Behavior\CronRunBehavior [ RunTime:0.005398s ]
INFO: [ app_begin ] --END-- [ RunTime:0.006866s ]
ERR: 

[ 2017-04-10T11:03:16+08:00 ] ::1 /eshop/index.php/Shop/moreList/shopId/3/scat/5/scat2/13.html
ERR: Cron:cron Runat 2017-04-10 11:03:16 Use 0.000358 s

[ 2017-04-10T11:03:19+08:00 ] ::1 /eshop/index.php/Shop/moreList/shopId/3/scat/5/scat2/13.html
ERR: Cron:cron Runat 2017-04-10 11:03:19 Use 0.000308 s

[ 2017-04-10T11:03:23+08:00 ] ::1 /eshop/index.php/Shop/goodsOrder.html
ERR: Cron:cron Runat 2017-04-10 11:03:23 Use 0.000296 s

[ 2017-04-10T11:03:23+08:00 ] ::1 /eshop/index.php/Shop/goodsOrder.html
INFO: [ app_begin ] --START--
INFO: Run Behavior\ReadHtmlCacheBehavior [ RunTime:0.000799s ]
INFO: Run Behavior\CronRunBehavior [ RunTime:0.004427s ]
INFO: [ app_begin ] --END-- [ RunTime:0.005912s ]
ERR: 

[ 2017-04-10T11:03:27+08:00 ] ::1 /eshop/index.php/Shop/goodsOrder.html
ERR: Cron:cron Runat 2017-04-10 11:03:27 Use 0.000431 s

[ 2017-04-10T11:03:27+08:00 ] ::1 /eshop/index.php/Shop/goodsOrder.html
INFO: [ app_begin ] --START--
INFO: Run Behavior\ReadHtmlCacheBehavior [ RunTime:0.000758s ]
INFO: Run Behavior\CronRunBehavior [ RunTime:0.005095s ]
INFO: [ app_begin ] --END-- [ RunTime:0.006497s ]
ERR: 

[ 2017-04-10T11:04:08+08:00 ] ::1 /eshop/index.php/Shop/moreList/shopId/3/scat/5/scat2/13.html
ERR: Cron:cron Runat 2017-04-10 11:04:08 Use 0.000303 s

[ 2017-04-10T11:04:11+08:00 ] ::1 /eshop/index.php/Shop/goodsOrder.html
ERR: Cron:cron Runat 2017-04-10 11:04:11 Use 0.000333 s

[ 2017-04-10T11:04:11+08:00 ] ::1 /eshop/index.php/Shop/goodsOrder.html
INFO: [ app_begin ] --START--
INFO: Run Behavior\ReadHtmlCacheBehavior [ RunTime:0.000781s ]
INFO: Run Behavior\CronRunBehavior [ RunTime:0.005420s ]
INFO: [ app_begin ] --END-- [ RunTime:0.006894s ]
ERR: 

[ 2017-04-10T11:07:25+08:00 ] ::1 /eshop/index.php/Shop/moreList/shopId/3/scat/5/scat2/13.html
ERR: Cron:cron Runat 2017-04-10 11:07:25 Use 0.000433 s

[ 2017-04-10T11:07:29+08:00 ] ::1 /eshop/index.php/Shop/goodsOrder.html
ERR: Cron:cron Runat 2017-04-10 11:07:29 Use 0.000296 s

[ 2017-04-10T11:07:29+08:00 ] ::1 /eshop/index.php/Shop/goodsOrder.html
INFO: [ app_begin ] --START--
INFO: Run Behavior\ReadHtmlCacheBehavior [ RunTime:0.000865s ]
INFO: Run Behavior\CronRunBehavior [ RunTime:0.004563s ]
INFO: [ app_begin ] --END-- [ RunTime:0.006277s ]
ERR: 

[ 2017-04-10T11:08:52+08:00 ] ::1 /eshop/index.php/Shop/goodsOrder.html
ERR: Cron:cron Runat 2017-04-10 11:08:52 Use 0.000362 s

[ 2017-04-10T11:08:52+08:00 ] ::1 /eshop/index.php/Shop/goodsOrder.html
INFO: [ app_begin ] --START--
INFO: Run Behavior\ReadHtmlCacheBehavior [ RunTime:0.000823s ]
INFO: Run Behavior\CronRunBehavior [ RunTime:0.004861s ]
INFO: [ app_begin ] --END-- [ RunTime:0.006448s ]
ERR: 

[ 2017-04-10T11:09:19+08:00 ] ::1 /eshop/index.php/Home/Shop/goodsOrder.html
ERR: Cron:cron Runat 2017-04-10 11:09:19 Use 0.000342 s

[ 2017-04-10T11:09:19+08:00 ] ::1 /eshop/index.php/Home/Shop/goodsOrder.html
INFO: [ app_begin ] --START--
INFO: Run Behavior\ReadHtmlCacheBehavior [ RunTime:0.000807s ]
INFO: Run Behavior\CronRunBehavior [ RunTime:0.004802s ]
INFO: [ app_begin ] --END-- [ RunTime:0.006321s ]
ERR: 

[ 2017-04-10T11:10:26+08:00 ] ::1 /eshop/index.php/Shop/moreList/shopId/3/scat/5/scat2/13.html
ERR: Cron:cron Runat 2017-04-10 11:10:26 Use 0.000288 s

[ 2017-04-10T11:10:58+08:00 ] ::1 /eshop/index.php/Shop/moreList/shopId/3/scat/5/scat2/18.html
ERR: Cron:cron Runat 2017-04-10 11:10:58 Use 0.000468 s

[ 2017-04-10T11:11:05+08:00 ] ::1 /eshop/index.php/Shop/goodsOrder.html
ERR: Cron:cron Runat 2017-04-10 11:11:05 Use 0.000335 s

[ 2017-04-10T11:11:05+08:00 ] ::1 /eshop/index.php/Shop/goodsOrder.html
INFO: [ app_begin ] --START--
INFO: Run Behavior\ReadHtmlCacheBehavior [ RunTime:0.000781s ]
INFO: Run Behavior\CronRunBehavior [ RunTime:0.004442s ]
INFO: [ app_begin ] --END-- [ RunTime:0.005831s ]
ERR: 

[ 2017-04-10T11:11:09+08:00 ] ::1 /eshop/index.php/Shop/goodsOrder.html
ERR: Cron:cron Runat 2017-04-10 11:11:09 Use 0.000285 s

[ 2017-04-10T11:11:09+08:00 ] ::1 /eshop/index.php/Shop/goodsOrder.html
INFO: [ app_begin ] --START--
INFO: Run Behavior\ReadHtmlCacheBehavior [ RunTime:0.000815s ]
INFO: Run Behavior\CronRunBehavior [ RunTime:0.004377s ]
INFO: [ app_begin ] --END-- [ RunTime:0.005811s ]
ERR: 

[ 2017-04-10T11:11:14+08:00 ] ::1 /eshop/index.php/Shop/moreList/shopId/3/scat/5/scat2/13.html
ERR: Cron:cron Runat 2017-04-10 11:11:14 Use 0.000287 s

[ 2017-04-10T11:11:17+08:00 ] ::1 /eshop/index.php/Shop/goodsOrder.html
ERR: Cron:cron Runat 2017-04-10 11:11:17 Use 0.000311 s

[ 2017-04-10T11:11:17+08:00 ] ::1 /eshop/index.php/Shop/goodsOrder.html
INFO: [ app_begin ] --START--
INFO: Run Behavior\ReadHtmlCacheBehavior [ RunTime:0.000756s ]
INFO: Run Behavior\CronRunBehavior [ RunTime:0.004530s ]
INFO: [ app_begin ] --END-- [ RunTime:0.005927s ]
ERR: 

[ 2017-04-10T11:11:57+08:00 ] ::1 /eshop/index.php/Shop/goodsOrder.html
ERR: Cron:cron Runat 2017-04-10 11:11:57 Use 0.000343 s

[ 2017-04-10T11:11:57+08:00 ] ::1 /eshop/index.php/Shop/goodsOrder.html
INFO: [ app_begin ] --START--
INFO: Run Behavior\ReadHtmlCacheBehavior [ RunTime:0.000813s ]
INFO: Run Behavior\CronRunBehavior [ RunTime:0.004518s ]
INFO: [ app_begin ] --END-- [ RunTime:0.006400s ]
ERR: 

[ 2017-04-10T11:12:20+08:00 ] ::1 /eshop/index.php/Shop/goodsOrder.html
ERR: Cron:cron Runat 2017-04-10 11:12:20 Use 0.000292 s

[ 2017-04-10T11:12:20+08:00 ] ::1 /eshop/index.php/Shop/goodsOrder.html
INFO: [ app_begin ] --START--
INFO: Run Behavior\ReadHtmlCacheBehavior [ RunTime:0.000759s ]
INFO: Run Behavior\CronRunBehavior [ RunTime:0.004556s ]
INFO: [ app_begin ] --END-- [ RunTime:0.005951s ]
SQL: SHOW COLUMNS FROM `eshop_shop` [ RunTime:0.0070s ]
SQL: SELECT * FROM `eshop_shop` WHERE `id` = 0 AND `is_exam` = 1 AND `is_forbid` = 0 AND `is_show` = 1 LIMIT 1   [ RunTime:0.0005s ]
SQL: SHOW COLUMNS FROM `eshop_shop_firstmenu` [ RunTime:0.0065s ]
SQL: SELECT `id`,`name` FROM `eshop_shop_firstmenu` WHERE `shopId` = 0 AND `is_show` = 1  [ RunTime:0.0004s ]
INFO: [ app_end ] --START--
INFO: Run Behavior\ShowPageTraceBehavior [ RunTime:0.000943s ]
INFO: [ app_end ] --END-- [ RunTime:0.001034s ]

[ 2017-04-10T11:13:54+08:00 ] ::1 /eshop/index.php/Shop/moreList/shopId/3/scat/5/scat2/13.html
ERR: Cron:cron Runat 2017-04-10 11:13:54 Use 0.000319 s

[ 2017-04-10T11:14:13+08:00 ] ::1 /eshop/index.php/Shop/moreList/shopId/3/scat/5/scat2/13.html
ERR: Cron:cron Runat 2017-04-10 11:14:13 Use 0.000331 s

[ 2017-04-10T11:14:24+08:00 ] ::1 /eshop/index.php/Shop/moreList/shopId/3/scat/5/scat2/13.html
ERR: Cron:cron Runat 2017-04-10 11:14:24 Use 0.000481 s

[ 2017-04-10T11:14:29+08:00 ] ::1 /eshop/index.php/Shop/goodsOrder/shopId/3.html
ERR: Cron:cron Runat 2017-04-10 11:14:29 Use 0.000316 s

[ 2017-04-10T11:14:29+08:00 ] ::1 /eshop/index.php/Shop/goodsOrder/shopId/3.html
INFO: [ app_begin ] --START--
INFO: Run Behavior\ReadHtmlCacheBehavior [ RunTime:0.000774s ]
INFO: Run Behavior\CronRunBehavior [ RunTime:0.004721s ]
INFO: [ app_begin ] --END-- [ RunTime:0.006188s ]
SQL: SHOW COLUMNS FROM `eshop_shop` [ RunTime:0.0055s ]
SQL: SELECT * FROM `eshop_shop` WHERE `id` = 3 AND `is_exam` = 1 AND `is_forbid` = 0 AND `is_show` = 1 LIMIT 1   [ RunTime:0.0005s ]
SQL: SHOW COLUMNS FROM `eshop_shop_firstmenu` [ RunTime:0.0052s ]
SQL: SELECT `id`,`name` FROM `eshop_shop_firstmenu` WHERE `shopId` = 3 AND `is_show` = 1  [ RunTime:0.0004s ]
SQL: SHOW COLUMNS FROM `eshop_shop_secondmenu` [ RunTime:0.0054s ]
SQL: SELECT `pid`,`id`,`sname` FROM `eshop_shop_secondmenu` WHERE `pid` IN ('1','5') AND `is_show` = 1  [ RunTime:0.0004s ]
INFO: [ app_end ] --START--
INFO: Run Behavior\ShowPageTraceBehavior [ RunTime:0.001004s ]
INFO: [ app_end ] --END-- [ RunTime:0.001103s ]

[ 2017-04-10T11:16:06+08:00 ] ::1 /eshop/index.php/Shop/moreList/shopId/3/scat/5/scat2/13.html
ERR: Cron:cron Runat 2017-04-10 11:16:06 Use 0.000298 s

[ 2017-04-10T11:17:38+08:00 ] ::1 /eshop/index.php/Shop/moreList/shopId/3/scat/5/scat2/13.html
ERR: Cron:cron Runat 2017-04-10 11:17:38 Use 0.000328 s

[ 2017-04-10T11:17:48+08:00 ] ::1 /eshop/index.php/Home/Shop/index/shopId/3.html
ERR: Cron:cron Runat 2017-04-10 11:17:48 Use 0.000419 s

[ 2017-04-10T11:17:52+08:00 ] ::1 /eshop/index.php/Home/Shop/index/shopId/3.html
ERR: Cron:cron Runat 2017-04-10 11:17:52 Use 0.000352 s

[ 2017-04-10T11:17:55+08:00 ] ::1 /eshop/index.php/Shop/moreList/shopId/3/scat/5.html
ERR: Cron:cron Runat 2017-04-10 11:17:55 Use 0.000311 s

[ 2017-04-10T11:17:58+08:00 ] ::1 /eshop/index.php/Shop/goodsOrder/shopId/3.html
ERR: Cron:cron Runat 2017-04-10 11:17:58 Use 0.000386 s

[ 2017-04-10T11:17:58+08:00 ] ::1 /eshop/index.php/Shop/goodsOrder/shopId/3.html
INFO: [ app_begin ] --START--
INFO: Run Behavior\ReadHtmlCacheBehavior [ RunTime:0.000716s ]
INFO: Run Behavior\CronRunBehavior [ RunTime:0.004523s ]
INFO: [ app_begin ] --END-- [ RunTime:0.005894s ]
SQL: SHOW COLUMNS FROM `eshop_shop` [ RunTime:0.0056s ]
SQL: SELECT * FROM `eshop_shop` WHERE `id` = 3 AND `is_exam` = 1 AND `is_forbid` = 0 AND `is_show` = 1 LIMIT 1   [ RunTime:0.0004s ]
SQL: SHOW COLUMNS FROM `eshop_shop_firstmenu` [ RunTime:0.0051s ]
SQL: SELECT `id`,`name` FROM `eshop_shop_firstmenu` WHERE `shopId` = 3 AND `is_show` = 1  [ RunTime:0.0003s ]
SQL: SHOW COLUMNS FROM `eshop_shop_secondmenu` [ RunTime:0.0053s ]
SQL: SELECT `pid`,`id`,`sname` FROM `eshop_shop_secondmenu` WHERE `pid` IN ('1','5') AND `is_show` = 1  [ RunTime:0.0004s ]
INFO: [ app_end ] --START--
INFO: Run Behavior\ShowPageTraceBehavior [ RunTime:0.000944s ]
INFO: [ app_end ] --END-- [ RunTime:0.001027s ]

[ 2017-04-10T11:18:06+08:00 ] ::1 /eshop/index.php/Shop/goodsOrder/shopId/3.html
ERR: Cron:cron Runat 2017-04-10 11:18:06 Use 0.000356 s

[ 2017-04-10T11:18:06+08:00 ] ::1 /eshop/index.php/Shop/goodsOrder/shopId/3.html
INFO: [ app_begin ] --START--
INFO: Run Behavior\ReadHtmlCacheBehavior [ RunTime:0.000832s ]
INFO: Run Behavior\CronRunBehavior [ RunTime:0.004680s ]
INFO: [ app_begin ] --END-- [ RunTime:0.006153s ]
SQL: SHOW COLUMNS FROM `eshop_shop` [ RunTime:0.0056s ]
SQL: SELECT * FROM `eshop_shop` WHERE `id` = 3 AND `is_exam` = 1 AND `is_forbid` = 0 AND `is_show` = 1 LIMIT 1   [ RunTime:0.0004s ]
SQL: SHOW COLUMNS FROM `eshop_shop_firstmenu` [ RunTime:0.0071s ]
SQL: SELECT `id`,`name` FROM `eshop_shop_firstmenu` WHERE `shopId` = 3 AND `is_show` = 1  [ RunTime:0.0004s ]
SQL: SHOW COLUMNS FROM `eshop_shop_secondmenu` [ RunTime:0.0056s ]
SQL: SELECT `pid`,`id`,`sname` FROM `eshop_shop_secondmenu` WHERE `pid` IN ('1','5') AND `is_show` = 1  [ RunTime:0.0004s ]
INFO: [ app_end ] --START--
INFO: Run Behavior\ShowPageTraceBehavior [ RunTime:0.000900s ]
INFO: [ app_end ] --END-- [ RunTime:0.000991s ]

[ 2017-04-10T11:18:28+08:00 ] ::1 /eshop/index.php/Shop/goodsOrder/shopId/3.html
ERR: Cron:cron Runat 2017-04-10 11:18:28 Use 0.000351 s

[ 2017-04-10T11:18:28+08:00 ] ::1 /eshop/index.php/Shop/goodsOrder/shopId/3.html
INFO: [ app_begin ] --START--
INFO: Run Behavior\ReadHtmlCacheBehavior [ RunTime:0.000788s ]
INFO: Run Behavior\CronRunBehavior [ RunTime:0.004555s ]
INFO: [ app_begin ] --END-- [ RunTime:0.006057s ]
SQL: SHOW COLUMNS FROM `eshop_shop` [ RunTime:0.0082s ]
SQL: SELECT * FROM `eshop_shop` WHERE `id` = 3 AND `is_exam` = 1 AND `is_forbid` = 0 AND `is_show` = 1 LIMIT 1   [ RunTime:0.0004s ]
SQL: SHOW COLUMNS FROM `eshop_shop_firstmenu` [ RunTime:0.0053s ]
SQL: SELECT `id`,`name` FROM `eshop_shop_firstmenu` WHERE `shopId` = 3 AND `is_show` = 1  [ RunTime:0.0004s ]
SQL: SHOW COLUMNS FROM `eshop_shop_secondmenu` [ RunTime:0.0068s ]
SQL: SELECT `pid`,`id`,`sname` FROM `eshop_shop_secondmenu` WHERE `pid` IN ('1','5') AND `is_show` = 1  [ RunTime:0.0004s ]
INFO: [ app_end ] --START--
INFO: Run Behavior\ShowPageTraceBehavior [ RunTime:0.000948s ]
INFO: [ app_end ] --END-- [ RunTime:0.001051s ]

[ 2017-04-10T11:19:45+08:00 ] ::1 /eshop/index.php/Shop/goodsOrder/shopId/3.html
ERR: Cron:cron Runat 2017-04-10 11:19:45 Use 0.000338 s

[ 2017-04-10T11:19:45+08:00 ] ::1 /eshop/index.php/Shop/goodsOrder/shopId/3.html
INFO: [ app_begin ] --START--
INFO: Run Behavior\ReadHtmlCacheBehavior [ RunTime:0.000713s ]
INFO: Run Behavior\CronRunBehavior [ RunTime:0.004057s ]
INFO: [ app_begin ] --END-- [ RunTime:0.005427s ]
SQL: SHOW COLUMNS FROM `eshop_shop` [ RunTime:0.0053s ]
SQL: SELECT * FROM `eshop_shop` WHERE `id` = 3 AND `is_exam` = 1 AND `is_forbid` = 0 AND `is_show` = 1 LIMIT 1   [ RunTime:0.0004s ]
SQL: SHOW COLUMNS FROM `eshop_shop_firstmenu` [ RunTime:0.0051s ]
SQL: SELECT `id`,`name` FROM `eshop_shop_firstmenu` WHERE `shopId` = 3 AND `is_show` = 1  [ RunTime:0.0004s ]
SQL: SHOW COLUMNS FROM `eshop_shop_secondmenu` [ RunTime:0.0048s ]
SQL: SELECT `pid`,`id`,`sname` FROM `eshop_shop_secondmenu` WHERE `pid` IN ('1','5') AND `is_show` = 1  [ RunTime:0.0004s ]
INFO: [ app_end ] --START--
INFO: Run Behavior\ShowPageTraceBehavior [ RunTime:0.001056s ]
INFO: [ app_end ] --END-- [ RunTime:0.001160s ]

[ 2017-04-10T11:25:52+08:00 ] ::1 /eshop/index.php/Shop/moreList/shopId/3/scat/5.html
ERR: Cron:cron Runat 2017-04-10 11:25:52 Use 0.000284 s

[ 2017-04-10T11:29:59+08:00 ] ::1 /eshop/index.php/Shop/goodsOrder/shopId/3.html
ERR: Cron:cron Runat 2017-04-10 11:29:59 Use 0.000387 s

[ 2017-04-10T11:29:59+08:00 ] ::1 /eshop/index.php/Shop/goodsOrder/shopId/3.html
INFO: [ app_begin ] --START--
INFO: Run Behavior\ReadHtmlCacheBehavior [ RunTime:0.000819s ]
INFO: Run Behavior\CronRunBehavior [ RunTime:0.004995s ]
INFO: [ app_begin ] --END-- [ RunTime:0.006528s ]
SQL: SHOW COLUMNS FROM `eshop_shop` [ RunTime:0.0244s ]
SQL: SELECT * FROM `eshop_shop` WHERE `id` = 3 AND `is_exam` = 1 AND `is_forbid` = 0 AND `is_show` = 1 LIMIT 1   [ RunTime:0.0004s ]
SQL: SHOW COLUMNS FROM `eshop_shop_firstmenu` [ RunTime:0.0055s ]
SQL: SELECT `id`,`name` FROM `eshop_shop_firstmenu` WHERE `shopId` = 3 AND `is_show` = 1  [ RunTime:0.0004s ]
SQL: SHOW COLUMNS FROM `eshop_shop_secondmenu` [ RunTime:0.0062s ]
SQL: SELECT `pid`,`id`,`sname` FROM `eshop_shop_secondmenu` WHERE `pid` IN ('1','5') AND `is_show` = 1  [ RunTime:0.0004s ]
INFO: [ app_end ] --START--
INFO: Run Behavior\ShowPageTraceBehavior [ RunTime:0.001051s ]
INFO: [ app_end ] --END-- [ RunTime:0.001138s ]

[ 2017-04-10T18:24:36+08:00 ] ::1 /eshop/index.php/Shop/moreList/shopId/3/scat/5.html
ERR: Cron:cron Runat 2017-04-10 18:24:36 Use 0.000550 s

[ 2017-04-10T18:25:25+08:00 ] ::1 /eshop/index.php/Shop/goodsOrder/shopId/3.html
ERR: Cron:cron Runat 2017-04-10 18:25:25 Use 0.000503 s

[ 2017-04-10T18:25:25+08:00 ] ::1 /eshop/index.php/Shop/goodsOrder/shopId/3.html
INFO: [ app_begin ] --START--
INFO: Run Behavior\ReadHtmlCacheBehavior [ RunTime:0.001707s ]
INFO: Run Behavior\CronRunBehavior [ RunTime:0.009201s ]
INFO: [ app_begin ] --END-- [ RunTime:0.012010s ]
SQL: SHOW COLUMNS FROM `eshop_shop` [ RunTime:0.0103s ]
SQL: SELECT * FROM `eshop_shop` WHERE `id` = 3 AND `is_exam` = 1 AND `is_forbid` = 0 AND `is_show` = 1 LIMIT 1   [ RunTime:0.0006s ]
SQL: SHOW COLUMNS FROM `eshop_shop_firstmenu` [ RunTime:0.0105s ]
SQL: SELECT `id`,`name` FROM `eshop_shop_firstmenu` WHERE `shopId` = 3 AND `is_show` = 1  [ RunTime:0.0006s ]
SQL: SHOW COLUMNS FROM `eshop_shop_secondmenu` [ RunTime:0.0086s ]
SQL: SELECT `pid`,`id`,`sname` FROM `eshop_shop_secondmenu` WHERE `pid` IN ('1','5') AND `is_show` = 1  [ RunTime:0.0006s ]
INFO: [ app_end ] --START--
INFO: Run Behavior\ShowPageTraceBehavior [ RunTime:0.001491s ]
INFO: [ app_end ] --END-- [ RunTime:0.001644s ]

[ 2017-04-10T18:26:28+08:00 ] ::1 /eshop/index.php/Home/Shop/index/shopId/3.html
ERR: Cron:cron Runat 2017-04-10 18:26:28 Use 0.000554 s

[ 2017-04-10T18:30:45+08:00 ] ::1 /eshop/index.php/Shop/moreList/shopId/3/scat/5.html
ERR: Cron:cron Runat 2017-04-10 18:30:45 Use 0.000651 s

[ 2017-04-10T18:31:55+08:00 ] ::1 /eshop/index.php/Shop/moreList/shopId/3/scat/5.html
ERR: Cron:cron Runat 2017-04-10 18:31:55 Use 0.000502 s

[ 2017-04-10T18:32:29+08:00 ] ::1 /eshop/index.php/Shop/moreList/shopId/3/scat/5.html
ERR: Cron:cron Runat 2017-04-10 18:32:29 Use 0.000475 s

[ 2017-04-10T18:34:34+08:00 ] ::1 /eshop/index.php/Shop/moreList/shopId/3/scat/5.html
ERR: Cron:cron Runat 2017-04-10 18:34:34 Use 0.000438 s

[ 2017-04-10T18:35:12+08:00 ] ::1 /eshop/index.php/Shop/moreList/shopId/3/scat/5.html
ERR: Cron:cron Runat 2017-04-10 18:35:12 Use 0.000636 s

[ 2017-04-10T18:37:47+08:00 ] ::1 /eshop/index.php/Shop/moreList/shopId/3/scat/5.html
ERR: Cron:cron Runat 2017-04-10 18:37:47 Use 0.000536 s

[ 2017-04-10T18:41:11+08:00 ] ::1 /eshop/index.php/Shop/moreList/shopId/3/scat/5.html
ERR: Cron:cron Runat 2017-04-10 18:41:10 Use 0.000717 s

[ 2017-04-10T18:41:15+08:00 ] ::1 /eshop/index.php/Shop/goodsOrder/shopId/3.html
ERR: Cron:cron Runat 2017-04-10 18:41:15 Use 0.004953 s

[ 2017-04-10T18:41:15+08:00 ] ::1 /eshop/index.php/Shop/goodsOrder/shopId/3.html
INFO: [ app_begin ] --START--
INFO: Run Behavior\ReadHtmlCacheBehavior [ RunTime:0.003245s ]
INFO: Run Behavior\CronRunBehavior [ RunTime:0.018864s ]
INFO: [ app_begin ] --END-- [ RunTime:0.024172s ]
SQL: SHOW COLUMNS FROM `eshop_shop` [ RunTime:0.0116s ]
SQL: SELECT * FROM `eshop_shop` WHERE `id` = 3 AND `is_exam` = 1 AND `is_forbid` = 0 AND `is_show` = 1 LIMIT 1   [ RunTime:0.0009s ]
SQL: SHOW COLUMNS FROM `eshop_shop_firstmenu` [ RunTime:0.0102s ]
SQL: SELECT `id`,`name` FROM `eshop_shop_firstmenu` WHERE `shopId` = 3 AND `is_show` = 1  [ RunTime:0.0011s ]
SQL: SHOW COLUMNS FROM `eshop_shop_secondmenu` [ RunTime:0.0119s ]
SQL: SELECT `pid`,`id`,`sname` FROM `eshop_shop_secondmenu` WHERE `pid` IN ('1','5') AND `is_show` = 1  [ RunTime:0.0008s ]
INFO: [ app_end ] --START--
INFO: Run Behavior\ShowPageTraceBehavior [ RunTime:0.002742s ]
INFO: [ app_end ] --END-- [ RunTime:0.003072s ]

[ 2017-04-10T18:43:07+08:00 ] ::1 /eshop/index.php/Shop/moreList/shopId/3/scat/5.html
ERR: Cron:cron Runat 2017-04-10 18:43:07 Use 0.000462 s

[ 2017-04-10T18:43:10+08:00 ] ::1 /eshop/index.php/Shop/goodsOrder/shopId/3.html
ERR: Cron:cron Runat 2017-04-10 18:43:10 Use 0.000529 s

[ 2017-04-10T18:43:11+08:00 ] ::1 /eshop/index.php/Shop/goodsOrder/shopId/3.html
INFO: [ app_begin ] --START--
INFO: Run Behavior\ReadHtmlCacheBehavior [ RunTime:0.001394s ]
INFO: Run Behavior\CronRunBehavior [ RunTime:0.010200s ]
INFO: [ app_begin ] --END-- [ RunTime:0.012746s ]
SQL: SHOW COLUMNS FROM `eshop_shop` [ RunTime:0.0110s ]
SQL: SELECT * FROM `eshop_shop` WHERE `id` = 3 AND `is_exam` = 1 AND `is_forbid` = 0 AND `is_show` = 1 LIMIT 1   [ RunTime:0.0008s ]
SQL: SHOW COLUMNS FROM `eshop_shop_firstmenu` [ RunTime:0.0108s ]
SQL: SELECT `id`,`name` FROM `eshop_shop_firstmenu` WHERE `shopId` = 3 AND `is_show` = 1  [ RunTime:0.0007s ]
SQL: SHOW COLUMNS FROM `eshop_shop_secondmenu` [ RunTime:0.0108s ]
SQL: SELECT `pid`,`id`,`sname` FROM `eshop_shop_secondmenu` WHERE `pid` IN ('1','5') AND `is_show` = 1  [ RunTime:0.0006s ]
INFO: [ app_end ] --START--
INFO: Run Behavior\ShowPageTraceBehavior [ RunTime:0.002172s ]
INFO: [ app_end ] --END-- [ RunTime:0.002417s ]

[ 2017-04-10T18:53:26+08:00 ] ::1 /eshop/index.php/Shop/moreList/shopId/3/scat/5.html
ERR: Cron:cron Runat 2017-04-10 18:53:26 Use 0.000549 s

[ 2017-04-10T18:53:40+08:00 ] ::1 /eshop/index.php/Shop/moreList/shopId/3/scat/5.html
ERR: Cron:cron Runat 2017-04-10 18:53:40 Use 0.000612 s

[ 2017-04-10T18:53:45+08:00 ] ::1 /eshop/index.php/Shop/goodsOrder/shopId/3.html
ERR: Cron:cron Runat 2017-04-10 18:53:45 Use 0.000548 s

[ 2017-04-10T18:53:45+08:00 ] ::1 /eshop/index.php/Shop/goodsOrder/shopId/3.html
INFO: [ app_begin ] --START--
INFO: Run Behavior\ReadHtmlCacheBehavior [ RunTime:0.001279s ]
INFO: Run Behavior\CronRunBehavior [ RunTime:0.007981s ]
INFO: [ app_begin ] --END-- [ RunTime:0.010440s ]
SQL: SHOW COLUMNS FROM `eshop_shop` [ RunTime:0.0097s ]
SQL: SELECT * FROM `eshop_shop` WHERE `id` = 3 AND `is_exam` = 1 AND `is_forbid` = 0 AND `is_show` = 1 LIMIT 1   [ RunTime:0.0008s ]
SQL: SHOW COLUMNS FROM `eshop_shop_firstmenu` [ RunTime:0.0108s ]
SQL: SELECT `id`,`name` FROM `eshop_shop_firstmenu` WHERE `shopId` = 3 AND `is_show` = 1  [ RunTime:0.0008s ]
SQL: SHOW COLUMNS FROM `eshop_shop_secondmenu` [ RunTime:0.0131s ]
SQL: SELECT `pid`,`id`,`sname` FROM `eshop_shop_secondmenu` WHERE `pid` IN ('1','5') AND `is_show` = 1  [ RunTime:0.0011s ]

[ 2017-04-10T18:54:18+08:00 ] ::1 /eshop/index.php/Shop/moreList/shopId/3/scat/5.html
ERR: Cron:cron Runat 2017-04-10 18:54:18 Use 0.000631 s

[ 2017-04-10T18:54:31+08:00 ] ::1 /eshop/index.php/Shop/moreList/shopId/3/scat/5.html
ERR: Cron:cron Runat 2017-04-10 18:54:31 Use 0.000541 s

[ 2017-04-10T18:55:27+08:00 ] ::1 /eshop/index.php/Shop/moreList/shopId/3/scat/5.html
ERR: Cron:cron Runat 2017-04-10 18:55:27 Use 0.000815 s

[ 2017-04-10T18:55:34+08:00 ] ::1 /eshop/index.php/Shop/goodsOrder/shopId/3.html
ERR: Cron:cron Runat 2017-04-10 18:55:34 Use 0.000487 s

[ 2017-04-10T18:55:34+08:00 ] ::1 /eshop/index.php/Shop/goodsOrder/shopId/3.html
INFO: [ app_begin ] --START--
INFO: Run Behavior\ReadHtmlCacheBehavior [ RunTime:0.001241s ]
INFO: Run Behavior\CronRunBehavior [ RunTime:0.006666s ]
INFO: [ app_begin ] --END-- [ RunTime:0.008943s ]
SQL: SHOW COLUMNS FROM `eshop_shop` [ RunTime:0.0095s ]
SQL: SELECT * FROM `eshop_shop` WHERE `id` = 3 AND `is_exam` = 1 AND `is_forbid` = 0 AND `is_show` = 1 LIMIT 1   [ RunTime:0.0007s ]
SQL: SHOW COLUMNS FROM `eshop_shop_firstmenu` [ RunTime:0.0086s ]
SQL: SELECT `id`,`name` FROM `eshop_shop_firstmenu` WHERE `shopId` = 3 AND `is_show` = 1  [ RunTime:0.0005s ]
SQL: SHOW COLUMNS FROM `eshop_shop_secondmenu` [ RunTime:0.0105s ]
SQL: SELECT `pid`,`id`,`sname` FROM `eshop_shop_secondmenu` WHERE `pid` IN ('1','5') AND `is_show` = 1  [ RunTime:0.0008s ]

[ 2017-04-10T19:04:05+08:00 ] ::1 /eshop/index.php/Home/Shop/index/shopId/3.html
ERR: Cron:cron Runat 2017-04-10 19:04:05 Use 0.000848 s

[ 2017-04-10T19:04:17+08:00 ] ::1 /eshop/index.php/Home/Shop/index/shopId/3.html
ERR: Cron:cron Runat 2017-04-10 19:04:17 Use 0.000477 s

[ 2017-04-10T19:04:17+08:00 ] ::1 /eshop/index.php/Home/Shop/index/shopId/3.html
ERR: 1054:Unknown column 'order' in 'order clause'
 [ SQL ] : SELECT * FROM eshop_goodnav n INNER JOIN eshop_good as g on n.goodId = g.id  WHERE `shopId` = 3 ORDER BY `order`,`modify_recenet` desc 

[ 2017-04-10T19:04:58+08:00 ] ::1 /eshop/index.php/Home/Shop/index/shopId/3.html
ERR: Cron:cron Runat 2017-04-10 19:04:58 Use 0.000495 s

