[ 2016-12-31T09:30:11+08:00 ] ::1 /eshop/Public/Common/Css/imges/mf_bg.jpg
ERR: 无法加载模块:Public

[ 2016-12-31T09:30:17+08:00 ] ::1 /eshop/more_info.html
ERR: 无法加载模块:More_info

[ 2016-12-31T09:30:19+08:00 ] ::1 /eshop/Public/Common/Css/imges/mf_bg.jpg
ERR: 无法加载模块:Public

[ 2016-12-31T09:30:57+08:00 ] ::1 /eshop/Public/Common/Css/imges/mf_bg.jpg
ERR: 无法加载模块:Public

[ 2016-12-31T12:22:25+08:00 ] ::1 /eshop/Public/Home/imges/icon_collection.png
ERR: 无法加载模块:Public

[ 2016-12-31T12:22:54+08:00 ] ::1 /eshop/Public/Home/imges/icon_collection.png
ERR: 无法加载模块:Public

[ 2016-12-31T12:23:48+08:00 ] ::1 /eshop/Public/Home/imges/icon_collection.png
ERR: 无法加载模块:Public

[ 2016-12-31T12:25:37+08:00 ] ::1 /eshop/Public/Home/imges/icon_collection.png
ERR: 无法加载模块:Public

[ 2016-12-31T12:30:55+08:00 ] ::1 /eshop/Public/Home/GoodImage/sp-loading.gif
ERR: 无法加载模块:Public

[ 2016-12-31T12:30:55+08:00 ] ::1 /eshop/Public/Home/GoodImage/sp-loading.gif
ERR: 无法加载模块:Public

[ 2016-12-31T12:30:55+08:00 ] ::1 /eshop/Public/Home/imges/icon_collection.png
ERR: 无法加载模块:Public

[ 2016-12-31T12:32:30+08:00 ] ::1 /eshop/Public/Home/GoodImage/sp-loading.gif
ERR: 无法加载模块:Public

[ 2016-12-31T12:32:31+08:00 ] ::1 /eshop/Public/Home/GoodImage/sp-loading.gif
ERR: 无法加载模块:Public

[ 2016-12-31T12:32:31+08:00 ] ::1 /eshop/Public/Home/imges/icon_collection.png
ERR: 无法加载模块:Public

[ 2016-12-31T12:33:28+08:00 ] ::1 /eshop/Public/Home/GoodImage/sp-loading.gif
ERR: 无法加载模块:Public

[ 2016-12-31T12:33:28+08:00 ] ::1 /eshop/Public/Home/GoodImage/sp-loading.gif
ERR: 无法加载模块:Public

[ 2016-12-31T12:33:28+08:00 ] ::1 /eshop/Public/Home/imges/icon_collection.png
ERR: 无法加载模块:Public

[ 2016-12-31T12:35:25+08:00 ] ::1 /eshop/Public/Home/GoodImage/sp-loading.gif
ERR: 无法加载模块:Public

[ 2016-12-31T12:35:25+08:00 ] ::1 /eshop/Public/Home/GoodImage/sp-loading.gif
ERR: 无法加载模块:Public

[ 2016-12-31T12:35:25+08:00 ] ::1 /eshop/Public/Home/imges/icon_collection.png
ERR: 无法加载模块:Public

[ 2016-12-31T12:36:40+08:00 ] ::1 /eshop/Public/Home/GoodImage/sp-loading.gif
ERR: 无法加载模块:Public

[ 2016-12-31T12:36:40+08:00 ] ::1 /eshop/Public/Home/GoodImage/sp-loading.gif
ERR: 无法加载模块:Public

[ 2016-12-31T12:36:41+08:00 ] ::1 /eshop/Public/Home/imges/icon_collection.png
ERR: 无法加载模块:Public

[ 2016-12-31T12:38:10+08:00 ] ::1 /eshop/Public/Home/GoodImage/sp-loading.gif
ERR: 无法加载模块:Public

[ 2016-12-31T12:38:10+08:00 ] ::1 /eshop/Public/Home/GoodImage/sp-loading.gif
ERR: 无法加载模块:Public

[ 2016-12-31T12:38:10+08:00 ] ::1 /eshop/Public/Home/imges/icon_collection.png
ERR: 无法加载模块:Public

[ 2016-12-31T12:38:50+08:00 ] ::1 /eshop/Public/Home/GoodImage/sp-loading.gif
ERR: 无法加载模块:Public

[ 2016-12-31T12:38:51+08:00 ] ::1 /eshop/Public/Home/GoodImage/sp-loading.gif
ERR: 无法加载模块:Public

[ 2016-12-31T12:38:51+08:00 ] ::1 /eshop/Public/Home/imges/icon_collection.png
ERR: 无法加载模块:Public

[ 2016-12-31T12:38:52+08:00 ] ::1 /eshop/Public/Home/GoodImage/sp-loading.gif
ERR: 无法加载模块:Public

[ 2016-12-31T12:38:53+08:00 ] ::1 /eshop/Public/Home/GoodImage/sp-loading.gif
ERR: 无法加载模块:Public

[ 2016-12-31T12:38:53+08:00 ] ::1 /eshop/Public/Home/imges/icon_collection.png
ERR: 无法加载模块:Public

[ 2016-12-31T12:39:08+08:00 ] ::1 /eshop/Public/Home/imges/icon_collection.png
ERR: 无法加载模块:Public

[ 2016-12-31T12:39:18+08:00 ] ::1 /eshop/Public/Home/GoodImage/sp-loading.gif
ERR: 无法加载模块:Public

[ 2016-12-31T12:40:04+08:00 ] ::1 /eshop/Public/Home/GoodImage/sp-loading.gif
ERR: 无法加载模块:Public

[ 2016-12-31T12:40:04+08:00 ] ::1 /eshop/Public/Home/GoodImage/sp-loading.gif
ERR: 无法加载模块:Public

[ 2016-12-31T12:40:04+08:00 ] ::1 /eshop/Public/Home/imges/icon_collection.png
ERR: 无法加载模块:Public

[ 2016-12-31T12:40:20+08:00 ] ::1 /eshop/Public/Home/GoodImage/sp-loading.gif
ERR: 无法加载模块:Public

[ 2016-12-31T12:40:21+08:00 ] ::1 /eshop/Public/Home/GoodImage/sp-loading.gif
ERR: 无法加载模块:Public

[ 2016-12-31T12:40:21+08:00 ] ::1 /eshop/Public/Home/imges/icon_collection.png
ERR: 无法加载模块:Public

[ 2016-12-31T12:40:34+08:00 ] ::1 /eshop/Public/Home/GoodImage/sp-loading.gif
ERR: 无法加载模块:Public

[ 2016-12-31T12:40:34+08:00 ] ::1 /eshop/Public/Home/GoodImage/sp-loading.gif
ERR: 无法加载模块:Public

[ 2016-12-31T12:40:34+08:00 ] ::1 /eshop/Public/Home/imges/icon_collection.png
ERR: 无法加载模块:Public

[ 2016-12-31T12:40:40+08:00 ] ::1 /eshop/Public/Home/imges/icon_collection.png
ERR: 无法加载模块:Public

[ 2016-12-31T12:40:48+08:00 ] ::1 /eshop/Public/Home/GoodImage/sp-loading.gif
ERR: 无法加载模块:Public

[ 2016-12-31T12:42:34+08:00 ] ::1 /eshop/Public/Home/GoodImage/sp-loading.gif
ERR: 无法加载模块:Public

[ 2016-12-31T12:42:35+08:00 ] ::1 /eshop/Public/Home/GoodImage/sp-loading.gif
ERR: 无法加载模块:Public

[ 2016-12-31T12:42:35+08:00 ] ::1 /eshop/Public/Home/imges/icon_collection.png
ERR: 无法加载模块:Public

[ 2016-12-31T12:42:55+08:00 ] ::1 /eshop/Public/Common/Css/imges/mf_bg.jpg
ERR: 无法加载模块:Public

[ 2016-12-31T12:44:27+08:00 ] ::1 /eshop/Public/Home/GoodImage/sp-loading.gif
ERR: 无法加载模块:Public

[ 2016-12-31T12:44:27+08:00 ] ::1 /eshop/Public/Home/GoodImage/sp-loading.gif
ERR: 无法加载模块:Public

[ 2016-12-31T12:44:50+08:00 ] ::1 /eshop/Public/Home/GoodImage/sp-loading.gif
ERR: 无法加载模块:Public

[ 2016-12-31T12:46:38+08:00 ] ::1 /eshop/Public/Home/GoodImage/sp-loading.gif
ERR: 无法加载模块:Public

[ 2016-12-31T12:46:38+08:00 ] ::1 /eshop/Public/Home/GoodImage/sp-loading.gif
ERR: 无法加载模块:Public

[ 2016-12-31T16:31:44+08:00 ] ::1 /eshop/Public/Common/Css/imges/mf_bg.jpg
ERR: 无法加载模块:Public

[ 2016-12-31T22:13:39+08:00 ] ::1 /eshop/Public/Common/Css/imges/mf_bg.jpg
ERR: 无法加载模块:Public

[ 2016-12-31T22:17:05+08:00 ] ::1 /eshop/Public/Common/Css/imges/mf_bg.jpg
ERR: 无法加载模块:Public

