[ 2016-12-24T12:05:30+08:00 ] ::1 /eshop/Public/Common/Css/imges/mf_bg.jpg
ERR: 无法加载模块:Public

[ 2016-12-24T12:32:02+08:00 ] ::1 /eshop/Public/Common/Css/imges/mf_bg.jpg
ERR: 无法加载模块:Public

[ 2016-12-24T12:36:32+08:00 ] ::1 /eshop/Public/Common/Css/imges/mf_bg.jpg
ERR: 无法加载模块:Public

[ 2016-12-24T12:47:40+08:00 ] ::1 /eshop/Public/Common/Css/imges/mf_bg.jpg
ERR: 无法加载模块:Public

[ 2016-12-24T12:57:40+08:00 ] ::1 /eshop/PublicHome/ShopImage/renzheng.png
ERR: 无法加载模块:PublicHome

[ 2016-12-24T12:57:40+08:00 ] ::1 /eshop/PublicHome/ShopImage/qitian.png
ERR: 无法加载模块:PublicHome

[ 2016-12-24T12:57:40+08:00 ] ::1 /eshop/PublicHome/ShopImage/shop_logo.jpg
ERR: 无法加载模块:PublicHome

[ 2016-12-24T12:57:40+08:00 ] ::1 /eshop/PublicHome/ShopImage/qq.gif
ERR: 无法加载模块:PublicHome

[ 2016-12-24T12:57:43+08:00 ] ::1 /eshop/PublicHome/ShopImage/shop_logo.jpg
ERR: 无法加载模块:PublicHome

[ 2016-12-24T12:57:43+08:00 ] ::1 /eshop/PublicHome/ShopImage/renzheng.png
ERR: 无法加载模块:PublicHome

[ 2016-12-24T12:57:43+08:00 ] ::1 /eshop/PublicHome/ShopImage/qitian.png
ERR: 无法加载模块:PublicHome

[ 2016-12-24T12:57:43+08:00 ] ::1 /eshop/PublicHome/ShopImage/qq.gif
ERR: 无法加载模块:PublicHome

[ 2016-12-24T12:58:17+08:00 ] ::1 /eshop/Public/Home/ShopImage/shop_logo.jpg
ERR: 无法加载模块:Public

[ 2016-12-24T12:58:31+08:00 ] ::1 /eshop/Public/Home/ShopImage/shop_logo.jpg
ERR: 无法加载模块:Public

[ 2016-12-24T12:58:32+08:00 ] ::1 /eshop/Public/Home/ShopImage/shop_logo.jpg
ERR: 无法加载模块:Public

[ 2016-12-24T12:58:33+08:00 ] ::1 /eshop/Public/Home/ShopImage/shop_logo.jpg
ERR: 无法加载模块:Public

[ 2016-12-24T13:15:13+08:00 ] ::1 /eshop/Public/Common/Css/imges/mf_bg.jpg
ERR: 无法加载模块:Public

[ 2016-12-24T13:24:41+08:00 ] ::1 /eshop/Public/Common/Css/imges/mf_bg.jpg
ERR: 无法加载模块:Public

[ 2016-12-24T13:54:48+08:00 ] ::1 /eshop/Public/Common/Css/imges/mf_bg.jpg
ERR: 无法加载模块:Public

[ 2016-12-24T14:36:34+08:00 ] ::1 /eshop/Public/Common/Home/Css/smain.css
ERR: 无法加载模块:Public

[ 2016-12-24T14:37:51+08:00 ] ::1 /eshop/Public/Common/Home/Css/smain.css
ERR: 无法加载模块:Public

[ 2016-12-24T14:37:51+08:00 ] ::1 /eshop/Public/Common/Js/mf-pattern/mF_fancy.css
ERR: 无法加载模块:Public

[ 2016-12-24T14:37:51+08:00 ] ::1 /eshop/Public/Common/Js/mf-pattern/mF_fancy.js
ERR: 无法加载模块:Public

[ 2016-12-24T14:38:07+08:00 ] ::1 /eshop/Public/Common/Home/Css/smain.css
ERR: 无法加载模块:Public

[ 2016-12-24T14:38:07+08:00 ] ::1 /eshop/Public/Common/Js/mf-pattern/mF_fancy.js
ERR: 无法加载模块:Public

[ 2016-12-24T14:38:07+08:00 ] ::1 /eshop/Public/Common/Js/mf-pattern/mF_fancy.css
ERR: 无法加载模块:Public

[ 2016-12-24T14:40:21+08:00 ] ::1 /eshop/Public/Common/Home/Css/smain.css
ERR: 无法加载模块:Public

[ 2016-12-24T14:40:21+08:00 ] ::1 /eshop/Public/Common/Js/mf-pattern/mF_fancy.css
ERR: 无法加载模块:Public

[ 2016-12-24T14:40:21+08:00 ] ::1 /eshop/Public/Common/Js/mf-pattern/mF_fancy.js
ERR: 无法加载模块:Public

[ 2016-12-24T14:40:36+08:00 ] ::1 /eshop/Public/Common/Home/Css/smain.css
ERR: 无法加载模块:Public

[ 2016-12-24T14:40:36+08:00 ] ::1 /eshop/Public/Common/Js/mf-pattern/mF_fancy.js
ERR: 无法加载模块:Public

[ 2016-12-24T14:40:36+08:00 ] ::1 /eshop/Public/Common/Js/mf-pattern/mF_fancy.css
ERR: 无法加载模块:Public

[ 2016-12-24T14:42:55+08:00 ] ::1 /eshop/Public/Common/Home/Css/smain.css
ERR: 无法加载模块:Public

[ 2016-12-24T14:42:56+08:00 ] ::1 /eshop/Public/Common/Js/mf-pattern/mF_fancy.js
ERR: 无法加载模块:Public

[ 2016-12-24T14:42:56+08:00 ] ::1 /eshop/Public/Common/Js/mf-pattern/mF_fancy.css
ERR: 无法加载模块:Public

[ 2016-12-24T14:44:12+08:00 ] ::1 /eshop/Public/Common/Home/Css/smain.css
ERR: 无法加载模块:Public

[ 2016-12-24T14:44:13+08:00 ] ::1 /eshop/Public/Common/Js/mf-pattern/mF_fancy.css
ERR: 无法加载模块:Public

[ 2016-12-24T14:44:13+08:00 ] ::1 /eshop/Public/Common/Js/mf-pattern/mF_fancy.js
ERR: 无法加载模块:Public

[ 2016-12-24T14:48:15+08:00 ] ::1 /eshop/Public/Common/Js/mf-pattern/mF_fancy.js
ERR: 无法加载模块:Public

[ 2016-12-24T14:48:15+08:00 ] ::1 /eshop/Public/Common/Js/mf-pattern/mF_fancy.css
ERR: 无法加载模块:Public

[ 2016-12-24T14:49:35+08:00 ] ::1 /eshop/Public/Common/Js/mf-pattern/mF_fancy.js
ERR: 无法加载模块:Public

[ 2016-12-24T14:49:35+08:00 ] ::1 /eshop/Public/Common/Js/mf-pattern/mF_fancy.css
ERR: 无法加载模块:Public

[ 2016-12-24T14:53:12+08:00 ] ::1 /eshop/Public/Common/Css/imges/mf_bg.jpg
ERR: 无法加载模块:Public

[ 2016-12-24T14:54:20+08:00 ] ::1 /eshop/Public/Common/Js/mf-pattern/mF_fancy.js
ERR: 无法加载模块:Public

[ 2016-12-24T14:54:20+08:00 ] ::1 /eshop/Public/Common/Js/mf-pattern/mF_fancy.css
ERR: 无法加载模块:Public

[ 2016-12-24T14:55:47+08:00 ] ::1 /eshop/Public/Common/Css/imges/mf_bg.jpg
ERR: 无法加载模块:Public

[ 2016-12-24T15:02:46+08:00 ] ::1 /eshop/Public/Common/Css/imges/mf_bg.jpg
ERR: 无法加载模块:Public

[ 2016-12-24T15:02:50+08:00 ] ::1 /eshop/Public/Common/Css/imges/mf_bg.jpg
ERR: 无法加载模块:Public

[ 2016-12-24T15:05:59+08:00 ] ::1 /eshop/Public/Common/Css/imges/mf_bg.jpg
ERR: 无法加载模块:Public

[ 2016-12-24T15:27:54+08:00 ] ::1 /eshop/Public/Common/Css/imges/mf_bg.jpg
ERR: 无法加载模块:Public

[ 2016-12-24T15:28:39+08:00 ] ::1 /eshop/Public/Common/Css/imges/mf_bg.jpg
ERR: 无法加载模块:Public

