[ 2016-12-16T09:35:20+08:00 ] ::1 /eshop/Public/Home/Image/Verify.png
ERR: 无法加载模块:Public

[ 2016-12-16T09:35:20+08:00 ] ::1 /eshop/Public/Home/imges/img_logintitle.png
ERR: 无法加载模块:Public

[ 2016-12-16T11:40:43+08:00 ] ::1 /eshop/Public/Home/Image/Verify.png
ERR: 无法加载模块:Public

[ 2016-12-16T11:40:43+08:00 ] ::1 /eshop/Public/Home/imges/img_logintitle.png
ERR: 无法加载模块:Public

[ 2016-12-16T11:42:03+08:00 ] ::1 /eshop/Public/Home/Image/Verify.png
ERR: 无法加载模块:Public

[ 2016-12-16T11:42:03+08:00 ] ::1 /eshop/Public/Home/imges/img_logintitle.png
ERR: 无法加载模块:Public

[ 2016-12-16T11:44:08+08:00 ] ::1 /eshop/Public/Home/imges/img_logintitle.png
ERR: 无法加载模块:Public

[ 2016-12-16T11:44:50+08:00 ] ::1 /eshop/Public/Home/imges/img_logintitle.png
ERR: 无法加载模块:Public

[ 2016-12-16T11:45:09+08:00 ] ::1 /eshop/Public/Home/imges/img_logintitle.png
ERR: 无法加载模块:Public

[ 2016-12-16T11:46:06+08:00 ] ::1 /eshop/Public/Home/imges/img_logintitle.png
ERR: 无法加载模块:Public

[ 2016-12-16T11:46:09+08:00 ] ::1 /eshop/Public/Home/imges/img_logintitle.png
ERR: 无法加载模块:Public

[ 2016-12-16T11:46:13+08:00 ] ::1 /eshop/Public/Home/imges/img_logintitle.png
ERR: 无法加载模块:Public

[ 2016-12-16T11:46:22+08:00 ] ::1 /eshop/Public/Home/imges/img_logintitle.png
ERR: 无法加载模块:Public

[ 2016-12-16T11:49:31+08:00 ] ::1 /eshop/Public/Home/imges/img_logintitle.png
ERR: 无法加载模块:Public

[ 2016-12-16T11:49:48+08:00 ] ::1 /eshop/Public/Home/imges/img_logintitle.png
ERR: 无法加载模块:Public

[ 2016-12-16T11:50:14+08:00 ] ::1 /eshop/Public/Home/imges/img_logintitle.png
ERR: 无法加载模块:Public

[ 2016-12-16T11:50:37+08:00 ] ::1 /eshop/Public/Home/imges/img_logintitle.png
ERR: 无法加载模块:Public

[ 2016-12-16T11:51:35+08:00 ] ::1 /eshop/Public/Home/imges/img_logintitle.png
ERR: 无法加载模块:Public

[ 2016-12-16T11:55:14+08:00 ] ::1 /eshop/Public/Home/imges/img_logintitle.png
ERR: 无法加载模块:Public

[ 2016-12-16T11:56:39+08:00 ] ::1 /eshop/Public/Home/imges/img_logintitle.png
ERR: 无法加载模块:Public

[ 2016-12-16T11:57:35+08:00 ] ::1 /eshop/Public/Home/imges/img_logintitle.png
ERR: 无法加载模块:Public

[ 2016-12-16T11:59:01+08:00 ] ::1 /eshop/Public/Home/imges/img_logintitle.png
ERR: 无法加载模块:Public

[ 2016-12-16T12:00:17+08:00 ] ::1 /eshop/Public/Home/imges/img_logintitle.png
ERR: 无法加载模块:Public

[ 2016-12-16T14:09:15+08:00 ] ::1 /eshop/Public/Home/Common/Css/imges/mf_bg.jpg
ERR: 无法加载模块:Public

[ 2016-12-16T14:11:27+08:00 ] ::1 /eshop/Public/Home/Common/Css/imges/mf_bg.jpg
ERR: 无法加载模块:Public

[ 2016-12-16T14:15:17+08:00 ] ::1 /eshop/Public/Home/Common/Css/imges/mf_bg.jpg
ERR: 无法加载模块:Public

[ 2016-12-16T14:25:57+08:00 ] ::1 /eshop/Public/Home/Common/Css/imges/mf_bg.jpg
ERR: 无法加载模块:Public

[ 2016-12-16T14:26:20+08:00 ] ::1 /eshop/Public/Home/Common/Css/imges/mf_bg.jpg
ERR: 无法加载模块:Public

[ 2016-12-16T14:26:22+08:00 ] ::1 /eshop/Public/Home/Common/Css/imges/mf_bg.jpg
ERR: 无法加载模块:Public

[ 2016-12-16T14:26:28+08:00 ] ::1 /eshop/Public/Home/Common/Css/imges/mf_bg.jpg
ERR: 无法加载模块:Public

[ 2016-12-16T14:26:55+08:00 ] ::1 /eshop/Public/Home/Common/Css/imges/mf_bg.jpg
ERR: 无法加载模块:Public

[ 2016-12-16T14:27:05+08:00 ] ::1 /eshop/Public/Home/Common/Css/imges/mf_bg.jpg
ERR: 无法加载模块:Public

[ 2016-12-16T14:27:08+08:00 ] ::1 /eshop/Public/Home/Common/Css/imges/mf_bg.jpg
ERR: 无法加载模块:Public

[ 2016-12-16T14:27:45+08:00 ] ::1 /eshop/Public/Home/Common/Css/imges/mf_bg.jpg
ERR: 无法加载模块:Public

[ 2016-12-16T14:27:46+08:00 ] ::1 /eshop/Public/Home/Common/Css/imges/mf_bg.jpg
ERR: 无法加载模块:Public

[ 2016-12-16T14:28:52+08:00 ] ::1 /eshop/Public/Home/Common/Css/imges/mf_bg.jpg
ERR: 无法加载模块:Public

[ 2016-12-16T14:29:18+08:00 ] ::1 /eshop/Public/Home/Common/Css/imges/mf_bg.jpg
ERR: 无法加载模块:Public

[ 2016-12-16T14:29:20+08:00 ] ::1 /eshop/Public/Home/Common/Css/imges/mf_bg.jpg
ERR: 无法加载模块:Public

[ 2016-12-16T14:30:37+08:00 ] ::1 /eshop/Public/Home/Common/Css/imges/mf_bg.jpg
ERR: 无法加载模块:Public

[ 2016-12-16T14:31:40+08:00 ] ::1 /eshop/Public/Home/Common/Css/imges/mf_bg.jpg
ERR: 无法加载模块:Public

[ 2016-12-16T14:35:12+08:00 ] ::1 /eshop/Public/Home/Common/Css/imges/mf_bg.jpg
ERR: 无法加载模块:Public

[ 2016-12-16T14:35:27+08:00 ] ::1 /eshop/Public/Home/Common/Css/imges/mf_bg.jpg
ERR: 无法加载模块:Public

[ 2016-12-16T14:35:47+08:00 ] ::1 /eshop/Public/Home/Common/Css/imges/mf_bg.jpg
ERR: 无法加载模块:Public

[ 2016-12-16T17:43:34+08:00 ] ::1 /eshop/Public/Home/Common/Css/imges/mf_bg.jpg
ERR: 无法加载模块:Public

[ 2016-12-16T17:44:25+08:00 ] ::1 /eshop/Public/Home/Common/Css/imges/mf_bg.jpg
ERR: 无法加载模块:Public

[ 2016-12-16T17:45:52+08:00 ] ::1 /eshop/Public/Home/Common/Css/imges/mf_bg.jpg
ERR: 无法加载模块:Public

[ 2016-12-16T17:46:01+08:00 ] ::1 /eshop/ucenter_orders.html
ERR: 无法加载模块:Ucenter_orders

[ 2016-12-16T17:46:03+08:00 ] ::1 /eshop/Public/Home/Common/Css/imges/mf_bg.jpg
ERR: 无法加载模块:Public

[ 2016-12-16T17:46:05+08:00 ] ::1 /eshop/ucenter_collection.html
ERR: 无法加载模块:Ucenter_collection

[ 2016-12-16T17:46:07+08:00 ] ::1 /eshop/Public/Home/Common/Css/imges/mf_bg.jpg
ERR: 无法加载模块:Public

[ 2016-12-16T17:46:09+08:00 ] ::1 /eshop/shoper_login.html
ERR: 无法加载模块:Shoper_login

[ 2016-12-16T17:46:11+08:00 ] ::1 /eshop/Public/Home/Common/Css/imges/mf_bg.jpg
ERR: 无法加载模块:Public

[ 2016-12-16T17:55:57+08:00 ] ::1 /eshop/Public/Home/Common/Css/imges/mf_bg.jpg
ERR: 无法加载模块:Public

[ 2016-12-16T17:55:59+08:00 ] ::1 /eshop/Public/Home/Common/Css/imges/mf_bg.jpg
ERR: 无法加载模块:Public

[ 2016-12-16T17:58:57+08:00 ] ::1 /eshop/Public/Home/Common/Css/imges/mf_bg.jpg
ERR: 无法加载模块:Public

[ 2016-12-16T17:59:36+08:00 ] ::1 /eshop/Public/Home/Common/Css/imges/mf_bg.jpg
ERR: 无法加载模块:Public

[ 2016-12-16T18:00:25+08:00 ] ::1 /eshop/Public/Home/Common/Css/imges/mf_bg.jpg
ERR: 无法加载模块:Public

[ 2016-12-16T18:00:26+08:00 ] ::1 /eshop/Public/Home/Common/Css/imges/mf_bg.jpg
ERR: 无法加载模块:Public

[ 2016-12-16T18:31:10+08:00 ] ::1 /eshop/Public/Home/Common/Css/imges/mf_bg.jpg
ERR: 无法加载模块:Public

[ 2016-12-16T18:32:30+08:00 ] ::1 /eshop/Public/Home/Common/Css/imges/mf_bg.jpg
ERR: 无法加载模块:Public

[ 2016-12-16T18:32:58+08:00 ] ::1 /eshop/Public/Home/Common/Css/imges/mf_bg.jpg
ERR: 无法加载模块:Public

[ 2016-12-16T18:33:06+08:00 ] ::1 /eshop/Public/Home/Common/Css/imges/mf_bg.jpg
ERR: 无法加载模块:Public

[ 2016-12-16T18:37:33+08:00 ] ::1 /eshop/Public/Home/Common/Css/imges/mf_bg.jpg
ERR: 无法加载模块:Public

[ 2016-12-16T18:38:53+08:00 ] ::1 /eshop/Public/Home/Common/Css/imges/mf_bg.jpg
ERR: 无法加载模块:Public

[ 2016-12-16T18:45:08+08:00 ] ::1 /eshop/Public/Home/Common/Css/imges/mf_bg.jpg
ERR: 无法加载模块:Public

[ 2016-12-16T18:48:33+08:00 ] ::1 /eshop/Public/Home/Common/Css/imges/mf_bg.jpg
ERR: 无法加载模块:Public

[ 2016-12-16T18:50:04+08:00 ] ::1 /eshop/Public/Home/Common/Css/imges/mf_bg.jpg
ERR: 无法加载模块:Public

[ 2016-12-16T18:50:18+08:00 ] ::1 /eshop/Public/Home/Common/Css/imges/mf_bg.jpg
ERR: 无法加载模块:Public

[ 2016-12-16T18:51:32+08:00 ] ::1 /eshop/Public/Home/Common/Css/imges/mf_bg.jpg
ERR: 无法加载模块:Public

[ 2016-12-16T18:52:35+08:00 ] ::1 /eshop/Public/Home/Common/Css/imges/mf_bg.jpg
ERR: 无法加载模块:Public

[ 2016-12-16T18:52:39+08:00 ] ::1 /eshop/Public/Home/Common/Css/imges/mf_bg.jpg
ERR: 无法加载模块:Public

[ 2016-12-16T18:54:36+08:00 ] ::1 /eshop/Public/Home/Common/Css/imges/mf_bg.jpg
ERR: 无法加载模块:Public

[ 2016-12-16T19:02:59+08:00 ] ::1 /eshop/Public/Home/Common/Css/imges/mf_bg.jpg
ERR: 无法加载模块:Public

[ 2016-12-16T19:03:05+08:00 ] ::1 /eshop/Public/Home/Common/Css/imges/mf_bg.jpg
ERR: 无法加载模块:Public

[ 2016-12-16T19:26:46+08:00 ] ::1 /eshop/Public/Home/Common/Css/imges/mf_bg.jpg
ERR: 无法加载模块:Public

[ 2016-12-16T19:33:52+08:00 ] ::1 /eshop/Public/Home/Common/Css/imges/mf_bg.jpg
ERR: 无法加载模块:Public

[ 2016-12-16T20:17:34+08:00 ] ::1 /eshop/Public/Home/Common/Css/imges/mf_bg.jpg
ERR: 无法加载模块:Public

[ 2016-12-16T20:17:50+08:00 ] ::1 /eshop/Public/Home/Common/Css/imges/mf_bg.jpg
ERR: 无法加载模块:Public

[ 2016-12-16T20:18:30+08:00 ] ::1 /eshop/Public/Home/Common/Css/imges/mf_bg.jpg
ERR: 无法加载模块:Public

[ 2016-12-16T20:21:30+08:00 ] ::1 /eshop/Public/Home/Common/Css/imges/mf_bg.jpg
ERR: 无法加载模块:Public

[ 2016-12-16T20:23:08+08:00 ] ::1 /eshop/Public/Home/Common/Css/imges/mf_bg.jpg
ERR: 无法加载模块:Public

[ 2016-12-16T20:23:19+08:00 ] ::1 /eshop/Public/Home/Common/Css/imges/mf_bg.jpg
ERR: 无法加载模块:Public

[ 2016-12-16T20:23:22+08:00 ] ::1 /eshop/Public/Home/Common/Css/imges/mf_bg.jpg
ERR: 无法加载模块:Public

[ 2016-12-16T20:23:49+08:00 ] ::1 /eshop/Public/Home/Common/Css/imges/mf_bg.jpg
ERR: 无法加载模块:Public

[ 2016-12-16T20:24:03+08:00 ] ::1 /eshop/Public/Home/Common/Css/imges/mf_bg.jpg
ERR: 无法加载模块:Public

[ 2016-12-16T20:24:14+08:00 ] ::1 /eshop/Public/Home/Common/Css/imges/mf_bg.jpg
ERR: 无法加载模块:Public

[ 2016-12-16T20:25:19+08:00 ] ::1 /eshop/Public/Home/Common/Css/imges/mf_bg.jpg
ERR: 无法加载模块:Public

[ 2016-12-16T21:06:21+08:00 ] ::1 /eshop/Public/Home/Common/Css/imges/mf_bg.jpg
ERR: 无法加载模块:Public

[ 2016-12-16T21:18:31+08:00 ] ::1 /eshop/Public/Home/Common/Css/imges/mf_bg.jpg
ERR: 无法加载模块:Public

[ 2016-12-16T21:35:46+08:00 ] ::1 /eshop/index.php/Common/
ERR: 无法加载模块:Common

[ 2016-12-16T21:36:03+08:00 ] ::1 /eshop/index.php/Index/
ERR: 无法加载模块:Index

[ 2016-12-16T21:36:11+08:00 ] ::1 /eshop/index.php/Index/index
ERR: 无法加载模块:Index

[ 2016-12-16T21:39:07+08:00 ] ::1 /eshop/index.php/Index/index
ERR: 无法加载模块:Index

[ 2016-12-16T21:39:08+08:00 ] ::1 /eshop/index.php/Index/index
ERR: 无法加载模块:Index

[ 2016-12-16T21:39:09+08:00 ] ::1 /eshop/index.php/Index/index
ERR: 无法加载模块:Index

[ 2016-12-16T21:41:03+08:00 ] ::1 /eshop/index.php/Index/index
ERR: 无法加载模块:Index

[ 2016-12-16T21:41:03+08:00 ] ::1 /eshop/index.php/Index/index
ERR: 无法加载模块:Index

[ 2016-12-16T21:41:04+08:00 ] ::1 /eshop/index.php/Index/index
ERR: 无法加载模块:Index

[ 2016-12-16T21:41:05+08:00 ] ::1 /eshop/index.php/Index/index
ERR: 无法加载模块:Index

[ 2016-12-16T21:42:17+08:00 ] ::1 /eshop/index.php/Index/index
ERR: 无法加载模块:Index

[ 2016-12-16T21:52:10+08:00 ] ::1 /eshop/index.php/Index/index
ERR: 无法加载模块:Index

[ 2016-12-16T21:52:11+08:00 ] ::1 /eshop/index.php/Index/index
ERR: 无法加载模块:Index

[ 2016-12-16T22:18:50+08:00 ] ::1 /eshop/Public/Home/Common/Css/imges/mf_bg.jpg
ERR: 无法加载模块:Public

[ 2016-12-16T22:19:07+08:00 ] ::1 /eshop/Public/Home/Common/Css/imges/mf_bg.jpg
ERR: 无法加载模块:Public

[ 2016-12-16T22:19:32+08:00 ] ::1 /eshop/Public/Home/Common/Css/imges/mf_bg.jpg
ERR: 无法加载模块:Public

[ 2016-12-16T22:44:23+08:00 ] ::1 /eshop/Public/Home/Common/Css/imges/mf_bg.jpg
ERR: 无法加载模块:Public

[ 2016-12-16T22:45:38+08:00 ] ::1 /eshop/Public/Home/Common/Css/imges/mf_bg.jpg
ERR: 无法加载模块:Public

[ 2016-12-16T23:10:30+08:00 ] ::1 /eshop/Public/Home/Common/Css/imges/mf_bg.jpg
ERR: 无法加载模块:Public

[ 2016-12-16T23:13:12+08:00 ] ::1 /eshop/Public/Home/Common/Css/imges/mf_bg.jpg
ERR: 无法加载模块:Public

[ 2016-12-16T23:13:35+08:00 ] ::1 /eshop/Public/Home/Common/Css/imges/mf_bg.jpg
ERR: 无法加载模块:Public

